Position	Percent G+C 1 .. 207997
125	0.040
175	0.032
225	0.060
275	0.072
325	0.100
375	0.132
425	0.148
475	0.140
525	0.144
575	0.152
625	0.128
675	0.124
725	0.128
775	0.124
825	0.104
875	0.104
925	0.108
975	0.108
1025	0.120
1075	0.156
1125	0.200
1175	0.232
1225	0.224
1275	0.244
1325	0.232
1375	0.260
1425	0.280
1475	0.292
1525	0.284
1575	0.272
1625	0.212
1675	0.200
1725	0.192
1775	0.188
1825	0.192
1875	0.212
1925	0.188
1975	0.196
2025	0.188
2075	0.184
2125	0.176
2175	0.180
2225	0.180
2275	0.168
2325	0.172
2375	0.176
2425	0.172
2475	0.188
2525	0.196
2575	0.196
2625	0.180
2675	0.176
2725	0.176
2775	0.184
2825	0.180
2875	0.180
2925	0.176
2975	0.168
3025	0.164
3075	0.168
3125	0.184
3175	0.172
3225	0.168
3275	0.180
3325	0.184
3375	0.172
3425	0.192
3475	0.180
3525	0.172
3575	0.156
3625	0.156
3675	0.164
3725	0.168
3775	0.168
3825	0.196
3875	0.204
3925	0.188
3975	0.192
4025	0.188
4075	0.180
4125	0.172
4175	0.180
4225	0.188
4275	0.176
4325	0.176
4375	0.192
4425	0.192
4475	0.196
4525	0.208
4575	0.196
4625	0.188
4675	0.184
4725	0.192
4775	0.200
4825	0.196
4875	0.180
4925	0.176
4975	0.144
5025	0.108
5075	0.092
5125	0.084
5175	0.080
5225	0.084
5275	0.116
5325	0.180
5375	0.204
5425	0.216
5475	0.228
5525	0.260
5575	0.204
5625	0.208
5675	0.204
5725	0.212
5775	0.176
5825	0.224
5875	0.232
5925	0.248
5975	0.224
6025	0.264
6075	0.288
6125	0.340
6175	0.388
6225	0.468
6275	0.496
6325	0.512
6375	0.512
6425	0.500
6475	0.516
6525	0.516
6575	0.504
6625	0.504
6675	0.504
6725	0.488
6775	0.496
6825	0.508
6875	0.516
6925	0.556
6975	0.576
7025	0.572
7075	0.568
7125	0.556
7175	0.544
7225	0.524
7275	0.504
7325	0.516
7375	0.528
7425	0.532
7475	0.520
7525	0.564
7575	0.536
7625	0.520
7675	0.500
7725	0.508
7775	0.452
7825	0.488
7875	0.480
7925	0.492
7975	0.472
8025	0.464
8075	0.448
8125	0.472
8175	0.452
8225	0.480
8275	0.508
8325	0.504
8375	0.484
8425	0.488
8475	0.484
8525	0.476
8575	0.468
8625	0.428
8675	0.412
8725	0.352
8775	0.344
8825	0.336
8875	0.368
8925	0.376
8975	0.460
9025	0.492
9075	0.520
9125	0.548
9175	0.576
9225	0.560
9275	0.532
9325	0.552
9375	0.532
9425	0.540
9475	0.540
9525	0.560
9575	0.540
9625	0.556
9675	0.540
9725	0.560
9775	0.544
9825	0.540
9875	0.540
9925	0.552
9975	0.528
10025	0.540
10075	0.544
10125	0.540
10175	0.520
10225	0.544
10275	0.556
10325	0.548
10375	0.544
10425	0.536
10475	0.504
10525	0.496
10575	0.488
10625	0.484
10675	0.496
10725	0.500
10775	0.496
10825	0.496
10875	0.520
10925	0.520
10975	0.528
11025	0.520
11075	0.516
11125	0.484
11175	0.468
11225	0.444
11275	0.456
11325	0.452
11375	0.468
11425	0.488
11475	0.540
11525	0.524
11575	0.532
11625	0.528
11675	0.528
11725	0.504
11775	0.516
11825	0.524
11875	0.540
11925	0.552
11975	0.556
12025	0.568
12075	0.556
12125	0.544
12175	0.548
12225	0.536
12275	0.544
12325	0.564
12375	0.568
12425	0.556
12475	0.560
12525	0.548
12575	0.540
12625	0.548
12675	0.548
12725	0.540
12775	0.532
12825	0.536
12875	0.540
12925	0.536
12975	0.528
13025	0.528
13075	0.516
13125	0.500
13175	0.504
13225	0.536
13275	0.536
13325	0.536
13375	0.528
13425	0.532
13475	0.524
13525	0.516
13575	0.508
13625	0.520
13675	0.504
13725	0.476
13775	0.484
13825	0.480
13875	0.460
13925	0.460
13975	0.476
14025	0.492
14075	0.540
14125	0.536
14175	0.528
14225	0.532
14275	0.524
14325	0.492
14375	0.528
14425	0.572
14475	0.564
14525	0.572
14575	0.580
14625	0.568
14675	0.552
14725	0.556
14775	0.544
14825	0.540
14875	0.536
14925	0.500
14975	0.484
15025	0.476
15075	0.484
15125	0.492
15175	0.532
15225	0.560
15275	0.568
15325	0.544
15375	0.536
15425	0.512
15475	0.508
15525	0.508
15575	0.512
15625	0.516
15675	0.508
15725	0.512
15775	0.484
15825	0.480
15875	0.480
15925	0.484
15975	0.484
16025	0.500
16075	0.512
16125	0.500
16175	0.492
16225	0.448
16275	0.444
16325	0.444
16375	0.444
16425	0.460
16475	0.472
16525	0.484
16575	0.460
16625	0.448
16675	0.448
16725	0.444
16775	0.424
16825	0.424
16875	0.432
16925	0.408
16975	0.404
17025	0.408
17075	0.432
17125	0.424
17175	0.444
17225	0.464
17275	0.472
17325	0.472
17375	0.488
17425	0.496
17475	0.484
17525	0.476
17575	0.480
17625	0.480
17675	0.484
17725	0.500
17775	0.492
17825	0.488
17875	0.496
17925	0.496
17975	0.496
18025	0.520
18075	0.516
18125	0.504
18175	0.496
18225	0.500
18275	0.488
18325	0.460
18375	0.448
18425	0.448
18475	0.408
18525	0.400
18575	0.436
18625	0.468
18675	0.488
18725	0.544
18775	0.572
18825	0.556
18875	0.532
18925	0.512
18975	0.516
19025	0.516
19075	0.508
19125	0.528
19175	0.524
19225	0.480
19275	0.480
19325	0.472
19375	0.448
19425	0.452
19475	0.476
19525	0.488
19575	0.488
19625	0.504
19675	0.536
19725	0.540
19775	0.540
19825	0.552
19875	0.556
19925	0.528
19975	0.532
20025	0.516
20075	0.544
20125	0.552
20175	0.564
20225	0.560
20275	0.556
20325	0.540
20375	0.540
20425	0.516
20475	0.516
20525	0.536
20575	0.536
20625	0.528
20675	0.548
20725	0.544
20775	0.492
20825	0.448
20875	0.448
20925	0.424
20975	0.404
21025	0.432
21075	0.496
21125	0.512
21175	0.520
21225	0.524
21275	0.528
21325	0.520
21375	0.512
21425	0.508
21475	0.520
21525	0.484
21575	0.464
21625	0.432
21675	0.424
21725	0.444
21775	0.488
21825	0.496
21875	0.464
21925	0.476
21975	0.452
22025	0.432
22075	0.412
22125	0.460
22175	0.456
22225	0.444
22275	0.448
22325	0.448
22375	0.428
22425	0.444
22475	0.428
22525	0.428
22575	0.448
22625	0.476
22675	0.468
22725	0.504
22775	0.524
22825	0.492
22875	0.492
22925	0.500
22975	0.524
23025	0.524
23075	0.564
23125	0.556
23175	0.544
23225	0.508
23275	0.492
23325	0.476
23375	0.496
23425	0.528
23475	0.536
23525	0.556
23575	0.568
23625	0.552
23675	0.512
23725	0.508
23775	0.488
23825	0.484
23875	0.480
23925	0.480
23975	0.500
24025	0.512
24075	0.500
24125	0.496
24175	0.504
24225	0.456
24275	0.416
24325	0.396
24375	0.396
24425	0.392
24475	0.412
24525	0.436
24575	0.468
24625	0.464
24675	0.476
24725	0.480
24775	0.492
24825	0.500
24875	0.492
24925	0.484
24975	0.480
25025	0.492
25075	0.500
25125	0.524
25175	0.536
25225	0.528
25275	0.504
25325	0.500
25375	0.500
25425	0.496
25475	0.500
25525	0.476
25575	0.456
25625	0.448
25675	0.436
25725	0.436
25775	0.480
25825	0.488
25875	0.528
25925	0.512
25975	0.504
26025	0.484
26075	0.468
26125	0.408
26175	0.400
26225	0.400
26275	0.376
26325	0.416
26375	0.464
26425	0.484
26475	0.512
26525	0.564
26575	0.532
26625	0.500
26675	0.496
26725	0.468
26775	0.444
26825	0.436
26875	0.424
26925	0.436
26975	0.464
27025	0.456
27075	0.484
27125	0.508
27175	0.516
27225	0.520
27275	0.528
27325	0.500
27375	0.488
27425	0.492
27475	0.492
27525	0.488
27575	0.504
27625	0.504
27675	0.488
27725	0.464
27775	0.484
27825	0.496
27875	0.512
27925	0.524
27975	0.548
28025	0.512
28075	0.500
28125	0.468
28175	0.468
28225	0.464
28275	0.496
28325	0.496
28375	0.508
28425	0.508
28475	0.524
28525	0.516
28575	0.508
28625	0.544
28675	0.564
28725	0.560
28775	0.552
28825	0.544
28875	0.512
28925	0.492
28975	0.464
29025	0.472
29075	0.492
29125	0.500
29175	0.500
29225	0.492
29275	0.476
29325	0.456
29375	0.452
29425	0.440
29475	0.460
29525	0.488
29575	0.492
29625	0.500
29675	0.524
29725	0.524
29775	0.524
29825	0.512
29875	0.528
29925	0.508
29975	0.508
30025	0.504
30075	0.516
30125	0.496
30175	0.488
30225	0.480
30275	0.464
30325	0.504
30375	0.480
30425	0.492
30475	0.492
30525	0.504
30575	0.484
30625	0.500
30675	0.484
30725	0.496
30775	0.500
30825	0.484
30875	0.512
30925	0.536
30975	0.552
31025	0.548
31075	0.568
31125	0.528
31175	0.520
31225	0.472
31275	0.444
31325	0.412
31375	0.408
31425	0.404
31475	0.420
31525	0.452
31575	0.472
31625	0.508
31675	0.508
31725	0.524
31775	0.512
31825	0.532
31875	0.524
31925	0.540
31975	0.552
32025	0.552
32075	0.552
32125	0.556
32175	0.540
32225	0.532
32275	0.556
32325	0.532
32375	0.528
32425	0.500
32475	0.476
32525	0.440
32575	0.432
32625	0.408
32675	0.444
32725	0.460
32775	0.472
32825	0.484
32875	0.496
32925	0.500
32975	0.508
33025	0.496
33075	0.496
33125	0.476
33175	0.464
33225	0.468
33275	0.488
33325	0.504
33375	0.536
33425	0.532
33475	0.528
33525	0.528
33575	0.528
33625	0.516
33675	0.532
33725	0.508
33775	0.508
33825	0.504
33875	0.496
33925	0.484
33975	0.500
34025	0.500
34075	0.508
34125	0.528
34175	0.536
34225	0.532
34275	0.532
34325	0.532
34375	0.540
34425	0.548
34475	0.548
34525	0.568
34575	0.552
34625	0.532
34675	0.524
34725	0.520
34775	0.480
34825	0.452
34875	0.444
34925	0.440
34975	0.456
35025	0.468
35075	0.508
35125	0.532
35175	0.520
35225	0.528
35275	0.532
35325	0.516
35375	0.516
35425	0.532
35475	0.512
35525	0.508
35575	0.520
35625	0.496
35675	0.488
35725	0.500
35775	0.508
35825	0.480
35875	0.504
35925	0.524
35975	0.524
36025	0.528
36075	0.540
36125	0.524
36175	0.516
36225	0.508
36275	0.484
36325	0.504
36375	0.512
36425	0.476
36475	0.468
36525	0.484
36575	0.464
36625	0.452
36675	0.472
36725	0.492
36775	0.488
36825	0.480
36875	0.484
36925	0.488
36975	0.480
37025	0.468
37075	0.484
37125	0.488
37175	0.480
37225	0.492
37275	0.504
37325	0.500
37375	0.488
37425	0.480
37475	0.480
37525	0.480
37575	0.476
37625	0.496
37675	0.524
37725	0.512
37775	0.528
37825	0.532
37875	0.536
37925	0.532
37975	0.532
38025	0.520
38075	0.524
38125	0.508
38175	0.524
38225	0.508
38275	0.524
38325	0.556
38375	0.564
38425	0.524
38475	0.552
38525	0.524
38575	0.492
38625	0.500
38675	0.540
38725	0.528
38775	0.544
38825	0.536
38875	0.512
38925	0.500
38975	0.524
39025	0.544
39075	0.564
39125	0.576
39175	0.596
39225	0.584
39275	0.588
39325	0.584
39375	0.580
39425	0.544
39475	0.528
39525	0.488
39575	0.468
39625	0.440
39675	0.432
39725	0.456
39775	0.456
39825	0.460
39875	0.496
39925	0.500
39975	0.476
40025	0.500
40075	0.500
40125	0.520
40175	0.528
40225	0.512
40275	0.488
40325	0.480
40375	0.444
40425	0.440
40475	0.436
40525	0.444
40575	0.440
40625	0.452
40675	0.460
40725	0.476
40775	0.504
40825	0.512
40875	0.500
40925	0.492
40975	0.496
41025	0.468
41075	0.456
41125	0.492
41175	0.492
41225	0.492
41275	0.492
41325	0.516
41375	0.496
41425	0.496
41475	0.512
41525	0.504
41575	0.468
41625	0.460
41675	0.472
41725	0.456
41775	0.500
41825	0.544
41875	0.540
41925	0.540
41975	0.508
42025	0.476
42075	0.452
42125	0.452
42175	0.420
42225	0.468
42275	0.480
42325	0.504
42375	0.524
42425	0.548
42475	0.520
42525	0.492
42575	0.480
42625	0.456
42675	0.456
42725	0.468
42775	0.456
42825	0.448
42875	0.444
42925	0.460
42975	0.464
43025	0.484
43075	0.496
43125	0.512
43175	0.496
43225	0.488
43275	0.520
43325	0.524
43375	0.528
43425	0.528
43475	0.560
43525	0.548
43575	0.532
43625	0.524
43675	0.540
43725	0.520
43775	0.508
43825	0.520
43875	0.524
43925	0.516
43975	0.492
44025	0.504
44075	0.508
44125	0.484
44175	0.476
44225	0.492
44275	0.476
44325	0.448
44375	0.448
44425	0.456
44475	0.452
44525	0.452
44575	0.472
44625	0.464
44675	0.440
44725	0.412
44775	0.384
44825	0.372
44875	0.400
44925	0.412
44975	0.424
45025	0.472
45075	0.492
45125	0.480
45175	0.496
45225	0.520
45275	0.496
45325	0.476
45375	0.500
45425	0.500
45475	0.504
45525	0.524
45575	0.568
45625	0.536
45675	0.544
45725	0.548
45775	0.536
45825	0.496
45875	0.504
45925	0.496
45975	0.472
46025	0.484
46075	0.500
46125	0.540
46175	0.548
46225	0.588
46275	0.568
46325	0.572
46375	0.564
46425	0.544
46475	0.508
46525	0.520
46575	0.544
46625	0.524
46675	0.524
46725	0.520
46775	0.516
46825	0.476
46875	0.488
46925	0.492
46975	0.508
47025	0.484
47075	0.488
47125	0.476
47175	0.472
47225	0.460
47275	0.452
47325	0.424
47375	0.424
47425	0.436
47475	0.448
47525	0.460
47575	0.472
47625	0.476
47675	0.480
47725	0.488
47775	0.520
47825	0.540
47875	0.528
47925	0.524
47975	0.524
48025	0.496
48075	0.508
48125	0.516
48175	0.496
48225	0.484
48275	0.520
48325	0.500
48375	0.512
48425	0.512
48475	0.520
48525	0.456
48575	0.464
48625	0.456
48675	0.448
48725	0.420
48775	0.468
48825	0.468
48875	0.468
48925	0.472
48975	0.500
49025	0.464
49075	0.456
49125	0.428
49175	0.424
49225	0.396
49275	0.412
49325	0.380
49375	0.424
49425	0.436
49475	0.432
49525	0.428
49575	0.452
49625	0.428
49675	0.432
49725	0.464
49775	0.472
49825	0.484
49875	0.472
49925	0.464
49975	0.468
50025	0.460
50075	0.448
50125	0.468
50175	0.480
50225	0.448
50275	0.448
50325	0.468
50375	0.464
50425	0.492
50475	0.516
50525	0.512
50575	0.532
50625	0.508
50675	0.436
50725	0.432
50775	0.464
50825	0.436
50875	0.472
50925	0.516
50975	0.532
51025	0.544
51075	0.560
51125	0.548
51175	0.532
51225	0.528
51275	0.540
51325	0.512
51375	0.496
51425	0.532
51475	0.520
51525	0.504
51575	0.524
51625	0.548
51675	0.528
51725	0.532
51775	0.528
51825	0.536
51875	0.512
51925	0.516
51975	0.488
52025	0.492
52075	0.472
52125	0.464
52175	0.460
52225	0.480
52275	0.472
52325	0.476
52375	0.512
52425	0.520
52475	0.500
52525	0.496
52575	0.508
52625	0.504
52675	0.476
52725	0.512
52775	0.504
52825	0.468
52875	0.460
52925	0.472
52975	0.468
53025	0.488
53075	0.512
53125	0.496
53175	0.488
53225	0.476
53275	0.460
53325	0.476
53375	0.500
53425	0.516
53475	0.544
53525	0.544
53575	0.532
53625	0.508
53675	0.520
53725	0.512
53775	0.516
53825	0.500
53875	0.524
53925	0.512
53975	0.496
54025	0.500
54075	0.524
54125	0.556
54175	0.548
54225	0.560
54275	0.560
54325	0.560
54375	0.552
54425	0.576
54475	0.560
54525	0.568
54575	0.552
54625	0.524
54675	0.536
54725	0.552
54775	0.544
54825	0.564
54875	0.580
54925	0.556
54975	0.548
55025	0.548
55075	0.520
55125	0.528
55175	0.532
55225	0.524
55275	0.520
55325	0.544
55375	0.512
55425	0.492
55475	0.504
55525	0.460
55575	0.448
55625	0.440
55675	0.444
55725	0.424
55775	0.428
55825	0.408
55875	0.420
55925	0.452
55975	0.456
56025	0.496
56075	0.532
56125	0.540
56175	0.528
56225	0.536
56275	0.540
56325	0.516
56375	0.512
56425	0.528
56475	0.508
56525	0.488
56575	0.516
56625	0.512
56675	0.456
56725	0.456
56775	0.448
56825	0.412
56875	0.400
56925	0.428
56975	0.452
57025	0.448
57075	0.452
57125	0.448
57175	0.436
57225	0.424
57275	0.452
57325	0.480
57375	0.484
57425	0.540
57475	0.544
57525	0.524
57575	0.508
57625	0.536
57675	0.488
57725	0.516
57775	0.540
57825	0.536
57875	0.516
57925	0.540
57975	0.504
58025	0.472
58075	0.488
58125	0.508
58175	0.484
58225	0.508
58275	0.504
58325	0.500
58375	0.492
58425	0.484
58475	0.472
58525	0.520
58575	0.512
58625	0.508
58675	0.532
58725	0.516
58775	0.512
58825	0.516
58875	0.500
58925	0.476
58975	0.480
59025	0.468
59075	0.456
59125	0.496
59175	0.508
59225	0.476
59275	0.468
59325	0.444
59375	0.428
59425	0.416
59475	0.432
59525	0.424
59575	0.444
59625	0.412
59675	0.400
59725	0.392
59775	0.388
59825	0.388
59875	0.380
59925	0.380
59975	0.408
60025	0.408
60075	0.384
60125	0.404
60175	0.396
60225	0.384
60275	0.356
60325	0.368
60375	0.360
60425	0.356
60475	0.340
60525	0.356
60575	0.360
60625	0.352
60675	0.356
60725	0.364
60775	0.376
60825	0.356
60875	0.360
60925	0.344
60975	0.352
61025	0.340
61075	0.392
61125	0.404
61175	0.428
61225	0.444
61275	0.432
61325	0.396
61375	0.380
61425	0.380
61475	0.368
61525	0.388
61575	0.356
61625	0.364
61675	0.348
61725	0.316
61775	0.312
61825	0.348
61875	0.376
61925	0.396
61975	0.428
62025	0.404
62075	0.400
62125	0.356
62175	0.360
62225	0.348
62275	0.388
62325	0.392
62375	0.388
62425	0.404
62475	0.404
62525	0.380
62575	0.396
62625	0.420
62675	0.408
62725	0.436
62775	0.460
62825	0.476
62875	0.484
62925	0.476
62975	0.480
63025	0.464
63075	0.440
63125	0.424
63175	0.432
63225	0.396
63275	0.424
63325	0.396
63375	0.388
63425	0.388
63475	0.404
63525	0.376
63575	0.396
63625	0.404
63675	0.380
63725	0.380
63775	0.376
63825	0.384
63875	0.432
63925	0.444
63975	0.432
64025	0.448
64075	0.444
64125	0.388
64175	0.416
64225	0.420
64275	0.432
64325	0.472
64375	0.520
64425	0.532
64475	0.556
64525	0.536
64575	0.516
64625	0.512
64675	0.496
64725	0.504
64775	0.548
64825	0.556
64875	0.528
64925	0.544
64975	0.532
65025	0.524
65075	0.516
65125	0.532
65175	0.524
65225	0.560
65275	0.544
65325	0.540
65375	0.556
65425	0.532
65475	0.516
65525	0.516
65575	0.496
65625	0.464
65675	0.472
65725	0.452
65775	0.428
65825	0.440
65875	0.448
65925	0.444
65975	0.448
66025	0.492
66075	0.504
66125	0.508
66175	0.508
66225	0.508
66275	0.504
66325	0.500
66375	0.508
66425	0.524
66475	0.528
66525	0.532
66575	0.524
66625	0.524
66675	0.532
66725	0.564
66775	0.556
66825	0.552
66875	0.544
66925	0.548
66975	0.504
67025	0.476
67075	0.476
67125	0.484
67175	0.480
67225	0.492
67275	0.524
67325	0.544
67375	0.552
67425	0.540
67475	0.508
67525	0.480
67575	0.488
67625	0.484
67675	0.488
67725	0.528
67775	0.556
67825	0.532
67875	0.512
67925	0.476
67975	0.460
68025	0.456
68075	0.480
68125	0.500
68175	0.572
68225	0.604
68275	0.596
68325	0.576
68375	0.576
68425	0.532
68475	0.500
68525	0.492
68575	0.520
68625	0.512
68675	0.512
68725	0.532
68775	0.520
68825	0.504
68875	0.472
68925	0.488
68975	0.468
69025	0.484
69075	0.472
69125	0.516
69175	0.512
69225	0.516
69275	0.512
69325	0.516
69375	0.508
69425	0.484
69475	0.460
69525	0.468
69575	0.460
69625	0.420
69675	0.432
69725	0.448
69775	0.452
69825	0.464
69875	0.488
69925	0.484
69975	0.480
70025	0.472
70075	0.452
70125	0.436
70175	0.436
70225	0.440
70275	0.440
70325	0.456
70375	0.484
70425	0.480
70475	0.492
70525	0.496
70575	0.496
70625	0.484
70675	0.488
70725	0.476
70775	0.436
70825	0.452
70875	0.480
70925	0.476
70975	0.480
71025	0.516
71075	0.512
71125	0.492
71175	0.488
71225	0.444
71275	0.440
71325	0.416
71375	0.432
71425	0.456
71475	0.524
71525	0.520
71575	0.516
71625	0.492
71675	0.476
71725	0.436
71775	0.428
71825	0.404
71875	0.412
71925	0.420
71975	0.424
72025	0.424
72075	0.444
72125	0.460
72175	0.460
72225	0.456
72275	0.472
72325	0.488
72375	0.468
72425	0.468
72475	0.476
72525	0.476
72575	0.488
72625	0.492
72675	0.488
72725	0.504
72775	0.472
72825	0.448
72875	0.456
72925	0.464
72975	0.460
73025	0.472
73075	0.480
73125	0.472
73175	0.456
73225	0.444
73275	0.456
73325	0.448
73375	0.452
73425	0.468
73475	0.472
73525	0.496
73575	0.544
73625	0.576
73675	0.576
73725	0.608
73775	0.592
73825	0.564
73875	0.520
73925	0.488
73975	0.476
74025	0.496
74075	0.488
74125	0.520
74175	0.552
74225	0.544
74275	0.516
74325	0.516
74375	0.496
74425	0.476
74475	0.488
74525	0.508
74575	0.544
74625	0.560
74675	0.584
74725	0.556
74775	0.564
74825	0.524
74875	0.508
74925	0.512
74975	0.504
75025	0.488
75075	0.504
75125	0.508
75175	0.496
75225	0.536
75275	0.532
75325	0.544
75375	0.540
75425	0.540
75475	0.520
75525	0.536
75575	0.480
75625	0.476
75675	0.480
75725	0.492
75775	0.484
75825	0.536
75875	0.568
75925	0.580
75975	0.572
76025	0.560
76075	0.568
76125	0.552
76175	0.532
76225	0.572
76275	0.580
76325	0.552
76375	0.536
76425	0.564
76475	0.552
76525	0.564
76575	0.572
76625	0.576
76675	0.548
76725	0.512
76775	0.512
76825	0.528
76875	0.528
76925	0.544
76975	0.532
77025	0.520
77075	0.508
77125	0.520
77175	0.496
77225	0.512
77275	0.508
77325	0.488
77375	0.492
77425	0.508
77475	0.516
77525	0.500
77575	0.528
77625	0.524
77675	0.512
77725	0.500
77775	0.524
77825	0.532
77875	0.520
77925	0.532
77975	0.564
78025	0.552
78075	0.540
78125	0.536
78175	0.524
78225	0.504
78275	0.512
78325	0.512
78375	0.524
78425	0.548
78475	0.552
78525	0.552
78575	0.548
78625	0.560
78675	0.568
78725	0.532
78775	0.548
78825	0.516
78875	0.492
78925	0.472
78975	0.504
79025	0.484
79075	0.488
79125	0.500
79175	0.520
79225	0.516
79275	0.500
79325	0.496
79375	0.476
79425	0.464
79475	0.480
79525	0.516
79575	0.552
79625	0.544
79675	0.540
79725	0.516
79775	0.508
79825	0.512
79875	0.552
79925	0.564
79975	0.564
80025	0.556
80075	0.552
80125	0.536
80175	0.552
80225	0.572
80275	0.568
80325	0.580
80375	0.564
80425	0.540
80475	0.524
80525	0.560
80575	0.544
80625	0.556
80675	0.540
80725	0.540
80775	0.496
80825	0.480
80875	0.472
80925	0.464
80975	0.476
81025	0.500
81075	0.476
81125	0.472
81175	0.468
81225	0.444
81275	0.424
81325	0.464
81375	0.488
81425	0.492
81475	0.504
81525	0.512
81575	0.496
81625	0.512
81675	0.528
81725	0.540
81775	0.520
81825	0.508
81875	0.480
81925	0.468
81975	0.480
82025	0.496
82075	0.520
82125	0.528
82175	0.556
82225	0.556
82275	0.576
82325	0.596
82375	0.564
82425	0.552
82475	0.524
82525	0.500
82575	0.484
82625	0.480
82675	0.464
82725	0.496
82775	0.516
82825	0.532
82875	0.544
82925	0.536
82975	0.456
83025	0.436
83075	0.412
83125	0.428
83175	0.432
83225	0.496
83275	0.500
83325	0.484
83375	0.480
83425	0.468
83475	0.460
83525	0.468
83575	0.512
83625	0.524
83675	0.552
83725	0.556
83775	0.568
83825	0.556
83875	0.568
83925	0.580
83975	0.576
84025	0.552
84075	0.520
84125	0.480
84175	0.444
84225	0.432
84275	0.436
84325	0.448
84375	0.488
84425	0.520
84475	0.524
84525	0.500
84575	0.500
84625	0.488
84675	0.464
84725	0.472
84775	0.484
84825	0.500
84875	0.480
84925	0.500
84975	0.512
85025	0.504
85075	0.480
85125	0.484
85175	0.472
85225	0.452
85275	0.460
85325	0.468
85375	0.504
85425	0.488
85475	0.504
85525	0.492
85575	0.504
85625	0.492
85675	0.532
85725	0.516
85775	0.540
85825	0.544
85875	0.512
85925	0.492
85975	0.508
86025	0.488
86075	0.464
86125	0.460
86175	0.456
86225	0.424
86275	0.416
86325	0.440
86375	0.468
86425	0.472
86475	0.488
86525	0.536
86575	0.508
86625	0.504
86675	0.504
86725	0.496
86775	0.464
86825	0.500
86875	0.488
86925	0.476
86975	0.488
87025	0.464
87075	0.424
87125	0.428
87175	0.452
87225	0.444
87275	0.480
87325	0.480
87375	0.448
87425	0.444
87475	0.464
87525	0.492
87575	0.524
87625	0.564
87675	0.536
87725	0.528
87775	0.500
87825	0.448
87875	0.444
87925	0.464
87975	0.468
88025	0.476
88075	0.504
88125	0.504
88175	0.504
88225	0.500
88275	0.480
88325	0.488
88375	0.488
88425	0.484
88475	0.476
88525	0.484
88575	0.472
88625	0.472
88675	0.468
88725	0.464
88775	0.484
88825	0.504
88875	0.504
88925	0.524
88975	0.528
89025	0.500
89075	0.488
89125	0.472
89175	0.468
89225	0.464
89275	0.472
89325	0.480
89375	0.488
89425	0.436
89475	0.436
89525	0.428
89575	0.420
89625	0.440
89675	0.480
89725	0.464
89775	0.468
89825	0.488
89875	0.472
89925	0.464
89975	0.504
90025	0.524
90075	0.536
90125	0.544
90175	0.556
90225	0.540
90275	0.532
90325	0.504
90375	0.504
90425	0.500
90475	0.508
90525	0.508
90575	0.524
90625	0.520
90675	0.540
90725	0.556
90775	0.548
90825	0.560
90875	0.544
90925	0.528
90975	0.532
91025	0.540
91075	0.548
91125	0.584
91175	0.604
91225	0.592
91275	0.576
91325	0.532
91375	0.512
91425	0.484
91475	0.456
91525	0.488
91575	0.512
91625	0.512
91675	0.504
91725	0.528
91775	0.508
91825	0.520
91875	0.520
91925	0.524
91975	0.528
92025	0.548
92075	0.524
92125	0.528
92175	0.564
92225	0.584
92275	0.544
92325	0.564
92375	0.564
92425	0.576
92475	0.552
92525	0.592
92575	0.584
92625	0.592
92675	0.572
92725	0.556
92775	0.552
92825	0.572
92875	0.556
92925	0.572
92975	0.572
93025	0.520
93075	0.484
93125	0.500
93175	0.468
93225	0.472
93275	0.524
93325	0.552
93375	0.544
93425	0.532
93475	0.508
93525	0.504
93575	0.476
93625	0.476
93675	0.492
93725	0.532
93775	0.548
93825	0.568
93875	0.564
93925	0.556
93975	0.540
94025	0.520
94075	0.512
94125	0.488
94175	0.508
94225	0.516
94275	0.492
94325	0.504
94375	0.540
94425	0.488
94475	0.472
94525	0.468
94575	0.452
94625	0.428
94675	0.448
94725	0.432
94775	0.448
94825	0.424
94875	0.428
94925	0.428
94975	0.436
95025	0.444
95075	0.456
95125	0.448
95175	0.460
95225	0.468
95275	0.472
95325	0.472
95375	0.492
95425	0.504
95475	0.516
95525	0.508
95575	0.528
95625	0.524
95675	0.540
95725	0.572
95775	0.584
95825	0.568
95875	0.588
95925	0.600
95975	0.560
96025	0.548
96075	0.552
96125	0.536
96175	0.496
96225	0.512
96275	0.544
96325	0.564
96375	0.568
96425	0.592
96475	0.580
96525	0.552
96575	0.532
96625	0.508
96675	0.492
96725	0.492
96775	0.484
96825	0.476
96875	0.488
96925	0.488
96975	0.484
97025	0.492
97075	0.508
97125	0.484
97175	0.444
97225	0.416
97275	0.360
97325	0.284
97375	0.268
97425	0.228
97475	0.204
97525	0.176
97575	0.180
97625	0.156
97675	0.148
97725	0.148
97775	0.148
97825	0.136
97875	0.144
97925	0.140
97975	0.104
98025	0.100
98075	0.112
98125	0.100
98175	0.112
98225	0.120
98275	0.136
98325	0.132
98375	0.128
98425	0.120
98475	0.124
98525	0.116
98575	0.116
98625	0.108
98675	0.120
98725	0.132
98775	0.136
98825	0.120
98875	0.144
98925	0.136
98975	0.104
99025	0.096
99075	0.116
99125	0.104
99175	0.116
99225	0.140
99275	0.140
99325	0.116
99375	0.112
99425	0.104
99475	0.104
99525	0.116
99575	0.124
99625	0.136
99675	0.128
99725	0.124
99775	0.112
99825	0.120
99875	0.128
99925	0.152
99975	0.180
100025	0.172
100075	0.156
100125	0.144
100175	0.144
100225	0.120
100275	0.128
100325	0.148
100375	0.152
100425	0.128
100475	0.124
100525	0.120
100575	0.116
100625	0.116
100675	0.148
100725	0.180
100775	0.240
100825	0.284
100875	0.344
100925	0.372
100975	0.420
101025	0.440
101075	0.456
101125	0.460
101175	0.476
101225	0.488
101275	0.460
101325	0.436
101375	0.432
101425	0.432
101475	0.404
101525	0.432
101575	0.468
101625	0.484
101675	0.484
101725	0.472
101775	0.472
101825	0.440
101875	0.440
101925	0.440
101975	0.448
102025	0.440
102075	0.464
102125	0.468
102175	0.460
102225	0.476
102275	0.464
102325	0.468
102375	0.440
102425	0.444
102475	0.464
102525	0.488
102575	0.508
102625	0.512
102675	0.536
102725	0.536
102775	0.532
102825	0.504
102875	0.492
102925	0.480
102975	0.448
103025	0.460
103075	0.496
103125	0.516
103175	0.524
103225	0.544
103275	0.528
103325	0.496
103375	0.492
103425	0.480
103475	0.484
103525	0.500
103575	0.496
103625	0.488
103675	0.492
103725	0.492
103775	0.468
103825	0.468
103875	0.492
103925	0.480
103975	0.472
104025	0.496
104075	0.520
104125	0.528
104175	0.544
104225	0.548
104275	0.552
104325	0.500
104375	0.464
104425	0.456
104475	0.460
104525	0.452
104575	0.480
104625	0.476
104675	0.488
104725	0.468
104775	0.472
104825	0.476
104875	0.492
104925	0.472
104975	0.496
105025	0.472
105075	0.484
105125	0.504
105175	0.516
105225	0.504
105275	0.536
105325	0.540
105375	0.504
105425	0.476
105475	0.464
105525	0.448
105575	0.436
105625	0.468
105675	0.488
105725	0.504
105775	0.492
105825	0.504
105875	0.516
105925	0.544
105975	0.556
106025	0.580
106075	0.572
106125	0.556
106175	0.556
106225	0.520
106275	0.480
106325	0.488
106375	0.468
106425	0.444
106475	0.424
106525	0.456
106575	0.468
106625	0.460
106675	0.444
106725	0.492
106775	0.504
106825	0.456
106875	0.488
106925	0.516
106975	0.508
107025	0.516
107075	0.544
107125	0.548
107175	0.552
107225	0.564
107275	0.548
107325	0.568
107375	0.580
107425	0.600
107475	0.612
107525	0.624
107575	0.620
107625	0.608
107675	0.588
107725	0.612
107775	0.620
107825	0.604
107875	0.584
107925	0.568
107975	0.504
108025	0.480
108075	0.496
108125	0.504
108175	0.524
108225	0.576
108275	0.588
108325	0.584
108375	0.580
108425	0.568
108475	0.548
108525	0.500
108575	0.488
108625	0.488
108675	0.500
108725	0.508
108775	0.560
108825	0.560
108875	0.592
108925	0.600
108975	0.584
109025	0.556
109075	0.564
109125	0.552
109175	0.516
109225	0.536
109275	0.552
109325	0.536
109375	0.504
109425	0.532
109475	0.548
109525	0.560
109575	0.604
109625	0.652
109675	0.668
109725	0.656
109775	0.668
109825	0.652
109875	0.632
109925	0.624
109975	0.624
110025	0.612
110075	0.592
110125	0.596
110175	0.576
110225	0.576
110275	0.564
110325	0.560
110375	0.548
110425	0.560
110475	0.544
110525	0.552
110575	0.592
110625	0.612
110675	0.640
110725	0.644
110775	0.648
110825	0.624
110875	0.620
110925	0.588
110975	0.572
111025	0.564
111075	0.580
111125	0.580
111175	0.600
111225	0.616
111275	0.624
111325	0.604
111375	0.576
111425	0.532
111475	0.520
111525	0.480
111575	0.448
111625	0.452
111675	0.460
111725	0.428
111775	0.452
111825	0.468
111875	0.476
111925	0.484
111975	0.520
112025	0.512
112075	0.492
112125	0.492
112175	0.492
112225	0.472
112275	0.476
112325	0.520
112375	0.528
112425	0.516
112475	0.532
112525	0.548
112575	0.524
112625	0.512
112675	0.504
112725	0.500
112775	0.480
112825	0.492
112875	0.496
112925	0.472
112975	0.460
113025	0.460
113075	0.488
113125	0.500
113175	0.548
113225	0.548
113275	0.520
113325	0.488
113375	0.468
113425	0.452
113475	0.444
113525	0.456
113575	0.468
113625	0.468
113675	0.448
113725	0.456
113775	0.468
113825	0.460
113875	0.452
113925	0.460
113975	0.476
114025	0.488
114075	0.504
114125	0.516
114175	0.548
114225	0.544
114275	0.528
114325	0.500
114375	0.504
114425	0.508
114475	0.508
114525	0.508
114575	0.508
114625	0.512
114675	0.508
114725	0.516
114775	0.512
114825	0.544
114875	0.556
114925	0.540
114975	0.524
115025	0.544
115075	0.524
115125	0.496
115175	0.504
115225	0.496
115275	0.516
115325	0.528
115375	0.516
115425	0.524
115475	0.536
115525	0.528
115575	0.548
115625	0.568
115675	0.536
115725	0.552
115775	0.564
115825	0.544
115875	0.540
115925	0.580
115975	0.596
116025	0.564
116075	0.532
116125	0.540
116175	0.528
116225	0.520
116275	0.536
116325	0.536
116375	0.564
116425	0.552
116475	0.532
116525	0.520
116575	0.536
116625	0.512
116675	0.508
116725	0.508
116775	0.512
116825	0.508
116875	0.520
116925	0.540
116975	0.560
117025	0.580
117075	0.596
117125	0.592
117175	0.588
117225	0.580
117275	0.572
117325	0.572
117375	0.568
117425	0.592
117475	0.576
117525	0.560
117575	0.556
117625	0.552
117675	0.536
117725	0.564
117775	0.572
117825	0.552
117875	0.556
117925	0.576
117975	0.548
118025	0.572
118075	0.580
118125	0.596
118175	0.568
118225	0.568
118275	0.528
118325	0.556
118375	0.512
118425	0.496
118475	0.508
118525	0.520
118575	0.496
118625	0.524
118675	0.544
118725	0.524
118775	0.520
118825	0.520
118875	0.516
118925	0.528
118975	0.568
119025	0.572
119075	0.600
119125	0.608
119175	0.596
119225	0.564
119275	0.552
119325	0.536
119375	0.532
119425	0.540
119475	0.536
119525	0.560
119575	0.568
119625	0.580
119675	0.564
119725	0.588
119775	0.616
119825	0.620
119875	0.612
119925	0.636
119975	0.632
120025	0.600
120075	0.584
120125	0.592
120175	0.572
120225	0.560
120275	0.556
120325	0.572
120375	0.568
120425	0.564
120475	0.576
120525	0.588
120575	0.616
120625	0.640
120675	0.644
120725	0.636
120775	0.620
120825	0.544
120875	0.484
120925	0.456
120975	0.456
121025	0.464
121075	0.508
121125	0.504
121175	0.528
121225	0.544
121275	0.528
121325	0.512
121375	0.540
121425	0.540
121475	0.508
121525	0.536
121575	0.536
121625	0.528
121675	0.556
121725	0.580
121775	0.576
121825	0.588
121875	0.596
121925	0.572
121975	0.584
122025	0.576
122075	0.604
122125	0.640
122175	0.656
122225	0.652
122275	0.648
122325	0.620
122375	0.552
122425	0.556
122475	0.560
122525	0.588
122575	0.612
122625	0.668
122675	0.640
122725	0.628
122775	0.596
122825	0.572
122875	0.540
122925	0.536
122975	0.516
123025	0.536
123075	0.504
123125	0.508
123175	0.532
123225	0.544
123275	0.516
123325	0.536
123375	0.516
123425	0.492
123475	0.436
123525	0.420
123575	0.416
123625	0.388
123675	0.368
123725	0.396
123775	0.392
123825	0.368
123875	0.404
123925	0.448
123975	0.464
124025	0.508
124075	0.524
124125	0.536
124175	0.544
124225	0.536
124275	0.512
124325	0.520
124375	0.520
124425	0.464
124475	0.496
124525	0.516
124575	0.524
124625	0.520
124675	0.552
124725	0.528
124775	0.524
124825	0.524
124875	0.528
124925	0.524
124975	0.532
125025	0.528
125075	0.524
125125	0.536
125175	0.528
125225	0.508
125275	0.524
125325	0.528
125375	0.492
125425	0.512
125475	0.548
125525	0.532
125575	0.544
125625	0.572
125675	0.568
125725	0.532
125775	0.528
125825	0.484
125875	0.472
125925	0.472
125975	0.480
126025	0.476
126075	0.516
126125	0.536
126175	0.540
126225	0.560
126275	0.568
126325	0.544
126375	0.536
126425	0.556
126475	0.552
126525	0.536
126575	0.532
126625	0.512
126675	0.500
126725	0.480
126775	0.504
126825	0.532
126875	0.560
126925	0.536
126975	0.568
127025	0.564
127075	0.556
127125	0.508
127175	0.504
127225	0.492
127275	0.468
127325	0.472
127375	0.516
127425	0.540
127475	0.544
127525	0.568
127575	0.576
127625	0.576
127675	0.588
127725	0.580
127775	0.580
127825	0.568
127875	0.564
127925	0.528
127975	0.528
128025	0.528
128075	0.508
128125	0.516
128175	0.540
128225	0.548
128275	0.564
128325	0.600
128375	0.580
128425	0.580
128475	0.564
128525	0.536
128575	0.532
128625	0.552
128675	0.536
128725	0.528
128775	0.536
128825	0.524
128875	0.524
128925	0.556
128975	0.580
129025	0.592
129075	0.592
129125	0.588
129175	0.564
129225	0.572
129275	0.564
129325	0.612
129375	0.604
129425	0.600
129475	0.572
129525	0.564
129575	0.504
129625	0.488
129675	0.468
129725	0.504
129775	0.504
129825	0.512
129875	0.524
129925	0.564
129975	0.548
130025	0.552
130075	0.548
130125	0.580
130175	0.564
130225	0.556
130275	0.556
130325	0.552
130375	0.524
130425	0.524
130475	0.548
130525	0.544
130575	0.552
130625	0.564
130675	0.560
130725	0.548
130775	0.556
130825	0.544
130875	0.524
130925	0.536
130975	0.548
131025	0.556
131075	0.588
131125	0.576
131175	0.564
131225	0.512
131275	0.512
131325	0.512
131375	0.532
131425	0.560
131475	0.608
131525	0.608
131575	0.596
131625	0.604
131675	0.584
131725	0.556
131775	0.536
131825	0.536
131875	0.532
131925	0.520
131975	0.548
132025	0.564
132075	0.532
132125	0.548
132175	0.548
132225	0.528
132275	0.524
132325	0.548
132375	0.516
132425	0.516
132475	0.516
132525	0.496
132575	0.476
132625	0.468
132675	0.480
132725	0.504
132775	0.524
132825	0.552
132875	0.580
132925	0.596
132975	0.588
133025	0.580
133075	0.584
133125	0.592
133175	0.560
133225	0.552
133275	0.568
133325	0.560
133375	0.532
133425	0.564
133475	0.572
133525	0.560
133575	0.568
133625	0.600
133675	0.612
133725	0.624
133775	0.656
133825	0.648
133875	0.648
133925	0.644
133975	0.640
134025	0.640
134075	0.648
134125	0.640
134175	0.652
134225	0.648
134275	0.644
134325	0.668
134375	0.688
134425	0.680
134475	0.684
134525	0.680
134575	0.676
134625	0.652
134675	0.616
134725	0.604
134775	0.608
134825	0.600
134875	0.604
134925	0.608
134975	0.600
135025	0.580
135075	0.548
135125	0.512
135175	0.464
135225	0.464
135275	0.456
135325	0.448
135375	0.448
135425	0.488
135475	0.472
135525	0.456
135575	0.468
135625	0.480
135675	0.444
135725	0.436
135775	0.472
135825	0.488
135875	0.464
135925	0.492
135975	0.516
136025	0.508
136075	0.492
136125	0.516
136175	0.512
136225	0.520
136275	0.520
136325	0.568
136375	0.592
136425	0.628
136475	0.632
136525	0.628
136575	0.588
136625	0.592
136675	0.604
136725	0.612
136775	0.624
136825	0.636
136875	0.624
136925	0.596
136975	0.568
137025	0.560
137075	0.556
137125	0.532
137175	0.524
137225	0.524
137275	0.504
137325	0.504
137375	0.496
137425	0.512
137475	0.544
137525	0.568
137575	0.568
137625	0.608
137675	0.616
137725	0.584
137775	0.572
137825	0.544
137875	0.524
137925	0.500
137975	0.520
138025	0.508
138075	0.540
138125	0.532
138175	0.556
138225	0.556
138275	0.568
138325	0.576
138375	0.596
138425	0.588
138475	0.612
138525	0.612
138575	0.612
138625	0.600
138675	0.584
138725	0.512
138775	0.488
138825	0.464
138875	0.488
138925	0.512
138975	0.560
139025	0.592
139075	0.596
139125	0.592
139175	0.584
139225	0.572
139275	0.564
139325	0.580
139375	0.580
139425	0.576
139475	0.568
139525	0.576
139575	0.576
139625	0.572
139675	0.548
139725	0.528
139775	0.524
139825	0.500
139875	0.488
139925	0.536
139975	0.580
140025	0.584
140075	0.604
140125	0.620
140175	0.604
140225	0.612
140275	0.620
140325	0.600
140375	0.600
140425	0.608
140475	0.592
140525	0.588
140575	0.604
140625	0.576
140675	0.544
140725	0.532
140775	0.512
140825	0.516
140875	0.540
140925	0.556
140975	0.564
141025	0.584
141075	0.568
141125	0.536
141175	0.524
141225	0.500
141275	0.492
141325	0.496
141375	0.524
141425	0.560
141475	0.584
141525	0.552
141575	0.528
141625	0.524
141675	0.484
141725	0.508
141775	0.528
141825	0.552
141875	0.524
141925	0.540
141975	0.532
142025	0.564
142075	0.544
142125	0.540
142175	0.552
142225	0.544
142275	0.512
142325	0.540
142375	0.544
142425	0.504
142475	0.468
142525	0.472
142575	0.460
142625	0.464
142675	0.464
142725	0.468
142775	0.444
142825	0.424
142875	0.420
142925	0.408
142975	0.436
143025	0.460
143075	0.504
143125	0.564
143175	0.616
143225	0.616
143275	0.608
143325	0.612
143375	0.592
143425	0.600
143475	0.624
143525	0.636
143575	0.604
143625	0.600
143675	0.576
143725	0.536
143775	0.532
143825	0.532
143875	0.528
143925	0.552
143975	0.592
144025	0.604
144075	0.640
144125	0.644
144175	0.644
144225	0.608
144275	0.572
144325	0.564
144375	0.568
144425	0.564
144475	0.568
144525	0.588
144575	0.564
144625	0.576
144675	0.576
144725	0.608
144775	0.608
144825	0.640
144875	0.608
144925	0.616
144975	0.584
145025	0.592
145075	0.560
145125	0.572
145175	0.524
145225	0.532
145275	0.536
145325	0.516
145375	0.500
145425	0.484
145475	0.460
145525	0.464
145575	0.508
145625	0.540
145675	0.612
145725	0.644
145775	0.644
145825	0.616
145875	0.584
145925	0.540
145975	0.544
146025	0.544
146075	0.540
146125	0.520
146175	0.528
146225	0.476
146275	0.448
146325	0.460
146375	0.516
146425	0.520
146475	0.512
146525	0.524
146575	0.512
146625	0.464
146675	0.464
146725	0.504
146775	0.492
146825	0.508
146875	0.496
146925	0.488
146975	0.472
147025	0.484
147075	0.480
147125	0.468
147175	0.464
147225	0.468
147275	0.464
147325	0.448
147375	0.492
147425	0.508
147475	0.540
147525	0.544
147575	0.560
147625	0.540
147675	0.500
147725	0.456
147775	0.460
147825	0.428
147875	0.456
147925	0.468
147975	0.492
148025	0.500
148075	0.532
148125	0.508
148175	0.548
148225	0.532
148275	0.536
148325	0.528
148375	0.536
148425	0.512
148475	0.512
148525	0.500
148575	0.492
148625	0.496
148675	0.496
148725	0.520
148775	0.528
148825	0.544
148875	0.556
148925	0.556
148975	0.544
149025	0.544
149075	0.576
149125	0.580
149175	0.608
149225	0.608
149275	0.584
149325	0.548
149375	0.532
149425	0.520
149475	0.536
149525	0.564
149575	0.556
149625	0.556
149675	0.560
149725	0.548
149775	0.540
149825	0.556
149875	0.564
149925	0.540
149975	0.492
150025	0.492
150075	0.476
150125	0.472
150175	0.472
150225	0.504
150275	0.496
150325	0.488
150375	0.500
150425	0.500
150475	0.504
150525	0.500
150575	0.496
150625	0.496
150675	0.512
150725	0.520
150775	0.528
150825	0.568
150875	0.560
150925	0.564
150975	0.568
151025	0.564
151075	0.544
151125	0.532
151175	0.544
151225	0.564
151275	0.596
151325	0.588
151375	0.640
151425	0.648
151475	0.652
151525	0.660
151575	0.704
151625	0.688
151675	0.680
151725	0.660
151775	0.636
151825	0.628
151875	0.612
151925	0.620
151975	0.628
152025	0.636
152075	0.608
152125	0.608
152175	0.592
152225	0.588
152275	0.572
152325	0.588
152375	0.596
152425	0.584
152475	0.600
152525	0.608
152575	0.600
152625	0.584
152675	0.588
152725	0.544
152775	0.516
152825	0.516
152875	0.532
152925	0.552
152975	0.584
153025	0.592
153075	0.580
153125	0.588
153175	0.560
153225	0.580
153275	0.608
153325	0.612
153375	0.584
153425	0.584
153475	0.568
153525	0.544
153575	0.528
153625	0.560
153675	0.600
153725	0.600
153775	0.636
153825	0.668
153875	0.652
153925	0.656
153975	0.656
154025	0.648
154075	0.656
154125	0.648
154175	0.632
154225	0.620
154275	0.592
154325	0.588
154375	0.600
154425	0.588
154475	0.592
154525	0.596
154575	0.612
154625	0.624
154675	0.624
154725	0.648
154775	0.652
154825	0.628
154875	0.604
154925	0.568
154975	0.528
155025	0.520
155075	0.500
155125	0.464
155175	0.460
155225	0.436
155275	0.412
155325	0.400
155375	0.384
155425	0.388
155475	0.412
155525	0.440
155575	0.424
155625	0.448
155675	0.456
155725	0.436
155775	0.416
155825	0.436
155875	0.464
155925	0.448
155975	0.480
156025	0.540
156075	0.552
156125	0.552
156175	0.612
156225	0.624
156275	0.616
156325	0.648
156375	0.672
156425	0.668
156475	0.692
156525	0.688
156575	0.688
156625	0.692
156675	0.656
156725	0.644
156775	0.640
156825	0.628
156875	0.628
156925	0.680
156975	0.676
157025	0.652
157075	0.660
157125	0.640
157175	0.608
157225	0.592
157275	0.636
157325	0.680
157375	0.684
157425	0.672
157475	0.684
157525	0.660
157575	0.608
157625	0.612
157675	0.624
157725	0.632
157775	0.616
157825	0.608
157875	0.576
157925	0.568
157975	0.540
158025	0.556
158075	0.544
158125	0.552
158175	0.564
158225	0.568
158275	0.548
158325	0.572
158375	0.600
158425	0.580
158475	0.612
158525	0.616
158575	0.576
158625	0.540
158675	0.540
158725	0.520
158775	0.532
158825	0.572
158875	0.612
158925	0.644
158975	0.644
159025	0.636
159075	0.636
159125	0.620
159175	0.604
159225	0.608
159275	0.624
159325	0.628
159375	0.624
159425	0.612
159475	0.588
159525	0.580
159575	0.568
159625	0.568
159675	0.576
159725	0.584
159775	0.580
159825	0.560
159875	0.540
159925	0.532
159975	0.540
160025	0.552
160075	0.588
160125	0.624
160175	0.664
160225	0.672
160275	0.640
160325	0.604
160375	0.580
160425	0.548
160475	0.548
160525	0.552
160575	0.540
160625	0.544
160675	0.508
160725	0.468
160775	0.456
160825	0.488
160875	0.488
160925	0.508
160975	0.488
161025	0.476
161075	0.460
161125	0.460
161175	0.460
161225	0.480
161275	0.492
161325	0.468
161375	0.452
161425	0.448
161475	0.476
161525	0.468
161575	0.472
161625	0.472
161675	0.476
161725	0.444
161775	0.460
161825	0.484
161875	0.472
161925	0.456
161975	0.476
162025	0.456
162075	0.452
162125	0.440
162175	0.436
162225	0.424
162275	0.448
162325	0.436
162375	0.436
162425	0.452
162475	0.452
162525	0.464
162575	0.488
162625	0.536
162675	0.536
162725	0.548
162775	0.536
162825	0.544
162875	0.552
162925	0.568
162975	0.592
163025	0.572
163075	0.572
163125	0.580
163175	0.568
163225	0.556
163275	0.584
163325	0.624
163375	0.604
163425	0.628
163475	0.636
163525	0.632
163575	0.568
163625	0.572
163675	0.592
163725	0.576
163775	0.620
163825	0.660
163875	0.692
163925	0.680
163975	0.708
164025	0.672
164075	0.676
164125	0.644
164175	0.632
164225	0.640
164275	0.628
164325	0.596
164375	0.572
164425	0.528
164475	0.456
164525	0.436
164575	0.444
164625	0.400
164675	0.428
164725	0.480
164775	0.536
164825	0.536
164875	0.608
164925	0.624
164975	0.644
165025	0.644
165075	0.656
165125	0.656
165175	0.652
165225	0.632
165275	0.608
165325	0.584
165375	0.572
165425	0.584
165475	0.576
165525	0.560
165575	0.584
165625	0.604
165675	0.592
165725	0.588
165775	0.612
165825	0.580
165875	0.552
165925	0.540
165975	0.560
166025	0.528
166075	0.572
166125	0.596
166175	0.604
166225	0.548
166275	0.552
166325	0.528
166375	0.492
166425	0.496
166475	0.548
166525	0.592
166575	0.584
166625	0.596
166675	0.608
166725	0.580
166775	0.540
166825	0.556
166875	0.568
166925	0.556
166975	0.568
167025	0.572
167075	0.572
167125	0.612
167175	0.628
167225	0.636
167275	0.644
167325	0.648
167375	0.608
167425	0.608
167475	0.616
167525	0.632
167575	0.624
167625	0.632
167675	0.624
167725	0.596
167775	0.580
167825	0.588
167875	0.580
167925	0.568
167975	0.568
168025	0.576
168075	0.540
168125	0.540
168175	0.552
168225	0.560
168275	0.576
168325	0.588
168375	0.572
168425	0.548
168475	0.556
168525	0.516
168575	0.520
168625	0.548
168675	0.552
168725	0.536
168775	0.580
168825	0.584
168875	0.552
168925	0.548
168975	0.560
169025	0.532
169075	0.536
169125	0.556
169175	0.592
169225	0.604
169275	0.592
169325	0.592
169375	0.588
169425	0.544
169475	0.512
169525	0.520
169575	0.512
169625	0.512
169675	0.540
169725	0.568
169775	0.536
169825	0.512
169875	0.476
169925	0.444
169975	0.404
170025	0.396
170075	0.408
170125	0.448
170175	0.472
170225	0.496
170275	0.548
170325	0.576
170375	0.556
170425	0.560
170475	0.552
170525	0.528
170575	0.504
170625	0.512
170675	0.516
170725	0.520
170775	0.516
170825	0.536
170875	0.532
170925	0.524
170975	0.508
171025	0.552
171075	0.560
171125	0.588
171175	0.600
171225	0.628
171275	0.608
171325	0.584
171375	0.556
171425	0.532
171475	0.500
171525	0.456
171575	0.448
171625	0.472
171675	0.452
171725	0.464
171775	0.484
171825	0.500
171875	0.500
171925	0.536
171975	0.576
172025	0.628
172075	0.640
172125	0.628
172175	0.628
172225	0.604
172275	0.564
172325	0.544
172375	0.524
172425	0.528
172475	0.536
172525	0.548
172575	0.552
172625	0.576
172675	0.572
172725	0.552
172775	0.540
172825	0.528
172875	0.516
172925	0.524
172975	0.548
173025	0.572
173075	0.576
173125	0.596
173175	0.572
173225	0.580
173275	0.576
173325	0.568
173375	0.540
173425	0.544
173475	0.500
173525	0.456
173575	0.468
173625	0.460
173675	0.452
173725	0.464
173775	0.476
173825	0.444
173875	0.432
173925	0.444
173975	0.444
174025	0.472
174075	0.508
174125	0.528
174175	0.548
174225	0.556
174275	0.544
174325	0.568
174375	0.600
174425	0.600
174475	0.616
174525	0.604
174575	0.588
174625	0.560
174675	0.532
174725	0.500
174775	0.536
174825	0.548
174875	0.560
174925	0.556
174975	0.584
175025	0.576
175075	0.556
175125	0.568
175175	0.580
175225	0.580
175275	0.560
175325	0.572
175375	0.560
175425	0.568
175475	0.544
175525	0.560
175575	0.544
175625	0.524
175675	0.524
175725	0.552
175775	0.544
175825	0.536
175875	0.564
175925	0.588
175975	0.564
176025	0.552
176075	0.552
176125	0.560
176175	0.508
176225	0.520
176275	0.524
176325	0.540
176375	0.532
176425	0.544
176475	0.536
176525	0.532
176575	0.528
176625	0.516
176675	0.524
176725	0.548
176775	0.560
176825	0.568
176875	0.560
176925	0.556
176975	0.548
177025	0.540
177075	0.524
177125	0.528
177175	0.528
177225	0.524
177275	0.520
177325	0.556
177375	0.572
177425	0.564
177475	0.568
177525	0.584
177575	0.556
177625	0.540
177675	0.548
177725	0.532
177775	0.516
177825	0.504
177875	0.528
177925	0.524
177975	0.548
178025	0.564
178075	0.584
178125	0.580
178175	0.584
178225	0.576
178275	0.568
178325	0.544
178375	0.524
178425	0.516
178475	0.512
178525	0.504
178575	0.548
178625	0.560
178675	0.560
178725	0.560
178775	0.556
178825	0.524
178875	0.516
178925	0.516
178975	0.472
179025	0.428
179075	0.432
179125	0.432
179175	0.428
179225	0.492
179275	0.556
179325	0.556
179375	0.532
179425	0.552
179475	0.516
179525	0.508
179575	0.504
179625	0.528
179675	0.516
179725	0.540
179775	0.536
179825	0.564
179875	0.584
179925	0.596
179975	0.588
180025	0.596
180075	0.568
180125	0.548
180175	0.548
180225	0.544
180275	0.540
180325	0.548
180375	0.532
180425	0.548
180475	0.548
180525	0.552
180575	0.552
180625	0.564
180675	0.524
180725	0.532
180775	0.532
180825	0.560
180875	0.552
180925	0.592
180975	0.576
181025	0.588
181075	0.532
181125	0.544
181175	0.524
181225	0.540
181275	0.532
181325	0.544
181375	0.552
181425	0.552
181475	0.524
181525	0.484
181575	0.468
181625	0.464
181675	0.460
181725	0.476
181775	0.520
181825	0.560
181875	0.544
181925	0.536
181975	0.560
182025	0.552
182075	0.532
182125	0.532
182175	0.540
182225	0.528
182275	0.516
182325	0.516
182375	0.524
182425	0.528
182475	0.516
182525	0.540
182575	0.556
182625	0.560
182675	0.564
182725	0.580
182775	0.584
182825	0.576
182875	0.576
182925	0.576
182975	0.572
183025	0.544
183075	0.540
183125	0.532
183175	0.528
183225	0.516
183275	0.524
183325	0.528
183375	0.552
183425	0.556
183475	0.544
183525	0.544
183575	0.568
183625	0.524
183675	0.484
183725	0.480
183775	0.500
183825	0.468
183875	0.496
183925	0.544
183975	0.564
184025	0.536
184075	0.540
184125	0.572
184175	0.568
184225	0.564
184275	0.580
184325	0.580
184375	0.544
184425	0.540
184475	0.540
184525	0.540
184575	0.520
184625	0.492
184675	0.464
184725	0.476
184775	0.476
184825	0.508
184875	0.532
184925	0.564
184975	0.556
185025	0.532
185075	0.532
185125	0.524
185175	0.504
185225	0.484
185275	0.476
185325	0.448
185375	0.472
185425	0.476
185475	0.516
185525	0.544
185575	0.584
185625	0.560
185675	0.528
185725	0.508
185775	0.512
185825	0.504
185875	0.532
185925	0.572
185975	0.568
186025	0.560
186075	0.544
186125	0.544
186175	0.540
186225	0.540
186275	0.540
186325	0.548
186375	0.552
186425	0.556
186475	0.544
186525	0.564
186575	0.560
186625	0.544
186675	0.556
186725	0.564
186775	0.556
186825	0.548
186875	0.532
186925	0.528
186975	0.536
187025	0.524
187075	0.536
187125	0.560
187175	0.560
187225	0.560
187275	0.564
187325	0.552
187375	0.560
187425	0.536
187475	0.544
187525	0.556
187575	0.576
187625	0.552
187675	0.560
187725	0.556
187775	0.528
187825	0.516
187875	0.508
187925	0.520
187975	0.504
188025	0.524
188075	0.540
188125	0.548
188175	0.504
188225	0.492
188275	0.464
188325	0.420
188375	0.424
188425	0.476
188475	0.488
188525	0.512
188575	0.528
188625	0.528
188675	0.488
188725	0.504
188775	0.492
188825	0.504
188875	0.504
188925	0.524
188975	0.500
189025	0.532
189075	0.524
189125	0.524
189175	0.532
189225	0.552
189275	0.508
189325	0.508
189375	0.484
189425	0.456
189475	0.464
189525	0.488
189575	0.492
189625	0.492
189675	0.524
189725	0.488
189775	0.464
189825	0.440
189875	0.488
189925	0.472
189975	0.496
190025	0.496
190075	0.512
190125	0.464
190175	0.468
190225	0.464
190275	0.488
190325	0.504
190375	0.520
190425	0.504
190475	0.496
190525	0.524
190575	0.532
190625	0.548
190675	0.552
190725	0.576
190775	0.540
190825	0.532
190875	0.564
190925	0.592
190975	0.588
191025	0.584
191075	0.560
191125	0.520
191175	0.504
191225	0.492
191275	0.488
191325	0.508
191375	0.492
191425	0.472
191475	0.468
191525	0.468
191575	0.468
191625	0.456
191675	0.484
191725	0.464
191775	0.468
191825	0.452
191875	0.472
191925	0.460
191975	0.480
192025	0.472
192075	0.448
192125	0.420
192175	0.416
192225	0.416
192275	0.424
192325	0.436
192375	0.464
192425	0.472
192475	0.476
192525	0.464
192575	0.484
192625	0.484
192675	0.492
192725	0.520
192775	0.500
192825	0.500
192875	0.508
192925	0.488
192975	0.460
193025	0.512
193075	0.520
193125	0.492
193175	0.516
193225	0.492
193275	0.464
193325	0.444
193375	0.480
193425	0.456
193475	0.484
193525	0.476
193575	0.464
193625	0.448
193675	0.436
193725	0.428
193775	0.436
193825	0.444
193875	0.436
193925	0.456
193975	0.460
194025	0.440
194075	0.432
194125	0.428
194175	0.440
194225	0.444
194275	0.456
194325	0.460
194375	0.460
194425	0.476
194475	0.464
194525	0.504
194575	0.544
194625	0.588
194675	0.560
194725	0.568
194775	0.548
194825	0.552
194875	0.556
194925	0.556
194975	0.568
195025	0.564
195075	0.540
195125	0.500
195175	0.480
195225	0.468
195275	0.484
195325	0.488
195375	0.496
195425	0.520
195475	0.512
195525	0.484
195575	0.476
195625	0.484
195675	0.472
195725	0.484
195775	0.524
195825	0.512
195875	0.516
195925	0.516
195975	0.516
196025	0.496
196075	0.512
196125	0.508
196175	0.520
196225	0.536
196275	0.512
196325	0.516
196375	0.508
196425	0.528
196475	0.516
196525	0.544
196575	0.548
196625	0.556
196675	0.552
196725	0.548
196775	0.544
196825	0.552
196875	0.540
196925	0.520
196975	0.512
197025	0.496
197075	0.460
197125	0.464
197175	0.440
197225	0.448
197275	0.448
197325	0.448
197375	0.448
197425	0.488
197475	0.504
197525	0.556
197575	0.580
197625	0.584
197675	0.572
197725	0.564
197775	0.492
197825	0.476
197875	0.460
197925	0.448
197975	0.424
198025	0.444
198075	0.440
198125	0.448
198175	0.448
198225	0.448
198275	0.456
198325	0.492
198375	0.520
198425	0.536
198475	0.568
198525	0.568
198575	0.560
198625	0.520
198675	0.548
198725	0.528
198775	0.552
198825	0.568
198875	0.588
198925	0.584
198975	0.584
199025	0.572
199075	0.564
199125	0.576
199175	0.576
199225	0.592
199275	0.588
199325	0.584
199375	0.604
199425	0.604
199475	0.616
199525	0.628
199575	0.624
199625	0.584
199675	0.548
199725	0.500
199775	0.512
199825	0.504
199875	0.500
199925	0.500
199975	0.508
200025	0.472
200075	0.468
200125	0.472
200175	0.472
200225	0.480
200275	0.496
200325	0.528
200375	0.532
200425	0.548
200475	0.560
200525	0.568
200575	0.532
200625	0.540
200675	0.536
200725	0.540
200775	0.532
200825	0.520
200875	0.496
200925	0.500
200975	0.484
201025	0.472
201075	0.508
201125	0.524
201175	0.512
201225	0.508
201275	0.516
201325	0.512
201375	0.540
201425	0.532
201475	0.540
201525	0.540
201575	0.516
201625	0.496
201675	0.496
201725	0.492
201775	0.480
201825	0.468
201875	0.460
201925	0.480
201975	0.488
202025	0.508
202075	0.540
202125	0.556
202175	0.592
202225	0.604
202275	0.600
202325	0.612
202375	0.608
202425	0.588
202475	0.588
202525	0.592
202575	0.592
202625	0.572
202675	0.564
202725	0.556
202775	0.532
202825	0.512
202875	0.524
202925	0.548
202975	0.560
203025	0.576
203075	0.600
203125	0.612
203175	0.584
203225	0.612
203275	0.620
203325	0.616
203375	0.624
203425	0.652
203475	0.616
203525	0.644
203575	0.620
203625	0.604
203675	0.588
203725	0.584
203775	0.536
203825	0.536
203875	0.504
203925	0.476
203975	0.456
204025	0.428
204075	0.408
204125	0.432
204175	0.408
204225	0.416
204275	0.440
204325	0.448
204375	0.416
204425	0.412
204475	0.360
204525	0.312
204575	0.280
204625	0.256
204675	0.216
204725	0.208
204775	0.184
204825	0.156
204875	0.136
204925	0.140
204975	0.136
205025	0.132
205075	0.136
205125	0.144
205175	0.140
205225	0.152
205275	0.176
205325	0.188
205375	0.200
205425	0.200
205475	0.180
205525	0.168
205575	0.164
205625	0.164
205675	0.164
205725	0.168
205775	0.168
205825	0.164
205875	0.180
205925	0.184
205975	0.180
206025	0.192
206075	0.164
206125	0.144
206175	0.132
206225	0.144
206275	0.132
206325	0.172
206375	0.176
206425	0.196
206475	0.216
206525	0.224
206575	0.236
206625	0.260
206675	0.272
206725	0.284
206775	0.300
206825	0.288
206875	0.284
206925	0.248
206975	0.204
207025	0.184
207075	0.172
207125	0.140
207175	0.164
207225	0.180
207275	0.172
207325	0.172
207375	0.168
207425	0.144
207475	0.128
207525	0.116
207575	0.120
207625	0.112
207675	0.128
207725	0.152
207775	0.164
207825	0.172
