Position	Percent G+C 1 .. 230370
125	0.076
175	0.036
225	0.032
275	0.028
325	0.024
375	0.016
425	0.020
475	0.020
525	0.012
575	0.020
625	0.016
675	0.016
725	0.016
775	0.024
825	0.032
875	0.048
925	0.072
975	0.132
1025	0.184
1075	0.200
1125	0.204
1175	0.216
1225	0.192
1275	0.164
1325	0.152
1375	0.144
1425	0.120
1475	0.104
1525	0.100
1575	0.116
1625	0.124
1675	0.140
1725	0.152
1775	0.144
1825	0.136
1875	0.124
1925	0.108
1975	0.104
2025	0.108
2075	0.084
2125	0.096
2175	0.108
2225	0.124
2275	0.160
2325	0.236
2375	0.308
2425	0.352
2475	0.396
2525	0.456
2575	0.476
2625	0.488
2675	0.528
2725	0.544
2775	0.520
2825	0.504
2875	0.508
2925	0.496
2975	0.504
3025	0.500
3075	0.508
3125	0.512
3175	0.500
3225	0.488
3275	0.484
3325	0.464
3375	0.456
3425	0.468
3475	0.484
3525	0.516
3575	0.560
3625	0.560
3675	0.548
3725	0.544
3775	0.488
3825	0.420
3875	0.420
3925	0.444
3975	0.452
4025	0.456
4075	0.512
4125	0.500
4175	0.488
4225	0.464
4275	0.480
4325	0.472
4375	0.476
4425	0.468
4475	0.456
4525	0.456
4575	0.492
4625	0.540
4675	0.532
4725	0.532
4775	0.556
4825	0.528
4875	0.480
4925	0.472
4975	0.504
5025	0.484
5075	0.464
5125	0.476
5175	0.504
5225	0.476
5275	0.496
5325	0.540
5375	0.520
5425	0.520
5475	0.516
5525	0.508
5575	0.476
5625	0.492
5675	0.504
5725	0.540
5775	0.532
5825	0.528
5875	0.524
5925	0.492
5975	0.448
6025	0.412
6075	0.432
6125	0.452
6175	0.488
6225	0.520
6275	0.596
6325	0.572
6375	0.556
6425	0.540
6475	0.596
6525	0.572
6575	0.624
6625	0.672
6675	0.716
6725	0.644
6775	0.660
6825	0.616
6875	0.568
6925	0.528
6975	0.536
7025	0.496
7075	0.496
7125	0.492
7175	0.480
7225	0.488
7275	0.488
7325	0.504
7375	0.496
7425	0.504
7475	0.476
7525	0.500
7575	0.472
7625	0.468
7675	0.476
7725	0.472
7775	0.484
7825	0.520
7875	0.540
7925	0.548
7975	0.576
8025	0.564
8075	0.564
8125	0.576
8175	0.564
8225	0.556
8275	0.556
8325	0.544
8375	0.532
8425	0.536
8475	0.528
8525	0.552
8575	0.580
8625	0.584
8675	0.584
8725	0.620
8775	0.612
8825	0.612
8875	0.612
8925	0.596
8975	0.544
9025	0.536
9075	0.488
9125	0.488
9175	0.472
9225	0.488
9275	0.484
9325	0.500
9375	0.464
9425	0.476
9475	0.528
9525	0.516
9575	0.520
9625	0.568
9675	0.616
9725	0.588
9775	0.604
9825	0.632
9875	0.588
9925	0.568
9975	0.572
10025	0.544
10075	0.512
10125	0.532
10175	0.492
10225	0.472
10275	0.476
10325	0.480
10375	0.468
10425	0.496
10475	0.516
10525	0.528
10575	0.544
10625	0.584
10675	0.596
10725	0.576
10775	0.604
10825	0.588
10875	0.560
10925	0.552
10975	0.564
11025	0.532
11075	0.536
11125	0.544
11175	0.536
11225	0.504
11275	0.524
11325	0.492
11375	0.484
11425	0.492
11475	0.516
11525	0.496
11575	0.540
11625	0.532
11675	0.548
11725	0.564
11775	0.592
11825	0.580
11875	0.588
11925	0.584
11975	0.568
12025	0.544
12075	0.512
12125	0.492
12175	0.452
12225	0.436
12275	0.416
12325	0.436
12375	0.436
12425	0.464
12475	0.464
12525	0.468
12575	0.452
12625	0.492
12675	0.492
12725	0.500
12775	0.548
12825	0.584
12875	0.568
12925	0.564
12975	0.576
13025	0.528
13075	0.500
13125	0.508
13175	0.524
13225	0.528
13275	0.552
13325	0.580
13375	0.584
13425	0.568
13475	0.572
13525	0.588
13575	0.592
13625	0.608
13675	0.600
13725	0.632
13775	0.624
13825	0.604
13875	0.568
13925	0.596
13975	0.556
14025	0.556
14075	0.572
14125	0.588
14175	0.580
14225	0.564
14275	0.536
14325	0.528
14375	0.552
14425	0.560
14475	0.616
14525	0.636
14575	0.636
14625	0.624
14675	0.632
14725	0.628
14775	0.632
14825	0.612
14875	0.624
14925	0.592
14975	0.556
15025	0.532
15075	0.532
15125	0.532
15175	0.560
15225	0.604
15275	0.640
15325	0.620
15375	0.580
15425	0.564
15475	0.548
15525	0.520
15575	0.560
15625	0.544
15675	0.508
15725	0.492
15775	0.488
15825	0.464
15875	0.496
15925	0.528
15975	0.508
16025	0.524
16075	0.532
16125	0.516
16175	0.496
16225	0.528
16275	0.532
16325	0.560
16375	0.540
16425	0.544
16475	0.488
16525	0.480
16575	0.468
16625	0.500
16675	0.528
16725	0.536
16775	0.500
16825	0.500
16875	0.488
16925	0.492
16975	0.532
17025	0.560
17075	0.548
17125	0.560
17175	0.528
17225	0.500
17275	0.496
17325	0.500
17375	0.484
17425	0.512
17475	0.532
17525	0.552
17575	0.564
17625	0.564
17675	0.540
17725	0.540
17775	0.544
17825	0.528
17875	0.552
17925	0.560
17975	0.544
18025	0.528
18075	0.540
18125	0.524
18175	0.540
18225	0.520
18275	0.492
18325	0.500
18375	0.516
18425	0.484
18475	0.512
18525	0.532
18575	0.532
18625	0.560
18675	0.596
18725	0.612
18775	0.652
18825	0.640
18875	0.632
18925	0.592
18975	0.568
19025	0.544
19075	0.536
19125	0.496
19175	0.512
19225	0.540
19275	0.544
19325	0.544
19375	0.516
19425	0.516
19475	0.476
19525	0.468
19575	0.452
19625	0.480
19675	0.460
19725	0.472
19775	0.500
19825	0.524
19875	0.544
19925	0.572
19975	0.572
20025	0.552
20075	0.556
20125	0.532
20175	0.516
20225	0.488
20275	0.468
20325	0.464
20375	0.464
20425	0.496
20475	0.544
20525	0.568
20575	0.568
20625	0.572
20675	0.544
20725	0.528
20775	0.496
20825	0.492
20875	0.464
20925	0.488
20975	0.488
21025	0.500
21075	0.488
21125	0.524
21175	0.484
21225	0.480
21275	0.504
21325	0.512
21375	0.496
21425	0.524
21475	0.540
21525	0.536
21575	0.532
21625	0.548
21675	0.528
21725	0.504
21775	0.512
21825	0.540
21875	0.536
21925	0.544
21975	0.556
22025	0.540
22075	0.536
22125	0.544
22175	0.544
22225	0.568
22275	0.568
22325	0.536
22375	0.548
22425	0.572
22475	0.552
22525	0.556
22575	0.596
22625	0.576
22675	0.564
22725	0.568
22775	0.572
22825	0.572
22875	0.600
22925	0.608
22975	0.628
23025	0.620
23075	0.564
23125	0.512
23175	0.480
23225	0.456
23275	0.460
23325	0.484
23375	0.508
23425	0.508
23475	0.488
23525	0.468
23575	0.452
23625	0.440
23675	0.472
23725	0.500
23775	0.520
23825	0.560
23875	0.600
23925	0.612
23975	0.628
24025	0.656
24075	0.672
24125	0.700
24175	0.680
24225	0.660
24275	0.648
24325	0.644
24375	0.612
24425	0.608
24475	0.616
24525	0.592
24575	0.544
24625	0.508
24675	0.504
24725	0.508
24775	0.484
24825	0.492
24875	0.500
24925	0.480
24975	0.468
25025	0.504
25075	0.528
25125	0.532
25175	0.572
25225	0.588
25275	0.600
25325	0.604
25375	0.620
25425	0.560
25475	0.540
25525	0.536
25575	0.532
25625	0.520
25675	0.572
25725	0.588
25775	0.560
25825	0.548
25875	0.576
25925	0.568
25975	0.556
26025	0.568
26075	0.576
26125	0.556
26175	0.548
26225	0.564
26275	0.556
26325	0.552
26375	0.556
26425	0.568
26475	0.540
26525	0.556
26575	0.580
26625	0.568
26675	0.572
26725	0.584
26775	0.588
26825	0.560
26875	0.580
26925	0.580
26975	0.600
27025	0.572
27075	0.588
27125	0.588
27175	0.588
27225	0.548
27275	0.548
27325	0.548
27375	0.532
27425	0.532
27475	0.552
27525	0.560
27575	0.552
27625	0.520
27675	0.460
27725	0.456
27775	0.448
27825	0.404
27875	0.424
27925	0.480
27975	0.448
28025	0.440
28075	0.456
28125	0.476
28175	0.476
28225	0.484
28275	0.492
28325	0.496
28375	0.496
28425	0.472
28475	0.500
28525	0.492
28575	0.516
28625	0.552
28675	0.600
28725	0.636
28775	0.684
28825	0.704
28875	0.644
28925	0.580
28975	0.532
29025	0.536
29075	0.544
29125	0.604
29175	0.660
29225	0.704
29275	0.688
29325	0.656
29375	0.624
29425	0.600
29475	0.576
29525	0.532
29575	0.500
29625	0.488
29675	0.492
29725	0.464
29775	0.476
29825	0.496
29875	0.480
29925	0.452
29975	0.444
30025	0.444
30075	0.440
30125	0.428
30175	0.440
30225	0.476
30275	0.492
30325	0.476
30375	0.476
30425	0.500
30475	0.500
30525	0.452
30575	0.480
30625	0.516
30675	0.492
30725	0.464
30775	0.512
30825	0.488
30875	0.468
30925	0.456
30975	0.456
31025	0.416
31075	0.432
31125	0.440
31175	0.460
31225	0.464
31275	0.492
31325	0.512
31375	0.520
31425	0.500
31475	0.516
31525	0.536
31575	0.488
31625	0.448
31675	0.464
31725	0.404
31775	0.404
31825	0.468
31875	0.516
31925	0.548
31975	0.592
32025	0.596
32075	0.584
32125	0.560
32175	0.528
32225	0.540
32275	0.508
32325	0.504
32375	0.484
32425	0.472
32475	0.440
32525	0.424
32575	0.400
32625	0.408
32675	0.376
32725	0.392
32775	0.368
32825	0.368
32875	0.356
32925	0.392
32975	0.404
33025	0.432
33075	0.428
33125	0.424
33175	0.396
33225	0.376
33275	0.396
33325	0.372
33375	0.400
33425	0.416
33475	0.428
33525	0.388
33575	0.408
33625	0.416
33675	0.456
33725	0.472
33775	0.560
33825	0.592
33875	0.568
33925	0.576
33975	0.588
34025	0.580
34075	0.584
34125	0.640
34175	0.632
34225	0.616
34275	0.592
34325	0.608
34375	0.596
34425	0.600
34475	0.632
34525	0.664
34575	0.672
34625	0.664
34675	0.696
34725	0.728
34775	0.716
34825	0.696
34875	0.696
34925	0.676
34975	0.652
35025	0.660
35075	0.684
35125	0.692
35175	0.692
35225	0.692
35275	0.688
35325	0.668
35375	0.668
35425	0.640
35475	0.632
35525	0.636
35575	0.652
35625	0.668
35675	0.712
35725	0.728
35775	0.744
35825	0.728
35875	0.736
35925	0.716
35975	0.660
36025	0.636
36075	0.648
36125	0.640
36175	0.660
36225	0.692
36275	0.692
36325	0.708
36375	0.708
36425	0.696
36475	0.708
36525	0.712
36575	0.704
36625	0.676
36675	0.684
36725	0.672
36775	0.668
36825	0.676
36875	0.696
36925	0.708
36975	0.708
37025	0.688
37075	0.644
37125	0.616
37175	0.560
37225	0.560
37275	0.576
37325	0.556
37375	0.556
37425	0.536
37475	0.472
37525	0.428
37575	0.412
37625	0.432
37675	0.460
37725	0.468
37775	0.480
37825	0.516
37875	0.488
37925	0.452
37975	0.460
38025	0.452
38075	0.432
38125	0.444
38175	0.488
38225	0.500
38275	0.496
38325	0.508
38375	0.504
38425	0.484
38475	0.472
38525	0.488
38575	0.476
38625	0.448
38675	0.440
38725	0.452
38775	0.456
38825	0.452
38875	0.464
38925	0.432
38975	0.408
39025	0.388
39075	0.392
39125	0.412
39175	0.444
39225	0.480
39275	0.480
39325	0.440
39375	0.428
39425	0.440
39475	0.448
39525	0.484
39575	0.552
39625	0.568
39675	0.596
39725	0.600
39775	0.600
39825	0.596
39875	0.592
39925	0.600
39975	0.592
40025	0.584
40075	0.592
40125	0.600
40175	0.568
40225	0.592
40275	0.604
40325	0.580
40375	0.572
40425	0.568
40475	0.544
40525	0.520
40575	0.540
40625	0.528
40675	0.528
40725	0.528
40775	0.552
40825	0.544
40875	0.568
40925	0.596
40975	0.612
41025	0.596
41075	0.600
41125	0.612
41175	0.596
41225	0.584
41275	0.592
41325	0.604
41375	0.596
41425	0.608
41475	0.608
41525	0.608
41575	0.600
41625	0.600
41675	0.612
41725	0.608
41775	0.624
41825	0.620
41875	0.604
41925	0.572
41975	0.556
42025	0.536
42075	0.544
42125	0.536
42175	0.572
42225	0.592
42275	0.584
42325	0.580
42375	0.620
42425	0.592
42475	0.600
42525	0.608
42575	0.612
42625	0.604
42675	0.588
42725	0.568
42775	0.600
42825	0.592
42875	0.584
42925	0.624
42975	0.640
43025	0.600
43075	0.608
43125	0.616
43175	0.588
43225	0.568
43275	0.576
43325	0.576
43375	0.552
43425	0.560
43475	0.576
43525	0.556
43575	0.564
43625	0.568
43675	0.564
43725	0.536
43775	0.568
43825	0.540
43875	0.564
43925	0.556
43975	0.576
44025	0.568
44075	0.584
44125	0.556
44175	0.556
44225	0.576
44275	0.584
44325	0.576
44375	0.572
44425	0.592
44475	0.592
44525	0.596
44575	0.604
44625	0.640
44675	0.660
44725	0.668
44775	0.652
44825	0.664
44875	0.648
44925	0.640
44975	0.644
45025	0.664
45075	0.640
45125	0.660
45175	0.648
45225	0.648
45275	0.624
45325	0.636
45375	0.604
45425	0.592
45475	0.576
45525	0.568
45575	0.540
45625	0.520
45675	0.488
45725	0.456
45775	0.452
45825	0.448
45875	0.468
45925	0.532
45975	0.560
46025	0.572
46075	0.608
46125	0.620
46175	0.612
46225	0.616
46275	0.636
46325	0.620
46375	0.624
46425	0.604
46475	0.608
46525	0.600
46575	0.592
46625	0.584
46675	0.592
46725	0.572
46775	0.560
46825	0.568
46875	0.560
46925	0.516
46975	0.508
47025	0.496
47075	0.504
47125	0.504
47175	0.536
47225	0.560
47275	0.584
47325	0.588
47375	0.592
47425	0.596
47475	0.576
47525	0.556
47575	0.560
47625	0.548
47675	0.540
47725	0.532
47775	0.524
47825	0.508
47875	0.508
47925	0.524
47975	0.516
48025	0.516
48075	0.528
48125	0.536
48175	0.528
48225	0.536
48275	0.556
48325	0.552
48375	0.552
48425	0.556
48475	0.576
48525	0.580
48575	0.572
48625	0.588
48675	0.596
48725	0.592
48775	0.612
48825	0.620
48875	0.624
48925	0.604
48975	0.616
49025	0.608
49075	0.612
49125	0.596
49175	0.580
49225	0.608
49275	0.584
49325	0.568
49375	0.532
49425	0.532
49475	0.480
49525	0.444
49575	0.424
49625	0.424
49675	0.420
49725	0.420
49775	0.456
49825	0.464
49875	0.476
49925	0.472
49975	0.476
50025	0.468
50075	0.460
50125	0.448
50175	0.464
50225	0.464
50275	0.452
50325	0.436
50375	0.456
50425	0.432
50475	0.400
50525	0.416
50575	0.460
50625	0.432
50675	0.492
50725	0.524
50775	0.548
50825	0.528
50875	0.544
50925	0.532
50975	0.536
51025	0.516
51075	0.532
51125	0.560
51175	0.540
51225	0.532
51275	0.548
51325	0.540
51375	0.536
51425	0.556
51475	0.544
51525	0.536
51575	0.544
51625	0.548
51675	0.532
51725	0.564
51775	0.548
51825	0.536
51875	0.524
51925	0.516
51975	0.496
52025	0.516
52075	0.520
52125	0.528
52175	0.540
52225	0.560
52275	0.568
52325	0.572
52375	0.560
52425	0.568
52475	0.564
52525	0.548
52575	0.556
52625	0.568
52675	0.572
52725	0.548
52775	0.548
52825	0.528
52875	0.536
52925	0.524
52975	0.544
53025	0.536
53075	0.568
53125	0.568
53175	0.600
53225	0.624
53275	0.624
53325	0.628
53375	0.640
53425	0.632
53475	0.600
53525	0.620
53575	0.604
53625	0.564
53675	0.520
53725	0.524
53775	0.508
53825	0.492
53875	0.512
53925	0.512
53975	0.504
54025	0.496
54075	0.520
54125	0.548
54175	0.600
54225	0.592
54275	0.636
54325	0.628
54375	0.624
54425	0.612
54475	0.652
54525	0.612
54575	0.648
54625	0.644
54675	0.640
54725	0.620
54775	0.656
54825	0.616
54875	0.620
54925	0.624
54975	0.652
55025	0.668
55075	0.700
55125	0.672
55175	0.676
55225	0.680
55275	0.672
55325	0.652
55375	0.660
55425	0.668
55475	0.636
55525	0.640
55575	0.648
55625	0.644
55675	0.620
55725	0.640
55775	0.588
55825	0.576
55875	0.580
55925	0.580
55975	0.576
56025	0.600
56075	0.596
56125	0.608
56175	0.604
56225	0.604
56275	0.596
56325	0.612
56375	0.612
56425	0.620
56475	0.616
56525	0.628
56575	0.648
56625	0.664
56675	0.688
56725	0.684
56775	0.708
56825	0.680
56875	0.656
56925	0.644
56975	0.664
57025	0.648
57075	0.640
57125	0.660
57175	0.648
57225	0.620
57275	0.612
57325	0.620
57375	0.584
57425	0.544
57475	0.540
57525	0.508
57575	0.504
57625	0.504
57675	0.532
57725	0.568
57775	0.600
57825	0.600
57875	0.620
57925	0.664
57975	0.644
58025	0.632
58075	0.648
58125	0.656
58175	0.628
58225	0.620
58275	0.632
58325	0.612
58375	0.596
58425	0.572
58475	0.572
58525	0.560
58575	0.564
58625	0.568
58675	0.588
58725	0.592
58775	0.604
58825	0.596
58875	0.580
58925	0.564
58975	0.544
59025	0.524
59075	0.516
59125	0.532
59175	0.540
59225	0.552
59275	0.556
59325	0.588
59375	0.584
59425	0.592
59475	0.604
59525	0.580
59575	0.556
59625	0.516
59675	0.480
59725	0.444
59775	0.440
59825	0.436
59875	0.440
59925	0.452
59975	0.492
60025	0.504
60075	0.492
60125	0.544
60175	0.564
60225	0.516
60275	0.504
60325	0.476
60375	0.424
60425	0.392
60475	0.396
60525	0.412
60575	0.456
60625	0.472
60675	0.488
60725	0.480
60775	0.500
60825	0.532
60875	0.568
60925	0.580
60975	0.636
61025	0.636
61075	0.584
61125	0.544
61175	0.556
61225	0.556
61275	0.572
61325	0.604
61375	0.624
61425	0.608
61475	0.596
61525	0.536
61575	0.500
61625	0.508
61675	0.504
61725	0.496
61775	0.540
61825	0.576
61875	0.576
61925	0.588
61975	0.588
62025	0.604
62075	0.608
62125	0.604
62175	0.616
62225	0.628
62275	0.616
62325	0.608
62375	0.596
62425	0.596
62475	0.596
62525	0.572
62575	0.552
62625	0.544
62675	0.496
62725	0.448
62775	0.428
62825	0.384
62875	0.392
62925	0.408
62975	0.428
63025	0.468
63075	0.504
63125	0.480
63175	0.472
63225	0.476
63275	0.456
63325	0.448
63375	0.460
63425	0.444
63475	0.420
63525	0.420
63575	0.420
63625	0.432
63675	0.472
63725	0.488
63775	0.520
63825	0.576
63875	0.600
63925	0.620
63975	0.652
64025	0.616
64075	0.600
64125	0.592
64175	0.572
64225	0.576
64275	0.608
64325	0.608
64375	0.600
64425	0.604
64475	0.580
64525	0.564
64575	0.532
64625	0.540
64675	0.512
64725	0.516
64775	0.528
64825	0.556
64875	0.552
64925	0.580
64975	0.592
65025	0.596
65075	0.596
65125	0.604
65175	0.596
65225	0.576
65275	0.552
65325	0.516
65375	0.472
65425	0.444
65475	0.444
65525	0.460
65575	0.484
65625	0.500
65675	0.508
65725	0.540
65775	0.540
65825	0.536
65875	0.552
65925	0.584
65975	0.560
66025	0.552
66075	0.540
66125	0.516
66175	0.500
66225	0.492
66275	0.480
66325	0.476
66375	0.504
66425	0.512
66475	0.524
66525	0.544
66575	0.560
66625	0.552
66675	0.552
66725	0.544
66775	0.520
66825	0.524
66875	0.528
66925	0.548
66975	0.556
67025	0.572
67075	0.580
67125	0.576
67175	0.544
67225	0.536
67275	0.516
67325	0.528
67375	0.516
67425	0.520
67475	0.512
67525	0.532
67575	0.500
67625	0.496
67675	0.504
67725	0.476
67775	0.476
67825	0.468
67875	0.472
67925	0.460
67975	0.492
68025	0.488
68075	0.492
68125	0.492
68175	0.520
68225	0.528
68275	0.552
68325	0.552
68375	0.584
68425	0.548
68475	0.572
68525	0.556
68575	0.564
68625	0.540
68675	0.556
68725	0.508
68775	0.472
68825	0.476
68875	0.484
68925	0.484
68975	0.512
69025	0.540
69075	0.544
69125	0.532
69175	0.516
69225	0.536
69275	0.540
69325	0.536
69375	0.548
69425	0.528
69475	0.516
69525	0.492
69575	0.512
69625	0.492
69675	0.504
69725	0.520
69775	0.536
69825	0.488
69875	0.504
69925	0.500
69975	0.452
70025	0.444
70075	0.468
70125	0.448
70175	0.476
70225	0.504
70275	0.496
70325	0.484
70375	0.496
70425	0.492
70475	0.504
70525	0.576
70575	0.632
70625	0.676
70675	0.700
70725	0.704
70775	0.664
70825	0.648
70875	0.632
70925	0.612
70975	0.576
71025	0.564
71075	0.552
71125	0.532
71175	0.520
71225	0.520
71275	0.528
71325	0.528
71375	0.524
71425	0.556
71475	0.584
71525	0.596
71575	0.612
71625	0.628
71675	0.612
71725	0.616
71775	0.640
71825	0.644
71875	0.652
71925	0.668
71975	0.672
72025	0.660
72075	0.672
72125	0.664
72175	0.632
72225	0.612
72275	0.596
72325	0.548
72375	0.544
72425	0.560
72475	0.576
72525	0.584
72575	0.600
72625	0.600
72675	0.592
72725	0.568
72775	0.556
72825	0.540
72875	0.532
72925	0.516
72975	0.552
73025	0.512
73075	0.540
73125	0.528
73175	0.536
73225	0.468
73275	0.480
73325	0.448
73375	0.432
73425	0.428
73475	0.460
73525	0.464
73575	0.460
73625	0.472
73675	0.476
73725	0.476
73775	0.492
73825	0.500
73875	0.500
73925	0.504
73975	0.496
74025	0.480
74075	0.476
74125	0.496
74175	0.508
74225	0.484
74275	0.468
74325	0.480
74375	0.460
74425	0.444
74475	0.484
74525	0.496
74575	0.480
74625	0.460
74675	0.476
74725	0.460
74775	0.496
74825	0.496
74875	0.540
74925	0.508
74975	0.532
75025	0.516
75075	0.516
75125	0.488
75175	0.496
75225	0.484
75275	0.492
75325	0.504
75375	0.516
75425	0.560
75475	0.536
75525	0.500
75575	0.504
75625	0.520
75675	0.480
75725	0.520
75775	0.532
75825	0.528
75875	0.508
75925	0.528
75975	0.524
76025	0.552
76075	0.544
76125	0.560
76175	0.556
76225	0.516
76275	0.500
76325	0.492
76375	0.468
76425	0.460
76475	0.496
76525	0.492
76575	0.520
76625	0.536
76675	0.540
76725	0.524
76775	0.536
76825	0.552
76875	0.536
76925	0.516
76975	0.528
77025	0.520
77075	0.492
77125	0.508
77175	0.508
77225	0.504
77275	0.528
77325	0.556
77375	0.572
77425	0.572
77475	0.560
77525	0.540
77575	0.512
77625	0.532
77675	0.568
77725	0.580
77775	0.588
77825	0.612
77875	0.620
77925	0.620
77975	0.616
78025	0.592
78075	0.560
78125	0.516
78175	0.516
78225	0.536
78275	0.548
78325	0.552
78375	0.520
78425	0.496
78475	0.472
78525	0.472
78575	0.488
78625	0.528
78675	0.516
78725	0.504
78775	0.492
78825	0.472
78875	0.460
78925	0.476
78975	0.532
79025	0.524
79075	0.580
79125	0.632
79175	0.664
79225	0.664
79275	0.720
79325	0.712
79375	0.696
79425	0.688
79475	0.668
79525	0.644
79575	0.628
79625	0.596
79675	0.596
79725	0.564
79775	0.516
79825	0.472
79875	0.456
79925	0.420
79975	0.412
80025	0.464
80075	0.496
80125	0.524
80175	0.560
80225	0.592
80275	0.596
80325	0.560
80375	0.548
80425	0.504
80475	0.472
80525	0.452
80575	0.480
80625	0.464
80675	0.516
80725	0.560
80775	0.552
80825	0.536
80875	0.552
80925	0.508
80975	0.480
81025	0.472
81075	0.488
81125	0.480
81175	0.504
81225	0.492
81275	0.528
81325	0.536
81375	0.536
81425	0.536
81475	0.556
81525	0.552
81575	0.520
81625	0.524
81675	0.496
81725	0.476
81775	0.436
81825	0.476
81875	0.484
81925	0.472
81975	0.480
82025	0.504
82075	0.464
82125	0.444
82175	0.500
82225	0.508
82275	0.508
82325	0.524
82375	0.532
82425	0.472
82475	0.448
82525	0.440
82575	0.448
82625	0.440
82675	0.456
82725	0.468
82775	0.472
82825	0.448
82875	0.472
82925	0.472
82975	0.460
83025	0.452
83075	0.456
83125	0.456
83175	0.444
83225	0.436
83275	0.444
83325	0.480
83375	0.468
83425	0.516
83475	0.552
83525	0.532
83575	0.472
83625	0.464
83675	0.432
83725	0.432
83775	0.456
83825	0.536
83875	0.528
83925	0.548
83975	0.528
84025	0.540
84075	0.516
84125	0.552
84175	0.560
84225	0.592
84275	0.592
84325	0.604
84375	0.588
84425	0.564
84475	0.548
84525	0.528
84575	0.532
84625	0.552
84675	0.588
84725	0.628
84775	0.668
84825	0.672
84875	0.656
84925	0.648
84975	0.628
85025	0.624
85075	0.600
85125	0.636
85175	0.644
85225	0.620
85275	0.592
85325	0.612
85375	0.592
85425	0.588
85475	0.620
85525	0.636
85575	0.612
85625	0.624
85675	0.616
85725	0.600
85775	0.608
85825	0.620
85875	0.600
85925	0.588
85975	0.592
86025	0.552
86075	0.572
86125	0.576
86175	0.572
86225	0.536
86275	0.528
86325	0.480
86375	0.468
86425	0.460
86475	0.488
86525	0.500
86575	0.488
86625	0.476
86675	0.512
86725	0.528
86775	0.544
86825	0.584
86875	0.592
86925	0.572
86975	0.548
87025	0.552
87075	0.544
87125	0.560
87175	0.576
87225	0.580
87275	0.592
87325	0.572
87375	0.556
87425	0.556
87475	0.556
87525	0.544
87575	0.552
87625	0.540
87675	0.516
87725	0.532
87775	0.532
87825	0.536
87875	0.536
87925	0.508
87975	0.492
88025	0.488
88075	0.476
88125	0.480
88175	0.496
88225	0.472
88275	0.464
88325	0.468
88375	0.472
88425	0.464
88475	0.468
88525	0.456
88575	0.456
88625	0.440
88675	0.440
88725	0.468
88775	0.484
88825	0.496
88875	0.520
88925	0.552
88975	0.560
89025	0.560
89075	0.552
89125	0.548
89175	0.544
89225	0.512
89275	0.496
89325	0.516
89375	0.532
89425	0.508
89475	0.480
89525	0.488
89575	0.480
89625	0.460
89675	0.496
89725	0.504
89775	0.504
89825	0.472
89875	0.508
89925	0.492
89975	0.544
90025	0.572
90075	0.616
90125	0.588
90175	0.564
90225	0.540
90275	0.524
90325	0.504
90375	0.492
90425	0.524
90475	0.536
90525	0.544
90575	0.536
90625	0.536
90675	0.500
90725	0.496
90775	0.472
90825	0.488
90875	0.512
90925	0.556
90975	0.540
91025	0.544
91075	0.532
91125	0.524
91175	0.520
91225	0.556
91275	0.564
91325	0.564
91375	0.572
91425	0.536
91475	0.500
91525	0.500
91575	0.492
91625	0.476
91675	0.500
91725	0.524
91775	0.516
91825	0.524
91875	0.504
91925	0.480
91975	0.480
92025	0.492
92075	0.524
92125	0.536
92175	0.564
92225	0.564
92275	0.564
92325	0.524
92375	0.512
92425	0.484
92475	0.480
92525	0.480
92575	0.500
92625	0.544
92675	0.580
92725	0.564
92775	0.572
92825	0.576
92875	0.604
92925	0.612
92975	0.636
93025	0.648
93075	0.648
93125	0.608
93175	0.616
93225	0.580
93275	0.564
93325	0.560
93375	0.576
93425	0.560
93475	0.576
93525	0.572
93575	0.556
93625	0.532
93675	0.520
93725	0.548
93775	0.572
93825	0.600
93875	0.624
93925	0.612
93975	0.628
94025	0.604
94075	0.584
94125	0.576
94175	0.620
94225	0.604
94275	0.604
94325	0.616
94375	0.588
94425	0.560
94475	0.544
94525	0.572
94575	0.580
94625	0.628
94675	0.608
94725	0.584
94775	0.560
94825	0.556
94875	0.536
94925	0.568
94975	0.620
95025	0.636
95075	0.636
95125	0.660
95175	0.656
95225	0.640
95275	0.640
95325	0.648
95375	0.640
95425	0.656
95475	0.664
95525	0.672
95575	0.652
95625	0.604
95675	0.580
95725	0.548
95775	0.536
95825	0.500
95875	0.520
95925	0.528
95975	0.524
96025	0.484
96075	0.548
96125	0.516
96175	0.504
96225	0.528
96275	0.508
96325	0.480
96375	0.508
96425	0.508
96475	0.488
96525	0.520
96575	0.536
96625	0.520
96675	0.488
96725	0.468
96775	0.476
96825	0.448
96875	0.456
96925	0.468
96975	0.448
97025	0.416
97075	0.400
97125	0.392
97175	0.396
97225	0.456
97275	0.484
97325	0.520
97375	0.508
97425	0.496
97475	0.468
97525	0.484
97575	0.468
97625	0.508
97675	0.548
97725	0.548
97775	0.500
97825	0.520
97875	0.524
97925	0.552
97975	0.604
98025	0.672
98075	0.680
98125	0.680
98175	0.640
98225	0.588
98275	0.580
98325	0.576
98375	0.576
98425	0.608
98475	0.656
98525	0.648
98575	0.652
98625	0.660
98675	0.620
98725	0.596
98775	0.584
98825	0.580
98875	0.548
98925	0.544
98975	0.528
99025	0.524
99075	0.504
99125	0.496
99175	0.488
99225	0.512
99275	0.508
99325	0.508
99375	0.516
99425	0.508
99475	0.488
99525	0.496
99575	0.484
99625	0.500
99675	0.508
99725	0.500
99775	0.488
99825	0.504
99875	0.504
99925	0.512
99975	0.500
100025	0.524
100075	0.492
100125	0.452
100175	0.476
100225	0.480
100275	0.484
100325	0.532
100375	0.572
100425	0.568
100475	0.584
100525	0.588
100575	0.584
100625	0.596
100675	0.592
100725	0.608
100775	0.616
100825	0.596
100875	0.588
100925	0.592
100975	0.572
101025	0.536
101075	0.548
101125	0.544
101175	0.548
101225	0.584
101275	0.612
101325	0.636
101375	0.620
101425	0.604
101475	0.600
101525	0.584
101575	0.576
101625	0.600
101675	0.628
101725	0.620
101775	0.620
101825	0.620
101875	0.628
101925	0.596
101975	0.576
102025	0.584
102075	0.576
102125	0.576
102175	0.572
102225	0.544
102275	0.508
102325	0.496
102375	0.496
102425	0.544
102475	0.576
102525	0.632
102575	0.636
102625	0.632
102675	0.596
102725	0.600
102775	0.592
102825	0.592
102875	0.576
102925	0.588
102975	0.600
103025	0.596
103075	0.584
103125	0.552
103175	0.536
103225	0.492
103275	0.468
103325	0.484
103375	0.500
103425	0.516
103475	0.556
103525	0.524
103575	0.500
103625	0.488
103675	0.444
103725	0.392
103775	0.404
103825	0.404
103875	0.404
103925	0.408
103975	0.408
104025	0.416
104075	0.396
104125	0.412
104175	0.428
104225	0.448
104275	0.440
104325	0.444
104375	0.448
104425	0.428
104475	0.396
104525	0.388
104575	0.416
104625	0.412
104675	0.420
104725	0.432
104775	0.436
104825	0.392
104875	0.388
104925	0.396
104975	0.424
105025	0.452
105075	0.480
105125	0.472
105175	0.492
105225	0.488
105275	0.484
105325	0.492
105375	0.484
105425	0.468
105475	0.480
105525	0.500
105575	0.512
105625	0.532
105675	0.528
105725	0.544
105775	0.536
105825	0.544
105875	0.588
105925	0.616
105975	0.632
106025	0.648
106075	0.684
106125	0.680
106175	0.724
106225	0.716
106275	0.736
106325	0.700
106375	0.692
106425	0.640
106475	0.636
106525	0.624
106575	0.636
106625	0.624
106675	0.636
106725	0.644
106775	0.612
106825	0.584
106875	0.580
106925	0.556
106975	0.556
107025	0.596
107075	0.628
107125	0.632
107175	0.644
107225	0.640
107275	0.636
107325	0.624
107375	0.624
107425	0.640
107475	0.628
107525	0.600
107575	0.596
107625	0.596
107675	0.600
107725	0.604
107775	0.600
107825	0.608
107875	0.612
107925	0.604
107975	0.608
108025	0.640
108075	0.636
108125	0.656
108175	0.660
108225	0.632
108275	0.624
108325	0.620
108375	0.608
108425	0.644
108475	0.676
108525	0.660
108575	0.668
108625	0.644
108675	0.600
108725	0.592
108775	0.576
108825	0.588
108875	0.592
108925	0.596
108975	0.592
109025	0.616
109075	0.584
109125	0.604
109175	0.604
109225	0.632
109275	0.608
109325	0.632
109375	0.620
109425	0.624
109475	0.600
109525	0.636
109575	0.636
109625	0.628
109675	0.640
109725	0.644
109775	0.624
109825	0.624
109875	0.632
109925	0.620
109975	0.640
110025	0.660
110075	0.664
110125	0.672
110175	0.664
110225	0.640
110275	0.636
110325	0.632
110375	0.628
110425	0.636
110475	0.640
110525	0.624
110575	0.640
110625	0.636
110675	0.620
110725	0.604
110775	0.584
110825	0.548
110875	0.540
110925	0.560
110975	0.584
111025	0.620
111075	0.628
111125	0.616
111175	0.584
111225	0.556
111275	0.520
111325	0.524
111375	0.544
111425	0.540
111475	0.528
111525	0.516
111575	0.508
111625	0.524
111675	0.544
111725	0.532
111775	0.544
111825	0.536
111875	0.512
111925	0.508
111975	0.528
112025	0.536
112075	0.540
112125	0.524
112175	0.528
112225	0.508
112275	0.492
112325	0.488
112375	0.492
112425	0.460
112475	0.492
112525	0.524
112575	0.540
112625	0.548
112675	0.580
112725	0.584
112775	0.612
112825	0.604
112875	0.592
112925	0.592
112975	0.544
113025	0.476
113075	0.444
113125	0.420
113175	0.396
113225	0.416
113275	0.444
113325	0.456
113375	0.492
113425	0.472
113475	0.464
113525	0.452
113575	0.432
113625	0.416
113675	0.428
113725	0.436
113775	0.384
113825	0.396
113875	0.432
113925	0.472
113975	0.500
114025	0.568
114075	0.620
114125	0.640
114175	0.640
114225	0.664
114275	0.680
114325	0.680
114375	0.652
114425	0.652
114475	0.644
114525	0.672
114575	0.676
114625	0.680
114675	0.700
114725	0.712
114775	0.684
114825	0.660
114875	0.688
114925	0.676
114975	0.676
115025	0.680
115075	0.696
115125	0.688
115175	0.696
115225	0.692
115275	0.688
115325	0.704
115375	0.692
115425	0.692
115475	0.724
115525	0.748
115575	0.744
115625	0.760
115675	0.764
115725	0.732
115775	0.704
115825	0.676
115875	0.656
115925	0.612
115975	0.572
116025	0.540
116075	0.532
116125	0.500
116175	0.480
116225	0.464
116275	0.484
116325	0.488
116375	0.508
116425	0.572
116475	0.584
116525	0.564
116575	0.540
116625	0.504
116675	0.452
116725	0.452
116775	0.412
116825	0.424
116875	0.464
116925	0.476
116975	0.484
117025	0.520
117075	0.500
117125	0.444
117175	0.444
117225	0.460
117275	0.468
117325	0.440
117375	0.476
117425	0.488
117475	0.456
117525	0.452
117575	0.480
117625	0.480
117675	0.484
117725	0.480
117775	0.456
117825	0.448
117875	0.440
117925	0.412
117975	0.420
118025	0.468
118075	0.504
118125	0.520
118175	0.548
118225	0.552
118275	0.544
118325	0.580
118375	0.600
118425	0.580
118475	0.552
118525	0.528
118575	0.496
118625	0.468
118675	0.508
118725	0.568
118775	0.604
118825	0.636
118875	0.672
118925	0.676
118975	0.708
119025	0.680
119075	0.612
119125	0.540
119175	0.464
119225	0.396
119275	0.404
119325	0.432
119375	0.508
119425	0.568
119475	0.584
119525	0.616
119575	0.628
119625	0.588
119675	0.576
119725	0.592
119775	0.544
119825	0.508
119875	0.552
119925	0.512
119975	0.488
120025	0.504
120075	0.504
120125	0.456
120175	0.492
120225	0.472
120275	0.452
120325	0.484
120375	0.516
120425	0.484
120475	0.516
120525	0.556
120575	0.540
120625	0.524
120675	0.548
120725	0.556
120775	0.520
120825	0.504
120875	0.452
120925	0.424
120975	0.388
121025	0.396
121075	0.408
121125	0.472
121175	0.528
121225	0.540
121275	0.564
121325	0.548
121375	0.512
121425	0.468
121475	0.456
121525	0.444
121575	0.456
121625	0.484
121675	0.492
121725	0.488
121775	0.468
121825	0.496
121875	0.484
121925	0.496
121975	0.516
122025	0.548
122075	0.548
122125	0.576
122175	0.596
122225	0.592
122275	0.564
122325	0.564
122375	0.560
122425	0.564
122475	0.584
122525	0.608
122575	0.596
122625	0.576
122675	0.580
122725	0.580
122775	0.608
122825	0.604
122875	0.624
122925	0.600
122975	0.572
123025	0.540
123075	0.572
123125	0.560
123175	0.568
123225	0.584
123275	0.572
123325	0.548
123375	0.524
123425	0.504
123475	0.504
123525	0.504
123575	0.504
123625	0.536
123675	0.540
123725	0.536
123775	0.532
123825	0.540
123875	0.540
123925	0.552
123975	0.556
124025	0.564
124075	0.532
124125	0.488
124175	0.464
124225	0.476
124275	0.480
124325	0.528
124375	0.548
124425	0.552
124475	0.512
124525	0.504
124575	0.472
124625	0.464
124675	0.456
124725	0.492
124775	0.524
124825	0.540
124875	0.540
124925	0.540
124975	0.508
125025	0.476
125075	0.468
125125	0.500
125175	0.516
125225	0.500
125275	0.500
125325	0.492
125375	0.456
125425	0.460
125475	0.480
125525	0.468
125575	0.456
125625	0.432
125675	0.412
125725	0.412
125775	0.404
125825	0.392
125875	0.428
125925	0.448
125975	0.468
126025	0.492
126075	0.500
126125	0.476
126175	0.460
126225	0.436
126275	0.420
126325	0.444
126375	0.476
126425	0.492
126475	0.544
126525	0.560
126575	0.580
126625	0.596
126675	0.608
126725	0.592
126775	0.616
126825	0.600
126875	0.584
126925	0.592
126975	0.568
127025	0.556
127075	0.572
127125	0.572
127175	0.552
127225	0.568
127275	0.544
127325	0.536
127375	0.532
127425	0.540
127475	0.536
127525	0.560
127575	0.552
127625	0.572
127675	0.572
127725	0.576
127775	0.572
127825	0.560
127875	0.532
127925	0.524
127975	0.520
128025	0.536
128075	0.540
128125	0.540
128175	0.560
128225	0.576
128275	0.572
128325	0.584
128375	0.616
128425	0.620
128475	0.628
128525	0.604
128575	0.584
128625	0.580
128675	0.564
128725	0.540
128775	0.540
128825	0.552
128875	0.528
128925	0.544
128975	0.556
129025	0.560
129075	0.572
129125	0.588
129175	0.588
129225	0.584
129275	0.592
129325	0.584
129375	0.580
129425	0.548
129475	0.536
129525	0.552
129575	0.548
129625	0.556
129675	0.568
129725	0.588
129775	0.572
129825	0.568
129875	0.576
129925	0.560
129975	0.560
130025	0.556
130075	0.572
130125	0.576
130175	0.592
130225	0.564
130275	0.588
130325	0.572
130375	0.576
130425	0.572
130475	0.592
130525	0.584
130575	0.596
130625	0.560
130675	0.556
130725	0.552
130775	0.548
130825	0.532
130875	0.524
130925	0.504
130975	0.480
131025	0.444
131075	0.460
131125	0.496
131175	0.528
131225	0.556
131275	0.584
131325	0.576
131375	0.560
131425	0.560
131475	0.552
131525	0.560
131575	0.556
131625	0.544
131675	0.548
131725	0.564
131775	0.552
131825	0.548
131875	0.560
131925	0.532
131975	0.496
132025	0.500
132075	0.516
132125	0.488
132175	0.488
132225	0.536
132275	0.540
132325	0.540
132375	0.564
132425	0.584
132475	0.568
132525	0.560
132575	0.552
132625	0.560
132675	0.552
132725	0.548
132775	0.560
132825	0.556
132875	0.532
132925	0.536
132975	0.516
133025	0.496
133075	0.496
133125	0.508
133175	0.484
133225	0.472
133275	0.460
133325	0.468
133375	0.472
133425	0.484
133475	0.512
133525	0.516
133575	0.500
133625	0.488
133675	0.504
133725	0.476
133775	0.476
133825	0.484
133875	0.476
133925	0.456
133975	0.516
134025	0.516
134075	0.500
134125	0.504
134175	0.512
134225	0.464
134275	0.492
134325	0.496
134375	0.492
134425	0.476
134475	0.480
134525	0.444
134575	0.468
134625	0.512
134675	0.556
134725	0.568
134775	0.588
134825	0.596
134875	0.584
134925	0.552
134975	0.560
135025	0.572
135075	0.568
135125	0.588
135175	0.616
135225	0.616
135275	0.640
135325	0.632
135375	0.604
135425	0.584
135475	0.564
135525	0.544
135575	0.544
135625	0.568
135675	0.580
135725	0.616
135775	0.636
135825	0.648
135875	0.632
135925	0.608
135975	0.628
136025	0.600
136075	0.608
136125	0.628
136175	0.644
136225	0.580
136275	0.560
136325	0.540
136375	0.528
136425	0.556
136475	0.596
136525	0.640
136575	0.636
136625	0.620
136675	0.604
136725	0.612
136775	0.584
136825	0.612
136875	0.628
136925	0.612
136975	0.584
137025	0.584
137075	0.556
137125	0.532
137175	0.532
137225	0.548
137275	0.532
137325	0.520
137375	0.528
137425	0.548
137475	0.536
137525	0.568
137575	0.584
137625	0.592
137675	0.596
137725	0.608
137775	0.600
137825	0.628
137875	0.636
137925	0.624
137975	0.604
138025	0.600
138075	0.564
138125	0.556
138175	0.556
138225	0.544
138275	0.524
138325	0.548
138375	0.552
138425	0.556
138475	0.584
138525	0.564
138575	0.516
138625	0.484
138675	0.440
138725	0.388
138775	0.380
138825	0.416
138875	0.452
138925	0.440
138975	0.460
139025	0.472
139075	0.468
139125	0.456
139175	0.516
139225	0.556
139275	0.616
139325	0.624
139375	0.640
139425	0.628
139475	0.624
139525	0.608
139575	0.596
139625	0.596
139675	0.588
139725	0.576
139775	0.584
139825	0.588
139875	0.576
139925	0.580
139975	0.568
140025	0.564
140075	0.572
140125	0.588
140175	0.560
140225	0.548
140275	0.540
140325	0.544
140375	0.548
140425	0.544
140475	0.532
140525	0.512
140575	0.476
140625	0.444
140675	0.500
140725	0.532
140775	0.532
140825	0.544
140875	0.508
140925	0.456
140975	0.424
141025	0.428
141075	0.424
141125	0.444
141175	0.476
141225	0.544
141275	0.568
141325	0.592
141375	0.632
141425	0.604
141475	0.544
141525	0.508
141575	0.484
141625	0.468
141675	0.480
141725	0.476
141775	0.484
141825	0.476
141875	0.464
141925	0.456
141975	0.468
142025	0.488
142075	0.512
142125	0.508
142175	0.500
142225	0.508
142275	0.492
142325	0.460
142375	0.444
142425	0.476
142475	0.452
142525	0.444
142575	0.484
142625	0.516
142675	0.524
142725	0.556
142775	0.544
142825	0.544
142875	0.528
142925	0.492
142975	0.504
143025	0.528
143075	0.512
143125	0.492
143175	0.516
143225	0.500
143275	0.496
143325	0.488
143375	0.512
143425	0.500
143475	0.520
143525	0.548
143575	0.572
143625	0.580
143675	0.612
143725	0.588
143775	0.536
143825	0.544
143875	0.556
143925	0.520
143975	0.548
144025	0.616
144075	0.608
144125	0.600
144175	0.644
144225	0.636
144275	0.628
144325	0.644
144375	0.664
144425	0.672
144475	0.676
144525	0.640
144575	0.596
144625	0.572
144675	0.544
144725	0.548
144775	0.564
144825	0.576
144875	0.568
144925	0.564
144975	0.564
145025	0.552
145075	0.552
145125	0.564
145175	0.564
145225	0.564
145275	0.568
145325	0.564
145375	0.552
145425	0.536
145475	0.500
145525	0.500
145575	0.492
145625	0.508
145675	0.528
145725	0.560
145775	0.600
145825	0.636
145875	0.636
145925	0.656
145975	0.660
146025	0.616
146075	0.608
146125	0.600
146175	0.580
146225	0.588
146275	0.612
146325	0.604
146375	0.616
146425	0.644
146475	0.660
146525	0.660
146575	0.688
146625	0.688
146675	0.656
146725	0.616
146775	0.588
146825	0.524
146875	0.508
146925	0.492
146975	0.500
147025	0.504
147075	0.540
147125	0.540
147175	0.564
147225	0.556
147275	0.608
147325	0.612
147375	0.636
147425	0.664
147475	0.680
147525	0.660
147575	0.668
147625	0.688
147675	0.660
147725	0.664
147775	0.644
147825	0.652
147875	0.612
147925	0.604
147975	0.596
148025	0.584
148075	0.564
148125	0.560
148175	0.560
148225	0.528
148275	0.564
148325	0.572
148375	0.572
148425	0.556
148475	0.604
148525	0.588
148575	0.584
148625	0.592
148675	0.640
148725	0.652
148775	0.652
148825	0.668
148875	0.684
148925	0.688
148975	0.676
149025	0.708
149075	0.696
149125	0.676
149175	0.660
149225	0.656
149275	0.640
149325	0.640
149375	0.644
149425	0.620
149475	0.612
149525	0.600
149575	0.604
149625	0.624
149675	0.640
149725	0.660
149775	0.660
149825	0.676
149875	0.688
149925	0.692
149975	0.644
150025	0.656
150075	0.652
150125	0.620
150175	0.620
150225	0.632
150275	0.584
150325	0.572
150375	0.540
150425	0.496
150475	0.484
150525	0.468
150575	0.428
150625	0.460
150675	0.448
150725	0.428
150775	0.412
150825	0.432
150875	0.420
150925	0.420
150975	0.404
151025	0.428
151075	0.416
151125	0.400
151175	0.416
151225	0.444
151275	0.476
151325	0.484
151375	0.524
151425	0.560
151475	0.564
151525	0.576
151575	0.588
151625	0.572
151675	0.560
151725	0.596
151775	0.592
151825	0.608
151875	0.576
151925	0.572
151975	0.536
152025	0.528
152075	0.516
152125	0.568
152175	0.576
152225	0.576
152275	0.532
152325	0.464
152375	0.424
152425	0.412
152475	0.428
152525	0.444
152575	0.480
152625	0.480
152675	0.468
152725	0.448
152775	0.456
152825	0.468
152875	0.488
152925	0.496
152975	0.468
153025	0.464
153075	0.456
153125	0.444
153175	0.424
153225	0.452
153275	0.444
153325	0.452
153375	0.476
153425	0.560
153475	0.608
153525	0.660
153575	0.708
153625	0.732
153675	0.712
153725	0.700
153775	0.720
153825	0.712
153875	0.708
153925	0.700
153975	0.700
154025	0.676
154075	0.684
154125	0.672
154175	0.652
154225	0.652
154275	0.632
154325	0.608
154375	0.576
154425	0.580
154475	0.560
154525	0.568
154575	0.568
154625	0.596
154675	0.608
154725	0.608
154775	0.612
154825	0.612
154875	0.620
154925	0.600
154975	0.600
155025	0.588
155075	0.608
155125	0.608
155175	0.640
155225	0.668
155275	0.684
155325	0.664
155375	0.648
155425	0.620
155475	0.632
155525	0.620
155575	0.612
155625	0.620
155675	0.636
155725	0.624
155775	0.644
155825	0.696
155875	0.704
155925	0.716
155975	0.716
156025	0.704
156075	0.644
156125	0.612
156175	0.596
156225	0.572
156275	0.544
156325	0.552
156375	0.572
156425	0.580
156475	0.600
156525	0.628
156575	0.600
156625	0.560
156675	0.544
156725	0.500
156775	0.456
156825	0.468
156875	0.484
156925	0.456
156975	0.460
157025	0.484
157075	0.496
157125	0.500
157175	0.508
157225	0.524
157275	0.508
157325	0.508
157375	0.496
157425	0.492
157475	0.500
157525	0.520
157575	0.520
157625	0.552
157675	0.560
157725	0.560
157775	0.560
157825	0.552
157875	0.540
157925	0.572
157975	0.564
158025	0.560
158075	0.560
158125	0.556
158175	0.520
158225	0.516
158275	0.528
158325	0.540
158375	0.548
158425	0.552
158475	0.544
158525	0.528
158575	0.536
158625	0.540
158675	0.552
158725	0.564
158775	0.580
158825	0.568
158875	0.532
158925	0.508
158975	0.516
159025	0.480
159075	0.496
159125	0.520
159175	0.524
159225	0.508
159275	0.548
159325	0.536
159375	0.508
159425	0.488
159475	0.476
159525	0.416
159575	0.420
159625	0.440
159675	0.436
159725	0.452
159775	0.504
159825	0.516
159875	0.500
159925	0.552
159975	0.564
160025	0.576
160075	0.532
160125	0.544
160175	0.524
160225	0.512
160275	0.496
160325	0.552
160375	0.568
160425	0.568
160475	0.588
160525	0.612
160575	0.552
160625	0.540
160675	0.536
160725	0.492
160775	0.460
160825	0.492
160875	0.512
160925	0.520
160975	0.524
161025	0.544
161075	0.520
161125	0.504
161175	0.508
161225	0.524
161275	0.488
161325	0.512
161375	0.536
161425	0.552
161475	0.532
161525	0.508
161575	0.508
161625	0.452
161675	0.396
161725	0.408
161775	0.452
161825	0.428
161875	0.456
161925	0.500
161975	0.536
162025	0.524
162075	0.532
162125	0.552
162175	0.568
162225	0.524
162275	0.540
162325	0.524
162375	0.496
162425	0.460
162475	0.436
162525	0.432
162575	0.464
162625	0.484
162675	0.468
162725	0.504
162775	0.516
162825	0.536
162875	0.532
162925	0.564
162975	0.572
163025	0.564
163075	0.552
163125	0.556
163175	0.544
163225	0.564
163275	0.560
163325	0.560
163375	0.568
163425	0.600
163475	0.596
163525	0.592
163575	0.584
163625	0.580
163675	0.536
163725	0.500
163775	0.500
163825	0.488
163875	0.480
163925	0.488
163975	0.492
164025	0.480
164075	0.476
164125	0.444
164175	0.452
164225	0.488
164275	0.504
164325	0.536
164375	0.572
164425	0.576
164475	0.564
164525	0.580
164575	0.564
164625	0.556
164675	0.576
164725	0.588
164775	0.588
164825	0.596
164875	0.604
164925	0.600
164975	0.580
165025	0.552
165075	0.540
165125	0.560
165175	0.540
165225	0.544
165275	0.576
165325	0.596
165375	0.584
165425	0.584
165475	0.584
165525	0.576
165575	0.544
165625	0.512
165675	0.492
165725	0.476
165775	0.456
165825	0.468
165875	0.484
165925	0.520
165975	0.528
166025	0.536
166075	0.548
166125	0.532
166175	0.540
166225	0.556
166275	0.556
166325	0.564
166375	0.596
166425	0.572
166475	0.576
166525	0.568
166575	0.532
166625	0.516
166675	0.520
166725	0.508
166775	0.512
166825	0.548
166875	0.552
166925	0.544
166975	0.528
167025	0.560
167075	0.512
167125	0.496
167175	0.488
167225	0.496
167275	0.476
167325	0.492
167375	0.484
167425	0.508
167475	0.528
167525	0.524
167575	0.552
167625	0.592
167675	0.568
167725	0.544
167775	0.532
167825	0.536
167875	0.520
167925	0.532
167975	0.512
168025	0.528
168075	0.508
168125	0.472
168175	0.472
168225	0.504
168275	0.516
168325	0.512
168375	0.544
168425	0.536
168475	0.540
168525	0.536
168575	0.528
168625	0.532
168675	0.552
168725	0.564
168775	0.572
168825	0.604
168875	0.616
168925	0.604
168975	0.592
169025	0.556
169075	0.552
169125	0.524
169175	0.548
169225	0.588
169275	0.608
169325	0.632
169375	0.656
169425	0.668
169475	0.636
169525	0.608
169575	0.532
169625	0.492
169675	0.420
169725	0.396
169775	0.412
169825	0.456
169875	0.440
169925	0.400
169975	0.368
170025	0.336
170075	0.332
170125	0.372
170175	0.452
170225	0.460
170275	0.508
170325	0.500
170375	0.496
170425	0.480
170475	0.496
170525	0.476
170575	0.476
170625	0.484
170675	0.520
170725	0.500
170775	0.508
170825	0.500
170875	0.508
170925	0.476
170975	0.512
171025	0.492
171075	0.500
171125	0.488
171175	0.492
171225	0.492
171275	0.524
171325	0.524
171375	0.540
171425	0.548
171475	0.536
171525	0.528
171575	0.520
171625	0.488
171675	0.504
171725	0.524
171775	0.512
171825	0.516
171875	0.540
171925	0.528
171975	0.520
172025	0.532
172075	0.536
172125	0.528
172175	0.508
172225	0.524
172275	0.516
172325	0.532
172375	0.536
172425	0.552
172475	0.508
172525	0.508
172575	0.512
172625	0.516
172675	0.508
172725	0.544
172775	0.548
172825	0.516
172875	0.500
172925	0.520
172975	0.536
173025	0.536
173075	0.540
173125	0.544
173175	0.532
173225	0.500
173275	0.520
173325	0.520
173375	0.536
173425	0.512
173475	0.496
173525	0.476
173575	0.484
173625	0.472
173675	0.488
173725	0.484
173775	0.476
173825	0.476
173875	0.480
173925	0.464
173975	0.468
174025	0.460
174075	0.444
174125	0.432
174175	0.424
174225	0.416
174275	0.428
174325	0.408
174375	0.412
174425	0.424
174475	0.428
174525	0.412
174575	0.432
174625	0.412
174675	0.444
174725	0.472
174775	0.468
174825	0.468
174875	0.480
174925	0.500
174975	0.480
175025	0.496
175075	0.512
175125	0.532
175175	0.492
175225	0.504
175275	0.504
175325	0.528
175375	0.516
175425	0.496
175475	0.484
175525	0.536
175575	0.540
175625	0.552
175675	0.588
175725	0.632
175775	0.592
175825	0.556
175875	0.544
175925	0.544
175975	0.516
176025	0.520
176075	0.556
176125	0.576
176175	0.592
176225	0.612
176275	0.640
176325	0.640
176375	0.648
176425	0.656
176475	0.640
176525	0.576
176575	0.528
176625	0.500
176675	0.456
176725	0.424
176775	0.436
176825	0.452
176875	0.492
176925	0.492
176975	0.516
177025	0.516
177075	0.508
177125	0.456
177175	0.460
177225	0.476
177275	0.492
177325	0.512
177375	0.532
177425	0.528
177475	0.520
177525	0.508
177575	0.508
177625	0.524
177675	0.524
177725	0.512
177775	0.520
177825	0.520
177875	0.504
177925	0.488
177975	0.488
178025	0.476
178075	0.456
178125	0.456
178175	0.492
178225	0.500
178275	0.508
178325	0.512
178375	0.504
178425	0.484
178475	0.496
178525	0.516
178575	0.532
178625	0.536
178675	0.548
178725	0.528
178775	0.532
178825	0.516
178875	0.516
178925	0.512
178975	0.516
179025	0.464
179075	0.456
179125	0.440
179175	0.436
179225	0.432
179275	0.476
179325	0.516
179375	0.536
179425	0.528
179475	0.548
179525	0.528
179575	0.484
179625	0.460
179675	0.464
179725	0.460
179775	0.460
179825	0.480
179875	0.496
179925	0.500
179975	0.500
180025	0.508
180075	0.516
180125	0.508
180175	0.504
180225	0.496
180275	0.500
180325	0.472
180375	0.488
180425	0.468
180475	0.468
180525	0.452
180575	0.460
180625	0.456
180675	0.508
180725	0.512
180775	0.528
180825	0.548
180875	0.548
180925	0.528
180975	0.532
181025	0.512
181075	0.460
181125	0.472
181175	0.488
181225	0.496
181275	0.524
181325	0.600
181375	0.576
181425	0.564
181475	0.536
181525	0.492
181575	0.436
181625	0.448
181675	0.424
181725	0.416
181775	0.456
181825	0.492
181875	0.508
181925	0.532
181975	0.556
182025	0.568
182075	0.556
182125	0.552
182175	0.544
182225	0.528
182275	0.504
182325	0.516
182375	0.524
182425	0.536
182475	0.544
182525	0.568
182575	0.568
182625	0.544
182675	0.500
182725	0.512
182775	0.508
182825	0.488
182875	0.484
182925	0.508
182975	0.508
183025	0.488
183075	0.464
183125	0.496
183175	0.524
183225	0.516
183275	0.508
183325	0.556
183375	0.564
183425	0.572
183475	0.584
183525	0.636
183575	0.636
183625	0.628
183675	0.640
183725	0.624
183775	0.600
183825	0.576
183875	0.548
183925	0.524
183975	0.568
184025	0.556
184075	0.568
184125	0.584
184175	0.572
184225	0.524
184275	0.508
184325	0.500
184375	0.484
184425	0.464
184475	0.480
184525	0.508
184575	0.524
184625	0.520
184675	0.568
184725	0.548
184775	0.532
184825	0.520
184875	0.536
184925	0.528
184975	0.556
185025	0.560
185075	0.540
185125	0.520
185175	0.516
185225	0.492
185275	0.476
185325	0.468
185375	0.452
185425	0.424
185475	0.428
185525	0.440
185575	0.476
185625	0.488
185675	0.488
185725	0.496
185775	0.492
185825	0.484
185875	0.496
185925	0.480
185975	0.460
186025	0.440
186075	0.424
186125	0.444
186175	0.480
186225	0.500
186275	0.544
186325	0.564
186375	0.572
186425	0.536
186475	0.524
186525	0.476
186575	0.500
186625	0.464
186675	0.476
186725	0.508
186775	0.560
186825	0.576
186875	0.612
186925	0.628
186975	0.604
187025	0.580
187075	0.548
187125	0.524
187175	0.524
187225	0.520
187275	0.508
187325	0.484
187375	0.472
187425	0.440
187475	0.424
187525	0.436
187575	0.444
187625	0.456
187675	0.512
187725	0.528
187775	0.544
187825	0.572
187875	0.620
187925	0.580
187975	0.572
188025	0.548
188075	0.524
188125	0.464
188175	0.456
188225	0.484
188275	0.484
188325	0.464
188375	0.444
188425	0.436
188475	0.424
188525	0.452
188575	0.448
188625	0.452
188675	0.476
188725	0.460
188775	0.456
188825	0.472
188875	0.500
188925	0.504
188975	0.532
189025	0.536
189075	0.544
189125	0.560
189175	0.540
189225	0.548
189275	0.548
189325	0.556
189375	0.544
189425	0.572
189475	0.556
189525	0.548
189575	0.548
189625	0.564
189675	0.556
189725	0.560
189775	0.592
189825	0.596
189875	0.592
189925	0.620
189975	0.628
190025	0.580
190075	0.548
190125	0.528
190175	0.516
190225	0.504
190275	0.516
190325	0.532
190375	0.536
190425	0.516
190475	0.484
190525	0.472
190575	0.472
190625	0.468
190675	0.436
190725	0.464
190775	0.452
190825	0.424
190875	0.444
190925	0.524
190975	0.548
191025	0.560
191075	0.592
191125	0.572
191175	0.548
191225	0.540
191275	0.584
191325	0.624
191375	0.656
191425	0.652
191475	0.652
191525	0.596
191575	0.540
191625	0.516
191675	0.480
191725	0.444
191775	0.428
191825	0.424
191875	0.432
191925	0.460
191975	0.472
192025	0.528
192075	0.572
192125	0.556
192175	0.556
192225	0.556
192275	0.540
192325	0.508
192375	0.504
192425	0.508
192475	0.492
192525	0.488
192575	0.488
192625	0.512
192675	0.496
192725	0.508
192775	0.504
192825	0.508
192875	0.496
192925	0.512
192975	0.520
193025	0.528
193075	0.524
193125	0.528
193175	0.508
193225	0.524
193275	0.516
193325	0.532
193375	0.540
193425	0.548
193475	0.524
193525	0.520
193575	0.520
193625	0.520
193675	0.512
193725	0.512
193775	0.504
193825	0.500
193875	0.512
193925	0.504
193975	0.500
194025	0.524
194075	0.504
194125	0.460
194175	0.452
194225	0.448
194275	0.408
194325	0.416
194375	0.464
194425	0.508
194475	0.532
194525	0.576
194575	0.576
194625	0.552
194675	0.540
194725	0.516
194775	0.524
194825	0.536
194875	0.520
194925	0.564
194975	0.608
195025	0.604
195075	0.632
195125	0.664
195175	0.636
195225	0.624
195275	0.636
195325	0.648
195375	0.648
195425	0.644
195475	0.628
195525	0.640
195575	0.640
195625	0.644
195675	0.660
195725	0.692
195775	0.648
195825	0.616
195875	0.608
195925	0.588
195975	0.584
196025	0.588
196075	0.556
196125	0.512
196175	0.484
196225	0.472
196275	0.424
196325	0.428
196375	0.444
196425	0.440
196475	0.416
196525	0.456
196575	0.484
196625	0.480
196675	0.472
196725	0.488
196775	0.508
196825	0.488
196875	0.520
196925	0.544
196975	0.552
197025	0.520
197075	0.528
197125	0.540
197175	0.572
197225	0.588
197275	0.612
197325	0.616
197375	0.588
197425	0.568
197475	0.548
197525	0.552
197575	0.544
197625	0.544
197675	0.556
197725	0.564
197775	0.564
197825	0.572
197875	0.588
197925	0.584
197975	0.576
198025	0.568
198075	0.548
198125	0.528
198175	0.520
198225	0.512
198275	0.492
198325	0.492
198375	0.476
198425	0.460
198475	0.456
198525	0.452
198575	0.472
198625	0.464
198675	0.472
198725	0.472
198775	0.476
198825	0.444
198875	0.460
198925	0.432
198975	0.416
199025	0.412
199075	0.420
199125	0.416
199175	0.440
199225	0.460
199275	0.468
199325	0.456
199375	0.496
199425	0.504
199475	0.492
199525	0.524
199575	0.536
199625	0.512
199675	0.488
199725	0.480
199775	0.452
199825	0.496
199875	0.516
199925	0.552
199975	0.588
200025	0.632
200075	0.612
200125	0.624
200175	0.596
200225	0.580
200275	0.524
200325	0.516
200375	0.484
200425	0.476
200475	0.496
200525	0.532
200575	0.556
200625	0.584
200675	0.612
200725	0.592
200775	0.600
200825	0.556
200875	0.508
200925	0.500
200975	0.504
201025	0.504
201075	0.528
201125	0.528
201175	0.512
201225	0.492
201275	0.472
201325	0.484
201375	0.484
201425	0.488
201475	0.488
201525	0.516
201575	0.508
201625	0.520
201675	0.532
201725	0.540
201775	0.532
201825	0.508
201875	0.516
201925	0.496
201975	0.484
202025	0.464
202075	0.480
202125	0.448
202175	0.452
202225	0.456
202275	0.452
202325	0.480
202375	0.520
202425	0.556
202475	0.576
202525	0.580
202575	0.576
202625	0.588
202675	0.584
202725	0.564
202775	0.592
202825	0.560
202875	0.556
202925	0.540
202975	0.536
203025	0.496
203075	0.520
203125	0.524
203175	0.508
203225	0.544
203275	0.560
203325	0.524
203375	0.504
203425	0.524
203475	0.488
203525	0.480
203575	0.508
203625	0.504
203675	0.496
203725	0.516
203775	0.536
203825	0.540
203875	0.568
203925	0.580
203975	0.580
204025	0.576
204075	0.596
204125	0.580
204175	0.572
204225	0.580
204275	0.568
204325	0.552
204375	0.528
204425	0.520
204475	0.520
204525	0.540
204575	0.536
204625	0.572
204675	0.600
204725	0.608
204775	0.608
204825	0.620
204875	0.620
204925	0.624
204975	0.628
205025	0.628
205075	0.620
205125	0.632
205175	0.616
205225	0.608
205275	0.616
205325	0.620
205375	0.600
205425	0.604
205475	0.600
205525	0.580
205575	0.576
205625	0.584
205675	0.584
205725	0.596
205775	0.588
205825	0.600
205875	0.588
205925	0.588
205975	0.596
206025	0.616
206075	0.640
206125	0.656
206175	0.668
206225	0.688
206275	0.696
206325	0.684
206375	0.668
206425	0.656
206475	0.624
206525	0.620
206575	0.624
206625	0.624
206675	0.652
206725	0.644
206775	0.620
206825	0.568
206875	0.560
206925	0.512
206975	0.500
207025	0.496
207075	0.500
207125	0.480
207175	0.484
207225	0.476
207275	0.472
207325	0.480
207375	0.508
207425	0.512
207475	0.512
207525	0.552
207575	0.560
207625	0.580
207675	0.592
207725	0.624
207775	0.624
207825	0.644
207875	0.624
207925	0.636
207975	0.640
208025	0.628
208075	0.624
208125	0.648
208175	0.616
208225	0.600
208275	0.592
208325	0.544
208375	0.508
208425	0.484
208475	0.448
208525	0.448
208575	0.496
208625	0.500
208675	0.512
208725	0.528
208775	0.484
208825	0.464
208875	0.476
208925	0.508
208975	0.540
209025	0.572
209075	0.580
209125	0.572
209175	0.544
209225	0.504
209275	0.468
209325	0.436
209375	0.440
209425	0.428
209475	0.416
209525	0.424
209575	0.424
209625	0.428
209675	0.440
209725	0.468
209775	0.516
209825	0.552
209875	0.556
209925	0.588
209975	0.580
210025	0.576
210075	0.576
210125	0.576
210175	0.580
210225	0.616
210275	0.628
210325	0.632
210375	0.624
210425	0.632
210475	0.632
210525	0.616
210575	0.616
210625	0.632
210675	0.624
210725	0.632
210775	0.656
210825	0.680
210875	0.696
210925	0.664
210975	0.620
211025	0.588
211075	0.516
211125	0.456
211175	0.416
211225	0.416
211275	0.400
211325	0.420
211375	0.444
211425	0.504
211475	0.544
211525	0.568
211575	0.600
211625	0.616
211675	0.624
211725	0.636
211775	0.676
211825	0.696
211875	0.700
211925	0.716
211975	0.672
212025	0.656
212075	0.656
212125	0.628
212175	0.604
212225	0.628
212275	0.596
212325	0.592
212375	0.652
212425	0.668
212475	0.700
212525	0.728
212575	0.736
212625	0.716
212675	0.676
212725	0.620
212775	0.576
212825	0.540
212875	0.500
212925	0.508
212975	0.512
213025	0.496
213075	0.504
213125	0.532
213175	0.520
213225	0.492
213275	0.504
213325	0.480
213375	0.428
213425	0.452
213475	0.472
213525	0.480
213575	0.496
213625	0.556
213675	0.552
213725	0.532
213775	0.540
213825	0.524
213875	0.492
213925	0.496
213975	0.520
214025	0.516
214075	0.524
214125	0.532
214175	0.528
214225	0.520
214275	0.520
214325	0.520
214375	0.512
214425	0.504
214475	0.496
214525	0.500
214575	0.512
214625	0.504
214675	0.496
214725	0.524
214775	0.532
214825	0.508
214875	0.500
214925	0.520
214975	0.472
215025	0.460
215075	0.464
215125	0.456
215175	0.460
215225	0.488
215275	0.492
215325	0.504
215375	0.516
215425	0.516
215475	0.532
215525	0.524
215575	0.488
215625	0.504
215675	0.496
215725	0.460
215775	0.468
215825	0.484
215875	0.472
215925	0.448
215975	0.468
216025	0.464
216075	0.472
216125	0.464
216175	0.476
216225	0.488
216275	0.484
216325	0.504
216375	0.504
216425	0.512
216475	0.508
216525	0.508
216575	0.488
216625	0.492
216675	0.476
216725	0.460
216775	0.460
216825	0.452
216875	0.452
216925	0.464
216975	0.492
217025	0.480
217075	0.492
217125	0.492
217175	0.508
217225	0.508
217275	0.536
217325	0.552
217375	0.544
217425	0.532
217475	0.512
217525	0.480
217575	0.456
217625	0.480
217675	0.468
217725	0.456
217775	0.484
217825	0.496
217875	0.500
217925	0.504
217975	0.504
218025	0.484
218075	0.480
218125	0.452
218175	0.452
218225	0.460
218275	0.472
218325	0.480
218375	0.516
218425	0.508
218475	0.492
218525	0.500
218575	0.492
218625	0.492
218675	0.488
218725	0.500
218775	0.480
218825	0.496
218875	0.492
218925	0.500
218975	0.512
219025	0.532
219075	0.512
219125	0.504
219175	0.500
219225	0.508
219275	0.500
219325	0.496
219375	0.484
219425	0.512
219475	0.508
219525	0.496
219575	0.492
219625	0.476
219675	0.468
219725	0.488
219775	0.496
219825	0.508
219875	0.564
219925	0.572
219975	0.548
220025	0.576
220075	0.560
220125	0.560
220175	0.544
220225	0.552
220275	0.536
220325	0.552
220375	0.536
220425	0.564
220475	0.556
220525	0.580
220575	0.576
220625	0.560
220675	0.552
220725	0.540
220775	0.500
220825	0.492
220875	0.496
220925	0.476
220975	0.520
221025	0.536
221075	0.544
221125	0.532
221175	0.532
221225	0.516
221275	0.540
221325	0.552
221375	0.572
221425	0.544
221475	0.516
221525	0.488
221575	0.480
221625	0.488
221675	0.524
221725	0.548
221775	0.556
221825	0.528
221875	0.480
221925	0.476
221975	0.472
222025	0.464
222075	0.468
222125	0.488
222175	0.472
222225	0.452
222275	0.452
222325	0.500
222375	0.504
222425	0.564
222475	0.624
222525	0.664
222575	0.656
222625	0.668
222675	0.640
222725	0.616
222775	0.580
222825	0.580
222875	0.576
222925	0.580
222975	0.592
223025	0.592
223075	0.588
223125	0.588
223175	0.568
223225	0.536
223275	0.544
223325	0.536
223375	0.504
223425	0.504
223475	0.524
223525	0.524
223575	0.512
223625	0.524
223675	0.524
223725	0.516
223775	0.524
223825	0.536
223875	0.572
223925	0.588
223975	0.596
224025	0.584
224075	0.572
224125	0.564
224175	0.560
224225	0.548
224275	0.560
224325	0.580
224375	0.572
224425	0.576
224475	0.584
224525	0.572
224575	0.572
224625	0.584
224675	0.576
224725	0.556
224775	0.532
224825	0.520
224875	0.500
224925	0.488
224975	0.480
225025	0.472
225075	0.468
225125	0.448
225175	0.420
225225	0.420
225275	0.460
225325	0.456
225375	0.500
225425	0.564
225475	0.600
225525	0.568
225575	0.576
225625	0.576
225675	0.520
225725	0.472
225775	0.492
225825	0.496
225875	0.476
225925	0.500
225975	0.536
226025	0.532
226075	0.536
226125	0.580
226175	0.608
226225	0.592
226275	0.612
226325	0.604
226375	0.532
226425	0.480
226475	0.472
226525	0.436
226575	0.428
226625	0.460
226675	0.480
226725	0.508
226775	0.540
226825	0.532
226875	0.504
226925	0.476
226975	0.464
227025	0.436
227075	0.460
227125	0.492
227175	0.532
227225	0.544
227275	0.556
227325	0.560
227375	0.536
227425	0.508
227475	0.488
227525	0.452
227575	0.432
227625	0.432
227675	0.452
227725	0.432
227775	0.428
227825	0.396
227875	0.432
227925	0.388
227975	0.372
228025	0.328
228075	0.276
228125	0.196
228175	0.160
228225	0.140
228275	0.176
228325	0.216
228375	0.212
228425	0.204
228475	0.176
228525	0.140
228575	0.124
228625	0.112
228675	0.116
228725	0.128
228775	0.120
228825	0.100
228875	0.112
228925	0.112
228975	0.128
229025	0.140
229075	0.152
229125	0.136
229175	0.136
229225	0.116
229275	0.120
229325	0.128
229375	0.144
229425	0.180
229475	0.204
229525	0.220
229575	0.204
229625	0.188
229675	0.144
229725	0.140
229775	0.144
229825	0.172
229875	0.204
229925	0.232
229975	0.248
230025	0.280
230075	0.288
230125	0.328
230175	0.352
230225	0.360
