Position	Percent G+C 1 .. 33670
125	0.200
175	0.220
225	0.232
275	0.244
325	0.272
375	0.256
425	0.260
475	0.284
525	0.232
575	0.208
625	0.220
675	0.200
725	0.184
775	0.212
825	0.200
875	0.196
925	0.188
975	0.180
1025	0.188
1075	0.204
1125	0.220
1175	0.232
1225	0.236
1275	0.236
1325	0.256
1375	0.240
1425	0.228
1475	0.208
1525	0.208
1575	0.188
1625	0.208
1675	0.204
1725	0.224
1775	0.208
1825	0.212
1875	0.184
1925	0.200
1975	0.212
2025	0.244
2075	0.220
2125	0.208
2175	0.196
2225	0.164
2275	0.132
2325	0.156
2375	0.176
2425	0.168
2475	0.188
2525	0.248
2575	0.288
2625	0.272
2675	0.272
2725	0.264
2775	0.208
2825	0.168
2875	0.188
2925	0.212
2975	0.204
3025	0.200
3075	0.204
3125	0.204
3175	0.200
3225	0.208
3275	0.188
3325	0.180
3375	0.196
3425	0.180
3475	0.184
3525	0.212
3575	0.252
3625	0.236
3675	0.256
3725	0.264
3775	0.264
3825	0.224
3875	0.252
3925	0.288
3975	0.272
4025	0.260
4075	0.292
4125	0.304
4175	0.264
4225	0.280
4275	0.284
4325	0.260
4375	0.204
4425	0.212
4475	0.192
4525	0.220
4575	0.208
4625	0.256
4675	0.236
4725	0.232
4775	0.216
4825	0.232
4875	0.196
4925	0.232
4975	0.272
5025	0.272
5075	0.268
5125	0.284
5175	0.228
5225	0.184
5275	0.204
5325	0.212
5375	0.212
5425	0.232
5475	0.256
5525	0.236
5575	0.220
5625	0.212
5675	0.228
5725	0.268
5775	0.268
5825	0.236
5875	0.204
5925	0.200
5975	0.136
6025	0.132
6075	0.172
6125	0.176
6175	0.168
6225	0.216
6275	0.260
6325	0.280
6375	0.308
6425	0.328
6475	0.292
6525	0.232
6575	0.228
6625	0.220
6675	0.212
6725	0.212
6775	0.232
6825	0.228
6875	0.220
6925	0.204
6975	0.216
7025	0.200
7075	0.184
7125	0.188
7175	0.176
7225	0.172
7275	0.216
7325	0.276
7375	0.276
7425	0.280
7475	0.276
7525	0.244
7575	0.188
7625	0.188
7675	0.184
7725	0.176
7775	0.164
7825	0.200
7875	0.240
7925	0.276
7975	0.272
8025	0.288
8075	0.252
8125	0.216
8175	0.204
8225	0.208
8275	0.180
8325	0.184
8375	0.208
8425	0.200
8475	0.208
8525	0.264
8575	0.256
8625	0.268
8675	0.304
8725	0.320
8775	0.304
8825	0.304
8875	0.272
8925	0.236
8975	0.224
9025	0.212
9075	0.216
9125	0.224
9175	0.228
9225	0.252
9275	0.252
9325	0.272
9375	0.252
9425	0.244
9475	0.232
9525	0.208
9575	0.180
9625	0.188
9675	0.196
9725	0.188
9775	0.208
9825	0.216
9875	0.212
9925	0.216
9975	0.204
10025	0.204
10075	0.216
10125	0.252
10175	0.284
10225	0.348
10275	0.384
10325	0.444
10375	0.456
10425	0.424
10475	0.408
10525	0.380
10575	0.292
10625	0.268
10675	0.264
10725	0.216
10775	0.196
10825	0.216
10875	0.220
10925	0.204
10975	0.244
11025	0.320
11075	0.380
11125	0.404
11175	0.444
11225	0.432
11275	0.376
11325	0.304
11375	0.244
11425	0.200
11475	0.196
11525	0.176
11575	0.200
11625	0.188
11675	0.232
11725	0.212
11775	0.216
11825	0.224
11875	0.256
11925	0.244
11975	0.268
12025	0.300
12075	0.276
12125	0.264
12175	0.232
12225	0.240
12275	0.240
12325	0.244
12375	0.248
12425	0.260
12475	0.228
12525	0.220
12575	0.240
12625	0.276
12675	0.276
12725	0.288
12775	0.292
12825	0.288
12875	0.284
12925	0.312
12975	0.324
13025	0.336
13075	0.324
13125	0.308
13175	0.292
13225	0.284
13275	0.316
13325	0.332
13375	0.352
13425	0.368
13475	0.364
13525	0.308
13575	0.296
13625	0.276
13675	0.244
13725	0.244
13775	0.232
13825	0.208
13875	0.220
13925	0.236
13975	0.184
14025	0.212
14075	0.252
14125	0.216
14175	0.260
14225	0.352
14275	0.352
14325	0.376
14375	0.392
14425	0.344
14475	0.312
14525	0.280
14575	0.232
14625	0.244
14675	0.244
14725	0.208
14775	0.212
14825	0.228
14875	0.232
14925	0.232
14975	0.236
15025	0.232
15075	0.212
15125	0.200
15175	0.196
15225	0.212
15275	0.216
15325	0.256
15375	0.292
15425	0.268
15475	0.252
15525	0.252
15575	0.192
15625	0.136
15675	0.176
15725	0.192
15775	0.168
15825	0.188
15875	0.260
15925	0.296
15975	0.316
16025	0.336
16075	0.316
16125	0.264
16175	0.216
16225	0.172
16275	0.188
16325	0.200
16375	0.192
16425	0.208
16475	0.224
16525	0.236
16575	0.252
16625	0.252
16675	0.256
16725	0.284
16775	0.284
16825	0.308
16875	0.380
16925	0.372
16975	0.352
17025	0.352
17075	0.304
17125	0.220
17175	0.212
17225	0.224
17275	0.188
17325	0.212
17375	0.216
17425	0.216
17475	0.196
17525	0.208
17575	0.216
17625	0.236
17675	0.228
17725	0.244
17775	0.248
17825	0.228
17875	0.220
17925	0.216
17975	0.220
18025	0.208
18075	0.208
18125	0.216
18175	0.220
18225	0.180
18275	0.204
18325	0.200
18375	0.176
18425	0.168
18475	0.188
18525	0.184
18575	0.180
18625	0.184
18675	0.180
18725	0.160
18775	0.140
18825	0.144
18875	0.164
18925	0.152
18975	0.168
19025	0.168
19075	0.176
19125	0.192
19175	0.216
19225	0.224
19275	0.204
19325	0.184
19375	0.136
19425	0.124
19475	0.116
19525	0.128
19575	0.144
19625	0.184
19675	0.204
19725	0.212
19775	0.216
19825	0.216
19875	0.188
19925	0.172
19975	0.176
20025	0.188
20075	0.188
20125	0.212
20175	0.236
20225	0.252
20275	0.248
20325	0.240
20375	0.224
20425	0.168
20475	0.108
20525	0.072
20575	0.040
20625	0.000
20675	0.000
20725	0.000
20775	0.000
20825	0.000
20875	0.000
20925	0.000
20975	0.000
21025	0.000
21075	0.000
21125	0.000
21175	0.000
21225	0.000
21275	0.000
21325	0.000
21375	0.000
21425	0.000
21475	0.000
21525	0.000
21575	0.000
21625	0.000
21675	0.000
21725	0.000
21775	0.000
21825	0.000
21875	0.000
21925	0.000
21975	0.012
22025	0.064
22075	0.096
22125	0.132
22175	0.172
22225	0.220
22275	0.212
22325	0.208
22375	0.212
22425	0.228
22475	0.200
22525	0.204
22575	0.228
22625	0.224
22675	0.208
22725	0.196
22775	0.176
22825	0.156
22875	0.128
22925	0.124
22975	0.124
23025	0.140
23075	0.168
23125	0.228
23175	0.248
23225	0.240
23275	0.260
23325	0.232
23375	0.208
23425	0.180
23475	0.216
23525	0.180
23575	0.196
23625	0.196
23675	0.224
23725	0.224
23775	0.244
23825	0.268
23875	0.264
23925	0.248
23975	0.232
24025	0.208
24075	0.192
24125	0.192
24175	0.180
24225	0.164
24275	0.160
24325	0.152
24375	0.148
24425	0.172
24475	0.204
24525	0.236
24575	0.216
24625	0.220
24675	0.236
24725	0.196
24775	0.172
24825	0.164
24875	0.156
24925	0.116
24975	0.160
25025	0.168
25075	0.168
25125	0.160
25175	0.184
25225	0.208
25275	0.244
25325	0.308
25375	0.356
25425	0.336
25475	0.332
25525	0.296
25575	0.284
25625	0.280
25675	0.308
25725	0.276
25775	0.280
25825	0.240
25875	0.196
25925	0.160
25975	0.132
26025	0.112
26075	0.116
26125	0.124
26175	0.156
26225	0.172
26275	0.176
26325	0.156
26375	0.140
26425	0.104
26475	0.136
26525	0.128
26575	0.172
26625	0.216
26675	0.248
26725	0.236
26775	0.268
26825	0.236
26875	0.220
26925	0.220
26975	0.196
27025	0.200
27075	0.216
27125	0.200
27175	0.188
27225	0.232
27275	0.228
27325	0.236
27375	0.236
27425	0.244
27475	0.228
27525	0.216
27575	0.220
27625	0.224
27675	0.216
27725	0.184
27775	0.200
27825	0.196
27875	0.196
27925	0.216
27975	0.240
28025	0.220
28075	0.196
28125	0.200
28175	0.164
28225	0.148
28275	0.164
28325	0.184
28375	0.200
28425	0.204
28475	0.224
28525	0.232
28575	0.212
28625	0.176
28675	0.192
28725	0.164
28775	0.124
28825	0.120
28875	0.132
28925	0.132
28975	0.144
29025	0.172
29075	0.172
29125	0.192
29175	0.176
29225	0.220
29275	0.312
29325	0.364
29375	0.384
29425	0.376
29475	0.324
29525	0.208
29575	0.160
29625	0.132
29675	0.144
29725	0.144
29775	0.144
29825	0.148
29875	0.144
29925	0.168
29975	0.160
30025	0.176
30075	0.176
30125	0.196
30175	0.184
30225	0.204
30275	0.188
30325	0.188
30375	0.172
30425	0.176
30475	0.160
30525	0.160
30575	0.152
30625	0.172
30675	0.144
30725	0.160
30775	0.188
30825	0.180
30875	0.156
30925	0.192
30975	0.188
31025	0.192
31075	0.240
31125	0.276
31175	0.268
31225	0.268
31275	0.252
31325	0.232
31375	0.200
31425	0.200
31475	0.200
31525	0.188
31575	0.192
31625	0.204
31675	0.180
31725	0.180
31775	0.184
31825	0.164
31875	0.148
31925	0.164
31975	0.164
32025	0.172
32075	0.152
32125	0.156
32175	0.156
32225	0.148
32275	0.128
32325	0.140
32375	0.136
32425	0.124
32475	0.124
32525	0.140
32575	0.144
32625	0.124
32675	0.132
32725	0.148
32775	0.144
32825	0.140
32875	0.152
32925	0.152
32975	0.132
33025	0.140
33075	0.160
33125	0.160
33175	0.168
33225	0.196
33275	0.184
33325	0.180
33375	0.200
33425	0.184
33475	0.176
33525	0.192
