Position	Percent G+C 1 .. 105148
125	0.108
175	0.140
225	0.148
275	0.176
325	0.192
375	0.152
425	0.140
475	0.136
525	0.132
575	0.120
625	0.128
675	0.132
725	0.140
775	0.124
825	0.140
875	0.148
925	0.124
975	0.108
1025	0.100
1075	0.072
1125	0.064
1175	0.072
1225	0.072
1275	0.072
1325	0.088
1375	0.104
1425	0.112
1475	0.144
1525	0.180
1575	0.200
1625	0.232
1675	0.264
1725	0.264
1775	0.228
1825	0.180
1875	0.120
1925	0.068
1975	0.044
2025	0.044
2075	0.044
2125	0.036
2175	0.064
2225	0.048
2275	0.044
2325	0.064
2375	0.112
2425	0.184
2475	0.312
2525	0.412
2575	0.500
2625	0.544
2675	0.536
2725	0.532
2775	0.528
2825	0.520
2875	0.548
2925	0.584
2975	0.576
3025	0.576
3075	0.596
3125	0.580
3175	0.568
3225	0.572
3275	0.568
3325	0.568
3375	0.560
3425	0.548
3475	0.544
3525	0.556
3575	0.560
3625	0.560
3675	0.564
3725	0.568
3775	0.556
3825	0.536
3875	0.548
3925	0.528
3975	0.508
4025	0.520
4075	0.524
4125	0.512
4175	0.524
4225	0.508
4275	0.476
4325	0.468
4375	0.496
4425	0.488
4475	0.504
4525	0.504
4575	0.500
4625	0.448
4675	0.460
4725	0.472
4775	0.500
4825	0.528
4875	0.560
4925	0.560
4975	0.552
5025	0.544
5075	0.520
5125	0.516
5175	0.512
5225	0.512
5275	0.524
5325	0.516
5375	0.508
5425	0.508
5475	0.504
5525	0.492
5575	0.476
5625	0.480
5675	0.500
5725	0.496
5775	0.492
5825	0.520
5875	0.524
5925	0.492
5975	0.504
6025	0.512
6075	0.528
6125	0.532
6175	0.544
6225	0.532
6275	0.516
6325	0.492
6375	0.476
6425	0.456
6475	0.480
6525	0.512
6575	0.512
6625	0.532
6675	0.540
6725	0.516
6775	0.488
6825	0.508
6875	0.488
6925	0.496
6975	0.496
7025	0.504
7075	0.480
7125	0.484
7175	0.472
7225	0.480
7275	0.472
7325	0.476
7375	0.464
7425	0.480
7475	0.484
7525	0.480
7575	0.468
7625	0.508
7675	0.504
7725	0.524
7775	0.548
7825	0.556
7875	0.536
7925	0.540
7975	0.524
8025	0.512
8075	0.540
8125	0.528
8175	0.540
8225	0.536
8275	0.540
8325	0.536
8375	0.548
8425	0.532
8475	0.528
8525	0.528
8575	0.520
8625	0.524
8675	0.532
8725	0.544
8775	0.548
8825	0.540
8875	0.532
8925	0.536
8975	0.512
9025	0.528
9075	0.540
9125	0.552
9175	0.544
9225	0.548
9275	0.540
9325	0.540
9375	0.532
9425	0.532
9475	0.540
9525	0.524
9575	0.500
9625	0.508
9675	0.528
9725	0.556
9775	0.568
9825	0.572
9875	0.568
9925	0.552
9975	0.536
10025	0.528
10075	0.564
10125	0.560
10175	0.576
10225	0.592
10275	0.596
10325	0.580
10375	0.604
10425	0.616
10475	0.600
10525	0.628
10575	0.632
10625	0.632
10675	0.628
10725	0.632
10775	0.616
10825	0.628
10875	0.616
10925	0.600
10975	0.604
11025	0.612
11075	0.588
11125	0.592
11175	0.564
11225	0.548
11275	0.504
11325	0.496
11375	0.484
11425	0.492
11475	0.496
11525	0.524
11575	0.520
11625	0.540
11675	0.552
11725	0.540
11775	0.544
11825	0.592
11875	0.576
11925	0.588
11975	0.596
12025	0.588
12075	0.572
12125	0.584
12175	0.576
12225	0.596
12275	0.596
12325	0.572
12375	0.564
12425	0.548
12475	0.496
12525	0.508
12575	0.528
12625	0.528
12675	0.548
12725	0.564
12775	0.548
12825	0.548
12875	0.512
12925	0.480
12975	0.500
13025	0.488
13075	0.476
13125	0.492
13175	0.504
13225	0.496
13275	0.516
13325	0.500
13375	0.512
13425	0.484
13475	0.472
13525	0.464
13575	0.464
13625	0.464
13675	0.496
13725	0.540
13775	0.524
13825	0.528
13875	0.516
13925	0.532
13975	0.492
14025	0.488
14075	0.524
14125	0.540
14175	0.552
14225	0.552
14275	0.564
14325	0.504
14375	0.504
14425	0.452
14475	0.444
14525	0.476
14575	0.516
14625	0.488
14675	0.520
14725	0.540
14775	0.520
14825	0.552
14875	0.568
14925	0.576
14975	0.624
15025	0.640
15075	0.652
15125	0.708
15175	0.708
15225	0.652
15275	0.644
15325	0.608
15375	0.568
15425	0.552
15475	0.564
15525	0.572
15575	0.536
15625	0.540
15675	0.560
15725	0.564
15775	0.544
15825	0.588
15875	0.584
15925	0.592
15975	0.604
16025	0.612
16075	0.588
16125	0.572
16175	0.544
16225	0.520
16275	0.508
16325	0.512
16375	0.508
16425	0.524
16475	0.512
16525	0.516
16575	0.496
16625	0.472
16675	0.436
16725	0.452
16775	0.444
16825	0.492
16875	0.548
16925	0.580
16975	0.604
17025	0.596
17075	0.560
17125	0.552
17175	0.520
17225	0.520
17275	0.516
17325	0.520
17375	0.500
17425	0.548
17475	0.560
17525	0.612
17575	0.620
17625	0.608
17675	0.588
17725	0.528
17775	0.460
17825	0.432
17875	0.400
17925	0.372
17975	0.352
18025	0.380
18075	0.372
18125	0.416
18175	0.440
18225	0.488
18275	0.512
18325	0.536
18375	0.552
18425	0.568
18475	0.576
18525	0.592
18575	0.608
18625	0.604
18675	0.608
18725	0.600
18775	0.596
18825	0.604
18875	0.612
18925	0.600
18975	0.616
19025	0.608
19075	0.620
19125	0.644
19175	0.680
19225	0.664
19275	0.664
19325	0.636
19375	0.616
19425	0.580
19475	0.588
19525	0.540
19575	0.544
19625	0.532
19675	0.536
19725	0.556
19775	0.616
19825	0.616
19875	0.640
19925	0.668
19975	0.672
20025	0.692
20075	0.700
20125	0.680
20175	0.636
20225	0.600
20275	0.544
20325	0.524
20375	0.488
20425	0.488
20475	0.508
20525	0.504
20575	0.520
20625	0.548
20675	0.576
20725	0.536
20775	0.556
20825	0.504
20875	0.444
20925	0.336
20975	0.256
21025	0.204
21075	0.232
21125	0.288
21175	0.388
21225	0.488
21275	0.552
21325	0.552
21375	0.568
21425	0.532
21475	0.532
21525	0.524
21575	0.540
21625	0.524
21675	0.568
21725	0.568
21775	0.572
21825	0.568
21875	0.540
21925	0.524
21975	0.500
22025	0.476
22075	0.472
22125	0.512
22175	0.496
22225	0.484
22275	0.468
22325	0.468
22375	0.440
22425	0.448
22475	0.484
22525	0.520
22575	0.520
22625	0.532
22675	0.556
22725	0.548
22775	0.520
22825	0.508
22875	0.544
22925	0.492
22975	0.508
23025	0.520
23075	0.536
23125	0.504
23175	0.528
23225	0.516
23275	0.516
23325	0.512
23375	0.524
23425	0.512
23475	0.504
23525	0.524
23575	0.512
23625	0.496
23675	0.508
23725	0.532
23775	0.524
23825	0.572
23875	0.576
23925	0.604
23975	0.600
24025	0.588
24075	0.564
24125	0.576
24175	0.576
24225	0.556
24275	0.552
24325	0.536
24375	0.516
24425	0.496
24475	0.508
24525	0.528
24575	0.552
24625	0.568
24675	0.560
24725	0.540
24775	0.540
24825	0.504
24875	0.504
24925	0.528
24975	0.576
25025	0.580
25075	0.632
25125	0.648
25175	0.624
25225	0.608
25275	0.620
25325	0.620
25375	0.588
25425	0.608
25475	0.596
25525	0.588
25575	0.540
25625	0.544
25675	0.532
25725	0.504
25775	0.476
25825	0.472
25875	0.448
25925	0.444
25975	0.468
26025	0.472
26075	0.496
26125	0.544
26175	0.560
26225	0.568
26275	0.576
26325	0.588
26375	0.588
26425	0.576
26475	0.600
26525	0.604
26575	0.584
26625	0.580
26675	0.572
26725	0.540
26775	0.540
26825	0.560
26875	0.516
26925	0.520
26975	0.520
27025	0.500
27075	0.460
27125	0.452
27175	0.424
27225	0.428
27275	0.444
27325	0.492
27375	0.532
27425	0.596
27475	0.584
27525	0.604
27575	0.560
27625	0.576
27675	0.564
27725	0.556
27775	0.536
27825	0.576
27875	0.568
27925	0.556
27975	0.572
28025	0.564
28075	0.564
28125	0.556
28175	0.544
28225	0.540
28275	0.528
28325	0.512
28375	0.512
28425	0.496
28475	0.496
28525	0.488
28575	0.492
28625	0.484
28675	0.500
28725	0.492
28775	0.516
28825	0.508
28875	0.464
28925	0.444
28975	0.456
29025	0.464
29075	0.452
29125	0.492
29175	0.452
29225	0.436
29275	0.436
29325	0.448
29375	0.468
29425	0.524
29475	0.552
29525	0.532
29575	0.520
29625	0.496
29675	0.524
29725	0.524
29775	0.532
29825	0.548
29875	0.548
29925	0.528
29975	0.536
30025	0.524
30075	0.512
30125	0.516
30175	0.500
30225	0.468
30275	0.488
30325	0.480
30375	0.492
30425	0.480
30475	0.500
30525	0.516
30575	0.528
30625	0.536
30675	0.556
30725	0.556
30775	0.536
30825	0.556
30875	0.540
30925	0.540
30975	0.528
31025	0.524
31075	0.504
31125	0.492
31175	0.488
31225	0.480
31275	0.472
31325	0.484
31375	0.512
31425	0.532
31475	0.564
31525	0.572
31575	0.556
31625	0.544
31675	0.564
31725	0.524
31775	0.520
31825	0.524
31875	0.540
31925	0.496
31975	0.524
32025	0.540
32075	0.544
32125	0.528
32175	0.540
32225	0.540
32275	0.536
32325	0.548
32375	0.552
32425	0.564
32475	0.596
32525	0.612
32575	0.616
32625	0.632
32675	0.612
32725	0.624
32775	0.620
32825	0.620
32875	0.636
32925	0.680
32975	0.640
33025	0.660
33075	0.636
33125	0.608
33175	0.576
33225	0.528
33275	0.472
33325	0.456
33375	0.428
33425	0.420
33475	0.436
33525	0.440
33575	0.444
33625	0.496
33675	0.524
33725	0.548
33775	0.580
33825	0.608
33875	0.596
33925	0.620
33975	0.620
34025	0.612
34075	0.600
34125	0.588
34175	0.560
34225	0.592
34275	0.584
34325	0.620
34375	0.636
34425	0.632
34475	0.620
34525	0.600
34575	0.580
34625	0.592
34675	0.596
34725	0.588
34775	0.616
34825	0.620
34875	0.612
34925	0.624
34975	0.632
35025	0.624
35075	0.624
35125	0.596
35175	0.572
35225	0.568
35275	0.588
35325	0.580
35375	0.596
35425	0.616
35475	0.600
35525	0.588
35575	0.592
35625	0.580
35675	0.576
35725	0.564
35775	0.572
35825	0.572
35875	0.580
35925	0.596
35975	0.640
36025	0.636
36075	0.636
36125	0.660
36175	0.636
36225	0.620
36275	0.628
36325	0.656
36375	0.648
36425	0.684
36475	0.692
36525	0.708
36575	0.716
36625	0.692
36675	0.672
36725	0.652
36775	0.644
36825	0.612
36875	0.600
36925	0.588
36975	0.588
37025	0.528
37075	0.508
37125	0.512
37175	0.480
37225	0.456
37275	0.496
37325	0.488
37375	0.508
37425	0.536
37475	0.556
37525	0.556
37575	0.540
37625	0.496
37675	0.472
37725	0.460
37775	0.476
37825	0.508
37875	0.556
37925	0.572
37975	0.584
38025	0.576
38075	0.604
38125	0.624
38175	0.644
38225	0.672
38275	0.672
38325	0.636
38375	0.600
38425	0.604
38475	0.592
38525	0.584
38575	0.600
38625	0.620
38675	0.596
38725	0.608
38775	0.612
38825	0.580
38875	0.544
38925	0.568
38975	0.564
39025	0.552
39075	0.572
39125	0.596
39175	0.564
39225	0.536
39275	0.508
39325	0.484
39375	0.460
39425	0.448
39475	0.444
39525	0.440
39575	0.432
39625	0.420
39675	0.400
39725	0.412
39775	0.436
39825	0.488
39875	0.540
39925	0.600
39975	0.592
40025	0.608
40075	0.576
40125	0.540
40175	0.516
40225	0.516
40275	0.512
40325	0.508
40375	0.484
40425	0.484
40475	0.488
40525	0.488
40575	0.488
40625	0.532
40675	0.528
40725	0.512
40775	0.480
40825	0.520
40875	0.508
40925	0.488
40975	0.480
41025	0.484
41075	0.460
41125	0.476
41175	0.476
41225	0.456
41275	0.456
41325	0.412
41375	0.376
41425	0.392
41475	0.468
41525	0.492
41575	0.552
41625	0.620
41675	0.628
41725	0.604
41775	0.624
41825	0.624
41875	0.588
41925	0.596
41975	0.608
42025	0.584
42075	0.556
42125	0.576
42175	0.580
42225	0.576
42275	0.592
42325	0.612
42375	0.596
42425	0.596
42475	0.612
42525	0.592
42575	0.620
42625	0.620
42675	0.644
42725	0.632
42775	0.672
42825	0.672
42875	0.684
42925	0.688
42975	0.676
43025	0.632
43075	0.596
43125	0.556
43175	0.520
43225	0.512
43275	0.524
43325	0.544
43375	0.520
43425	0.496
43475	0.484
43525	0.484
43575	0.460
43625	0.516
43675	0.560
43725	0.588
43775	0.600
43825	0.612
43875	0.632
43925	0.636
43975	0.608
44025	0.604
44075	0.620
44125	0.600
44175	0.576
44225	0.600
44275	0.604
44325	0.592
44375	0.588
44425	0.596
44475	0.588
44525	0.556
44575	0.548
44625	0.540
44675	0.552
44725	0.552
44775	0.568
44825	0.564
44875	0.564
44925	0.544
44975	0.560
45025	0.556
45075	0.572
45125	0.564
45175	0.584
45225	0.544
45275	0.568
45325	0.564
45375	0.560
45425	0.536
45475	0.568
45525	0.572
45575	0.596
45625	0.640
45675	0.632
45725	0.640
45775	0.640
45825	0.620
45875	0.608
45925	0.640
45975	0.664
46025	0.656
46075	0.660
46125	0.652
46175	0.628
46225	0.604
46275	0.608
46325	0.628
46375	0.632
46425	0.652
46475	0.648
46525	0.632
46575	0.596
46625	0.588
46675	0.584
46725	0.584
46775	0.592
46825	0.600
46875	0.588
46925	0.596
46975	0.576
47025	0.568
47075	0.596
47125	0.612
47175	0.604
47225	0.616
47275	0.644
47325	0.608
47375	0.624
47425	0.640
47475	0.652
47525	0.636
47575	0.644
47625	0.624
47675	0.616
47725	0.592
47775	0.580
47825	0.584
47875	0.592
47925	0.612
47975	0.640
48025	0.660
48075	0.644
48125	0.628
48175	0.576
48225	0.580
48275	0.592
48325	0.608
48375	0.620
48425	0.664
48475	0.656
48525	0.644
48575	0.664
48625	0.668
48675	0.644
48725	0.640
48775	0.648
48825	0.656
48875	0.648
48925	0.588
48975	0.572
49025	0.516
49075	0.440
49125	0.408
49175	0.452
49225	0.432
49275	0.444
49325	0.476
49375	0.508
49425	0.532
49475	0.552
49525	0.540
49575	0.536
49625	0.496
49675	0.444
49725	0.424
49775	0.440
49825	0.480
49875	0.524
49925	0.576
49975	0.608
50025	0.608
50075	0.568
50125	0.556
50175	0.548
50225	0.568
50275	0.608
50325	0.576
50375	0.572
50425	0.568
50475	0.568
50525	0.536
50575	0.560
50625	0.532
50675	0.520
50725	0.484
50775	0.472
50825	0.488
50875	0.528
50925	0.528
50975	0.516
51025	0.504
51075	0.468
51125	0.420
51175	0.388
51225	0.368
51275	0.368
51325	0.392
51375	0.412
51425	0.424
51475	0.472
51525	0.496
51575	0.504
51625	0.504
51675	0.532
51725	0.560
51775	0.568
51825	0.516
51875	0.524
51925	0.516
51975	0.468
52025	0.444
52075	0.492
52125	0.492
52175	0.492
52225	0.528
52275	0.556
52325	0.552
52375	0.584
52425	0.596
52475	0.568
52525	0.548
52575	0.568
52625	0.556
52675	0.556
52725	0.556
52775	0.560
52825	0.524
52875	0.512
52925	0.460
52975	0.456
53025	0.480
53075	0.516
53125	0.516
53175	0.556
53225	0.568
53275	0.540
53325	0.516
53375	0.528
53425	0.532
53475	0.520
53525	0.512
53575	0.512
53625	0.476
53675	0.464
53725	0.448
53775	0.456
53825	0.476
53875	0.500
53925	0.524
53975	0.532
54025	0.528
54075	0.500
54125	0.496
54175	0.496
54225	0.492
54275	0.508
54325	0.524
54375	0.512
54425	0.512
54475	0.516
54525	0.504
54575	0.496
54625	0.520
54675	0.468
54725	0.444
54775	0.444
54825	0.452
54875	0.412
54925	0.456
54975	0.516
55025	0.552
55075	0.556
55125	0.588
55175	0.572
55225	0.552
55275	0.536
55325	0.544
55375	0.552
55425	0.552
55475	0.568
55525	0.548
55575	0.524
55625	0.508
55675	0.500
55725	0.480
55775	0.484
55825	0.472
55875	0.508
55925	0.516
55975	0.532
56025	0.528
56075	0.568
56125	0.540
56175	0.576
56225	0.568
56275	0.608
56325	0.592
56375	0.584
56425	0.552
56475	0.552
56525	0.520
56575	0.512
56625	0.528
56675	0.528
56725	0.520
56775	0.536
56825	0.552
56875	0.552
56925	0.568
56975	0.588
57025	0.584
57075	0.596
57125	0.632
57175	0.624
57225	0.596
57275	0.564
57325	0.520
57375	0.464
57425	0.464
57475	0.480
57525	0.512
57575	0.532
57625	0.508
57675	0.460
57725	0.432
57775	0.420
57825	0.412
57875	0.404
57925	0.436
57975	0.432
58025	0.436
58075	0.448
58125	0.500
58175	0.492
58225	0.492
58275	0.464
58325	0.460
58375	0.440
58425	0.456
58475	0.448
58525	0.496
58575	0.488
58625	0.508
58675	0.536
58725	0.596
58775	0.604
58825	0.612
58875	0.600
58925	0.568
58975	0.536
59025	0.496
59075	0.508
59125	0.508
59175	0.516
59225	0.524
59275	0.536
59325	0.536
59375	0.540
59425	0.552
59475	0.532
59525	0.508
59575	0.520
59625	0.548
59675	0.556
59725	0.576
59775	0.620
59825	0.616
59875	0.624
59925	0.568
59975	0.544
60025	0.560
60075	0.576
60125	0.540
60175	0.572
60225	0.560
60275	0.508
60325	0.468
60375	0.464
60425	0.480
60475	0.524
60525	0.568
60575	0.596
60625	0.632
60675	0.636
60725	0.636
60775	0.608
60825	0.620
60875	0.616
60925	0.608
60975	0.624
61025	0.620
61075	0.596
61125	0.572
61175	0.564
61225	0.564
61275	0.568
61325	0.588
61375	0.616
61425	0.648
61475	0.636
61525	0.660
61575	0.644
61625	0.620
61675	0.616
61725	0.624
61775	0.620
61825	0.628
61875	0.656
61925	0.632
61975	0.640
62025	0.644
62075	0.664
62125	0.632
62175	0.632
62225	0.600
62275	0.608
62325	0.584
62375	0.572
62425	0.588
62475	0.592
62525	0.568
62575	0.600
62625	0.628
62675	0.640
62725	0.656
62775	0.680
62825	0.648
62875	0.644
62925	0.640
62975	0.644
63025	0.608
63075	0.596
63125	0.556
63175	0.532
63225	0.496
63275	0.480
63325	0.456
63375	0.472
63425	0.492
63475	0.456
63525	0.444
63575	0.440
63625	0.416
63675	0.388
63725	0.444
63775	0.472
63825	0.488
63875	0.492
63925	0.480
63975	0.464
64025	0.452
64075	0.428
64125	0.432
64175	0.420
64225	0.424
64275	0.416
64325	0.452
64375	0.480
64425	0.500
64475	0.500
64525	0.480
64575	0.448
64625	0.416
64675	0.420
64725	0.420
64775	0.436
64825	0.452
64875	0.496
64925	0.504
64975	0.508
65025	0.528
65075	0.532
65125	0.536
65175	0.524
65225	0.496
65275	0.484
65325	0.516
65375	0.496
65425	0.496
65475	0.544
65525	0.572
65575	0.568
65625	0.600
65675	0.604
65725	0.576
65775	0.564
65825	0.564
65875	0.528
65925	0.568
65975	0.580
66025	0.560
66075	0.532
66125	0.540
66175	0.528
66225	0.512
66275	0.516
66325	0.524
66375	0.520
66425	0.500
66475	0.508
66525	0.524
66575	0.536
66625	0.532
66675	0.504
66725	0.492
66775	0.484
66825	0.464
66875	0.480
66925	0.500
66975	0.520
67025	0.520
67075	0.544
67125	0.548
67175	0.536
67225	0.520
67275	0.524
67325	0.516
67375	0.492
67425	0.492
67475	0.500
67525	0.516
67575	0.524
67625	0.544
67675	0.572
67725	0.552
67775	0.548
67825	0.536
67875	0.520
67925	0.508
67975	0.528
68025	0.528
68075	0.528
68125	0.516
68175	0.512
68225	0.512
68275	0.492
68325	0.492
68375	0.488
68425	0.468
68475	0.468
68525	0.480
68575	0.472
68625	0.460
68675	0.472
68725	0.488
68775	0.500
68825	0.500
68875	0.528
68925	0.524
68975	0.492
69025	0.460
69075	0.480
69125	0.484
69175	0.476
69225	0.484
69275	0.508
69325	0.500
69375	0.508
69425	0.552
69475	0.608
69525	0.628
69575	0.644
69625	0.660
69675	0.660
69725	0.648
69775	0.644
69825	0.644
69875	0.636
69925	0.648
69975	0.624
70025	0.612
70075	0.600
70125	0.600
70175	0.548
70225	0.532
70275	0.512
70325	0.488
70375	0.464
70425	0.484
70475	0.472
70525	0.500
70575	0.532
70625	0.556
70675	0.540
70725	0.524
70775	0.508
70825	0.504
70875	0.484
70925	0.480
70975	0.484
71025	0.492
71075	0.472
71125	0.452
71175	0.456
71225	0.488
71275	0.468
71325	0.460
71375	0.480
71425	0.472
71475	0.476
71525	0.456
71575	0.492
71625	0.492
71675	0.524
71725	0.540
71775	0.604
71825	0.612
71875	0.648
71925	0.672
71975	0.680
72025	0.684
72075	0.684
72125	0.676
72175	0.648
72225	0.640
72275	0.620
72325	0.624
72375	0.600
72425	0.632
72475	0.648
72525	0.648
72575	0.632
72625	0.636
72675	0.600
72725	0.584
72775	0.584
72825	0.592
72875	0.612
72925	0.624
72975	0.616
73025	0.632
73075	0.604
73125	0.584
73175	0.596
73225	0.588
73275	0.576
73325	0.600
73375	0.620
73425	0.620
73475	0.640
73525	0.648
73575	0.632
73625	0.632
73675	0.636
73725	0.620
73775	0.624
73825	0.648
73875	0.644
73925	0.640
73975	0.640
74025	0.636
74075	0.632
74125	0.636
74175	0.632
74225	0.636
74275	0.628
74325	0.620
74375	0.608
74425	0.576
74475	0.572
74525	0.572
74575	0.568
74625	0.560
74675	0.608
74725	0.632
74775	0.628
74825	0.636
74875	0.660
74925	0.624
74975	0.608
75025	0.640
75075	0.636
75125	0.612
75175	0.612
75225	0.616
75275	0.588
75325	0.620
75375	0.640
75425	0.660
75475	0.664
75525	0.684
75575	0.672
75625	0.664
75675	0.668
75725	0.664
75775	0.644
75825	0.644
75875	0.656
75925	0.656
75975	0.668
76025	0.692
76075	0.672
76125	0.656
76175	0.656
76225	0.640
76275	0.616
76325	0.584
76375	0.564
76425	0.528
76475	0.492
76525	0.452
76575	0.468
76625	0.464
76675	0.440
76725	0.440
76775	0.428
76825	0.420
76875	0.392
76925	0.416
76975	0.472
77025	0.520
77075	0.568
77125	0.640
77175	0.680
77225	0.660
77275	0.672
77325	0.664
77375	0.644
77425	0.624
77475	0.620
77525	0.612
77575	0.592
77625	0.564
77675	0.608
77725	0.620
77775	0.612
77825	0.628
77875	0.648
77925	0.604
77975	0.596
78025	0.596
78075	0.548
78125	0.548
78175	0.560
78225	0.548
78275	0.548
78325	0.612
78375	0.592
78425	0.576
78475	0.576
78525	0.572
78575	0.520
78625	0.544
78675	0.548
78725	0.552
78775	0.556
78825	0.572
78875	0.612
78925	0.604
78975	0.588
79025	0.572
79075	0.584
79125	0.532
79175	0.536
79225	0.532
79275	0.492
79325	0.460
79375	0.440
79425	0.404
79475	0.416
79525	0.472
79575	0.488
79625	0.516
79675	0.572
79725	0.572
79775	0.564
79825	0.568
79875	0.540
79925	0.524
79975	0.528
80025	0.516
80075	0.516
80125	0.512
80175	0.512
80225	0.512
80275	0.488
80325	0.472
80375	0.484
80425	0.476
80475	0.476
80525	0.524
80575	0.540
80625	0.540
80675	0.552
80725	0.556
80775	0.564
80825	0.552
80875	0.580
80925	0.576
80975	0.568
81025	0.568
81075	0.588
81125	0.576
81175	0.568
81225	0.560
81275	0.528
81325	0.520
81375	0.508
81425	0.504
81475	0.520
81525	0.556
81575	0.568
81625	0.556
81675	0.524
81725	0.484
81775	0.452
81825	0.436
81875	0.448
81925	0.452
81975	0.452
82025	0.444
82075	0.444
82125	0.428
82175	0.468
82225	0.504
82275	0.544
82325	0.568
82375	0.640
82425	0.664
82475	0.672
82525	0.668
82575	0.660
82625	0.644
82675	0.636
82725	0.648
82775	0.664
82825	0.644
82875	0.636
82925	0.624
82975	0.596
83025	0.580
83075	0.596
83125	0.592
83175	0.600
83225	0.608
83275	0.604
83325	0.592
83375	0.556
83425	0.536
83475	0.520
83525	0.480
83575	0.460
83625	0.468
83675	0.456
83725	0.472
83775	0.528
83825	0.572
83875	0.592
83925	0.632
83975	0.660
84025	0.632
84075	0.644
84125	0.660
84175	0.624
84225	0.576
84275	0.580
84325	0.548
84375	0.552
84425	0.588
84475	0.636
84525	0.656
84575	0.692
84625	0.684
84675	0.668
84725	0.632
84775	0.604
84825	0.548
84875	0.488
84925	0.496
84975	0.476
85025	0.456
85075	0.488
85125	0.516
85175	0.492
85225	0.512
85275	0.532
85325	0.516
85375	0.492
85425	0.460
85475	0.452
85525	0.440
85575	0.436
85625	0.464
85675	0.492
85725	0.512
85775	0.528
85825	0.536
85875	0.540
85925	0.540
85975	0.532
86025	0.552
86075	0.540
86125	0.556
86175	0.584
86225	0.580
86275	0.560
86325	0.552
86375	0.544
86425	0.552
86475	0.572
86525	0.572
86575	0.608
86625	0.628
86675	0.624
86725	0.628
86775	0.648
86825	0.644
86875	0.624
86925	0.624
86975	0.596
87025	0.560
87075	0.532
87125	0.528
87175	0.496
87225	0.508
87275	0.540
87325	0.548
87375	0.524
87425	0.476
87475	0.480
87525	0.476
87575	0.496
87625	0.560
87675	0.612
87725	0.644
87775	0.640
87825	0.636
87875	0.608
87925	0.612
87975	0.540
88025	0.528
88075	0.508
88125	0.476
88175	0.460
88225	0.504
88275	0.520
88325	0.520
88375	0.548
88425	0.584
88475	0.572
88525	0.564
88575	0.584
88625	0.588
88675	0.584
88725	0.620
88775	0.628
88825	0.632
88875	0.620
88925	0.608
88975	0.564
89025	0.564
89075	0.544
89125	0.568
89175	0.560
89225	0.584
89275	0.576
89325	0.580
89375	0.540
89425	0.556
89475	0.560
89525	0.544
89575	0.540
89625	0.572
89675	0.552
89725	0.540
89775	0.560
89825	0.572
89875	0.564
89925	0.572
89975	0.592
90025	0.588
90075	0.580
90125	0.604
90175	0.616
90225	0.608
90275	0.628
90325	0.636
90375	0.612
90425	0.592
90475	0.576
90525	0.560
90575	0.564
90625	0.552
90675	0.580
90725	0.600
90775	0.580
90825	0.552
90875	0.552
90925	0.544
90975	0.524
91025	0.540
91075	0.576
91125	0.580
91175	0.560
91225	0.536
91275	0.516
91325	0.480
91375	0.452
91425	0.424
91475	0.412
91525	0.376
91575	0.388
91625	0.392
91675	0.424
91725	0.424
91775	0.444
91825	0.400
91875	0.408
91925	0.404
91975	0.416
92025	0.416
92075	0.432
92125	0.476
92175	0.496
92225	0.520
92275	0.572
92325	0.640
92375	0.636
92425	0.640
92475	0.644
92525	0.620
92575	0.600
92625	0.548
92675	0.520
92725	0.520
92775	0.544
92825	0.536
92875	0.592
92925	0.636
92975	0.656
93025	0.640
93075	0.656
93125	0.648
93175	0.648
93225	0.620
93275	0.632
93325	0.632
93375	0.636
93425	0.644
93475	0.660
93525	0.648
93575	0.648
93625	0.648
93675	0.624
93725	0.616
93775	0.608
93825	0.584
93875	0.564
93925	0.540
93975	0.532
94025	0.536
94075	0.512
94125	0.516
94175	0.524
94225	0.504
94275	0.512
94325	0.508
94375	0.472
94425	0.436
94475	0.452
94525	0.440
94575	0.464
94625	0.480
94675	0.484
94725	0.484
94775	0.460
94825	0.432
94875	0.400
94925	0.404
94975	0.368
95025	0.372
95075	0.412
95125	0.472
95175	0.516
95225	0.552
95275	0.568
95325	0.560
95375	0.548
95425	0.500
95475	0.448
95525	0.452
95575	0.460
95625	0.392
95675	0.424
95725	0.464
95775	0.492
95825	0.480
95875	0.560
95925	0.544
95975	0.556
96025	0.528
96075	0.540
96125	0.536
96175	0.576
96225	0.576
96275	0.600
96325	0.600
96375	0.576
96425	0.560
96475	0.564
96525	0.548
96575	0.556
96625	0.584
96675	0.596
96725	0.616
96775	0.628
96825	0.620
96875	0.616
96925	0.608
96975	0.584
97025	0.564
97075	0.572
97125	0.568
97175	0.552
97225	0.560
97275	0.584
97325	0.580
97375	0.576
97425	0.564
97475	0.544
97525	0.532
97575	0.504
97625	0.488
97675	0.484
97725	0.472
97775	0.448
97825	0.444
97875	0.444
97925	0.460
97975	0.480
98025	0.484
98075	0.504
98125	0.516
98175	0.520
98225	0.528
98275	0.540
98325	0.552
98375	0.540
98425	0.560
98475	0.564
98525	0.552
98575	0.548
98625	0.568
98675	0.548
98725	0.544
98775	0.560
98825	0.560
98875	0.552
98925	0.576
98975	0.576
99025	0.592
99075	0.632
99125	0.668
99175	0.648
99225	0.664
99275	0.648
99325	0.596
99375	0.532
99425	0.544
99475	0.500
99525	0.480
99575	0.484
99625	0.488
99675	0.464
99725	0.488
99775	0.516
99825	0.556
99875	0.580
99925	0.604
99975	0.600
100025	0.596
100075	0.564
100125	0.592
100175	0.596
100225	0.600
100275	0.588
100325	0.556
100375	0.532
100425	0.528
100475	0.528
100525	0.524
100575	0.508
100625	0.508
100675	0.480
100725	0.484
100775	0.452
100825	0.440
100875	0.416
100925	0.452
100975	0.476
101025	0.524
101075	0.580
101125	0.584
101175	0.540
101225	0.520
101275	0.520
101325	0.540
101375	0.564
101425	0.604
101475	0.588
101525	0.576
101575	0.544
101625	0.532
101675	0.528
101725	0.548
101775	0.556
101825	0.568
101875	0.612
101925	0.624
101975	0.592
102025	0.576
102075	0.604
102125	0.564
102175	0.544
102225	0.568
102275	0.572
102325	0.472
102375	0.412
102425	0.336
102475	0.252
102525	0.168
102575	0.140
102625	0.124
102675	0.108
102725	0.116
102775	0.116
102825	0.124
102875	0.116
102925	0.112
102975	0.108
103025	0.124
103075	0.128
103125	0.128
103175	0.132
103225	0.144
103275	0.132
103325	0.148
103375	0.136
103425	0.152
103475	0.148
103525	0.144
103575	0.112
103625	0.136
103675	0.124
103725	0.144
103775	0.156
103825	0.180
103875	0.188
103925	0.200
103975	0.168
104025	0.160
104075	0.152
104125	0.128
104175	0.132
104225	0.148
104275	0.140
104325	0.160
104375	0.204
104425	0.188
104475	0.180
104525	0.184
104575	0.184
104625	0.136
104675	0.136
104725	0.140
104775	0.152
104825	0.160
104875	0.172
104925	0.184
104975	0.176
