Position	Percent G+C 1 .. 231272
125	0.428
175	0.344
225	0.216
275	0.168
325	0.176
375	0.168
425	0.180
475	0.184
525	0.172
575	0.164
625	0.184
675	0.160
725	0.168
775	0.172
825	0.156
875	0.148
925	0.148
975	0.132
1025	0.140
1075	0.152
1125	0.128
1175	0.132
1225	0.136
1275	0.120
1325	0.132
1375	0.148
1425	0.168
1475	0.192
1525	0.192
1575	0.200
1625	0.204
1675	0.168
1725	0.148
1775	0.144
1825	0.136
1875	0.112
1925	0.124
1975	0.120
2025	0.120
2075	0.096
2125	0.116
2175	0.124
2225	0.136
2275	0.132
2325	0.148
2375	0.152
2425	0.180
2475	0.176
2525	0.192
2575	0.188
2625	0.160
2675	0.136
2725	0.136
2775	0.136
2825	0.144
2875	0.188
2925	0.224
2975	0.256
3025	0.276
3075	0.340
3125	0.384
3175	0.424
3225	0.480
3275	0.532
3325	0.520
3375	0.488
3425	0.480
3475	0.468
3525	0.460
3575	0.460
3625	0.524
3675	0.544
3725	0.552
3775	0.540
3825	0.552
3875	0.512
3925	0.496
3975	0.492
4025	0.508
4075	0.512
4125	0.512
4175	0.500
4225	0.500
4275	0.532
4325	0.564
4375	0.584
4425	0.604
4475	0.596
4525	0.588
4575	0.552
4625	0.532
4675	0.516
4725	0.516
4775	0.500
4825	0.520
4875	0.536
4925	0.556
4975	0.572
5025	0.592
5075	0.560
5125	0.568
5175	0.568
5225	0.532
5275	0.500
5325	0.548
5375	0.536
5425	0.512
5475	0.532
5525	0.528
5575	0.492
5625	0.500
5675	0.524
5725	0.524
5775	0.544
5825	0.556
5875	0.544
5925	0.536
5975	0.540
6025	0.524
6075	0.520
6125	0.532
6175	0.556
6225	0.548
6275	0.556
6325	0.564
6375	0.556
6425	0.516
6475	0.500
6525	0.504
6575	0.480
6625	0.484
6675	0.528
6725	0.512
6775	0.496
6825	0.496
6875	0.500
6925	0.464
6975	0.484
7025	0.512
7075	0.524
7125	0.536
7175	0.516
7225	0.508
7275	0.500
7325	0.512
7375	0.492
7425	0.520
7475	0.532
7525	0.544
7575	0.544
7625	0.560
7675	0.552
7725	0.540
7775	0.524
7825	0.516
7875	0.484
7925	0.488
7975	0.524
8025	0.532
8075	0.532
8125	0.552
8175	0.544
8225	0.528
8275	0.508
8325	0.504
8375	0.516
8425	0.520
8475	0.528
8525	0.528
8575	0.524
8625	0.492
8675	0.504
8725	0.484
8775	0.496
8825	0.492
8875	0.520
8925	0.492
8975	0.516
9025	0.496
9075	0.504
9125	0.500
9175	0.524
9225	0.540
9275	0.568
9325	0.576
9375	0.560
9425	0.544
9475	0.516
9525	0.488
9575	0.464
9625	0.484
9675	0.476
9725	0.476
9775	0.484
9825	0.496
9875	0.472
9925	0.480
9975	0.460
10025	0.464
10075	0.480
10125	0.516
10175	0.512
10225	0.508
10275	0.488
10325	0.468
10375	0.452
10425	0.452
10475	0.464
10525	0.484
10575	0.484
10625	0.484
10675	0.500
10725	0.508
10775	0.524
10825	0.520
10875	0.536
10925	0.532
10975	0.536
11025	0.520
11075	0.548
11125	0.516
11175	0.528
11225	0.536
11275	0.552
11325	0.544
11375	0.560
11425	0.536
11475	0.540
11525	0.512
11575	0.512
11625	0.520
11675	0.540
11725	0.512
11775	0.528
11825	0.528
11875	0.536
11925	0.552
11975	0.612
12025	0.640
12075	0.660
12125	0.628
12175	0.608
12225	0.588
12275	0.584
12325	0.560
12375	0.564
12425	0.580
12475	0.572
12525	0.556
12575	0.560
12625	0.596
12675	0.564
12725	0.576
12775	0.560
12825	0.556
12875	0.520
12925	0.536
12975	0.480
13025	0.492
13075	0.516
13125	0.536
13175	0.552
13225	0.596
13275	0.612
13325	0.580
13375	0.608
13425	0.616
13475	0.620
13525	0.576
13575	0.584
13625	0.556
13675	0.552
13725	0.548
13775	0.580
13825	0.564
13875	0.572
13925	0.536
13975	0.528
14025	0.536
14075	0.576
14125	0.556
14175	0.580
14225	0.580
14275	0.556
14325	0.532
14375	0.552
14425	0.556
14475	0.564
14525	0.588
14575	0.588
14625	0.576
14675	0.552
14725	0.536
14775	0.504
14825	0.512
14875	0.520
14925	0.536
14975	0.548
15025	0.584
15075	0.592
15125	0.568
15175	0.572
15225	0.572
15275	0.556
15325	0.536
15375	0.568
15425	0.584
15475	0.580
15525	0.592
15575	0.616
15625	0.616
15675	0.604
15725	0.608
15775	0.568
15825	0.536
15875	0.500
15925	0.444
15975	0.412
16025	0.436
16075	0.432
16125	0.452
16175	0.500
16225	0.536
16275	0.568
16325	0.592
16375	0.584
16425	0.572
16475	0.560
16525	0.512
16575	0.520
16625	0.548
16675	0.544
16725	0.532
16775	0.532
16825	0.504
16875	0.496
16925	0.496
16975	0.492
17025	0.492
17075	0.488
17125	0.472
17175	0.452
17225	0.456
17275	0.460
17325	0.448
17375	0.440
17425	0.472
17475	0.508
17525	0.548
17575	0.592
17625	0.612
17675	0.636
17725	0.604
17775	0.584
17825	0.592
17875	0.588
17925	0.556
17975	0.552
18025	0.552
18075	0.528
18125	0.496
18175	0.508
18225	0.512
18275	0.528
18325	0.552
18375	0.604
18425	0.624
18475	0.644
18525	0.632
18575	0.576
18625	0.564
18675	0.568
18725	0.560
18775	0.536
18825	0.584
18875	0.588
18925	0.584
18975	0.580
19025	0.632
19075	0.640
19125	0.648
19175	0.644
19225	0.624
19275	0.576
19325	0.580
19375	0.592
19425	0.588
19475	0.644
19525	0.672
19575	0.660
19625	0.632
19675	0.612
19725	0.604
19775	0.568
19825	0.556
19875	0.568
19925	0.620
19975	0.604
20025	0.632
20075	0.632
20125	0.644
20175	0.616
20225	0.596
20275	0.600
20325	0.596
20375	0.532
20425	0.480
20475	0.452
20525	0.416
20575	0.396
20625	0.420
20675	0.456
20725	0.484
20775	0.528
20825	0.544
20875	0.536
20925	0.504
20975	0.508
21025	0.492
21075	0.484
21125	0.500
21175	0.540
21225	0.528
21275	0.516
21325	0.508
21375	0.488
21425	0.476
21475	0.488
21525	0.524
21575	0.532
21625	0.512
21675	0.492
21725	0.484
21775	0.408
21825	0.400
21875	0.424
21925	0.448
21975	0.444
22025	0.476
22075	0.464
22125	0.468
22175	0.436
22225	0.432
22275	0.420
22325	0.444
22375	0.428
22425	0.468
22475	0.468
22525	0.508
22575	0.532
22625	0.576
22675	0.556
22725	0.564
22775	0.544
22825	0.516
22875	0.492
22925	0.500
22975	0.528
23025	0.524
23075	0.536
23125	0.524
23175	0.528
23225	0.520
23275	0.532
23325	0.528
23375	0.532
23425	0.540
23475	0.556
23525	0.548
23575	0.536
23625	0.528
23675	0.496
23725	0.428
23775	0.444
23825	0.464
23875	0.476
23925	0.516
23975	0.564
24025	0.552
24075	0.556
24125	0.548
24175	0.528
24225	0.532
24275	0.524
24325	0.516
24375	0.532
24425	0.544
24475	0.504
24525	0.512
24575	0.516
24625	0.508
24675	0.492
24725	0.528
24775	0.540
24825	0.504
24875	0.488
24925	0.504
24975	0.496
25025	0.476
25075	0.508
25125	0.504
25175	0.484
25225	0.484
25275	0.484
25325	0.484
25375	0.524
25425	0.548
25475	0.548
25525	0.556
25575	0.556
25625	0.556
25675	0.536
25725	0.556
25775	0.560
25825	0.536
25875	0.544
25925	0.568
25975	0.540
26025	0.512
26075	0.516
26125	0.480
26175	0.472
26225	0.468
26275	0.484
26325	0.480
26375	0.488
26425	0.488
26475	0.492
26525	0.496
26575	0.516
26625	0.532
26675	0.520
26725	0.528
26775	0.552
26825	0.544
26875	0.524
26925	0.528
26975	0.536
27025	0.508
27075	0.516
27125	0.520
27175	0.484
27225	0.472
27275	0.504
27325	0.524
27375	0.536
27425	0.552
27475	0.548
27525	0.552
27575	0.536
27625	0.520
27675	0.544
27725	0.568
27775	0.532
27825	0.528
27875	0.516
27925	0.476
27975	0.436
28025	0.424
28075	0.424
28125	0.420
28175	0.432
28225	0.428
28275	0.424
28325	0.388
28375	0.400
28425	0.408
28475	0.436
28525	0.460
28575	0.512
28625	0.528
28675	0.544
28725	0.528
28775	0.508
28825	0.504
28875	0.468
28925	0.452
28975	0.460
29025	0.460
29075	0.444
29125	0.476
29175	0.472
29225	0.484
29275	0.512
29325	0.492
29375	0.500
29425	0.508
29475	0.496
29525	0.468
29575	0.468
29625	0.464
29675	0.484
29725	0.492
29775	0.520
29825	0.556
29875	0.532
29925	0.520
29975	0.520
30025	0.528
30075	0.544
30125	0.556
30175	0.580
30225	0.588
30275	0.588
30325	0.552
30375	0.548
30425	0.504
30475	0.500
30525	0.508
30575	0.524
30625	0.548
30675	0.572
30725	0.568
30775	0.520
30825	0.504
30875	0.504
30925	0.504
30975	0.504
31025	0.516
31075	0.516
31125	0.488
31175	0.488
31225	0.492
31275	0.492
31325	0.504
31375	0.532
31425	0.528
31475	0.520
31525	0.512
31575	0.492
31625	0.480
31675	0.480
31725	0.460
31775	0.484
31825	0.468
31875	0.444
31925	0.428
31975	0.420
32025	0.416
32075	0.420
32125	0.424
32175	0.424
32225	0.444
32275	0.440
32325	0.476
32375	0.516
32425	0.512
32475	0.516
32525	0.492
32575	0.464
32625	0.432
32675	0.436
32725	0.460
32775	0.508
32825	0.540
32875	0.560
32925	0.600
32975	0.584
33025	0.592
33075	0.600
33125	0.600
33175	0.608
33225	0.628
33275	0.608
33325	0.608
33375	0.608
33425	0.572
33475	0.564
33525	0.536
33575	0.512
33625	0.516
33675	0.520
33725	0.476
33775	0.480
33825	0.460
33875	0.444
33925	0.444
33975	0.472
34025	0.504
34075	0.528
34125	0.560
34175	0.576
34225	0.584
34275	0.584
34325	0.608
34375	0.568
34425	0.556
34475	0.580
34525	0.588
34575	0.580
34625	0.616
34675	0.636
34725	0.624
34775	0.640
34825	0.644
34875	0.616
34925	0.608
34975	0.616
35025	0.612
35075	0.588
35125	0.600
35175	0.616
35225	0.612
35275	0.592
35325	0.608
35375	0.620
35425	0.568
35475	0.556
35525	0.544
35575	0.552
35625	0.524
35675	0.560
35725	0.532
35775	0.512
35825	0.508
35875	0.528
35925	0.524
35975	0.564
36025	0.580
36075	0.588
36125	0.588
36175	0.576
36225	0.560
36275	0.552
36325	0.524
36375	0.532
36425	0.532
36475	0.520
36525	0.512
36575	0.536
36625	0.520
36675	0.520
36725	0.544
36775	0.576
36825	0.572
36875	0.572
36925	0.596
36975	0.600
37025	0.588
37075	0.572
37125	0.556
37175	0.544
37225	0.508
37275	0.488
37325	0.504
37375	0.528
37425	0.544
37475	0.564
37525	0.596
37575	0.588
37625	0.592
37675	0.572
37725	0.564
37775	0.540
37825	0.548
37875	0.552
37925	0.552
37975	0.584
38025	0.584
38075	0.604
38125	0.596
38175	0.588
38225	0.584
38275	0.608
38325	0.580
38375	0.568
38425	0.576
38475	0.576
38525	0.584
38575	0.568
38625	0.576
38675	0.600
38725	0.596
38775	0.572
38825	0.596
38875	0.612
38925	0.564
38975	0.560
39025	0.584
39075	0.600
39125	0.604
39175	0.644
39225	0.652
39275	0.648
39325	0.644
39375	0.608
39425	0.604
39475	0.588
39525	0.544
39575	0.476
39625	0.440
39675	0.404
39725	0.376
39775	0.376
39825	0.432
39875	0.484
39925	0.496
39975	0.504
40025	0.516
40075	0.504
40125	0.476
40175	0.476
40225	0.476
40275	0.500
40325	0.500
40375	0.524
40425	0.532
40475	0.528
40525	0.528
40575	0.532
40625	0.540
40675	0.548
40725	0.556
40775	0.532
40825	0.524
40875	0.508
40925	0.484
40975	0.492
41025	0.492
41075	0.504
41125	0.516
41175	0.516
41225	0.512
41275	0.532
41325	0.520
41375	0.512
41425	0.520
41475	0.528
41525	0.528
41575	0.540
41625	0.528
41675	0.528
41725	0.520
41775	0.512
41825	0.512
41875	0.504
41925	0.516
41975	0.524
42025	0.524
42075	0.528
42125	0.556
42175	0.544
42225	0.540
42275	0.540
42325	0.532
42375	0.532
42425	0.536
42475	0.528
42525	0.560
42575	0.536
42625	0.520
42675	0.516
42725	0.520
42775	0.460
42825	0.452
42875	0.472
42925	0.472
42975	0.492
43025	0.504
43075	0.524
43125	0.524
43175	0.520
43225	0.504
43275	0.528
43325	0.536
43375	0.520
43425	0.524
43475	0.524
43525	0.508
43575	0.508
43625	0.496
43675	0.500
43725	0.496
43775	0.492
43825	0.500
43875	0.532
43925	0.536
43975	0.548
44025	0.568
44075	0.544
44125	0.508
44175	0.516
44225	0.512
44275	0.516
44325	0.532
44375	0.548
44425	0.524
44475	0.512
44525	0.504
44575	0.512
44625	0.524
44675	0.536
44725	0.536
44775	0.532
44825	0.524
44875	0.512
44925	0.496
44975	0.488
45025	0.500
45075	0.520
45125	0.524
45175	0.544
45225	0.564
45275	0.548
45325	0.516
45375	0.512
45425	0.536
45475	0.528
45525	0.536
45575	0.544
45625	0.548
45675	0.524
45725	0.516
45775	0.516
45825	0.516
45875	0.512
45925	0.512
45975	0.528
46025	0.536
46075	0.532
46125	0.536
46175	0.540
46225	0.524
46275	0.516
46325	0.524
46375	0.524
46425	0.512
46475	0.528
46525	0.528
46575	0.516
46625	0.504
46675	0.512
46725	0.508
46775	0.500
46825	0.488
46875	0.496
46925	0.500
46975	0.512
47025	0.524
47075	0.544
47125	0.540
47175	0.520
47225	0.508
47275	0.512
47325	0.524
47375	0.524
47425	0.532
47475	0.524
47525	0.500
47575	0.496
47625	0.504
47675	0.484
47725	0.500
47775	0.524
47825	0.484
47875	0.488
47925	0.532
47975	0.528
48025	0.488
48075	0.516
48125	0.496
48175	0.476
48225	0.468
48275	0.472
48325	0.464
48375	0.472
48425	0.468
48475	0.448
48525	0.460
48575	0.468
48625	0.476
48675	0.484
48725	0.508
48775	0.504
48825	0.496
48875	0.488
48925	0.484
48975	0.496
49025	0.488
49075	0.504
49125	0.512
49175	0.508
49225	0.468
49275	0.500
49325	0.496
49375	0.488
49425	0.476
49475	0.508
49525	0.488
49575	0.496
49625	0.512
49675	0.524
49725	0.528
49775	0.544
49825	0.532
49875	0.504
49925	0.524
49975	0.508
50025	0.508
50075	0.512
50125	0.536
50175	0.516
50225	0.516
50275	0.516
50325	0.524
50375	0.508
50425	0.524
50475	0.532
50525	0.536
50575	0.516
50625	0.544
50675	0.524
50725	0.524
50775	0.516
50825	0.524
50875	0.504
50925	0.504
50975	0.488
51025	0.496
51075	0.484
51125	0.496
51175	0.492
51225	0.516
51275	0.516
51325	0.528
51375	0.524
51425	0.532
51475	0.508
51525	0.500
51575	0.488
51625	0.476
51675	0.468
51725	0.472
51775	0.476
51825	0.508
51875	0.532
51925	0.532
51975	0.552
52025	0.544
52075	0.508
52125	0.484
52175	0.488
52225	0.480
52275	0.512
52325	0.540
52375	0.548
52425	0.568
52475	0.568
52525	0.544
52575	0.532
52625	0.532
52675	0.516
52725	0.520
52775	0.528
52825	0.532
52875	0.548
52925	0.552
52975	0.560
53025	0.556
53075	0.556
53125	0.556
53175	0.584
53225	0.572
53275	0.572
53325	0.572
53375	0.568
53425	0.512
53475	0.504
53525	0.492
53575	0.464
53625	0.452
53675	0.476
53725	0.496
53775	0.512
53825	0.540
53875	0.536
53925	0.552
53975	0.540
54025	0.520
54075	0.548
54125	0.536
54175	0.540
54225	0.552
54275	0.540
54325	0.512
54375	0.536
54425	0.516
54475	0.512
54525	0.532
54575	0.512
54625	0.516
54675	0.536
54725	0.528
54775	0.512
54825	0.540
54875	0.536
54925	0.508
54975	0.528
55025	0.568
55075	0.568
55125	0.572
55175	0.596
55225	0.576
55275	0.560
55325	0.560
55375	0.556
55425	0.528
55475	0.508
55525	0.488
55575	0.488
55625	0.488
55675	0.512
55725	0.544
55775	0.560
55825	0.544
55875	0.548
55925	0.536
55975	0.540
56025	0.536
56075	0.528
56125	0.516
56175	0.500
56225	0.496
56275	0.536
56325	0.536
56375	0.564
56425	0.584
56475	0.576
56525	0.532
56575	0.548
56625	0.508
56675	0.492
56725	0.500
56775	0.528
56825	0.508
56875	0.516
56925	0.552
56975	0.572
57025	0.560
57075	0.584
57125	0.596
57175	0.588
57225	0.568
57275	0.544
57325	0.540
57375	0.528
57425	0.520
57475	0.516
57525	0.568
57575	0.564
57625	0.592
57675	0.576
57725	0.592
57775	0.572
57825	0.592
57875	0.588
57925	0.600
57975	0.580
58025	0.564
58075	0.548
58125	0.544
58175	0.564
58225	0.584
58275	0.584
58325	0.604
58375	0.596
58425	0.584
58475	0.552
58525	0.552
58575	0.548
58625	0.544
58675	0.544
58725	0.564
58775	0.576
58825	0.580
58875	0.592
58925	0.612
58975	0.616
59025	0.616
59075	0.624
59125	0.616
59175	0.588
59225	0.564
59275	0.524
59325	0.488
59375	0.500
59425	0.476
59475	0.448
59525	0.468
59575	0.456
59625	0.404
59675	0.424
59725	0.440
59775	0.432
59825	0.468
59875	0.492
59925	0.492
59975	0.508
60025	0.524
60075	0.528
60125	0.536
60175	0.544
60225	0.532
60275	0.508
60325	0.508
60375	0.532
60425	0.536
60475	0.536
60525	0.564
60575	0.544
60625	0.504
60675	0.496
60725	0.484
60775	0.484
60825	0.456
60875	0.456
60925	0.456
60975	0.496
61025	0.500
61075	0.544
61125	0.564
61175	0.576
61225	0.580
61275	0.568
61325	0.560
61375	0.536
61425	0.520
61475	0.496
61525	0.484
61575	0.480
61625	0.500
61675	0.528
61725	0.556
61775	0.588
61825	0.616
61875	0.604
61925	0.604
61975	0.600
62025	0.600
62075	0.576
62125	0.612
62175	0.620
62225	0.608
62275	0.616
62325	0.604
62375	0.604
62425	0.568
62475	0.552
62525	0.544
62575	0.568
62625	0.556
62675	0.548
62725	0.588
62775	0.576
62825	0.584
62875	0.588
62925	0.636
62975	0.640
63025	0.648
63075	0.644
63125	0.632
63175	0.608
63225	0.600
63275	0.588
63325	0.580
63375	0.584
63425	0.592
63475	0.580
63525	0.592
63575	0.600
63625	0.592
63675	0.580
63725	0.588
63775	0.576
63825	0.580
63875	0.564
63925	0.552
63975	0.532
64025	0.556
64075	0.552
64125	0.596
64175	0.608
64225	0.644
64275	0.644
64325	0.644
64375	0.632
64425	0.644
64475	0.616
64525	0.604
64575	0.608
64625	0.616
64675	0.628
64725	0.644
64775	0.596
64825	0.564
64875	0.500
64925	0.460
64975	0.404
65025	0.404
65075	0.400
65125	0.420
65175	0.420
65225	0.436
65275	0.456
65325	0.436
65375	0.456
65425	0.432
65475	0.428
65525	0.408
65575	0.440
65625	0.440
65675	0.444
65725	0.420
65775	0.436
65825	0.436
65875	0.440
65925	0.464
65975	0.520
66025	0.568
66075	0.556
66125	0.524
66175	0.540
66225	0.556
66275	0.536
66325	0.568
66375	0.624
66425	0.624
66475	0.620
66525	0.632
66575	0.636
66625	0.588
66675	0.592
66725	0.568
66775	0.552
66825	0.528
66875	0.556
66925	0.556
66975	0.564
67025	0.596
67075	0.608
67125	0.612
67175	0.636
67225	0.636
67275	0.616
67325	0.588
67375	0.592
67425	0.560
67475	0.556
67525	0.556
67575	0.544
67625	0.496
67675	0.472
67725	0.464
67775	0.464
67825	0.516
67875	0.568
67925	0.616
67975	0.644
68025	0.632
68075	0.616
68125	0.620
68175	0.600
68225	0.588
68275	0.588
68325	0.576
68375	0.584
68425	0.588
68475	0.596
68525	0.584
68575	0.612
68625	0.604
68675	0.616
68725	0.620
68775	0.656
68825	0.640
68875	0.632
68925	0.596
68975	0.580
69025	0.560
69075	0.556
69125	0.584
69175	0.648
69225	0.644
69275	0.676
69325	0.680
69375	0.648
69425	0.608
69475	0.620
69525	0.576
69575	0.560
69625	0.568
69675	0.580
69725	0.580
69775	0.588
69825	0.592
69875	0.544
69925	0.488
69975	0.464
70025	0.452
70075	0.456
70125	0.500
70175	0.540
70225	0.544
70275	0.556
70325	0.568
70375	0.552
70425	0.564
70475	0.552
70525	0.576
70575	0.560
70625	0.564
70675	0.548
70725	0.588
70775	0.564
70825	0.576
70875	0.588
70925	0.596
70975	0.588
71025	0.592
71075	0.576
71125	0.572
71175	0.560
71225	0.540
71275	0.508
71325	0.504
71375	0.480
71425	0.460
71475	0.460
71525	0.480
71575	0.484
71625	0.492
71675	0.488
71725	0.500
71775	0.532
71825	0.572
71875	0.588
71925	0.660
71975	0.652
72025	0.600
72075	0.564
72125	0.588
72175	0.556
72225	0.580
72275	0.620
72325	0.624
72375	0.624
72425	0.632
72475	0.608
72525	0.620
72575	0.640
72625	0.608
72675	0.560
72725	0.532
72775	0.488
72825	0.412
72875	0.368
72925	0.404
72975	0.432
73025	0.436
73075	0.476
73125	0.476
73175	0.468
73225	0.504
73275	0.512
73325	0.520
73375	0.560
73425	0.556
73475	0.520
73525	0.532
73575	0.568
73625	0.564
73675	0.568
73725	0.588
73775	0.592
73825	0.592
73875	0.620
73925	0.660
73975	0.664
74025	0.684
74075	0.712
74125	0.704
74175	0.684
74225	0.704
74275	0.704
74325	0.648
74375	0.612
74425	0.556
74475	0.524
74525	0.468
74575	0.464
74625	0.464
74675	0.464
74725	0.452
74775	0.488
74825	0.472
74875	0.464
74925	0.492
74975	0.520
75025	0.524
75075	0.564
75125	0.616
75175	0.636
75225	0.628
75275	0.628
75325	0.608
75375	0.580
75425	0.588
75475	0.600
75525	0.588
75575	0.592
75625	0.596
75675	0.576
75725	0.552
75775	0.564
75825	0.548
75875	0.584
75925	0.588
75975	0.588
76025	0.576
76075	0.596
76125	0.560
76175	0.552
76225	0.520
76275	0.512
76325	0.504
76375	0.512
76425	0.524
76475	0.544
76525	0.536
76575	0.548
76625	0.548
76675	0.548
76725	0.584
76775	0.588
76825	0.564
76875	0.568
76925	0.564
76975	0.512
77025	0.504
77075	0.516
77125	0.484
77175	0.492
77225	0.524
77275	0.556
77325	0.576
77375	0.616
77425	0.624
77475	0.616
77525	0.636
77575	0.636
77625	0.628
77675	0.632
77725	0.652
77775	0.648
77825	0.660
77875	0.676
77925	0.672
77975	0.636
78025	0.584
78075	0.552
78125	0.560
78175	0.556
78225	0.588
78275	0.624
78325	0.640
78375	0.608
78425	0.596
78475	0.604
78525	0.608
78575	0.600
78625	0.604
78675	0.624
78725	0.608
78775	0.600
78825	0.612
78875	0.624
78925	0.624
78975	0.636
79025	0.648
79075	0.636
79125	0.648
79175	0.636
79225	0.616
79275	0.568
79325	0.576
79375	0.564
79425	0.560
79475	0.568
79525	0.624
79575	0.640
79625	0.636
79675	0.664
79725	0.696
79775	0.672
79825	0.648
79875	0.652
79925	0.620
79975	0.584
80025	0.564
80075	0.568
80125	0.552
80175	0.552
80225	0.576
80275	0.580
80325	0.516
80375	0.496
80425	0.452
80475	0.392
80525	0.380
80575	0.424
80625	0.408
80675	0.440
80725	0.464
80775	0.484
80825	0.500
80875	0.544
80925	0.580
80975	0.608
81025	0.620
81075	0.656
81125	0.676
81175	0.664
81225	0.684
81275	0.704
81325	0.656
81375	0.664
81425	0.652
81475	0.636
81525	0.608
81575	0.600
81625	0.556
81675	0.568
81725	0.564
81775	0.564
81825	0.584
81875	0.592
81925	0.568
81975	0.532
82025	0.532
82075	0.504
82125	0.496
82175	0.508
82225	0.536
82275	0.512
82325	0.500
82375	0.496
82425	0.484
82475	0.480
82525	0.496
82575	0.564
82625	0.588
82675	0.624
82725	0.620
82775	0.628
82825	0.600
82875	0.600
82925	0.576
82975	0.588
83025	0.616
83075	0.632
83125	0.644
83175	0.660
83225	0.644
83275	0.620
83325	0.612
83375	0.616
83425	0.628
83475	0.628
83525	0.648
83575	0.648
83625	0.632
83675	0.612
83725	0.624
83775	0.584
83825	0.584
83875	0.548
83925	0.504
83975	0.460
84025	0.456
84075	0.420
84125	0.424
84175	0.424
84225	0.444
84275	0.452
84325	0.464
84375	0.496
84425	0.552
84475	0.576
84525	0.604
84575	0.640
84625	0.644
84675	0.620
84725	0.608
84775	0.604
84825	0.580
84875	0.556
84925	0.552
84975	0.544
85025	0.540
85075	0.512
85125	0.524
85175	0.544
85225	0.548
85275	0.536
85325	0.588
85375	0.616
85425	0.616
85475	0.624
85525	0.636
85575	0.592
85625	0.536
85675	0.496
85725	0.492
85775	0.480
85825	0.524
85875	0.540
85925	0.548
85975	0.560
86025	0.564
86075	0.508
86125	0.500
86175	0.484
86225	0.464
86275	0.460
86325	0.480
86375	0.496
86425	0.544
86475	0.564
86525	0.580
86575	0.608
86625	0.624
86675	0.608
86725	0.608
86775	0.600
86825	0.588
86875	0.592
86925	0.596
86975	0.608
87025	0.608
87075	0.616
87125	0.580
87175	0.584
87225	0.568
87275	0.532
87325	0.520
87375	0.540
87425	0.516
87475	0.504
87525	0.528
87575	0.520
87625	0.540
87675	0.564
87725	0.580
87775	0.592
87825	0.596
87875	0.576
87925	0.556
87975	0.540
88025	0.540
88075	0.520
88125	0.512
88175	0.528
88225	0.540
88275	0.528
88325	0.540
88375	0.552
88425	0.508
88475	0.504
88525	0.548
88575	0.552
88625	0.532
88675	0.592
88725	0.604
88775	0.564
88825	0.560
88875	0.600
88925	0.572
88975	0.556
89025	0.552
89075	0.556
89125	0.532
89175	0.540
89225	0.556
89275	0.568
89325	0.576
89375	0.580
89425	0.564
89475	0.552
89525	0.552
89575	0.560
89625	0.560
89675	0.572
89725	0.580
89775	0.576
89825	0.592
89875	0.612
89925	0.620
89975	0.608
90025	0.608
90075	0.576
90125	0.536
90175	0.520
90225	0.540
90275	0.532
90325	0.528
90375	0.532
90425	0.552
90475	0.544
90525	0.568
90575	0.580
90625	0.600
90675	0.560
90725	0.540
90775	0.524
90825	0.508
90875	0.528
90925	0.548
90975	0.544
91025	0.544
91075	0.596
91125	0.564
91175	0.548
91225	0.548
91275	0.576
91325	0.544
91375	0.536
91425	0.556
91475	0.544
91525	0.496
91575	0.492
91625	0.528
91675	0.516
91725	0.572
91775	0.596
91825	0.580
91875	0.552
91925	0.588
91975	0.540
92025	0.528
92075	0.560
92125	0.568
92175	0.564
92225	0.604
92275	0.616
92325	0.584
92375	0.580
92425	0.572
92475	0.568
92525	0.568
92575	0.580
92625	0.580
92675	0.588
92725	0.580
92775	0.584
92825	0.596
92875	0.596
92925	0.616
92975	0.600
93025	0.584
93075	0.560
93125	0.564
93175	0.520
93225	0.532
93275	0.540
93325	0.564
93375	0.544
93425	0.544
93475	0.548
93525	0.540
93575	0.504
93625	0.492
93675	0.500
93725	0.488
93775	0.516
93825	0.536
93875	0.560
93925	0.556
93975	0.556
94025	0.528
94075	0.536
94125	0.532
94175	0.532
94225	0.520
94275	0.512
94325	0.504
94375	0.508
94425	0.540
94475	0.560
94525	0.576
94575	0.576
94625	0.572
94675	0.552
94725	0.556
94775	0.560
94825	0.536
94875	0.536
94925	0.524
94975	0.496
95025	0.508
95075	0.532
95125	0.524
95175	0.532
95225	0.568
95275	0.560
95325	0.548
95375	0.564
95425	0.548
95475	0.548
95525	0.500
95575	0.532
95625	0.532
95675	0.556
95725	0.548
95775	0.592
95825	0.568
95875	0.540
95925	0.532
95975	0.516
96025	0.496
96075	0.492
96125	0.508
96175	0.504
96225	0.512
96275	0.520
96325	0.508
96375	0.516
96425	0.520
96475	0.508
96525	0.516
96575	0.540
96625	0.548
96675	0.548
96725	0.548
96775	0.544
96825	0.548
96875	0.520
96925	0.524
96975	0.512
97025	0.512
97075	0.504
97125	0.528
97175	0.528
97225	0.532
97275	0.540
97325	0.524
97375	0.488
97425	0.468
97475	0.472
97525	0.440
97575	0.440
97625	0.484
97675	0.496
97725	0.516
97775	0.544
97825	0.552
97875	0.564
97925	0.604
97975	0.588
98025	0.576
98075	0.596
98125	0.576
98175	0.552
98225	0.568
98275	0.564
98325	0.580
98375	0.572
98425	0.580
98475	0.584
98525	0.620
98575	0.620
98625	0.628
98675	0.612
98725	0.620
98775	0.608
98825	0.596
98875	0.584
98925	0.596
98975	0.552
99025	0.540
99075	0.496
99125	0.528
99175	0.456
99225	0.472
99275	0.500
99325	0.488
99375	0.464
99425	0.520
99475	0.532
99525	0.508
99575	0.548
99625	0.568
99675	0.592
99725	0.604
99775	0.584
99825	0.576
99875	0.576
99925	0.568
99975	0.560
100025	0.576
100075	0.616
100125	0.608
100175	0.604
100225	0.620
100275	0.628
100325	0.612
100375	0.612
100425	0.620
100475	0.608
100525	0.600
100575	0.576
100625	0.556
100675	0.536
100725	0.524
100775	0.508
100825	0.500
100875	0.488
100925	0.468
100975	0.440
101025	0.432
101075	0.444
101125	0.448
101175	0.456
101225	0.452
101275	0.496
101325	0.512
101375	0.532
101425	0.548
101475	0.588
101525	0.568
101575	0.548
101625	0.544
101675	0.548
101725	0.536
101775	0.548
101825	0.592
101875	0.592
101925	0.576
101975	0.616
102025	0.620
102075	0.592
102125	0.608
102175	0.604
102225	0.560
102275	0.560
102325	0.580
102375	0.568
102425	0.564
102475	0.592
102525	0.576
102575	0.552
102625	0.560
102675	0.612
102725	0.608
102775	0.588
102825	0.580
102875	0.544
102925	0.472
102975	0.432
103025	0.432
103075	0.424
103125	0.440
103175	0.464
103225	0.536
103275	0.572
103325	0.608
103375	0.656
103425	0.700
103475	0.688
103525	0.704
103575	0.708
103625	0.636
103675	0.584
103725	0.588
103775	0.584
103825	0.540
103875	0.532
103925	0.512
103975	0.460
104025	0.436
104075	0.440
104125	0.480
104175	0.500
104225	0.500
104275	0.508
104325	0.504
104375	0.484
104425	0.504
104475	0.516
104525	0.476
104575	0.472
104625	0.492
104675	0.480
104725	0.460
104775	0.504
104825	0.548
104875	0.548
104925	0.564
104975	0.608
105025	0.616
105075	0.592
105125	0.616
105175	0.628
105225	0.612
105275	0.600
105325	0.600
105375	0.576
105425	0.544
105475	0.540
105525	0.532
105575	0.532
105625	0.552
105675	0.572
105725	0.576
105775	0.584
105825	0.608
105875	0.616
105925	0.576
105975	0.568
106025	0.552
106075	0.536
106125	0.500
106175	0.524
106225	0.528
106275	0.536
106325	0.512
106375	0.504
106425	0.508
106475	0.508
106525	0.504
106575	0.520
106625	0.552
106675	0.560
106725	0.560
106775	0.564
106825	0.580
106875	0.556
106925	0.552
106975	0.548
107025	0.564
107075	0.556
107125	0.592
107175	0.612
107225	0.632
107275	0.612
107325	0.616
107375	0.584
107425	0.564
107475	0.540
107525	0.548
107575	0.576
107625	0.596
107675	0.596
107725	0.612
107775	0.600
107825	0.568
107875	0.524
107925	0.500
107975	0.456
108025	0.464
108075	0.456
108125	0.484
108175	0.508
108225	0.536
108275	0.520
108325	0.504
108375	0.504
108425	0.496
108475	0.504
108525	0.532
108575	0.540
108625	0.520
108675	0.508
108725	0.480
108775	0.456
108825	0.468
108875	0.472
108925	0.476
108975	0.460
109025	0.464
109075	0.468
109125	0.436
109175	0.440
109225	0.452
109275	0.436
109325	0.432
109375	0.496
109425	0.508
109475	0.532
109525	0.564
109575	0.572
109625	0.588
109675	0.608
109725	0.628
109775	0.644
109825	0.652
109875	0.616
109925	0.592
109975	0.560
110025	0.528
110075	0.536
110125	0.560
110175	0.584
110225	0.620
110275	0.624
110325	0.628
110375	0.628
110425	0.616
110475	0.584
110525	0.552
110575	0.496
110625	0.480
110675	0.476
110725	0.504
110775	0.552
110825	0.612
110875	0.576
110925	0.568
110975	0.572
111025	0.564
111075	0.540
111125	0.568
111175	0.576
111225	0.564
111275	0.540
111325	0.528
111375	0.556
111425	0.572
111475	0.560
111525	0.592
111575	0.636
111625	0.636
111675	0.628
111725	0.656
111775	0.668
111825	0.648
111875	0.636
111925	0.672
111975	0.672
112025	0.656
112075	0.644
112125	0.660
112175	0.644
112225	0.656
112275	0.676
112325	0.696
112375	0.680
112425	0.700
112475	0.664
112525	0.652
112575	0.604
112625	0.564
112675	0.488
112725	0.468
112775	0.412
112825	0.428
112875	0.404
112925	0.412
112975	0.424
113025	0.440
113075	0.432
113125	0.488
113175	0.476
113225	0.488
113275	0.480
113325	0.480
113375	0.456
113425	0.504
113475	0.516
113525	0.564
113575	0.608
113625	0.616
113675	0.580
113725	0.552
113775	0.516
113825	0.464
113875	0.472
113925	0.496
113975	0.508
114025	0.548
114075	0.576
114125	0.584
114175	0.600
114225	0.604
114275	0.580
114325	0.580
114375	0.596
114425	0.568
114475	0.556
114525	0.548
114575	0.512
114625	0.516
114675	0.532
114725	0.552
114775	0.568
114825	0.596
114875	0.560
114925	0.544
114975	0.576
115025	0.568
115075	0.572
115125	0.576
115175	0.596
115225	0.528
115275	0.528
115325	0.516
115375	0.488
115425	0.472
115475	0.488
115525	0.472
115575	0.496
115625	0.552
115675	0.564
115725	0.568
115775	0.576
115825	0.556
115875	0.536
115925	0.512
115975	0.500
116025	0.524
116075	0.524
116125	0.512
116175	0.492
116225	0.516
116275	0.484
116325	0.492
116375	0.500
116425	0.520
116475	0.496
116525	0.516
116575	0.524
116625	0.548
116675	0.556
116725	0.604
116775	0.604
116825	0.624
116875	0.608
116925	0.620
116975	0.604
117025	0.608
117075	0.580
117125	0.600
117175	0.624
117225	0.612
117275	0.604
117325	0.592
117375	0.556
117425	0.532
117475	0.524
117525	0.536
117575	0.576
117625	0.584
117675	0.584
117725	0.596
117775	0.580
117825	0.568
117875	0.564
117925	0.564
117975	0.564
118025	0.560
118075	0.536
118125	0.512
118175	0.484
118225	0.456
118275	0.488
118325	0.456
118375	0.476
118425	0.508
118475	0.532
118525	0.512
118575	0.540
118625	0.552
118675	0.528
118725	0.532
118775	0.516
118825	0.508
118875	0.520
118925	0.500
118975	0.492
119025	0.496
119075	0.500
119125	0.496
119175	0.536
119225	0.536
119275	0.536
119325	0.532
119375	0.508
119425	0.512
119475	0.516
119525	0.516
119575	0.548
119625	0.572
119675	0.552
119725	0.548
119775	0.560
119825	0.552
119875	0.572
119925	0.584
119975	0.604
120025	0.608
120075	0.608
120125	0.580
120175	0.596
120225	0.588
120275	0.588
120325	0.596
120375	0.588
120425	0.592
120475	0.588
120525	0.596
120575	0.604
120625	0.660
120675	0.644
120725	0.644
120775	0.624
120825	0.620
120875	0.576
120925	0.588
120975	0.556
121025	0.572
121075	0.564
121125	0.580
121175	0.572
121225	0.616
121275	0.620
121325	0.624
121375	0.616
121425	0.612
121475	0.612
121525	0.628
121575	0.628
121625	0.644
121675	0.672
121725	0.668
121775	0.644
121825	0.644
121875	0.632
121925	0.604
121975	0.616
122025	0.616
122075	0.644
122125	0.652
122175	0.664
122225	0.652
122275	0.680
122325	0.656
122375	0.648
122425	0.664
122475	0.636
122525	0.604
122575	0.608
122625	0.604
122675	0.588
122725	0.620
122775	0.616
122825	0.584
122875	0.548
122925	0.528
122975	0.500
123025	0.484
123075	0.480
123125	0.472
123175	0.480
123225	0.444
123275	0.460
123325	0.508
123375	0.528
123425	0.512
123475	0.568
123525	0.576
123575	0.568
123625	0.580
123675	0.604
123725	0.576
123775	0.536
123825	0.520
123875	0.524
123925	0.508
123975	0.528
124025	0.560
124075	0.556
124125	0.552
124175	0.564
124225	0.580
124275	0.584
124325	0.580
124375	0.584
124425	0.548
124475	0.500
124525	0.484
124575	0.464
124625	0.460
124675	0.488
124725	0.520
124775	0.520
124825	0.548
124875	0.560
124925	0.540
124975	0.544
125025	0.556
125075	0.556
125125	0.552
125175	0.592
125225	0.592
125275	0.580
125325	0.564
125375	0.536
125425	0.488
125475	0.464
125525	0.488
125575	0.504
125625	0.508
125675	0.524
125725	0.528
125775	0.524
125825	0.524
125875	0.560
125925	0.560
125975	0.552
126025	0.548
126075	0.536
126125	0.508
126175	0.520
126225	0.536
126275	0.528
126325	0.524
126375	0.528
126425	0.552
126475	0.544
126525	0.560
126575	0.556
126625	0.544
126675	0.516
126725	0.508
126775	0.476
126825	0.480
126875	0.512
126925	0.516
126975	0.548
127025	0.608
127075	0.628
127125	0.632
127175	0.616
127225	0.624
127275	0.588
127325	0.580
127375	0.548
127425	0.536
127475	0.512
127525	0.488
127575	0.500
127625	0.488
127675	0.492
127725	0.496
127775	0.512
127825	0.500
127875	0.508
127925	0.528
127975	0.512
128025	0.496
128075	0.464
128125	0.468
128175	0.468
128225	0.480
128275	0.476
128325	0.492
128375	0.484
128425	0.480
128475	0.484
128525	0.516
128575	0.548
128625	0.584
128675	0.600
128725	0.604
128775	0.596
128825	0.572
128875	0.560
128925	0.528
128975	0.532
129025	0.532
129075	0.548
129125	0.576
129175	0.604
129225	0.604
129275	0.596
129325	0.592
129375	0.584
129425	0.564
129475	0.552
129525	0.556
129575	0.516
129625	0.496
129675	0.528
129725	0.544
129775	0.556
129825	0.580
129875	0.560
129925	0.540
129975	0.536
130025	0.528
130075	0.520
130125	0.540
130175	0.556
130225	0.572
130275	0.576
130325	0.612
130375	0.608
130425	0.616
130475	0.592
130525	0.596
130575	0.588
130625	0.600
130675	0.576
130725	0.568
130775	0.564
130825	0.528
130875	0.516
130925	0.536
130975	0.548
131025	0.524
131075	0.556
131125	0.568
131175	0.556
131225	0.564
131275	0.580
131325	0.576
131375	0.560
131425	0.548
131475	0.528
131525	0.548
131575	0.532
131625	0.532
131675	0.540
131725	0.552
131775	0.532
131825	0.532
131875	0.540
131925	0.560
131975	0.596
132025	0.612
132075	0.608
132125	0.608
132175	0.576
132225	0.532
132275	0.508
132325	0.520
132375	0.520
132425	0.536
132475	0.528
132525	0.544
132575	0.560
132625	0.572
132675	0.572
132725	0.576
132775	0.568
132825	0.556
132875	0.532
132925	0.520
132975	0.536
133025	0.524
133075	0.516
133125	0.496
133175	0.492
133225	0.480
133275	0.512
133325	0.532
133375	0.576
133425	0.588
133475	0.592
133525	0.580
133575	0.580
133625	0.568
133675	0.580
133725	0.592
133775	0.600
133825	0.608
133875	0.600
133925	0.608
133975	0.604
134025	0.616
134075	0.572
134125	0.564
134175	0.552
134225	0.548
134275	0.556
134325	0.604
134375	0.628
134425	0.616
134475	0.600
134525	0.572
134575	0.536
134625	0.540
134675	0.552
134725	0.600
134775	0.612
134825	0.656
134875	0.660
134925	0.680
134975	0.668
135025	0.676
135075	0.676
135125	0.680
135175	0.680
135225	0.680
135275	0.700
135325	0.680
135375	0.676
135425	0.644
135475	0.604
135525	0.524
135575	0.472
135625	0.420
135675	0.396
135725	0.392
135775	0.448
135825	0.476
135875	0.484
135925	0.492
135975	0.492
136025	0.468
136075	0.508
136125	0.544
136175	0.556
136225	0.596
136275	0.612
136325	0.580
136375	0.568
136425	0.576
136475	0.568
136525	0.576
136575	0.580
136625	0.580
136675	0.596
136725	0.600
136775	0.600
136825	0.612
136875	0.620
136925	0.612
136975	0.636
137025	0.644
137075	0.636
137125	0.640
137175	0.624
137225	0.588
137275	0.576
137325	0.584
137375	0.584
137425	0.604
137475	0.600
137525	0.600
137575	0.576
137625	0.528
137675	0.524
137725	0.560
137775	0.528
137825	0.548
137875	0.580
137925	0.576
137975	0.548
138025	0.580
138075	0.576
138125	0.588
138175	0.580
138225	0.584
138275	0.604
138325	0.620
138375	0.616
138425	0.612
138475	0.600
138525	0.540
138575	0.480
138625	0.484
138675	0.476
138725	0.468
138775	0.488
138825	0.524
138875	0.508
138925	0.492
138975	0.508
139025	0.532
139075	0.532
139125	0.532
139175	0.560
139225	0.556
139275	0.528
139325	0.556
139375	0.564
139425	0.580
139475	0.572
139525	0.568
139575	0.536
139625	0.532
139675	0.524
139725	0.528
139775	0.528
139825	0.528
139875	0.524
139925	0.524
139975	0.548
140025	0.564
140075	0.560
140125	0.580
140175	0.596
140225	0.560
140275	0.548
140325	0.524
140375	0.528
140425	0.512
140475	0.540
140525	0.528
140575	0.540
140625	0.508
140675	0.496
140725	0.500
140775	0.504
140825	0.536
140875	0.528
140925	0.520
140975	0.488
141025	0.488
141075	0.452
141125	0.460
141175	0.472
141225	0.488
141275	0.504
141325	0.528
141375	0.568
141425	0.564
141475	0.552
141525	0.532
141575	0.524
141625	0.496
141675	0.492
141725	0.508
141775	0.528
141825	0.532
141875	0.536
141925	0.544
141975	0.516
142025	0.500
142075	0.504
142125	0.508
142175	0.516
142225	0.524
142275	0.544
142325	0.536
142375	0.524
142425	0.512
142475	0.508
142525	0.504
142575	0.508
142625	0.516
142675	0.500
142725	0.524
142775	0.556
142825	0.540
142875	0.520
142925	0.532
142975	0.508
143025	0.464
143075	0.484
143125	0.488
143175	0.504
143225	0.504
143275	0.508
143325	0.500
143375	0.524
143425	0.508
143475	0.528
143525	0.540
143575	0.560
143625	0.564
143675	0.580
143725	0.568
143775	0.568
143825	0.568
143875	0.552
143925	0.544
143975	0.568
144025	0.560
144075	0.532
144125	0.512
144175	0.508
144225	0.484
144275	0.468
144325	0.464
144375	0.468
144425	0.464
144475	0.456
144525	0.472
144575	0.508
144625	0.532
144675	0.560
144725	0.572
144775	0.568
144825	0.548
144875	0.536
144925	0.504
144975	0.516
145025	0.512
145075	0.504
145125	0.508
145175	0.524
145225	0.512
145275	0.540
145325	0.552
145375	0.528
145425	0.504
145475	0.512
145525	0.492
145575	0.472
145625	0.500
145675	0.528
145725	0.516
145775	0.520
145825	0.524
145875	0.528
145925	0.504
145975	0.520
146025	0.528
146075	0.520
146125	0.492
146175	0.504
146225	0.500
146275	0.484
146325	0.520
146375	0.556
146425	0.560
146475	0.572
146525	0.588
146575	0.596
146625	0.584
146675	0.556
146725	0.536
146775	0.524
146825	0.492
146875	0.488
146925	0.512
146975	0.516
147025	0.488
147075	0.480
147125	0.452
147175	0.452
147225	0.412
147275	0.448
147325	0.452
147375	0.460
147425	0.460
147475	0.488
147525	0.460
147575	0.456
147625	0.476
147675	0.468
147725	0.484
147775	0.516
147825	0.540
147875	0.560
147925	0.556
147975	0.556
148025	0.544
148075	0.524
148125	0.480
148175	0.484
148225	0.480
148275	0.472
148325	0.448
148375	0.452
148425	0.508
148475	0.528
148525	0.548
148575	0.568
148625	0.616
148675	0.564
148725	0.524
148775	0.520
148825	0.532
148875	0.512
148925	0.532
148975	0.548
149025	0.536
149075	0.540
149125	0.556
149175	0.552
149225	0.544
149275	0.560
149325	0.548
149375	0.520
149425	0.500
149475	0.512
149525	0.516
149575	0.532
149625	0.548
149675	0.552
149725	0.548
149775	0.524
149825	0.524
149875	0.504
149925	0.512
149975	0.500
150025	0.504
150075	0.508
150125	0.524
150175	0.512
150225	0.500
150275	0.468
150325	0.468
150375	0.456
150425	0.448
150475	0.476
150525	0.508
150575	0.512
150625	0.508
150675	0.488
150725	0.472
150775	0.468
150825	0.440
150875	0.464
150925	0.496
150975	0.512
151025	0.528
151075	0.524
151125	0.516
151175	0.528
151225	0.504
151275	0.492
151325	0.504
151375	0.504
151425	0.488
151475	0.508
151525	0.508
151575	0.500
151625	0.480
151675	0.496
151725	0.500
151775	0.496
151825	0.516
151875	0.532
151925	0.516
151975	0.500
152025	0.492
152075	0.496
152125	0.488
152175	0.484
152225	0.488
152275	0.520
152325	0.520
152375	0.520
152425	0.540
152475	0.524
152525	0.500
152575	0.468
152625	0.440
152675	0.428
152725	0.444
152775	0.424
152825	0.416
152875	0.444
152925	0.452
152975	0.456
153025	0.472
153075	0.488
153125	0.476
153175	0.452
153225	0.416
153275	0.420
153325	0.432
153375	0.440
153425	0.448
153475	0.488
153525	0.524
153575	0.504
153625	0.504
153675	0.476
153725	0.488
153775	0.428
153825	0.440
153875	0.480
153925	0.528
153975	0.512
154025	0.548
154075	0.548
154125	0.520
154175	0.496
154225	0.504
154275	0.476
154325	0.504
154375	0.480
154425	0.448
154475	0.448
154525	0.468
154575	0.456
154625	0.496
154675	0.524
154725	0.516
154775	0.500
154825	0.476
154875	0.492
154925	0.512
154975	0.520
155025	0.540
155075	0.556
155125	0.524
155175	0.528
155225	0.544
155275	0.560
155325	0.568
155375	0.564
155425	0.552
155475	0.528
155525	0.508
155575	0.520
155625	0.524
155675	0.528
155725	0.532
155775	0.540
155825	0.544
155875	0.532
155925	0.532
155975	0.540
156025	0.532
156075	0.524
156125	0.532
156175	0.528
156225	0.516
156275	0.536
156325	0.520
156375	0.512
156425	0.540
156475	0.564
156525	0.568
156575	0.560
156625	0.572
156675	0.556
156725	0.548
156775	0.516
156825	0.536
156875	0.544
156925	0.548
156975	0.560
157025	0.584
157075	0.568
157125	0.556
157175	0.564
157225	0.556
157275	0.580
157325	0.596
157375	0.604
157425	0.564
157475	0.556
157525	0.504
157575	0.496
157625	0.472
157675	0.472
157725	0.428
157775	0.440
157825	0.468
157875	0.484
157925	0.520
157975	0.552
158025	0.560
158075	0.548
158125	0.552
158175	0.528
158225	0.548
158275	0.548
158325	0.556
158375	0.584
158425	0.608
158475	0.596
158525	0.600
158575	0.620
158625	0.596
158675	0.596
158725	0.612
158775	0.604
158825	0.572
158875	0.580
158925	0.560
158975	0.536
159025	0.540
159075	0.528
159125	0.516
159175	0.516
159225	0.524
159275	0.532
159325	0.524
159375	0.508
159425	0.500
159475	0.496
159525	0.504
159575	0.528
159625	0.544
159675	0.568
159725	0.588
159775	0.564
159825	0.552
159875	0.560
159925	0.548
159975	0.524
160025	0.516
160075	0.532
160125	0.520
160175	0.532
160225	0.524
160275	0.500
160325	0.484
160375	0.484
160425	0.448
160475	0.444
160525	0.480
160575	0.472
160625	0.472
160675	0.480
160725	0.488
160775	0.480
160825	0.464
160875	0.476
160925	0.516
160975	0.536
161025	0.536
161075	0.568
161125	0.564
161175	0.532
161225	0.528
161275	0.572
161325	0.572
161375	0.576
161425	0.576
161475	0.588
161525	0.568
161575	0.552
161625	0.544
161675	0.568
161725	0.544
161775	0.536
161825	0.544
161875	0.544
161925	0.548
161975	0.564
162025	0.568
162075	0.568
162125	0.588
162175	0.568
162225	0.564
162275	0.568
162325	0.556
162375	0.536
162425	0.552
162475	0.548
162525	0.508
162575	0.528
162625	0.516
162675	0.504
162725	0.520
162775	0.580
162825	0.576
162875	0.616
162925	0.616
162975	0.568
163025	0.512
163075	0.500
163125	0.460
163175	0.472
163225	0.488
163275	0.504
163325	0.500
163375	0.488
163425	0.436
163475	0.420
163525	0.412
163575	0.400
163625	0.424
163675	0.440
163725	0.468
163775	0.464
163825	0.480
163875	0.464
163925	0.460
163975	0.432
164025	0.432
164075	0.424
164125	0.448
164175	0.488
164225	0.528
164275	0.556
164325	0.556
164375	0.548
164425	0.520
164475	0.508
164525	0.504
164575	0.520
164625	0.516
164675	0.520
164725	0.540
164775	0.512
164825	0.516
164875	0.528
164925	0.536
164975	0.524
165025	0.536
165075	0.520
165125	0.492
165175	0.500
165225	0.504
165275	0.492
165325	0.488
165375	0.488
165425	0.480
165475	0.468
165525	0.500
165575	0.496
165625	0.508
165675	0.520
165725	0.512
165775	0.504
165825	0.532
165875	0.552
165925	0.540
165975	0.552
166025	0.532
166075	0.516
166125	0.500
166175	0.512
166225	0.516
166275	0.548
166325	0.572
166375	0.560
166425	0.560
166475	0.556
166525	0.516
166575	0.508
166625	0.532
166675	0.516
166725	0.500
166775	0.532
166825	0.504
166875	0.500
166925	0.500
166975	0.512
167025	0.488
167075	0.524
167125	0.484
167175	0.484
167225	0.476
167275	0.480
167325	0.452
167375	0.492
167425	0.500
167475	0.512
167525	0.516
167575	0.524
167625	0.516
167675	0.524
167725	0.500
167775	0.524
167825	0.520
167875	0.528
167925	0.516
167975	0.532
168025	0.540
168075	0.552
168125	0.528
168175	0.528
168225	0.528
168275	0.504
168325	0.476
168375	0.452
168425	0.436
168475	0.432
168525	0.400
168575	0.416
168625	0.460
168675	0.480
168725	0.456
168775	0.492
168825	0.504
168875	0.472
168925	0.464
168975	0.488
169025	0.480
169075	0.488
169125	0.508
169175	0.496
169225	0.456
169275	0.436
169325	0.396
169375	0.384
169425	0.384
169475	0.424
169525	0.440
169575	0.480
169625	0.484
169675	0.480
169725	0.480
169775	0.484
169825	0.480
169875	0.492
169925	0.508
169975	0.488
170025	0.500
170075	0.496
170125	0.516
170175	0.504
170225	0.520
170275	0.496
170325	0.484
170375	0.472
170425	0.492
170475	0.496
170525	0.524
170575	0.528
170625	0.472
170675	0.460
170725	0.444
170775	0.424
170825	0.436
170875	0.492
170925	0.488
170975	0.504
171025	0.484
171075	0.476
171125	0.460
171175	0.484
171225	0.476
171275	0.504
171325	0.500
171375	0.512
171425	0.496
171475	0.520
171525	0.504
171575	0.512
171625	0.512
171675	0.524
171725	0.528
171775	0.532
171825	0.512
171875	0.520
171925	0.516
171975	0.504
172025	0.484
172075	0.504
172125	0.504
172175	0.472
172225	0.448
172275	0.516
172325	0.528
172375	0.504
172425	0.500
172475	0.516
172525	0.468
172575	0.440
172625	0.472
172675	0.492
172725	0.504
172775	0.508
172825	0.536
172875	0.524
172925	0.528
172975	0.528
173025	0.544
173075	0.516
173125	0.516
173175	0.536
173225	0.528
173275	0.500
173325	0.544
173375	0.544
173425	0.552
173475	0.560
173525	0.580
173575	0.564
173625	0.584
173675	0.552
173725	0.560
173775	0.568
173825	0.536
173875	0.504
173925	0.500
173975	0.452
174025	0.412
174075	0.428
174125	0.432
174175	0.452
174225	0.488
174275	0.520
174325	0.520
174375	0.536
174425	0.532
174475	0.508
174525	0.480
174575	0.452
174625	0.424
174675	0.436
174725	0.464
174775	0.480
174825	0.516
174875	0.516
174925	0.492
174975	0.492
175025	0.504
175075	0.500
175125	0.500
175175	0.520
175225	0.504
175275	0.504
175325	0.508
175375	0.520
175425	0.504
175475	0.508
175525	0.492
175575	0.484
175625	0.480
175675	0.480
175725	0.472
175775	0.460
175825	0.460
175875	0.468
175925	0.448
175975	0.464
176025	0.488
176075	0.520
176125	0.512
176175	0.520
176225	0.532
176275	0.528
176325	0.484
176375	0.468
176425	0.456
176475	0.432
176525	0.428
176575	0.444
176625	0.440
176675	0.480
176725	0.472
176775	0.464
176825	0.440
176875	0.452
176925	0.444
176975	0.460
177025	0.480
177075	0.452
177125	0.460
177175	0.424
177225	0.404
177275	0.396
177325	0.420
177375	0.420
177425	0.452
177475	0.488
177525	0.492
177575	0.496
177625	0.500
177675	0.500
177725	0.500
177775	0.512
177825	0.524
177875	0.532
177925	0.552
177975	0.548
178025	0.532
178075	0.524
178125	0.508
178175	0.480
178225	0.460
178275	0.444
178325	0.456
178375	0.464
178425	0.480
178475	0.484
178525	0.516
178575	0.516
178625	0.496
178675	0.484
178725	0.496
178775	0.436
178825	0.436
178875	0.472
178925	0.476
178975	0.476
179025	0.524
179075	0.508
179125	0.516
179175	0.516
179225	0.504
179275	0.496
179325	0.500
179375	0.500
179425	0.504
179475	0.508
179525	0.524
179575	0.556
179625	0.536
179675	0.532
179725	0.528
179775	0.528
179825	0.508
179875	0.520
179925	0.524
179975	0.552
180025	0.544
180075	0.536
180125	0.532
180175	0.532
180225	0.512
180275	0.532
180325	0.540
180375	0.532
180425	0.544
180475	0.512
180525	0.504
180575	0.500
180625	0.492
180675	0.484
180725	0.504
180775	0.484
180825	0.484
180875	0.484
180925	0.496
180975	0.496
181025	0.508
181075	0.504
181125	0.508
181175	0.488
181225	0.504
181275	0.492
181325	0.488
181375	0.476
181425	0.496
181475	0.484
181525	0.476
181575	0.460
181625	0.476
181675	0.448
181725	0.448
181775	0.444
181825	0.440
181875	0.436
181925	0.448
181975	0.472
182025	0.472
182075	0.476
182125	0.488
182175	0.480
182225	0.452
182275	0.460
182325	0.464
182375	0.448
182425	0.468
182475	0.464
182525	0.468
182575	0.464
182625	0.472
182675	0.440
182725	0.452
182775	0.468
182825	0.468
182875	0.464
182925	0.484
182975	0.488
183025	0.492
183075	0.524
183125	0.528
183175	0.548
183225	0.552
183275	0.548
183325	0.532
183375	0.540
183425	0.504
183475	0.516
183525	0.516
183575	0.548
183625	0.532
183675	0.548
183725	0.520
183775	0.524
183825	0.512
183875	0.528
183925	0.524
183975	0.536
184025	0.524
184075	0.524
184125	0.500
184175	0.520
184225	0.532
184275	0.532
184325	0.504
184375	0.516
184425	0.508
184475	0.512
184525	0.500
184575	0.508
184625	0.520
184675	0.520
184725	0.508
184775	0.540
184825	0.548
184875	0.536
184925	0.512
184975	0.504
185025	0.500
185075	0.496
185125	0.500
185175	0.532
185225	0.536
185275	0.520
185325	0.508
185375	0.528
185425	0.496
185475	0.464
185525	0.448
185575	0.456
185625	0.404
185675	0.396
185725	0.416
185775	0.424
185825	0.412
185875	0.452
185925	0.460
185975	0.480
186025	0.500
186075	0.528
186125	0.516
186175	0.532
186225	0.508
186275	0.492
186325	0.472
186375	0.472
186425	0.448
186475	0.476
186525	0.480
186575	0.508
186625	0.520
186675	0.540
186725	0.540
186775	0.544
186825	0.528
186875	0.496
186925	0.500
186975	0.488
187025	0.476
187075	0.476
187125	0.484
187175	0.492
187225	0.488
187275	0.492
187325	0.492
187375	0.496
187425	0.492
187475	0.496
187525	0.460
187575	0.460
187625	0.432
187675	0.396
187725	0.384
187775	0.424
187825	0.404
187875	0.424
187925	0.464
187975	0.472
188025	0.476
188075	0.492
188125	0.484
188175	0.468
188225	0.448
188275	0.444
188325	0.448
188375	0.468
188425	0.496
188475	0.512
188525	0.512
188575	0.516
188625	0.528
188675	0.512
188725	0.516
188775	0.532
188825	0.528
188875	0.516
188925	0.524
188975	0.524
189025	0.516
189075	0.532
189125	0.548
189175	0.520
189225	0.524
189275	0.520
189325	0.520
189375	0.508
189425	0.544
189475	0.548
189525	0.536
189575	0.524
189625	0.528
189675	0.492
189725	0.468
189775	0.460
189825	0.468
189875	0.468
189925	0.492
189975	0.524
190025	0.540
190075	0.520
190125	0.528
190175	0.504
190225	0.476
190275	0.480
190325	0.484
190375	0.476
190425	0.480
190475	0.460
190525	0.448
190575	0.448
190625	0.440
190675	0.452
190725	0.456
190775	0.444
190825	0.444
190875	0.440
190925	0.428
190975	0.456
191025	0.460
191075	0.464
191125	0.468
191175	0.484
191225	0.476
191275	0.492
191325	0.468
191375	0.472
191425	0.456
191475	0.444
191525	0.432
191575	0.432
191625	0.440
191675	0.452
191725	0.484
191775	0.512
191825	0.560
191875	0.556
191925	0.552
191975	0.536
192025	0.512
192075	0.468
192125	0.456
192175	0.444
192225	0.440
192275	0.444
192325	0.476
192375	0.484
192425	0.500
192475	0.508
192525	0.504
192575	0.512
192625	0.508
192675	0.528
192725	0.492
192775	0.472
192825	0.444
192875	0.452
192925	0.420
192975	0.436
193025	0.448
193075	0.432
193125	0.424
193175	0.432
193225	0.464
193275	0.460
193325	0.468
193375	0.460
193425	0.472
193475	0.460
193525	0.500
193575	0.540
193625	0.560
193675	0.592
193725	0.624
193775	0.616
193825	0.600
193875	0.608
193925	0.584
193975	0.592
194025	0.592
194075	0.600
194125	0.612
194175	0.588
194225	0.532
194275	0.520
194325	0.496
194375	0.472
194425	0.492
194475	0.536
194525	0.540
194575	0.532
194625	0.532
194675	0.512
194725	0.492
194775	0.484
194825	0.496
194875	0.496
194925	0.488
194975	0.452
195025	0.416
195075	0.376
195125	0.324
195175	0.296
195225	0.256
195275	0.236
195325	0.208
195375	0.204
195425	0.200
195475	0.204
195525	0.212
195575	0.212
195625	0.196
195675	0.196
195725	0.180
195775	0.152
195825	0.140
195875	0.160
195925	0.124
195975	0.116
196025	0.140
196075	0.172
196125	0.156
196175	0.160
196225	0.192
196275	0.188
196325	0.180
196375	0.168
196425	0.184
196475	0.192
196525	0.192
196575	0.176
196625	0.188
196675	0.176
196725	0.140
196775	0.128
196825	0.164
196875	0.172
196925	0.200
196975	0.204
197025	0.204
197075	0.176
197125	0.180
197175	0.168
197225	0.180
197275	0.192
197325	0.200
197375	0.196
197425	0.184
197475	0.188
197525	0.188
197575	0.192
197625	0.184
197675	0.204
197725	0.204
197775	0.204
197825	0.196
197875	0.172
197925	0.168
197975	0.168
198025	0.160
198075	0.164
198125	0.184
198175	0.180
198225	0.192
198275	0.228
198325	0.260
198375	0.328
198425	0.388
198475	0.448
198525	0.476
198575	0.496
198625	0.464
198675	0.404
198725	0.368
198775	0.372
198825	0.364
198875	0.388
198925	0.456
198975	0.492
199025	0.476
199075	0.488
199125	0.480
199175	0.476
199225	0.456
199275	0.484
199325	0.492
199375	0.488
199425	0.492
199475	0.504
199525	0.484
199575	0.488
199625	0.496
199675	0.476
199725	0.440
199775	0.436
199825	0.444
199875	0.460
199925	0.452
199975	0.484
200025	0.508
200075	0.488
200125	0.496
200175	0.524
200225	0.532
200275	0.532
200325	0.544
200375	0.536
200425	0.532
200475	0.532
200525	0.508
200575	0.508
200625	0.512
200675	0.512
200725	0.512
200775	0.536
200825	0.520
200875	0.516
200925	0.528
200975	0.552
201025	0.552
201075	0.564
201125	0.556
201175	0.528
201225	0.452
201275	0.428
201325	0.436
201375	0.460
201425	0.476
201475	0.516
201525	0.532
201575	0.536
201625	0.528
201675	0.520
201725	0.532
201775	0.548
201825	0.524
201875	0.524
201925	0.556
201975	0.564
202025	0.560
202075	0.596
202125	0.588
202175	0.552
202225	0.556
202275	0.552
202325	0.512
202375	0.516
202425	0.536
202475	0.520
202525	0.516
202575	0.544
202625	0.544
202675	0.544
202725	0.548
202775	0.536
202825	0.524
202875	0.504
202925	0.484
202975	0.488
203025	0.512
203075	0.524
203125	0.560
203175	0.584
203225	0.584
203275	0.564
203325	0.564
203375	0.528
203425	0.492
203475	0.488
203525	0.476
203575	0.448
203625	0.456
203675	0.468
203725	0.448
203775	0.472
203825	0.412
203875	0.400
203925	0.396
203975	0.384
204025	0.360
204075	0.428
204125	0.452
204175	0.460
204225	0.476
204275	0.480
204325	0.504
204375	0.516
204425	0.524
204475	0.544
204525	0.544
204575	0.552
204625	0.544
204675	0.548
204725	0.544
204775	0.564
204825	0.544
204875	0.532
204925	0.536
204975	0.536
205025	0.540
205075	0.536
205125	0.544
205175	0.536
205225	0.528
205275	0.508
205325	0.508
205375	0.480
205425	0.524
205475	0.524
205525	0.544
205575	0.548
205625	0.572
205675	0.528
205725	0.524
205775	0.488
205825	0.448
205875	0.436
205925	0.424
205975	0.416
206025	0.452
206075	0.468
206125	0.468
206175	0.472
206225	0.460
206275	0.428
206325	0.432
206375	0.432
206425	0.420
206475	0.428
206525	0.440
206575	0.448
206625	0.448
206675	0.424
206725	0.424
206775	0.396
206825	0.400
206875	0.408
206925	0.444
206975	0.456
207025	0.496
207075	0.492
207125	0.484
207175	0.492
207225	0.508
207275	0.516
207325	0.512
207375	0.524
207425	0.504
207475	0.504
207525	0.496
207575	0.528
207625	0.536
207675	0.576
207725	0.564
207775	0.552
207825	0.544
207875	0.540
207925	0.528
207975	0.544
208025	0.572
208075	0.556
208125	0.568
208175	0.552
208225	0.536
208275	0.528
208325	0.504
208375	0.480
208425	0.456
208475	0.448
208525	0.420
208575	0.428
208625	0.428
208675	0.440
208725	0.452
208775	0.452
208825	0.444
208875	0.424
208925	0.428
208975	0.428
209025	0.448
209075	0.452
209125	0.460
209175	0.452
209225	0.460
209275	0.436
209325	0.452
209375	0.452
209425	0.472
209475	0.480
209525	0.488
209575	0.496
209625	0.492
209675	0.460
209725	0.440
209775	0.448
209825	0.432
209875	0.444
209925	0.472
209975	0.476
210025	0.476
210075	0.488
210125	0.484
210175	0.472
210225	0.432
210275	0.428
210325	0.396
210375	0.380
210425	0.376
210475	0.400
210525	0.416
210575	0.420
210625	0.444
210675	0.448
210725	0.464
210775	0.452
210825	0.480
210875	0.476
210925	0.492
210975	0.472
211025	0.460
211075	0.468
211125	0.464
211175	0.448
211225	0.472
211275	0.484
211325	0.468
211375	0.484
211425	0.512
211475	0.512
211525	0.484
211575	0.476
211625	0.468
211675	0.448
211725	0.460
211775	0.524
211825	0.524
211875	0.536
211925	0.532
211975	0.480
212025	0.420
212075	0.432
212125	0.420
212175	0.424
212225	0.456
212275	0.468
212325	0.500
212375	0.520
212425	0.536
212475	0.536
212525	0.540
212575	0.516
212625	0.500
212675	0.500
212725	0.512
212775	0.516
212825	0.500
212875	0.492
212925	0.496
212975	0.500
213025	0.520
213075	0.548
213125	0.552
213175	0.556
213225	0.548
213275	0.516
213325	0.532
213375	0.544
213425	0.556
213475	0.544
213525	0.568
213575	0.544
213625	0.552
213675	0.528
213725	0.572
213775	0.576
213825	0.568
213875	0.564
213925	0.552
213975	0.516
214025	0.504
214075	0.492
214125	0.484
214175	0.496
214225	0.508
214275	0.516
214325	0.524
214375	0.512
214425	0.520
214475	0.496
214525	0.476
214575	0.480
214625	0.488
214675	0.460
214725	0.460
214775	0.448
214825	0.432
214875	0.416
214925	0.416
214975	0.408
215025	0.420
215075	0.396
215125	0.404
215175	0.404
215225	0.408
215275	0.392
215325	0.412
215375	0.432
215425	0.440
215475	0.460
215525	0.476
215575	0.472
215625	0.452
215675	0.444
215725	0.440
215775	0.444
215825	0.472
215875	0.468
215925	0.484
215975	0.480
216025	0.480
216075	0.456
216125	0.456
216175	0.436
216225	0.416
216275	0.436
216325	0.472
216375	0.500
216425	0.496
216475	0.524
216525	0.516
216575	0.468
216625	0.444
216675	0.432
216725	0.412
216775	0.368
216825	0.376
216875	0.352
216925	0.356
216975	0.368
217025	0.400
217075	0.404
217125	0.432
217175	0.456
217225	0.432
217275	0.424
217325	0.436
217375	0.432
217425	0.452
217475	0.488
217525	0.496
217575	0.508
217625	0.512
217675	0.480
217725	0.452
217775	0.460
217825	0.448
217875	0.452
217925	0.484
217975	0.508
218025	0.520
218075	0.508
218125	0.516
218175	0.496
218225	0.480
218275	0.476
218325	0.500
218375	0.504
218425	0.536
218475	0.548
218525	0.532
218575	0.516
218625	0.488
218675	0.476
218725	0.472
218775	0.500
218825	0.520
218875	0.516
218925	0.504
218975	0.516
219025	0.484
219075	0.468
219125	0.456
219175	0.444
219225	0.432
219275	0.440
219325	0.448
219375	0.492
219425	0.500
219475	0.504
219525	0.504
219575	0.516
219625	0.512
219675	0.528
219725	0.516
219775	0.520
219825	0.524
219875	0.516
219925	0.496
219975	0.520
220025	0.528
220075	0.512
220125	0.508
220175	0.508
220225	0.476
220275	0.448
220325	0.432
220375	0.436
220425	0.436
220475	0.436
220525	0.440
220575	0.472
220625	0.484
220675	0.496
220725	0.492
220775	0.516
220825	0.508
220875	0.488
220925	0.484
220975	0.512
221025	0.488
221075	0.480
221125	0.500
221175	0.492
221225	0.496
221275	0.532
221325	0.536
221375	0.532
221425	0.548
221475	0.516
221525	0.508
221575	0.504
221625	0.492
221675	0.476
221725	0.488
221775	0.484
221825	0.508
221875	0.516
221925	0.548
221975	0.564
222025	0.560
222075	0.560
222125	0.564
222175	0.560
222225	0.572
222275	0.548
222325	0.524
222375	0.516
222425	0.500
222475	0.496
222525	0.540
222575	0.536
222625	0.536
222675	0.560
222725	0.540
222775	0.496
222825	0.504
222875	0.504
222925	0.472
222975	0.468
223025	0.488
223075	0.484
223125	0.508
223175	0.492
223225	0.508
223275	0.504
223325	0.496
223375	0.480
223425	0.484
223475	0.484
223525	0.452
223575	0.436
223625	0.420
223675	0.408
223725	0.372
223775	0.396
223825	0.420
223875	0.424
223925	0.424
223975	0.356
224025	0.268
224075	0.168
224125	0.072
224175	0.000
224225	0.000
224275	0.000
224325	0.000
224375	0.000
224425	0.000
224475	0.000
224525	0.000
224575	0.000
224625	0.000
224675	0.000
224725	0.000
224775	0.004
224825	0.092
224875	0.212
224925	0.300
224975	0.416
225025	0.496
225075	0.496
225125	0.480
225175	0.488
225225	0.464
225275	0.440
225325	0.436
225375	0.420
225425	0.396
225475	0.368
225525	0.412
225575	0.424
225625	0.404
225675	0.332
225725	0.268
225775	0.164
225825	0.068
225875	0.000
225925	0.000
225975	0.000
226025	0.000
226075	0.000
226125	0.000
226175	0.000
226225	0.000
226275	0.000
226325	0.000
226375	0.000
226425	0.000
226475	0.000
226525	0.000
226575	0.000
226625	0.024
226675	0.124
226725	0.212
226775	0.320
226825	0.404
226875	0.488
226925	0.468
226975	0.448
227025	0.424
227075	0.400
227125	0.376
227175	0.384
227225	0.408
227275	0.420
227325	0.428
227375	0.344
227425	0.256
227475	0.164
227525	0.068
227575	0.000
227625	0.000
227675	0.000
227725	0.000
227775	0.000
227825	0.000
227875	0.000
227925	0.000
227975	0.000
228025	0.000
228075	0.000
228125	0.000
228175	0.000
228225	0.000
228275	0.000
228325	0.032
228375	0.132
228425	0.228
228475	0.316
228525	0.428
228575	0.476
228625	0.484
228675	0.460
228725	0.444
228775	0.412
228825	0.404
228875	0.372
228925	0.392
228975	0.416
229025	0.432
229075	0.444
229125	0.368
229175	0.276
229225	0.180
229275	0.084
229325	0.000
229375	0.000
229425	0.000
229475	0.000
229525	0.000
229575	0.000
229625	0.000
229675	0.000
229725	0.000
229775	0.000
229825	0.000
229875	0.000
229925	0.000
229975	0.000
230025	0.000
230075	0.016
230125	0.112
230175	0.220
230225	0.316
230275	0.404
230325	0.496
230375	0.488
230425	0.476
230475	0.468
230525	0.488
230575	0.468
230625	0.440
230675	0.436
230725	0.412
230775	0.384
230825	0.376
230875	0.416
230925	0.420
230975	0.456
231025	0.492
231075	0.532
231125	0.512
