Position	Percent G+C 1 .. 48367
125	0.224
175	0.180
225	0.196
275	0.212
325	0.216
375	0.248
425	0.232
475	0.212
525	0.204
575	0.220
625	0.188
675	0.180
725	0.184
775	0.196
825	0.184
875	0.172
925	0.200
975	0.192
1025	0.184
1075	0.188
1125	0.212
1175	0.196
1225	0.196
1275	0.224
1325	0.204
1375	0.204
1425	0.212
1475	0.216
1525	0.196
1575	0.208
1625	0.204
1675	0.184
1725	0.172
1775	0.152
1825	0.164
1875	0.172
1925	0.192
1975	0.188
2025	0.188
2075	0.152
2125	0.124
2175	0.108
2225	0.144
2275	0.148
2325	0.164
2375	0.192
2425	0.192
2475	0.180
2525	0.232
2575	0.256
2625	0.284
2675	0.316
2725	0.320
2775	0.268
2825	0.240
2875	0.208
2925	0.188
2975	0.176
3025	0.184
3075	0.192
3125	0.204
3175	0.216
3225	0.232
3275	0.260
3325	0.324
3375	0.372
3425	0.420
3475	0.476
3525	0.508
3575	0.552
3625	0.552
3675	0.568
3725	0.572
3775	0.592
3825	0.580
3875	0.600
3925	0.600
3975	0.584
4025	0.564
4075	0.532
4125	0.480
4175	0.484
4225	0.504
4275	0.524
4325	0.508
4375	0.544
4425	0.540
4475	0.552
4525	0.532
4575	0.556
4625	0.544
4675	0.512
4725	0.460
4775	0.484
4825	0.496
4875	0.532
4925	0.536
4975	0.604
5025	0.616
5075	0.656
5125	0.644
5175	0.692
5225	0.688
5275	0.704
5325	0.700
5375	0.732
5425	0.728
5475	0.704
5525	0.668
5575	0.612
5625	0.560
5675	0.576
5725	0.572
5775	0.612
5825	0.632
5875	0.580
5925	0.512
5975	0.508
6025	0.488
6075	0.500
6125	0.608
6175	0.644
6225	0.652
6275	0.624
6325	0.608
6375	0.568
6425	0.540
6475	0.528
6525	0.564
6575	0.528
6625	0.524
6675	0.528
6725	0.520
6775	0.464
6825	0.476
6875	0.500
6925	0.492
6975	0.508
7025	0.536
7075	0.592
7125	0.576
7175	0.620
7225	0.632
7275	0.664
7325	0.628
7375	0.596
7425	0.600
7475	0.620
7525	0.604
7575	0.640
7625	0.708
7675	0.704
7725	0.656
7775	0.608
7825	0.540
7875	0.472
7925	0.404
7975	0.400
8025	0.432
8075	0.468
8125	0.444
8175	0.488
8225	0.500
8275	0.492
8325	0.472
8375	0.484
8425	0.444
8475	0.416
8525	0.404
8575	0.396
8625	0.424
8675	0.448
8725	0.456
8775	0.440
8825	0.440
8875	0.436
8925	0.428
8975	0.448
9025	0.464
9075	0.452
9125	0.436
9175	0.472
9225	0.456
9275	0.416
9325	0.376
9375	0.312
9425	0.220
9475	0.164
9525	0.124
9575	0.108
9625	0.096
9675	0.076
9725	0.052
9775	0.064
9825	0.052
9875	0.064
9925	0.084
9975	0.108
10025	0.092
10075	0.100
10125	0.116
10175	0.172
10225	0.268
10275	0.344
10325	0.388
10375	0.440
10425	0.428
10475	0.408
10525	0.412
10575	0.452
10625	0.444
10675	0.468
10725	0.456
10775	0.492
10825	0.520
10875	0.568
10925	0.604
10975	0.672
11025	0.688
11075	0.688
11125	0.688
11175	0.668
11225	0.628
11275	0.620
11325	0.616
11375	0.624
11425	0.624
11475	0.620
11525	0.608
11575	0.600
11625	0.584
11675	0.608
11725	0.616
11775	0.660
11825	0.660
11875	0.672
11925	0.676
11975	0.700
12025	0.640
12075	0.636
12125	0.592
12175	0.584
12225	0.540
12275	0.552
12325	0.548
12375	0.584
12425	0.568
12475	0.540
12525	0.540
12575	0.516
12625	0.500
12675	0.500
12725	0.544
12775	0.536
12825	0.556
12875	0.564
12925	0.532
12975	0.540
13025	0.528
13075	0.552
13125	0.552
13175	0.572
13225	0.564
13275	0.560
13325	0.556
13375	0.564
13425	0.564
13475	0.544
13525	0.564
13575	0.548
13625	0.540
13675	0.548
13725	0.552
13775	0.560
13825	0.564
13875	0.564
13925	0.588
13975	0.612
14025	0.616
14075	0.608
14125	0.604
14175	0.580
14225	0.568
14275	0.568
14325	0.588
14375	0.580
14425	0.592
14475	0.592
14525	0.564
14575	0.548
14625	0.576
14675	0.556
14725	0.524
14775	0.540
14825	0.548
14875	0.524
14925	0.544
14975	0.564
15025	0.556
15075	0.560
15125	0.572
15175	0.600
15225	0.576
15275	0.568
15325	0.512
15375	0.476
15425	0.424
15475	0.440
15525	0.464
15575	0.512
15625	0.520
15675	0.532
15725	0.532
15775	0.528
15825	0.556
15875	0.580
15925	0.604
15975	0.640
16025	0.648
16075	0.640
16125	0.644
16175	0.632
16225	0.612
16275	0.592
16325	0.604
16375	0.608
16425	0.608
16475	0.616
16525	0.624
16575	0.596
16625	0.584
16675	0.564
16725	0.560
16775	0.560
16825	0.564
16875	0.552
16925	0.576
16975	0.548
17025	0.532
17075	0.500
17125	0.492
17175	0.464
17225	0.448
17275	0.432
17325	0.436
17375	0.436
17425	0.412
17475	0.428
17525	0.432
17575	0.464
17625	0.492
17675	0.528
17725	0.536
17775	0.528
17825	0.472
17875	0.448
17925	0.456
17975	0.492
18025	0.544
18075	0.648
18125	0.696
18175	0.724
18225	0.740
18275	0.784
18325	0.756
18375	0.756
18425	0.748
18475	0.716
18525	0.696
18575	0.684
18625	0.676
18675	0.660
18725	0.684
18775	0.660
18825	0.632
18875	0.620
18925	0.624
18975	0.616
19025	0.576
19075	0.540
19125	0.508
19175	0.456
19225	0.420
19275	0.396
19325	0.436
19375	0.460
19425	0.496
19475	0.532
19525	0.568
19575	0.536
19625	0.516
19675	0.484
19725	0.416
19775	0.384
19825	0.428
19875	0.444
19925	0.496
19975	0.536
20025	0.596
20075	0.584
20125	0.600
20175	0.592
20225	0.596
20275	0.588
20325	0.604
20375	0.604
20425	0.600
20475	0.608
20525	0.604
20575	0.600
20625	0.588
20675	0.592
20725	0.608
20775	0.588
20825	0.588
20875	0.596
20925	0.576
20975	0.548
21025	0.572
21075	0.556
21125	0.548
21175	0.532
21225	0.524
21275	0.508
21325	0.528
21375	0.544
21425	0.564
21475	0.576
21525	0.600
21575	0.608
21625	0.616
21675	0.620
21725	0.616
21775	0.596
21825	0.552
21875	0.516
21925	0.500
21975	0.524
22025	0.532
22075	0.552
22125	0.540
22175	0.584
22225	0.576
22275	0.536
22325	0.548
22375	0.576
22425	0.544
22475	0.536
22525	0.540
22575	0.520
22625	0.508
22675	0.504
22725	0.496
22775	0.536
22825	0.532
22875	0.540
22925	0.580
22975	0.556
23025	0.552
23075	0.584
23125	0.552
23175	0.528
23225	0.576
23275	0.580
23325	0.576
23375	0.604
23425	0.592
23475	0.580
23525	0.572
23575	0.568
23625	0.560
23675	0.560
23725	0.544
23775	0.536
23825	0.528
23875	0.532
23925	0.540
23975	0.548
24025	0.548
24075	0.544
24125	0.528
24175	0.552
24225	0.540
24275	0.540
24325	0.564
24375	0.588
24425	0.588
24475	0.616
24525	0.616
24575	0.620
24625	0.604
24675	0.544
24725	0.512
24775	0.520
24825	0.480
24875	0.496
24925	0.564
24975	0.600
25025	0.588
25075	0.624
25125	0.620
25175	0.572
25225	0.560
25275	0.576
25325	0.540
25375	0.544
25425	0.560
25475	0.548
25525	0.548
25575	0.556
25625	0.548
25675	0.536
25725	0.540
25775	0.532
25825	0.548
25875	0.540
25925	0.536
25975	0.560
26025	0.564
26075	0.548
26125	0.524
26175	0.532
26225	0.476
26275	0.464
26325	0.448
26375	0.492
26425	0.516
26475	0.536
26525	0.536
26575	0.544
26625	0.552
26675	0.524
26725	0.500
26775	0.504
26825	0.504
26875	0.480
26925	0.484
26975	0.524
27025	0.512
27075	0.532
27125	0.548
27175	0.548
27225	0.544
27275	0.552
27325	0.552
27375	0.560
27425	0.564
27475	0.528
27525	0.540
27575	0.504
27625	0.472
27675	0.472
27725	0.520
27775	0.480
27825	0.528
27875	0.516
27925	0.508
27975	0.512
28025	0.536
28075	0.528
28125	0.580
28175	0.552
28225	0.520
28275	0.532
28325	0.532
28375	0.464
28425	0.512
28475	0.524
28525	0.520
28575	0.480
28625	0.532
28675	0.508
28725	0.504
28775	0.508
28825	0.556
28875	0.536
28925	0.544
28975	0.548
29025	0.556
29075	0.544
29125	0.544
29175	0.544
29225	0.548
29275	0.548
29325	0.548
29375	0.572
29425	0.584
29475	0.568
29525	0.600
29575	0.604
29625	0.604
29675	0.596
29725	0.596
29775	0.564
29825	0.536
29875	0.508
29925	0.484
29975	0.472
30025	0.448
30075	0.444
30125	0.452
30175	0.488
30225	0.516
30275	0.540
30325	0.552
30375	0.560
30425	0.560
30475	0.576
30525	0.588
30575	0.592
30625	0.596
30675	0.548
30725	0.500
30775	0.472
30825	0.468
30875	0.436
30925	0.452
30975	0.464
31025	0.476
31075	0.468
31125	0.456
31175	0.452
31225	0.456
31275	0.420
31325	0.404
31375	0.432
31425	0.456
31475	0.508
31525	0.588
31575	0.640
31625	0.660
31675	0.680
31725	0.672
31775	0.632
31825	0.644
31875	0.660
31925	0.684
31975	0.692
32025	0.688
32075	0.676
32125	0.664
32175	0.644
32225	0.620
32275	0.624
32325	0.628
32375	0.628
32425	0.612
32475	0.596
32525	0.560
32575	0.540
32625	0.552
32675	0.536
32725	0.520
32775	0.552
32825	0.556
32875	0.540
32925	0.568
32975	0.612
33025	0.636
33075	0.660
33125	0.664
33175	0.672
33225	0.680
33275	0.660
33325	0.628
33375	0.600
33425	0.580
33475	0.548
33525	0.552
33575	0.572
33625	0.584
33675	0.572
33725	0.576
33775	0.568
33825	0.548
33875	0.540
33925	0.552
33975	0.560
34025	0.584
34075	0.600
34125	0.608
34175	0.604
34225	0.564
34275	0.540
34325	0.512
34375	0.532
34425	0.508
34475	0.528
34525	0.520
34575	0.544
34625	0.564
34675	0.596
34725	0.612
34775	0.636
34825	0.656
34875	0.624
34925	0.612
34975	0.600
35025	0.576
35075	0.532
35125	0.492
35175	0.508
35225	0.472
35275	0.480
35325	0.488
35375	0.496
35425	0.468
35475	0.504
35525	0.484
35575	0.476
35625	0.464
35675	0.484
35725	0.480
35775	0.484
35825	0.488
35875	0.492
35925	0.464
35975	0.464
36025	0.484
36075	0.476
36125	0.488
36175	0.496
36225	0.488
36275	0.468
36325	0.456
36375	0.468
36425	0.456
36475	0.480
36525	0.472
36575	0.496
36625	0.532
36675	0.564
36725	0.552
36775	0.564
36825	0.572
36875	0.544
36925	0.528
36975	0.520
37025	0.512
37075	0.532
37125	0.532
37175	0.536
37225	0.548
37275	0.560
37325	0.536
37375	0.536
37425	0.532
37475	0.516
37525	0.512
37575	0.484
37625	0.488
37675	0.512
37725	0.536
37775	0.544
37825	0.580
37875	0.596
37925	0.588
37975	0.552
38025	0.560
38075	0.552
38125	0.520
38175	0.496
38225	0.508
38275	0.492
38325	0.472
38375	0.468
38425	0.476
38475	0.504
38525	0.508
38575	0.484
38625	0.500
38675	0.496
38725	0.456
38775	0.440
38825	0.480
38875	0.492
38925	0.508
38975	0.516
39025	0.528
39075	0.540
39125	0.520
39175	0.484
39225	0.492
39275	0.492
39325	0.452
39375	0.448
39425	0.488
39475	0.484
39525	0.512
39575	0.544
39625	0.568
39675	0.576
39725	0.580
39775	0.548
39825	0.532
39875	0.528
39925	0.552
39975	0.560
40025	0.564
40075	0.592
40125	0.588
40175	0.540
40225	0.536
40275	0.528
40325	0.516
40375	0.512
40425	0.540
40475	0.556
40525	0.584
40575	0.572
40625	0.568
40675	0.524
40725	0.484
40775	0.464
40825	0.488
40875	0.508
40925	0.512
40975	0.580
41025	0.600
41075	0.588
41125	0.592
41175	0.648
41225	0.624
41275	0.640
41325	0.680
41375	0.668
41425	0.648
41475	0.648
41525	0.636
41575	0.612
41625	0.632
41675	0.628
41725	0.628
41775	0.636
41825	0.632
41875	0.616
41925	0.620
41975	0.628
42025	0.596
42075	0.568
42125	0.552
42175	0.524
42225	0.508
42275	0.544
42325	0.540
42375	0.548
42425	0.552
42475	0.556
42525	0.532
42575	0.556
42625	0.564
42675	0.560
42725	0.544
42775	0.544
42825	0.556
42875	0.544
42925	0.552
42975	0.588
43025	0.592
43075	0.580
43125	0.596
43175	0.604
43225	0.584
43275	0.584
43325	0.616
43375	0.628
43425	0.640
43475	0.652
43525	0.648
43575	0.624
43625	0.624
43675	0.620
43725	0.616
43775	0.608
43825	0.600
43875	0.600
43925	0.608
43975	0.624
44025	0.648
44075	0.664
44125	0.640
44175	0.628
44225	0.592
44275	0.588
44325	0.584
44375	0.596
44425	0.596
44475	0.612
44525	0.604
44575	0.604
44625	0.612
44675	0.600
44725	0.600
44775	0.608
44825	0.612
44875	0.596
44925	0.604
44975	0.592
45025	0.592
45075	0.592
45125	0.596
45175	0.604
45225	0.612
45275	0.588
45325	0.596
45375	0.616
45425	0.604
45475	0.588
45525	0.640
45575	0.624
45625	0.548
45675	0.496
45725	0.492
45775	0.432
45825	0.396
45875	0.432
45925	0.472
45975	0.440
46025	0.428
46075	0.436
46125	0.396
46175	0.352
46225	0.308
46275	0.256
46325	0.196
46375	0.160
46425	0.128
46475	0.116
46525	0.100
46575	0.092
46625	0.092
46675	0.080
46725	0.084
46775	0.100
46825	0.096
46875	0.096
46925	0.100
46975	0.100
47025	0.112
47075	0.104
47125	0.112
47175	0.124
47225	0.136
47275	0.116
47325	0.144
47375	0.124
47425	0.116
47475	0.124
47525	0.116
47575	0.076
47625	0.076
47675	0.080
47725	0.068
47775	0.076
47825	0.084
47875	0.096
47925	0.104
47975	0.092
48025	0.080
48075	0.080
48125	0.064
48175	0.060
48225	0.084
