Position	Percent G+C 1 .. 152537
125	0.136
175	0.132
225	0.128
275	0.136
325	0.148
375	0.140
425	0.132
475	0.140
525	0.148
575	0.156
625	0.160
675	0.160
725	0.172
775	0.184
825	0.172
875	0.188
925	0.220
975	0.248
1025	0.240
1075	0.244
1125	0.220
1175	0.192
1225	0.152
1275	0.160
1325	0.164
1375	0.184
1425	0.192
1475	0.196
1525	0.184
1575	0.164
1625	0.148
1675	0.136
1725	0.144
1775	0.164
1825	0.176
1875	0.164
1925	0.164
1975	0.152
2025	0.132
2075	0.120
2125	0.160
2175	0.172
2225	0.164
2275	0.196
2325	0.212
2375	0.208
2425	0.224
2475	0.260
2525	0.240
2575	0.304
2625	0.332
2675	0.380
2725	0.400
2775	0.472
2825	0.472
2875	0.500
2925	0.488
2975	0.512
3025	0.488
3075	0.476
3125	0.484
3175	0.496
3225	0.492
3275	0.516
3325	0.548
3375	0.540
3425	0.552
3475	0.540
3525	0.520
3575	0.520
3625	0.512
3675	0.476
3725	0.496
3775	0.500
3825	0.468
3875	0.476
3925	0.500
3975	0.500
4025	0.488
4075	0.488
4125	0.476
4175	0.488
4225	0.488
4275	0.508
4325	0.516
4375	0.520
4425	0.496
4475	0.468
4525	0.464
4575	0.468
4625	0.488
4675	0.480
4725	0.496
4775	0.500
4825	0.500
4875	0.484
4925	0.496
4975	0.500
5025	0.488
5075	0.484
5125	0.452
5175	0.444
5225	0.444
5275	0.448
5325	0.452
5375	0.480
5425	0.496
5475	0.504
5525	0.504
5575	0.508
5625	0.516
5675	0.524
5725	0.516
5775	0.536
5825	0.532
5875	0.508
5925	0.512
5975	0.500
6025	0.464
6075	0.460
6125	0.492
6175	0.452
6225	0.460
6275	0.480
6325	0.440
6375	0.456
6425	0.484
6475	0.480
6525	0.496
6575	0.572
6625	0.548
6675	0.556
6725	0.564
6775	0.564
6825	0.544
6875	0.528
6925	0.496
6975	0.532
7025	0.544
7075	0.552
7125	0.572
7175	0.604
7225	0.572
7275	0.532
7325	0.492
7375	0.476
7425	0.472
7475	0.480
7525	0.488
7575	0.508
7625	0.524
7675	0.528
7725	0.528
7775	0.568
7825	0.564
7875	0.564
7925	0.564
7975	0.568
8025	0.520
8075	0.524
8125	0.508
8175	0.496
8225	0.500
8275	0.516
8325	0.528
8375	0.556
8425	0.572
8475	0.568
8525	0.564
8575	0.584
8625	0.552
8675	0.532
8725	0.532
8775	0.532
8825	0.504
8875	0.524
8925	0.516
8975	0.504
9025	0.528
9075	0.552
9125	0.524
9175	0.540
9225	0.556
9275	0.536
9325	0.516
9375	0.516
9425	0.512
9475	0.516
9525	0.544
9575	0.556
9625	0.580
9675	0.584
9725	0.580
9775	0.544
9825	0.532
9875	0.540
9925	0.532
9975	0.532
10025	0.536
10075	0.528
10125	0.480
10175	0.488
10225	0.464
10275	0.440
10325	0.456
10375	0.480
10425	0.476
10475	0.484
10525	0.532
10575	0.500
10625	0.532
10675	0.540
10725	0.548
10775	0.508
10825	0.524
10875	0.496
10925	0.480
10975	0.480
11025	0.480
11075	0.480
11125	0.476
11175	0.476
11225	0.492
11275	0.488
11325	0.520
11375	0.532
11425	0.536
11475	0.508
11525	0.540
11575	0.516
11625	0.516
11675	0.532
11725	0.548
11775	0.540
11825	0.544
11875	0.544
11925	0.520
11975	0.492
12025	0.484
12075	0.476
12125	0.472
12175	0.488
12225	0.480
12275	0.456
12325	0.440
12375	0.456
12425	0.460
12475	0.492
12525	0.528
12575	0.544
12625	0.528
12675	0.544
12725	0.556
12775	0.556
12825	0.560
12875	0.548
12925	0.516
12975	0.488
13025	0.488
13075	0.468
13125	0.476
13175	0.500
13225	0.508
13275	0.524
13325	0.528
13375	0.532
13425	0.496
13475	0.504
13525	0.460
13575	0.468
13625	0.456
13675	0.472
13725	0.460
13775	0.480
13825	0.496
13875	0.500
13925	0.516
13975	0.524
14025	0.532
14075	0.540
14125	0.548
14175	0.536
14225	0.528
14275	0.524
14325	0.504
14375	0.500
14425	0.496
14475	0.504
14525	0.480
14575	0.480
14625	0.468
14675	0.484
14725	0.476
14775	0.492
14825	0.492
14875	0.508
14925	0.512
14975	0.520
15025	0.500
15075	0.500
15125	0.492
15175	0.460
15225	0.464
15275	0.476
15325	0.472
15375	0.460
15425	0.456
15475	0.432
15525	0.456
15575	0.464
15625	0.508
15675	0.516
15725	0.536
15775	0.496
15825	0.480
15875	0.448
15925	0.460
15975	0.456
16025	0.504
16075	0.516
16125	0.524
16175	0.528
16225	0.512
16275	0.496
16325	0.496
16375	0.488
16425	0.460
16475	0.480
16525	0.464
16575	0.456
16625	0.476
16675	0.496
16725	0.484
16775	0.472
16825	0.464
16875	0.456
16925	0.472
16975	0.480
17025	0.532
17075	0.584
17125	0.592
17175	0.588
17225	0.588
17275	0.548
17325	0.500
17375	0.512
17425	0.472
17475	0.484
17525	0.492
17575	0.504
17625	0.500
17675	0.528
17725	0.512
17775	0.520
17825	0.504
17875	0.476
17925	0.484
17975	0.512
18025	0.536
18075	0.552
18125	0.580
18175	0.588
18225	0.556
18275	0.516
18325	0.508
18375	0.464
18425	0.440
18475	0.444
18525	0.488
18575	0.516
18625	0.556
18675	0.568
18725	0.576
18775	0.564
18825	0.560
18875	0.528
18925	0.528
18975	0.508
19025	0.488
19075	0.460
19125	0.488
19175	0.512
19225	0.500
19275	0.516
19325	0.508
19375	0.496
19425	0.464
19475	0.492
19525	0.492
19575	0.508
19625	0.500
19675	0.492
19725	0.504
19775	0.496
19825	0.516
19875	0.532
19925	0.544
19975	0.544
20025	0.548
20075	0.512
20125	0.508
20175	0.520
20225	0.504
20275	0.496
20325	0.528
20375	0.532
20425	0.516
20475	0.532
20525	0.540
20575	0.520
20625	0.520
20675	0.524
20725	0.516
20775	0.492
20825	0.480
20875	0.476
20925	0.468
20975	0.500
21025	0.540
21075	0.536
21125	0.540
21175	0.568
21225	0.536
21275	0.496
21325	0.532
21375	0.520
21425	0.512
21475	0.528
21525	0.540
21575	0.532
21625	0.580
21675	0.560
21725	0.552
21775	0.556
21825	0.544
21875	0.496
21925	0.492
21975	0.496
22025	0.492
22075	0.508
22125	0.512
22175	0.528
22225	0.536
22275	0.536
22325	0.496
22375	0.484
22425	0.480
22475	0.456
22525	0.448
22575	0.488
22625	0.496
22675	0.460
22725	0.456
22775	0.456
22825	0.472
22875	0.524
22925	0.572
22975	0.556
23025	0.560
23075	0.556
23125	0.540
23175	0.520
23225	0.544
23275	0.556
23325	0.552
23375	0.536
23425	0.548
23475	0.596
23525	0.616
23575	0.620
23625	0.596
23675	0.612
23725	0.556
23775	0.544
23825	0.532
23875	0.556
23925	0.516
23975	0.544
24025	0.556
24075	0.560
24125	0.556
24175	0.564
24225	0.548
24275	0.540
24325	0.560
24375	0.544
24425	0.584
24475	0.612
24525	0.592
24575	0.564
24625	0.552
24675	0.524
24725	0.512
24775	0.500
24825	0.492
24875	0.516
24925	0.512
24975	0.476
25025	0.476
25075	0.520
25125	0.540
25175	0.572
25225	0.604
25275	0.644
25325	0.628
25375	0.632
25425	0.632
25475	0.644
25525	0.644
25575	0.640
25625	0.644
25675	0.632
25725	0.632
25775	0.612
25825	0.600
25875	0.552
25925	0.532
25975	0.476
26025	0.460
26075	0.460
26125	0.476
26175	0.496
26225	0.508
26275	0.536
26325	0.564
26375	0.552
26425	0.536
26475	0.572
26525	0.564
26575	0.536
26625	0.548
26675	0.576
26725	0.572
26775	0.580
26825	0.592
26875	0.604
26925	0.592
26975	0.588
27025	0.600
27075	0.592
27125	0.588
27175	0.584
27225	0.604
27275	0.572
27325	0.560
27375	0.572
27425	0.568
27475	0.572
27525	0.564
27575	0.584
27625	0.584
27675	0.584
27725	0.556
27775	0.584
27825	0.568
27875	0.560
27925	0.580
27975	0.600
28025	0.592
28075	0.608
28125	0.616
28175	0.568
28225	0.504
28275	0.488
28325	0.468
28375	0.476
28425	0.504
28475	0.528
28525	0.560
28575	0.552
28625	0.516
28675	0.524
28725	0.544
28775	0.520
28825	0.544
28875	0.580
28925	0.572
28975	0.572
29025	0.552
29075	0.528
29125	0.500
29175	0.492
29225	0.476
29275	0.496
29325	0.508
29375	0.500
29425	0.508
29475	0.524
29525	0.528
29575	0.528
29625	0.536
29675	0.552
29725	0.524
29775	0.528
29825	0.508
29875	0.492
29925	0.448
29975	0.464
30025	0.452
30075	0.480
30125	0.508
30175	0.524
30225	0.516
30275	0.516
30325	0.508
30375	0.520
30425	0.576
30475	0.592
30525	0.592
30575	0.612
30625	0.576
30675	0.528
30725	0.524
30775	0.528
30825	0.524
30875	0.540
30925	0.568
30975	0.564
31025	0.576
31075	0.544
31125	0.520
31175	0.448
31225	0.432
31275	0.432
31325	0.440
31375	0.460
31425	0.508
31475	0.504
31525	0.496
31575	0.504
31625	0.500
31675	0.496
31725	0.500
31775	0.484
31825	0.492
31875	0.496
31925	0.452
31975	0.452
32025	0.468
32075	0.444
32125	0.432
32175	0.456
32225	0.488
32275	0.500
32325	0.504
32375	0.480
32425	0.480
32475	0.440
32525	0.416
32575	0.388
32625	0.412
32675	0.440
32725	0.484
32775	0.468
32825	0.484
32875	0.476
32925	0.444
32975	0.388
33025	0.408
33075	0.396
33125	0.416
33175	0.420
33225	0.460
33275	0.480
33325	0.532
33375	0.532
33425	0.580
33475	0.600
33525	0.604
33575	0.596
33625	0.608
33675	0.572
33725	0.584
33775	0.588
33825	0.592
33875	0.568
33925	0.580
33975	0.552
34025	0.536
34075	0.528
34125	0.552
34175	0.584
34225	0.584
34275	0.588
34325	0.588
34375	0.604
34425	0.564
34475	0.568
34525	0.552
34575	0.564
34625	0.548
34675	0.564
34725	0.572
34775	0.572
34825	0.540
34875	0.540
34925	0.536
34975	0.528
35025	0.540
35075	0.572
35125	0.572
35175	0.592
35225	0.592
35275	0.588
35325	0.576
35375	0.556
35425	0.532
35475	0.524
35525	0.548
35575	0.532
35625	0.536
35675	0.536
35725	0.556
35775	0.532
35825	0.556
35875	0.572
35925	0.588
35975	0.568
36025	0.580
36075	0.588
36125	0.576
36175	0.564
36225	0.588
36275	0.576
36325	0.572
36375	0.580
36425	0.580
36475	0.564
36525	0.580
36575	0.576
36625	0.584
36675	0.580
36725	0.576
36775	0.556
36825	0.560
36875	0.560
36925	0.560
36975	0.544
37025	0.544
37075	0.532
37125	0.524
37175	0.528
37225	0.548
37275	0.548
37325	0.560
37375	0.560
37425	0.564
37475	0.584
37525	0.588
37575	0.588
37625	0.612
37675	0.608
37725	0.580
37775	0.596
37825	0.576
37875	0.552
37925	0.556
37975	0.568
38025	0.560
38075	0.560
38125	0.568
38175	0.572
38225	0.584
38275	0.568
38325	0.576
38375	0.560
38425	0.552
38475	0.524
38525	0.528
38575	0.540
38625	0.552
38675	0.564
38725	0.572
38775	0.596
38825	0.584
38875	0.584
38925	0.580
38975	0.604
39025	0.612
39075	0.640
39125	0.644
39175	0.644
39225	0.616
39275	0.604
39325	0.564
39375	0.552
39425	0.544
39475	0.564
39525	0.552
39575	0.580
39625	0.600
39675	0.600
39725	0.608
39775	0.608
39825	0.588
39875	0.580
39925	0.584
39975	0.572
40025	0.568
40075	0.572
40125	0.544
40175	0.544
40225	0.524
40275	0.524
40325	0.528
40375	0.552
40425	0.552
40475	0.556
40525	0.540
40575	0.552
40625	0.540
40675	0.552
40725	0.576
40775	0.588
40825	0.568
40875	0.572
40925	0.556
40975	0.524
41025	0.524
41075	0.524
41125	0.512
41175	0.520
41225	0.524
41275	0.524
41325	0.500
41375	0.512
41425	0.496
41475	0.488
41525	0.484
41575	0.512
41625	0.516
41675	0.504
41725	0.532
41775	0.556
41825	0.564
41875	0.560
41925	0.576
41975	0.552
42025	0.560
42075	0.556
42125	0.564
42175	0.560
42225	0.564
42275	0.512
42325	0.500
42375	0.480
42425	0.464
42475	0.452
42525	0.476
42575	0.488
42625	0.500
42675	0.540
42725	0.548
42775	0.540
42825	0.560
42875	0.504
42925	0.444
42975	0.400
43025	0.376
43075	0.280
43125	0.292
43175	0.260
43225	0.268
43275	0.228
43325	0.224
43375	0.216
43425	0.220
43475	0.200
43525	0.192
43575	0.196
43625	0.176
43675	0.188
43725	0.208
43775	0.232
43825	0.228
43875	0.224
43925	0.228
43975	0.212
44025	0.220
44075	0.228
44125	0.260
44175	0.284
44225	0.344
44275	0.400
44325	0.464
44375	0.508
44425	0.540
44475	0.552
44525	0.552
44575	0.556
44625	0.572
44675	0.576
44725	0.560
44775	0.560
44825	0.564
44875	0.552
44925	0.556
44975	0.572
45025	0.592
45075	0.604
45125	0.604
45175	0.608
45225	0.616
45275	0.612
45325	0.600
45375	0.620
45425	0.608
45475	0.604
45525	0.584
45575	0.580
45625	0.552
45675	0.552
45725	0.532
45775	0.536
45825	0.560
45875	0.552
45925	0.552
45975	0.556
46025	0.556
46075	0.544
46125	0.588
46175	0.588
46225	0.600
46275	0.584
46325	0.568
46375	0.572
46425	0.584
46475	0.580
46525	0.604
46575	0.628
46625	0.584
46675	0.536
46725	0.504
46775	0.456
46825	0.396
46875	0.356
46925	0.368
46975	0.364
47025	0.372
47075	0.376
47125	0.396
47175	0.408
47225	0.448
47275	0.476
47325	0.520
47375	0.560
47425	0.588
47475	0.612
47525	0.608
47575	0.612
47625	0.608
47675	0.592
47725	0.584
47775	0.604
47825	0.608
47875	0.628
47925	0.648
47975	0.628
48025	0.640
48075	0.652
48125	0.616
48175	0.564
48225	0.540
48275	0.492
48325	0.460
48375	0.448
48425	0.456
48475	0.472
48525	0.484
48575	0.464
48625	0.456
48675	0.472
48725	0.452
48775	0.448
48825	0.464
48875	0.476
48925	0.492
48975	0.524
49025	0.560
49075	0.568
49125	0.584
49175	0.572
49225	0.560
49275	0.520
49325	0.524
49375	0.524
49425	0.532
49475	0.544
49525	0.564
49575	0.544
49625	0.544
49675	0.552
49725	0.532
49775	0.556
49825	0.584
49875	0.596
49925	0.596
49975	0.600
50025	0.600
50075	0.592
50125	0.584
50175	0.588
50225	0.596
50275	0.572
50325	0.572
50375	0.576
50425	0.560
50475	0.576
50525	0.540
50575	0.524
50625	0.520
50675	0.492
50725	0.484
50775	0.512
50825	0.532
50875	0.520
50925	0.524
50975	0.504
51025	0.516
51075	0.528
51125	0.524
51175	0.532
51225	0.536
51275	0.532
51325	0.524
51375	0.528
51425	0.532
51475	0.552
51525	0.532
51575	0.520
51625	0.540
51675	0.552
51725	0.532
51775	0.552
51825	0.576
51875	0.560
51925	0.552
51975	0.584
52025	0.596
52075	0.560
52125	0.580
52175	0.576
52225	0.556
52275	0.556
52325	0.572
52375	0.556
52425	0.564
52475	0.576
52525	0.552
52575	0.552
52625	0.564
52675	0.560
52725	0.560
52775	0.572
52825	0.576
52875	0.580
52925	0.576
52975	0.576
53025	0.580
53075	0.564
53125	0.556
53175	0.568
53225	0.568
53275	0.544
53325	0.556
53375	0.540
53425	0.528
53475	0.500
53525	0.512
53575	0.520
53625	0.532
53675	0.528
53725	0.536
53775	0.536
53825	0.496
53875	0.476
53925	0.464
53975	0.484
54025	0.484
54075	0.496
54125	0.496
54175	0.516
54225	0.504
54275	0.508
54325	0.500
54375	0.500
54425	0.484
54475	0.436
54525	0.432
54575	0.448
54625	0.480
54675	0.504
54725	0.556
54775	0.560
54825	0.572
54875	0.548
54925	0.548
54975	0.560
55025	0.564
55075	0.552
55125	0.540
55175	0.532
55225	0.512
55275	0.496
55325	0.500
55375	0.528
55425	0.512
55475	0.492
55525	0.512
55575	0.512
55625	0.500
55675	0.532
55725	0.540
55775	0.524
55825	0.524
55875	0.528
55925	0.504
55975	0.504
56025	0.516
56075	0.520
56125	0.512
56175	0.508
56225	0.508
56275	0.476
56325	0.484
56375	0.488
56425	0.508
56475	0.500
56525	0.520
56575	0.496
56625	0.480
56675	0.472
56725	0.484
56775	0.468
56825	0.480
56875	0.508
56925	0.512
56975	0.512
57025	0.508
57075	0.488
57125	0.488
57175	0.476
57225	0.468
57275	0.504
57325	0.520
57375	0.520
57425	0.548
57475	0.564
57525	0.548
57575	0.560
57625	0.548
57675	0.524
57725	0.524
57775	0.520
57825	0.472
57875	0.444
57925	0.428
57975	0.424
58025	0.440
58075	0.504
58125	0.520
58175	0.516
58225	0.500
58275	0.468
58325	0.448
58375	0.452
58425	0.468
58475	0.488
58525	0.496
58575	0.492
58625	0.492
58675	0.472
58725	0.460
58775	0.492
58825	0.496
58875	0.512
58925	0.512
58975	0.536
59025	0.548
59075	0.532
59125	0.516
59175	0.528
59225	0.488
59275	0.432
59325	0.456
59375	0.456
59425	0.456
59475	0.476
59525	0.480
59575	0.468
59625	0.484
59675	0.488
59725	0.488
59775	0.512
59825	0.500
59875	0.472
59925	0.468
59975	0.444
60025	0.440
60075	0.428
60125	0.448
60175	0.440
60225	0.436
60275	0.424
60325	0.424
60375	0.412
60425	0.408
60475	0.408
60525	0.424
60575	0.428
60625	0.432
60675	0.444
60725	0.460
60775	0.444
60825	0.412
60875	0.404
60925	0.408
60975	0.436
61025	0.432
61075	0.476
61125	0.476
61175	0.488
61225	0.480
61275	0.480
61325	0.480
61375	0.500
61425	0.472
61475	0.444
61525	0.448
61575	0.448
61625	0.460
61675	0.496
61725	0.508
61775	0.516
61825	0.536
61875	0.524
61925	0.496
61975	0.520
62025	0.496
62075	0.468
62125	0.464
62175	0.488
62225	0.444
62275	0.448
62325	0.428
62375	0.424
62425	0.412
62475	0.428
62525	0.444
62575	0.464
62625	0.424
62675	0.412
62725	0.412
62775	0.408
62825	0.440
62875	0.468
62925	0.472
62975	0.492
63025	0.504
63075	0.472
63125	0.476
63175	0.508
63225	0.508
63275	0.512
63325	0.520
63375	0.544
63425	0.520
63475	0.552
63525	0.556
63575	0.576
63625	0.576
63675	0.616
63725	0.600
63775	0.620
63825	0.620
63875	0.624
63925	0.596
63975	0.600
64025	0.604
64075	0.600
64125	0.616
64175	0.608
64225	0.604
64275	0.580
64325	0.580
64375	0.556
64425	0.572
64475	0.572
64525	0.588
64575	0.592
64625	0.612
64675	0.620
64725	0.612
64775	0.604
64825	0.596
64875	0.580
64925	0.556
64975	0.540
65025	0.488
65075	0.484
65125	0.464
65175	0.448
65225	0.448
65275	0.496
65325	0.480
65375	0.496
65425	0.508
65475	0.512
65525	0.484
65575	0.536
65625	0.520
65675	0.520
65725	0.476
65775	0.500
65825	0.488
65875	0.508
65925	0.508
65975	0.580
66025	0.572
66075	0.552
66125	0.556
66175	0.568
66225	0.556
66275	0.560
66325	0.548
66375	0.532
66425	0.560
66475	0.548
66525	0.528
66575	0.520
66625	0.524
66675	0.468
66725	0.456
66775	0.476
66825	0.480
66875	0.472
66925	0.480
66975	0.488
67025	0.504
67075	0.516
67125	0.512
67175	0.544
67225	0.564
67275	0.536
67325	0.536
67375	0.564
67425	0.556
67475	0.528
67525	0.524
67575	0.516
67625	0.492
67675	0.448
67725	0.456
67775	0.460
67825	0.452
67875	0.456
67925	0.496
67975	0.512
68025	0.496
68075	0.508
68125	0.516
68175	0.520
68225	0.524
68275	0.528
68325	0.528
68375	0.500
68425	0.492
68475	0.476
68525	0.480
68575	0.492
68625	0.492
68675	0.472
68725	0.420
68775	0.428
68825	0.416
68875	0.428
68925	0.428
68975	0.476
69025	0.476
69075	0.480
69125	0.492
69175	0.512
69225	0.488
69275	0.488
69325	0.492
69375	0.464
69425	0.456
69475	0.472
69525	0.484
69575	0.468
69625	0.476
69675	0.488
69725	0.484
69775	0.472
69825	0.472
69875	0.472
69925	0.476
69975	0.460
70025	0.484
70075	0.480
70125	0.508
70175	0.508
70225	0.544
70275	0.524
70325	0.556
70375	0.556
70425	0.564
70475	0.556
70525	0.564
70575	0.552
70625	0.556
70675	0.556
70725	0.568
70775	0.584
70825	0.596
70875	0.600
70925	0.592
70975	0.604
71025	0.588
71075	0.564
71125	0.536
71175	0.516
71225	0.492
71275	0.488
71325	0.496
71375	0.512
71425	0.528
71475	0.516
71525	0.536
71575	0.536
71625	0.536
71675	0.520
71725	0.524
71775	0.512
71825	0.520
71875	0.512
71925	0.544
71975	0.544
72025	0.552
72075	0.548
72125	0.544
72175	0.540
72225	0.564
72275	0.556
72325	0.572
72375	0.600
72425	0.584
72475	0.588
72525	0.568
72575	0.540
72625	0.512
72675	0.516
72725	0.488
72775	0.516
72825	0.548
72875	0.560
72925	0.548
72975	0.548
73025	0.544
73075	0.524
73125	0.508
73175	0.492
73225	0.500
73275	0.500
73325	0.480
73375	0.476
73425	0.472
73475	0.452
73525	0.404
73575	0.412
73625	0.416
73675	0.464
73725	0.468
73775	0.488
73825	0.512
73875	0.536
73925	0.528
73975	0.540
74025	0.528
74075	0.516
74125	0.476
74175	0.460
74225	0.484
74275	0.512
74325	0.536
74375	0.540
74425	0.520
74475	0.484
74525	0.480
74575	0.436
74625	0.444
74675	0.472
74725	0.492
74775	0.488
74825	0.496
74875	0.520
74925	0.532
74975	0.528
75025	0.520
75075	0.512
75125	0.516
75175	0.496
75225	0.492
75275	0.532
75325	0.560
75375	0.560
75425	0.588
75475	0.588
75525	0.564
75575	0.564
75625	0.576
75675	0.576
75725	0.588
75775	0.604
75825	0.608
75875	0.588
75925	0.604
75975	0.620
76025	0.616
76075	0.604
76125	0.624
76175	0.600
76225	0.572
76275	0.556
76325	0.560
76375	0.516
76425	0.516
76475	0.500
76525	0.476
76575	0.436
76625	0.464
76675	0.440
76725	0.468
76775	0.480
76825	0.504
76875	0.496
76925	0.512
76975	0.516
77025	0.544
77075	0.556
77125	0.552
77175	0.564
77225	0.544
77275	0.540
77325	0.548
77375	0.560
77425	0.544
77475	0.560
77525	0.572
77575	0.576
77625	0.596
77675	0.604
77725	0.612
77775	0.628
77825	0.612
77875	0.584
77925	0.560
77975	0.524
78025	0.500
78075	0.504
78125	0.480
78175	0.480
78225	0.504
78275	0.504
78325	0.480
78375	0.492
78425	0.496
78475	0.500
78525	0.496
78575	0.500
78625	0.508
78675	0.520
78725	0.528
78775	0.540
78825	0.568
78875	0.564
78925	0.544
78975	0.536
79025	0.528
79075	0.532
79125	0.544
79175	0.552
79225	0.536
79275	0.512
79325	0.488
79375	0.472
79425	0.476
79475	0.500
79525	0.504
79575	0.500
79625	0.484
79675	0.512
79725	0.500
79775	0.524
79825	0.572
79875	0.612
79925	0.596
79975	0.584
80025	0.592
80075	0.540
80125	0.496
80175	0.508
80225	0.540
80275	0.540
80325	0.600
80375	0.640
80425	0.636
80475	0.612
80525	0.612
80575	0.588
80625	0.576
80675	0.568
80725	0.588
80775	0.564
80825	0.560
80875	0.580
80925	0.588
80975	0.576
81025	0.592
81075	0.608
81125	0.608
81175	0.592
81225	0.580
81275	0.580
81325	0.548
81375	0.524
81425	0.492
81475	0.476
81525	0.452
81575	0.460
81625	0.448
81675	0.444
81725	0.440
81775	0.472
81825	0.468
81875	0.496
81925	0.528
81975	0.528
82025	0.492
82075	0.496
82125	0.488
82175	0.484
82225	0.492
82275	0.512
82325	0.508
82375	0.496
82425	0.516
82475	0.544
82525	0.528
82575	0.536
82625	0.512
82675	0.484
82725	0.468
82775	0.472
82825	0.444
82875	0.480
82925	0.524
82975	0.544
83025	0.572
83075	0.588
83125	0.612
83175	0.600
83225	0.576
83275	0.544
83325	0.568
83375	0.544
83425	0.552
83475	0.576
83525	0.592
83575	0.564
83625	0.572
83675	0.540
83725	0.504
83775	0.544
83825	0.572
83875	0.576
83925	0.588
83975	0.624
84025	0.616
84075	0.616
84125	0.604
84175	0.624
84225	0.616
84275	0.588
84325	0.572
84375	0.564
84425	0.532
84475	0.532
84525	0.520
84575	0.504
84625	0.500
84675	0.508
84725	0.488
84775	0.500
84825	0.464
84875	0.472
84925	0.464
84975	0.460
85025	0.424
85075	0.444
85125	0.464
85175	0.456
85225	0.464
85275	0.480
85325	0.496
85375	0.480
85425	0.496
85475	0.472
85525	0.484
85575	0.508
85625	0.496
85675	0.492
85725	0.512
85775	0.532
85825	0.516
85875	0.520
85925	0.500
85975	0.512
86025	0.508
86075	0.500
86125	0.496
86175	0.512
86225	0.508
86275	0.492
86325	0.508
86375	0.536
86425	0.540
86475	0.556
86525	0.556
86575	0.556
86625	0.532
86675	0.524
86725	0.488
86775	0.508
86825	0.516
86875	0.500
86925	0.488
86975	0.484
87025	0.456
87075	0.440
87125	0.464
87175	0.508
87225	0.532
87275	0.548
87325	0.552
87375	0.512
87425	0.508
87475	0.492
87525	0.480
87575	0.472
87625	0.508
87675	0.484
87725	0.512
87775	0.532
87825	0.528
87875	0.524
87925	0.536
87975	0.508
88025	0.492
88075	0.512
88125	0.532
88175	0.528
88225	0.540
88275	0.560
88325	0.544
88375	0.532
88425	0.512
88475	0.516
88525	0.488
88575	0.488
88625	0.464
88675	0.480
88725	0.464
88775	0.480
88825	0.504
88875	0.544
88925	0.560
88975	0.572
89025	0.556
89075	0.540
89125	0.540
89175	0.536
89225	0.560
89275	0.572
89325	0.560
89375	0.552
89425	0.536
89475	0.536
89525	0.540
89575	0.544
89625	0.500
89675	0.524
89725	0.536
89775	0.528
89825	0.536
89875	0.576
89925	0.580
89975	0.580
90025	0.596
90075	0.612
90125	0.592
90175	0.584
90225	0.572
90275	0.572
90325	0.536
90375	0.540
90425	0.516
90475	0.504
90525	0.492
90575	0.488
90625	0.488
90675	0.484
90725	0.464
90775	0.452
90825	0.448
90875	0.440
90925	0.456
90975	0.452
91025	0.460
91075	0.460
91125	0.428
91175	0.424
91225	0.456
91275	0.436
91325	0.436
91375	0.472
91425	0.448
91475	0.420
91525	0.432
91575	0.444
91625	0.444
91675	0.488
91725	0.496
91775	0.480
91825	0.480
91875	0.488
91925	0.460
91975	0.476
92025	0.480
92075	0.468
92125	0.472
92175	0.468
92225	0.456
92275	0.492
92325	0.524
92375	0.504
92425	0.512
92475	0.512
92525	0.496
92575	0.488
92625	0.508
92675	0.492
92725	0.492
92775	0.512
92825	0.516
92875	0.512
92925	0.548
92975	0.544
93025	0.520
93075	0.492
93125	0.468
93175	0.444
93225	0.452
93275	0.468
93325	0.504
93375	0.524
93425	0.564
93475	0.544
93525	0.552
93575	0.544
93625	0.548
93675	0.528
93725	0.560
93775	0.552
93825	0.536
93875	0.556
93925	0.556
93975	0.524
94025	0.540
94075	0.568
94125	0.556
94175	0.564
94225	0.592
94275	0.568
94325	0.556
94375	0.548
94425	0.548
94475	0.564
94525	0.592
94575	0.620
94625	0.620
94675	0.620
94725	0.604
94775	0.596
94825	0.588
94875	0.608
94925	0.588
94975	0.596
95025	0.592
95075	0.568
95125	0.572
95175	0.584
95225	0.576
95275	0.556
95325	0.556
95375	0.556
95425	0.536
95475	0.512
95525	0.524
95575	0.532
95625	0.508
95675	0.524
95725	0.548
95775	0.520
95825	0.508
95875	0.512
95925	0.508
95975	0.520
96025	0.544
96075	0.544
96125	0.584
96175	0.596
96225	0.580
96275	0.560
96325	0.576
96375	0.548
96425	0.588
96475	0.604
96525	0.616
96575	0.612
96625	0.624
96675	0.588
96725	0.580
96775	0.592
96825	0.584
96875	0.568
96925	0.588
96975	0.584
97025	0.604
97075	0.600
97125	0.616
97175	0.584
97225	0.608
97275	0.588
97325	0.608
97375	0.608
97425	0.624
97475	0.600
97525	0.592
97575	0.564
97625	0.564
97675	0.556
97725	0.556
97775	0.556
97825	0.576
97875	0.552
97925	0.512
97975	0.504
98025	0.492
98075	0.480
98125	0.464
98175	0.468
98225	0.468
98275	0.468
98325	0.476
98375	0.464
98425	0.484
98475	0.468
98525	0.464
98575	0.456
98625	0.492
98675	0.524
98725	0.528
98775	0.552
98825	0.580
98875	0.564
98925	0.540
98975	0.568
99025	0.552
99075	0.556
99125	0.600
99175	0.596
99225	0.588
99275	0.608
99325	0.600
99375	0.572
99425	0.596
99475	0.616
99525	0.620
99575	0.608
99625	0.616
99675	0.616
99725	0.588
99775	0.576
99825	0.576
99875	0.564
99925	0.540
99975	0.532
100025	0.516
100075	0.516
100125	0.528
100175	0.536
100225	0.540
100275	0.540
100325	0.552
100375	0.532
100425	0.540
100475	0.556
100525	0.596
100575	0.592
100625	0.600
100675	0.572
100725	0.584
100775	0.564
100825	0.564
100875	0.580
100925	0.584
100975	0.568
101025	0.564
101075	0.560
101125	0.544
101175	0.544
101225	0.544
101275	0.536
101325	0.512
101375	0.524
101425	0.552
101475	0.548
101525	0.544
101575	0.560
101625	0.576
101675	0.556
101725	0.564
101775	0.580
101825	0.564
101875	0.496
101925	0.496
101975	0.476
102025	0.472
102075	0.484
102125	0.508
102175	0.488
102225	0.484
102275	0.468
102325	0.456
102375	0.452
102425	0.444
102475	0.468
102525	0.480
102575	0.472
102625	0.484
102675	0.500
102725	0.460
102775	0.444
102825	0.452
102875	0.440
102925	0.416
102975	0.436
103025	0.416
103075	0.456
103125	0.512
103175	0.564
103225	0.596
103275	0.644
103325	0.624
103375	0.564
103425	0.552
103475	0.548
103525	0.572
103575	0.584
103625	0.628
103675	0.636
103725	0.644
103775	0.612
103825	0.616
103875	0.584
103925	0.544
103975	0.500
104025	0.456
104075	0.412
104125	0.376
104175	0.372
104225	0.360
104275	0.396
104325	0.396
104375	0.428
104425	0.444
104475	0.452
104525	0.440
104575	0.476
104625	0.492
104675	0.508
104725	0.504
104775	0.504
104825	0.476
104875	0.460
104925	0.456
104975	0.456
105025	0.452
105075	0.456
105125	0.468
105175	0.480
105225	0.484
105275	0.524
105325	0.540
105375	0.560
105425	0.560
105475	0.568
105525	0.536
105575	0.520
105625	0.500
105675	0.484
105725	0.484
105775	0.488
105825	0.500
105875	0.500
105925	0.540
105975	0.528
106025	0.508
106075	0.492
106125	0.504
106175	0.460
106225	0.460
106275	0.460
106325	0.472
106375	0.444
106425	0.460
106475	0.456
106525	0.492
106575	0.480
106625	0.508
106675	0.488
106725	0.512
106775	0.476
106825	0.488
106875	0.452
106925	0.464
106975	0.464
107025	0.468
107075	0.448
107125	0.472
107175	0.480
107225	0.468
107275	0.472
107325	0.500
107375	0.468
107425	0.468
107475	0.476
107525	0.512
107575	0.488
107625	0.528
107675	0.516
107725	0.488
107775	0.468
107825	0.488
107875	0.484
107925	0.504
107975	0.528
108025	0.536
108075	0.528
108125	0.532
108175	0.504
108225	0.496
108275	0.476
108325	0.468
108375	0.448
108425	0.492
108475	0.488
108525	0.488
108575	0.484
108625	0.472
108675	0.424
108725	0.420
108775	0.468
108825	0.468
108875	0.492
108925	0.516
108975	0.548
109025	0.504
109075	0.528
109125	0.536
109175	0.520
109225	0.516
109275	0.520
109325	0.488
109375	0.480
109425	0.492
109475	0.520
109525	0.548
109575	0.588
109625	0.596
109675	0.572
109725	0.536
109775	0.504
109825	0.512
109875	0.492
109925	0.524
109975	0.512
110025	0.492
110075	0.464
110125	0.476
110175	0.460
110225	0.472
110275	0.480
110325	0.468
110375	0.460
110425	0.456
110475	0.488
110525	0.504
110575	0.504
110625	0.520
110675	0.528
110725	0.488
110775	0.476
110825	0.460
110875	0.448
110925	0.444
110975	0.444
111025	0.460
111075	0.464
111125	0.448
111175	0.452
111225	0.460
111275	0.440
111325	0.480
111375	0.508
111425	0.512
111475	0.504
111525	0.560
111575	0.540
111625	0.528
111675	0.528
111725	0.524
111775	0.484
111825	0.504
111875	0.520
111925	0.496
111975	0.520
112025	0.508
112075	0.472
112125	0.456
112175	0.464
112225	0.448
112275	0.436
112325	0.476
112375	0.500
112425	0.524
112475	0.568
112525	0.612
112575	0.616
112625	0.620
112675	0.644
112725	0.652
112775	0.672
112825	0.680
112875	0.692
112925	0.672
112975	0.660
113025	0.640
113075	0.612
113125	0.592
113175	0.576
113225	0.532
113275	0.496
113325	0.508
113375	0.480
113425	0.504
113475	0.528
113525	0.564
113575	0.536
113625	0.520
113675	0.488
113725	0.464
113775	0.464
113825	0.484
113875	0.536
113925	0.572
113975	0.592
114025	0.596
114075	0.596
114125	0.560
114175	0.528
114225	0.556
114275	0.560
114325	0.568
114375	0.604
114425	0.648
114475	0.652
114525	0.648
114575	0.660
114625	0.636
114675	0.588
114725	0.552
114775	0.524
114825	0.500
114875	0.496
114925	0.488
114975	0.492
115025	0.488
115075	0.492
115125	0.504
115175	0.524
115225	0.536
115275	0.536
115325	0.552
115375	0.540
115425	0.548
115475	0.536
115525	0.556
115575	0.528
115625	0.524
115675	0.528
115725	0.532
115775	0.560
115825	0.588
115875	0.612
115925	0.600
115975	0.604
116025	0.604
116075	0.608
116125	0.620
116175	0.632
116225	0.636
116275	0.604
116325	0.596
116375	0.560
116425	0.572
116475	0.568
116525	0.596
116575	0.596
116625	0.620
116675	0.620
116725	0.612
116775	0.572
116825	0.548
116875	0.528
116925	0.496
116975	0.480
117025	0.480
117075	0.476
117125	0.440
117175	0.460
117225	0.476
117275	0.488
117325	0.512
117375	0.576
117425	0.560
117475	0.552
117525	0.552
117575	0.544
117625	0.500
117675	0.500
117725	0.488
117775	0.496
117825	0.472
117875	0.464
117925	0.452
117975	0.476
118025	0.500
118075	0.524
118125	0.564
118175	0.604
118225	0.604
118275	0.588
118325	0.636
118375	0.636
118425	0.612
118475	0.608
118525	0.588
118575	0.548
118625	0.544
118675	0.560
118725	0.544
118775	0.540
118825	0.540
118875	0.536
118925	0.512
118975	0.520
119025	0.508
119075	0.504
119125	0.516
119175	0.540
119225	0.568
119275	0.608
119325	0.624
119375	0.632
119425	0.640
119475	0.640
119525	0.632
119575	0.632
119625	0.620
119675	0.596
119725	0.608
119775	0.612
119825	0.616
119875	0.636
119925	0.636
119975	0.600
120025	0.588
120075	0.584
120125	0.548
120175	0.532
120225	0.540
120275	0.524
120325	0.492
120375	0.476
120425	0.472
120475	0.488
120525	0.508
120575	0.528
120625	0.576
120675	0.616
120725	0.604
120775	0.584
120825	0.588
120875	0.544
120925	0.528
120975	0.524
121025	0.528
121075	0.520
121125	0.544
121175	0.556
121225	0.576
121275	0.592
121325	0.616
121375	0.632
121425	0.648
121475	0.620
121525	0.644
121575	0.644
121625	0.644
121675	0.640
121725	0.640
121775	0.632
121825	0.596
121875	0.544
121925	0.488
121975	0.476
122025	0.416
122075	0.412
122125	0.444
122175	0.468
122225	0.480
122275	0.500
122325	0.508
122375	0.492
122425	0.484
122475	0.460
122525	0.464
122575	0.460
122625	0.460
122675	0.476
122725	0.512
122775	0.520
122825	0.516
122875	0.516
122925	0.528
122975	0.536
123025	0.508
123075	0.516
123125	0.512
123175	0.492
123225	0.468
123275	0.524
123325	0.516
123375	0.560
123425	0.576
123475	0.620
123525	0.604
123575	0.620
123625	0.596
123675	0.576
123725	0.548
123775	0.540
123825	0.544
123875	0.568
123925	0.588
123975	0.600
124025	0.632
124075	0.648
124125	0.648
124175	0.660
124225	0.668
124275	0.676
124325	0.696
124375	0.680
124425	0.676
124475	0.692
124525	0.656
124575	0.616
124625	0.640
124675	0.648
124725	0.616
124775	0.616
124825	0.608
124875	0.588
124925	0.572
124975	0.564
125025	0.588
125075	0.600
125125	0.572
125175	0.552
125225	0.540
125275	0.520
125325	0.532
125375	0.536
125425	0.576
125475	0.580
125525	0.584
125575	0.560
125625	0.584
125675	0.584
125725	0.624
125775	0.596
125825	0.624
125875	0.628
125925	0.644
125975	0.624
126025	0.632
126075	0.612
126125	0.580
126175	0.536
126225	0.496
126275	0.516
126325	0.520
126375	0.548
126425	0.564
126475	0.600
126525	0.628
126575	0.652
126625	0.672
126675	0.644
126725	0.636
126775	0.600
126825	0.572
126875	0.524
126925	0.520
126975	0.532
127025	0.556
127075	0.564
127125	0.600
127175	0.652
127225	0.656
127275	0.644
127325	0.648
127375	0.640
127425	0.652
127475	0.640
127525	0.652
127575	0.648
127625	0.636
127675	0.620
127725	0.620
127775	0.600
127825	0.584
127875	0.580
127925	0.576
127975	0.592
128025	0.604
128075	0.612
128125	0.632
128175	0.628
128225	0.612
128275	0.612
128325	0.624
128375	0.596
128425	0.580
128475	0.588
128525	0.556
128575	0.548
128625	0.584
128675	0.596
128725	0.596
128775	0.616
128825	0.616
128875	0.536
128925	0.504
128975	0.472
129025	0.456
129075	0.440
129125	0.480
129175	0.484
129225	0.508
129275	0.500
129325	0.472
129375	0.472
129425	0.488
129475	0.488
129525	0.532
129575	0.564
129625	0.548
129675	0.508
129725	0.488
129775	0.440
129825	0.432
129875	0.484
129925	0.508
129975	0.524
130025	0.544
130075	0.532
130125	0.516
130175	0.536
130225	0.560
130275	0.572
130325	0.596
130375	0.576
130425	0.568
130475	0.532
130525	0.520
130575	0.536
130625	0.556
130675	0.576
130725	0.600
130775	0.604
130825	0.592
130875	0.576
130925	0.536
130975	0.512
131025	0.500
131075	0.516
131125	0.548
131175	0.544
131225	0.552
131275	0.548
131325	0.516
131375	0.488
131425	0.500
131475	0.480
131525	0.476
131575	0.492
131625	0.512
131675	0.528
131725	0.524
131775	0.500
131825	0.496
131875	0.448
131925	0.424
131975	0.440
132025	0.484
132075	0.488
132125	0.500
132175	0.508
132225	0.504
132275	0.480
132325	0.484
132375	0.496
132425	0.508
132475	0.492
132525	0.508
132575	0.480
132625	0.484
132675	0.468
132725	0.456
132775	0.448
132825	0.460
132875	0.460
132925	0.460
132975	0.488
133025	0.508
133075	0.504
133125	0.528
133175	0.512
133225	0.504
133275	0.484
133325	0.516
133375	0.504
133425	0.536
133475	0.536
133525	0.528
133575	0.512
133625	0.488
133675	0.488
133725	0.504
133775	0.520
133825	0.508
133875	0.524
133925	0.508
133975	0.504
134025	0.500
134075	0.504
134125	0.500
134175	0.496
134225	0.476
134275	0.480
134325	0.488
134375	0.496
134425	0.516
134475	0.536
134525	0.512
134575	0.488
134625	0.464
134675	0.472
134725	0.456
134775	0.448
134825	0.476
134875	0.468
134925	0.432
134975	0.392
135025	0.408
135075	0.396
135125	0.412
135175	0.428
135225	0.504
135275	0.532
135325	0.540
135375	0.564
135425	0.560
135475	0.548
135525	0.540
135575	0.544
135625	0.536
135675	0.544
135725	0.552
135775	0.552
135825	0.568
135875	0.576
135925	0.584
135975	0.576
136025	0.572
136075	0.564
136125	0.560
136175	0.548
136225	0.564
136275	0.576
136325	0.556
136375	0.540
136425	0.536
136475	0.520
136525	0.512
136575	0.496
136625	0.492
136675	0.524
136725	0.508
136775	0.492
136825	0.496
136875	0.508
136925	0.464
136975	0.464
137025	0.436
137075	0.376
137125	0.292
137175	0.240
137225	0.172
137275	0.140
137325	0.176
137375	0.212
137425	0.220
137475	0.216
137525	0.252
137575	0.224
137625	0.264
137675	0.276
137725	0.328
137775	0.332
137825	0.340
137875	0.292
137925	0.296
137975	0.264
138025	0.216
138075	0.204
138125	0.196
138175	0.160
138225	0.176
138275	0.216
138325	0.224
138375	0.208
138425	0.212
138475	0.192
138525	0.160
138575	0.152
138625	0.160
138675	0.184
138725	0.220
138775	0.248
138825	0.268
138875	0.264
138925	0.264
138975	0.228
139025	0.228
139075	0.196
139125	0.188
139175	0.184
139225	0.184
139275	0.172
139325	0.180
139375	0.196
139425	0.212
139475	0.220
139525	0.200
139575	0.228
139625	0.240
139675	0.232
139725	0.224
139775	0.228
139825	0.228
139875	0.244
139925	0.252
139975	0.232
140025	0.252
140075	0.244
140125	0.240
140175	0.196
140225	0.200
140275	0.184
140325	0.136
140375	0.088
140425	0.088
140475	0.076
140525	0.040
140575	0.036
140625	0.024
140675	0.008
140725	0.000
140775	0.000
140825	0.000
140875	0.000
140925	0.000
140975	0.000
141025	0.000
141075	0.000
141125	0.000
141175	0.000
141225	0.000
141275	0.000
141325	0.000
141375	0.000
141425	0.000
141475	0.004
141525	0.020
141575	0.024
141625	0.040
141675	0.048
141725	0.044
141775	0.040
141825	0.048
141875	0.048
141925	0.068
141975	0.096
142025	0.104
142075	0.112
142125	0.116
142175	0.120
142225	0.104
142275	0.096
142325	0.088
142375	0.084
142425	0.052
142475	0.040
142525	0.028
142575	0.016
142625	0.000
142675	0.000
142725	0.000
142775	0.000
142825	0.000
142875	0.000
142925	0.000
142975	0.000
143025	0.000
143075	0.000
143125	0.000
143175	0.000
143225	0.000
143275	0.000
143325	0.000
143375	0.012
143425	0.064
143475	0.092
143525	0.128
143575	0.144
143625	0.160
143675	0.120
143725	0.116
143775	0.112
143825	0.124
143875	0.104
143925	0.116
143975	0.124
144025	0.124
144075	0.120
144125	0.132
144175	0.132
144225	0.120
144275	0.128
144325	0.132
144375	0.148
144425	0.156
144475	0.164
144525	0.164
144575	0.156
144625	0.140
144675	0.120
144725	0.104
144775	0.092
144825	0.092
144875	0.092
144925	0.104
144975	0.120
145025	0.128
145075	0.128
145125	0.164
145175	0.244
145225	0.260
145275	0.276
145325	0.292
145375	0.284
145425	0.204
145475	0.208
145525	0.196
145575	0.200
145625	0.200
145675	0.232
145725	0.204
145775	0.204
145825	0.208
145875	0.196
145925	0.232
145975	0.304
146025	0.336
146075	0.348
146125	0.356
146175	0.296
146225	0.236
146275	0.196
146325	0.160
146375	0.164
146425	0.152
146475	0.152
146525	0.160
146575	0.172
146625	0.156
146675	0.160
146725	0.172
146775	0.184
146825	0.184
146875	0.196
146925	0.220
146975	0.192
147025	0.220
147075	0.252
147125	0.236
147175	0.212
147225	0.232
147275	0.192
147325	0.164
147375	0.184
147425	0.176
147475	0.148
147525	0.128
147575	0.168
147625	0.164
147675	0.188
147725	0.220
147775	0.244
147825	0.236
147875	0.248
147925	0.264
147975	0.284
148025	0.292
148075	0.296
148125	0.284
148175	0.252
148225	0.228
148275	0.216
148325	0.184
148375	0.164
148425	0.164
148475	0.168
148525	0.160
148575	0.184
148625	0.232
148675	0.260
148725	0.260
148775	0.296
148825	0.272
148875	0.240
148925	0.272
148975	0.292
149025	0.240
149075	0.244
149125	0.252
149175	0.200
149225	0.156
149275	0.212
149325	0.220
149375	0.220
149425	0.232
149475	0.272
149525	0.260
149575	0.244
149625	0.276
149675	0.260
149725	0.232
149775	0.224
149825	0.228
149875	0.188
149925	0.220
149975	0.240
150025	0.240
150075	0.232
150125	0.224
150175	0.220
150225	0.204
150275	0.180
150325	0.204
150375	0.220
150425	0.212
150475	0.236
150525	0.244
150575	0.240
150625	0.252
150675	0.232
150725	0.228
150775	0.240
150825	0.216
150875	0.180
150925	0.188
150975	0.168
151025	0.168
151075	0.192
151125	0.188
151175	0.204
151225	0.236
151275	0.228
151325	0.212
151375	0.216
151425	0.212
151475	0.176
151525	0.176
151575	0.184
151625	0.204
151675	0.204
151725	0.204
151775	0.204
151825	0.208
151875	0.204
151925	0.204
151975	0.232
152025	0.244
152075	0.244
152125	0.236
152175	0.216
152225	0.200
152275	0.200
152325	0.216
152375	0.240
