Position	Percent G+C 1 .. 382182
125	0.124
175	0.144
225	0.148
275	0.152
325	0.140
375	0.172
425	0.148
475	0.140
525	0.148
575	0.156
625	0.152
675	0.156
725	0.144
775	0.128
825	0.120
875	0.104
925	0.108
975	0.140
1025	0.172
1075	0.164
1125	0.168
1175	0.168
1225	0.128
1275	0.104
1325	0.112
1375	0.116
1425	0.132
1475	0.140
1525	0.152
1575	0.156
1625	0.168
1675	0.140
1725	0.148
1775	0.140
1825	0.140
1875	0.120
1925	0.132
1975	0.140
2025	0.128
2075	0.128
2125	0.128
2175	0.132
2225	0.124
2275	0.136
2325	0.112
2375	0.120
2425	0.116
2475	0.128
2525	0.140
2575	0.164
2625	0.136
2675	0.144
2725	0.152
2775	0.192
2825	0.240
2875	0.284
2925	0.348
2975	0.424
3025	0.444
3075	0.456
3125	0.528
3175	0.544
3225	0.532
3275	0.564
3325	0.596
3375	0.596
3425	0.576
3475	0.592
3525	0.592
3575	0.584
3625	0.576
3675	0.604
3725	0.592
3775	0.576
3825	0.560
3875	0.548
3925	0.540
3975	0.540
4025	0.536
4075	0.548
4125	0.560
4175	0.552
4225	0.540
4275	0.536
4325	0.532
4375	0.500
4425	0.496
4475	0.476
4525	0.472
4575	0.476
4625	0.508
4675	0.512
4725	0.512
4775	0.516
4825	0.528
4875	0.520
4925	0.512
4975	0.540
5025	0.544
5075	0.508
5125	0.488
5175	0.480
5225	0.484
5275	0.480
5325	0.484
5375	0.512
5425	0.524
5475	0.508
5525	0.504
5575	0.520
5625	0.520
5675	0.520
5725	0.504
5775	0.524
5825	0.516
5875	0.504
5925	0.488
5975	0.496
6025	0.456
6075	0.456
6125	0.464
6175	0.456
6225	0.496
6275	0.496
6325	0.488
6375	0.484
6425	0.500
6475	0.452
6525	0.460
6575	0.460
6625	0.436
6675	0.424
6725	0.388
6775	0.384
6825	0.408
6875	0.440
6925	0.460
6975	0.528
7025	0.532
7075	0.540
7125	0.544
7175	0.524
7225	0.528
7275	0.544
7325	0.504
7375	0.488
7425	0.516
7475	0.504
7525	0.504
7575	0.532
7625	0.532
7675	0.532
7725	0.540
7775	0.560
7825	0.540
7875	0.552
7925	0.572
7975	0.588
8025	0.596
8075	0.616
8125	0.632
8175	0.600
8225	0.568
8275	0.528
8325	0.552
8375	0.512
8425	0.524
8475	0.540
8525	0.536
8575	0.472
8625	0.452
8675	0.444
8725	0.440
8775	0.448
8825	0.480
8875	0.520
8925	0.500
8975	0.480
9025	0.504
9075	0.488
9125	0.444
9175	0.460
9225	0.456
9275	0.424
9325	0.444
9375	0.452
9425	0.448
9475	0.492
9525	0.524
9575	0.500
9625	0.492
9675	0.512
9725	0.468
9775	0.428
9825	0.444
9875	0.460
9925	0.476
9975	0.500
10025	0.512
10075	0.488
10125	0.492
10175	0.448
10225	0.428
10275	0.448
10325	0.456
10375	0.464
10425	0.452
10475	0.468
10525	0.444
10575	0.452
10625	0.456
10675	0.484
10725	0.500
10775	0.504
10825	0.488
10875	0.500
10925	0.472
10975	0.452
11025	0.464
11075	0.472
11125	0.440
11175	0.452
11225	0.452
11275	0.440
11325	0.476
11375	0.524
11425	0.540
11475	0.528
11525	0.540
11575	0.512
11625	0.484
11675	0.500
11725	0.540
11775	0.536
11825	0.556
11875	0.564
11925	0.540
11975	0.508
12025	0.496
12075	0.484
12125	0.492
12175	0.480
12225	0.484
12275	0.500
12325	0.524
12375	0.512
12425	0.512
12475	0.516
12525	0.512
12575	0.492
12625	0.492
12675	0.524
12725	0.524
12775	0.540
12825	0.548
12875	0.568
12925	0.556
12975	0.564
13025	0.552
13075	0.572
13125	0.552
13175	0.564
13225	0.568
13275	0.568
13325	0.532
13375	0.528
13425	0.500
13475	0.476
13525	0.480
13575	0.492
13625	0.516
13675	0.536
13725	0.548
13775	0.536
13825	0.536
13875	0.516
13925	0.512
13975	0.508
14025	0.540
14075	0.516
14125	0.524
14175	0.536
14225	0.536
14275	0.504
14325	0.500
14375	0.516
14425	0.544
14475	0.560
14525	0.600
14575	0.620
14625	0.624
14675	0.608
14725	0.600
14775	0.556
14825	0.548
14875	0.532
14925	0.532
14975	0.516
15025	0.520
15075	0.500
15125	0.472
15175	0.444
15225	0.460
15275	0.484
15325	0.508
15375	0.520
15425	0.572
15475	0.572
15525	0.584
15575	0.616
15625	0.632
15675	0.592
15725	0.600
15775	0.584
15825	0.572
15875	0.556
15925	0.576
15975	0.584
16025	0.572
16075	0.568
16125	0.576
16175	0.564
16225	0.540
16275	0.544
16325	0.560
16375	0.568
16425	0.544
16475	0.560
16525	0.572
16575	0.564
16625	0.576
16675	0.616
16725	0.620
16775	0.640
16825	0.640
16875	0.632
16925	0.632
16975	0.648
17025	0.668
17075	0.700
17125	0.708
17175	0.724
17225	0.704
17275	0.684
17325	0.664
17375	0.672
17425	0.676
17475	0.708
17525	0.716
17575	0.736
17625	0.744
17675	0.716
17725	0.732
17775	0.700
17825	0.628
17875	0.564
17925	0.548
17975	0.492
18025	0.508
18075	0.540
18125	0.572
18175	0.568
18225	0.540
18275	0.504
18325	0.468
18375	0.448
18425	0.460
18475	0.472
18525	0.484
18575	0.496
18625	0.500
18675	0.492
18725	0.484
18775	0.500
18825	0.540
18875	0.548
18925	0.552
18975	0.556
19025	0.540
19075	0.516
19125	0.540
19175	0.548
19225	0.556
19275	0.548
19325	0.552
19375	0.540
19425	0.532
19475	0.544
19525	0.572
19575	0.592
19625	0.592
19675	0.592
19725	0.576
19775	0.536
19825	0.504
19875	0.480
19925	0.456
19975	0.456
20025	0.476
20075	0.468
20125	0.464
20175	0.472
20225	0.456
20275	0.444
20325	0.484
20375	0.484
20425	0.460
20475	0.480
20525	0.472
20575	0.468
20625	0.496
20675	0.508
20725	0.520
20775	0.532
20825	0.540
20875	0.544
20925	0.552
20975	0.552
21025	0.576
21075	0.552
21125	0.536
21175	0.560
21225	0.548
21275	0.504
21325	0.476
21375	0.464
21425	0.444
21475	0.460
21525	0.480
21575	0.516
21625	0.536
21675	0.524
21725	0.524
21775	0.532
21825	0.520
21875	0.516
21925	0.544
21975	0.516
22025	0.500
22075	0.488
22125	0.464
22175	0.448
22225	0.444
22275	0.452
22325	0.480
22375	0.504
22425	0.528
22475	0.568
22525	0.560
22575	0.564
22625	0.576
22675	0.568
22725	0.584
22775	0.600
22825	0.568
22875	0.564
22925	0.568
22975	0.560
23025	0.564
23075	0.580
23125	0.580
23175	0.564
23225	0.548
23275	0.536
23325	0.544
23375	0.512
23425	0.528
23475	0.532
23525	0.548
23575	0.544
23625	0.552
23675	0.512
23725	0.492
23775	0.492
23825	0.468
23875	0.496
23925	0.524
23975	0.552
24025	0.548
24075	0.564
24125	0.556
24175	0.588
24225	0.576
24275	0.584
24325	0.572
24375	0.572
24425	0.540
24475	0.544
24525	0.540
24575	0.556
24625	0.560
24675	0.552
24725	0.560
24775	0.548
24825	0.564
24875	0.564
24925	0.588
24975	0.568
25025	0.560
25075	0.532
25125	0.524
25175	0.520
25225	0.524
25275	0.532
25325	0.536
25375	0.524
25425	0.524
25475	0.520
25525	0.520
25575	0.516
25625	0.508
25675	0.484
25725	0.472
25775	0.480
25825	0.488
25875	0.488
25925	0.500
25975	0.508
26025	0.484
26075	0.476
26125	0.504
26175	0.520
26225	0.544
26275	0.564
26325	0.596
26375	0.592
26425	0.564
26475	0.552
26525	0.568
26575	0.528
26625	0.532
26675	0.556
26725	0.524
26775	0.472
26825	0.444
26875	0.420
26925	0.380
26975	0.384
27025	0.420
27075	0.476
27125	0.480
27175	0.508
27225	0.536
27275	0.552
27325	0.544
27375	0.560
27425	0.540
27475	0.548
27525	0.532
27575	0.536
27625	0.520
27675	0.548
27725	0.536
27775	0.528
27825	0.516
27875	0.548
27925	0.540
27975	0.540
28025	0.504
28075	0.536
28125	0.508
28175	0.512
28225	0.524
28275	0.580
28325	0.548
28375	0.552
28425	0.560
28475	0.548
28525	0.524
28575	0.516
28625	0.508
28675	0.460
28725	0.416
28775	0.428
28825	0.444
28875	0.444
28925	0.476
28975	0.528
29025	0.504
29075	0.500
29125	0.496
29175	0.500
29225	0.468
29275	0.492
29325	0.492
29375	0.488
29425	0.488
29475	0.488
29525	0.480
29575	0.456
29625	0.456
29675	0.456
29725	0.480
29775	0.480
29825	0.528
29875	0.544
29925	0.564
29975	0.580
30025	0.600
30075	0.592
30125	0.612
30175	0.612
30225	0.636
30275	0.624
30325	0.608
30375	0.600
30425	0.584
30475	0.540
30525	0.536
30575	0.556
30625	0.528
30675	0.520
30725	0.504
30775	0.512
30825	0.488
30875	0.508
30925	0.536
30975	0.564
31025	0.568
31075	0.580
31125	0.572
31175	0.540
31225	0.516
31275	0.492
31325	0.468
31375	0.468
31425	0.488
31475	0.512
31525	0.544
31575	0.608
31625	0.612
31675	0.620
31725	0.632
31775	0.628
31825	0.584
31875	0.612
31925	0.584
31975	0.580
32025	0.584
32075	0.588
32125	0.544
32175	0.532
32225	0.524
32275	0.504
32325	0.520
32375	0.548
32425	0.560
32475	0.548
32525	0.536
32575	0.496
32625	0.472
32675	0.480
32725	0.480
32775	0.472
32825	0.460
32875	0.460
32925	0.420
32975	0.384
33025	0.376
33075	0.388
33125	0.396
33175	0.452
33225	0.484
33275	0.524
33325	0.536
33375	0.548
33425	0.544
33475	0.544
33525	0.544
33575	0.556
33625	0.548
33675	0.548
33725	0.536
33775	0.536
33825	0.544
33875	0.556
33925	0.556
33975	0.592
34025	0.576
34075	0.544
34125	0.496
34175	0.476
34225	0.448
34275	0.464
34325	0.484
34375	0.536
34425	0.568
34475	0.572
34525	0.584
34575	0.576
34625	0.572
34675	0.556
34725	0.544
34775	0.492
34825	0.472
34875	0.444
34925	0.436
34975	0.440
35025	0.472
35075	0.480
35125	0.484
35175	0.464
35225	0.504
35275	0.500
35325	0.516
35375	0.548
35425	0.564
35475	0.540
35525	0.532
35575	0.536
35625	0.504
35675	0.500
35725	0.492
35775	0.504
35825	0.464
35875	0.456
35925	0.424
35975	0.408
36025	0.396
36075	0.404
36125	0.396
36175	0.424
36225	0.432
36275	0.400
36325	0.396
36375	0.416
36425	0.416
36475	0.428
36525	0.456
36575	0.500
36625	0.508
36675	0.520
36725	0.540
36775	0.572
36825	0.572
36875	0.576
36925	0.592
36975	0.588
37025	0.576
37075	0.580
37125	0.584
37175	0.580
37225	0.584
37275	0.588
37325	0.584
37375	0.576
37425	0.588
37475	0.568
37525	0.568
37575	0.556
37625	0.552
37675	0.512
37725	0.504
37775	0.496
37825	0.488
37875	0.488
37925	0.520
37975	0.520
38025	0.508
38075	0.504
38125	0.500
38175	0.484
38225	0.488
38275	0.504
38325	0.516
38375	0.540
38425	0.532
38475	0.556
38525	0.536
38575	0.536
38625	0.536
38675	0.540
38725	0.544
38775	0.580
38825	0.588
38875	0.580
38925	0.584
38975	0.564
39025	0.564
39075	0.540
39125	0.536
39175	0.548
39225	0.540
39275	0.508
39325	0.540
39375	0.532
39425	0.516
39475	0.504
39525	0.540
39575	0.524
39625	0.544
39675	0.560
39725	0.568
39775	0.516
39825	0.512
39875	0.512
39925	0.492
39975	0.492
40025	0.520
40075	0.520
40125	0.508
40175	0.516
40225	0.540
40275	0.532
40325	0.500
40375	0.488
40425	0.508
40475	0.500
40525	0.504
40575	0.544
40625	0.556
40675	0.556
40725	0.544
40775	0.532
40825	0.496
40875	0.496
40925	0.464
40975	0.488
41025	0.508
41075	0.544
41125	0.544
41175	0.560
41225	0.536
41275	0.528
41325	0.540
41375	0.548
41425	0.540
41475	0.556
41525	0.572
41575	0.568
41625	0.576
41675	0.592
41725	0.592
41775	0.576
41825	0.556
41875	0.556
41925	0.536
41975	0.504
42025	0.480
42075	0.496
42125	0.484
42175	0.512
42225	0.532
42275	0.544
42325	0.512
42375	0.512
42425	0.472
42475	0.456
42525	0.460
42575	0.480
42625	0.456
42675	0.468
42725	0.492
42775	0.516
42825	0.504
42875	0.516
42925	0.528
42975	0.524
43025	0.488
43075	0.488
43125	0.496
43175	0.484
43225	0.472
43275	0.504
43325	0.524
43375	0.512
43425	0.528
43475	0.528
43525	0.512
43575	0.508
43625	0.496
43675	0.512
43725	0.520
43775	0.540
43825	0.548
43875	0.568
43925	0.544
43975	0.532
44025	0.500
44075	0.500
44125	0.508
44175	0.504
44225	0.480
44275	0.484
44325	0.472
44375	0.440
44425	0.440
44475	0.488
44525	0.516
44575	0.512
44625	0.552
44675	0.560
44725	0.536
44775	0.516
44825	0.512
44875	0.492
44925	0.460
44975	0.452
45025	0.436
45075	0.440
45125	0.464
45175	0.492
45225	0.512
45275	0.528
45325	0.548
45375	0.508
45425	0.508
45475	0.508
45525	0.520
45575	0.524
45625	0.556
45675	0.584
45725	0.584
45775	0.576
45825	0.564
45875	0.580
45925	0.544
45975	0.552
46025	0.556
46075	0.552
46125	0.536
46175	0.552
46225	0.572
46275	0.572
46325	0.600
46375	0.600
46425	0.600
46475	0.556
46525	0.552
46575	0.516
46625	0.508
46675	0.516
46725	0.544
46775	0.552
46825	0.572
46875	0.556
46925	0.560
46975	0.536
47025	0.532
47075	0.532
47125	0.564
47175	0.556
47225	0.568
47275	0.564
47325	0.548
47375	0.524
47425	0.536
47475	0.560
47525	0.580
47575	0.608
47625	0.612
47675	0.612
47725	0.596
47775	0.592
47825	0.576
47875	0.600
47925	0.584
47975	0.576
48025	0.540
48075	0.508
48125	0.492
48175	0.488
48225	0.512
48275	0.548
48325	0.588
48375	0.572
48425	0.572
48475	0.528
48525	0.488
48575	0.436
48625	0.432
48675	0.416
48725	0.424
48775	0.464
48825	0.500
48875	0.504
48925	0.520
48975	0.540
49025	0.516
49075	0.516
49125	0.524
49175	0.548
49225	0.520
49275	0.528
49325	0.528
49375	0.544
49425	0.516
49475	0.544
49525	0.532
49575	0.544
49625	0.516
49675	0.524
49725	0.504
49775	0.492
49825	0.480
49875	0.512
49925	0.508
49975	0.500
50025	0.496
50075	0.504
50125	0.480
50175	0.464
50225	0.476
50275	0.468
50325	0.440
50375	0.440
50425	0.436
50475	0.420
50525	0.448
50575	0.460
50625	0.448
50675	0.452
50725	0.488
50775	0.500
50825	0.528
50875	0.548
50925	0.556
50975	0.508
51025	0.484
51075	0.484
51125	0.500
51175	0.524
51225	0.564
51275	0.584
51325	0.572
51375	0.564
51425	0.560
51475	0.576
51525	0.608
51575	0.588
51625	0.572
51675	0.536
51725	0.528
51775	0.476
51825	0.520
51875	0.532
51925	0.564
51975	0.556
52025	0.572
52075	0.544
52125	0.536
52175	0.520
52225	0.500
52275	0.516
52325	0.524
52375	0.496
52425	0.488
52475	0.508
52525	0.524
52575	0.480
52625	0.508
52675	0.524
52725	0.516
52775	0.492
52825	0.520
52875	0.496
52925	0.476
52975	0.500
53025	0.524
53075	0.536
53125	0.584
53175	0.608
53225	0.608
53275	0.612
53325	0.612
53375	0.588
53425	0.576
53475	0.560
53525	0.540
53575	0.528
53625	0.512
53675	0.512
53725	0.532
53775	0.516
53825	0.524
53875	0.544
53925	0.528
53975	0.496
54025	0.508
54075	0.500
54125	0.480
54175	0.484
54225	0.480
54275	0.484
54325	0.492
54375	0.504
54425	0.536
54475	0.560
54525	0.536
54575	0.532
54625	0.540
54675	0.524
54725	0.520
54775	0.560
54825	0.576
54875	0.576
54925	0.608
54975	0.600
55025	0.564
55075	0.548
55125	0.548
55175	0.500
55225	0.468
55275	0.440
55325	0.416
55375	0.400
55425	0.436
55475	0.476
55525	0.496
55575	0.516
55625	0.536
55675	0.516
55725	0.520
55775	0.544
55825	0.568
55875	0.560
55925	0.580
55975	0.564
56025	0.552
56075	0.548
56125	0.556
56175	0.552
56225	0.552
56275	0.560
56325	0.544
56375	0.560
56425	0.540
56475	0.556
56525	0.560
56575	0.540
56625	0.516
56675	0.540
56725	0.520
56775	0.524
56825	0.536
56875	0.536
56925	0.488
56975	0.488
57025	0.480
57075	0.492
57125	0.516
57175	0.548
57225	0.568
57275	0.588
57325	0.580
57375	0.564
57425	0.584
57475	0.584
57525	0.576
57575	0.580
57625	0.552
57675	0.540
57725	0.524
57775	0.496
57825	0.456
57875	0.448
57925	0.432
57975	0.436
58025	0.412
58075	0.480
58125	0.520
58175	0.528
58225	0.512
58275	0.548
58325	0.484
58375	0.472
58425	0.456
58475	0.460
58525	0.464
58575	0.492
58625	0.512
58675	0.496
58725	0.488
58775	0.472
58825	0.440
58875	0.392
58925	0.440
58975	0.444
59025	0.448
59075	0.464
59125	0.484
59175	0.436
59225	0.452
59275	0.448
59325	0.468
59375	0.472
59425	0.492
59475	0.492
59525	0.508
59575	0.528
59625	0.552
59675	0.572
59725	0.592
59775	0.564
59825	0.548
59875	0.536
59925	0.512
59975	0.492
60025	0.500
60075	0.488
60125	0.484
60175	0.468
60225	0.464
60275	0.472
60325	0.492
60375	0.488
60425	0.516
60475	0.524
60525	0.524
60575	0.488
60625	0.468
60675	0.452
60725	0.460
60775	0.492
60825	0.524
60875	0.540
60925	0.560
60975	0.564
61025	0.560
61075	0.544
61125	0.544
61175	0.556
61225	0.540
61275	0.532
61325	0.560
61375	0.568
61425	0.568
61475	0.536
61525	0.516
61575	0.504
61625	0.508
61675	0.500
61725	0.544
61775	0.548
61825	0.560
61875	0.556
61925	0.564
61975	0.592
62025	0.600
62075	0.596
62125	0.596
62175	0.600
62225	0.588
62275	0.576
62325	0.564
62375	0.572
62425	0.568
62475	0.560
62525	0.588
62575	0.604
62625	0.576
62675	0.568
62725	0.544
62775	0.532
62825	0.516
62875	0.536
62925	0.524
62975	0.520
63025	0.524
63075	0.512
63125	0.484
63175	0.480
63225	0.492
63275	0.492
63325	0.512
63375	0.512
63425	0.500
63475	0.452
63525	0.428
63575	0.420
63625	0.456
63675	0.512
63725	0.584
63775	0.616
63825	0.616
63875	0.608
63925	0.592
63975	0.556
64025	0.532
64075	0.536
64125	0.552
64175	0.556
64225	0.552
64275	0.568
64325	0.600
64375	0.596
64425	0.604
64475	0.620
64525	0.608
64575	0.580
64625	0.580
64675	0.548
64725	0.564
64775	0.592
64825	0.600
64875	0.620
64925	0.644
64975	0.620
65025	0.616
65075	0.592
65125	0.568
65175	0.548
65225	0.560
65275	0.556
65325	0.568
65375	0.560
65425	0.588
65475	0.596
65525	0.592
65575	0.596
65625	0.624
65675	0.600
65725	0.608
65775	0.636
65825	0.664
65875	0.672
65925	0.680
65975	0.692
66025	0.668
66075	0.628
66125	0.588
66175	0.560
66225	0.484
66275	0.420
66325	0.420
66375	0.376
66425	0.372
66475	0.392
66525	0.424
66575	0.424
66625	0.452
66675	0.456
66725	0.480
66775	0.484
66825	0.484
66875	0.516
66925	0.556
66975	0.580
67025	0.640
67075	0.668
67125	0.668
67175	0.664
67225	0.640
67275	0.612
67325	0.608
67375	0.608
67425	0.596
67475	0.612
67525	0.608
67575	0.588
67625	0.580
67675	0.576
67725	0.564
67775	0.532
67825	0.512
67875	0.500
67925	0.508
67975	0.540
68025	0.580
68075	0.644
68125	0.668
68175	0.648
68225	0.624
68275	0.568
68325	0.556
68375	0.556
68425	0.560
68475	0.560
68525	0.628
68575	0.632
68625	0.604
68675	0.616
68725	0.616
68775	0.608
68825	0.600
68875	0.652
68925	0.624
68975	0.644
69025	0.656
69075	0.684
69125	0.660
69175	0.684
69225	0.644
69275	0.588
69325	0.520
69375	0.488
69425	0.472
69475	0.460
69525	0.476
69575	0.504
69625	0.536
69675	0.572
69725	0.600
69775	0.592
69825	0.580
69875	0.564
69925	0.516
69975	0.524
70025	0.540
70075	0.568
70125	0.564
70175	0.584
70225	0.576
70275	0.556
70325	0.532
70375	0.520
70425	0.512
70475	0.504
70525	0.524
70575	0.524
70625	0.580
70675	0.576
70725	0.592
70775	0.588
70825	0.592
70875	0.524
70925	0.540
70975	0.544
71025	0.548
71075	0.536
71125	0.564
71175	0.560
71225	0.512
71275	0.496
71325	0.492
71375	0.520
71425	0.524
71475	0.536
71525	0.540
71575	0.544
71625	0.528
71675	0.536
71725	0.552
71775	0.552
71825	0.556
71875	0.524
71925	0.520
71975	0.528
72025	0.528
72075	0.512
72125	0.532
72175	0.544
72225	0.560
72275	0.584
72325	0.576
72375	0.556
72425	0.540
72475	0.520
72525	0.484
72575	0.512
72625	0.536
72675	0.540
72725	0.556
72775	0.564
72825	0.536
72875	0.532
72925	0.520
72975	0.464
73025	0.464
73075	0.476
73125	0.476
73175	0.492
73225	0.564
73275	0.608
73325	0.656
73375	0.700
73425	0.724
73475	0.700
73525	0.680
73575	0.604
73625	0.508
73675	0.500
73725	0.488
73775	0.484
73825	0.544
73875	0.616
73925	0.604
73975	0.624
74025	0.628
74075	0.632
74125	0.624
74175	0.628
74225	0.624
74275	0.636
74325	0.648
74375	0.656
74425	0.656
74475	0.664
74525	0.656
74575	0.644
74625	0.644
74675	0.616
74725	0.548
74775	0.488
74825	0.464
74875	0.436
74925	0.436
74975	0.472
75025	0.476
75075	0.432
75125	0.416
75175	0.408
75225	0.404
75275	0.436
75325	0.508
75375	0.556
75425	0.588
75475	0.592
75525	0.580
75575	0.540
75625	0.544
75675	0.540
75725	0.560
75775	0.588
75825	0.620
75875	0.616
75925	0.628
75975	0.632
76025	0.644
76075	0.640
76125	0.596
76175	0.584
76225	0.548
76275	0.492
76325	0.424
76375	0.432
76425	0.404
76475	0.396
76525	0.400
76575	0.436
76625	0.444
76675	0.500
76725	0.536
76775	0.544
76825	0.560
76875	0.556
76925	0.504
76975	0.492
77025	0.508
77075	0.484
77125	0.480
77175	0.484
77225	0.488
77275	0.504
77325	0.508
77375	0.464
77425	0.460
77475	0.456
77525	0.408
77575	0.428
77625	0.476
77675	0.480
77725	0.484
77775	0.516
77825	0.496
77875	0.500
77925	0.488
77975	0.468
78025	0.448
78075	0.476
78125	0.472
78175	0.496
78225	0.512
78275	0.528
78325	0.536
78375	0.520
78425	0.508
78475	0.508
78525	0.508
78575	0.480
78625	0.504
78675	0.500
78725	0.488
78775	0.480
78825	0.500
78875	0.488
78925	0.508
78975	0.528
79025	0.556
79075	0.536
79125	0.520
79175	0.524
79225	0.520
79275	0.512
79325	0.516
79375	0.532
79425	0.524
79475	0.492
79525	0.476
79575	0.476
79625	0.468
79675	0.440
79725	0.464
79775	0.468
79825	0.472
79875	0.472
79925	0.524
79975	0.516
80025	0.520
80075	0.524
80125	0.540
80175	0.512
80225	0.524
80275	0.524
80325	0.516
80375	0.496
80425	0.492
80475	0.488
80525	0.464
80575	0.464
80625	0.476
80675	0.460
80725	0.452
80775	0.476
80825	0.456
80875	0.452
80925	0.460
80975	0.448
81025	0.444
81075	0.444
81125	0.444
81175	0.456
81225	0.504
81275	0.484
81325	0.496
81375	0.524
81425	0.520
81475	0.464
81525	0.484
81575	0.472
81625	0.432
81675	0.428
81725	0.452
81775	0.456
81825	0.476
81875	0.496
81925	0.512
81975	0.504
82025	0.516
82075	0.500
82125	0.504
82175	0.488
82225	0.520
82275	0.500
82325	0.524
82375	0.524
82425	0.520
82475	0.516
82525	0.512
82575	0.500
82625	0.508
82675	0.516
82725	0.504
82775	0.544
82825	0.564
82875	0.568
82925	0.580
82975	0.580
83025	0.568
83075	0.532
83125	0.536
83175	0.524
83225	0.508
83275	0.456
83325	0.484
83375	0.444
83425	0.432
83475	0.444
83525	0.488
83575	0.504
83625	0.524
83675	0.524
83725	0.536
83775	0.524
83825	0.492
83875	0.484
83925	0.488
83975	0.496
84025	0.492
84075	0.480
84125	0.512
84175	0.532
84225	0.516
84275	0.512
84325	0.532
84375	0.536
84425	0.532
84475	0.540
84525	0.516
84575	0.496
84625	0.460
84675	0.468
84725	0.452
84775	0.476
84825	0.484
84875	0.480
84925	0.452
84975	0.460
85025	0.460
85075	0.464
85125	0.460
85175	0.472
85225	0.448
85275	0.460
85325	0.460
85375	0.460
85425	0.476
85475	0.492
85525	0.496
85575	0.508
85625	0.512
85675	0.492
85725	0.472
85775	0.480
85825	0.464
85875	0.484
85925	0.488
85975	0.524
86025	0.516
86075	0.524
86125	0.528
86175	0.548
86225	0.548
86275	0.544
86325	0.540
86375	0.504
86425	0.476
86475	0.460
86525	0.456
86575	0.484
86625	0.492
86675	0.504
86725	0.484
86775	0.464
86825	0.468
86875	0.480
86925	0.480
86975	0.508
87025	0.520
87075	0.508
87125	0.520
87175	0.536
87225	0.532
87275	0.568
87325	0.568
87375	0.592
87425	0.588
87475	0.620
87525	0.600
87575	0.600
87625	0.576
87675	0.572
87725	0.524
87775	0.520
87825	0.504
87875	0.484
87925	0.492
87975	0.512
88025	0.516
88075	0.532
88125	0.532
88175	0.516
88225	0.480
88275	0.492
88325	0.460
88375	0.472
88425	0.460
88475	0.524
88525	0.484
88575	0.484
88625	0.476
88675	0.460
88725	0.412
88775	0.424
88825	0.436
88875	0.428
88925	0.440
88975	0.476
89025	0.476
89075	0.468
89125	0.448
89175	0.436
89225	0.388
89275	0.376
89325	0.392
89375	0.428
89425	0.440
89475	0.452
89525	0.436
89575	0.424
89625	0.400
89675	0.412
89725	0.400
89775	0.448
89825	0.456
89875	0.476
89925	0.456
89975	0.480
90025	0.416
90075	0.440
90125	0.444
90175	0.452
90225	0.492
90275	0.564
90325	0.536
90375	0.532
90425	0.568
90475	0.548
90525	0.532
90575	0.532
90625	0.536
90675	0.524
90725	0.516
90775	0.484
90825	0.500
90875	0.520
90925	0.524
90975	0.516
91025	0.536
91075	0.528
91125	0.544
91175	0.560
91225	0.588
91275	0.604
91325	0.604
91375	0.564
91425	0.516
91475	0.468
91525	0.448
91575	0.428
91625	0.472
91675	0.476
91725	0.480
91775	0.492
91825	0.504
91875	0.468
91925	0.480
91975	0.484
92025	0.492
92075	0.480
92125	0.476
92175	0.476
92225	0.500
92275	0.488
92325	0.524
92375	0.512
92425	0.520
92475	0.472
92525	0.480
92575	0.436
92625	0.452
92675	0.424
92725	0.460
92775	0.464
92825	0.528
92875	0.548
92925	0.580
92975	0.596
93025	0.612
93075	0.600
93125	0.604
93175	0.596
93225	0.584
93275	0.548
93325	0.568
93375	0.568
93425	0.564
93475	0.584
93525	0.616
93575	0.576
93625	0.540
93675	0.548
93725	0.516
93775	0.516
93825	0.512
93875	0.544
93925	0.568
93975	0.584
94025	0.596
94075	0.612
94125	0.632
94175	0.616
94225	0.632
94275	0.620
94325	0.612
94375	0.572
94425	0.544
94475	0.508
94525	0.520
94575	0.500
94625	0.464
94675	0.472
94725	0.464
94775	0.424
94825	0.428
94875	0.448
94925	0.448
94975	0.448
95025	0.460
95075	0.492
95125	0.528
95175	0.568
95225	0.612
95275	0.588
95325	0.580
95375	0.540
95425	0.488
95475	0.472
95525	0.496
95575	0.476
95625	0.496
95675	0.524
95725	0.528
95775	0.536
95825	0.520
95875	0.516
95925	0.508
95975	0.504
96025	0.524
96075	0.548
96125	0.544
96175	0.536
96225	0.560
96275	0.560
96325	0.564
96375	0.592
96425	0.620
96475	0.620
96525	0.612
96575	0.644
96625	0.652
96675	0.640
96725	0.620
96775	0.624
96825	0.588
96875	0.552
96925	0.548
96975	0.544
97025	0.532
97075	0.552
97125	0.548
97175	0.568
97225	0.556
97275	0.556
97325	0.524
97375	0.536
97425	0.488
97475	0.500
97525	0.456
97575	0.464
97625	0.436
97675	0.488
97725	0.504
97775	0.568
97825	0.600
97875	0.672
97925	0.680
97975	0.684
98025	0.688
98075	0.700
98125	0.684
98175	0.672
98225	0.680
98275	0.668
98325	0.652
98375	0.632
98425	0.636
98475	0.628
98525	0.644
98575	0.648
98625	0.648
98675	0.632
98725	0.616
98775	0.560
98825	0.508
98875	0.516
98925	0.500
98975	0.472
99025	0.480
99075	0.480
99125	0.460
99175	0.476
99225	0.528
99275	0.520
99325	0.540
99375	0.536
99425	0.496
99475	0.448
99525	0.444
99575	0.436
99625	0.436
99675	0.468
99725	0.472
99775	0.516
99825	0.540
99875	0.556
99925	0.544
99975	0.572
100025	0.544
100075	0.524
100125	0.548
100175	0.528
100225	0.492
100275	0.508
100325	0.536
100375	0.520
100425	0.544
100475	0.532
100525	0.536
100575	0.564
100625	0.516
100675	0.520
100725	0.532
100775	0.520
100825	0.436
100875	0.468
100925	0.444
100975	0.472
101025	0.484
101075	0.532
101125	0.528
101175	0.528
101225	0.492
101275	0.480
101325	0.476
101375	0.488
101425	0.524
101475	0.556
101525	0.560
101575	0.536
101625	0.536
101675	0.520
101725	0.556
101775	0.584
101825	0.644
101875	0.668
101925	0.704
101975	0.684
102025	0.672
102075	0.616
102125	0.600
102175	0.568
102225	0.560
102275	0.536
102325	0.544
102375	0.512
102425	0.516
102475	0.508
102525	0.528
102575	0.524
102625	0.572
102675	0.576
102725	0.592
102775	0.608
102825	0.636
102875	0.616
102925	0.616
102975	0.600
103025	0.600
103075	0.624
103125	0.652
103175	0.668
103225	0.692
103275	0.688
103325	0.680
103375	0.664
103425	0.672
103475	0.668
103525	0.676
103575	0.684
103625	0.720
103675	0.744
103725	0.748
103775	0.732
103825	0.728
103875	0.700
103925	0.668
103975	0.656
104025	0.660
104075	0.644
104125	0.624
104175	0.576
104225	0.588
104275	0.592
104325	0.596
104375	0.612
104425	0.656
104475	0.644
104525	0.656
104575	0.640
104625	0.580
104675	0.568
104725	0.556
104775	0.488
104825	0.464
104875	0.476
104925	0.504
104975	0.464
105025	0.484
105075	0.488
105125	0.476
105175	0.424
105225	0.460
105275	0.464
105325	0.464
105375	0.500
105425	0.520
105475	0.552
105525	0.528
105575	0.516
105625	0.504
105675	0.492
105725	0.424
105775	0.448
105825	0.440
105875	0.412
105925	0.388
105975	0.420
106025	0.416
106075	0.456
106125	0.476
106175	0.524
106225	0.512
106275	0.476
106325	0.420
106375	0.412
106425	0.368
106475	0.360
106525	0.376
106575	0.412
106625	0.412
106675	0.432
106725	0.500
106775	0.552
106825	0.576
106875	0.612
106925	0.608
106975	0.552
107025	0.452
107075	0.392
107125	0.348
107175	0.336
107225	0.344
107275	0.384
107325	0.416
107375	0.424
107425	0.424
107475	0.420
107525	0.456
107575	0.460
107625	0.448
107675	0.448
107725	0.432
107775	0.388
107825	0.416
107875	0.484
107925	0.540
107975	0.608
108025	0.656
108075	0.672
108125	0.676
108175	0.656
108225	0.620
108275	0.636
108325	0.620
108375	0.604
108425	0.636
108475	0.628
108525	0.628
108575	0.608
108625	0.600
108675	0.584
108725	0.620
108775	0.612
108825	0.644
108875	0.644
108925	0.624
108975	0.612
109025	0.612
109075	0.592
109125	0.588
109175	0.608
109225	0.592
109275	0.600
109325	0.600
109375	0.620
109425	0.624
109475	0.640
109525	0.620
109575	0.628
109625	0.608
109675	0.588
109725	0.568
109775	0.556
109825	0.560
109875	0.548
109925	0.544
109975	0.568
110025	0.580
110075	0.552
110125	0.560
110175	0.584
110225	0.556
110275	0.584
110325	0.604
110375	0.636
110425	0.640
110475	0.652
110525	0.620
110575	0.608
110625	0.580
110675	0.556
110725	0.540
110775	0.544
110825	0.544
110875	0.528
110925	0.548
110975	0.572
111025	0.596
111075	0.616
111125	0.672
111175	0.668
111225	0.672
111275	0.648
111325	0.596
111375	0.552
111425	0.500
111475	0.492
111525	0.524
111575	0.572
111625	0.608
111675	0.672
111725	0.688
111775	0.632
111825	0.612
111875	0.560
111925	0.516
111975	0.504
112025	0.540
112075	0.560
112125	0.616
112175	0.636
112225	0.612
112275	0.584
112325	0.576
112375	0.568
112425	0.572
112475	0.608
112525	0.636
112575	0.652
112625	0.624
112675	0.588
112725	0.556
112775	0.512
112825	0.472
112875	0.448
112925	0.468
112975	0.460
113025	0.480
113075	0.488
113125	0.468
113175	0.468
113225	0.468
113275	0.496
113325	0.540
113375	0.576
113425	0.596
113475	0.636
113525	0.660
113575	0.664
113625	0.716
113675	0.700
113725	0.684
113775	0.684
113825	0.672
113875	0.652
113925	0.688
113975	0.732
114025	0.716
114075	0.700
114125	0.700
114175	0.684
114225	0.652
114275	0.644
114325	0.644
114375	0.632
114425	0.636
114475	0.624
114525	0.596
114575	0.580
114625	0.580
114675	0.560
114725	0.544
114775	0.556
114825	0.560
114875	0.560
114925	0.556
114975	0.564
115025	0.584
115075	0.588
115125	0.572
115175	0.556
115225	0.556
115275	0.548
115325	0.544
115375	0.552
115425	0.584
115475	0.604
115525	0.572
115575	0.592
115625	0.560
115675	0.528
115725	0.508
115775	0.516
115825	0.504
115875	0.524
115925	0.548
115975	0.548
116025	0.556
116075	0.560
116125	0.584
116175	0.556
116225	0.540
116275	0.544
116325	0.544
116375	0.520
116425	0.544
116475	0.564
116525	0.576
116575	0.580
116625	0.612
116675	0.596
116725	0.596
116775	0.576
116825	0.572
116875	0.576
116925	0.600
116975	0.596
117025	0.624
117075	0.608
117125	0.568
117175	0.572
117225	0.556
117275	0.544
117325	0.564
117375	0.560
117425	0.488
117475	0.520
117525	0.512
117575	0.492
117625	0.500
117675	0.548
117725	0.528
117775	0.544
117825	0.548
117875	0.584
117925	0.588
117975	0.632
118025	0.640
118075	0.648
118125	0.648
118175	0.652
118225	0.628
118275	0.632
118325	0.644
118375	0.616
118425	0.616
118475	0.592
118525	0.544
118575	0.484
118625	0.464
118675	0.436
118725	0.412
118775	0.448
118825	0.504
118875	0.524
118925	0.580
118975	0.624
119025	0.660
119075	0.680
119125	0.712
119175	0.716
119225	0.732
119275	0.708
119325	0.696
119375	0.692
119425	0.684
119475	0.668
119525	0.668
119575	0.672
119625	0.668
119675	0.664
119725	0.668
119775	0.628
119825	0.604
119875	0.576
119925	0.524
119975	0.504
120025	0.524
120075	0.520
120125	0.504
120175	0.524
120225	0.540
120275	0.528
120325	0.516
120375	0.544
120425	0.520
120475	0.480
120525	0.436
120575	0.452
120625	0.448
120675	0.500
120725	0.560
120775	0.644
120825	0.664
120875	0.672
120925	0.664
120975	0.648
121025	0.648
121075	0.640
121125	0.648
121175	0.644
121225	0.652
121275	0.648
121325	0.668
121375	0.676
121425	0.660
121475	0.652
121525	0.628
121575	0.608
121625	0.592
121675	0.612
121725	0.604
121775	0.620
121825	0.616
121875	0.624
121925	0.632
121975	0.656
122025	0.656
122075	0.664
122125	0.656
122175	0.644
122225	0.656
122275	0.664
122325	0.656
122375	0.632
122425	0.612
122475	0.580
122525	0.572
122575	0.588
122625	0.624
122675	0.668
122725	0.672
122775	0.668
122825	0.640
122875	0.656
122925	0.648
122975	0.636
123025	0.604
123075	0.644
123125	0.652
123175	0.644
123225	0.664
123275	0.712
123325	0.716
123375	0.692
123425	0.700
123475	0.688
123525	0.652
123575	0.624
123625	0.588
123675	0.564
123725	0.564
123775	0.576
123825	0.580
123875	0.608
123925	0.624
123975	0.628
124025	0.636
124075	0.636
124125	0.660
124175	0.676
124225	0.672
124275	0.676
124325	0.664
124375	0.616
124425	0.564
124475	0.496
124525	0.468
124575	0.416
124625	0.376
124675	0.364
124725	0.408
124775	0.392
124825	0.396
124875	0.412
124925	0.392
124975	0.380
125025	0.352
125075	0.356
125125	0.360
125175	0.388
125225	0.388
125275	0.412
125325	0.440
125375	0.440
125425	0.464
125475	0.488
125525	0.516
125575	0.552
125625	0.580
125675	0.600
125725	0.604
125775	0.652
125825	0.656
125875	0.680
125925	0.696
125975	0.716
126025	0.688
126075	0.668
126125	0.672
126175	0.656
126225	0.632
126275	0.620
126325	0.608
126375	0.596
126425	0.604
126475	0.616
126525	0.628
126575	0.664
126625	0.652
126675	0.648
126725	0.668
126775	0.644
126825	0.620
126875	0.620
126925	0.608
126975	0.564
127025	0.572
127075	0.552
127125	0.552
127175	0.564
127225	0.576
127275	0.584
127325	0.612
127375	0.608
127425	0.592
127475	0.584
127525	0.580
127575	0.588
127625	0.572
127675	0.540
127725	0.568
127775	0.580
127825	0.576
127875	0.572
127925	0.596
127975	0.568
128025	0.528
128075	0.472
128125	0.472
128175	0.468
128225	0.460
128275	0.460
128325	0.444
128375	0.464
128425	0.468
128475	0.476
128525	0.472
128575	0.476
128625	0.472
128675	0.484
128725	0.492
128775	0.512
128825	0.556
128875	0.564
128925	0.580
128975	0.568
129025	0.580
129075	0.572
129125	0.556
129175	0.556
129225	0.560
129275	0.544
129325	0.576
129375	0.576
129425	0.564
129475	0.584
129525	0.600
129575	0.584
129625	0.592
129675	0.580
129725	0.576
129775	0.584
129825	0.580
129875	0.576
129925	0.596
129975	0.572
130025	0.544
130075	0.556
130125	0.560
130175	0.536
130225	0.568
130275	0.556
130325	0.544
130375	0.568
130425	0.580
130475	0.580
130525	0.612
130575	0.640
130625	0.640
130675	0.640
130725	0.636
130775	0.632
130825	0.584
130875	0.532
130925	0.504
130975	0.480
131025	0.448
131075	0.444
131125	0.488
131175	0.476
131225	0.460
131275	0.456
131325	0.472
131375	0.440
131425	0.444
131475	0.448
131525	0.484
131575	0.508
131625	0.516
131675	0.536
131725	0.564
131775	0.592
131825	0.600
131875	0.624
131925	0.652
131975	0.692
132025	0.664
132075	0.656
132125	0.660
132175	0.628
132225	0.596
132275	0.628
132325	0.640
132375	0.612
132425	0.608
132475	0.572
132525	0.540
132575	0.504
132625	0.512
132675	0.520
132725	0.528
132775	0.508
132825	0.500
132875	0.516
132925	0.532
132975	0.552
133025	0.584
133075	0.584
133125	0.544
133175	0.544
133225	0.528
133275	0.496
133325	0.504
133375	0.516
133425	0.516
133475	0.528
133525	0.544
133575	0.536
133625	0.556
133675	0.556
133725	0.552
133775	0.548
133825	0.580
133875	0.580
133925	0.564
133975	0.580
134025	0.572
134075	0.552
134125	0.544
134175	0.564
134225	0.520
134275	0.496
134325	0.508
134375	0.496
134425	0.452
134475	0.472
134525	0.484
134575	0.480
134625	0.468
134675	0.504
134725	0.540
134775	0.580
134825	0.576
134875	0.584
134925	0.596
134975	0.580
135025	0.568
135075	0.600
135125	0.648
135175	0.652
135225	0.628
135275	0.616
135325	0.580
135375	0.536
135425	0.464
135475	0.452
135525	0.448
135575	0.424
135625	0.408
135675	0.452
135725	0.464
135775	0.460
135825	0.448
135875	0.468
135925	0.476
135975	0.476
136025	0.464
136075	0.488
136125	0.504
136175	0.516
136225	0.524
136275	0.524
136325	0.508
136375	0.456
136425	0.420
136475	0.420
136525	0.472
136575	0.504
136625	0.548
136675	0.584
136725	0.608
136775	0.612
136825	0.648
136875	0.660
136925	0.676
136975	0.680
137025	0.660
137075	0.624
137125	0.628
137175	0.624
137225	0.616
137275	0.624
137325	0.652
137375	0.664
137425	0.672
137475	0.664
137525	0.676
137575	0.672
137625	0.640
137675	0.584
137725	0.580
137775	0.528
137825	0.488
137875	0.476
137925	0.496
137975	0.476
138025	0.476
138075	0.468
138125	0.468
138175	0.476
138225	0.504
138275	0.504
138325	0.524
138375	0.520
138425	0.508
138475	0.504
138525	0.548
138575	0.560
138625	0.576
138675	0.580
138725	0.564
138775	0.536
138825	0.508
138875	0.508
138925	0.512
138975	0.504
139025	0.492
139075	0.508
139125	0.508
139175	0.488
139225	0.464
139275	0.480
139325	0.484
139375	0.492
139425	0.476
139475	0.460
139525	0.456
139575	0.464
139625	0.452
139675	0.472
139725	0.536
139775	0.516
139825	0.468
139875	0.504
139925	0.540
139975	0.556
140025	0.592
140075	0.624
140125	0.612
140175	0.620
140225	0.580
140275	0.592
140325	0.584
140375	0.532
140425	0.472
140475	0.500
140525	0.436
140575	0.452
140625	0.480
140675	0.484
140725	0.484
140775	0.540
140825	0.524
140875	0.544
140925	0.536
140975	0.524
141025	0.496
141075	0.504
141125	0.468
141175	0.444
141225	0.432
141275	0.436
141325	0.444
141375	0.496
141425	0.548
141475	0.580
141525	0.624
141575	0.596
141625	0.556
141675	0.568
141725	0.572
141775	0.544
141825	0.560
141875	0.580
141925	0.604
141975	0.576
142025	0.560
142075	0.588
142125	0.596
142175	0.576
142225	0.608
142275	0.620
142325	0.628
142375	0.604
142425	0.596
142475	0.556
142525	0.536
142575	0.484
142625	0.472
142675	0.468
142725	0.488
142775	0.524
142825	0.556
142875	0.608
142925	0.648
142975	0.652
143025	0.648
143075	0.672
143125	0.680
143175	0.676
143225	0.672
143275	0.668
143325	0.672
143375	0.668
143425	0.636
143475	0.640
143525	0.616
143575	0.576
143625	0.500
143675	0.444
143725	0.412
143775	0.420
143825	0.412
143875	0.440
143925	0.500
143975	0.524
144025	0.520
144075	0.544
144125	0.536
144175	0.552
144225	0.544
144275	0.552
144325	0.532
144375	0.556
144425	0.528
144475	0.540
144525	0.536
144575	0.540
144625	0.544
144675	0.528
144725	0.520
144775	0.520
144825	0.508
144875	0.488
144925	0.508
144975	0.492
145025	0.476
145075	0.500
145125	0.508
145175	0.524
145225	0.532
145275	0.548
145325	0.560
145375	0.580
145425	0.556
145475	0.556
145525	0.580
145575	0.568
145625	0.548
145675	0.548
145725	0.576
145775	0.532
145825	0.536
145875	0.532
145925	0.540
145975	0.516
146025	0.520
146075	0.508
146125	0.536
146175	0.540
146225	0.536
146275	0.544
146325	0.544
146375	0.524
146425	0.532
146475	0.516
146525	0.540
146575	0.576
146625	0.560
146675	0.548
146725	0.572
146775	0.564
146825	0.528
146875	0.552
146925	0.556
146975	0.560
147025	0.540
147075	0.528
147125	0.508
147175	0.508
147225	0.488
147275	0.492
147325	0.504
147375	0.516
147425	0.548
147475	0.564
147525	0.564
147575	0.508
147625	0.488
147675	0.404
147725	0.372
147775	0.312
147825	0.280
147875	0.224
147925	0.192
147975	0.152
148025	0.152
148075	0.168
148125	0.188
148175	0.192
148225	0.172
148275	0.168
148325	0.176
148375	0.164
148425	0.164
148475	0.184
148525	0.204
148575	0.224
148625	0.232
148675	0.224
148725	0.216
148775	0.180
148825	0.160
148875	0.132
148925	0.144
148975	0.140
149025	0.164
149075	0.156
149125	0.184
149175	0.180
149225	0.188
149275	0.196
149325	0.216
149375	0.212
149425	0.236
149475	0.228
149525	0.240
149575	0.208
149625	0.200
149675	0.176
149725	0.224
149775	0.200
149825	0.212
149875	0.240
149925	0.240
149975	0.196
150025	0.188
150075	0.172
150125	0.148
150175	0.152
150225	0.164
150275	0.172
150325	0.196
150375	0.200
150425	0.196
150475	0.196
150525	0.204
150575	0.200
150625	0.188
150675	0.200
150725	0.180
150775	0.188
150825	0.200
150875	0.228
150925	0.216
150975	0.236
151025	0.224
151075	0.216
151125	0.184
151175	0.204
151225	0.208
151275	0.216
151325	0.200
151375	0.216
151425	0.208
151475	0.212
151525	0.188
151575	0.212
151625	0.196
151675	0.192
151725	0.184
151775	0.208
151825	0.200
151875	0.228
151925	0.212
151975	0.216
152025	0.204
152075	0.208
152125	0.180
152175	0.200
152225	0.200
152275	0.204
152325	0.208
152375	0.236
152425	0.220
152475	0.212
152525	0.220
152575	0.208
152625	0.180
152675	0.192
152725	0.212
152775	0.280
152825	0.364
152875	0.436
152925	0.484
152975	0.528
153025	0.520
153075	0.512
153125	0.540
153175	0.584
153225	0.628
153275	0.636
153325	0.616
153375	0.596
153425	0.572
153475	0.536
153525	0.528
153575	0.504
153625	0.508
153675	0.492
153725	0.516
153775	0.500
153825	0.520
153875	0.500
153925	0.496
153975	0.436
154025	0.452
154075	0.472
154125	0.484
154175	0.504
154225	0.536
154275	0.532
154325	0.528
154375	0.564
154425	0.600
154475	0.628
154525	0.632
154575	0.616
154625	0.588
154675	0.544
154725	0.496
154775	0.512
154825	0.524
154875	0.528
154925	0.528
154975	0.572
155025	0.536
155075	0.532
155125	0.524
155175	0.520
155225	0.520
155275	0.548
155325	0.584
155375	0.612
155425	0.648
155475	0.636
155525	0.648
155575	0.660
155625	0.644
155675	0.608
155725	0.572
155775	0.560
155825	0.520
155875	0.460
155925	0.388
155975	0.352
156025	0.288
156075	0.220
156125	0.188
156175	0.176
156225	0.164
156275	0.184
156325	0.216
156375	0.220
156425	0.236
156475	0.244
156525	0.212
156575	0.176
156625	0.180
156675	0.236
156725	0.256
156775	0.256
156825	0.308
156875	0.320
156925	0.272
156975	0.292
157025	0.292
157075	0.244
157125	0.244
157175	0.260
157225	0.216
157275	0.236
157325	0.268
157375	0.276
157425	0.256
157475	0.240
157525	0.240
157575	0.204
157625	0.204
157675	0.204
157725	0.216
157775	0.180
157825	0.176
157875	0.172
157925	0.192
157975	0.208
158025	0.244
158075	0.248
158125	0.228
158175	0.232
158225	0.212
158275	0.192
158325	0.180
158375	0.228
158425	0.216
158475	0.236
158525	0.228
158575	0.244
158625	0.196
158675	0.176
158725	0.160
158775	0.188
158825	0.176
158875	0.172
158925	0.180
158975	0.172
159025	0.120
159075	0.112
159125	0.116
159175	0.124
159225	0.180
159275	0.244
159325	0.308
159375	0.396
159425	0.452
159475	0.504
159525	0.548
159575	0.556
159625	0.564
159675	0.560
159725	0.540
159775	0.524
159825	0.540
159875	0.516
159925	0.532
159975	0.556
160025	0.580
160075	0.592
160125	0.616
160175	0.636
160225	0.588
160275	0.596
160325	0.584
160375	0.568
160425	0.556
160475	0.592
160525	0.576
160575	0.596
160625	0.588
160675	0.584
160725	0.544
160775	0.516
160825	0.492
160875	0.492
160925	0.496
160975	0.508
161025	0.524
161075	0.516
161125	0.512
161175	0.504
161225	0.512
161275	0.516
161325	0.528
161375	0.552
161425	0.568
161475	0.560
161525	0.580
161575	0.596
161625	0.584
161675	0.584
161725	0.608
161775	0.600
161825	0.580
161875	0.600
161925	0.600
161975	0.584
162025	0.584
162075	0.592
162125	0.580
162175	0.568
162225	0.600
162275	0.584
162325	0.588
162375	0.572
162425	0.572
162475	0.552
162525	0.564
162575	0.564
162625	0.584
162675	0.580
162725	0.580
162775	0.556
162825	0.564
162875	0.552
162925	0.556
162975	0.560
163025	0.604
163075	0.596
163125	0.564
163175	0.568
163225	0.560
163275	0.512
163325	0.520
163375	0.512
163425	0.488
163475	0.460
163525	0.456
163575	0.420
163625	0.432
163675	0.420
163725	0.436
163775	0.428
163825	0.412
163875	0.444
163925	0.464
163975	0.480
164025	0.508
164075	0.560
164125	0.544
164175	0.548
164225	0.524
164275	0.520
164325	0.512
164375	0.504
164425	0.520
164475	0.536
164525	0.548
164575	0.544
164625	0.568
164675	0.572
164725	0.612
164775	0.616
164825	0.604
164875	0.568
164925	0.556
164975	0.528
165025	0.504
165075	0.528
165125	0.544
165175	0.540
165225	0.532
165275	0.544
165325	0.528
165375	0.568
165425	0.596
165475	0.572
165525	0.580
165575	0.592
165625	0.564
165675	0.540
165725	0.580
165775	0.568
165825	0.536
165875	0.528
165925	0.524
165975	0.500
166025	0.524
166075	0.540
166125	0.548
166175	0.544
166225	0.524
166275	0.504
166325	0.476
166375	0.488
166425	0.476
166475	0.484
166525	0.476
166575	0.508
166625	0.476
166675	0.476
166725	0.472
166775	0.500
166825	0.500
166875	0.532
166925	0.540
166975	0.564
167025	0.536
167075	0.536
167125	0.524
167175	0.516
167225	0.512
167275	0.532
167325	0.528
167375	0.524
167425	0.548
167475	0.528
167525	0.512
167575	0.520
167625	0.500
167675	0.496
167725	0.496
167775	0.484
167825	0.476
167875	0.468
167925	0.472
167975	0.508
168025	0.532
168075	0.540
168125	0.592
168175	0.588
168225	0.560
168275	0.560
168325	0.556
168375	0.544
168425	0.548
168475	0.552
168525	0.532
168575	0.532
168625	0.512
168675	0.500
168725	0.500
168775	0.504
168825	0.500
168875	0.512
168925	0.504
168975	0.508
169025	0.508
169075	0.500
169125	0.500
169175	0.520
169225	0.508
169275	0.512
169325	0.524
169375	0.508
169425	0.492
169475	0.512
169525	0.516
169575	0.508
169625	0.524
169675	0.536
169725	0.524
169775	0.532
169825	0.552
169875	0.524
169925	0.508
169975	0.516
170025	0.500
170075	0.484
170125	0.476
170175	0.460
170225	0.440
170275	0.420
170325	0.404
170375	0.396
170425	0.392
170475	0.428
170525	0.484
170575	0.504
170625	0.560
170675	0.608
170725	0.620
170775	0.600
170825	0.612
170875	0.600
170925	0.620
170975	0.608
171025	0.604
171075	0.608
171125	0.628
171175	0.624
171225	0.652
171275	0.660
171325	0.652
171375	0.628
171425	0.612
171475	0.600
171525	0.584
171575	0.580
171625	0.604
171675	0.584
171725	0.564
171775	0.552
171825	0.568
171875	0.564
171925	0.592
171975	0.576
172025	0.584
172075	0.548
172125	0.540
172175	0.524
172225	0.544
172275	0.544
172325	0.592
172375	0.576
172425	0.560
172475	0.568
172525	0.564
172575	0.552
172625	0.576
172675	0.596
172725	0.572
172775	0.584
172825	0.548
172875	0.552
172925	0.552
172975	0.552
173025	0.564
173075	0.592
173125	0.576
173175	0.592
173225	0.608
173275	0.596
173325	0.580
173375	0.584
173425	0.576
173475	0.568
173525	0.576
173575	0.568
173625	0.560
173675	0.520
173725	0.512
173775	0.508
173825	0.524
173875	0.496
173925	0.504
173975	0.500
174025	0.496
174075	0.468
174125	0.480
174175	0.516
174225	0.512
174275	0.504
174325	0.512
174375	0.520
174425	0.480
174475	0.448
174525	0.436
174575	0.432
174625	0.400
174675	0.416
174725	0.452
174775	0.452
174825	0.444
174875	0.472
174925	0.444
174975	0.432
175025	0.448
175075	0.472
175125	0.476
175175	0.516
175225	0.556
175275	0.560
175325	0.568
175375	0.596
175425	0.576
175475	0.524
175525	0.528
175575	0.552
175625	0.544
175675	0.572
175725	0.604
175775	0.616
175825	0.604
175875	0.628
175925	0.624
175975	0.604
176025	0.596
176075	0.572
176125	0.508
176175	0.472
176225	0.456
176275	0.420
176325	0.412
176375	0.444
176425	0.484
176475	0.524
176525	0.548
176575	0.544
176625	0.528
176675	0.524
176725	0.540
176775	0.580
176825	0.608
176875	0.636
176925	0.612
176975	0.572
177025	0.508
177075	0.488
177125	0.448
177175	0.432
177225	0.448
177275	0.460
177325	0.452
177375	0.440
177425	0.444
177475	0.412
177525	0.416
177575	0.416
177625	0.440
177675	0.468
177725	0.500
177775	0.560
177825	0.588
177875	0.604
177925	0.632
177975	0.648
178025	0.608
178075	0.600
178125	0.616
178175	0.580
178225	0.552
178275	0.556
178325	0.544
178375	0.532
178425	0.532
178475	0.556
178525	0.552
178575	0.560
178625	0.564
178675	0.564
178725	0.564
178775	0.544
178825	0.548
178875	0.548
178925	0.544
178975	0.564
179025	0.584
179075	0.596
179125	0.596
179175	0.604
179225	0.592
179275	0.588
179325	0.584
179375	0.560
179425	0.552
179475	0.532
179525	0.548
179575	0.548
179625	0.584
179675	0.588
179725	0.604
179775	0.564
179825	0.552
179875	0.508
179925	0.504
179975	0.516
180025	0.572
180075	0.548
180125	0.568
180175	0.528
180225	0.500
180275	0.464
180325	0.512
180375	0.504
180425	0.540
180475	0.548
180525	0.544
180575	0.540
180625	0.540
180675	0.544
180725	0.560
180775	0.580
180825	0.584
180875	0.628
180925	0.648
180975	0.636
181025	0.632
181075	0.632
181125	0.592
181175	0.600
181225	0.612
181275	0.604
181325	0.584
181375	0.560
181425	0.516
181475	0.476
181525	0.464
181575	0.432
181625	0.456
181675	0.472
181725	0.464
181775	0.456
181825	0.456
181875	0.484
181925	0.532
181975	0.568
182025	0.604
182075	0.636
182125	0.600
182175	0.540
182225	0.512
182275	0.472
182325	0.472
182375	0.476
182425	0.448
182475	0.452
182525	0.456
182575	0.456
182625	0.480
182675	0.532
182725	0.552
182775	0.596
182825	0.596
182875	0.584
182925	0.612
182975	0.612
183025	0.576
183075	0.596
183125	0.600
183175	0.572
183225	0.572
183275	0.584
183325	0.588
183375	0.580
183425	0.576
183475	0.576
183525	0.604
183575	0.596
183625	0.612
183675	0.616
183725	0.620
183775	0.616
183825	0.588
183875	0.556
183925	0.564
183975	0.548
184025	0.500
184075	0.476
184125	0.504
184175	0.476
184225	0.476
184275	0.468
184325	0.504
184375	0.504
184425	0.544
184475	0.568
184525	0.616
184575	0.628
184625	0.640
184675	0.608
184725	0.580
184775	0.576
184825	0.588
184875	0.564
184925	0.568
184975	0.592
185025	0.584
185075	0.576
185125	0.600
185175	0.592
185225	0.600
185275	0.628
185325	0.628
185375	0.612
185425	0.652
185475	0.628
185525	0.604
185575	0.572
185625	0.588
185675	0.548
185725	0.560
185775	0.548
185825	0.564
185875	0.536
185925	0.548
185975	0.540
186025	0.552
186075	0.540
186125	0.544
186175	0.556
186225	0.572
186275	0.568
186325	0.576
186375	0.596
186425	0.564
186475	0.540
186525	0.544
186575	0.560
186625	0.564
186675	0.584
186725	0.600
186775	0.600
186825	0.588
186875	0.568
186925	0.572
186975	0.564
187025	0.560
187075	0.552
187125	0.556
187175	0.540
187225	0.548
187275	0.544
187325	0.544
187375	0.548
187425	0.572
187475	0.576
187525	0.576
187575	0.588
187625	0.596
187675	0.600
187725	0.588
187775	0.584
187825	0.576
187875	0.568
187925	0.540
187975	0.520
188025	0.476
188075	0.488
188125	0.472
188175	0.476
188225	0.492
188275	0.552
188325	0.572
188375	0.624
188425	0.652
188475	0.688
188525	0.700
188575	0.720
188625	0.724
188675	0.716
188725	0.716
188775	0.736
188825	0.728
188875	0.728
188925	0.736
188975	0.712
189025	0.704
189075	0.656
189125	0.612
189175	0.604
189225	0.572
189275	0.528
189325	0.504
189375	0.488
189425	0.460
189475	0.476
189525	0.476
189575	0.532
189625	0.552
189675	0.552
189725	0.532
189775	0.496
189825	0.464
189875	0.428
189925	0.420
189975	0.392
190025	0.452
190075	0.420
190125	0.440
190175	0.444
190225	0.496
190275	0.464
190325	0.528
190375	0.528
190425	0.540
190475	0.508
190525	0.548
190575	0.536
190625	0.556
190675	0.560
190725	0.616
190775	0.616
190825	0.616
190875	0.636
190925	0.676
190975	0.672
191025	0.684
191075	0.700
191125	0.676
191175	0.664
191225	0.648
191275	0.624
191325	0.604
191375	0.604
191425	0.564
191475	0.596
191525	0.600
191575	0.620
191625	0.616
191675	0.640
191725	0.612
191775	0.600
191825	0.580
191875	0.584
191925	0.580
191975	0.572
192025	0.576
192075	0.568
192125	0.560
192175	0.568
192225	0.548
192275	0.568
192325	0.588
192375	0.616
192425	0.604
192475	0.628
192525	0.632
192575	0.624
192625	0.604
192675	0.632
192725	0.644
192775	0.620
192825	0.616
192875	0.584
192925	0.544
192975	0.532
193025	0.536
193075	0.544
193125	0.568
193175	0.572
193225	0.568
193275	0.576
193325	0.560
193375	0.548
193425	0.516
193475	0.540
193525	0.540
193575	0.548
193625	0.584
193675	0.628
193725	0.636
193775	0.608
193825	0.612
193875	0.628
193925	0.656
193975	0.664
194025	0.688
194075	0.664
194125	0.632
194175	0.592
194225	0.540
194275	0.508
194325	0.480
194375	0.444
194425	0.424
194475	0.412
194525	0.384
194575	0.400
194625	0.412
194675	0.456
194725	0.492
194775	0.548
194825	0.596
194875	0.628
194925	0.608
194975	0.600
195025	0.588
195075	0.572
195125	0.576
195175	0.596
195225	0.604
195275	0.628
195325	0.644
195375	0.644
195425	0.640
195475	0.624
195525	0.604
195575	0.592
195625	0.552
195675	0.560
195725	0.572
195775	0.588
195825	0.592
195875	0.620
195925	0.620
195975	0.616
196025	0.612
196075	0.616
196125	0.608
196175	0.588
196225	0.592
196275	0.564
196325	0.560
196375	0.544
196425	0.548
196475	0.552
196525	0.588
196575	0.560
196625	0.564
196675	0.560
196725	0.544
196775	0.536
196825	0.540
196875	0.600
196925	0.624
196975	0.648
197025	0.672
197075	0.704
197125	0.668
197175	0.632
197225	0.620
197275	0.576
197325	0.556
197375	0.548
197425	0.556
197475	0.552
197525	0.560
197575	0.608
197625	0.624
197675	0.664
197725	0.688
197775	0.684
197825	0.620
197875	0.628
197925	0.584
197975	0.552
198025	0.552
198075	0.556
198125	0.508
198175	0.492
198225	0.456
198275	0.464
198325	0.476
198375	0.484
198425	0.500
198475	0.552
198525	0.588
198575	0.616
198625	0.648
198675	0.684
198725	0.704
198775	0.688
198825	0.680
198875	0.676
198925	0.664
198975	0.648
199025	0.632
199075	0.640
199125	0.636
199175	0.652
199225	0.640
199275	0.640
199325	0.624
199375	0.628
199425	0.584
199475	0.596
199525	0.604
199575	0.584
199625	0.568
199675	0.604
199725	0.624
199775	0.616
199825	0.616
199875	0.600
199925	0.576
199975	0.540
200025	0.532
200075	0.536
200125	0.544
200175	0.536
200225	0.520
200275	0.516
200325	0.520
200375	0.508
200425	0.504
200475	0.520
200525	0.504
200575	0.496
200625	0.492
200675	0.488
200725	0.468
200775	0.472
200825	0.468
200875	0.500
200925	0.492
200975	0.512
201025	0.516
201075	0.508
201125	0.496
201175	0.500
201225	0.480
201275	0.492
201325	0.496
201375	0.492
201425	0.520
201475	0.532
201525	0.536
201575	0.540
201625	0.544
201675	0.508
201725	0.492
201775	0.464
201825	0.460
201875	0.428
201925	0.444
201975	0.424
202025	0.456
202075	0.468
202125	0.516
202175	0.544
202225	0.592
202275	0.588
202325	0.632
202375	0.644
202425	0.616
202475	0.632
202525	0.644
202575	0.612
202625	0.600
202675	0.612
202725	0.588
202775	0.596
202825	0.612
202875	0.612
202925	0.640
202975	0.652
203025	0.640
203075	0.612
203125	0.604
203175	0.572
203225	0.560
203275	0.520
203325	0.532
203375	0.508
203425	0.504
203475	0.480
203525	0.508
203575	0.476
203625	0.496
203675	0.516
203725	0.544
203775	0.556
203825	0.596
203875	0.584
203925	0.572
203975	0.576
204025	0.564
204075	0.572
204125	0.588
204175	0.592
204225	0.592
204275	0.600
204325	0.564
204375	0.560
204425	0.548
204475	0.540
204525	0.532
204575	0.560
204625	0.572
204675	0.608
204725	0.620
204775	0.612
204825	0.592
204875	0.600
204925	0.604
204975	0.632
205025	0.652
205075	0.636
205125	0.624
205175	0.604
205225	0.584
205275	0.588
205325	0.600
205375	0.580
205425	0.552
205475	0.540
205525	0.544
205575	0.548
205625	0.552
205675	0.556
205725	0.532
205775	0.508
205825	0.512
205875	0.500
205925	0.500
205975	0.516
206025	0.516
206075	0.524
206125	0.524
206175	0.516
206225	0.512
206275	0.492
206325	0.480
206375	0.496
206425	0.516
206475	0.540
206525	0.556
206575	0.504
206625	0.520
206675	0.524
206725	0.532
206775	0.536
206825	0.580
206875	0.568
206925	0.560
206975	0.548
207025	0.560
207075	0.592
207125	0.616
207175	0.620
207225	0.648
207275	0.672
207325	0.668
207375	0.668
207425	0.680
207475	0.660
207525	0.636
207575	0.608
207625	0.576
207675	0.564
207725	0.544
207775	0.536
207825	0.536
207875	0.548
207925	0.524
207975	0.544
208025	0.540
208075	0.536
208125	0.536
208175	0.540
208225	0.536
208275	0.556
208325	0.556
208375	0.544
208425	0.560
208475	0.544
208525	0.504
208575	0.504
208625	0.524
208675	0.528
208725	0.516
208775	0.524
208825	0.532
208875	0.504
208925	0.484
208975	0.472
209025	0.468
209075	0.468
209125	0.476
209175	0.472
209225	0.476
209275	0.448
209325	0.424
209375	0.424
209425	0.416
209475	0.400
209525	0.412
209575	0.428
209625	0.456
209675	0.492
209725	0.540
209775	0.592
209825	0.636
209875	0.652
209925	0.668
209975	0.672
210025	0.656
210075	0.648
210125	0.600
210175	0.576
210225	0.580
210275	0.560
210325	0.540
210375	0.560
210425	0.576
210475	0.564
210525	0.612
210575	0.612
210625	0.620
210675	0.608
210725	0.616
210775	0.600
210825	0.604
210875	0.576
210925	0.576
210975	0.560
211025	0.560
211075	0.572
211125	0.600
211175	0.604
211225	0.632
211275	0.624
211325	0.612
211375	0.592
211425	0.604
211475	0.548
211525	0.528
211575	0.504
211625	0.508
211675	0.480
211725	0.528
211775	0.552
211825	0.572
211875	0.568
211925	0.592
211975	0.560
212025	0.544
212075	0.540
212125	0.540
212175	0.524
212225	0.536
212275	0.532
212325	0.540
212375	0.556
212425	0.564
212475	0.540
212525	0.544
212575	0.516
212625	0.496
212675	0.464
212725	0.468
212775	0.452
212825	0.508
212875	0.508
212925	0.524
212975	0.496
213025	0.500
213075	0.464
213125	0.492
213175	0.492
213225	0.504
213275	0.512
213325	0.532
213375	0.528
213425	0.548
213475	0.584
213525	0.580
213575	0.560
213625	0.556
213675	0.560
213725	0.568
213775	0.584
213825	0.592
213875	0.600
213925	0.588
213975	0.580
214025	0.576
214075	0.552
214125	0.524
214175	0.520
214225	0.532
214275	0.532
214325	0.560
214375	0.568
214425	0.576
214475	0.588
214525	0.592
214575	0.600
214625	0.612
214675	0.588
214725	0.580
214775	0.576
214825	0.596
214875	0.600
214925	0.664
214975	0.680
215025	0.696
215075	0.664
215125	0.660
215175	0.636
215225	0.640
215275	0.616
215325	0.620
215375	0.608
215425	0.588
215475	0.540
215525	0.564
215575	0.552
215625	0.576
215675	0.584
215725	0.612
215775	0.616
215825	0.628
215875	0.604
215925	0.580
215975	0.548
216025	0.544
216075	0.552
216125	0.572
216175	0.604
216225	0.644
216275	0.652
216325	0.660
216375	0.632
216425	0.608
216475	0.560
216525	0.512
216575	0.460
216625	0.476
216675	0.496
216725	0.528
216775	0.560
216825	0.568
216875	0.560
216925	0.528
216975	0.492
217025	0.464
217075	0.468
217125	0.420
217175	0.420
217225	0.440
217275	0.452
217325	0.456
217375	0.520
217425	0.536
217475	0.552
217525	0.596
217575	0.624
217625	0.616
217675	0.652
217725	0.660
217775	0.628
217825	0.624
217875	0.612
217925	0.564
217975	0.544
218025	0.564
218075	0.556
218125	0.556
218175	0.556
218225	0.564
218275	0.548
218325	0.540
218375	0.544
218425	0.568
218475	0.564
218525	0.560
218575	0.576
218625	0.580
218675	0.572
218725	0.592
218775	0.588
218825	0.576
218875	0.580
218925	0.592
218975	0.576
219025	0.588
219075	0.568
219125	0.572
219175	0.552
219225	0.552
219275	0.532
219325	0.572
219375	0.568
219425	0.588
219475	0.596
219525	0.616
219575	0.580
219625	0.548
219675	0.528
219725	0.520
219775	0.492
219825	0.504
219875	0.544
219925	0.552
219975	0.564
220025	0.588
220075	0.592
220125	0.588
220175	0.592
220225	0.580
220275	0.576
220325	0.568
220375	0.560
220425	0.568
220475	0.576
220525	0.580
220575	0.604
220625	0.592
220675	0.580
220725	0.540
220775	0.524
220825	0.492
220875	0.460
220925	0.444
220975	0.456
221025	0.452
221075	0.460
221125	0.480
221175	0.464
221225	0.428
221275	0.432
221325	0.412
221375	0.436
221425	0.484
221475	0.568
221525	0.592
221575	0.652
221625	0.660
221675	0.664
221725	0.676
221775	0.700
221825	0.700
221875	0.696
221925	0.676
221975	0.640
222025	0.604
222075	0.516
222125	0.492
222175	0.472
222225	0.428
222275	0.396
222325	0.380
222375	0.316
222425	0.272
222475	0.228
222525	0.188
222575	0.208
222625	0.236
222675	0.212
222725	0.212
222775	0.204
222825	0.188
222875	0.168
222925	0.180
222975	0.184
223025	0.192
223075	0.192
223125	0.188
223175	0.160
223225	0.156
223275	0.160
223325	0.148
223375	0.136
223425	0.164
223475	0.168
223525	0.148
223575	0.156
223625	0.164
223675	0.164
223725	0.156
223775	0.168
223825	0.172
223875	0.184
223925	0.188
223975	0.192
224025	0.180
224075	0.168
224125	0.164
224175	0.176
224225	0.216
224275	0.244
224325	0.248
224375	0.248
224425	0.240
224475	0.212
224525	0.184
224575	0.200
224625	0.220
224675	0.264
224725	0.352
224775	0.448
224825	0.512
224875	0.560
224925	0.592
224975	0.600
225025	0.592
225075	0.588
225125	0.564
225175	0.548
225225	0.516
225275	0.520
225325	0.492
225375	0.544
225425	0.532
225475	0.512
225525	0.500
225575	0.528
225625	0.500
225675	0.488
225725	0.520
225775	0.524
225825	0.512
225875	0.512
225925	0.528
225975	0.500
226025	0.500
226075	0.512
226125	0.512
226175	0.524
226225	0.548
226275	0.536
226325	0.536
226375	0.536
226425	0.548
226475	0.544
226525	0.556
226575	0.564
226625	0.568
226675	0.560
226725	0.568
226775	0.576
226825	0.596
226875	0.568
226925	0.572
226975	0.544
227025	0.532
227075	0.488
227125	0.492
227175	0.460
227225	0.464
227275	0.464
227325	0.464
227375	0.488
227425	0.504
227475	0.524
227525	0.564
227575	0.576
227625	0.568
227675	0.576
227725	0.552
227775	0.508
227825	0.500
227875	0.488
227925	0.488
227975	0.508
228025	0.524
228075	0.532
228125	0.544
228175	0.548
228225	0.544
228275	0.540
228325	0.532
228375	0.544
228425	0.548
228475	0.544
228525	0.524
228575	0.548
228625	0.520
228675	0.496
228725	0.508
228775	0.516
228825	0.504
228875	0.524
228925	0.536
228975	0.528
229025	0.500
229075	0.476
229125	0.468
229175	0.476
229225	0.484
229275	0.520
229325	0.528
229375	0.524
229425	0.512
229475	0.472
229525	0.464
229575	0.456
229625	0.456
229675	0.448
229725	0.472
229775	0.476
229825	0.492
229875	0.500
229925	0.532
229975	0.556
230025	0.556
230075	0.524
230125	0.528
230175	0.504
230225	0.476
230275	0.448
230325	0.456
230375	0.420
230425	0.412
230475	0.452
230525	0.464
230575	0.448
230625	0.480
230675	0.488
230725	0.440
230775	0.428
230825	0.464
230875	0.436
230925	0.404
230975	0.424
231025	0.444
231075	0.444
231125	0.464
231175	0.492
231225	0.500
231275	0.512
231325	0.508
231375	0.520
231425	0.524
231475	0.504
231525	0.496
231575	0.516
231625	0.516
231675	0.484
231725	0.488
231775	0.504
231825	0.480
231875	0.476
231925	0.524
231975	0.564
232025	0.544
232075	0.556
232125	0.548
232175	0.552
232225	0.524
232275	0.512
232325	0.520
232375	0.532
232425	0.500
232475	0.480
232525	0.500
232575	0.472
232625	0.452
232675	0.472
232725	0.476
232775	0.488
232825	0.492
232875	0.508
232925	0.504
232975	0.512
233025	0.496
233075	0.488
233125	0.492
233175	0.516
233225	0.528
233275	0.556
233325	0.592
233375	0.592
233425	0.544
233475	0.528
233525	0.504
233575	0.528
233625	0.512
233675	0.508
233725	0.500
233775	0.492
233825	0.428
233875	0.460
233925	0.480
233975	0.484
234025	0.484
234075	0.516
234125	0.496
234175	0.504
234225	0.544
234275	0.548
234325	0.524
234375	0.492
234425	0.472
234475	0.424
234525	0.436
234575	0.472
234625	0.500
234675	0.540
234725	0.580
234775	0.560
234825	0.560
234875	0.572
234925	0.556
234975	0.528
235025	0.528
235075	0.508
235125	0.520
235175	0.512
235225	0.516
235275	0.536
235325	0.540
235375	0.516
235425	0.548
235475	0.564
235525	0.568
235575	0.568
235625	0.580
235675	0.540
235725	0.504
235775	0.480
235825	0.496
235875	0.492
235925	0.500
235975	0.532
236025	0.560
236075	0.540
236125	0.524
236175	0.548
236225	0.536
236275	0.528
236325	0.532
236375	0.524
236425	0.520
236475	0.516
236525	0.520
236575	0.536
236625	0.564
236675	0.560
236725	0.572
236775	0.588
236825	0.588
236875	0.592
236925	0.600
236975	0.612
237025	0.596
237075	0.588
237125	0.572
237175	0.548
237225	0.516
237275	0.488
237325	0.476
237375	0.504
237425	0.508
237475	0.520
237525	0.532
237575	0.528
237625	0.496
237675	0.480
237725	0.500
237775	0.492
237825	0.484
237875	0.456
237925	0.468
237975	0.448
238025	0.452
238075	0.464
238125	0.512
238175	0.508
238225	0.516
238275	0.520
238325	0.520
238375	0.512
238425	0.508
238475	0.480
238525	0.496
238575	0.504
238625	0.500
238675	0.524
238725	0.548
238775	0.540
238825	0.540
238875	0.540
238925	0.532
238975	0.528
239025	0.520
239075	0.504
239125	0.504
239175	0.492
239225	0.496
239275	0.508
239325	0.516
239375	0.540
239425	0.536
239475	0.540
239525	0.528
239575	0.524
239625	0.484
239675	0.496
239725	0.496
239775	0.516
239825	0.504
239875	0.540
239925	0.544
239975	0.524
240025	0.496
240075	0.532
240125	0.524
240175	0.524
240225	0.548
240275	0.560
240325	0.528
240375	0.512
240425	0.504
240475	0.488
240525	0.464
240575	0.460
240625	0.460
240675	0.452
240725	0.420
240775	0.448
240825	0.476
240875	0.472
240925	0.464
240975	0.452
241025	0.456
241075	0.436
241125	0.436
241175	0.444
241225	0.488
241275	0.484
241325	0.464
241375	0.472
241425	0.472
241475	0.468
241525	0.428
241575	0.424
241625	0.416
241675	0.448
241725	0.440
241775	0.488
241825	0.520
241875	0.532
241925	0.504
241975	0.528
242025	0.512
242075	0.504
242125	0.512
242175	0.540
242225	0.532
242275	0.520
242325	0.536
242375	0.524
242425	0.480
242475	0.496
242525	0.508
242575	0.468
242625	0.464
242675	0.496
242725	0.500
242775	0.488
242825	0.524
242875	0.528
242925	0.544
242975	0.536
243025	0.540
243075	0.516
243125	0.492
243175	0.452
243225	0.448
243275	0.456
243325	0.480
243375	0.500
243425	0.500
243475	0.500
243525	0.504
243575	0.504
243625	0.500
243675	0.524
243725	0.524
243775	0.524
243825	0.508
243875	0.516
243925	0.512
243975	0.508
244025	0.520
244075	0.532
244125	0.504
244175	0.472
244225	0.468
244275	0.416
244325	0.392
244375	0.416
244425	0.440
244475	0.464
244525	0.516
244575	0.552
244625	0.560
244675	0.572
244725	0.576
244775	0.580
244825	0.572
244875	0.576
244925	0.560
244975	0.540
245025	0.540
245075	0.516
245125	0.496
245175	0.524
245225	0.536
245275	0.492
245325	0.504
245375	0.520
245425	0.512
245475	0.476
245525	0.500
245575	0.516
245625	0.520
245675	0.496
245725	0.508
245775	0.540
245825	0.556
245875	0.520
245925	0.504
245975	0.504
246025	0.460
246075	0.440
246125	0.480
246175	0.536
246225	0.560
246275	0.596
246325	0.616
246375	0.600
246425	0.576
246475	0.560
246525	0.536
246575	0.500
246625	0.496
246675	0.484
246725	0.476
246775	0.456
246825	0.468
246875	0.472
246925	0.428
246975	0.432
247025	0.472
247075	0.456
247125	0.452
247175	0.484
247225	0.452
247275	0.456
247325	0.488
247375	0.504
247425	0.544
247475	0.588
247525	0.576
247575	0.568
247625	0.580
247675	0.580
247725	0.592
247775	0.600
247825	0.596
247875	0.588
247925	0.580
247975	0.576
248025	0.560
248075	0.576
248125	0.580
248175	0.584
248225	0.564
248275	0.544
248325	0.536
248375	0.536
248425	0.556
248475	0.580
248525	0.612
248575	0.592
248625	0.572
248675	0.536
248725	0.532
248775	0.544
248825	0.568
248875	0.572
248925	0.580
248975	0.536
249025	0.504
249075	0.480
249125	0.520
249175	0.496
249225	0.552
249275	0.564
249325	0.572
249375	0.544
249425	0.544
249475	0.488
249525	0.452
249575	0.452
249625	0.428
249675	0.444
249725	0.452
249775	0.464
249825	0.476
249875	0.472
249925	0.480
249975	0.500
250025	0.528
250075	0.516
250125	0.516
250175	0.492
250225	0.484
250275	0.468
250325	0.460
250375	0.488
250425	0.504
250475	0.528
250525	0.552
250575	0.560
250625	0.560
250675	0.552
250725	0.564
250775	0.544
250825	0.548
250875	0.524
250925	0.516
250975	0.508
251025	0.528
251075	0.532
251125	0.544
251175	0.588
251225	0.596
251275	0.580
251325	0.568
251375	0.568
251425	0.568
251475	0.524
251525	0.508
251575	0.532
251625	0.536
251675	0.504
251725	0.524
251775	0.520
251825	0.524
251875	0.524
251925	0.540
251975	0.548
252025	0.580
252075	0.580
252125	0.596
252175	0.588
252225	0.588
252275	0.596
252325	0.572
252375	0.572
252425	0.584
252475	0.584
252525	0.572
252575	0.592
252625	0.576
252675	0.576
252725	0.580
252775	0.576
252825	0.576
252875	0.584
252925	0.568
252975	0.548
253025	0.540
253075	0.540
253125	0.540
253175	0.552
253225	0.576
253275	0.584
253325	0.584
253375	0.604
253425	0.612
253475	0.612
253525	0.616
253575	0.612
253625	0.568
253675	0.536
253725	0.504
253775	0.452
253825	0.452
253875	0.464
253925	0.464
253975	0.468
254025	0.512
254075	0.488
254125	0.456
254175	0.472
254225	0.468
254275	0.460
254325	0.476
254375	0.496
254425	0.496
254475	0.524
254525	0.544
254575	0.532
254625	0.540
254675	0.536
254725	0.540
254775	0.520
254825	0.512
254875	0.532
254925	0.520
254975	0.508
255025	0.524
255075	0.560
255125	0.528
255175	0.556
255225	0.572
255275	0.568
255325	0.540
255375	0.548
255425	0.528
255475	0.512
255525	0.512
255575	0.532
255625	0.532
255675	0.548
255725	0.556
255775	0.560
255825	0.544
255875	0.560
255925	0.564
255975	0.556
256025	0.528
256075	0.536
256125	0.536
256175	0.520
256225	0.516
256275	0.552
256325	0.544
256375	0.540
256425	0.540
256475	0.532
256525	0.532
256575	0.556
256625	0.548
256675	0.524
256725	0.524
256775	0.492
256825	0.456
256875	0.452
256925	0.468
256975	0.460
257025	0.480
257075	0.500
257125	0.468
257175	0.444
257225	0.452
257275	0.440
257325	0.432
257375	0.464
257425	0.488
257475	0.460
257525	0.416
257575	0.408
257625	0.400
257675	0.396
257725	0.408
257775	0.440
257825	0.428
257875	0.428
257925	0.424
257975	0.428
258025	0.452
258075	0.444
258125	0.452
258175	0.460
258225	0.456
258275	0.428
258325	0.448
258375	0.468
258425	0.468
258475	0.492
258525	0.532
258575	0.552
258625	0.512
258675	0.488
258725	0.496
258775	0.484
258825	0.484
258875	0.488
258925	0.532
258975	0.516
259025	0.496
259075	0.512
259125	0.532
259175	0.512
259225	0.508
259275	0.524
259325	0.488
259375	0.480
259425	0.488
259475	0.472
259525	0.472
259575	0.460
259625	0.476
259675	0.468
259725	0.492
259775	0.460
259825	0.456
259875	0.440
259925	0.432
259975	0.420
260025	0.444
260075	0.452
260125	0.460
260175	0.464
260225	0.448
260275	0.436
260325	0.452
260375	0.472
260425	0.460
260475	0.500
260525	0.528
260575	0.520
260625	0.504
260675	0.528
260725	0.504
260775	0.484
260825	0.492
260875	0.484
260925	0.500
260975	0.492
261025	0.500
261075	0.488
261125	0.500
261175	0.468
261225	0.500
261275	0.508
261325	0.540
261375	0.524
261425	0.528
261475	0.504
261525	0.492
261575	0.456
261625	0.496
261675	0.504
261725	0.520
261775	0.536
261825	0.568
261875	0.564
261925	0.592
261975	0.612
262025	0.616
262075	0.624
262125	0.616
262175	0.604
262225	0.604
262275	0.620
262325	0.616
262375	0.628
262425	0.624
262475	0.580
262525	0.556
262575	0.560
262625	0.552
262675	0.560
262725	0.612
262775	0.572
262825	0.528
262875	0.496
262925	0.472
262975	0.420
263025	0.452
263075	0.480
263125	0.496
263175	0.496
263225	0.492
263275	0.500
263325	0.488
263375	0.496
263425	0.516
263475	0.520
263525	0.492
263575	0.516
263625	0.520
263675	0.512
263725	0.544
263775	0.564
263825	0.560
263875	0.548
263925	0.548
263975	0.536
264025	0.568
264075	0.544
264125	0.536
264175	0.540
264225	0.536
264275	0.512
264325	0.544
264375	0.536
264425	0.536
264475	0.556
264525	0.552
264575	0.536
264625	0.520
264675	0.516
264725	0.520
264775	0.532
264825	0.484
264875	0.492
264925	0.488
264975	0.464
265025	0.460
265075	0.528
265125	0.536
265175	0.556
265225	0.580
265275	0.576
265325	0.548
265375	0.548
265425	0.524
265475	0.520
265525	0.528
265575	0.540
265625	0.580
265675	0.588
265725	0.568
265775	0.552
265825	0.520
265875	0.480
265925	0.456
265975	0.456
266025	0.464
266075	0.508
266125	0.512
266175	0.520
266225	0.508
266275	0.484
266325	0.444
266375	0.428
266425	0.440
266475	0.468
266525	0.492
266575	0.476
266625	0.496
266675	0.504
266725	0.480
266775	0.476
266825	0.532
266875	0.524
266925	0.500
266975	0.532
267025	0.520
267075	0.476
267125	0.508
267175	0.536
267225	0.516
267275	0.536
267325	0.592
267375	0.572
267425	0.576
267475	0.600
267525	0.596
267575	0.556
267625	0.560
267675	0.556
267725	0.524
267775	0.504
267825	0.516
267875	0.520
267925	0.492
267975	0.508
268025	0.528
268075	0.532
268125	0.528
268175	0.548
268225	0.556
268275	0.576
268325	0.568
268375	0.600
268425	0.600
268475	0.580
268525	0.564
268575	0.560
268625	0.540
268675	0.524
268725	0.528
268775	0.492
268825	0.464
268875	0.420
268925	0.400
268975	0.384
269025	0.428
269075	0.464
269125	0.508
269175	0.544
269225	0.576
269275	0.552
269325	0.564
269375	0.556
269425	0.568
269475	0.568
269525	0.580
269575	0.568
269625	0.552
269675	0.540
269725	0.532
269775	0.532
269825	0.516
269875	0.520
269925	0.528
269975	0.536
270025	0.556
270075	0.552
270125	0.552
270175	0.536
270225	0.500
270275	0.480
270325	0.484
270375	0.508
270425	0.504
270475	0.532
270525	0.516
270575	0.540
270625	0.504
270675	0.508
270725	0.484
270775	0.456
270825	0.436
270875	0.468
270925	0.500
270975	0.556
271025	0.604
271075	0.624
271125	0.596
271175	0.584
271225	0.536
271275	0.528
271325	0.516
271375	0.540
271425	0.544
271475	0.544
271525	0.548
271575	0.544
271625	0.528
271675	0.512
271725	0.524
271775	0.532
271825	0.544
271875	0.560
271925	0.560
271975	0.544
272025	0.556
272075	0.560
272125	0.552
272175	0.572
272225	0.592
272275	0.592
272325	0.620
272375	0.644
272425	0.648
272475	0.652
272525	0.636
272575	0.612
272625	0.624
272675	0.616
272725	0.600
272775	0.584
272825	0.592
272875	0.548
272925	0.536
272975	0.552
273025	0.564
273075	0.544
273125	0.556
273175	0.528
273225	0.536
273275	0.536
273325	0.532
273375	0.512
273425	0.508
273475	0.472
273525	0.476
273575	0.460
273625	0.456
273675	0.448
273725	0.460
273775	0.452
273825	0.460
273875	0.480
273925	0.492
273975	0.504
274025	0.496
274075	0.484
274125	0.448
274175	0.432
274225	0.440
274275	0.440
274325	0.444
274375	0.456
274425	0.488
274475	0.456
274525	0.444
274575	0.472
274625	0.476
274675	0.476
274725	0.500
274775	0.504
274825	0.468
274875	0.488
274925	0.500
274975	0.504
275025	0.512
275075	0.544
275125	0.552
275175	0.528
275225	0.532
275275	0.556
275325	0.552
275375	0.524
275425	0.516
275475	0.476
275525	0.444
275575	0.428
275625	0.448
275675	0.460
275725	0.492
275775	0.524
275825	0.536
275875	0.564
275925	0.584
275975	0.604
276025	0.616
276075	0.608
276125	0.608
276175	0.624
276225	0.600
276275	0.584
276325	0.600
276375	0.568
276425	0.556
276475	0.568
276525	0.560
276575	0.568
276625	0.568
276675	0.568
276725	0.560
276775	0.556
276825	0.528
276875	0.524
276925	0.504
276975	0.500
277025	0.520
277075	0.536
277125	0.552
277175	0.568
277225	0.552
277275	0.552
277325	0.552
277375	0.544
277425	0.552
277475	0.592
277525	0.568
277575	0.576
277625	0.584
277675	0.580
277725	0.564
277775	0.600
277825	0.596
277875	0.572
277925	0.560
277975	0.548
278025	0.552
278075	0.556
278125	0.568
278175	0.544
278225	0.564
278275	0.544
278325	0.548
278375	0.556
278425	0.608
278475	0.608
278525	0.612
278575	0.620
278625	0.644
278675	0.652
278725	0.656
278775	0.648
278825	0.636
278875	0.632
278925	0.608
278975	0.588
279025	0.588
279075	0.588
279125	0.564
279175	0.552
279225	0.568
279275	0.560
279325	0.556
279375	0.572
279425	0.580
279475	0.544
279525	0.528
279575	0.496
279625	0.452
279675	0.448
279725	0.504
279775	0.528
279825	0.540
279875	0.560
279925	0.532
279975	0.496
280025	0.492
280075	0.492
280125	0.484
280175	0.552
280225	0.568
280275	0.568
280325	0.584
280375	0.616
280425	0.588
280475	0.584
280525	0.600
280575	0.644
280625	0.612
280675	0.560
280725	0.552
280775	0.540
280825	0.512
280875	0.504
280925	0.536
280975	0.540
281025	0.516
281075	0.492
281125	0.512
281175	0.544
281225	0.540
281275	0.564
281325	0.576
281375	0.588
281425	0.568
281475	0.580
281525	0.592
281575	0.592
281625	0.588
281675	0.580
281725	0.592
281775	0.580
281825	0.568
281875	0.580
281925	0.604
281975	0.584
282025	0.580
282075	0.608
282125	0.600
282175	0.580
282225	0.576
282275	0.580
282325	0.568
282375	0.568
282425	0.572
282475	0.556
282525	0.572
282575	0.556
282625	0.556
282675	0.556
282725	0.576
282775	0.556
282825	0.556
282875	0.552
282925	0.540
282975	0.516
283025	0.540
283075	0.544
283125	0.540
283175	0.552
283225	0.568
283275	0.552
283325	0.576
283375	0.572
283425	0.580
283475	0.596
283525	0.600
283575	0.592
283625	0.600
283675	0.564
283725	0.552
283775	0.524
283825	0.520
283875	0.524
283925	0.548
283975	0.536
284025	0.548
284075	0.544
284125	0.544
284175	0.536
284225	0.516
284275	0.496
284325	0.492
284375	0.480
284425	0.504
284475	0.536
284525	0.564
284575	0.572
284625	0.596
284675	0.572
284725	0.592
284775	0.596
284825	0.572
284875	0.560
284925	0.572
284975	0.556
285025	0.524
285075	0.548
285125	0.556
285175	0.564
285225	0.580
285275	0.600
285325	0.580
285375	0.560
285425	0.560
285475	0.544
285525	0.548
285575	0.552
285625	0.572
285675	0.536
285725	0.536
285775	0.528
285825	0.544
285875	0.532
285925	0.552
285975	0.552
286025	0.536
286075	0.540
286125	0.548
286175	0.560
286225	0.540
286275	0.556
286325	0.544
286375	0.540
286425	0.536
286475	0.540
286525	0.540
286575	0.556
286625	0.544
286675	0.532
286725	0.516
286775	0.508
286825	0.480
286875	0.444
286925	0.448
286975	0.440
287025	0.424
287075	0.416
287125	0.456
287175	0.444
287225	0.456
287275	0.492
287325	0.516
287375	0.504
287425	0.508
287475	0.524
287525	0.512
287575	0.480
287625	0.492
287675	0.508
287725	0.484
287775	0.468
287825	0.480
287875	0.500
287925	0.488
287975	0.520
288025	0.552
288075	0.588
288125	0.556
288175	0.552
288225	0.556
288275	0.556
288325	0.536
288375	0.564
288425	0.596
288475	0.596
288525	0.580
288575	0.592
288625	0.592
288675	0.548
288725	0.540
288775	0.532
288825	0.540
288875	0.524
288925	0.564
288975	0.564
289025	0.560
289075	0.556
289125	0.552
289175	0.552
289225	0.552
289275	0.572
289325	0.568
289375	0.556
289425	0.532
289475	0.536
289525	0.580
289575	0.596
289625	0.608
289675	0.608
289725	0.612
289775	0.580
289825	0.580
289875	0.564
289925	0.560
289975	0.512
290025	0.496
290075	0.468
290125	0.488
290175	0.480
290225	0.492
290275	0.488
290325	0.492
290375	0.472
290425	0.484
290475	0.516
290525	0.524
290575	0.508
290625	0.492
290675	0.472
290725	0.472
290775	0.460
290825	0.448
290875	0.492
290925	0.508
290975	0.500
291025	0.504
291075	0.504
291125	0.448
291175	0.444
291225	0.452
291275	0.456
291325	0.460
291375	0.516
291425	0.528
291475	0.480
291525	0.460
291575	0.488
291625	0.472
291675	0.460
291725	0.500
291775	0.504
291825	0.508
291875	0.484
291925	0.500
291975	0.472
292025	0.488
292075	0.468
292125	0.504
292175	0.504
292225	0.512
292275	0.520
292325	0.520
292375	0.508
292425	0.492
292475	0.508
292525	0.484
292575	0.468
292625	0.476
292675	0.464
292725	0.452
292775	0.432
292825	0.444
292875	0.404
292925	0.420
292975	0.408
293025	0.440
293075	0.452
293125	0.500
293175	0.516
293225	0.544
293275	0.568
293325	0.544
293375	0.516
293425	0.504
293475	0.528
293525	0.496
293575	0.520
293625	0.520
293675	0.488
293725	0.480
293775	0.476
293825	0.488
293875	0.496
293925	0.524
293975	0.504
294025	0.484
294075	0.444
294125	0.444
294175	0.464
294225	0.464
294275	0.492
294325	0.520
294375	0.524
294425	0.500
294475	0.512
294525	0.524
294575	0.508
294625	0.520
294675	0.532
294725	0.504
294775	0.500
294825	0.520
294875	0.500
294925	0.476
294975	0.504
295025	0.500
295075	0.472
295125	0.476
295175	0.484
295225	0.460
295275	0.452
295325	0.476
295375	0.496
295425	0.508
295475	0.524
295525	0.528
295575	0.524
295625	0.508
295675	0.532
295725	0.520
295775	0.524
295825	0.528
295875	0.528
295925	0.484
295975	0.516
296025	0.536
296075	0.540
296125	0.516
296175	0.544
296225	0.548
296275	0.516
296325	0.508
296375	0.532
296425	0.532
296475	0.500
296525	0.512
296575	0.520
296625	0.516
296675	0.500
296725	0.504
296775	0.508
296825	0.516
296875	0.520
296925	0.532
296975	0.520
297025	0.512
297075	0.504
297125	0.508
297175	0.504
297225	0.484
297275	0.484
297325	0.452
297375	0.432
297425	0.448
297475	0.468
297525	0.476
297575	0.484
297625	0.500
297675	0.488
297725	0.508
297775	0.492
297825	0.488
297875	0.476
297925	0.484
297975	0.476
298025	0.468
298075	0.476
298125	0.484
298175	0.476
298225	0.476
298275	0.496
298325	0.476
298375	0.444
298425	0.448
298475	0.452
298525	0.436
298575	0.488
298625	0.524
298675	0.508
298725	0.484
298775	0.512
298825	0.484
298875	0.488
298925	0.508
298975	0.528
299025	0.520
299075	0.560
299125	0.548
299175	0.524
299225	0.520
299275	0.524
299325	0.468
299375	0.472
299425	0.488
299475	0.496
299525	0.488
299575	0.476
299625	0.488
299675	0.496
299725	0.476
299775	0.472
299825	0.488
299875	0.480
299925	0.452
299975	0.460
300025	0.456
300075	0.480
300125	0.456
300175	0.488
300225	0.484
300275	0.476
300325	0.492
300375	0.492
300425	0.488
300475	0.496
300525	0.500
300575	0.460
300625	0.484
300675	0.476
300725	0.452
300775	0.464
300825	0.468
300875	0.452
300925	0.432
300975	0.428
301025	0.404
301075	0.420
301125	0.448
301175	0.472
301225	0.496
301275	0.532
301325	0.540
301375	0.556
301425	0.560
301475	0.576
301525	0.568
301575	0.552
301625	0.520
301675	0.508
301725	0.484
301775	0.476
301825	0.488
301875	0.496
301925	0.500
301975	0.532
302025	0.544
302075	0.564
302125	0.552
302175	0.556
302225	0.564
302275	0.564
302325	0.552
302375	0.552
302425	0.508
302475	0.484
302525	0.504
302575	0.492
302625	0.516
302675	0.548
302725	0.532
302775	0.504
302825	0.500
302875	0.496
302925	0.484
302975	0.500
303025	0.496
303075	0.520
303125	0.508
303175	0.548
303225	0.548
303275	0.572
303325	0.528
303375	0.548
303425	0.540
303475	0.544
303525	0.500
303575	0.504
303625	0.500
303675	0.476
303725	0.456
303775	0.468
303825	0.480
303875	0.460
303925	0.468
303975	0.464
304025	0.436
304075	0.432
304125	0.444
304175	0.460
304225	0.500
304275	0.544
304325	0.576
304375	0.572
304425	0.556
304475	0.536
304525	0.544
304575	0.500
304625	0.520
304675	0.528
304725	0.528
304775	0.516
304825	0.548
304875	0.528
304925	0.528
304975	0.548
305025	0.536
305075	0.516
305125	0.516
305175	0.516
305225	0.480
305275	0.500
305325	0.496
305375	0.500
305425	0.464
305475	0.484
305525	0.480
305575	0.492
305625	0.468
305675	0.500
305725	0.492
305775	0.484
305825	0.452
305875	0.452
305925	0.440
305975	0.412
306025	0.384
306075	0.400
306125	0.404
306175	0.396
306225	0.420
306275	0.428
306325	0.428
306375	0.404
306425	0.420
306475	0.412
306525	0.408
306575	0.420
306625	0.448
306675	0.432
306725	0.412
306775	0.420
306825	0.404
306875	0.412
306925	0.420
306975	0.440
307025	0.476
307075	0.472
307125	0.472
307175	0.480
307225	0.484
307275	0.452
307325	0.484
307375	0.480
307425	0.480
307475	0.468
307525	0.452
307575	0.440
307625	0.428
307675	0.416
307725	0.432
307775	0.468
307825	0.460
307875	0.464
307925	0.460
307975	0.452
308025	0.464
308075	0.480
308125	0.492
308175	0.512
308225	0.540
308275	0.520
308325	0.508
308375	0.528
308425	0.532
308475	0.552
308525	0.556
308575	0.580
308625	0.552
308675	0.532
308725	0.496
308775	0.476
308825	0.460
308875	0.488
308925	0.508
308975	0.512
309025	0.544
309075	0.540
309125	0.512
309175	0.496
309225	0.492
309275	0.468
309325	0.456
309375	0.472
309425	0.492
309475	0.524
309525	0.536
309575	0.568
309625	0.568
309675	0.572
309725	0.544
309775	0.540
309825	0.536
309875	0.552
309925	0.548
309975	0.572
310025	0.592
310075	0.612
310125	0.576
310175	0.560
310225	0.556
310275	0.532
310325	0.500
310375	0.508
310425	0.512
310475	0.484
310525	0.488
310575	0.512
310625	0.508
310675	0.524
310725	0.512
310775	0.528
310825	0.524
310875	0.536
310925	0.524
310975	0.540
311025	0.508
311075	0.476
311125	0.472
311175	0.464
311225	0.488
311275	0.528
311325	0.544
311375	0.576
311425	0.600
311475	0.588
311525	0.584
311575	0.588
311625	0.564
311675	0.548
311725	0.568
311775	0.540
311825	0.524
311875	0.540
311925	0.528
311975	0.476
312025	0.476
312075	0.488
312125	0.452
312175	0.460
312225	0.504
312275	0.536
312325	0.548
312375	0.564
312425	0.568
312475	0.556
312525	0.536
312575	0.524
312625	0.544
312675	0.548
312725	0.528
312775	0.516
312825	0.516
312875	0.512
312925	0.516
312975	0.556
313025	0.548
313075	0.548
313125	0.536
313175	0.548
313225	0.492
313275	0.512
313325	0.508
313375	0.496
313425	0.484
313475	0.492
313525	0.476
313575	0.496
313625	0.492
313675	0.508
313725	0.540
313775	0.524
313825	0.500
313875	0.536
313925	0.516
313975	0.512
314025	0.568
314075	0.588
314125	0.544
314175	0.532
314225	0.532
314275	0.520
314325	0.516
314375	0.524
314425	0.528
314475	0.512
314525	0.488
314575	0.476
314625	0.488
314675	0.500
314725	0.504
314775	0.492
314825	0.504
314875	0.516
314925	0.512
314975	0.508
315025	0.520
315075	0.516
315125	0.488
315175	0.488
315225	0.488
315275	0.496
315325	0.500
315375	0.516
315425	0.472
315475	0.480
315525	0.480
315575	0.468
315625	0.468
315675	0.524
315725	0.536
315775	0.536
315825	0.528
315875	0.556
315925	0.536
315975	0.548
316025	0.540
316075	0.540
316125	0.524
316175	0.516
316225	0.480
316275	0.512
316325	0.512
316375	0.512
316425	0.536
316475	0.548
316525	0.516
316575	0.536
316625	0.520
316675	0.508
316725	0.508
316775	0.508
316825	0.516
316875	0.524
316925	0.544
316975	0.556
317025	0.584
317075	0.576
317125	0.576
317175	0.576
317225	0.548
317275	0.548
317325	0.512
317375	0.508
317425	0.512
317475	0.536
317525	0.520
317575	0.564
317625	0.580
317675	0.544
317725	0.552
317775	0.572
317825	0.560
317875	0.544
317925	0.568
317975	0.552
318025	0.544
318075	0.552
318125	0.548
318175	0.540
318225	0.564
318275	0.560
318325	0.544
318375	0.540
318425	0.520
318475	0.484
318525	0.480
318575	0.452
318625	0.444
318675	0.468
318725	0.480
318775	0.472
318825	0.520
318875	0.540
318925	0.544
318975	0.528
319025	0.524
319075	0.524
319125	0.484
319175	0.484
319225	0.496
319275	0.520
319325	0.492
319375	0.532
319425	0.516
319475	0.516
319525	0.472
319575	0.476
319625	0.480
319675	0.460
319725	0.456
319775	0.476
319825	0.476
319875	0.460
319925	0.484
319975	0.480
320025	0.488
320075	0.488
320125	0.480
320175	0.480
320225	0.476
320275	0.476
320325	0.472
320375	0.472
320425	0.476
320475	0.508
320525	0.532
320575	0.512
320625	0.524
320675	0.508
320725	0.484
320775	0.448
320825	0.480
320875	0.468
320925	0.464
320975	0.480
321025	0.504
321075	0.504
321125	0.512
321175	0.528
321225	0.532
321275	0.524
321325	0.516
321375	0.524
321425	0.516
321475	0.516
321525	0.528
321575	0.556
321625	0.580
321675	0.588
321725	0.584
321775	0.588
321825	0.584
321875	0.568
321925	0.544
321975	0.560
322025	0.520
322075	0.496
322125	0.500
322175	0.536
322225	0.532
322275	0.532
322325	0.528
322375	0.512
322425	0.484
322475	0.464
322525	0.464
322575	0.476
322625	0.472
322675	0.480
322725	0.476
322775	0.500
322825	0.492
322875	0.520
322925	0.520
322975	0.516
323025	0.512
323075	0.548
323125	0.512
323175	0.512
323225	0.524
323275	0.548
323325	0.508
323375	0.488
323425	0.508
323475	0.520
323525	0.484
323575	0.476
323625	0.496
323675	0.464
323725	0.432
323775	0.404
323825	0.428
323875	0.432
323925	0.452
323975	0.488
324025	0.532
324075	0.532
324125	0.552
324175	0.532
324225	0.504
324275	0.488
324325	0.464
324375	0.460
324425	0.464
324475	0.468
324525	0.484
324575	0.496
324625	0.484
324675	0.508
324725	0.524
324775	0.496
324825	0.492
324875	0.488
324925	0.484
324975	0.444
325025	0.464
325075	0.468
325125	0.460
325175	0.436
325225	0.460
325275	0.452
325325	0.444
325375	0.460
325425	0.472
325475	0.472
325525	0.480
325575	0.484
325625	0.468
325675	0.460
325725	0.472
325775	0.460
325825	0.468
325875	0.468
325925	0.476
325975	0.444
326025	0.452
326075	0.460
326125	0.468
326175	0.488
326225	0.488
326275	0.472
326325	0.472
326375	0.452
326425	0.420
326475	0.424
326525	0.440
326575	0.420
326625	0.432
326675	0.440
326725	0.432
326775	0.416
326825	0.420
326875	0.460
326925	0.440
326975	0.408
327025	0.424
327075	0.404
327125	0.388
327175	0.368
327225	0.388
327275	0.408
327325	0.432
327375	0.428
327425	0.504
327475	0.552
327525	0.536
327575	0.552
327625	0.568
327675	0.540
327725	0.540
327775	0.528
327825	0.520
327875	0.520
327925	0.540
327975	0.548
328025	0.560
328075	0.600
328125	0.616
328175	0.600
328225	0.560
328275	0.532
328325	0.480
328375	0.440
328425	0.436
328475	0.468
328525	0.496
328575	0.508
328625	0.540
328675	0.552
328725	0.532
328775	0.512
328825	0.500
328875	0.472
328925	0.444
328975	0.464
329025	0.488
329075	0.492
329125	0.484
329175	0.508
329225	0.504
329275	0.480
329325	0.484
329375	0.492
329425	0.468
329475	0.448
329525	0.444
329575	0.424
329625	0.408
329675	0.432
329725	0.412
329775	0.440
329825	0.464
329875	0.484
329925	0.476
329975	0.504
330025	0.488
330075	0.480
330125	0.476
330175	0.476
330225	0.492
330275	0.500
330325	0.516
330375	0.504
330425	0.504
330475	0.500
330525	0.492
330575	0.472
330625	0.472
330675	0.464
330725	0.456
330775	0.452
330825	0.444
330875	0.432
330925	0.444
330975	0.440
331025	0.448
331075	0.468
331125	0.468
331175	0.472
331225	0.488
331275	0.492
331325	0.468
331375	0.496
331425	0.500
331475	0.500
331525	0.472
331575	0.464
331625	0.464
331675	0.456
331725	0.448
331775	0.476
331825	0.488
331875	0.476
331925	0.452
331975	0.456
332025	0.464
332075	0.484
332125	0.484
332175	0.484
332225	0.472
332275	0.472
332325	0.468
332375	0.488
332425	0.536
332475	0.560
332525	0.580
332575	0.584
332625	0.604
332675	0.588
332725	0.588
332775	0.564
332825	0.560
332875	0.540
332925	0.544
332975	0.556
333025	0.576
333075	0.596
333125	0.592
333175	0.612
333225	0.596
333275	0.604
333325	0.584
333375	0.584
333425	0.564
333475	0.556
333525	0.544
333575	0.536
333625	0.520
333675	0.524
333725	0.564
333775	0.556
333825	0.596
333875	0.652
333925	0.664
333975	0.652
334025	0.652
334075	0.648
334125	0.576
334175	0.536
334225	0.488
334275	0.448
334325	0.388
334375	0.400
334425	0.420
334475	0.448
334525	0.456
334575	0.500
334625	0.512
334675	0.524
334725	0.520
334775	0.556
334825	0.548
334875	0.544
334925	0.528
334975	0.512
335025	0.504
335075	0.520
335125	0.524
335175	0.544
335225	0.552
335275	0.548
335325	0.544
335375	0.540
335425	0.520
335475	0.516
335525	0.516
335575	0.508
335625	0.484
335675	0.496
335725	0.524
335775	0.532
335825	0.508
335875	0.520
335925	0.484
335975	0.460
336025	0.456
336075	0.484
336125	0.488
336175	0.520
336225	0.508
336275	0.508
336325	0.500
336375	0.536
336425	0.520
336475	0.532
336525	0.512
336575	0.528
336625	0.504
336675	0.508
336725	0.504
336775	0.540
336825	0.524
336875	0.524
336925	0.532
336975	0.552
337025	0.524
337075	0.520
337125	0.532
337175	0.512
337225	0.500
337275	0.520
337325	0.528
337375	0.524
337425	0.532
337475	0.536
337525	0.520
337575	0.520
337625	0.540
337675	0.564
337725	0.560
337775	0.560
337825	0.560
337875	0.512
337925	0.484
337975	0.476
338025	0.496
338075	0.512
338125	0.548
338175	0.552
338225	0.560
338275	0.548
338325	0.528
338375	0.516
338425	0.512
338475	0.524
338525	0.528
338575	0.556
338625	0.548
338675	0.540
338725	0.524
338775	0.536
338825	0.532
338875	0.560
338925	0.576
338975	0.576
339025	0.548
339075	0.520
339125	0.496
339175	0.508
339225	0.516
339275	0.540
339325	0.548
339375	0.540
339425	0.536
339475	0.556
339525	0.528
339575	0.528
339625	0.564
339675	0.560
339725	0.524
339775	0.556
339825	0.556
339875	0.524
339925	0.520
339975	0.544
340025	0.520
340075	0.500
340125	0.512
340175	0.524
340225	0.516
340275	0.548
340325	0.568
340375	0.580
340425	0.584
340475	0.608
340525	0.568
340575	0.584
340625	0.568
340675	0.576
340725	0.544
340775	0.568
340825	0.544
340875	0.544
340925	0.524
340975	0.520
341025	0.528
341075	0.536
341125	0.536
341175	0.540
341225	0.536
341275	0.520
341325	0.520
341375	0.544
341425	0.532
341475	0.560
341525	0.576
341575	0.572
341625	0.560
341675	0.584
341725	0.552
341775	0.540
341825	0.540
341875	0.508
341925	0.516
341975	0.492
342025	0.460
342075	0.444
342125	0.448
342175	0.416
342225	0.424
342275	0.432
342325	0.436
342375	0.448
342425	0.432
342475	0.456
342525	0.460
342575	0.460
342625	0.468
342675	0.492
342725	0.472
342775	0.472
342825	0.476
342875	0.472
342925	0.448
342975	0.460
343025	0.492
343075	0.508
343125	0.508
343175	0.532
343225	0.576
343275	0.560
343325	0.568
343375	0.556
343425	0.572
343475	0.548
343525	0.552
343575	0.528
343625	0.568
343675	0.556
343725	0.556
343775	0.564
343825	0.568
343875	0.544
343925	0.540
343975	0.540
344025	0.544
344075	0.564
344125	0.580
344175	0.576
344225	0.568
344275	0.552
344325	0.532
344375	0.520
344425	0.528
344475	0.540
344525	0.548
344575	0.548
344625	0.520
344675	0.504
344725	0.476
344775	0.436
344825	0.428
344875	0.440
344925	0.436
344975	0.456
345025	0.488
345075	0.500
345125	0.520
345175	0.508
345225	0.508
345275	0.492
345325	0.488
345375	0.476
345425	0.496
345475	0.508
345525	0.524
345575	0.524
345625	0.536
345675	0.552
345725	0.544
345775	0.516
345825	0.524
345875	0.508
345925	0.476
345975	0.464
346025	0.472
346075	0.472
346125	0.472
346175	0.472
346225	0.456
346275	0.504
346325	0.484
346375	0.496
346425	0.496
346475	0.540
346525	0.504
346575	0.520
346625	0.492
346675	0.504
346725	0.468
346775	0.468
346825	0.464
346875	0.484
346925	0.500
346975	0.504
347025	0.516
347075	0.532
347125	0.516
347175	0.520
347225	0.552
347275	0.544
347325	0.512
347375	0.532
347425	0.512
347475	0.500
347525	0.512
347575	0.512
347625	0.472
347675	0.488
347725	0.464
347775	0.472
347825	0.500
347875	0.520
347925	0.508
347975	0.544
348025	0.548
348075	0.552
348125	0.560
348175	0.560
348225	0.532
348275	0.512
348325	0.492
348375	0.492
348425	0.492
348475	0.460
348525	0.432
348575	0.452
348625	0.448
348675	0.452
348725	0.488
348775	0.508
348825	0.500
348875	0.524
348925	0.508
348975	0.496
349025	0.496
349075	0.484
349125	0.476
349175	0.488
349225	0.524
349275	0.536
349325	0.552
349375	0.532
349425	0.532
349475	0.516
349525	0.484
349575	0.452
349625	0.476
349675	0.488
349725	0.476
349775	0.480
349825	0.512
349875	0.520
349925	0.496
349975	0.500
350025	0.520
350075	0.516
350125	0.484
350175	0.492
350225	0.500
350275	0.512
350325	0.496
350375	0.496
350425	0.488
350475	0.452
350525	0.452
350575	0.468
350625	0.484
350675	0.500
350725	0.532
350775	0.524
350825	0.504
350875	0.504
350925	0.520
350975	0.528
351025	0.528
351075	0.536
351125	0.544
351175	0.524
351225	0.520
351275	0.524
351325	0.532
351375	0.516
351425	0.524
351475	0.512
351525	0.520
351575	0.508
351625	0.492
351675	0.488
351725	0.496
351775	0.492
351825	0.500
351875	0.512
351925	0.516
351975	0.520
352025	0.524
352075	0.520
352125	0.532
352175	0.552
352225	0.536
352275	0.528
352325	0.524
352375	0.540
352425	0.532
352475	0.556
352525	0.564
352575	0.572
352625	0.532
352675	0.508
352725	0.512
352775	0.488
352825	0.472
352875	0.496
352925	0.496
352975	0.456
353025	0.452
353075	0.476
353125	0.464
353175	0.460
353225	0.492
353275	0.504
353325	0.492
353375	0.508
353425	0.512
353475	0.524
353525	0.532
353575	0.544
353625	0.520
353675	0.524
353725	0.492
353775	0.488
353825	0.468
353875	0.480
353925	0.472
353975	0.472
354025	0.464
354075	0.456
354125	0.432
354175	0.444
354225	0.460
354275	0.460
354325	0.472
354375	0.484
354425	0.504
354475	0.516
354525	0.536
354575	0.552
354625	0.568
354675	0.548
354725	0.544
354775	0.544
354825	0.560
354875	0.572
354925	0.580
354975	0.592
355025	0.580
355075	0.556
355125	0.564
355175	0.564
355225	0.548
355275	0.552
355325	0.556
355375	0.548
355425	0.520
355475	0.500
355525	0.508
355575	0.500
355625	0.472
355675	0.484
355725	0.496
355775	0.460
355825	0.464
355875	0.512
355925	0.516
355975	0.516
356025	0.544
356075	0.568
356125	0.564
356175	0.588
356225	0.584
356275	0.584
356325	0.552
356375	0.524
356425	0.508
356475	0.504
356525	0.504
356575	0.504
356625	0.516
356675	0.500
356725	0.516
356775	0.508
356825	0.496
356875	0.508
356925	0.540
356975	0.524
357025	0.544
357075	0.564
357125	0.528
357175	0.500
357225	0.508
357275	0.516
357325	0.520
357375	0.536
357425	0.552
357475	0.524
357525	0.504
357575	0.508
357625	0.532
357675	0.532
357725	0.544
357775	0.536
357825	0.540
357875	0.504
357925	0.480
357975	0.504
358025	0.496
358075	0.452
358125	0.456
358175	0.480
358225	0.448
358275	0.448
358325	0.468
358375	0.476
358425	0.436
358475	0.444
358525	0.444
358575	0.444
358625	0.428
358675	0.472
358725	0.496
358775	0.500
358825	0.508
358875	0.544
358925	0.528
358975	0.524
359025	0.532
359075	0.556
359125	0.524
359175	0.540
359225	0.532
359275	0.508
359325	0.492
359375	0.516
359425	0.520
359475	0.540
359525	0.544
359575	0.544
359625	0.556
359675	0.520
359725	0.496
359775	0.520
359825	0.512
359875	0.492
359925	0.504
359975	0.516
360025	0.508
360075	0.524
360125	0.508
360175	0.512
360225	0.492
360275	0.512
360325	0.500
360375	0.508
360425	0.516
360475	0.508
360525	0.496
360575	0.476
360625	0.492
360675	0.496
360725	0.528
360775	0.528
360825	0.552
360875	0.564
360925	0.580
360975	0.580
361025	0.584
361075	0.560
361125	0.544
361175	0.536
361225	0.544
361275	0.532
361325	0.520
361375	0.508
361425	0.480
361475	0.436
361525	0.448
361575	0.500
361625	0.508
361675	0.508
361725	0.548
361775	0.548
361825	0.528
361875	0.532
361925	0.532
361975	0.496
362025	0.492
362075	0.472
362125	0.444
362175	0.444
362225	0.468
362275	0.440
362325	0.460
362375	0.488
362425	0.496
362475	0.504
362525	0.524
362575	0.536
362625	0.528
362675	0.524
362725	0.504
362775	0.508
362825	0.488
362875	0.496
362925	0.496
362975	0.496
363025	0.492
363075	0.508
363125	0.512
363175	0.504
363225	0.508
363275	0.504
363325	0.476
363375	0.464
363425	0.472
363475	0.484
363525	0.488
363575	0.492
363625	0.460
363675	0.464
363725	0.448
363775	0.420
363825	0.420
363875	0.448
363925	0.448
363975	0.444
364025	0.472
364075	0.492
364125	0.488
364175	0.488
364225	0.504
364275	0.512
364325	0.504
364375	0.528
364425	0.544
364475	0.540
364525	0.536
364575	0.532
364625	0.508
364675	0.488
364725	0.472
364775	0.464
364825	0.464
364875	0.456
364925	0.448
364975	0.444
365025	0.452
365075	0.452
365125	0.476
365175	0.476
365225	0.520
365275	0.536
365325	0.572
365375	0.556
365425	0.600
365475	0.556
365525	0.556
365575	0.552
365625	0.572
365675	0.524
365725	0.564
365775	0.520
365825	0.504
365875	0.464
365925	0.488
365975	0.468
366025	0.488
366075	0.472
366125	0.480
366175	0.444
366225	0.420
366275	0.428
366325	0.424
366375	0.476
366425	0.492
366475	0.520
366525	0.504
366575	0.512
366625	0.428
366675	0.436
366725	0.424
366775	0.424
366825	0.420
366875	0.456
366925	0.468
366975	0.480
367025	0.492
367075	0.504
367125	0.524
367175	0.520
367225	0.508
367275	0.508
367325	0.508
367375	0.504
367425	0.508
367475	0.500
367525	0.484
367575	0.484
367625	0.480
367675	0.456
367725	0.480
367775	0.484
367825	0.476
367875	0.480
367925	0.496
367975	0.496
368025	0.484
368075	0.500
368125	0.500
368175	0.480
368225	0.468
368275	0.460
368325	0.440
368375	0.424
368425	0.444
368475	0.468
368525	0.488
368575	0.508
368625	0.528
368675	0.516
368725	0.476
368775	0.496
368825	0.472
368875	0.452
368925	0.464
368975	0.500
369025	0.488
369075	0.504
369125	0.512
369175	0.512
369225	0.504
369275	0.508
369325	0.472
369375	0.472
369425	0.456
369475	0.444
369525	0.428
369575	0.464
369625	0.468
369675	0.500
369725	0.472
369775	0.476
369825	0.500
369875	0.504
369925	0.484
369975	0.540
370025	0.560
370075	0.532
370125	0.552
370175	0.564
370225	0.544
370275	0.560
370325	0.544
370375	0.528
370425	0.512
370475	0.512
370525	0.480
370575	0.504
370625	0.484
370675	0.524
370725	0.524
370775	0.552
370825	0.556
370875	0.588
370925	0.560
370975	0.556
371025	0.536
371075	0.508
371125	0.496
371175	0.480
371225	0.468
371275	0.456
371325	0.456
371375	0.420
371425	0.444
371475	0.432
371525	0.436
371575	0.440
371625	0.464
371675	0.420
371725	0.452
371775	0.452
371825	0.432
371875	0.432
371925	0.452
371975	0.452
372025	0.456
372075	0.488
372125	0.500
372175	0.504
372225	0.508
372275	0.504
372325	0.496
372375	0.472
372425	0.480
372475	0.480
372525	0.480
372575	0.492
372625	0.508
372675	0.504
372725	0.476
372775	0.468
372825	0.432
372875	0.420
372925	0.404
372975	0.428
373025	0.440
373075	0.496
373125	0.508
373175	0.524
373225	0.492
373275	0.476
373325	0.464
373375	0.448
373425	0.452
373475	0.496
373525	0.492
373575	0.472
373625	0.480
373675	0.484
373725	0.456
373775	0.476
373825	0.468
373875	0.472
373925	0.452
373975	0.444
374025	0.472
374075	0.480
374125	0.480
374175	0.500
374225	0.496
374275	0.484
374325	0.484
374375	0.484
374425	0.500
374475	0.524
374525	0.512
374575	0.516
374625	0.508
374675	0.432
374725	0.388
374775	0.380
374825	0.376
374875	0.376
374925	0.432
374975	0.452
375025	0.464
375075	0.476
375125	0.452
375175	0.452
375225	0.468
375275	0.468
375325	0.444
375375	0.492
375425	0.500
375475	0.520
375525	0.512
375575	0.540
375625	0.544
375675	0.556
375725	0.544
375775	0.544
375825	0.532
375875	0.516
375925	0.520
375975	0.524
376025	0.556
376075	0.556
376125	0.548
376175	0.532
376225	0.536
376275	0.512
376325	0.536
376375	0.544
376425	0.528
376475	0.512
376525	0.524
376575	0.488
376625	0.484
376675	0.492
376725	0.488
376775	0.456
376825	0.464
376875	0.484
376925	0.476
376975	0.472
377025	0.504
377075	0.496
377125	0.480
377175	0.456
377225	0.468
377275	0.452
377325	0.468
377375	0.484
377425	0.504
377475	0.524
377525	0.540
377575	0.532
377625	0.500
377675	0.504
377725	0.492
377775	0.460
377825	0.476
377875	0.512
377925	0.532
377975	0.512
378025	0.536
378075	0.512
378125	0.500
378175	0.476
378225	0.492
378275	0.476
378325	0.480
378375	0.492
378425	0.496
378475	0.484
378525	0.500
378575	0.492
378625	0.512
378675	0.516
378725	0.520
378775	0.492
378825	0.524
378875	0.468
378925	0.472
378975	0.472
379025	0.492
379075	0.508
379125	0.544
379175	0.544
379225	0.532
379275	0.540
379325	0.476
379375	0.396
379425	0.336
379475	0.288
379525	0.208
379575	0.180
379625	0.152
379675	0.140
379725	0.140
379775	0.144
379825	0.168
379875	0.180
379925	0.192
379975	0.204
380025	0.228
380075	0.196
380125	0.200
380175	0.184
380225	0.168
380275	0.168
380325	0.188
380375	0.208
380425	0.220
380475	0.208
380525	0.192
380575	0.176
380625	0.164
380675	0.176
380725	0.204
380775	0.192
380825	0.184
380875	0.200
380925	0.184
380975	0.176
381025	0.184
381075	0.208
381125	0.172
381175	0.184
381225	0.172
381275	0.152
381325	0.112
381375	0.128
381425	0.096
381475	0.108
381525	0.108
381575	0.132
381625	0.120
381675	0.124
381725	0.112
381775	0.112
381825	0.104
381875	0.124
381925	0.160
381975	0.168
382025	0.172
