Position	Percent G+C 1 .. 166473
125	0.180
175	0.204
225	0.200
275	0.172
325	0.180
375	0.192
425	0.168
475	0.156
525	0.172
575	0.180
625	0.184
675	0.180
725	0.164
775	0.148
825	0.132
875	0.104
925	0.104
975	0.112
1025	0.112
1075	0.132
1125	0.132
1175	0.132
1225	0.128
1275	0.148
1325	0.180
1375	0.188
1425	0.184
1475	0.172
1525	0.148
1575	0.116
1625	0.108
1675	0.152
1725	0.168
1775	0.212
1825	0.232
1875	0.316
1925	0.348
1975	0.388
2025	0.432
2075	0.476
2125	0.464
2175	0.456
2225	0.464
2275	0.428
2325	0.436
2375	0.388
2425	0.376
2475	0.372
2525	0.380
2575	0.364
2625	0.432
2675	0.464
2725	0.484
2775	0.496
2825	0.488
2875	0.468
2925	0.456
2975	0.468
3025	0.508
3075	0.512
3125	0.524
3175	0.512
3225	0.520
3275	0.488
3325	0.492
3375	0.516
3425	0.536
3475	0.524
3525	0.500
3575	0.480
3625	0.440
3675	0.440
3725	0.464
3775	0.516
3825	0.524
3875	0.516
3925	0.496
3975	0.488
4025	0.468
4075	0.456
4125	0.452
4175	0.460
4225	0.472
4275	0.488
4325	0.552
4375	0.600
4425	0.640
4475	0.644
4525	0.656
4575	0.656
4625	0.668
4675	0.668
4725	0.660
4775	0.644
4825	0.620
4875	0.604
4925	0.620
4975	0.616
5025	0.616
5075	0.644
5125	0.660
5175	0.660
5225	0.652
5275	0.644
5325	0.604
5375	0.592
5425	0.536
5475	0.532
5525	0.512
5575	0.528
5625	0.512
5675	0.540
5725	0.508
5775	0.532
5825	0.520
5875	0.552
5925	0.584
5975	0.656
6025	0.688
6075	0.728
6125	0.708
6175	0.688
6225	0.648
6275	0.636
6325	0.612
6375	0.616
6425	0.632
6475	0.640
6525	0.660
6575	0.640
6625	0.636
6675	0.596
6725	0.580
6775	0.524
6825	0.520
6875	0.508
6925	0.500
6975	0.520
7025	0.544
7075	0.572
7125	0.600
7175	0.604
7225	0.584
7275	0.580
7325	0.572
7375	0.544
7425	0.528
7475	0.512
7525	0.504
7575	0.488
7625	0.508
7675	0.544
7725	0.572
7775	0.564
7825	0.568
7875	0.560
7925	0.512
7975	0.472
8025	0.472
8075	0.468
8125	0.456
8175	0.492
8225	0.528
8275	0.532
8325	0.552
8375	0.560
8425	0.572
8475	0.608
8525	0.624
8575	0.616
8625	0.604
8675	0.604
8725	0.564
8775	0.576
8825	0.596
8875	0.640
8925	0.656
8975	0.676
9025	0.632
9075	0.604
9125	0.568
9175	0.544
9225	0.528
9275	0.576
9325	0.568
9375	0.548
9425	0.524
9475	0.512
9525	0.468
9575	0.512
9625	0.488
9675	0.516
9725	0.516
9775	0.516
9825	0.488
9875	0.516
9925	0.500
9975	0.492
10025	0.500
10075	0.488
10125	0.496
10175	0.520
10225	0.496
10275	0.500
10325	0.504
10375	0.492
10425	0.484
10475	0.528
10525	0.532
10575	0.532
10625	0.524
10675	0.508
10725	0.508
10775	0.520
10825	0.504
10875	0.544
10925	0.544
10975	0.556
11025	0.532
11075	0.548
11125	0.540
11175	0.540
11225	0.516
11275	0.540
11325	0.520
11375	0.496
11425	0.496
11475	0.524
11525	0.512
11575	0.540
11625	0.544
11675	0.544
11725	0.492
11775	0.484
11825	0.464
11875	0.476
11925	0.476
11975	0.500
12025	0.512
12075	0.528
12125	0.512
12175	0.492
12225	0.460
12275	0.452
12325	0.448
12375	0.460
12425	0.496
12475	0.532
12525	0.520
12575	0.516
12625	0.508
12675	0.500
12725	0.500
12775	0.512
12825	0.532
12875	0.556
12925	0.552
12975	0.548
13025	0.552
13075	0.536
13125	0.512
13175	0.488
13225	0.472
13275	0.444
13325	0.428
13375	0.416
13425	0.420
13475	0.420
13525	0.448
13575	0.440
13625	0.428
13675	0.440
13725	0.464
13775	0.480
13825	0.496
13875	0.520
13925	0.532
13975	0.544
14025	0.536
14075	0.540
14125	0.528
14175	0.504
14225	0.468
14275	0.428
14325	0.428
14375	0.444
14425	0.452
14475	0.464
14525	0.476
14575	0.452
14625	0.448
14675	0.476
14725	0.508
14775	0.528
14825	0.552
14875	0.564
14925	0.532
14975	0.484
15025	0.484
15075	0.500
15125	0.472
15175	0.452
15225	0.472
15275	0.472
15325	0.464
15375	0.476
15425	0.516
15475	0.536
15525	0.528
15575	0.544
15625	0.532
15675	0.524
15725	0.536
15775	0.524
15825	0.488
15875	0.512
15925	0.520
15975	0.504
16025	0.508
16075	0.512
16125	0.520
16175	0.508
16225	0.480
16275	0.480
16325	0.516
16375	0.512
16425	0.508
16475	0.512
16525	0.500
16575	0.484
16625	0.484
16675	0.500
16725	0.532
16775	0.548
16825	0.536
16875	0.504
16925	0.476
16975	0.408
17025	0.420
17075	0.448
17125	0.488
17175	0.512
17225	0.556
17275	0.532
17325	0.492
17375	0.484
17425	0.488
17475	0.520
17525	0.564
17575	0.600
17625	0.604
17675	0.604
17725	0.616
17775	0.568
17825	0.540
17875	0.540
17925	0.544
17975	0.512
18025	0.560
18075	0.552
18125	0.556
18175	0.564
18225	0.584
18275	0.572
18325	0.580
18375	0.576
18425	0.584
18475	0.564
18525	0.548
18575	0.576
18625	0.556
18675	0.536
18725	0.528
18775	0.544
18825	0.512
18875	0.528
18925	0.544
18975	0.568
19025	0.532
19075	0.576
19125	0.564
19175	0.544
19225	0.548
19275	0.564
19325	0.508
19375	0.480
19425	0.496
19475	0.448
19525	0.464
19575	0.520
19625	0.580
19675	0.572
19725	0.632
19775	0.636
19825	0.624
19875	0.624
19925	0.636
19975	0.600
20025	0.604
20075	0.608
20125	0.588
20175	0.584
20225	0.596
20275	0.600
20325	0.588
20375	0.596
20425	0.596
20475	0.588
20525	0.588
20575	0.596
20625	0.596
20675	0.596
20725	0.632
20775	0.624
20825	0.620
20875	0.612
20925	0.612
20975	0.588
21025	0.592
21075	0.588
21125	0.584
21175	0.576
21225	0.556
21275	0.552
21325	0.532
21375	0.508
21425	0.520
21475	0.524
21525	0.532
21575	0.548
21625	0.552
21675	0.516
21725	0.548
21775	0.548
21825	0.560
21875	0.564
21925	0.592
21975	0.556
22025	0.552
22075	0.560
22125	0.576
22175	0.588
22225	0.628
22275	0.628
22325	0.644
22375	0.672
22425	0.684
22475	0.664
22525	0.692
22575	0.680
22625	0.704
22675	0.676
22725	0.688
22775	0.668
22825	0.640
22875	0.600
22925	0.616
22975	0.604
23025	0.560
23075	0.532
23125	0.504
23175	0.468
23225	0.432
23275	0.428
23325	0.460
23375	0.428
23425	0.452
23475	0.464
23525	0.508
23575	0.496
23625	0.552
23675	0.556
23725	0.572
23775	0.564
23825	0.564
23875	0.568
23925	0.560
23975	0.548
24025	0.552
24075	0.580
24125	0.580
24175	0.576
24225	0.584
24275	0.576
24325	0.568
24375	0.580
24425	0.592
24475	0.600
24525	0.636
24575	0.660
24625	0.648
24675	0.608
24725	0.560
24775	0.524
24825	0.480
24875	0.488
24925	0.520
24975	0.556
25025	0.576
25075	0.520
25125	0.516
25175	0.536
25225	0.544
25275	0.464
25325	0.508
25375	0.476
25425	0.476
25475	0.472
25525	0.516
25575	0.516
25625	0.560
25675	0.540
25725	0.540
25775	0.528
25825	0.588
25875	0.576
25925	0.552
25975	0.496
26025	0.488
26075	0.432
26125	0.408
26175	0.424
26225	0.452
26275	0.488
26325	0.512
26375	0.492
26425	0.496
26475	0.520
26525	0.500
26575	0.476
26625	0.484
26675	0.500
26725	0.472
26775	0.468
26825	0.472
26875	0.512
26925	0.528
26975	0.516
27025	0.528
27075	0.552
27125	0.544
27175	0.516
27225	0.552
27275	0.560
27325	0.548
27375	0.548
27425	0.540
27475	0.544
27525	0.536
27575	0.536
27625	0.540
27675	0.532
27725	0.536
27775	0.548
27825	0.556
27875	0.536
27925	0.560
27975	0.556
28025	0.560
28075	0.556
28125	0.576
28175	0.588
28225	0.620
28275	0.616
28325	0.624
28375	0.640
28425	0.640
28475	0.656
28525	0.668
28575	0.696
28625	0.700
28675	0.696
28725	0.660
28775	0.664
28825	0.632
28875	0.624
28925	0.628
28975	0.632
29025	0.632
29075	0.648
29125	0.628
29175	0.640
29225	0.644
29275	0.652
29325	0.656
29375	0.668
29425	0.656
29475	0.648
29525	0.648
29575	0.660
29625	0.668
29675	0.660
29725	0.676
29775	0.644
29825	0.608
29875	0.568
29925	0.540
29975	0.484
30025	0.464
30075	0.444
30125	0.432
30175	0.452
30225	0.472
30275	0.476
30325	0.452
30375	0.452
30425	0.448
30475	0.460
30525	0.516
30575	0.576
30625	0.624
30675	0.660
30725	0.696
30775	0.696
30825	0.716
30875	0.724
30925	0.728
30975	0.724
31025	0.716
31075	0.712
31125	0.712
31175	0.704
31225	0.708
31275	0.712
31325	0.692
31375	0.692
31425	0.672
31475	0.612
31525	0.544
31575	0.516
31625	0.488
31675	0.432
31725	0.472
31775	0.484
31825	0.468
31875	0.448
31925	0.460
31975	0.448
32025	0.468
32075	0.484
32125	0.484
32175	0.492
32225	0.456
32275	0.480
32325	0.480
32375	0.484
32425	0.492
32475	0.548
32525	0.564
32575	0.592
32625	0.632
32675	0.660
32725	0.644
32775	0.620
32825	0.608
32875	0.592
32925	0.568
32975	0.568
33025	0.564
33075	0.564
33125	0.576
33175	0.600
33225	0.600
33275	0.600
33325	0.596
33375	0.584
33425	0.584
33475	0.592
33525	0.584
33575	0.588
33625	0.568
33675	0.556
33725	0.548
33775	0.560
33825	0.564
33875	0.572
33925	0.552
33975	0.560
34025	0.556
34075	0.548
34125	0.548
34175	0.560
34225	0.568
34275	0.576
34325	0.592
34375	0.604
34425	0.624
34475	0.600
34525	0.596
34575	0.580
34625	0.592
34675	0.580
34725	0.584
34775	0.568
34825	0.576
34875	0.544
34925	0.536
34975	0.540
35025	0.532
35075	0.528
35125	0.540
35175	0.564
35225	0.556
35275	0.588
35325	0.572
35375	0.560
35425	0.532
35475	0.532
35525	0.508
35575	0.516
35625	0.536
35675	0.528
35725	0.524
35775	0.524
35825	0.528
35875	0.512
35925	0.516
35975	0.540
36025	0.528
36075	0.552
36125	0.560
36175	0.588
36225	0.556
36275	0.568
36325	0.528
36375	0.540
36425	0.512
36475	0.520
36525	0.512
36575	0.540
36625	0.508
36675	0.520
36725	0.528
36775	0.548
36825	0.524
36875	0.544
36925	0.560
36975	0.540
37025	0.516
37075	0.520
37125	0.524
37175	0.508
37225	0.520
37275	0.536
37325	0.568
37375	0.552
37425	0.572
37475	0.588
37525	0.584
37575	0.568
37625	0.580
37675	0.576
37725	0.564
37775	0.572
37825	0.568
37875	0.592
37925	0.580
37975	0.580
38025	0.564
38075	0.564
38125	0.528
38175	0.512
38225	0.500
38275	0.496
38325	0.480
38375	0.488
38425	0.508
38475	0.544
38525	0.556
38575	0.572
38625	0.572
38675	0.556
38725	0.536
38775	0.548
38825	0.544
38875	0.552
38925	0.592
38975	0.596
39025	0.616
39075	0.628
39125	0.620
39175	0.592
39225	0.620
39275	0.624
39325	0.624
39375	0.648
39425	0.656
39475	0.636
39525	0.624
39575	0.600
39625	0.584
39675	0.568
39725	0.564
39775	0.572
39825	0.608
39875	0.596
39925	0.604
39975	0.596
40025	0.588
40075	0.560
40125	0.596
40175	0.600
40225	0.612
40275	0.580
40325	0.572
40375	0.548
40425	0.508
40475	0.500
40525	0.516
40575	0.540
40625	0.540
40675	0.576
40725	0.564
40775	0.552
40825	0.548
40875	0.544
40925	0.560
40975	0.568
41025	0.604
41075	0.616
41125	0.612
41175	0.616
41225	0.620
41275	0.604
41325	0.624
41375	0.636
41425	0.608
41475	0.624
41525	0.628
41575	0.600
41625	0.612
41675	0.600
41725	0.604
41775	0.596
41825	0.604
41875	0.604
41925	0.632
41975	0.624
42025	0.616
42075	0.600
42125	0.612
42175	0.612
42225	0.612
42275	0.616
42325	0.620
42375	0.600
42425	0.616
42475	0.608
42525	0.612
42575	0.644
42625	0.640
42675	0.628
42725	0.632
42775	0.636
42825	0.596
42875	0.576
42925	0.544
42975	0.524
43025	0.532
43075	0.532
43125	0.536
43175	0.512
43225	0.484
43275	0.432
43325	0.396
43375	0.380
43425	0.388
43475	0.408
43525	0.420
43575	0.444
43625	0.460
43675	0.476
43725	0.464
43775	0.484
43825	0.472
43875	0.484
43925	0.504
43975	0.548
44025	0.568
44075	0.588
44125	0.588
44175	0.588
44225	0.576
44275	0.576
44325	0.568
44375	0.576
44425	0.580
44475	0.560
44525	0.532
44575	0.560
44625	0.572
44675	0.580
44725	0.556
44775	0.580
44825	0.588
44875	0.548
44925	0.532
44975	0.572
45025	0.572
45075	0.548
45125	0.584
45175	0.592
45225	0.560
45275	0.508
45325	0.484
45375	0.452
45425	0.420
45475	0.440
45525	0.480
45575	0.500
45625	0.504
45675	0.512
45725	0.504
45775	0.496
45825	0.496
45875	0.528
45925	0.548
45975	0.584
46025	0.592
46075	0.592
46125	0.568
46175	0.576
46225	0.540
46275	0.540
46325	0.556
46375	0.568
46425	0.552
46475	0.564
46525	0.548
46575	0.548
46625	0.564
46675	0.576
46725	0.596
46775	0.628
46825	0.628
46875	0.616
46925	0.636
46975	0.640
47025	0.656
47075	0.676
47125	0.688
47175	0.656
47225	0.664
47275	0.660
47325	0.656
47375	0.644
47425	0.660
47475	0.636
47525	0.616
47575	0.604
47625	0.600
47675	0.584
47725	0.576
47775	0.572
47825	0.524
47875	0.448
47925	0.436
47975	0.436
48025	0.440
48075	0.492
48125	0.560
48175	0.596
48225	0.592
48275	0.588
48325	0.564
48375	0.548
48425	0.548
48475	0.560
48525	0.556
48575	0.572
48625	0.596
48675	0.572
48725	0.568
48775	0.564
48825	0.552
48875	0.524
48925	0.500
48975	0.468
49025	0.464
49075	0.464
49125	0.484
49175	0.512
49225	0.532
49275	0.500
49325	0.472
49375	0.480
49425	0.448
49475	0.436
49525	0.468
49575	0.508
49625	0.480
49675	0.492
49725	0.484
49775	0.488
49825	0.500
49875	0.528
49925	0.552
49975	0.584
50025	0.584
50075	0.544
50125	0.496
50175	0.456
50225	0.420
50275	0.448
50325	0.480
50375	0.520
50425	0.572
50475	0.644
50525	0.640
50575	0.656
50625	0.668
50675	0.664
50725	0.640
50775	0.616
50825	0.576
50875	0.564
50925	0.540
50975	0.548
51025	0.556
51075	0.572
51125	0.580
51175	0.600
51225	0.568
51275	0.548
51325	0.540
51375	0.544
51425	0.536
51475	0.556
51525	0.592
51575	0.588
51625	0.572
51675	0.596
51725	0.588
51775	0.564
51825	0.540
51875	0.500
51925	0.444
51975	0.428
52025	0.424
52075	0.428
52125	0.452
52175	0.472
52225	0.492
52275	0.492
52325	0.524
52375	0.536
52425	0.556
52475	0.552
52525	0.576
52575	0.564
52625	0.576
52675	0.576
52725	0.580
52775	0.548
52825	0.556
52875	0.540
52925	0.528
52975	0.524
53025	0.536
53075	0.544
53125	0.576
53175	0.560
53225	0.556
53275	0.548
53325	0.552
53375	0.512
53425	0.524
53475	0.532
53525	0.512
53575	0.472
53625	0.472
53675	0.476
53725	0.428
53775	0.416
53825	0.440
53875	0.460
53925	0.476
53975	0.508
54025	0.548
54075	0.544
54125	0.540
54175	0.512
54225	0.468
54275	0.476
54325	0.492
54375	0.496
54425	0.544
54475	0.640
54525	0.648
54575	0.644
54625	0.672
54675	0.672
54725	0.648
54775	0.640
54825	0.616
54875	0.592
54925	0.572
54975	0.568
55025	0.576
55075	0.616
55125	0.620
55175	0.604
55225	0.580
55275	0.584
55325	0.556
55375	0.532
55425	0.548
55475	0.560
55525	0.552
55575	0.556
55625	0.568
55675	0.576
55725	0.564
55775	0.596
55825	0.616
55875	0.624
55925	0.592
55975	0.620
56025	0.580
56075	0.564
56125	0.548
56175	0.560
56225	0.524
56275	0.508
56325	0.512
56375	0.516
56425	0.504
56475	0.524
56525	0.536
56575	0.556
56625	0.580
56675	0.608
56725	0.600
56775	0.608
56825	0.576
56875	0.564
56925	0.536
56975	0.544
57025	0.536
57075	0.552
57125	0.564
57175	0.592
57225	0.620
57275	0.656
57325	0.668
57375	0.628
57425	0.584
57475	0.520
57525	0.504
57575	0.484
57625	0.508
57675	0.532
57725	0.584
57775	0.576
57825	0.588
57875	0.588
57925	0.576
57975	0.508
58025	0.484
58075	0.448
58125	0.424
58175	0.408
58225	0.428
58275	0.412
58325	0.412
58375	0.428
58425	0.468
58475	0.516
58525	0.592
58575	0.640
58625	0.628
58675	0.624
58725	0.608
58775	0.572
58825	0.540
58875	0.564
58925	0.568
58975	0.588
59025	0.600
59075	0.600
59125	0.588
59175	0.588
59225	0.600
59275	0.588
59325	0.588
59375	0.568
59425	0.560
59475	0.504
59525	0.476
59575	0.488
59625	0.516
59675	0.540
59725	0.556
59775	0.584
59825	0.588
59875	0.604
59925	0.592
59975	0.628
60025	0.632
60075	0.648
60125	0.656
60175	0.652
60225	0.620
60275	0.632
60325	0.616
60375	0.584
60425	0.592
60475	0.600
60525	0.584
60575	0.584
60625	0.600
60675	0.580
60725	0.580
60775	0.600
60825	0.576
60875	0.576
60925	0.552
60975	0.548
61025	0.528
61075	0.552
61125	0.532
61175	0.556
61225	0.556
61275	0.552
61325	0.520
61375	0.560
61425	0.548
61475	0.524
61525	0.472
61575	0.464
61625	0.420
61675	0.448
61725	0.484
61775	0.512
61825	0.536
61875	0.524
61925	0.496
61975	0.444
62025	0.444
62075	0.444
62125	0.440
62175	0.440
62225	0.460
62275	0.452
62325	0.460
62375	0.464
62425	0.436
62475	0.448
62525	0.432
62575	0.404
62625	0.396
62675	0.428
62725	0.444
62775	0.504
62825	0.552
62875	0.612
62925	0.664
62975	0.672
63025	0.668
63075	0.676
63125	0.664
63175	0.656
63225	0.640
63275	0.636
63325	0.612
63375	0.600
63425	0.564
63475	0.588
63525	0.584
63575	0.580
63625	0.580
63675	0.588
63725	0.548
63775	0.544
63825	0.548
63875	0.568
63925	0.596
63975	0.644
64025	0.684
64075	0.700
64125	0.708
64175	0.664
64225	0.656
64275	0.632
64325	0.616
64375	0.584
64425	0.620
64475	0.592
64525	0.580
64575	0.576
64625	0.584
64675	0.572
64725	0.580
64775	0.584
64825	0.580
64875	0.580
64925	0.576
64975	0.576
65025	0.568
65075	0.564
65125	0.548
65175	0.524
65225	0.488
65275	0.508
65325	0.496
65375	0.492
65425	0.512
65475	0.556
65525	0.560
65575	0.616
65625	0.632
65675	0.620
65725	0.624
65775	0.596
65825	0.588
65875	0.604
65925	0.624
65975	0.616
66025	0.640
66075	0.636
66125	0.640
66175	0.644
66225	0.656
66275	0.628
66325	0.620
66375	0.624
66425	0.616
66475	0.596
66525	0.604
66575	0.568
66625	0.564
66675	0.528
66725	0.508
66775	0.516
66825	0.552
66875	0.548
66925	0.588
66975	0.608
67025	0.596
67075	0.572
67125	0.540
67175	0.520
67225	0.532
67275	0.524
67325	0.524
67375	0.548
67425	0.524
67475	0.508
67525	0.548
67575	0.552
67625	0.556
67675	0.572
67725	0.552
67775	0.484
67825	0.492
67875	0.484
67925	0.488
67975	0.484
68025	0.520
68075	0.488
68125	0.456
68175	0.480
68225	0.508
68275	0.516
68325	0.552
68375	0.580
68425	0.568
68475	0.580
68525	0.560
68575	0.516
68625	0.504
68675	0.476
68725	0.488
68775	0.508
68825	0.560
68875	0.604
68925	0.652
68975	0.632
69025	0.628
69075	0.604
69125	0.572
69175	0.556
69225	0.564
69275	0.596
69325	0.588
69375	0.588
69425	0.584
69475	0.576
69525	0.560
69575	0.564
69625	0.576
69675	0.568
69725	0.572
69775	0.564
69825	0.568
69875	0.560
69925	0.556
69975	0.544
70025	0.540
70075	0.560
70125	0.544
70175	0.564
70225	0.560
70275	0.564
70325	0.540
70375	0.544
70425	0.528
70475	0.512
70525	0.508
70575	0.516
70625	0.500
70675	0.512
70725	0.540
70775	0.536
70825	0.540
70875	0.560
70925	0.564
70975	0.564
71025	0.572
71075	0.544
71125	0.544
71175	0.552
71225	0.560
71275	0.548
71325	0.584
71375	0.588
71425	0.564
71475	0.564
71525	0.556
71575	0.544
71625	0.524
71675	0.528
71725	0.512
71775	0.524
71825	0.524
71875	0.552
71925	0.560
71975	0.568
72025	0.544
72075	0.540
72125	0.532
72175	0.532
72225	0.536
72275	0.564
72325	0.584
72375	0.584
72425	0.592
72475	0.564
72525	0.576
72575	0.556
72625	0.548
72675	0.532
72725	0.532
72775	0.532
72825	0.524
72875	0.520
72925	0.500
72975	0.508
73025	0.480
73075	0.500
73125	0.524
73175	0.552
73225	0.572
73275	0.588
73325	0.604
73375	0.592
73425	0.612
73475	0.628
73525	0.668
73575	0.624
73625	0.640
73675	0.624
73725	0.608
73775	0.568
73825	0.620
73875	0.592
73925	0.596
73975	0.580
74025	0.564
74075	0.544
74125	0.564
74175	0.540
74225	0.516
74275	0.504
74325	0.504
74375	0.504
74425	0.528
74475	0.568
74525	0.584
74575	0.576
74625	0.556
74675	0.532
74725	0.532
74775	0.548
74825	0.552
74875	0.532
74925	0.524
74975	0.516
75025	0.492
75075	0.464
75125	0.468
75175	0.488
75225	0.476
75275	0.488
75325	0.472
75375	0.508
75425	0.504
75475	0.524
75525	0.524
75575	0.564
75625	0.568
75675	0.568
75725	0.564
75775	0.576
75825	0.568
75875	0.544
75925	0.552
75975	0.568
76025	0.532
76075	0.540
76125	0.552
76175	0.560
76225	0.536
76275	0.584
76325	0.576
76375	0.584
76425	0.588
76475	0.596
76525	0.568
76575	0.580
76625	0.564
76675	0.556
76725	0.540
76775	0.552
76825	0.540
76875	0.536
76925	0.520
76975	0.496
77025	0.468
77075	0.444
77125	0.440
77175	0.436
77225	0.436
77275	0.444
77325	0.472
77375	0.488
77425	0.496
77475	0.524
77525	0.528
77575	0.568
77625	0.584
77675	0.572
77725	0.592
77775	0.612
77825	0.568
77875	0.520
77925	0.548
77975	0.528
78025	0.536
78075	0.544
78125	0.604
78175	0.568
78225	0.584
78275	0.576
78325	0.572
78375	0.548
78425	0.600
78475	0.604
78525	0.604
78575	0.624
78625	0.624
78675	0.596
78725	0.620
78775	0.612
78825	0.608
78875	0.576
78925	0.584
78975	0.548
79025	0.560
79075	0.556
79125	0.588
79175	0.572
79225	0.552
79275	0.524
79325	0.536
79375	0.504
79425	0.504
79475	0.512
79525	0.524
79575	0.512
79625	0.560
79675	0.588
79725	0.604
79775	0.616
79825	0.624
79875	0.608
79925	0.592
79975	0.600
80025	0.592
80075	0.572
80125	0.580
80175	0.580
80225	0.576
80275	0.580
80325	0.572
80375	0.560
80425	0.548
80475	0.552
80525	0.552
80575	0.580
80625	0.596
80675	0.612
80725	0.608
80775	0.568
80825	0.512
80875	0.460
80925	0.416
80975	0.392
81025	0.416
81075	0.432
81125	0.452
81175	0.452
81225	0.452
81275	0.448
81325	0.432
81375	0.412
81425	0.420
81475	0.396
81525	0.412
81575	0.460
81625	0.500
81675	0.524
81725	0.548
81775	0.540
81825	0.532
81875	0.524
81925	0.560
81975	0.596
82025	0.620
82075	0.632
82125	0.620
82175	0.620
82225	0.592
82275	0.576
82325	0.596
82375	0.612
82425	0.588
82475	0.600
82525	0.560
82575	0.524
82625	0.504
82675	0.484
82725	0.472
82775	0.512
82825	0.548
82875	0.592
82925	0.628
82975	0.652
83025	0.660
83075	0.628
83125	0.600
83175	0.564
83225	0.532
83275	0.520
83325	0.528
83375	0.516
83425	0.568
83475	0.576
83525	0.588
83575	0.572
83625	0.588
83675	0.548
83725	0.560
83775	0.568
83825	0.584
83875	0.584
83925	0.592
83975	0.592
84025	0.580
84075	0.604
84125	0.604
84175	0.600
84225	0.600
84275	0.612
84325	0.572
84375	0.568
84425	0.588
84475	0.576
84525	0.600
84575	0.604
84625	0.596
84675	0.592
84725	0.628
84775	0.592
84825	0.596
84875	0.616
84925	0.604
84975	0.584
85025	0.592
85075	0.612
85125	0.604
85175	0.608
85225	0.608
85275	0.608
85325	0.600
85375	0.600
85425	0.632
85475	0.644
85525	0.644
85575	0.652
85625	0.652
85675	0.640
85725	0.616
85775	0.636
85825	0.636
85875	0.644
85925	0.632
85975	0.640
86025	0.636
86075	0.616
86125	0.628
86175	0.624
86225	0.612
86275	0.564
86325	0.580
86375	0.564
86425	0.572
86475	0.600
86525	0.632
86575	0.612
86625	0.624
86675	0.600
86725	0.572
86775	0.564
86825	0.584
86875	0.572
86925	0.592
86975	0.596
87025	0.588
87075	0.580
87125	0.580
87175	0.576
87225	0.592
87275	0.576
87325	0.564
87375	0.552
87425	0.556
87475	0.556
87525	0.584
87575	0.584
87625	0.608
87675	0.592
87725	0.580
87775	0.564
87825	0.552
87875	0.548
87925	0.528
87975	0.496
88025	0.456
88075	0.440
88125	0.440
88175	0.468
88225	0.492
88275	0.524
88325	0.540
88375	0.516
88425	0.512
88475	0.524
88525	0.540
88575	0.556
88625	0.576
88675	0.592
88725	0.592
88775	0.592
88825	0.592
88875	0.560
88925	0.540
88975	0.520
89025	0.512
89075	0.512
89125	0.560
89175	0.572
89225	0.604
89275	0.632
89325	0.632
89375	0.628
89425	0.632
89475	0.616
89525	0.620
89575	0.620
89625	0.620
89675	0.624
89725	0.612
89775	0.592
89825	0.604
89875	0.580
89925	0.556
89975	0.556
90025	0.532
90075	0.520
90125	0.520
90175	0.520
90225	0.496
90275	0.464
90325	0.476
90375	0.480
90425	0.444
90475	0.456
90525	0.496
90575	0.472
90625	0.424
90675	0.456
90725	0.488
90775	0.484
90825	0.488
90875	0.560
90925	0.588
90975	0.596
91025	0.632
91075	0.636
91125	0.636
91175	0.588
91225	0.604
91275	0.584
91325	0.600
91375	0.572
91425	0.592
91475	0.560
91525	0.528
91575	0.508
91625	0.500
91675	0.476
91725	0.464
91775	0.480
91825	0.496
91875	0.492
91925	0.512
91975	0.508
92025	0.548
92075	0.564
92125	0.596
92175	0.632
92225	0.684
92275	0.676
92325	0.684
92375	0.704
92425	0.688
92475	0.688
92525	0.680
92575	0.648
92625	0.620
92675	0.628
92725	0.572
92775	0.576
92825	0.576
92875	0.576
92925	0.552
92975	0.580
93025	0.568
93075	0.568
93125	0.540
93175	0.560
93225	0.532
93275	0.524
93325	0.516
93375	0.528
93425	0.508
93475	0.536
93525	0.540
93575	0.536
93625	0.544
93675	0.552
93725	0.552
93775	0.568
93825	0.592
93875	0.576
93925	0.556
93975	0.548
94025	0.576
94075	0.556
94125	0.572
94175	0.616
94225	0.632
94275	0.608
94325	0.616
94375	0.616
94425	0.616
94475	0.604
94525	0.588
94575	0.576
94625	0.568
94675	0.544
94725	0.516
94775	0.508
94825	0.496
94875	0.512
94925	0.516
94975	0.544
95025	0.560
95075	0.564
95125	0.544
95175	0.536
95225	0.540
95275	0.528
95325	0.564
95375	0.576
95425	0.580
95475	0.588
95525	0.596
95575	0.576
95625	0.580
95675	0.576
95725	0.544
95775	0.556
95825	0.572
95875	0.572
95925	0.584
95975	0.600
96025	0.576
96075	0.576
96125	0.564
96175	0.556
96225	0.568
96275	0.580
96325	0.572
96375	0.568
96425	0.548
96475	0.548
96525	0.532
96575	0.512
96625	0.496
96675	0.480
96725	0.448
96775	0.440
96825	0.428
96875	0.444
96925	0.488
96975	0.524
97025	0.544
97075	0.564
97125	0.588
97175	0.608
97225	0.588
97275	0.592
97325	0.580
97375	0.560
97425	0.536
97475	0.532
97525	0.536
97575	0.564
97625	0.572
97675	0.544
97725	0.528
97775	0.504
97825	0.492
97875	0.484
97925	0.496
97975	0.504
98025	0.508
98075	0.516
98125	0.488
98175	0.472
98225	0.464
98275	0.436
98325	0.420
98375	0.464
98425	0.500
98475	0.508
98525	0.528
98575	0.516
98625	0.496
98675	0.452
98725	0.476
98775	0.492
98825	0.500
98875	0.504
98925	0.540
98975	0.496
99025	0.500
99075	0.524
99125	0.548
99175	0.568
99225	0.612
99275	0.620
99325	0.616
99375	0.596
99425	0.572
99475	0.556
99525	0.560
99575	0.536
99625	0.556
99675	0.560
99725	0.596
99775	0.564
99825	0.560
99875	0.516
99925	0.492
99975	0.464
100025	0.460
100075	0.496
100125	0.520
100175	0.524
100225	0.528
100275	0.544
100325	0.536
100375	0.532
100425	0.560
100475	0.544
100525	0.516
100575	0.508
100625	0.500
100675	0.492
100725	0.508
100775	0.500
100825	0.488
100875	0.504
100925	0.496
100975	0.508
101025	0.556
101075	0.588
101125	0.588
101175	0.628
101225	0.600
101275	0.592
101325	0.592
101375	0.592
101425	0.536
101475	0.552
101525	0.544
101575	0.504
101625	0.480
101675	0.492
101725	0.472
101775	0.480
101825	0.504
101875	0.516
101925	0.524
101975	0.524
102025	0.520
102075	0.496
102125	0.492
102175	0.496
102225	0.492
102275	0.476
102325	0.476
102375	0.488
102425	0.500
102475	0.516
102525	0.564
102575	0.612
102625	0.616
102675	0.640
102725	0.672
102775	0.644
102825	0.640
102875	0.652
102925	0.608
102975	0.568
103025	0.560
103075	0.524
103125	0.496
103175	0.484
103225	0.480
103275	0.484
103325	0.508
103375	0.560
103425	0.580
103475	0.580
103525	0.600
103575	0.584
103625	0.548
103675	0.536
103725	0.532
103775	0.516
103825	0.568
103875	0.564
103925	0.560
103975	0.560
104025	0.552
104075	0.532
104125	0.540
104175	0.540
104225	0.576
104275	0.592
104325	0.556
104375	0.548
104425	0.556
104475	0.544
104525	0.536
104575	0.560
104625	0.556
104675	0.584
104725	0.588
104775	0.596
104825	0.568
104875	0.564
104925	0.524
104975	0.528
105025	0.496
105075	0.532
105125	0.540
105175	0.536
105225	0.492
105275	0.520
105325	0.476
105375	0.488
105425	0.524
105475	0.552
105525	0.536
105575	0.572
105625	0.556
105675	0.516
105725	0.500
105775	0.488
105825	0.464
105875	0.448
105925	0.468
105975	0.456
106025	0.464
106075	0.420
106125	0.432
106175	0.420
106225	0.452
106275	0.472
106325	0.504
106375	0.516
106425	0.524
106475	0.512
106525	0.500
106575	0.512
106625	0.488
106675	0.496
106725	0.492
106775	0.512
106825	0.532
106875	0.544
106925	0.536
106975	0.524
107025	0.508
107075	0.508
107125	0.516
107175	0.516
107225	0.552
107275	0.552
107325	0.532
107375	0.516
107425	0.516
107475	0.532
107525	0.564
107575	0.568
107625	0.576
107675	0.584
107725	0.552
107775	0.524
107825	0.516
107875	0.548
107925	0.540
107975	0.548
108025	0.548
108075	0.564
108125	0.556
108175	0.572
108225	0.564
108275	0.556
108325	0.552
108375	0.552
108425	0.560
108475	0.584
108525	0.592
108575	0.616
108625	0.608
108675	0.600
108725	0.592
108775	0.572
108825	0.540
108875	0.532
108925	0.520
108975	0.516
109025	0.524
109075	0.544
109125	0.528
109175	0.544
109225	0.544
109275	0.548
109325	0.512
109375	0.532
109425	0.524
109475	0.528
109525	0.516
109575	0.532
109625	0.532
109675	0.532
109725	0.496
109775	0.500
109825	0.496
109875	0.456
109925	0.448
109975	0.480
110025	0.484
110075	0.492
110125	0.532
110175	0.536
110225	0.520
110275	0.508
110325	0.516
110375	0.520
110425	0.508
110475	0.508
110525	0.540
110575	0.560
110625	0.560
110675	0.588
110725	0.604
110775	0.580
110825	0.560
110875	0.556
110925	0.528
110975	0.520
111025	0.572
111075	0.584
111125	0.596
111175	0.640
111225	0.660
111275	0.664
111325	0.668
111375	0.668
111425	0.660
111475	0.632
111525	0.580
111575	0.580
111625	0.580
111675	0.544
111725	0.560
111775	0.588
111825	0.548
111875	0.508
111925	0.516
111975	0.516
112025	0.532
112075	0.556
112125	0.580
112175	0.576
112225	0.580
112275	0.536
112325	0.528
112375	0.528
112425	0.536
112475	0.524
112525	0.548
112575	0.560
112625	0.568
112675	0.580
112725	0.596
112775	0.564
112825	0.540
112875	0.552
112925	0.524
112975	0.520
113025	0.520
113075	0.528
113125	0.488
113175	0.528
113225	0.540
113275	0.568
113325	0.568
113375	0.604
113425	0.588
113475	0.572
113525	0.564
113575	0.564
113625	0.564
113675	0.540
113725	0.492
113775	0.504
113825	0.520
113875	0.512
113925	0.520
113975	0.564
114025	0.536
114075	0.532
114125	0.524
114175	0.540
114225	0.560
114275	0.576
114325	0.604
114375	0.600
114425	0.588
114475	0.560
114525	0.528
114575	0.468
114625	0.440
114675	0.412
114725	0.372
114775	0.376
114825	0.396
114875	0.436
114925	0.456
114975	0.508
115025	0.532
115075	0.560
115125	0.564
115175	0.584
115225	0.584
115275	0.576
115325	0.568
115375	0.584
115425	0.588
115475	0.604
115525	0.656
115575	0.648
115625	0.660
115675	0.672
115725	0.672
115775	0.596
115825	0.580
115875	0.540
115925	0.492
115975	0.432
116025	0.480
116075	0.500
116125	0.528
116175	0.560
116225	0.568
116275	0.560
116325	0.572
116375	0.572
116425	0.540
116475	0.536
116525	0.544
116575	0.524
116625	0.504
116675	0.540
116725	0.596
116775	0.600
116825	0.604
116875	0.628
116925	0.648
116975	0.644
117025	0.652
117075	0.660
117125	0.624
117175	0.616
117225	0.592
117275	0.556
117325	0.536
117375	0.544
117425	0.520
117475	0.520
117525	0.544
117575	0.540
117625	0.500
117675	0.476
117725	0.496
117775	0.472
117825	0.500
117875	0.556
117925	0.616
117975	0.608
118025	0.592
118075	0.592
118125	0.564
118175	0.552
118225	0.568
118275	0.612
118325	0.612
118375	0.632
118425	0.604
118475	0.568
118525	0.520
118575	0.480
118625	0.416
118675	0.412
118725	0.412
118775	0.396
118825	0.392
118875	0.432
118925	0.424
118975	0.416
119025	0.492
119075	0.520
119125	0.552
119175	0.588
119225	0.628
119275	0.624
119325	0.660
119375	0.660
119425	0.664
119475	0.664
119525	0.672
119575	0.648
119625	0.648
119675	0.652
119725	0.632
119775	0.628
119825	0.640
119875	0.652
119925	0.644
119975	0.652
120025	0.632
120075	0.620
120125	0.600
120175	0.604
120225	0.612
120275	0.604
120325	0.600
120375	0.584
120425	0.572
120475	0.528
120525	0.552
120575	0.568
120625	0.600
120675	0.624
120725	0.664
120775	0.664
120825	0.636
120875	0.604
120925	0.584
120975	0.592
121025	0.568
121075	0.572
121125	0.568
121175	0.560
121225	0.548
121275	0.568
121325	0.596
121375	0.612
121425	0.584
121475	0.584
121525	0.576
121575	0.560
121625	0.548
121675	0.568
121725	0.564
121775	0.544
121825	0.528
121875	0.524
121925	0.520
121975	0.496
122025	0.504
122075	0.504
122125	0.556
122175	0.564
122225	0.576
122275	0.568
122325	0.588
122375	0.568
122425	0.548
122475	0.536
122525	0.540
122575	0.524
122625	0.504
122675	0.512
122725	0.504
122775	0.508
122825	0.496
122875	0.480
122925	0.480
122975	0.484
123025	0.476
123075	0.496
123125	0.500
123175	0.516
123225	0.508
123275	0.508
123325	0.480
123375	0.508
123425	0.528
123475	0.552
123525	0.532
123575	0.540
123625	0.524
123675	0.488
123725	0.484
123775	0.520
123825	0.500
123875	0.488
123925	0.504
123975	0.512
124025	0.456
124075	0.488
124125	0.500
124175	0.472
124225	0.444
124275	0.484
124325	0.432
124375	0.396
124425	0.432
124475	0.496
124525	0.532
124575	0.580
124625	0.620
124675	0.600
124725	0.564
124775	0.532
124825	0.512
124875	0.504
124925	0.504
124975	0.508
125025	0.472
125075	0.440
125125	0.472
125175	0.492
125225	0.456
125275	0.480
125325	0.508
125375	0.452
125425	0.440
125475	0.460
125525	0.476
125575	0.488
125625	0.532
125675	0.492
125725	0.496
125775	0.516
125825	0.528
125875	0.456
125925	0.472
125975	0.464
126025	0.436
126075	0.452
126125	0.536
126175	0.580
126225	0.620
126275	0.612
126325	0.600
126375	0.544
126425	0.520
126475	0.468
126525	0.452
126575	0.480
126625	0.496
126675	0.496
126725	0.516
126775	0.548
126825	0.512
126875	0.504
126925	0.504
126975	0.512
127025	0.528
127075	0.520
127125	0.524
127175	0.516
127225	0.508
127275	0.480
127325	0.480
127375	0.464
127425	0.444
127475	0.452
127525	0.480
127575	0.488
127625	0.520
127675	0.540
127725	0.524
127775	0.492
127825	0.484
127875	0.480
127925	0.504
127975	0.540
128025	0.560
128075	0.580
128125	0.580
128175	0.568
128225	0.560
128275	0.584
128325	0.588
128375	0.580
128425	0.584
128475	0.588
128525	0.560
128575	0.548
128625	0.564
128675	0.560
128725	0.560
128775	0.576
128825	0.584
128875	0.596
128925	0.576
128975	0.568
129025	0.560
129075	0.552
129125	0.532
129175	0.576
129225	0.592
129275	0.612
129325	0.652
129375	0.684
129425	0.668
129475	0.684
129525	0.696
129575	0.692
129625	0.664
129675	0.640
129725	0.612
129775	0.592
129825	0.564
129875	0.596
129925	0.636
129975	0.664
130025	0.656
130075	0.668
130125	0.644
130175	0.620
130225	0.588
130275	0.576
130325	0.560
130375	0.564
130425	0.548
130475	0.528
130525	0.508
130575	0.496
130625	0.472
130675	0.492
130725	0.520
130775	0.508
130825	0.484
130875	0.504
130925	0.512
130975	0.516
131025	0.536
131075	0.552
131125	0.536
131175	0.520
131225	0.496
131275	0.512
131325	0.564
131375	0.576
131425	0.552
131475	0.544
131525	0.552
131575	0.516
131625	0.488
131675	0.512
131725	0.516
131775	0.516
131825	0.520
131875	0.564
131925	0.564
131975	0.588
132025	0.564
132075	0.556
132125	0.532
132175	0.536
132225	0.516
132275	0.532
132325	0.544
132375	0.560
132425	0.560
132475	0.564
132525	0.576
132575	0.560
132625	0.556
132675	0.556
132725	0.540
132775	0.548
132825	0.564
132875	0.500
132925	0.488
132975	0.504
133025	0.472
133075	0.480
133125	0.528
133175	0.516
133225	0.524
133275	0.512
133325	0.492
133375	0.448
133425	0.456
133475	0.464
133525	0.512
133575	0.488
133625	0.572
133675	0.584
133725	0.576
133775	0.560
133825	0.576
133875	0.532
133925	0.524
133975	0.524
134025	0.524
134075	0.536
134125	0.572
134175	0.584
134225	0.580
134275	0.548
134325	0.532
134375	0.500
134425	0.496
134475	0.504
134525	0.524
134575	0.560
134625	0.572
134675	0.584
134725	0.580
134775	0.580
134825	0.556
134875	0.532
134925	0.540
134975	0.524
135025	0.528
135075	0.524
135125	0.528
135175	0.488
135225	0.484
135275	0.468
135325	0.452
135375	0.440
135425	0.448
135475	0.452
135525	0.468
135575	0.504
135625	0.544
135675	0.564
135725	0.604
135775	0.612
135825	0.636
135875	0.664
135925	0.680
135975	0.696
136025	0.704
136075	0.672
136125	0.636
136175	0.628
136225	0.608
136275	0.620
136325	0.620
136375	0.612
136425	0.588
136475	0.556
136525	0.532
136575	0.544
136625	0.576
136675	0.608
136725	0.632
136775	0.648
136825	0.668
136875	0.648
136925	0.660
136975	0.660
137025	0.628
137075	0.612
137125	0.616
137175	0.608
137225	0.608
137275	0.648
137325	0.660
137375	0.668
137425	0.660
137475	0.636
137525	0.572
137575	0.568
137625	0.500
137675	0.432
137725	0.420
137775	0.412
137825	0.376
137875	0.384
137925	0.428
137975	0.408
138025	0.356
138075	0.356
138125	0.356
138175	0.364
138225	0.396
138275	0.488
138325	0.500
138375	0.516
138425	0.492
138475	0.504
138525	0.516
138575	0.560
138625	0.592
138675	0.616
138725	0.608
138775	0.592
138825	0.544
138875	0.516
138925	0.512
138975	0.504
139025	0.516
139075	0.504
139125	0.536
139175	0.536
139225	0.532
139275	0.532
139325	0.556
139375	0.544
139425	0.508
139475	0.508
139525	0.508
139575	0.488
139625	0.472
139675	0.504
139725	0.528
139775	0.516
139825	0.508
139875	0.544
139925	0.532
139975	0.512
140025	0.512
140075	0.548
140125	0.524
140175	0.536
140225	0.548
140275	0.568
140325	0.564
140375	0.568
140425	0.580
140475	0.580
140525	0.560
140575	0.544
140625	0.516
140675	0.496
140725	0.480
140775	0.472
140825	0.484
140875	0.500
140925	0.520
140975	0.544
141025	0.576
141075	0.568
141125	0.572
141175	0.576
141225	0.548
141275	0.536
141325	0.532
141375	0.532
141425	0.536
141475	0.584
141525	0.568
141575	0.576
141625	0.580
141675	0.572
141725	0.560
141775	0.556
141825	0.552
141875	0.544
141925	0.544
141975	0.560
142025	0.588
142075	0.588
142125	0.596
142175	0.592
142225	0.564
142275	0.572
142325	0.556
142375	0.568
142425	0.576
142475	0.588
142525	0.576
142575	0.592
142625	0.576
142675	0.544
142725	0.508
142775	0.460
142825	0.440
142875	0.436
142925	0.460
142975	0.472
143025	0.480
143075	0.496
143125	0.496
143175	0.452
143225	0.472
143275	0.504
143325	0.512
143375	0.524
143425	0.572
143475	0.556
143525	0.580
143575	0.560
143625	0.560
143675	0.560
143725	0.576
143775	0.552
143825	0.584
143875	0.588
143925	0.568
143975	0.572
144025	0.568
144075	0.556
144125	0.556
144175	0.584
144225	0.580
144275	0.580
144325	0.580
144375	0.580
144425	0.584
144475	0.588
144525	0.612
144575	0.632
144625	0.592
144675	0.560
144725	0.544
144775	0.540
144825	0.512
144875	0.524
144925	0.548
144975	0.552
145025	0.564
145075	0.556
145125	0.592
145175	0.572
145225	0.572
145275	0.548
145325	0.556
145375	0.560
145425	0.576
145475	0.564
145525	0.576
145575	0.596
145625	0.604
145675	0.608
145725	0.640
145775	0.628
145825	0.648
145875	0.636
145925	0.628
145975	0.600
146025	0.616
146075	0.588
146125	0.572
146175	0.576
146225	0.584
146275	0.548
146325	0.532
146375	0.532
146425	0.540
146475	0.556
146525	0.612
146575	0.628
146625	0.668
146675	0.652
146725	0.644
146775	0.604
146825	0.588
146875	0.548
146925	0.560
146975	0.560
147025	0.544
147075	0.560
147125	0.552
147175	0.540
147225	0.556
147275	0.596
147325	0.568
147375	0.572
147425	0.604
147475	0.588
147525	0.576
147575	0.620
147625	0.636
147675	0.600
147725	0.592
147775	0.596
147825	0.608
147875	0.628
147925	0.640
147975	0.628
148025	0.588
148075	0.516
148125	0.488
148175	0.480
148225	0.480
148275	0.476
148325	0.500
148375	0.488
148425	0.492
148475	0.476
148525	0.488
148575	0.508
148625	0.504
148675	0.484
148725	0.508
148775	0.504
148825	0.500
148875	0.528
148925	0.532
148975	0.508
149025	0.504
149075	0.508
149125	0.480
149175	0.484
149225	0.480
149275	0.504
149325	0.488
149375	0.496
149425	0.456
149475	0.448
149525	0.432
149575	0.404
149625	0.416
149675	0.472
149725	0.496
149775	0.496
149825	0.520
149875	0.492
149925	0.464
149975	0.476
150025	0.472
150075	0.468
150125	0.480
150175	0.496
150225	0.524
150275	0.556
150325	0.576
150375	0.600
150425	0.592
150475	0.596
150525	0.572
150575	0.572
150625	0.556
150675	0.556
150725	0.512
150775	0.504
150825	0.504
150875	0.480
150925	0.504
150975	0.512
151025	0.524
151075	0.536
151125	0.564
151175	0.572
151225	0.596
151275	0.608
151325	0.612
151375	0.612
151425	0.600
151475	0.584
151525	0.580
151575	0.540
151625	0.572
151675	0.544
151725	0.520
151775	0.528
151825	0.568
151875	0.536
151925	0.572
151975	0.612
152025	0.632
152075	0.624
152125	0.620
152175	0.612
152225	0.600
152275	0.556
152325	0.532
152375	0.544
152425	0.548
152475	0.548
152525	0.548
152575	0.564
152625	0.560
152675	0.564
152725	0.580
152775	0.596
152825	0.596
152875	0.600
152925	0.568
152975	0.540
153025	0.544
153075	0.564
153125	0.572
153175	0.612
153225	0.640
153275	0.636
153325	0.596
153375	0.548
153425	0.532
153475	0.516
153525	0.488
153575	0.508
153625	0.540
153675	0.528
153725	0.504
153775	0.528
153825	0.540
153875	0.524
153925	0.532
153975	0.556
154025	0.580
154075	0.552
154125	0.548
154175	0.532
154225	0.492
154275	0.444
154325	0.436
154375	0.440
154425	0.464
154475	0.504
154525	0.528
154575	0.560
154625	0.572
154675	0.552
154725	0.516
154775	0.516
154825	0.532
154875	0.540
154925	0.552
154975	0.592
155025	0.608
155075	0.584
155125	0.564
155175	0.576
155225	0.592
155275	0.556
155325	0.564
155375	0.560
155425	0.548
155475	0.504
155525	0.516
155575	0.484
155625	0.468
155675	0.432
155725	0.392
155775	0.324
155825	0.272
155875	0.264
155925	0.240
155975	0.228
156025	0.240
156075	0.244
156125	0.244
156175	0.232
156225	0.244
156275	0.232
156325	0.244
156375	0.208
156425	0.204
156475	0.204
156525	0.232
156575	0.268
156625	0.284
156675	0.308
156725	0.312
156775	0.300
156825	0.256
156875	0.248
156925	0.228
156975	0.200
157025	0.216
157075	0.196
157125	0.208
157175	0.240
157225	0.232
157275	0.196
157325	0.236
157375	0.228
157425	0.200
157475	0.228
157525	0.244
157575	0.228
157625	0.232
157675	0.224
157725	0.220
157775	0.224
157825	0.220
157875	0.232
157925	0.252
157975	0.240
158025	0.240
158075	0.248
158125	0.228
158175	0.200
158225	0.192
158275	0.172
158325	0.160
158375	0.160
158425	0.168
158475	0.192
158525	0.220
158575	0.220
158625	0.224
158675	0.220
158725	0.212
158775	0.212
158825	0.236
158875	0.260
158925	0.304
158975	0.336
159025	0.408
159075	0.456
159125	0.484
159175	0.524
159225	0.572
159275	0.548
159325	0.552
159375	0.580
159425	0.576
159475	0.592
159525	0.612
159575	0.620
159625	0.600
159675	0.588
159725	0.568
159775	0.568
159825	0.580
159875	0.596
159925	0.632
159975	0.624
160025	0.632
160075	0.620
160125	0.632
160175	0.580
160225	0.592
160275	0.580
160325	0.572
160375	0.572
160425	0.612
160475	0.620
160525	0.612
160575	0.616
160625	0.612
160675	0.620
160725	0.628
160775	0.612
160825	0.576
160875	0.536
160925	0.472
160975	0.420
161025	0.408
161075	0.412
161125	0.424
161175	0.432
161225	0.444
161275	0.460
161325	0.456
161375	0.420
161425	0.428
161475	0.432
161525	0.428
161575	0.432
161625	0.440
161675	0.420
161725	0.412
161775	0.412
161825	0.396
161875	0.408
161925	0.372
161975	0.296
162025	0.204
162075	0.132
162125	0.132
162175	0.180
162225	0.224
162275	0.304
162325	0.404
162375	0.396
162425	0.380
162475	0.380
162525	0.376
162575	0.376
162625	0.388
162675	0.392
162725	0.380
162775	0.336
162825	0.304
162875	0.280
162925	0.308
162975	0.320
163025	0.352
163075	0.344
163125	0.348
163175	0.304
163225	0.328
163275	0.292
163325	0.292
163375	0.280
163425	0.296
163475	0.280
163525	0.296
163575	0.332
163625	0.356
163675	0.372
163725	0.380
163775	0.368
163825	0.356
163875	0.348
163925	0.332
163975	0.344
164025	0.328
164075	0.316
164125	0.328
164175	0.336
164225	0.288
164275	0.368
164325	0.376
164375	0.396
164425	0.432
164475	0.492
164525	0.484
164575	0.492
164625	0.464
164675	0.432
164725	0.408
164775	0.392
164825	0.360
164875	0.292
164925	0.220
164975	0.148
165025	0.076
165075	0.020
165125	0.020
165175	0.020
165225	0.020
165275	0.024
165325	0.040
165375	0.036
165425	0.040
165475	0.044
165525	0.052
165575	0.044
165625	0.056
165675	0.064
165725	0.060
165775	0.048
165825	0.056
165875	0.052
165925	0.052
165975	0.060
166025	0.060
166075	0.056
166125	0.056
166175	0.064
166225	0.068
166275	0.072
166325	0.080
