Position	Percent G+C 1 .. 247268
125	0.228
175	0.188
225	0.172
275	0.164
325	0.140
375	0.172
425	0.148
475	0.156
525	0.176
575	0.164
625	0.164
675	0.172
725	0.180
775	0.200
825	0.220
875	0.196
925	0.208
975	0.212
1025	0.160
1075	0.128
1125	0.124
1175	0.124
1225	0.112
1275	0.136
1325	0.160
1375	0.184
1425	0.164
1475	0.172
1525	0.180
1575	0.224
1625	0.268
1675	0.340
1725	0.396
1775	0.440
1825	0.468
1875	0.508
1925	0.516
1975	0.544
2025	0.544
2075	0.552
2125	0.516
2175	0.496
2225	0.468
2275	0.468
2325	0.464
2375	0.500
2425	0.528
2475	0.532
2525	0.528
2575	0.512
2625	0.484
2675	0.472
2725	0.464
2775	0.492
2825	0.508
2875	0.500
2925	0.496
2975	0.520
3025	0.500
3075	0.484
3125	0.496
3175	0.500
3225	0.484
3275	0.496
3325	0.504
3375	0.500
3425	0.504
3475	0.500
3525	0.476
3575	0.480
3625	0.488
3675	0.464
3725	0.488
3775	0.496
3825	0.508
3875	0.516
3925	0.540
3975	0.536
4025	0.556
4075	0.536
4125	0.508
4175	0.484
4225	0.492
4275	0.464
4325	0.468
4375	0.488
4425	0.524
4475	0.540
4525	0.552
4575	0.544
4625	0.528
4675	0.528
4725	0.488
4775	0.492
4825	0.496
4875	0.508
4925	0.500
4975	0.520
5025	0.512
5075	0.508
5125	0.476
5175	0.460
5225	0.412
5275	0.396
5325	0.408
5375	0.440
5425	0.444
5475	0.460
5525	0.472
5575	0.472
5625	0.440
5675	0.436
5725	0.436
5775	0.440
5825	0.460
5875	0.504
5925	0.544
5975	0.564
6025	0.560
6075	0.532
6125	0.536
6175	0.516
6225	0.512
6275	0.532
6325	0.556
6375	0.572
6425	0.560
6475	0.572
6525	0.568
6575	0.548
6625	0.516
6675	0.504
6725	0.496
6775	0.464
6825	0.464
6875	0.456
6925	0.464
6975	0.488
7025	0.516
7075	0.528
7125	0.548
7175	0.596
7225	0.572
7275	0.584
7325	0.592
7375	0.584
7425	0.564
7475	0.584
7525	0.572
7575	0.572
7625	0.596
7675	0.580
7725	0.572
7775	0.580
7825	0.564
7875	0.528
7925	0.536
7975	0.536
8025	0.540
8075	0.548
8125	0.564
8175	0.560
8225	0.536
8275	0.556
8325	0.564
8375	0.568
8425	0.572
8475	0.604
8525	0.576
8575	0.572
8625	0.580
8675	0.592
8725	0.588
8775	0.592
8825	0.580
8875	0.592
8925	0.588
8975	0.576
9025	0.572
9075	0.580
9125	0.544
9175	0.516
9225	0.492
9275	0.500
9325	0.484
9375	0.496
9425	0.512
9475	0.544
9525	0.536
9575	0.520
9625	0.496
9675	0.492
9725	0.480
9775	0.476
9825	0.504
9875	0.528
9925	0.540
9975	0.528
10025	0.524
10075	0.544
10125	0.548
10175	0.540
10225	0.548
10275	0.540
10325	0.520
10375	0.496
10425	0.460
10475	0.476
10525	0.496
10575	0.516
10625	0.548
10675	0.572
10725	0.568
10775	0.572
10825	0.536
10875	0.488
10925	0.472
10975	0.468
11025	0.488
11075	0.492
11125	0.520
11175	0.556
11225	0.520
11275	0.456
11325	0.460
11375	0.460
11425	0.428
11475	0.464
11525	0.496
11575	0.492
11625	0.508
11675	0.528
11725	0.544
11775	0.536
11825	0.540
11875	0.528
11925	0.536
11975	0.516
12025	0.516
12075	0.496
12125	0.476
12175	0.460
12225	0.452
12275	0.484
12325	0.500
12375	0.520
12425	0.516
12475	0.516
12525	0.484
12575	0.488
12625	0.492
12675	0.484
12725	0.464
12775	0.480
12825	0.500
12875	0.472
12925	0.472
12975	0.492
13025	0.484
13075	0.460
13125	0.496
13175	0.504
13225	0.496
13275	0.472
13325	0.480
13375	0.444
13425	0.444
13475	0.432
13525	0.428
13575	0.424
13625	0.440
13675	0.452
13725	0.472
13775	0.512
13825	0.480
13875	0.492
13925	0.480
13975	0.476
14025	0.472
14075	0.508
14125	0.472
14175	0.460
14225	0.488
14275	0.488
14325	0.484
14375	0.520
14425	0.568
14475	0.568
14525	0.580
14575	0.608
14625	0.592
14675	0.564
14725	0.556
14775	0.540
14825	0.520
14875	0.556
14925	0.556
14975	0.560
15025	0.556
15075	0.552
15125	0.548
15175	0.552
15225	0.548
15275	0.540
15325	0.540
15375	0.528
15425	0.512
15475	0.508
15525	0.516
15575	0.504
15625	0.520
15675	0.532
15725	0.508
15775	0.524
15825	0.540
15875	0.492
15925	0.488
15975	0.512
16025	0.504
16075	0.484
16125	0.500
16175	0.508
16225	0.476
16275	0.452
16325	0.432
16375	0.420
16425	0.412
16475	0.420
16525	0.472
16575	0.512
16625	0.532
16675	0.560
16725	0.572
16775	0.520
16825	0.520
16875	0.500
16925	0.456
16975	0.452
17025	0.456
17075	0.448
17125	0.464
17175	0.492
17225	0.496
17275	0.528
17325	0.536
17375	0.524
17425	0.528
17475	0.528
17525	0.508
17575	0.500
17625	0.512
17675	0.488
17725	0.488
17775	0.488
17825	0.520
17875	0.544
17925	0.552
17975	0.540
18025	0.556
18075	0.540
18125	0.532
18175	0.536
18225	0.580
18275	0.552
18325	0.528
18375	0.512
18425	0.508
18475	0.488
18525	0.480
18575	0.484
18625	0.484
18675	0.484
18725	0.484
18775	0.520
18825	0.512
18875	0.492
18925	0.508
18975	0.488
19025	0.472
19075	0.480
19125	0.508
19175	0.492
19225	0.528
19275	0.560
19325	0.596
19375	0.620
19425	0.636
19475	0.592
19525	0.548
19575	0.508
19625	0.464
19675	0.444
19725	0.468
19775	0.468
19825	0.500
19875	0.504
19925	0.520
19975	0.544
20025	0.524
20075	0.520
20125	0.524
20175	0.508
20225	0.460
20275	0.476
20325	0.460
20375	0.508
20425	0.520
20475	0.560
20525	0.564
20575	0.568
20625	0.520
20675	0.544
20725	0.524
20775	0.540
20825	0.508
20875	0.504
20925	0.448
20975	0.424
21025	0.404
21075	0.396
21125	0.400
21175	0.412
21225	0.420
21275	0.428
21325	0.476
21375	0.448
21425	0.468
21475	0.468
21525	0.468
21575	0.448
21625	0.476
21675	0.472
21725	0.488
21775	0.500
21825	0.500
21875	0.496
21925	0.492
21975	0.492
22025	0.468
22075	0.476
22125	0.468
22175	0.492
22225	0.512
22275	0.520
22325	0.512
22375	0.520
22425	0.504
22475	0.476
22525	0.504
22575	0.492
22625	0.508
22675	0.508
22725	0.500
22775	0.476
22825	0.488
22875	0.500
22925	0.484
22975	0.500
23025	0.504
23075	0.500
23125	0.472
23175	0.488
23225	0.472
23275	0.476
23325	0.472
23375	0.508
23425	0.504
23475	0.524
23525	0.508
23575	0.520
23625	0.480
23675	0.472
23725	0.484
23775	0.488
23825	0.492
23875	0.504
23925	0.500
23975	0.488
24025	0.476
24075	0.440
24125	0.452
24175	0.440
24225	0.428
24275	0.464
24325	0.512
24375	0.496
24425	0.508
24475	0.508
24525	0.504
24575	0.500
24625	0.492
24675	0.480
24725	0.476
24775	0.452
24825	0.452
24875	0.468
24925	0.484
24975	0.500
25025	0.524
25075	0.532
25125	0.532
25175	0.524
25225	0.512
25275	0.492
25325	0.492
25375	0.484
25425	0.492
25475	0.508
25525	0.516
25575	0.488
25625	0.472
25675	0.464
25725	0.452
25775	0.444
25825	0.472
25875	0.488
25925	0.528
25975	0.564
26025	0.584
26075	0.544
26125	0.532
26175	0.520
26225	0.492
26275	0.496
26325	0.512
26375	0.524
26425	0.520
26475	0.516
26525	0.504
26575	0.508
26625	0.524
26675	0.524
26725	0.520
26775	0.520
26825	0.516
26875	0.516
26925	0.520
26975	0.516
27025	0.544
27075	0.556
27125	0.560
27175	0.564
27225	0.576
27275	0.556
27325	0.536
27375	0.524
27425	0.492
27475	0.488
27525	0.460
27575	0.476
27625	0.448
27675	0.448
27725	0.432
27775	0.444
27825	0.428
27875	0.432
27925	0.440
27975	0.444
28025	0.424
28075	0.460
28125	0.488
28175	0.500
28225	0.512
28275	0.540
28325	0.524
28375	0.528
28425	0.504
28475	0.504
28525	0.500
28575	0.496
28625	0.496
28675	0.504
28725	0.508
28775	0.496
28825	0.488
28875	0.476
28925	0.508
28975	0.496
29025	0.504
29075	0.500
29125	0.508
29175	0.496
29225	0.516
29275	0.528
29325	0.536
29375	0.528
29425	0.524
29475	0.516
29525	0.516
29575	0.504
29625	0.512
29675	0.512
29725	0.524
29775	0.532
29825	0.540
29875	0.544
29925	0.556
29975	0.552
30025	0.536
30075	0.548
30125	0.560
30175	0.548
30225	0.568
30275	0.588
30325	0.564
30375	0.532
30425	0.536
30475	0.520
30525	0.516
30575	0.548
30625	0.576
30675	0.568
30725	0.572
30775	0.564
30825	0.584
30875	0.568
30925	0.572
30975	0.564
31025	0.556
31075	0.520
31125	0.528
31175	0.520
31225	0.528
31275	0.524
31325	0.524
31375	0.528
31425	0.524
31475	0.476
31525	0.476
31575	0.468
31625	0.448
31675	0.460
31725	0.500
31775	0.536
31825	0.548
31875	0.560
31925	0.568
31975	0.544
32025	0.516
32075	0.492
32125	0.472
32175	0.464
32225	0.492
32275	0.476
32325	0.476
32375	0.496
32425	0.484
32475	0.456
32525	0.452
32575	0.480
32625	0.456
32675	0.484
32725	0.480
32775	0.496
32825	0.476
32875	0.508
32925	0.464
32975	0.476
33025	0.480
33075	0.496
33125	0.448
33175	0.448
33225	0.432
33275	0.404
33325	0.388
33375	0.420
33425	0.444
33475	0.456
33525	0.472
33575	0.476
33625	0.480
33675	0.488
33725	0.492
33775	0.496
33825	0.480
33875	0.452
33925	0.460
33975	0.476
34025	0.492
34075	0.508
34125	0.544
34175	0.528
34225	0.508
34275	0.484
34325	0.508
34375	0.512
34425	0.512
34475	0.524
34525	0.532
34575	0.520
34625	0.496
34675	0.500
34725	0.504
34775	0.504
34825	0.500
34875	0.528
34925	0.512
34975	0.500
35025	0.488
35075	0.476
35125	0.480
35175	0.504
35225	0.492
35275	0.500
35325	0.496
35375	0.488
35425	0.480
35475	0.484
35525	0.456
35575	0.472
35625	0.476
35675	0.476
35725	0.508
35775	0.536
35825	0.532
35875	0.512
35925	0.496
35975	0.484
36025	0.480
36075	0.492
36125	0.500
36175	0.508
36225	0.500
36275	0.500
36325	0.492
36375	0.500
36425	0.516
36475	0.516
36525	0.528
36575	0.528
36625	0.516
36675	0.500
36725	0.480
36775	0.460
36825	0.468
36875	0.468
36925	0.464
36975	0.484
37025	0.484
37075	0.472
37125	0.456
37175	0.452
37225	0.464
37275	0.480
37325	0.456
37375	0.464
37425	0.468
37475	0.440
37525	0.456
37575	0.488
37625	0.472
37675	0.500
37725	0.520
37775	0.500
37825	0.504
37875	0.512
37925	0.496
37975	0.488
38025	0.500
38075	0.472
38125	0.468
38175	0.452
38225	0.456
38275	0.456
38325	0.468
38375	0.484
38425	0.488
38475	0.476
38525	0.472
38575	0.492
38625	0.484
38675	0.472
38725	0.484
38775	0.480
38825	0.464
38875	0.492
38925	0.512
38975	0.516
39025	0.528
39075	0.528
39125	0.488
39175	0.492
39225	0.492
39275	0.480
39325	0.488
39375	0.512
39425	0.508
39475	0.512
39525	0.516
39575	0.528
39625	0.540
39675	0.548
39725	0.520
39775	0.524
39825	0.512
39875	0.496
39925	0.476
39975	0.508
40025	0.508
40075	0.488
40125	0.460
40175	0.464
40225	0.440
40275	0.448
40325	0.464
40375	0.500
40425	0.528
40475	0.532
40525	0.512
40575	0.524
40625	0.512
40675	0.484
40725	0.484
40775	0.488
40825	0.468
40875	0.464
40925	0.456
40975	0.460
41025	0.436
41075	0.436
41125	0.444
41175	0.464
41225	0.444
41275	0.464
41325	0.492
41375	0.488
41425	0.488
41475	0.516
41525	0.500
41575	0.488
41625	0.508
41675	0.528
41725	0.520
41775	0.548
41825	0.560
41875	0.556
41925	0.544
41975	0.564
42025	0.548
42075	0.524
42125	0.524
42175	0.496
42225	0.484
42275	0.508
42325	0.492
42375	0.456
42425	0.464
42475	0.484
42525	0.456
42575	0.472
42625	0.504
42675	0.480
42725	0.452
42775	0.456
42825	0.460
42875	0.460
42925	0.488
42975	0.484
43025	0.468
43075	0.476
43125	0.456
43175	0.464
43225	0.472
43275	0.492
43325	0.468
43375	0.484
43425	0.468
43475	0.460
43525	0.456
43575	0.452
43625	0.452
43675	0.444
43725	0.460
43775	0.468
43825	0.500
43875	0.512
43925	0.520
43975	0.540
44025	0.540
44075	0.532
44125	0.532
44175	0.536
44225	0.508
44275	0.520
44325	0.536
44375	0.516
44425	0.520
44475	0.516
44525	0.496
44575	0.452
44625	0.468
44675	0.456
44725	0.468
44775	0.476
44825	0.520
44875	0.524
44925	0.532
44975	0.540
45025	0.540
45075	0.528
45125	0.512
45175	0.540
45225	0.536
45275	0.548
45325	0.524
45375	0.520
45425	0.520
45475	0.508
45525	0.504
45575	0.544
45625	0.556
45675	0.540
45725	0.544
45775	0.568
45825	0.568
45875	0.556
45925	0.544
45975	0.556
46025	0.536
46075	0.504
46125	0.520
46175	0.500
46225	0.472
46275	0.492
46325	0.508
46375	0.496
46425	0.528
46475	0.552
46525	0.560
46575	0.544
46625	0.556
46675	0.560
46725	0.556
46775	0.524
46825	0.548
46875	0.536
46925	0.540
46975	0.528
47025	0.532
47075	0.536
47125	0.548
47175	0.524
47225	0.528
47275	0.528
47325	0.512
47375	0.516
47425	0.540
47475	0.548
47525	0.564
47575	0.580
47625	0.604
47675	0.612
47725	0.612
47775	0.604
47825	0.584
47875	0.568
47925	0.560
47975	0.560
48025	0.560
48075	0.580
48125	0.568
48175	0.564
48225	0.576
48275	0.580
48325	0.584
48375	0.560
48425	0.544
48475	0.528
48525	0.516
48575	0.504
48625	0.532
48675	0.536
48725	0.508
48775	0.500
48825	0.488
48875	0.464
48925	0.476
48975	0.484
49025	0.472
49075	0.464
49125	0.464
49175	0.452
49225	0.468
49275	0.476
49325	0.472
49375	0.468
49425	0.456
49475	0.448
49525	0.432
49575	0.448
49625	0.456
49675	0.444
49725	0.452
49775	0.456
49825	0.420
49875	0.420
49925	0.464
49975	0.484
50025	0.488
50075	0.512
50125	0.500
50175	0.496
50225	0.456
50275	0.468
50325	0.496
50375	0.508
50425	0.480
50475	0.504
50525	0.476
50575	0.440
50625	0.432
50675	0.440
50725	0.420
50775	0.436
50825	0.432
50875	0.424
50925	0.448
50975	0.464
51025	0.476
51075	0.512
51125	0.548
51175	0.552
51225	0.544
51275	0.560
51325	0.552
51375	0.536
51425	0.516
51475	0.532
51525	0.528
51575	0.520
51625	0.520
51675	0.528
51725	0.508
51775	0.472
51825	0.476
51875	0.460
51925	0.460
51975	0.436
52025	0.472
52075	0.444
52125	0.448
52175	0.436
52225	0.456
52275	0.424
52325	0.452
52375	0.460
52425	0.456
52475	0.464
52525	0.472
52575	0.472
52625	0.496
52675	0.512
52725	0.520
52775	0.536
52825	0.504
52875	0.484
52925	0.456
52975	0.464
53025	0.444
53075	0.464
53125	0.452
53175	0.468
53225	0.448
53275	0.472
53325	0.472
53375	0.476
53425	0.468
53475	0.496
53525	0.480
53575	0.468
53625	0.476
53675	0.476
53725	0.448
53775	0.456
53825	0.472
53875	0.460
53925	0.456
53975	0.468
54025	0.436
54075	0.432
54125	0.456
54175	0.492
54225	0.508
54275	0.536
54325	0.536
54375	0.512
54425	0.492
54475	0.472
54525	0.468
54575	0.456
54625	0.484
54675	0.468
54725	0.456
54775	0.452
54825	0.468
54875	0.448
54925	0.480
54975	0.524
55025	0.528
55075	0.544
55125	0.552
55175	0.540
55225	0.532
55275	0.536
55325	0.484
55375	0.492
55425	0.480
55475	0.460
55525	0.460
55575	0.492
55625	0.480
55675	0.480
55725	0.488
55775	0.500
55825	0.496
55875	0.492
55925	0.508
55975	0.488
56025	0.452
56075	0.448
56125	0.464
56175	0.480
56225	0.516
56275	0.572
56325	0.580
56375	0.584
56425	0.560
56475	0.524
56525	0.508
56575	0.536
56625	0.532
56675	0.512
56725	0.496
56775	0.488
56825	0.460
56875	0.444
56925	0.480
56975	0.520
57025	0.512
57075	0.520
57125	0.540
57175	0.532
57225	0.544
57275	0.548
57325	0.552
57375	0.532
57425	0.524
57475	0.500
57525	0.492
57575	0.480
57625	0.508
57675	0.504
57725	0.484
57775	0.484
57825	0.516
57875	0.488
57925	0.468
57975	0.512
58025	0.508
58075	0.488
58125	0.500
58175	0.532
58225	0.520
58275	0.536
58325	0.536
58375	0.540
58425	0.532
58475	0.516
58525	0.516
58575	0.512
58625	0.520
58675	0.520
58725	0.536
58775	0.532
58825	0.552
58875	0.560
58925	0.584
58975	0.604
59025	0.608
59075	0.584
59125	0.552
59175	0.532
59225	0.508
59275	0.520
59325	0.524
59375	0.532
59425	0.540
59475	0.544
59525	0.552
59575	0.556
59625	0.560
59675	0.556
59725	0.544
59775	0.524
59825	0.520
59875	0.512
59925	0.476
59975	0.468
60025	0.452
60075	0.444
60125	0.452
60175	0.500
60225	0.520
60275	0.532
60325	0.548
60375	0.516
60425	0.476
60475	0.460
60525	0.424
60575	0.404
60625	0.432
60675	0.432
60725	0.440
60775	0.452
60825	0.468
60875	0.464
60925	0.480
60975	0.476
61025	0.492
61075	0.484
61125	0.496
61175	0.504
61225	0.492
61275	0.528
61325	0.512
61375	0.512
61425	0.524
61475	0.532
61525	0.536
61575	0.540
61625	0.552
61675	0.544
61725	0.548
61775	0.516
61825	0.520
61875	0.488
61925	0.480
61975	0.492
62025	0.504
62075	0.520
62125	0.540
62175	0.532
62225	0.512
62275	0.492
62325	0.512
62375	0.496
62425	0.496
62475	0.512
62525	0.516
62575	0.472
62625	0.488
62675	0.508
62725	0.520
62775	0.520
62825	0.552
62875	0.552
62925	0.548
62975	0.540
63025	0.552
63075	0.516
63125	0.520
63175	0.520
63225	0.484
63275	0.476
63325	0.492
63375	0.488
63425	0.464
63475	0.460
63525	0.472
63575	0.492
63625	0.488
63675	0.488
63725	0.516
63775	0.488
63825	0.452
63875	0.452
63925	0.456
63975	0.452
64025	0.452
64075	0.488
64125	0.496
64175	0.516
64225	0.500
64275	0.528
64325	0.500
64375	0.492
64425	0.472
64475	0.492
64525	0.488
64575	0.508
64625	0.512
64675	0.528
64725	0.528
64775	0.512
64825	0.508
64875	0.500
64925	0.504
64975	0.512
65025	0.524
65075	0.520
65125	0.520
65175	0.508
65225	0.504
65275	0.484
65325	0.492
65375	0.476
65425	0.488
65475	0.500
65525	0.520
65575	0.536
65625	0.572
65675	0.572
65725	0.544
65775	0.548
65825	0.524
65875	0.484
65925	0.468
65975	0.488
66025	0.496
66075	0.492
66125	0.524
66175	0.524
66225	0.508
66275	0.504
66325	0.520
66375	0.480
66425	0.484
66475	0.476
66525	0.444
66575	0.400
66625	0.440
66675	0.432
66725	0.432
66775	0.460
66825	0.484
66875	0.484
66925	0.520
66975	0.536
67025	0.532
67075	0.572
67125	0.552
67175	0.556
67225	0.560
67275	0.568
67325	0.548
67375	0.544
67425	0.536
67475	0.552
67525	0.544
67575	0.548
67625	0.572
67675	0.556
67725	0.524
67775	0.496
67825	0.488
67875	0.480
67925	0.468
67975	0.480
68025	0.512
68075	0.496
68125	0.480
68175	0.500
68225	0.512
68275	0.492
68325	0.504
68375	0.520
68425	0.516
68475	0.516
68525	0.516
68575	0.524
68625	0.504
68675	0.496
68725	0.464
68775	0.452
68825	0.420
68875	0.404
68925	0.380
68975	0.384
69025	0.400
69075	0.440
69125	0.484
69175	0.532
69225	0.568
69275	0.576
69325	0.536
69375	0.504
69425	0.504
69475	0.508
69525	0.524
69575	0.560
69625	0.608
69675	0.600
69725	0.588
69775	0.580
69825	0.604
69875	0.592
69925	0.588
69975	0.600
70025	0.616
70075	0.616
70125	0.592
70175	0.596
70225	0.596
70275	0.580
70325	0.576
70375	0.604
70425	0.620
70475	0.612
70525	0.612
70575	0.604
70625	0.616
70675	0.584
70725	0.584
70775	0.592
70825	0.568
70875	0.528
70925	0.516
70975	0.508
71025	0.500
71075	0.496
71125	0.488
71175	0.512
71225	0.516
71275	0.532
71325	0.524
71375	0.536
71425	0.512
71475	0.520
71525	0.524
71575	0.540
71625	0.560
71675	0.600
71725	0.572
71775	0.544
71825	0.508
71875	0.472
71925	0.428
71975	0.460
72025	0.472
72075	0.504
72125	0.532
72175	0.568
72225	0.536
72275	0.508
72325	0.488
72375	0.472
72425	0.432
72475	0.444
72525	0.468
72575	0.516
72625	0.516
72675	0.560
72725	0.560
72775	0.552
72825	0.512
72875	0.520
72925	0.496
72975	0.508
73025	0.528
73075	0.540
73125	0.544
73175	0.524
73225	0.488
73275	0.464
73325	0.456
73375	0.432
73425	0.440
73475	0.452
73525	0.448
73575	0.448
73625	0.440
73675	0.460
73725	0.464
73775	0.460
73825	0.472
73875	0.484
73925	0.460
73975	0.444
74025	0.444
74075	0.432
74125	0.448
74175	0.452
74225	0.456
74275	0.460
74325	0.456
74375	0.444
74425	0.468
74475	0.468
74525	0.492
74575	0.520
74625	0.552
74675	0.536
74725	0.540
74775	0.508
74825	0.484
74875	0.440
74925	0.432
74975	0.436
75025	0.440
75075	0.452
75125	0.460
75175	0.484
75225	0.480
75275	0.476
75325	0.456
75375	0.432
75425	0.392
75475	0.384
75525	0.392
75575	0.436
75625	0.472
75675	0.488
75725	0.520
75775	0.536
75825	0.508
75875	0.516
75925	0.528
75975	0.504
76025	0.488
76075	0.500
76125	0.504
76175	0.516
76225	0.536
76275	0.560
76325	0.576
76375	0.580
76425	0.576
76475	0.572
76525	0.568
76575	0.556
76625	0.524
76675	0.492
76725	0.472
76775	0.436
76825	0.388
76875	0.396
76925	0.388
76975	0.404
77025	0.412
77075	0.444
77125	0.440
77175	0.456
77225	0.460
77275	0.488
77325	0.496
77375	0.524
77425	0.540
77475	0.540
77525	0.532
77575	0.532
77625	0.508
77675	0.516
77725	0.496
77775	0.508
77825	0.504
77875	0.500
77925	0.484
77975	0.528
78025	0.512
78075	0.492
78125	0.500
78175	0.492
78225	0.452
78275	0.472
78325	0.500
78375	0.488
78425	0.504
78475	0.524
78525	0.492
78575	0.492
78625	0.500
78675	0.480
78725	0.476
78775	0.472
78825	0.436
78875	0.412
78925	0.440
78975	0.460
79025	0.492
79075	0.508
79125	0.536
79175	0.552
79225	0.544
79275	0.536
79325	0.540
79375	0.548
79425	0.532
79475	0.524
79525	0.516
79575	0.536
79625	0.516
79675	0.508
79725	0.496
79775	0.484
79825	0.456
79875	0.480
79925	0.492
79975	0.492
80025	0.492
80075	0.500
80125	0.492
80175	0.460
80225	0.452
80275	0.460
80325	0.476
80375	0.472
80425	0.512
80475	0.528
80525	0.516
80575	0.496
80625	0.520
80675	0.508
80725	0.512
80775	0.532
80825	0.548
80875	0.528
80925	0.504
80975	0.472
81025	0.472
81075	0.468
81125	0.464
81175	0.484
81225	0.508
81275	0.528
81325	0.548
81375	0.560
81425	0.564
81475	0.580
81525	0.556
81575	0.528
81625	0.520
81675	0.524
81725	0.476
81775	0.460
81825	0.484
81875	0.464
81925	0.436
81975	0.464
82025	0.472
82075	0.436
82125	0.436
82175	0.444
82225	0.436
82275	0.444
82325	0.460
82375	0.472
82425	0.480
82475	0.476
82525	0.460
82575	0.436
82625	0.436
82675	0.444
82725	0.452
82775	0.472
82825	0.508
82875	0.532
82925	0.520
82975	0.528
83025	0.516
83075	0.496
83125	0.500
83175	0.528
83225	0.524
83275	0.536
83325	0.520
83375	0.508
83425	0.488
83475	0.480
83525	0.504
83575	0.508
83625	0.504
83675	0.496
83725	0.500
83775	0.480
83825	0.500
83875	0.496
83925	0.520
83975	0.540
84025	0.544
84075	0.548
84125	0.572
84175	0.556
84225	0.552
84275	0.540
84325	0.512
84375	0.528
84425	0.520
84475	0.512
84525	0.532
84575	0.564
84625	0.512
84675	0.532
84725	0.536
84775	0.512
84825	0.508
84875	0.528
84925	0.508
84975	0.492
85025	0.512
85075	0.512
85125	0.528
85175	0.524
85225	0.548
85275	0.540
85325	0.552
85375	0.528
85425	0.528
85475	0.532
85525	0.536
85575	0.544
85625	0.572
85675	0.564
85725	0.560
85775	0.568
85825	0.572
85875	0.572
85925	0.612
85975	0.592
86025	0.568
86075	0.552
86125	0.512
86175	0.476
86225	0.460
86275	0.460
86325	0.424
86375	0.420
86425	0.444
86475	0.476
86525	0.464
86575	0.492
86625	0.488
86675	0.484
86725	0.488
86775	0.508
86825	0.512
86875	0.520
86925	0.528
86975	0.528
87025	0.552
87075	0.572
87125	0.620
87175	0.616
87225	0.632
87275	0.644
87325	0.592
87375	0.552
87425	0.536
87475	0.528
87525	0.488
87575	0.512
87625	0.496
87675	0.516
87725	0.484
87775	0.512
87825	0.512
87875	0.524
87925	0.492
87975	0.496
88025	0.472
88075	0.468
88125	0.476
88175	0.504
88225	0.496
88275	0.500
88325	0.520
88375	0.516
88425	0.516
88475	0.532
88525	0.536
88575	0.516
88625	0.516
88675	0.504
88725	0.500
88775	0.496
88825	0.520
88875	0.504
88925	0.508
88975	0.536
89025	0.548
89075	0.540
89125	0.576
89175	0.588
89225	0.584
89275	0.560
89325	0.556
89375	0.556
89425	0.536
89475	0.532
89525	0.556
89575	0.568
89625	0.548
89675	0.548
89725	0.500
89775	0.448
89825	0.412
89875	0.408
89925	0.396
89975	0.408
90025	0.476
90075	0.488
90125	0.492
90175	0.488
90225	0.504
90275	0.484
90325	0.516
90375	0.540
90425	0.580
90475	0.604
90525	0.600
90575	0.580
90625	0.576
90675	0.560
90725	0.548
90775	0.536
90825	0.532
90875	0.536
90925	0.536
90975	0.552
91025	0.560
91075	0.576
91125	0.584
91175	0.588
91225	0.560
91275	0.520
91325	0.492
91375	0.496
91425	0.496
91475	0.488
91525	0.548
91575	0.548
91625	0.536
91675	0.552
91725	0.572
91775	0.536
91825	0.536
91875	0.540
91925	0.540
91975	0.528
92025	0.536
92075	0.544
92125	0.508
92175	0.500
92225	0.512
92275	0.512
92325	0.512
92375	0.540
92425	0.548
92475	0.552
92525	0.556
92575	0.572
92625	0.560
92675	0.528
92725	0.512
92775	0.540
92825	0.540
92875	0.552
92925	0.548
92975	0.576
93025	0.552
93075	0.536
93125	0.524
93175	0.536
93225	0.524
93275	0.492
93325	0.500
93375	0.520
93425	0.512
93475	0.496
93525	0.504
93575	0.504
93625	0.488
93675	0.472
93725	0.452
93775	0.468
93825	0.464
93875	0.468
93925	0.480
93975	0.484
94025	0.480
94075	0.492
94125	0.484
94175	0.472
94225	0.500
94275	0.504
94325	0.508
94375	0.508
94425	0.528
94475	0.536
94525	0.548
94575	0.528
94625	0.540
94675	0.564
94725	0.572
94775	0.556
94825	0.580
94875	0.568
94925	0.552
94975	0.540
95025	0.564
95075	0.540
95125	0.544
95175	0.560
95225	0.540
95275	0.536
95325	0.528
95375	0.528
95425	0.512
95475	0.512
95525	0.484
95575	0.508
95625	0.492
95675	0.480
95725	0.508
95775	0.532
95825	0.520
95875	0.512
95925	0.500
95975	0.468
96025	0.444
96075	0.436
96125	0.424
96175	0.452
96225	0.452
96275	0.468
96325	0.476
96375	0.512
96425	0.524
96475	0.540
96525	0.500
96575	0.488
96625	0.488
96675	0.452
96725	0.452
96775	0.504
96825	0.532
96875	0.536
96925	0.552
96975	0.536
97025	0.540
97075	0.536
97125	0.556
97175	0.568
97225	0.596
97275	0.600
97325	0.600
97375	0.564
97425	0.572
97475	0.552
97525	0.532
97575	0.532
97625	0.556
97675	0.536
97725	0.516
97775	0.484
97825	0.456
97875	0.436
97925	0.420
97975	0.416
98025	0.440
98075	0.464
98125	0.480
98175	0.516
98225	0.520
98275	0.524
98325	0.532
98375	0.528
98425	0.520
98475	0.568
98525	0.584
98575	0.572
98625	0.560
98675	0.572
98725	0.556
98775	0.572
98825	0.580
98875	0.608
98925	0.588
98975	0.584
99025	0.540
99075	0.496
99125	0.488
99175	0.500
99225	0.492
99275	0.520
99325	0.524
99375	0.496
99425	0.476
99475	0.476
99525	0.468
99575	0.492
99625	0.512
99675	0.540
99725	0.560
99775	0.576
99825	0.588
99875	0.604
99925	0.604
99975	0.596
100025	0.588
100075	0.592
100125	0.592
100175	0.588
100225	0.580
100275	0.572
100325	0.556
100375	0.520
100425	0.488
100475	0.480
100525	0.480
100575	0.492
100625	0.520
100675	0.536
100725	0.556
100775	0.556
100825	0.568
100875	0.536
100925	0.544
100975	0.560
101025	0.556
101075	0.540
101125	0.572
101175	0.584
101225	0.580
101275	0.592
101325	0.604
101375	0.600
101425	0.596
101475	0.588
101525	0.596
101575	0.588
101625	0.560
101675	0.552
101725	0.536
101775	0.512
101825	0.512
101875	0.528
101925	0.520
101975	0.516
102025	0.544
102075	0.536
102125	0.532
102175	0.528
102225	0.536
102275	0.516
102325	0.524
102375	0.524
102425	0.532
102475	0.548
102525	0.528
102575	0.508
102625	0.496
102675	0.468
102725	0.432
102775	0.444
102825	0.456
102875	0.504
102925	0.496
102975	0.524
103025	0.508
103075	0.472
103125	0.424
103175	0.436
103225	0.412
103275	0.404
103325	0.440
103375	0.452
103425	0.476
103475	0.500
103525	0.532
103575	0.560
103625	0.528
103675	0.504
103725	0.492
103775	0.480
103825	0.448
103875	0.476
103925	0.492
103975	0.508
104025	0.500
104075	0.496
104125	0.500
104175	0.496
104225	0.500
104275	0.504
104325	0.516
104375	0.488
104425	0.484
104475	0.460
104525	0.464
104575	0.444
104625	0.464
104675	0.452
104725	0.452
104775	0.432
104825	0.424
104875	0.408
104925	0.428
104975	0.440
105025	0.448
105075	0.472
105125	0.516
105175	0.536
105225	0.548
105275	0.548
105325	0.560
105375	0.548
105425	0.512
105475	0.496
105525	0.504
105575	0.500
105625	0.472
105675	0.468
105725	0.436
105775	0.452
105825	0.436
105875	0.472
105925	0.456
105975	0.468
106025	0.428
106075	0.416
106125	0.400
106175	0.440
106225	0.444
106275	0.472
106325	0.496
106375	0.516
106425	0.528
106475	0.552
106525	0.564
106575	0.564
106625	0.568
106675	0.552
106725	0.540
106775	0.512
106825	0.508
106875	0.500
106925	0.548
106975	0.568
107025	0.616
107075	0.616
107125	0.608
107175	0.572
107225	0.568
107275	0.548
107325	0.556
107375	0.560
107425	0.544
107475	0.512
107525	0.508
107575	0.524
107625	0.540
107675	0.556
107725	0.592
107775	0.612
107825	0.572
107875	0.568
107925	0.568
107975	0.556
108025	0.548
108075	0.620
108125	0.624
108175	0.644
108225	0.652
108275	0.644
108325	0.604
108375	0.560
108425	0.508
108475	0.472
108525	0.472
108575	0.456
108625	0.476
108675	0.492
108725	0.508
108775	0.504
108825	0.500
108875	0.504
108925	0.496
108975	0.496
109025	0.484
109075	0.468
109125	0.444
109175	0.428
109225	0.428
109275	0.412
109325	0.416
109375	0.424
109425	0.432
109475	0.412
109525	0.416
109575	0.416
109625	0.404
109675	0.428
109725	0.440
109775	0.440
109825	0.436
109875	0.456
109925	0.456
109975	0.484
110025	0.504
110075	0.512
110125	0.496
110175	0.504
110225	0.472
110275	0.476
110325	0.476
110375	0.492
110425	0.476
110475	0.500
110525	0.488
110575	0.488
110625	0.476
110675	0.472
110725	0.444
110775	0.460
110825	0.464
110875	0.484
110925	0.496
110975	0.520
111025	0.520
111075	0.528
111125	0.508
111175	0.496
111225	0.468
111275	0.472
111325	0.456
111375	0.520
111425	0.560
111475	0.596
111525	0.596
111575	0.636
111625	0.608
111675	0.584
111725	0.576
111775	0.556
111825	0.536
111875	0.512
111925	0.504
111975	0.496
112025	0.508
112075	0.524
112125	0.560
112175	0.576
112225	0.588
112275	0.592
112325	0.596
112375	0.528
112425	0.504
112475	0.496
112525	0.480
112575	0.428
112625	0.460
112675	0.492
112725	0.480
112775	0.440
112825	0.436
112875	0.452
112925	0.428
112975	0.412
113025	0.472
113075	0.492
113125	0.448
113175	0.412
113225	0.432
113275	0.424
113325	0.464
113375	0.496
113425	0.560
113475	0.600
113525	0.600
113575	0.592
113625	0.620
113675	0.616
113725	0.608
113775	0.628
113825	0.628
113875	0.616
113925	0.624
113975	0.624
114025	0.628
114075	0.620
114125	0.612
114175	0.596
114225	0.600
114275	0.608
114325	0.604
114375	0.608
114425	0.612
114475	0.612
114525	0.584
114575	0.584
114625	0.576
114675	0.532
114725	0.488
114775	0.484
114825	0.484
114875	0.492
114925	0.552
114975	0.576
115025	0.564
115075	0.560
115125	0.580
115175	0.580
115225	0.600
115275	0.620
115325	0.644
115375	0.640
115425	0.608
115475	0.584
115525	0.600
115575	0.584
115625	0.560
115675	0.568
115725	0.584
115775	0.576
115825	0.572
115875	0.576
115925	0.588
115975	0.596
116025	0.600
116075	0.632
116125	0.636
116175	0.656
116225	0.676
116275	0.656
116325	0.624
116375	0.584
116425	0.552
116475	0.496
116525	0.512
116575	0.512
116625	0.568
116675	0.572
116725	0.596
116775	0.556
116825	0.536
116875	0.492
116925	0.464
116975	0.444
117025	0.496
117075	0.516
117125	0.544
117175	0.552
117225	0.552
117275	0.516
117325	0.512
117375	0.496
117425	0.496
117475	0.536
117525	0.556
117575	0.556
117625	0.560
117675	0.564
117725	0.520
117775	0.480
117825	0.448
117875	0.436
117925	0.428
117975	0.416
118025	0.436
118075	0.492
118125	0.500
118175	0.500
118225	0.532
118275	0.520
118325	0.492
118375	0.472
118425	0.464
118475	0.444
118525	0.476
118575	0.476
118625	0.512
118675	0.528
118725	0.544
118775	0.528
118825	0.560
118875	0.556
118925	0.588
118975	0.592
119025	0.604
119075	0.584
119125	0.580
119175	0.576
119225	0.560
119275	0.536
119325	0.524
119375	0.536
119425	0.532
119475	0.560
119525	0.576
119575	0.568
119625	0.552
119675	0.528
119725	0.540
119775	0.552
119825	0.576
119875	0.596
119925	0.632
119975	0.628
120025	0.636
120075	0.644
120125	0.640
120175	0.624
120225	0.620
120275	0.636
120325	0.632
120375	0.640
120425	0.632
120475	0.616
120525	0.568
120575	0.536
120625	0.504
120675	0.484
120725	0.460
120775	0.460
120825	0.456
120875	0.448
120925	0.428
120975	0.472
121025	0.504
121075	0.544
121125	0.596
121175	0.628
121225	0.620
121275	0.616
121325	0.632
121375	0.636
121425	0.644
121475	0.648
121525	0.660
121575	0.640
121625	0.628
121675	0.616
121725	0.588
121775	0.580
121825	0.564
121875	0.524
121925	0.552
121975	0.576
122025	0.592
122075	0.620
122125	0.616
122175	0.596
122225	0.580
122275	0.580
122325	0.532
122375	0.536
122425	0.512
122475	0.508
122525	0.480
122575	0.508
122625	0.540
122675	0.572
122725	0.588
122775	0.592
122825	0.592
122875	0.548
122925	0.540
122975	0.528
123025	0.544
123075	0.572
123125	0.644
123175	0.660
123225	0.664
123275	0.664
123325	0.648
123375	0.616
123425	0.580
123475	0.564
123525	0.504
123575	0.468
123625	0.452
123675	0.444
123725	0.472
123775	0.496
123825	0.528
123875	0.532
123925	0.552
123975	0.552
124025	0.568
124075	0.548
124125	0.556
124175	0.552
124225	0.500
124275	0.496
124325	0.500
124375	0.512
124425	0.516
124475	0.552
124525	0.524
124575	0.492
124625	0.484
124675	0.480
124725	0.488
124775	0.508
124825	0.544
124875	0.528
124925	0.544
124975	0.548
125025	0.536
125075	0.508
125125	0.528
125175	0.500
125225	0.476
125275	0.472
125325	0.468
125375	0.444
125425	0.480
125475	0.524
125525	0.584
125575	0.632
125625	0.644
125675	0.668
125725	0.660
125775	0.616
125825	0.596
125875	0.592
125925	0.564
125975	0.560
126025	0.568
126075	0.596
126125	0.608
126175	0.608
126225	0.620
126275	0.636
126325	0.624
126375	0.616
126425	0.628
126475	0.636
126525	0.644
126575	0.664
126625	0.664
126675	0.656
126725	0.640
126775	0.616
126825	0.588
126875	0.588
126925	0.560
126975	0.508
127025	0.488
127075	0.468
127125	0.464
127175	0.472
127225	0.496
127275	0.508
127325	0.516
127375	0.508
127425	0.500
127475	0.536
127525	0.588
127575	0.600
127625	0.584
127675	0.576
127725	0.564
127775	0.508
127825	0.468
127875	0.464
127925	0.448
127975	0.440
128025	0.440
128075	0.456
128125	0.500
128175	0.548
128225	0.536
128275	0.548
128325	0.592
128375	0.592
128425	0.588
128475	0.568
128525	0.560
128575	0.516
128625	0.496
128675	0.484
128725	0.512
128775	0.520
128825	0.512
128875	0.492
128925	0.472
128975	0.460
129025	0.448
129075	0.488
129125	0.500
129175	0.528
129225	0.536
129275	0.540
129325	0.492
129375	0.476
129425	0.452
129475	0.456
129525	0.464
129575	0.480
129625	0.504
129675	0.500
129725	0.480
129775	0.476
129825	0.520
129875	0.548
129925	0.588
129975	0.632
130025	0.648
130075	0.648
130125	0.648
130175	0.628
130225	0.560
130275	0.540
130325	0.464
130375	0.432
130425	0.424
130475	0.436
130525	0.436
130575	0.452
130625	0.452
130675	0.444
130725	0.452
130775	0.420
130825	0.428
130875	0.436
130925	0.436
130975	0.436
131025	0.476
131075	0.508
131125	0.480
131175	0.504
131225	0.528
131275	0.528
131325	0.508
131375	0.532
131425	0.536
131475	0.520
131525	0.488
131575	0.516
131625	0.508
131675	0.488
131725	0.516
131775	0.548
131825	0.512
131875	0.504
131925	0.496
131975	0.452
132025	0.484
132075	0.528
132125	0.580
132175	0.624
132225	0.700
132275	0.688
132325	0.656
132375	0.620
132425	0.600
132475	0.520
132525	0.504
132575	0.500
132625	0.500
132675	0.504
132725	0.504
132775	0.488
132825	0.488
132875	0.480
132925	0.460
132975	0.488
133025	0.476
133075	0.472
133125	0.484
133175	0.484
133225	0.472
133275	0.492
133325	0.480
133375	0.468
133425	0.468
133475	0.476
133525	0.464
133575	0.468
133625	0.488
133675	0.528
133725	0.524
133775	0.548
133825	0.568
133875	0.552
133925	0.496
133975	0.512
134025	0.508
134075	0.504
134125	0.484
134175	0.512
134225	0.512
134275	0.528
134325	0.524
134375	0.560
134425	0.568
134475	0.556
134525	0.512
134575	0.508
134625	0.488
134675	0.448
134725	0.440
134775	0.464
134825	0.492
134875	0.512
134925	0.532
134975	0.540
135025	0.520
135075	0.512
135125	0.524
135175	0.532
135225	0.544
135275	0.588
135325	0.596
135375	0.548
135425	0.540
135475	0.500
135525	0.448
135575	0.440
135625	0.448
135675	0.464
135725	0.488
135775	0.528
135825	0.504
135875	0.540
135925	0.540
135975	0.564
136025	0.560
136075	0.608
136125	0.596
136175	0.616
136225	0.620
136275	0.632
136325	0.620
136375	0.628
136425	0.632
136475	0.580
136525	0.552
136575	0.536
136625	0.532
136675	0.512
136725	0.572
136775	0.612
136825	0.644
136875	0.648
136925	0.680
136975	0.680
137025	0.660
137075	0.652
137125	0.624
137175	0.556
137225	0.536
137275	0.508
137325	0.504
137375	0.536
137425	0.540
137475	0.536
137525	0.576
137575	0.556
137625	0.532
137675	0.556
137725	0.532
137775	0.496
137825	0.496
137875	0.484
137925	0.488
137975	0.488
138025	0.492
138075	0.496
138125	0.516
138175	0.536
138225	0.576
138275	0.572
138325	0.548
138375	0.524
138425	0.496
138475	0.460
138525	0.448
138575	0.488
138625	0.508
138675	0.500
138725	0.528
138775	0.580
138825	0.536
138875	0.536
138925	0.564
138975	0.520
139025	0.468
139075	0.492
139125	0.472
139175	0.448
139225	0.476
139275	0.520
139325	0.540
139375	0.588
139425	0.636
139475	0.684
139525	0.684
139575	0.696
139625	0.676
139675	0.644
139725	0.604
139775	0.620
139825	0.612
139875	0.596
139925	0.560
139975	0.536
140025	0.488
140075	0.472
140125	0.488
140175	0.524
140225	0.552
140275	0.552
140325	0.520
140375	0.500
140425	0.496
140475	0.500
140525	0.516
140575	0.524
140625	0.536
140675	0.540
140725	0.532
140775	0.524
140825	0.536
140875	0.556
140925	0.556
140975	0.560
141025	0.556
141075	0.560
141125	0.548
141175	0.544
141225	0.520
141275	0.560
141325	0.564
141375	0.560
141425	0.568
141475	0.604
141525	0.572
141575	0.548
141625	0.528
141675	0.508
141725	0.484
141775	0.476
141825	0.484
141875	0.476
141925	0.472
141975	0.448
142025	0.452
142075	0.460
142125	0.460
142175	0.468
142225	0.508
142275	0.504
142325	0.516
142375	0.512
142425	0.480
142475	0.452
142525	0.460
142575	0.472
142625	0.528
142675	0.584
142725	0.600
142775	0.608
142825	0.588
142875	0.564
142925	0.576
142975	0.604
143025	0.600
143075	0.608
143125	0.612
143175	0.576
143225	0.524
143275	0.516
143325	0.532
143375	0.544
143425	0.552
143475	0.604
143525	0.612
143575	0.620
143625	0.636
143675	0.644
143725	0.640
143775	0.652
143825	0.628
143875	0.600
143925	0.616
143975	0.600
144025	0.600
144075	0.612
144125	0.600
144175	0.576
144225	0.580
144275	0.536
144325	0.500
144375	0.468
144425	0.480
144475	0.484
144525	0.516
144575	0.540
144625	0.588
144675	0.588
144725	0.584
144775	0.576
144825	0.552
144875	0.536
144925	0.512
144975	0.524
145025	0.516
145075	0.516
145125	0.528
145175	0.556
145225	0.516
145275	0.524
145325	0.544
145375	0.540
145425	0.544
145475	0.560
145525	0.572
145575	0.564
145625	0.556
145675	0.508
145725	0.520
145775	0.512
145825	0.524
145875	0.524
145925	0.532
145975	0.520
146025	0.540
146075	0.536
146125	0.544
146175	0.560
146225	0.564
146275	0.564
146325	0.564
146375	0.568
146425	0.552
146475	0.548
146525	0.516
146575	0.512
146625	0.516
146675	0.536
146725	0.528
146775	0.556
146825	0.564
146875	0.564
146925	0.568
146975	0.588
147025	0.592
147075	0.580
147125	0.592
147175	0.604
147225	0.616
147275	0.604
147325	0.604
147375	0.596
147425	0.624
147475	0.620
147525	0.644
147575	0.676
147625	0.688
147675	0.644
147725	0.604
147775	0.548
147825	0.548
147875	0.528
147925	0.528
147975	0.556
148025	0.576
148075	0.532
148125	0.464
148175	0.452
148225	0.424
148275	0.432
148325	0.448
148375	0.516
148425	0.536
148475	0.572
148525	0.520
148575	0.536
148625	0.532
148675	0.504
148725	0.484
148775	0.544
148825	0.516
148875	0.508
148925	0.504
148975	0.476
149025	0.448
149075	0.444
149125	0.444
149175	0.432
149225	0.456
149275	0.456
149325	0.444
149375	0.440
149425	0.468
149475	0.440
149525	0.440
149575	0.444
149625	0.472
149675	0.464
149725	0.472
149775	0.464
149825	0.464
149875	0.420
149925	0.452
149975	0.472
150025	0.472
150075	0.484
150125	0.500
150175	0.484
150225	0.480
150275	0.524
150325	0.528
150375	0.556
150425	0.592
150475	0.660
150525	0.652
150575	0.672
150625	0.648
150675	0.592
150725	0.488
150775	0.480
150825	0.460
150875	0.464
150925	0.472
150975	0.504
151025	0.508
151075	0.516
151125	0.508
151175	0.532
151225	0.540
151275	0.508
151325	0.524
151375	0.544
151425	0.528
151475	0.536
151525	0.548
151575	0.524
151625	0.536
151675	0.516
151725	0.520
151775	0.568
151825	0.560
151875	0.540
151925	0.564
151975	0.548
152025	0.516
152075	0.532
152125	0.536
152175	0.552
152225	0.560
152275	0.544
152325	0.560
152375	0.572
152425	0.568
152475	0.568
152525	0.604
152575	0.596
152625	0.584
152675	0.568
152725	0.592
152775	0.572
152825	0.564
152875	0.560
152925	0.568
152975	0.532
153025	0.504
153075	0.472
153125	0.452
153175	0.428
153225	0.456
153275	0.476
153325	0.524
153375	0.528
153425	0.556
153475	0.560
153525	0.576
153575	0.580
153625	0.596
153675	0.600
153725	0.588
153775	0.580
153825	0.564
153875	0.592
153925	0.596
153975	0.612
154025	0.632
154075	0.636
154125	0.612
154175	0.608
154225	0.600
154275	0.544
154325	0.524
154375	0.504
154425	0.500
154475	0.500
154525	0.556
154575	0.572
154625	0.576
154675	0.572
154725	0.536
154775	0.508
154825	0.488
154875	0.504
154925	0.492
154975	0.504
155025	0.480
155075	0.496
155125	0.508
155175	0.544
155225	0.584
155275	0.660
155325	0.684
155375	0.684
155425	0.668
155475	0.616
155525	0.568
155575	0.548
155625	0.536
155675	0.536
155725	0.560
155775	0.576
155825	0.580
155875	0.588
155925	0.592
155975	0.588
156025	0.556
156075	0.560
156125	0.544
156175	0.512
156225	0.532
156275	0.548
156325	0.536
156375	0.516
156425	0.556
156475	0.556
156525	0.584
156575	0.608
156625	0.652
156675	0.672
156725	0.664
156775	0.640
156825	0.620
156875	0.592
156925	0.544
156975	0.536
157025	0.516
157075	0.496
157125	0.476
157175	0.488
157225	0.480
157275	0.476
157325	0.480
157375	0.456
157425	0.420
157475	0.384
157525	0.392
157575	0.392
157625	0.444
157675	0.444
157725	0.480
157775	0.472
157825	0.464
157875	0.452
157925	0.460
157975	0.440
158025	0.456
158075	0.476
158125	0.500
158175	0.540
158225	0.580
158275	0.620
158325	0.652
158375	0.672
158425	0.692
158475	0.708
158525	0.696
158575	0.680
158625	0.684
158675	0.684
158725	0.704
158775	0.704
158825	0.680
158875	0.632
158925	0.564
158975	0.504
159025	0.464
159075	0.460
159125	0.492
159175	0.500
159225	0.500
159275	0.508
159325	0.524
159375	0.488
159425	0.484
159475	0.480
159525	0.452
159575	0.432
159625	0.452
159675	0.472
159725	0.480
159775	0.528
159825	0.536
159875	0.524
159925	0.508
159975	0.488
160025	0.492
160075	0.484
160125	0.512
160175	0.552
160225	0.592
160275	0.592
160325	0.596
160375	0.568
160425	0.576
160475	0.564
160525	0.580
160575	0.600
160625	0.612
160675	0.596
160725	0.600
160775	0.556
160825	0.576
160875	0.580
160925	0.580
160975	0.588
161025	0.600
161075	0.576
161125	0.584
161175	0.572
161225	0.548
161275	0.564
161325	0.568
161375	0.552
161425	0.548
161475	0.512
161525	0.496
161575	0.492
161625	0.504
161675	0.540
161725	0.596
161775	0.592
161825	0.580
161875	0.568
161925	0.516
161975	0.496
162025	0.484
162075	0.484
162125	0.456
162175	0.480
162225	0.464
162275	0.492
162325	0.496
162375	0.492
162425	0.464
162475	0.468
162525	0.428
162575	0.428
162625	0.452
162675	0.472
162725	0.516
162775	0.540
162825	0.560
162875	0.576
162925	0.580
162975	0.572
163025	0.576
163075	0.564
163125	0.572
163175	0.576
163225	0.568
163275	0.600
163325	0.600
163375	0.604
163425	0.612
163475	0.644
163525	0.636
163575	0.636
163625	0.628
163675	0.632
163725	0.588
163775	0.568
163825	0.580
163875	0.596
163925	0.600
163975	0.636
164025	0.640
164075	0.648
164125	0.640
164175	0.644
164225	0.644
164275	0.624
164325	0.608
164375	0.624
164425	0.616
164475	0.576
164525	0.572
164575	0.524
164625	0.496
164675	0.468
164725	0.496
164775	0.496
164825	0.544
164875	0.512
164925	0.524
164975	0.508
165025	0.512
165075	0.488
165125	0.516
165175	0.528
165225	0.512
165275	0.528
165325	0.552
165375	0.548
165425	0.532
165475	0.544
165525	0.572
165575	0.572
165625	0.560
165675	0.548
165725	0.540
165775	0.496
165825	0.476
165875	0.508
165925	0.544
165975	0.560
166025	0.592
166075	0.612
166125	0.600
166175	0.604
166225	0.644
166275	0.656
166325	0.668
166375	0.692
166425	0.680
166475	0.660
166525	0.640
166575	0.624
166625	0.588
166675	0.580
166725	0.572
166775	0.556
166825	0.552
166875	0.580
166925	0.592
166975	0.600
167025	0.624
167075	0.660
167125	0.676
167175	0.668
167225	0.656
167275	0.616
167325	0.560
167375	0.496
167425	0.500
167475	0.476
167525	0.472
167575	0.460
167625	0.464
167675	0.424
167725	0.432
167775	0.456
167825	0.480
167875	0.500
167925	0.540
167975	0.532
168025	0.516
168075	0.496
168125	0.456
168175	0.428
168225	0.424
168275	0.428
168325	0.432
168375	0.476
168425	0.492
168475	0.496
168525	0.520
168575	0.552
168625	0.580
168675	0.584
168725	0.568
168775	0.540
168825	0.512
168875	0.480
168925	0.448
168975	0.464
169025	0.456
169075	0.472
169125	0.476
169175	0.528
169225	0.552
169275	0.596
169325	0.628
169375	0.620
169425	0.636
169475	0.652
169525	0.652
169575	0.636
169625	0.644
169675	0.612
169725	0.596
169775	0.596
169825	0.588
169875	0.584
169925	0.592
169975	0.580
170025	0.568
170075	0.596
170125	0.608
170175	0.628
170225	0.644
170275	0.624
170325	0.592
170375	0.576
170425	0.540
170475	0.516
170525	0.488
170575	0.476
170625	0.468
170675	0.444
170725	0.408
170775	0.428
170825	0.436
170875	0.428
170925	0.424
170975	0.464
171025	0.488
171075	0.496
171125	0.464
171175	0.468
171225	0.480
171275	0.488
171325	0.480
171375	0.528
171425	0.548
171475	0.512
171525	0.492
171575	0.488
171625	0.488
171675	0.464
171725	0.480
171775	0.496
171825	0.500
171875	0.504
171925	0.552
171975	0.560
172025	0.564
172075	0.600
172125	0.616
172175	0.608
172225	0.612
172275	0.608
172325	0.564
172375	0.528
172425	0.488
172475	0.444
172525	0.428
172575	0.424
172625	0.420
172675	0.444
172725	0.492
172775	0.488
172825	0.496
172875	0.528
172925	0.524
172975	0.520
173025	0.556
173075	0.576
173125	0.568
173175	0.556
173225	0.568
173275	0.528
173325	0.536
173375	0.556
173425	0.592
173475	0.604
173525	0.640
173575	0.652
173625	0.628
173675	0.624
173725	0.612
173775	0.612
173825	0.608
173875	0.660
173925	0.684
173975	0.700
174025	0.712
174075	0.688
174125	0.636
174175	0.600
174225	0.580
174275	0.564
174325	0.552
174375	0.552
174425	0.564
174475	0.568
174525	0.568
174575	0.604
174625	0.616
174675	0.596
174725	0.604
174775	0.596
174825	0.564
174875	0.580
174925	0.592
174975	0.564
175025	0.568
175075	0.584
175125	0.552
175175	0.556
175225	0.592
175275	0.580
175325	0.600
175375	0.620
175425	0.636
175475	0.636
175525	0.648
175575	0.640
175625	0.636
175675	0.644
175725	0.624
175775	0.640
175825	0.632
175875	0.604
175925	0.556
175975	0.524
176025	0.468
176075	0.436
176125	0.464
176175	0.476
176225	0.480
176275	0.472
176325	0.460
176375	0.452
176425	0.448
176475	0.448
176525	0.484
176575	0.504
176625	0.484
176675	0.488
176725	0.500
176775	0.496
176825	0.516
176875	0.520
176925	0.524
176975	0.520
177025	0.508
177075	0.500
177125	0.512
177175	0.512
177225	0.516
177275	0.536
177325	0.528
177375	0.568
177425	0.604
177475	0.640
177525	0.636
177575	0.660
177625	0.644
177675	0.616
177725	0.628
177775	0.624
177825	0.616
177875	0.624
177925	0.632
177975	0.612
178025	0.648
178075	0.640
178125	0.624
178175	0.604
178225	0.580
178275	0.520
178325	0.540
178375	0.540
178425	0.568
178475	0.596
178525	0.644
178575	0.644
178625	0.640
178675	0.640
178725	0.640
178775	0.632
178825	0.636
178875	0.640
178925	0.636
178975	0.632
179025	0.656
179075	0.636
179125	0.636
179175	0.616
179225	0.588
179275	0.532
179325	0.516
179375	0.516
179425	0.512
179475	0.540
179525	0.588
179575	0.612
179625	0.628
179675	0.640
179725	0.620
179775	0.624
179825	0.620
179875	0.604
179925	0.600
179975	0.612
180025	0.572
180075	0.540
180125	0.532
180175	0.548
180225	0.544
180275	0.548
180325	0.568
180375	0.568
180425	0.560
180475	0.580
180525	0.592
180575	0.608
180625	0.648
180675	0.644
180725	0.620
180775	0.616
180825	0.604
180875	0.576
180925	0.592
180975	0.588
181025	0.568
181075	0.572
181125	0.572
181175	0.508
181225	0.512
181275	0.520
181325	0.512
181375	0.500
181425	0.536
181475	0.504
181525	0.508
181575	0.476
181625	0.456
181675	0.428
181725	0.440
181775	0.432
181825	0.440
181875	0.464
181925	0.472
181975	0.472
182025	0.476
182075	0.492
182125	0.480
182175	0.500
182225	0.496
182275	0.492
182325	0.464
182375	0.416
182425	0.404
182475	0.396
182525	0.384
182575	0.416
182625	0.500
182675	0.536
182725	0.592
182775	0.616
182825	0.648
182875	0.644
182925	0.620
182975	0.560
183025	0.548
183075	0.532
183125	0.508
183175	0.516
183225	0.580
183275	0.612
183325	0.616
183375	0.644
183425	0.664
183475	0.648
183525	0.660
183575	0.672
183625	0.656
183675	0.652
183725	0.660
183775	0.604
183825	0.564
183875	0.540
183925	0.544
183975	0.536
184025	0.572
184075	0.616
184125	0.648
184175	0.620
184225	0.604
184275	0.616
184325	0.584
184375	0.564
184425	0.568
184475	0.580
184525	0.540
184575	0.540
184625	0.544
184675	0.532
184725	0.524
184775	0.548
184825	0.564
184875	0.564
184925	0.568
184975	0.576
185025	0.548
185075	0.512
185125	0.496
185175	0.512
185225	0.500
185275	0.548
185325	0.564
185375	0.584
185425	0.568
185475	0.580
185525	0.564
185575	0.560
185625	0.544
185675	0.576
185725	0.596
185775	0.596
185825	0.620
185875	0.620
185925	0.612
185975	0.580
186025	0.552
186075	0.520
186125	0.532
186175	0.524
186225	0.508
186275	0.520
186325	0.520
186375	0.504
186425	0.500
186475	0.524
186525	0.524
186575	0.536
186625	0.548
186675	0.528
186725	0.548
186775	0.568
186825	0.576
186875	0.592
186925	0.632
186975	0.600
187025	0.616
187075	0.604
187125	0.596
187175	0.572
187225	0.592
187275	0.560
187325	0.564
187375	0.560
187425	0.524
187475	0.512
187525	0.544
187575	0.564
187625	0.564
187675	0.596
187725	0.568
187775	0.560
187825	0.552
187875	0.544
187925	0.548
187975	0.572
188025	0.560
188075	0.572
188125	0.560
188175	0.580
188225	0.576
188275	0.580
188325	0.588
188375	0.616
188425	0.604
188475	0.628
188525	0.636
188575	0.620
188625	0.608
188675	0.624
188725	0.604
188775	0.588
188825	0.584
188875	0.568
188925	0.508
188975	0.496
189025	0.472
189075	0.444
189125	0.440
189175	0.464
189225	0.472
189275	0.512
189325	0.536
189375	0.576
189425	0.584
189475	0.588
189525	0.572
189575	0.588
189625	0.588
189675	0.616
189725	0.640
189775	0.664
189825	0.676
189875	0.648
189925	0.632
189975	0.604
190025	0.584
190075	0.512
190125	0.508
190175	0.508
190225	0.528
190275	0.524
190325	0.588
190375	0.588
190425	0.568
190475	0.536
190525	0.500
190575	0.480
190625	0.484
190675	0.512
190725	0.544
190775	0.604
190825	0.632
190875	0.652
190925	0.652
190975	0.652
191025	0.624
191075	0.592
191125	0.588
191175	0.592
191225	0.588
191275	0.584
191325	0.592
191375	0.588
191425	0.588
191475	0.580
191525	0.580
191575	0.576
191625	0.576
191675	0.564
191725	0.560
191775	0.576
191825	0.576
191875	0.556
191925	0.540
191975	0.540
192025	0.544
192075	0.548
192125	0.580
192175	0.616
192225	0.616
192275	0.596
192325	0.592
192375	0.572
192425	0.576
192475	0.600
192525	0.604
192575	0.616
192625	0.628
192675	0.620
192725	0.600
192775	0.608
192825	0.612
192875	0.616
192925	0.576
192975	0.588
193025	0.588
193075	0.608
193125	0.616
193175	0.656
193225	0.636
193275	0.628
193325	0.596
193375	0.564
193425	0.556
193475	0.596
193525	0.616
193575	0.612
193625	0.628
193675	0.640
193725	0.584
193775	0.540
193825	0.504
193875	0.468
193925	0.432
193975	0.436
194025	0.436
194075	0.468
194125	0.504
194175	0.516
194225	0.512
194275	0.508
194325	0.504
194375	0.504
194425	0.512
194475	0.480
194525	0.496
194575	0.476
194625	0.472
194675	0.464
194725	0.512
194775	0.512
194825	0.532
194875	0.532
194925	0.532
194975	0.540
195025	0.548
195075	0.576
195125	0.572
195175	0.568
195225	0.584
195275	0.588
195325	0.572
195375	0.564
195425	0.564
195475	0.552
195525	0.556
195575	0.556
195625	0.580
195675	0.600
195725	0.604
195775	0.620
195825	0.616
195875	0.592
195925	0.572
195975	0.552
196025	0.504
196075	0.480
196125	0.472
196175	0.460
196225	0.436
196275	0.444
196325	0.436
196375	0.436
196425	0.400
196475	0.412
196525	0.436
196575	0.440
196625	0.452
196675	0.480
196725	0.484
196775	0.476
196825	0.492
196875	0.476
196925	0.472
196975	0.456
197025	0.452
197075	0.460
197125	0.468
197175	0.468
197225	0.492
197275	0.476
197325	0.468
197375	0.480
197425	0.496
197475	0.472
197525	0.480
197575	0.456
197625	0.424
197675	0.424
197725	0.456
197775	0.440
197825	0.456
197875	0.500
197925	0.504
197975	0.504
198025	0.520
198075	0.532
198125	0.476
198175	0.452
198225	0.420
198275	0.408
198325	0.408
198375	0.452
198425	0.492
198475	0.520
198525	0.576
198575	0.576
198625	0.592
198675	0.572
198725	0.584
198775	0.552
198825	0.548
198875	0.544
198925	0.556
198975	0.564
199025	0.564
199075	0.572
199125	0.572
199175	0.580
199225	0.568
199275	0.568
199325	0.548
199375	0.532
199425	0.512
199475	0.500
199525	0.488
199575	0.504
199625	0.496
199675	0.512
199725	0.532
199775	0.536
199825	0.552
199875	0.572
199925	0.564
199975	0.564
200025	0.568
200075	0.548
200125	0.560
200175	0.576
200225	0.580
200275	0.604
200325	0.616
200375	0.592
200425	0.588
200475	0.584
200525	0.568
200575	0.584
200625	0.604
200675	0.588
200725	0.572
200775	0.572
200825	0.544
200875	0.536
200925	0.532
200975	0.532
201025	0.520
201075	0.528
201125	0.528
201175	0.548
201225	0.580
201275	0.592
201325	0.632
201375	0.648
201425	0.648
201475	0.616
201525	0.652
201575	0.624
201625	0.600
201675	0.604
201725	0.604
201775	0.576
201825	0.572
201875	0.588
201925	0.572
201975	0.576
202025	0.588
202075	0.560
202125	0.528
202175	0.536
202225	0.528
202275	0.528
202325	0.528
202375	0.576
202425	0.584
202475	0.616
202525	0.604
202575	0.652
202625	0.644
202675	0.636
202725	0.620
202775	0.640
202825	0.628
202875	0.620
202925	0.636
202975	0.644
203025	0.636
203075	0.632
203125	0.636
203175	0.644
203225	0.636
203275	0.612
203325	0.624
203375	0.600
203425	0.540
203475	0.548
203525	0.564
203575	0.548
203625	0.560
203675	0.600
203725	0.576
203775	0.556
203825	0.548
203875	0.552
203925	0.532
203975	0.536
204025	0.552
204075	0.568
204125	0.556
204175	0.572
204225	0.596
204275	0.596
204325	0.576
204375	0.592
204425	0.596
204475	0.580
204525	0.560
204575	0.548
204625	0.564
204675	0.560
204725	0.520
204775	0.496
204825	0.532
204875	0.484
204925	0.448
204975	0.488
205025	0.516
205075	0.488
205125	0.520
205175	0.564
205225	0.584
205275	0.584
205325	0.584
205375	0.568
205425	0.560
205475	0.548
205525	0.556
205575	0.576
205625	0.560
205675	0.580
205725	0.572
205775	0.548
205825	0.536
205875	0.564
205925	0.536
205975	0.516
206025	0.520
206075	0.540
206125	0.524
206175	0.536
206225	0.540
206275	0.556
206325	0.548
206375	0.560
206425	0.552
206475	0.556
206525	0.552
206575	0.556
206625	0.544
206675	0.556
206725	0.588
206775	0.596
206825	0.608
206875	0.596
206925	0.552
206975	0.540
207025	0.524
207075	0.488
207125	0.504
207175	0.524
207225	0.516
207275	0.524
207325	0.532
207375	0.532
207425	0.524
207475	0.540
207525	0.520
207575	0.512
207625	0.508
207675	0.524
207725	0.516
207775	0.520
207825	0.528
207875	0.548
207925	0.564
207975	0.560
208025	0.580
208075	0.592
208125	0.592
208175	0.572
208225	0.572
208275	0.580
208325	0.560
208375	0.548
208425	0.532
208475	0.500
208525	0.492
208575	0.516
208625	0.528
208675	0.544
208725	0.568
208775	0.576
208825	0.580
208875	0.564
208925	0.540
208975	0.524
209025	0.504
209075	0.472
209125	0.476
209175	0.488
209225	0.512
209275	0.524
209325	0.524
209375	0.540
209425	0.568
209475	0.544
209525	0.528
209575	0.520
209625	0.508
209675	0.492
209725	0.504
209775	0.512
209825	0.508
209875	0.504
209925	0.488
209975	0.468
210025	0.484
210075	0.504
210125	0.492
210175	0.520
210225	0.544
210275	0.516
210325	0.536
210375	0.536
210425	0.532
210475	0.524
210525	0.540
210575	0.516
210625	0.516
210675	0.504
210725	0.520
210775	0.520
210825	0.516
210875	0.520
210925	0.544
210975	0.544
211025	0.564
211075	0.576
211125	0.596
211175	0.576
211225	0.556
211275	0.516
211325	0.488
211375	0.440
211425	0.452
211475	0.460
211525	0.492
211575	0.516
211625	0.532
211675	0.508
211725	0.520
211775	0.480
211825	0.496
211875	0.540
211925	0.576
211975	0.568
212025	0.592
212075	0.552
212125	0.524
212175	0.512
212225	0.540
212275	0.576
212325	0.608
212375	0.612
212425	0.636
212475	0.612
212525	0.596
212575	0.604
212625	0.648
212675	0.600
212725	0.604
212775	0.624
212825	0.616
212875	0.584
212925	0.644
212975	0.612
213025	0.576
213075	0.576
213125	0.544
213175	0.484
213225	0.480
213275	0.452
213325	0.436
213375	0.436
213425	0.460
213475	0.472
213525	0.484
213575	0.476
213625	0.488
213675	0.460
213725	0.452
213775	0.460
213825	0.456
213875	0.432
213925	0.452
213975	0.472
214025	0.476
214075	0.472
214125	0.488
214175	0.456
214225	0.448
214275	0.452
214325	0.460
214375	0.448
214425	0.476
214475	0.472
214525	0.456
214575	0.476
214625	0.504
214675	0.528
214725	0.524
214775	0.532
214825	0.544
214875	0.528
214925	0.500
214975	0.512
215025	0.488
215075	0.456
215125	0.444
215175	0.436
215225	0.412
215275	0.416
215325	0.408
215375	0.404
215425	0.404
215475	0.440
215525	0.500
215575	0.524
215625	0.544
215675	0.544
215725	0.508
215775	0.472
215825	0.472
215875	0.476
215925	0.512
215975	0.548
216025	0.552
216075	0.548
216125	0.548
216175	0.512
216225	0.516
216275	0.504
216325	0.488
216375	0.472
216425	0.484
216475	0.452
216525	0.452
216575	0.496
216625	0.516
216675	0.516
216725	0.532
216775	0.544
216825	0.544
216875	0.548
216925	0.572
216975	0.580
217025	0.568
217075	0.532
217125	0.532
217175	0.484
217225	0.464
217275	0.504
217325	0.524
217375	0.528
217425	0.556
217475	0.580
217525	0.556
217575	0.548
217625	0.532
217675	0.520
217725	0.496
217775	0.488
217825	0.504
217875	0.472
217925	0.508
217975	0.540
218025	0.556
218075	0.536
218125	0.556
218175	0.540
218225	0.544
218275	0.524
218325	0.556
218375	0.572
218425	0.568
218475	0.556
218525	0.572
218575	0.536
218625	0.524
218675	0.540
218725	0.512
218775	0.524
218825	0.560
218875	0.584
218925	0.580
218975	0.620
219025	0.604
219075	0.568
219125	0.536
219175	0.512
219225	0.504
219275	0.508
219325	0.504
219375	0.536
219425	0.560
219475	0.564
219525	0.576
219575	0.600
219625	0.596
219675	0.588
219725	0.576
219775	0.568
219825	0.572
219875	0.592
219925	0.572
219975	0.584
220025	0.600
220075	0.600
220125	0.576
220175	0.604
220225	0.620
220275	0.624
220325	0.656
220375	0.672
220425	0.680
220475	0.668
220525	0.636
220575	0.604
220625	0.592
220675	0.580
220725	0.560
220775	0.576
220825	0.604
220875	0.628
220925	0.620
220975	0.608
221025	0.612
221075	0.600
221125	0.580
221175	0.588
221225	0.616
221275	0.616
221325	0.620
221375	0.632
221425	0.636
221475	0.648
221525	0.672
221575	0.656
221625	0.652
221675	0.656
221725	0.644
221775	0.628
221825	0.640
221875	0.628
221925	0.608
221975	0.608
222025	0.604
222075	0.548
222125	0.548
222175	0.572
222225	0.572
222275	0.548
222325	0.584
222375	0.592
222425	0.572
222475	0.568
222525	0.568
222575	0.568
222625	0.580
222675	0.584
222725	0.604
222775	0.632
222825	0.640
222875	0.636
222925	0.620
222975	0.616
223025	0.612
223075	0.608
223125	0.600
223175	0.628
223225	0.604
223275	0.620
223325	0.604
223375	0.628
223425	0.592
223475	0.592
223525	0.532
223575	0.496
223625	0.424
223675	0.416
223725	0.400
223775	0.432
223825	0.444
223875	0.448
223925	0.468
223975	0.476
224025	0.452
224075	0.484
224125	0.524
224175	0.508
224225	0.504
224275	0.516
224325	0.508
224375	0.512
224425	0.576
224475	0.604
224525	0.636
224575	0.660
224625	0.676
224675	0.668
224725	0.672
224775	0.672
224825	0.672
224875	0.684
224925	0.692
224975	0.684
225025	0.688
225075	0.688
225125	0.668
225175	0.664
225225	0.688
225275	0.672
225325	0.692
225375	0.704
225425	0.688
225475	0.684
225525	0.672
225575	0.656
225625	0.656
225675	0.652
225725	0.624
225775	0.636
225825	0.628
225875	0.596
225925	0.592
225975	0.580
226025	0.596
226075	0.564
226125	0.540
226175	0.508
226225	0.524
226275	0.488
226325	0.512
226375	0.528
226425	0.532
226475	0.512
226525	0.512
226575	0.516
226625	0.520
226675	0.528
226725	0.528
226775	0.488
226825	0.464
226875	0.448
226925	0.456
226975	0.500
227025	0.532
227075	0.532
227125	0.540
227175	0.520
227225	0.476
227275	0.480
227325	0.512
227375	0.512
227425	0.508
227475	0.500
227525	0.508
227575	0.476
227625	0.488
227675	0.544
227725	0.600
227775	0.624
227825	0.660
227875	0.688
227925	0.664
227975	0.628
228025	0.592
228075	0.572
228125	0.528
228175	0.520
228225	0.508
228275	0.528
228325	0.528
228375	0.568
228425	0.548
228475	0.580
228525	0.580
228575	0.592
228625	0.572
228675	0.572
228725	0.512
228775	0.468
228825	0.456
228875	0.452
228925	0.488
228975	0.544
229025	0.548
229075	0.540
229125	0.520
229175	0.496
229225	0.488
229275	0.512
229325	0.500
229375	0.516
229425	0.512
229475	0.468
229525	0.484
229575	0.512
229625	0.508
229675	0.492
229725	0.512
229775	0.480
229825	0.444
229875	0.444
229925	0.452
229975	0.464
230025	0.476
230075	0.512
230125	0.512
230175	0.528
230225	0.504
230275	0.492
230325	0.464
230375	0.472
230425	0.436
230475	0.436
230525	0.448
230575	0.456
230625	0.444
230675	0.472
230725	0.504
230775	0.512
230825	0.524
230875	0.544
230925	0.544
230975	0.548
231025	0.560
231075	0.560
231125	0.564
231175	0.564
231225	0.572
231275	0.568
231325	0.536
231375	0.520
231425	0.524
231475	0.496
231525	0.488
231575	0.492
231625	0.472
231675	0.456
231725	0.452
231775	0.444
231825	0.460
231875	0.464
231925	0.480
231975	0.500
232025	0.504
232075	0.488
232125	0.512
232175	0.524
232225	0.536
232275	0.540
232325	0.532
232375	0.500
232425	0.464
232475	0.464
232525	0.472
232575	0.512
232625	0.524
232675	0.576
232725	0.540
232775	0.524
232825	0.508
232875	0.536
232925	0.496
232975	0.552
233025	0.580
233075	0.584
233125	0.588
233175	0.636
233225	0.604
233275	0.612
233325	0.632
233375	0.612
233425	0.588
233475	0.600
233525	0.568
233575	0.580
233625	0.604
233675	0.616
233725	0.620
233775	0.640
233825	0.612
233875	0.560
233925	0.536
233975	0.528
234025	0.512
234075	0.512
234125	0.520
234175	0.520
234225	0.520
234275	0.492
234325	0.452
234375	0.460
234425	0.428
234475	0.396
234525	0.412
234575	0.460
234625	0.500
234675	0.568
234725	0.596
234775	0.616
234825	0.628
234875	0.624
234925	0.592
234975	0.588
235025	0.564
235075	0.548
235125	0.520
235175	0.528
235225	0.512
235275	0.556
235325	0.544
235375	0.548
235425	0.556
235475	0.564
235525	0.552
235575	0.560
235625	0.548
235675	0.532
235725	0.540
235775	0.532
235825	0.544
235875	0.564
235925	0.556
235975	0.576
236025	0.576
236075	0.556
236125	0.580
236175	0.584
236225	0.560
236275	0.568
236325	0.584
236375	0.564
236425	0.576
236475	0.580
236525	0.552
236575	0.476
236625	0.424
236675	0.396
236725	0.376
236775	0.368
236825	0.432
236875	0.492
236925	0.500
236975	0.524
237025	0.536
237075	0.552
237125	0.520
237175	0.540
237225	0.520
237275	0.548
237325	0.528
237375	0.540
237425	0.520
237475	0.540
237525	0.532
237575	0.540
237625	0.544
237675	0.552
237725	0.540
237775	0.524
237825	0.516
237875	0.524
237925	0.524
237975	0.532
238025	0.540
238075	0.532
238125	0.532
238175	0.548
238225	0.552
238275	0.544
238325	0.564
238375	0.552
238425	0.536
238475	0.540
238525	0.536
238575	0.520
238625	0.540
238675	0.548
238725	0.548
238775	0.560
238825	0.580
238875	0.568
238925	0.556
238975	0.548
239025	0.588
239075	0.576
239125	0.568
239175	0.560
239225	0.556
239275	0.516
239325	0.508
239375	0.516
239425	0.492
239475	0.496
239525	0.500
239575	0.484
239625	0.460
239675	0.484
239725	0.476
239775	0.468
239825	0.504
239875	0.540
239925	0.540
239975	0.532
240025	0.548
240075	0.524
240125	0.500
240175	0.524
240225	0.532
240275	0.508
240325	0.532
240375	0.544
240425	0.528
240475	0.548
240525	0.560
240575	0.524
240625	0.520
240675	0.516
240725	0.496
240775	0.476
240825	0.496
240875	0.488
240925	0.484
240975	0.456
241025	0.452
241075	0.432
241125	0.432
241175	0.428
241225	0.464
241275	0.472
241325	0.524
241375	0.536
241425	0.552
241475	0.524
241525	0.556
241575	0.536
241625	0.544
241675	0.556
241725	0.600
241775	0.592
241825	0.608
241875	0.596
241925	0.588
241975	0.568
242025	0.576
242075	0.536
242125	0.512
242175	0.484
242225	0.460
242275	0.440
242325	0.464
242375	0.480
242425	0.500
242475	0.540
242525	0.544
242575	0.528
242625	0.508
242675	0.500
242725	0.492
242775	0.468
242825	0.488
242875	0.504
242925	0.496
242975	0.480
243025	0.516
243075	0.480
243125	0.480
243175	0.500
243225	0.504
243275	0.488
243325	0.512
243375	0.528
243425	0.536
243475	0.540
243525	0.536
243575	0.560
243625	0.556
243675	0.548
243725	0.556
243775	0.560
243825	0.560
243875	0.552
243925	0.568
243975	0.576
244025	0.564
244075	0.536
244125	0.536
244175	0.532
244225	0.504
244275	0.524
244325	0.532
244375	0.544
244425	0.492
244475	0.472
244525	0.424
244575	0.400
244625	0.320
244675	0.296
244725	0.252
244775	0.216
244825	0.148
244875	0.136
244925	0.128
244975	0.108
245025	0.124
245075	0.132
245125	0.120
245175	0.116
245225	0.136
245275	0.092
245325	0.096
245375	0.112
245425	0.100
245475	0.120
245525	0.164
245575	0.208
245625	0.244
245675	0.280
245725	0.256
245775	0.256
245825	0.200
245875	0.172
245925	0.128
245975	0.120
246025	0.116
246075	0.116
246125	0.108
246175	0.128
246225	0.132
246275	0.132
246325	0.156
246375	0.160
246425	0.152
246475	0.144
246525	0.136
246575	0.148
246625	0.152
246675	0.148
246725	0.160
246775	0.164
246825	0.148
246875	0.160
246925	0.172
246975	0.156
247025	0.168
247075	0.168
247125	0.192
