Position	Percent G+C 1 .. 125035
125	0.152
175	0.188
225	0.192
275	0.192
325	0.184
375	0.188
425	0.168
475	0.184
525	0.192
575	0.184
625	0.196
675	0.192
725	0.192
775	0.184
825	0.188
875	0.168
925	0.164
975	0.148
1025	0.140
1075	0.140
1125	0.152
1175	0.156
1225	0.180
1275	0.208
1325	0.200
1375	0.216
1425	0.244
1475	0.228
1525	0.232
1575	0.224
1625	0.240
1675	0.212
1725	0.200
1775	0.204
1825	0.236
1875	0.208
1925	0.204
1975	0.228
2025	0.188
2075	0.176
2125	0.172
2175	0.188
2225	0.176
2275	0.184
2325	0.184
2375	0.168
2425	0.176
2475	0.164
2525	0.164
2575	0.156
2625	0.180
2675	0.184
2725	0.184
2775	0.180
2825	0.200
2875	0.180
2925	0.144
2975	0.176
3025	0.216
3075	0.244
3125	0.296
3175	0.360
3225	0.388
3275	0.404
3325	0.376
3375	0.368
3425	0.332
3475	0.304
3525	0.312
3575	0.336
3625	0.332
3675	0.356
3725	0.348
3775	0.340
3825	0.332
3875	0.332
3925	0.328
3975	0.340
4025	0.316
4075	0.304
4125	0.324
4175	0.324
4225	0.328
4275	0.364
4325	0.348
4375	0.328
4425	0.340
4475	0.348
4525	0.348
4575	0.396
4625	0.400
4675	0.352
4725	0.344
4775	0.316
4825	0.272
4875	0.256
4925	0.308
4975	0.340
5025	0.344
5075	0.360
5125	0.372
5175	0.356
5225	0.344
5275	0.332
5325	0.360
5375	0.348
5425	0.364
5475	0.356
5525	0.368
5575	0.348
5625	0.376
5675	0.344
5725	0.340
5775	0.316
5825	0.316
5875	0.288
5925	0.292
5975	0.296
6025	0.308
6075	0.296
6125	0.304
6175	0.316
6225	0.316
6275	0.312
6325	0.332
6375	0.340
6425	0.332
6475	0.304
6525	0.312
6575	0.300
6625	0.304
6675	0.288
6725	0.292
6775	0.284
6825	0.288
6875	0.280
6925	0.296
6975	0.300
7025	0.284
7075	0.304
7125	0.280
7175	0.296
7225	0.300
7275	0.328
7325	0.292
7375	0.332
7425	0.340
7475	0.348
7525	0.332
7575	0.344
7625	0.328
7675	0.288
7725	0.280
7775	0.296
7825	0.312
7875	0.352
7925	0.396
7975	0.436
8025	0.420
8075	0.396
8125	0.376
8175	0.372
8225	0.364
8275	0.360
8325	0.384
8375	0.360
8425	0.336
8475	0.308
8525	0.308
8575	0.300
8625	0.316
8675	0.324
8725	0.316
8775	0.340
8825	0.320
8875	0.308
8925	0.280
8975	0.288
9025	0.288
9075	0.288
9125	0.296
9175	0.328
9225	0.340
9275	0.312
9325	0.324
9375	0.328
9425	0.328
9475	0.316
9525	0.352
9575	0.340
9625	0.352
9675	0.356
9725	0.364
9775	0.364
9825	0.388
9875	0.376
9925	0.392
9975	0.380
10025	0.372
10075	0.388
10125	0.384
10175	0.352
10225	0.352
10275	0.352
10325	0.348
10375	0.324
10425	0.356
10475	0.340
10525	0.360
10575	0.328
10625	0.364
10675	0.380
10725	0.400
10775	0.384
10825	0.388
10875	0.384
10925	0.348
10975	0.368
11025	0.364
11075	0.380
11125	0.372
11175	0.380
11225	0.344
11275	0.332
11325	0.320
11375	0.304
11425	0.276
11475	0.312
11525	0.332
11575	0.336
11625	0.360
11675	0.388
11725	0.368
11775	0.320
11825	0.300
11875	0.260
11925	0.200
11975	0.164
12025	0.160
12075	0.136
12125	0.124
12175	0.140
12225	0.152
12275	0.164
12325	0.148
12375	0.144
12425	0.172
12475	0.172
12525	0.172
12575	0.216
12625	0.232
12675	0.204
12725	0.208
12775	0.236
12825	0.212
12875	0.200
12925	0.200
12975	0.192
13025	0.168
13075	0.168
13125	0.164
13175	0.156
13225	0.148
13275	0.164
13325	0.168
13375	0.168
13425	0.180
13475	0.192
13525	0.180
13575	0.204
13625	0.196
13675	0.212
13725	0.220
13775	0.232
13825	0.204
13875	0.212
13925	0.196
13975	0.172
14025	0.152
14075	0.176
14125	0.160
14175	0.168
14225	0.200
14275	0.208
14325	0.192
14375	0.228
14425	0.216
14475	0.180
14525	0.164
14575	0.164
14625	0.160
14675	0.148
14725	0.164
14775	0.160
14825	0.164
14875	0.160
14925	0.172
14975	0.152
15025	0.156
15075	0.168
15125	0.172
15175	0.160
15225	0.196
15275	0.220
15325	0.216
15375	0.208
15425	0.232
15475	0.212
15525	0.184
15575	0.172
15625	0.180
15675	0.164
15725	0.144
15775	0.156
15825	0.156
15875	0.156
15925	0.144
15975	0.164
16025	0.168
16075	0.204
16125	0.192
16175	0.220
16225	0.240
16275	0.252
16325	0.212
16375	0.192
16425	0.168
16475	0.132
16525	0.156
16575	0.172
16625	0.208
16675	0.248
16725	0.308
16775	0.256
16825	0.268
16875	0.324
16925	0.340
16975	0.332
17025	0.384
17075	0.412
17125	0.392
17175	0.408
17225	0.412
17275	0.404
17325	0.376
17375	0.392
17425	0.388
17475	0.384
17525	0.408
17575	0.448
17625	0.456
17675	0.468
17725	0.484
17775	0.488
17825	0.500
17875	0.488
17925	0.508
17975	0.552
18025	0.576
18075	0.568
18125	0.584
18175	0.552
18225	0.532
18275	0.508
18325	0.500
18375	0.488
18425	0.520
18475	0.516
18525	0.524
18575	0.496
18625	0.488
18675	0.464
18725	0.428
18775	0.456
18825	0.492
18875	0.532
18925	0.540
18975	0.584
19025	0.560
19075	0.588
19125	0.564
19175	0.564
19225	0.548
19275	0.524
19325	0.472
19375	0.468
19425	0.432
19475	0.432
19525	0.456
19575	0.464
19625	0.424
19675	0.444
19725	0.456
19775	0.468
19825	0.476
19875	0.476
19925	0.432
19975	0.364
20025	0.272
20075	0.204
20125	0.176
20175	0.152
20225	0.144
20275	0.136
20325	0.144
20375	0.148
20425	0.148
20475	0.156
20525	0.168
20575	0.152
20625	0.128
20675	0.132
20725	0.112
20775	0.112
20825	0.124
20875	0.144
20925	0.144
20975	0.144
21025	0.136
21075	0.124
21125	0.120
21175	0.100
21225	0.104
21275	0.096
21325	0.096
21375	0.072
21425	0.068
21475	0.092
21525	0.152
21575	0.204
21625	0.276
21675	0.340
21725	0.376
21775	0.348
21825	0.296
21875	0.236
21925	0.176
21975	0.124
22025	0.088
22075	0.080
22125	0.064
22175	0.064
22225	0.060
22275	0.068
22325	0.064
22375	0.072
22425	0.064
22475	0.036
22525	0.016
22575	0.008
22625	0.000
22675	0.000
22725	0.000
22775	0.000
22825	0.000
22875	0.000
22925	0.000
22975	0.000
23025	0.000
23075	0.000
23125	0.000
23175	0.000
23225	0.000
23275	0.000
23325	0.000
23375	0.000
23425	0.048
23475	0.084
23525	0.104
23575	0.124
23625	0.164
23675	0.132
23725	0.108
23775	0.116
23825	0.136
23875	0.136
23925	0.132
23975	0.140
24025	0.140
24075	0.116
24125	0.116
24175	0.112
24225	0.108
24275	0.104
24325	0.120
24375	0.104
24425	0.132
24475	0.140
24525	0.140
24575	0.136
24625	0.152
24675	0.152
24725	0.148
24775	0.160
24825	0.144
24875	0.140
24925	0.132
24975	0.144
25025	0.116
25075	0.120
25125	0.112
25175	0.100
25225	0.096
25275	0.136
25325	0.144
25375	0.152
25425	0.172
25475	0.168
25525	0.144
25575	0.140
25625	0.136
25675	0.120
25725	0.128
25775	0.144
25825	0.148
25875	0.136
25925	0.144
25975	0.164
26025	0.184
26075	0.216
26125	0.264
26175	0.316
26225	0.344
26275	0.360
26325	0.420
26375	0.440
26425	0.452
26475	0.476
26525	0.500
26575	0.500
26625	0.512
26675	0.500
26725	0.524
26775	0.548
26825	0.560
26875	0.564
26925	0.592
26975	0.568
27025	0.556
27075	0.532
27125	0.564
27175	0.556
27225	0.576
27275	0.600
27325	0.608
27375	0.588
27425	0.596
27475	0.576
27525	0.548
27575	0.532
27625	0.528
27675	0.548
27725	0.560
27775	0.556
27825	0.580
27875	0.592
27925	0.576
27975	0.576
28025	0.584
28075	0.576
28125	0.560
28175	0.576
28225	0.564
28275	0.612
28325	0.636
28375	0.612
28425	0.580
28475	0.580
28525	0.500
28575	0.456
28625	0.456
28675	0.488
28725	0.532
28775	0.544
28825	0.560
28875	0.580
28925	0.556
28975	0.516
29025	0.540
29075	0.552
29125	0.540
29175	0.544
29225	0.564
29275	0.544
29325	0.520
29375	0.548
29425	0.548
29475	0.528
29525	0.540
29575	0.560
29625	0.540
29675	0.520
29725	0.532
29775	0.528
29825	0.536
29875	0.560
29925	0.600
29975	0.608
30025	0.624
30075	0.600
30125	0.560
30175	0.536
30225	0.512
30275	0.472
30325	0.456
30375	0.484
30425	0.488
30475	0.464
30525	0.484
30575	0.508
30625	0.492
30675	0.496
30725	0.548
30775	0.584
30825	0.592
30875	0.628
30925	0.628
30975	0.620
31025	0.612
31075	0.632
31125	0.620
31175	0.628
31225	0.620
31275	0.616
31325	0.588
31375	0.588
31425	0.580
31475	0.572
31525	0.556
31575	0.564
31625	0.548
31675	0.536
31725	0.544
31775	0.568
31825	0.568
31875	0.580
31925	0.580
31975	0.596
32025	0.552
32075	0.552
32125	0.560
32175	0.576
32225	0.572
32275	0.612
32325	0.616
32375	0.624
32425	0.624
32475	0.616
32525	0.604
32575	0.608
32625	0.592
32675	0.592
32725	0.588
32775	0.600
32825	0.596
32875	0.580
32925	0.592
32975	0.592
33025	0.572
33075	0.572
33125	0.588
33175	0.552
33225	0.556
33275	0.568
33325	0.568
33375	0.568
33425	0.584
33475	0.564
33525	0.532
33575	0.488
33625	0.456
33675	0.452
33725	0.460
33775	0.464
33825	0.488
33875	0.504
33925	0.524
33975	0.532
34025	0.556
34075	0.544
34125	0.540
34175	0.540
34225	0.560
34275	0.536
34325	0.552
34375	0.536
34425	0.512
34475	0.468
34525	0.484
34575	0.480
34625	0.512
34675	0.552
34725	0.580
34775	0.596
34825	0.636
34875	0.636
34925	0.632
34975	0.624
35025	0.600
35075	0.556
35125	0.540
35175	0.528
35225	0.524
35275	0.496
35325	0.472
35375	0.476
35425	0.428
35475	0.380
35525	0.388
35575	0.404
35625	0.412
35675	0.400
35725	0.428
35775	0.440
35825	0.476
35875	0.476
35925	0.520
35975	0.540
36025	0.508
36075	0.444
36125	0.404
36175	0.376
36225	0.360
36275	0.424
36325	0.492
36375	0.540
36425	0.576
36475	0.636
36525	0.620
36575	0.616
36625	0.616
36675	0.604
36725	0.544
36775	0.536
36825	0.516
36875	0.500
36925	0.508
36975	0.540
37025	0.552
37075	0.552
37125	0.564
37175	0.568
37225	0.556
37275	0.560
37325	0.576
37375	0.592
37425	0.604
37475	0.584
37525	0.580
37575	0.572
37625	0.568
37675	0.552
37725	0.576
37775	0.588
37825	0.584
37875	0.544
37925	0.528
37975	0.512
38025	0.500
38075	0.492
38125	0.504
38175	0.492
38225	0.480
38275	0.468
38325	0.476
38375	0.476
38425	0.508
38475	0.544
38525	0.572
38575	0.584
38625	0.596
38675	0.568
38725	0.552
38775	0.512
38825	0.488
38875	0.488
38925	0.488
38975	0.500
39025	0.512
39075	0.540
39125	0.548
39175	0.564
39225	0.552
39275	0.564
39325	0.528
39375	0.536
39425	0.536
39475	0.516
39525	0.512
39575	0.520
39625	0.520
39675	0.528
39725	0.544
39775	0.556
39825	0.592
39875	0.576
39925	0.564
39975	0.580
40025	0.584
40075	0.568
40125	0.560
40175	0.580
40225	0.584
40275	0.592
40325	0.624
40375	0.660
40425	0.684
40475	0.684
40525	0.676
40575	0.632
40625	0.612
40675	0.592
40725	0.576
40775	0.528
40825	0.540
40875	0.520
40925	0.484
40975	0.500
41025	0.500
41075	0.492
41125	0.488
41175	0.528
41225	0.516
41275	0.556
41325	0.548
41375	0.552
41425	0.508
41475	0.488
41525	0.456
41575	0.460
41625	0.484
41675	0.468
41725	0.484
41775	0.512
41825	0.500
41875	0.476
41925	0.540
41975	0.560
42025	0.552
42075	0.552
42125	0.576
42175	0.552
42225	0.528
42275	0.528
42325	0.496
42375	0.468
42425	0.440
42475	0.448
42525	0.432
42575	0.460
42625	0.484
42675	0.516
42725	0.516
42775	0.524
42825	0.524
42875	0.516
42925	0.508
42975	0.500
43025	0.500
43075	0.544
43125	0.544
43175	0.532
43225	0.540
43275	0.540
43325	0.496
43375	0.480
43425	0.508
43475	0.524
43525	0.540
43575	0.560
43625	0.580
43675	0.568
43725	0.560
43775	0.568
43825	0.552
43875	0.544
43925	0.540
43975	0.508
44025	0.480
44075	0.476
44125	0.460
44175	0.472
44225	0.480
44275	0.484
44325	0.504
44375	0.516
44425	0.516
44475	0.560
44525	0.576
44575	0.568
44625	0.580
44675	0.564
44725	0.528
44775	0.524
44825	0.528
44875	0.524
44925	0.536
44975	0.528
45025	0.516
45075	0.528
45125	0.528
45175	0.504
45225	0.504
45275	0.520
45325	0.500
45375	0.508
45425	0.528
45475	0.520
45525	0.516
45575	0.512
45625	0.508
45675	0.500
45725	0.500
45775	0.484
45825	0.516
45875	0.496
45925	0.484
45975	0.504
46025	0.500
46075	0.472
46125	0.464
46175	0.512
46225	0.512
46275	0.528
46325	0.540
46375	0.556
46425	0.532
46475	0.524
46525	0.512
46575	0.492
46625	0.500
46675	0.500
46725	0.492
46775	0.488
46825	0.520
46875	0.504
46925	0.492
46975	0.500
47025	0.524
47075	0.516
47125	0.496
47175	0.492
47225	0.492
47275	0.476
47325	0.468
47375	0.508
47425	0.520
47475	0.512
47525	0.496
47575	0.456
47625	0.444
47675	0.420
47725	0.444
47775	0.468
47825	0.516
47875	0.520
47925	0.540
47975	0.528
48025	0.520
48075	0.520
48125	0.512
48175	0.512
48225	0.508
48275	0.532
48325	0.532
48375	0.532
48425	0.516
48475	0.540
48525	0.524
48575	0.512
48625	0.532
48675	0.532
48725	0.500
48775	0.492
48825	0.492
48875	0.472
48925	0.476
48975	0.464
49025	0.480
49075	0.464
49125	0.448
49175	0.460
49225	0.488
49275	0.488
49325	0.500
49375	0.532
49425	0.520
49475	0.516
49525	0.516
49575	0.536
49625	0.532
49675	0.560
49725	0.588
49775	0.572
49825	0.552
49875	0.572
49925	0.560
49975	0.540
50025	0.560
50075	0.588
50125	0.584
50175	0.600
50225	0.596
50275	0.608
50325	0.568
50375	0.528
50425	0.508
50475	0.500
50525	0.472
50575	0.492
50625	0.512
50675	0.496
50725	0.480
50775	0.460
50825	0.444
50875	0.440
50925	0.448
50975	0.476
51025	0.524
51075	0.540
51125	0.536
51175	0.560
51225	0.544
51275	0.528
51325	0.500
51375	0.500
51425	0.476
51475	0.484
51525	0.460
51575	0.484
51625	0.508
51675	0.532
51725	0.528
51775	0.544
51825	0.544
51875	0.516
51925	0.532
51975	0.544
52025	0.524
52075	0.540
52125	0.572
52175	0.548
52225	0.544
52275	0.572
52325	0.572
52375	0.560
52425	0.540
52475	0.528
52525	0.520
52575	0.524
52625	0.524
52675	0.540
52725	0.556
52775	0.544
52825	0.488
52875	0.476
52925	0.460
52975	0.456
53025	0.476
53075	0.516
53125	0.504
53175	0.500
53225	0.476
53275	0.452
53325	0.448
53375	0.432
53425	0.448
53475	0.464
53525	0.484
53575	0.460
53625	0.468
53675	0.452
53725	0.436
53775	0.416
53825	0.408
53875	0.424
53925	0.420
53975	0.448
54025	0.444
54075	0.476
54125	0.492
54175	0.512
54225	0.488
54275	0.496
54325	0.492
54375	0.468
54425	0.432
54475	0.444
54525	0.476
54575	0.456
54625	0.452
54675	0.468
54725	0.452
54775	0.404
54825	0.420
54875	0.440
54925	0.488
54975	0.516
55025	0.516
55075	0.536
55125	0.536
55175	0.524
55225	0.540
55275	0.572
55325	0.556
55375	0.552
55425	0.536
55475	0.524
55525	0.536
55575	0.552
55625	0.580
55675	0.580
55725	0.560
55775	0.548
55825	0.548
55875	0.508
55925	0.492
55975	0.500
56025	0.504
56075	0.488
56125	0.520
56175	0.536
56225	0.532
56275	0.512
56325	0.528
56375	0.512
56425	0.524
56475	0.520
56525	0.528
56575	0.512
56625	0.512
56675	0.480
56725	0.472
56775	0.480
56825	0.488
56875	0.488
56925	0.516
56975	0.520
57025	0.536
57075	0.564
57125	0.576
57175	0.568
57225	0.592
57275	0.548
57325	0.504
57375	0.480
57425	0.480
57475	0.456
57525	0.476
57575	0.468
57625	0.468
57675	0.480
57725	0.484
57775	0.488
57825	0.508
57875	0.508
57925	0.508
57975	0.508
58025	0.504
58075	0.504
58125	0.516
58175	0.496
58225	0.504
58275	0.516
58325	0.528
58375	0.532
58425	0.540
58475	0.552
58525	0.544
58575	0.524
58625	0.488
58675	0.448
58725	0.420
58775	0.416
58825	0.424
58875	0.416
58925	0.436
58975	0.424
59025	0.404
59075	0.408
59125	0.420
59175	0.448
59225	0.468
59275	0.492
59325	0.520
59375	0.576
59425	0.548
59475	0.572
59525	0.552
59575	0.528
59625	0.508
59675	0.544
59725	0.556
59775	0.576
59825	0.604
59875	0.604
59925	0.640
59975	0.636
60025	0.644
60075	0.624
60125	0.644
60175	0.620
60225	0.584
60275	0.600
60325	0.588
60375	0.592
60425	0.584
60475	0.616
60525	0.620
60575	0.628
60625	0.612
60675	0.632
60725	0.632
60775	0.628
60825	0.624
60875	0.588
60925	0.552
60975	0.540
61025	0.516
61075	0.512
61125	0.544
61175	0.540
61225	0.512
61275	0.500
61325	0.448
61375	0.444
61425	0.440
61475	0.428
61525	0.436
61575	0.492
61625	0.488
61675	0.492
61725	0.520
61775	0.516
61825	0.524
61875	0.520
61925	0.528
61975	0.564
62025	0.556
62075	0.552
62125	0.552
62175	0.560
62225	0.536
62275	0.568
62325	0.560
62375	0.564
62425	0.560
62475	0.572
62525	0.584
62575	0.600
62625	0.624
62675	0.648
62725	0.636
62775	0.636
62825	0.608
62875	0.604
62925	0.588
62975	0.620
63025	0.608
63075	0.652
63125	0.636
63175	0.632
63225	0.572
63275	0.544
63325	0.528
63375	0.540
63425	0.536
63475	0.536
63525	0.528
63575	0.524
63625	0.504
63675	0.488
63725	0.492
63775	0.516
63825	0.504
63875	0.500
63925	0.468
63975	0.456
64025	0.452
64075	0.460
64125	0.472
64175	0.488
64225	0.524
64275	0.540
64325	0.532
64375	0.516
64425	0.540
64475	0.524
64525	0.508
64575	0.504
64625	0.528
64675	0.524
64725	0.536
64775	0.540
64825	0.548
64875	0.540
64925	0.548
64975	0.540
65025	0.564
65075	0.556
65125	0.540
65175	0.548
65225	0.540
65275	0.512
65325	0.512
65375	0.500
65425	0.512
65475	0.516
65525	0.536
65575	0.544
65625	0.576
65675	0.556
65725	0.556
65775	0.516
65825	0.496
65875	0.472
65925	0.472
65975	0.472
66025	0.480
66075	0.492
66125	0.500
66175	0.492
66225	0.516
66275	0.528
66325	0.540
66375	0.524
66425	0.536
66475	0.512
66525	0.500
66575	0.492
66625	0.496
66675	0.444
66725	0.440
66775	0.448
66825	0.432
66875	0.440
66925	0.464
66975	0.464
67025	0.428
67075	0.432
67125	0.424
67175	0.428
67225	0.424
67275	0.472
67325	0.484
67375	0.500
67425	0.516
67475	0.512
67525	0.484
67575	0.488
67625	0.480
67675	0.464
67725	0.484
67775	0.516
67825	0.508
67875	0.512
67925	0.548
67975	0.528
68025	0.500
68075	0.504
68125	0.484
68175	0.492
68225	0.508
68275	0.556
68325	0.572
68375	0.592
68425	0.568
68475	0.580
68525	0.528
68575	0.492
68625	0.488
68675	0.476
68725	0.476
68775	0.472
68825	0.496
68875	0.504
68925	0.480
68975	0.460
69025	0.476
69075	0.464
69125	0.456
69175	0.476
69225	0.496
69275	0.492
69325	0.500
69375	0.492
69425	0.476
69475	0.456
69525	0.476
69575	0.464
69625	0.476
69675	0.472
69725	0.484
69775	0.480
69825	0.464
69875	0.476
69925	0.484
69975	0.460
70025	0.476
70075	0.508
70125	0.472
70175	0.496
70225	0.524
70275	0.504
70325	0.504
70375	0.524
70425	0.504
70475	0.488
70525	0.480
70575	0.472
70625	0.472
70675	0.488
70725	0.488
70775	0.492
70825	0.476
70875	0.488
70925	0.488
70975	0.496
71025	0.488
71075	0.504
71125	0.504
71175	0.484
71225	0.484
71275	0.508
71325	0.508
71375	0.508
71425	0.516
71475	0.496
71525	0.476
71575	0.472
71625	0.484
71675	0.496
71725	0.512
71775	0.524
71825	0.532
71875	0.516
71925	0.520
71975	0.516
72025	0.496
72075	0.512
72125	0.500
72175	0.484
72225	0.460
72275	0.440
72325	0.404
72375	0.396
72425	0.404
72475	0.448
72525	0.496
72575	0.504
72625	0.540
72675	0.548
72725	0.544
72775	0.552
72825	0.596
72875	0.588
72925	0.576
72975	0.584
73025	0.568
73075	0.544
73125	0.524
73175	0.548
73225	0.544
73275	0.532
73325	0.512
73375	0.520
73425	0.492
73475	0.484
73525	0.480
73575	0.496
73625	0.504
73675	0.508
73725	0.520
73775	0.540
73825	0.524
73875	0.504
73925	0.516
73975	0.500
74025	0.488
74075	0.500
74125	0.520
74175	0.508
74225	0.496
74275	0.492
74325	0.484
74375	0.480
74425	0.508
74475	0.520
74525	0.528
74575	0.524
74625	0.532
74675	0.508
74725	0.516
74775	0.544
74825	0.568
74875	0.560
74925	0.560
74975	0.528
75025	0.488
75075	0.472
75125	0.492
75175	0.488
75225	0.532
75275	0.548
75325	0.552
75375	0.540
75425	0.560
75475	0.548
75525	0.548
75575	0.560
75625	0.552
75675	0.552
75725	0.576
75775	0.600
75825	0.604
75875	0.608
75925	0.624
75975	0.604
76025	0.580
76075	0.572
76125	0.572
76175	0.556
76225	0.548
76275	0.476
76325	0.400
76375	0.352
76425	0.300
76475	0.272
76525	0.288
76575	0.360
76625	0.344
76675	0.348
76725	0.324
76775	0.324
76825	0.308
76875	0.340
76925	0.356
76975	0.384
77025	0.388
77075	0.392
77125	0.376
77175	0.356
77225	0.360
77275	0.368
77325	0.328
77375	0.324
77425	0.308
77475	0.292
77525	0.300
77575	0.304
77625	0.312
77675	0.320
77725	0.308
77775	0.316
77825	0.328
77875	0.324
77925	0.364
77975	0.392
78025	0.380
78075	0.372
78125	0.384
78175	0.388
78225	0.404
78275	0.432
78325	0.464
78375	0.476
78425	0.476
78475	0.476
78525	0.456
78575	0.436
78625	0.432
78675	0.428
78725	0.388
78775	0.396
78825	0.420
78875	0.428
78925	0.428
78975	0.460
79025	0.456
79075	0.436
79125	0.452
79175	0.412
79225	0.412
79275	0.416
79325	0.424
79375	0.408
79425	0.448
79475	0.456
79525	0.456
79575	0.444
79625	0.468
79675	0.464
79725	0.464
79775	0.476
79825	0.500
79875	0.492
79925	0.480
79975	0.488
80025	0.504
80075	0.524
80125	0.500
80175	0.540
80225	0.532
80275	0.544
80325	0.516
80375	0.520
80425	0.496
80475	0.516
80525	0.504
80575	0.504
80625	0.528
80675	0.540
80725	0.512
80775	0.492
80825	0.500
80875	0.492
80925	0.480
80975	0.484
81025	0.500
81075	0.508
81125	0.520
81175	0.520
81225	0.540
81275	0.532
81325	0.528
81375	0.528
81425	0.524
81475	0.524
81525	0.532
81575	0.552
81625	0.560
81675	0.612
81725	0.620
81775	0.660
81825	0.652
81875	0.660
81925	0.632
81975	0.648
82025	0.604
82075	0.600
82125	0.588
82175	0.592
82225	0.552
82275	0.540
82325	0.532
82375	0.524
82425	0.484
82475	0.496
82525	0.500
82575	0.488
82625	0.476
82675	0.504
82725	0.508
82775	0.528
82825	0.528
82875	0.536
82925	0.552
82975	0.548
83025	0.524
83075	0.516
83125	0.548
83175	0.548
83225	0.536
83275	0.552
83325	0.588
83375	0.580
83425	0.552
83475	0.560
83525	0.536
83575	0.536
83625	0.508
83675	0.528
83725	0.536
83775	0.560
83825	0.560
83875	0.576
83925	0.588
83975	0.580
84025	0.584
84075	0.568
84125	0.576
84175	0.568
84225	0.584
84275	0.568
84325	0.576
84375	0.560
84425	0.556
84475	0.564
84525	0.596
84575	0.604
84625	0.616
84675	0.612
84725	0.620
84775	0.612
84825	0.612
84875	0.608
84925	0.604
84975	0.596
85025	0.572
85075	0.540
85125	0.532
85175	0.520
85225	0.456
85275	0.468
85325	0.496
85375	0.528
85425	0.536
85475	0.572
85525	0.572
85575	0.584
85625	0.548
85675	0.552
85725	0.560
85775	0.592
85825	0.588
85875	0.608
85925	0.620
85975	0.644
86025	0.624
86075	0.624
86125	0.628
86175	0.608
86225	0.564
86275	0.600
86325	0.576
86375	0.564
86425	0.576
86475	0.592
86525	0.548
86575	0.568
86625	0.576
86675	0.568
86725	0.596
86775	0.584
86825	0.592
86875	0.592
86925	0.592
86975	0.572
87025	0.564
87075	0.548
87125	0.552
87175	0.556
87225	0.540
87275	0.564
87325	0.584
87375	0.572
87425	0.584
87475	0.596
87525	0.584
87575	0.548
87625	0.548
87675	0.540
87725	0.544
87775	0.544
87825	0.536
87875	0.520
87925	0.520
87975	0.544
88025	0.568
88075	0.608
88125	0.620
88175	0.612
88225	0.600
88275	0.592
88325	0.584
88375	0.600
88425	0.604
88475	0.604
88525	0.580
88575	0.572
88625	0.560
88675	0.572
88725	0.532
88775	0.540
88825	0.552
88875	0.552
88925	0.528
88975	0.560
89025	0.604
89075	0.616
89125	0.616
89175	0.648
89225	0.660
89275	0.636
89325	0.604
89375	0.608
89425	0.596
89475	0.592
89525	0.584
89575	0.584
89625	0.568
89675	0.540
89725	0.468
89775	0.436
89825	0.420
89875	0.400
89925	0.408
89975	0.456
90025	0.448
90075	0.488
90125	0.492
90175	0.512
90225	0.524
90275	0.564
90325	0.492
90375	0.520
90425	0.516
90475	0.500
90525	0.476
90575	0.520
90625	0.500
90675	0.452
90725	0.444
90775	0.472
90825	0.472
90875	0.480
90925	0.516
90975	0.508
91025	0.480
91075	0.476
91125	0.448
91175	0.428
91225	0.444
91275	0.456
91325	0.460
91375	0.484
91425	0.488
91475	0.488
91525	0.472
91575	0.448
91625	0.416
91675	0.416
91725	0.416
91775	0.412
91825	0.448
91875	0.464
91925	0.492
91975	0.480
92025	0.500
92075	0.476
92125	0.480
92175	0.448
92225	0.452
92275	0.456
92325	0.468
92375	0.492
92425	0.512
92475	0.540
92525	0.520
92575	0.524
92625	0.532
92675	0.540
92725	0.548
92775	0.568
92825	0.572
92875	0.552
92925	0.568
92975	0.532
93025	0.500
93075	0.472
93125	0.468
93175	0.440
93225	0.420
93275	0.432
93325	0.436
93375	0.432
93425	0.432
93475	0.472
93525	0.492
93575	0.524
93625	0.552
93675	0.580
93725	0.596
93775	0.616
93825	0.580
93875	0.544
93925	0.500
93975	0.412
94025	0.360
94075	0.348
94125	0.360
94175	0.392
94225	0.460
94275	0.504
94325	0.552
94375	0.584
94425	0.548
94475	0.548
94525	0.528
94575	0.500
94625	0.456
94675	0.504
94725	0.508
94775	0.496
94825	0.484
94875	0.504
94925	0.480
94975	0.448
95025	0.448
95075	0.496
95125	0.488
95175	0.488
95225	0.492
95275	0.512
95325	0.472
95375	0.456
95425	0.440
95475	0.424
95525	0.416
95575	0.444
95625	0.460
95675	0.476
95725	0.492
95775	0.480
95825	0.456
95875	0.484
95925	0.480
95975	0.524
96025	0.540
96075	0.540
96125	0.524
96175	0.524
96225	0.524
96275	0.512
96325	0.496
96375	0.476
96425	0.484
96475	0.416
96525	0.420
96575	0.444
96625	0.476
96675	0.464
96725	0.512
96775	0.520
96825	0.508
96875	0.460
96925	0.492
96975	0.460
97025	0.444
97075	0.464
97125	0.516
97175	0.492
97225	0.516
97275	0.516
97325	0.532
97375	0.528
97425	0.564
97475	0.580
97525	0.588
97575	0.572
97625	0.552
97675	0.508
97725	0.512
97775	0.548
97825	0.552
97875	0.536
97925	0.564
97975	0.564
98025	0.556
98075	0.560
98125	0.592
98175	0.584
98225	0.580
98275	0.580
98325	0.596
98375	0.608
98425	0.600
98475	0.588
98525	0.568
98575	0.536
98625	0.532
98675	0.540
98725	0.536
98775	0.532
98825	0.544
98875	0.524
98925	0.524
98975	0.556
99025	0.580
99075	0.604
99125	0.616
99175	0.624
99225	0.584
99275	0.572
99325	0.540
99375	0.520
99425	0.504
99475	0.520
99525	0.488
99575	0.488
99625	0.468
99675	0.468
99725	0.468
99775	0.468
99825	0.424
99875	0.432
99925	0.440
99975	0.452
100025	0.456
100075	0.496
100125	0.500
100175	0.488
100225	0.484
100275	0.512
100325	0.524
100375	0.532
100425	0.536
100475	0.504
100525	0.464
100575	0.444
100625	0.468
100675	0.468
100725	0.496
100775	0.532
100825	0.528
100875	0.504
100925	0.508
100975	0.484
101025	0.440
101075	0.432
101125	0.448
101175	0.436
101225	0.452
101275	0.504
101325	0.536
101375	0.516
101425	0.532
101475	0.532
101525	0.508
101575	0.500
101625	0.500
101675	0.484
101725	0.468
101775	0.464
101825	0.488
101875	0.508
101925	0.496
101975	0.500
102025	0.520
102075	0.488
102125	0.480
102175	0.492
102225	0.496
102275	0.480
102325	0.492
102375	0.476
102425	0.484
102475	0.496
102525	0.488
102575	0.488
102625	0.500
102675	0.492
102725	0.508
102775	0.512
102825	0.484
102875	0.452
102925	0.464
102975	0.448
103025	0.436
103075	0.476
103125	0.500
103175	0.504
103225	0.512
103275	0.524
103325	0.500
103375	0.508
103425	0.484
103475	0.456
103525	0.452
103575	0.452
103625	0.472
103675	0.512
103725	0.508
103775	0.528
103825	0.576
103875	0.584
103925	0.576
103975	0.612
104025	0.624
104075	0.592
104125	0.588
104175	0.580
104225	0.576
104275	0.584
104325	0.584
104375	0.560
104425	0.556
104475	0.540
104525	0.496
104575	0.468
104625	0.476
104675	0.432
104725	0.428
104775	0.428
104825	0.432
104875	0.404
104925	0.444
104975	0.420
105025	0.420
105075	0.436
105125	0.468
105175	0.472
105225	0.516
105275	0.552
105325	0.504
105375	0.452
105425	0.416
105475	0.384
105525	0.376
105575	0.428
105625	0.476
105675	0.492
105725	0.512
105775	0.496
105825	0.452
105875	0.448
105925	0.456
105975	0.444
106025	0.444
106075	0.512
106125	0.520
106175	0.544
106225	0.552
106275	0.536
106325	0.492
106375	0.480
106425	0.476
106475	0.492
106525	0.528
106575	0.544
106625	0.556
106675	0.560
106725	0.552
106775	0.568
106825	0.580
106875	0.572
106925	0.576
106975	0.576
107025	0.552
107075	0.520
107125	0.508
107175	0.484
107225	0.460
107275	0.452
107325	0.456
107375	0.468
107425	0.496
107475	0.516
107525	0.504
107575	0.516
107625	0.500
107675	0.476
107725	0.484
107775	0.524
107825	0.492
107875	0.504
107925	0.528
107975	0.528
108025	0.492
108075	0.548
108125	0.560
108175	0.560
108225	0.548
108275	0.556
108325	0.540
108375	0.544
108425	0.516
108475	0.540
108525	0.568
108575	0.568
108625	0.544
108675	0.540
108725	0.516
108775	0.488
108825	0.468
108875	0.480
108925	0.492
108975	0.476
109025	0.496
109075	0.508
109125	0.516
109175	0.520
109225	0.532
109275	0.512
109325	0.508
109375	0.508
109425	0.492
109475	0.504
109525	0.508
109575	0.532
109625	0.504
109675	0.480
109725	0.472
109775	0.480
109825	0.476
109875	0.520
109925	0.540
109975	0.540
110025	0.544
110075	0.536
110125	0.532
110175	0.544
110225	0.552
110275	0.552
110325	0.568
110375	0.576
110425	0.604
110475	0.608
110525	0.600
110575	0.592
110625	0.584
110675	0.556
110725	0.544
110775	0.520
110825	0.504
110875	0.464
110925	0.480
110975	0.488
111025	0.508
111075	0.500
111125	0.504
111175	0.492
111225	0.476
111275	0.492
111325	0.512
111375	0.524
111425	0.512
111475	0.548
111525	0.520
111575	0.528
111625	0.532
111675	0.528
111725	0.516
111775	0.524
111825	0.508
111875	0.496
111925	0.516
111975	0.500
112025	0.500
112075	0.456
112125	0.460
112175	0.476
112225	0.508
112275	0.512
112325	0.564
112375	0.580
112425	0.580
112475	0.564
112525	0.580
112575	0.576
112625	0.568
112675	0.548
112725	0.564
112775	0.564
112825	0.588
112875	0.580
112925	0.592
112975	0.560
113025	0.540
113075	0.480
113125	0.468
113175	0.448
113225	0.448
113275	0.460
113325	0.488
113375	0.492
113425	0.488
113475	0.472
113525	0.520
113575	0.540
113625	0.576
113675	0.556
113725	0.604
113775	0.564
113825	0.552
113875	0.532
113925	0.548
113975	0.544
114025	0.552
114075	0.604
114125	0.648
114175	0.700
114225	0.700
114275	0.688
114325	0.656
114375	0.592
114425	0.552
114475	0.516
114525	0.524
114575	0.500
114625	0.512
114675	0.524
114725	0.520
114775	0.516
114825	0.540
114875	0.560
114925	0.532
114975	0.560
115025	0.532
115075	0.508
115125	0.508
115175	0.516
115225	0.504
115275	0.508
115325	0.508
115375	0.500
115425	0.520
115475	0.532
115525	0.552
115575	0.576
115625	0.576
115675	0.592
115725	0.596
115775	0.608
115825	0.604
115875	0.604
115925	0.584
115975	0.588
116025	0.580
116075	0.596
116125	0.568
116175	0.564
116225	0.584
116275	0.580
116325	0.584
116375	0.628
116425	0.648
116475	0.604
116525	0.588
116575	0.564
116625	0.544
116675	0.524
116725	0.524
116775	0.528
116825	0.508
116875	0.480
116925	0.488
116975	0.488
117025	0.508
117075	0.520
117125	0.536
117175	0.520
117225	0.512
117275	0.460
117325	0.440
117375	0.440
117425	0.436
117475	0.432
117525	0.476
117575	0.512
117625	0.520
117675	0.528
117725	0.548
117775	0.576
117825	0.548
117875	0.556
117925	0.536
117975	0.548
118025	0.516
118075	0.564
118125	0.576
118175	0.624
118225	0.652
118275	0.656
118325	0.624
118375	0.612
118425	0.568
118475	0.520
118525	0.516
118575	0.504
118625	0.496
118675	0.516
118725	0.532
118775	0.540
118825	0.520
118875	0.520
118925	0.520
118975	0.500
119025	0.504
119075	0.524
119125	0.520
119175	0.488
119225	0.476
119275	0.468
119325	0.464
119375	0.468
119425	0.500
119475	0.484
119525	0.472
119575	0.476
119625	0.492
119675	0.468
119725	0.504
119775	0.508
119825	0.528
119875	0.520
119925	0.548
119975	0.536
120025	0.528
120075	0.528
120125	0.512
120175	0.504
120225	0.532
120275	0.512
120325	0.456
120375	0.464
120425	0.448
120475	0.440
120525	0.464
120575	0.496
120625	0.484
120675	0.476
120725	0.464
120775	0.456
120825	0.456
120875	0.472
120925	0.484
120975	0.504
121025	0.508
121075	0.520
121125	0.508
121175	0.500
121225	0.496
121275	0.528
121325	0.516
121375	0.528
121425	0.536
121475	0.512
121525	0.484
121575	0.516
121625	0.528
121675	0.548
121725	0.572
121775	0.620
121825	0.588
121875	0.564
121925	0.548
121975	0.536
122025	0.488
122075	0.500
122125	0.508
122175	0.508
122225	0.512
122275	0.496
122325	0.484
122375	0.492
122425	0.516
122475	0.532
122525	0.556
122575	0.564
122625	0.548
122675	0.532
122725	0.504
122775	0.528
122825	0.536
122875	0.564
122925	0.568
122975	0.596
123025	0.556
123075	0.568
123125	0.556
123175	0.540
123225	0.500
123275	0.492
123325	0.480
123375	0.480
123425	0.480
123475	0.484
123525	0.484
123575	0.484
123625	0.456
123675	0.452
123725	0.436
123775	0.400
123825	0.312
123875	0.244
123925	0.188
123975	0.140
124025	0.120
124075	0.128
124125	0.148
124175	0.124
124225	0.120
124275	0.112
124325	0.104
124375	0.108
124425	0.140
124475	0.132
124525	0.132
124575	0.136
124625	0.128
124675	0.116
124725	0.124
124775	0.120
124825	0.112
124875	0.116
