This is pdfTeX, Version 3.14159265-2.6-1.40.19 (TeX Live 2018) (preloaded format=pdflatex 2018.4.16)  30 DEC 2025 12:25
entering extended mode
 restricted \write18 enabled.
 file:line:error style messages enabled.
 %&-line parsing enabled.
**/Users/connorburbridge/Documents/GitHub/masters/committee-meetings/defence-2026-01/cbe453-defence-2026-01.tex
(/Users/connorburbridge/Documents/GitHub/masters/committee-meetings/defence-2026-01/cbe453-defence-2026-01.tex
LaTeX2e <2018-04-01> patch level 2
Babel <3.18> and hyphenation patterns for 84 language(s) loaded.
(/usr/local/texlive/2018/texmf-dist/tex/latex/beamer/beamer.cls
Document Class: beamer 2018/02/20 v3.50 A class for typesetting presentations
(/usr/local/texlive/2018/texmf-dist/tex/latex/beamer/beamerbasemodes.sty (/usr/local/texlive/2018/texmf-dist/tex/latex/etoolbox/etoolbox.sty
Package: etoolbox 2018/02/11 v2.5e e-TeX tools for LaTeX (JAW)
\etb@tempcnta=\count80
)
\beamer@tempbox=\box26
\beamer@tempcount=\count81
\c@beamerpauses=\count82
 (/usr/local/texlive/2018/texmf-dist/tex/latex/beamer/beamerbasedecode.sty
\beamer@slideinframe=\count83
\beamer@minimum=\count84
)
\beamer@commentbox=\box27
\beamer@modecount=\count85
) (/usr/local/texlive/2018/texmf-dist/tex/generic/oberdiek/ifpdf.sty
Package: ifpdf 2017/03/15 v3.2 Provides the ifpdf switch
)
\headdp=\dimen102
\footheight=\dimen103
\sidebarheight=\dimen104
\beamer@tempdim=\dimen105
\beamer@finalheight=\dimen106
\beamer@animht=\dimen107
\beamer@animdp=\dimen108
\beamer@animwd=\dimen109
\beamer@leftmargin=\dimen110
\beamer@rightmargin=\dimen111
\beamer@leftsidebar=\dimen112
\beamer@rightsidebar=\dimen113
\beamer@boxsize=\dimen114
\beamer@vboxoffset=\dimen115
\beamer@descdefault=\dimen116
\beamer@descriptionwidth=\dimen117
\beamer@lastskip=\skip41
\beamer@areabox=\box28
\beamer@animcurrent=\box29
\beamer@animshowbox=\box30
\beamer@sectionbox=\box31
\beamer@logobox=\box32
\beamer@linebox=\box33
\beamer@sectioncount=\count86
\beamer@subsubsectionmax=\count87
\beamer@subsectionmax=\count88
\beamer@sectionmax=\count89
\beamer@totalheads=\count90
\beamer@headcounter=\count91
\beamer@partstartpage=\count92
\beamer@sectionstartpage=\count93
\beamer@subsectionstartpage=\count94
\beamer@animationtempa=\count95
\beamer@animationtempb=\count96
\beamer@xpos=\count97
\beamer@ypos=\count98
\beamer@ypos@offset=\count99
\beamer@showpartnumber=\count100
\beamer@currentsubsection=\count101
\beamer@coveringdepth=\count102
\beamer@sectionadjust=\count103
\beamer@tocsectionnumber=\count104
 (/usr/local/texlive/2018/texmf-dist/tex/latex/beamer/beamerbaseoptions.sty (/usr/local/texlive/2018/texmf-dist/tex/latex/graphics/keyval.sty
Package: keyval 2014/10/28 v1.15 key=value parser (DPC)
\KV@toks@=\toks14
))
\beamer@paperwidth=\skip42
\beamer@paperheight=\skip43
 (/usr/local/texlive/2018/texmf-dist/tex/latex/geometry/geometry.sty
Package: geometry 2018/03/24 v5.7 Page Geometry
 (/usr/local/texlive/2018/texmf-dist/tex/generic/oberdiek/ifvtex.sty
Package: ifvtex 2016/05/16 v1.6 Detect VTeX and its facilities (HO)
Package ifvtex Info: VTeX not detected.
) (/usr/local/texlive/2018/texmf-dist/tex/generic/ifxetex/ifxetex.sty
Package: ifxetex 2010/09/12 v0.6 Provides ifxetex conditional
)
\Gm@cnth=\count105
\Gm@cntv=\count106
\c@Gm@tempcnt=\count107
\Gm@bindingoffset=\dimen118
\Gm@wd@mp=\dimen119
\Gm@odd@mp=\dimen120
\Gm@even@mp=\dimen121
\Gm@layoutwidth=\dimen122
\Gm@layoutheight=\dimen123
\Gm@layouthoffset=\dimen124
\Gm@layoutvoffset=\dimen125
\Gm@dimlist=\toks15
) (/usr/local/texlive/2018/texmf-dist/tex/latex/base/size11.clo
File: size11.clo 2014/09/29 v1.4h Standard LaTeX file (size option)
) (/usr/local/texlive/2018/texmf-dist/tex/latex/pgf/basiclayer/pgfcore.sty (/usr/local/texlive/2018/texmf-dist/tex/latex/graphics/graphicx.sty
Package: graphicx 2017/06/01 v1.1a Enhanced LaTeX Graphics (DPC,SPQR)
 (/usr/local/texlive/2018/texmf-dist/tex/latex/graphics/graphics.sty
Package: graphics 2017/06/25 v1.2c Standard LaTeX Graphics (DPC,SPQR)
 (/usr/local/texlive/2018/texmf-dist/tex/latex/graphics/trig.sty
Package: trig 2016/01/03 v1.10 sin cos tan (DPC)
) (/usr/local/texlive/2018/texmf-dist/tex/latex/graphics-cfg/graphics.cfg
File: graphics.cfg 2016/06/04 v1.11 sample graphics configuration
)
Package graphics Info: Driver file: pdftex.def on input line 99.
 (/usr/local/texlive/2018/texmf-dist/tex/latex/graphics-def/pdftex.def
File: pdftex.def 2018/01/08 v1.0l Graphics/color driver for pdftex
))
\Gin@req@height=\dimen126
\Gin@req@width=\dimen127
) (/usr/local/texlive/2018/texmf-dist/tex/latex/pgf/systemlayer/pgfsys.sty (/usr/local/texlive/2018/texmf-dist/tex/latex/pgf/utilities/pgfrcs.sty (/usr/local/texlive/2018/texmf-dist/tex/generic/pgf/utilities/pgfutil-common.tex
\pgfutil@everybye=\toks16
\pgfutil@tempdima=\dimen128
\pgfutil@tempdimb=\dimen129
 (/usr/local/texlive/2018/texmf-dist/tex/generic/pgf/utilities/pgfutil-common-lists.tex)) (/usr/local/texlive/2018/texmf-dist/tex/generic/pgf/utilities/pgfutil-latex.def
\pgfutil@abb=\box34
 (/usr/local/texlive/2018/texmf-dist/tex/latex/ms/everyshi.sty
Package: everyshi 2001/05/15 v3.00 EveryShipout Package (MS)
)) (/usr/local/texlive/2018/texmf-dist/tex/generic/pgf/utilities/pgfrcs.code.tex
Package: pgfrcs 2015/08/07 v3.0.1a (rcs-revision 1.31)
)) (/usr/local/texlive/2018/texmf-dist/tex/generic/pgf/systemlayer/pgfsys.code.tex
Package: pgfsys 2014/07/09 v3.0.1a (rcs-revision 1.48)
 (/usr/local/texlive/2018/texmf-dist/tex/generic/pgf/utilities/pgfkeys.code.tex
\pgfkeys@pathtoks=\toks17
\pgfkeys@temptoks=\toks18
 (/usr/local/texlive/2018/texmf-dist/tex/generic/pgf/utilities/pgfkeysfiltered.code.tex
\pgfkeys@tmptoks=\toks19
))
\pgf@x=\dimen130
\pgf@y=\dimen131
\pgf@xa=\dimen132
\pgf@ya=\dimen133
\pgf@xb=\dimen134
\pgf@yb=\dimen135
\pgf@xc=\dimen136
\pgf@yc=\dimen137
\w@pgf@writea=\write3
\r@pgf@reada=\read1
\c@pgf@counta=\count108
\c@pgf@countb=\count109
\c@pgf@countc=\count110
\c@pgf@countd=\count111
\t@pgf@toka=\toks20
\t@pgf@tokb=\toks21
\t@pgf@tokc=\toks22
 (/usr/local/texlive/2018/texmf-dist/tex/generic/pgf/systemlayer/pgf.cfg
File: pgf.cfg 2008/05/14  (rcs-revision 1.7)
)
Driver file for pgf: pgfsys-pdftex.def
 (/usr/local/texlive/2018/texmf-dist/tex/generic/pgf/systemlayer/pgfsys-pdftex.def
File: pgfsys-pdftex.def 2014/10/11  (rcs-revision 1.35)
 (/usr/local/texlive/2018/texmf-dist/tex/generic/pgf/systemlayer/pgfsys-common-pdf.def
File: pgfsys-common-pdf.def 2013/10/10  (rcs-revision 1.13)
))) (/usr/local/texlive/2018/texmf-dist/tex/generic/pgf/systemlayer/pgfsyssoftpath.code.tex
File: pgfsyssoftpath.code.tex 2013/09/09  (rcs-revision 1.9)
\pgfsyssoftpath@smallbuffer@items=\count112
\pgfsyssoftpath@bigbuffer@items=\count113
) (/usr/local/texlive/2018/texmf-dist/tex/generic/pgf/systemlayer/pgfsysprotocol.code.tex
File: pgfsysprotocol.code.tex 2006/10/16  (rcs-revision 1.4)
)) (/usr/local/texlive/2018/texmf-dist/tex/latex/xcolor/xcolor.sty
Package: xcolor 2016/05/11 v2.12 LaTeX color extensions (UK)
 (/usr/local/texlive/2018/texmf-dist/tex/latex/graphics-cfg/color.cfg
File: color.cfg 2016/01/02 v1.6 sample color configuration
)
Package xcolor Info: Driver file: pdftex.def on input line 225.
Package xcolor Info: Model `cmy' substituted by `cmy0' on input line 1348.
Package xcolor Info: Model `hsb' substituted by `rgb' on input line 1352.
Package xcolor Info: Model `RGB' extended on input line 1364.
Package xcolor Info: Model `HTML' substituted by `rgb' on input line 1366.
Package xcolor Info: Model `Hsb' substituted by `hsb' on input line 1367.
Package xcolor Info: Model `tHsb' substituted by `hsb' on input line 1368.
Package xcolor Info: Model `HSB' substituted by `hsb' on input line 1369.
Package xcolor Info: Model `Gray' substituted by `gray' on input line 1370.
Package xcolor Info: Model `wave' substituted by `hsb' on input line 1371.
) (/usr/local/texlive/2018/texmf-dist/tex/generic/pgf/basiclayer/pgfcore.code.tex
Package: pgfcore 2010/04/11 v3.0.1a (rcs-revision 1.7)
 (/usr/local/texlive/2018/texmf-dist/tex/generic/pgf/math/pgfmath.code.tex (/usr/local/texlive/2018/texmf-dist/tex/generic/pgf/math/pgfmathcalc.code.tex (/usr/local/texlive/2018/texmf-dist/tex/generic/pgf/math/pgfmathutil.code.tex) (/usr/local/texlive/2018/texmf-dist/tex/generic/pgf/math/pgfmathparser.code.tex
\pgfmath@dimen=\dimen138
\pgfmath@count=\count114
\pgfmath@box=\box35
\pgfmath@toks=\toks23
\pgfmath@stack@operand=\toks24
\pgfmath@stack@operation=\toks25
) (/usr/local/texlive/2018/texmf-dist/tex/generic/pgf/math/pgfmathfunctions.code.tex (/usr/local/texlive/2018/texmf-dist/tex/generic/pgf/math/pgfmathfunctions.basic.code.tex) (/usr/local/texlive/2018/texmf-dist/tex/generic/pgf/math/pgfmathfunctions.trigonometric.code.tex) (/usr/local/texlive/2018/texmf-dist/tex/generic/pgf/math/pgfmathfunctions.random.code.tex) (/usr/local/texlive/2018/texmf-dist/tex/generic/pgf/math/pgfmathfunctions.comparison.code.tex) (/usr/local/texlive/2018/texmf-dist/tex/generic/pgf/math/pgfmathfunctions.base.code.tex) (/usr/local/texlive/2018/texmf-dist/tex/generic/pgf/math/pgfmathfunctions.round.code.tex) (/usr/local/texlive/2018/texmf-dist/tex/generic/pgf/math/pgfmathfunctions.misc.code.tex) (/usr/local/texlive/2018/texmf-dist/tex/generic/pgf/math/pgfmathfunctions.integerarithmetics.code.tex))) (/usr/local/texlive/2018/texmf-dist/tex/generic/pgf/math/pgfmathfloat.code.tex
\c@pgfmathroundto@lastzeros=\count115
)) (/usr/local/texlive/2018/texmf-dist/tex/generic/pgf/basiclayer/pgfcorepoints.code.tex
File: pgfcorepoints.code.tex 2013/10/07  (rcs-revision 1.27)
\pgf@picminx=\dimen139
\pgf@picmaxx=\dimen140
\pgf@picminy=\dimen141
\pgf@picmaxy=\dimen142
\pgf@pathminx=\dimen143
\pgf@pathmaxx=\dimen144
\pgf@pathminy=\dimen145
\pgf@pathmaxy=\dimen146
\pgf@xx=\dimen147
\pgf@xy=\dimen148
\pgf@yx=\dimen149
\pgf@yy=\dimen150
\pgf@zx=\dimen151
\pgf@zy=\dimen152
) (/usr/local/texlive/2018/texmf-dist/tex/generic/pgf/basiclayer/pgfcorepathconstruct.code.tex
File: pgfcorepathconstruct.code.tex 2013/10/07  (rcs-revision 1.29)
\pgf@path@lastx=\dimen153
\pgf@path@lasty=\dimen154
) (/usr/local/texlive/2018/texmf-dist/tex/generic/pgf/basiclayer/pgfcorepathusage.code.tex
File: pgfcorepathusage.code.tex 2014/11/02  (rcs-revision 1.24)
\pgf@shorten@end@additional=\dimen155
\pgf@shorten@start@additional=\dimen156
) (/usr/local/texlive/2018/texmf-dist/tex/generic/pgf/basiclayer/pgfcorescopes.code.tex
File: pgfcorescopes.code.tex 2015/05/08  (rcs-revision 1.46)
\pgfpic=\box36
\pgf@hbox=\box37
\pgf@layerbox@main=\box38
\pgf@picture@serial@count=\count116
) (/usr/local/texlive/2018/texmf-dist/tex/generic/pgf/basiclayer/pgfcoregraphicstate.code.tex
File: pgfcoregraphicstate.code.tex 2014/11/02  (rcs-revision 1.12)
\pgflinewidth=\dimen157
) (/usr/local/texlive/2018/texmf-dist/tex/generic/pgf/basiclayer/pgfcoretransformations.code.tex
File: pgfcoretransformations.code.tex 2015/08/07  (rcs-revision 1.20)
\pgf@pt@x=\dimen158
\pgf@pt@y=\dimen159
\pgf@pt@temp=\dimen160
) (/usr/local/texlive/2018/texmf-dist/tex/generic/pgf/basiclayer/pgfcorequick.code.tex
File: pgfcorequick.code.tex 2008/10/09  (rcs-revision 1.3)
) (/usr/local/texlive/2018/texmf-dist/tex/generic/pgf/basiclayer/pgfcoreobjects.code.tex
File: pgfcoreobjects.code.tex 2006/10/11  (rcs-revision 1.2)
) (/usr/local/texlive/2018/texmf-dist/tex/generic/pgf/basiclayer/pgfcorepathprocessing.code.tex
File: pgfcorepathprocessing.code.tex 2013/09/09  (rcs-revision 1.9)
) (/usr/local/texlive/2018/texmf-dist/tex/generic/pgf/basiclayer/pgfcorearrows.code.tex
File: pgfcorearrows.code.tex 2015/05/14  (rcs-revision 1.43)
\pgfarrowsep=\dimen161
) (/usr/local/texlive/2018/texmf-dist/tex/generic/pgf/basiclayer/pgfcoreshade.code.tex
File: pgfcoreshade.code.tex 2013/07/15  (rcs-revision 1.15)
\pgf@max=\dimen162
\pgf@sys@shading@range@num=\count117
) (/usr/local/texlive/2018/texmf-dist/tex/generic/pgf/basiclayer/pgfcoreimage.code.tex
File: pgfcoreimage.code.tex 2013/07/15  (rcs-revision 1.18)
 (/usr/local/texlive/2018/texmf-dist/tex/generic/pgf/basiclayer/pgfcoreexternal.code.tex
File: pgfcoreexternal.code.tex 2014/07/09  (rcs-revision 1.21)
\pgfexternal@startupbox=\box39
)) (/usr/local/texlive/2018/texmf-dist/tex/generic/pgf/basiclayer/pgfcorelayers.code.tex
File: pgfcorelayers.code.tex 2013/07/18  (rcs-revision 1.7)
) (/usr/local/texlive/2018/texmf-dist/tex/generic/pgf/basiclayer/pgfcoretransparency.code.tex
File: pgfcoretransparency.code.tex 2013/09/30  (rcs-revision 1.5)
) (/usr/local/texlive/2018/texmf-dist/tex/generic/pgf/basiclayer/pgfcorepatterns.code.tex
File: pgfcorepatterns.code.tex 2013/11/07  (rcs-revision 1.5)
))) (/usr/local/texlive/2018/texmf-dist/tex/latex/pgf/utilities/xxcolor.sty
Package: xxcolor 2003/10/24 ver 0.1
\XC@nummixins=\count118
\XC@countmixins=\count119
) (/usr/local/texlive/2018/texmf-dist/tex/generic/oberdiek/atbegshi.sty
Package: atbegshi 2016/06/09 v1.18 At begin shipout hook (HO)
 (/usr/local/texlive/2018/texmf-dist/tex/generic/oberdiek/infwarerr.sty
Package: infwarerr 2016/05/16 v1.4 Providing info/warning/error messages (HO)
) (/usr/local/texlive/2018/texmf-dist/tex/generic/oberdiek/ltxcmds.sty
Package: ltxcmds 2016/05/16 v1.23 LaTeX kernel commands for general use (HO)
)) (/usr/local/texlive/2018/texmf-dist/tex/latex/hyperref/hyperref.sty
Package: hyperref 2018/02/06 v6.86b Hypertext links for LaTeX
 (/usr/local/texlive/2018/texmf-dist/tex/generic/oberdiek/hobsub-hyperref.sty
Package: hobsub-hyperref 2016/05/16 v1.14 Bundle oberdiek, subset hyperref (HO)
 (/usr/local/texlive/2018/texmf-dist/tex/generic/oberdiek/hobsub-generic.sty
Package: hobsub-generic 2016/05/16 v1.14 Bundle oberdiek, subset generic (HO)
Package: hobsub 2016/05/16 v1.14 Construct package bundles (HO)
Package hobsub Info: Skipping package `infwarerr' (already loaded).
Package hobsub Info: Skipping package `ltxcmds' (already loaded).
Package: ifluatex 2016/05/16 v1.4 Provides the ifluatex switch (HO)
Package ifluatex Info: LuaTeX not detected.
Package hobsub Info: Skipping package `ifvtex' (already loaded).
Package: intcalc 2016/05/16 v1.2 Expandable calculations with integers (HO)
Package hobsub Info: Skipping package `ifpdf' (already loaded).
Package: etexcmds 2016/05/16 v1.6 Avoid name clashes with e-TeX commands (HO)
Package etexcmds Info: Could not find \expanded.
(etexcmds)             That can mean that you are not using pdfTeX 1.50 or
(etexcmds)             that some package has redefined \expanded.
(etexcmds)             In the latter case, load this package earlier.
Package: kvsetkeys 2016/05/16 v1.17 Key value parser (HO)
Package: kvdefinekeys 2016/05/16 v1.4 Define keys (HO)
Package: pdftexcmds 2018/01/30 v0.27 Utility functions of pdfTeX for LuaTeX (HO)
Package pdftexcmds Info: LuaTeX not detected.
Package pdftexcmds Info: \pdf@primitive is available.
Package pdftexcmds Info: \pdf@ifprimitive is available.
Package pdftexcmds Info: \pdfdraftmode found.
Package: pdfescape 2016/05/16 v1.14 Implements pdfTeX's escape features (HO)
Package: bigintcalc 2016/05/16 v1.4 Expandable calculations on big integers (HO)
Package: bitset 2016/05/16 v1.2 Handle bit-vector datatype (HO)
Package: uniquecounter 2016/05/16 v1.3 Provide unlimited unique counter (HO)
)
Package hobsub Info: Skipping package `hobsub' (already loaded).
Package: letltxmacro 2016/05/16 v1.5 Let assignment for LaTeX macros (HO)
Package: hopatch 2016/05/16 v1.3 Wrapper for package hooks (HO)
Package: xcolor-patch 2016/05/16 xcolor patch
Package: atveryend 2016/05/16 v1.9 Hooks at the very end of document (HO)
Package hobsub Info: Skipping package `atbegshi' (already loaded).
Package: refcount 2016/05/16 v3.5 Data extraction from label references (HO)
Package: hycolor 2016/05/16 v1.8 Color options for hyperref/bookmark (HO)
) (/usr/local/texlive/2018/texmf-dist/tex/latex/oberdiek/auxhook.sty
Package: auxhook 2016/05/16 v1.4 Hooks for auxiliary files (HO)
) (/usr/local/texlive/2018/texmf-dist/tex/latex/oberdiek/kvoptions.sty
Package: kvoptions 2016/05/16 v3.12 Key value format for package options (HO)
)
\@linkdim=\dimen163
\Hy@linkcounter=\count120
\Hy@pagecounter=\count121
 (/usr/local/texlive/2018/texmf-dist/tex/latex/hyperref/pd1enc.def
File: pd1enc.def 2018/02/06 v6.86b Hyperref: PDFDocEncoding definition (HO)
Now handling font encoding PD1 ...
... no UTF-8 mapping file for font encoding PD1
)
\Hy@SavedSpaceFactor=\count122
 (/usr/local/texlive/2018/texmf-dist/tex/latex/latexconfig/hyperref.cfg
File: hyperref.cfg 2002/06/06 v1.2 hyperref configuration of TeXLive
)
Package hyperref Info: Option `bookmarks' set `true' on input line 4383.
Package hyperref Info: Option `bookmarksopen' set `true' on input line 4383.
Package hyperref Info: Option `implicit' set `false' on input line 4383.
Package hyperref Info: Hyper figures OFF on input line 4509.
Package hyperref Info: Link nesting OFF on input line 4514.
Package hyperref Info: Hyper index ON on input line 4517.
Package hyperref Info: Plain pages OFF on input line 4524.
Package hyperref Info: Backreferencing OFF on input line 4529.
Package hyperref Info: Implicit mode OFF; no redefinition of LaTeX internals.
Package hyperref Info: Bookmarks ON on input line 4762.
\c@Hy@tempcnt=\count123
 (/usr/local/texlive/2018/texmf-dist/tex/latex/url/url.sty
\Urlmuskip=\muskip10
Package: url 2013/09/16  ver 3.4  Verb mode for urls, etc.
)
LaTeX Info: Redefining \url on input line 5115.
\XeTeXLinkMargin=\dimen164
\Fld@menulength=\count124
\Field@Width=\dimen165
\Fld@charsize=\dimen166
Package hyperref Info: Hyper figures OFF on input line 6369.
Package hyperref Info: Link nesting OFF on input line 6374.
Package hyperref Info: Hyper index ON on input line 6377.
Package hyperref Info: backreferencing OFF on input line 6384.
Package hyperref Info: Link coloring OFF on input line 6389.
Package hyperref Info: Link coloring with OCG OFF on input line 6394.
Package hyperref Info: PDF/A mode OFF on input line 6399.
LaTeX Info: Redefining \ref on input line 6439.
LaTeX Info: Redefining \pageref on input line 6443.
\Hy@abspage=\count125


Package hyperref Message: Stopped early.

)
Package hyperref Info: Driver (autodetected): hpdftex.
 (/usr/local/texlive/2018/texmf-dist/tex/latex/hyperref/hpdftex.def
File: hpdftex.def 2018/02/06 v6.86b Hyperref driver for pdfTeX
\Fld@listcount=\count126
\c@bookmark@seq@number=\count127
 (/usr/local/texlive/2018/texmf-dist/tex/latex/oberdiek/rerunfilecheck.sty
Package: rerunfilecheck 2016/05/16 v1.8 Rerun checks for auxiliary files (HO)
Package uniquecounter Info: New unique counter `rerunfilecheck' on input line 282.
)) (/usr/local/texlive/2018/texmf-dist/tex/latex/beamer/beamerbaserequires.sty (/usr/local/texlive/2018/texmf-dist/tex/latex/beamer/beamerbasecompatibility.sty) (/usr/local/texlive/2018/texmf-dist/tex/latex/beamer/beamerbasefont.sty (/usr/local/texlive/2018/texmf-dist/tex/latex/amsfonts/amssymb.sty
Package: amssymb 2013/01/14 v3.01 AMS font symbols
 (/usr/local/texlive/2018/texmf-dist/tex/latex/amsfonts/amsfonts.sty
Package: amsfonts 2013/01/14 v3.01 Basic AMSFonts support
\@emptytoks=\toks26
\symAMSa=\mathgroup4
\symAMSb=\mathgroup5
LaTeX Font Info:    Overwriting math alphabet `\mathfrak' in version `bold'
(Font)                  U/euf/m/n --> U/euf/b/n on input line 106.
)) (/usr/local/texlive/2018/texmf-dist/tex/latex/sansmathaccent/sansmathaccent.sty
Package: sansmathaccent 2013/03/28
 (/usr/local/texlive/2018/texmf-dist/tex/latex/filehook/filehook.sty
Package: filehook 2011/10/12 v0.5d Hooks for input files
))) (/usr/local/texlive/2018/texmf-dist/tex/latex/beamer/beamerbasetranslator.sty (/usr/local/texlive/2018/texmf-dist/tex/latex/translator/translator.sty
Package: translator 2018/01/04 v1.12 Easy translation of strings in LaTeX
)) (/usr/local/texlive/2018/texmf-dist/tex/latex/beamer/beamerbasemisc.sty) (/usr/local/texlive/2018/texmf-dist/tex/latex/beamer/beamerbasetwoscreens.sty) (/usr/local/texlive/2018/texmf-dist/tex/latex/beamer/beamerbaseoverlay.sty
\beamer@argscount=\count128
\beamer@lastskipcover=\skip44
\beamer@trivlistdepth=\count129
) (/usr/local/texlive/2018/texmf-dist/tex/latex/beamer/beamerbasetitle.sty) (/usr/local/texlive/2018/texmf-dist/tex/latex/beamer/beamerbasesection.sty
\c@lecture=\count130
\c@part=\count131
\c@section=\count132
\c@subsection=\count133
\c@subsubsection=\count134
) (/usr/local/texlive/2018/texmf-dist/tex/latex/beamer/beamerbaseframe.sty
\beamer@framebox=\box40
\beamer@frametitlebox=\box41
\beamer@zoombox=\box42
\beamer@zoomcount=\count135
\beamer@zoomframecount=\count136
\beamer@frametextheight=\dimen167
\c@subsectionslide=\count137
\beamer@frametopskip=\skip45
\beamer@framebottomskip=\skip46
\beamer@frametopskipautobreak=\skip47
\beamer@framebottomskipautobreak=\skip48
\beamer@envbody=\toks27
\framewidth=\dimen168
\c@framenumber=\count138
) (/usr/local/texlive/2018/texmf-dist/tex/latex/beamer/beamerbaseverbatim.sty
\beamer@verbatimfileout=\write4
) (/usr/local/texlive/2018/texmf-dist/tex/latex/beamer/beamerbaseframesize.sty
\beamer@splitbox=\box43
\beamer@autobreakcount=\count139
\beamer@autobreaklastheight=\dimen169
\beamer@frametitletoks=\toks28
\beamer@framesubtitletoks=\toks29
) (/usr/local/texlive/2018/texmf-dist/tex/latex/beamer/beamerbaseframecomponents.sty
\beamer@footins=\box44
) (/usr/local/texlive/2018/texmf-dist/tex/latex/beamer/beamerbasecolor.sty
\beamer@bg@ht=\dimen170
\beamer@bg@wd=\dimen171
\beamer@bg@dp=\dimen172
) (/usr/local/texlive/2018/texmf-dist/tex/latex/beamer/beamerbasenotes.sty
\beamer@frameboxcopy=\box45
) (/usr/local/texlive/2018/texmf-dist/tex/latex/beamer/beamerbasetoc.sty) (/usr/local/texlive/2018/texmf-dist/tex/latex/beamer/beamerbasetemplates.sty
\beamer@sbttoks=\toks30
 (/usr/local/texlive/2018/texmf-dist/tex/latex/beamer/beamerbaseauxtemplates.sty (/usr/local/texlive/2018/texmf-dist/tex/latex/beamer/beamerbaseboxes.sty
\bmb@box=\box46
\bmb@colorbox=\box47
\bmb@boxshadow=\box48
\bmb@boxshadowball=\box49
\bmb@boxshadowballlarge=\box50
\bmb@temp=\dimen173
\bmb@dima=\dimen174
\bmb@dimb=\dimen175
\bmb@prevheight=\dimen176
)
\beamer@blockheadheight=\dimen177
)) (/usr/local/texlive/2018/texmf-dist/tex/latex/beamer/beamerbaselocalstructure.sty (/usr/local/texlive/2018/texmf-dist/tex/latex/tools/enumerate.sty
Package: enumerate 2015/07/23 v3.00 enumerate extensions (DPC)
\@enLab=\toks31
)
\c@figure=\count140
\c@table=\count141
\abovecaptionskip=\skip49
\belowcaptionskip=\skip50
) (/usr/local/texlive/2018/texmf-dist/tex/latex/beamer/beamerbasenavigation.sty
\beamer@section@min@dim=\dimen178
) (/usr/local/texlive/2018/texmf-dist/tex/latex/beamer/beamerbasetheorems.sty (/usr/local/texlive/2018/texmf-dist/tex/latex/amsmath/amsmath.sty
Package: amsmath 2017/09/02 v2.17a AMS math features
\@mathmargin=\skip51

For additional information on amsmath, use the `?' option.
(/usr/local/texlive/2018/texmf-dist/tex/latex/amsmath/amstext.sty
Package: amstext 2000/06/29 v2.01 AMS text
 (/usr/local/texlive/2018/texmf-dist/tex/latex/amsmath/amsgen.sty
File: amsgen.sty 1999/11/30 v2.0 generic functions
\@emptytoks=\toks32
\ex@=\dimen179
)) (/usr/local/texlive/2018/texmf-dist/tex/latex/amsmath/amsbsy.sty
Package: amsbsy 1999/11/29 v1.2d Bold Symbols
\pmbraise@=\dimen180
) (/usr/local/texlive/2018/texmf-dist/tex/latex/amsmath/amsopn.sty
Package: amsopn 2016/03/08 v2.02 operator names
)
\inf@bad=\count142
LaTeX Info: Redefining \frac on input line 213.
\uproot@=\count143
\leftroot@=\count144
LaTeX Info: Redefining \overline on input line 375.
\classnum@=\count145
\DOTSCASE@=\count146
LaTeX Info: Redefining \ldots on input line 472.
LaTeX Info: Redefining \dots on input line 475.
LaTeX Info: Redefining \cdots on input line 596.
\Mathstrutbox@=\box51
\strutbox@=\box52
\big@size=\dimen181
LaTeX Font Info:    Redeclaring font encoding OML on input line 712.
LaTeX Font Info:    Redeclaring font encoding OMS on input line 713.
\macc@depth=\count147
\c@MaxMatrixCols=\count148
\dotsspace@=\muskip11
\c@parentequation=\count149
\dspbrk@lvl=\count150
\tag@help=\toks33
\row@=\count151
\column@=\count152
\maxfields@=\count153
\andhelp@=\toks34
\eqnshift@=\dimen182
\alignsep@=\dimen183
\tagshift@=\dimen184
\tagwidth@=\dimen185
\totwidth@=\dimen186
\lineht@=\dimen187
\@envbody=\toks35
\multlinegap=\skip52
\multlinetaggap=\skip53
\mathdisplay@stack=\toks36
LaTeX Info: Redefining \[ on input line 2817.
LaTeX Info: Redefining \] on input line 2818.
) (/usr/local/texlive/2018/texmf-dist/tex/latex/amscls/amsthm.sty
Package: amsthm 2017/10/31 v2.20.4
\thm@style=\toks37
\thm@bodyfont=\toks38
\thm@headfont=\toks39
\thm@notefont=\toks40
\thm@headpunct=\toks41
\thm@preskip=\skip54
\thm@postskip=\skip55
\thm@headsep=\skip56
\dth@everypar=\toks42
)
\c@theorem=\count154
) (/usr/local/texlive/2018/texmf-dist/tex/latex/beamer/beamerbasethemes.sty)) (/usr/local/texlive/2018/texmf-dist/tex/latex/beamer/beamerthemedefault.sty (/usr/local/texlive/2018/texmf-dist/tex/latex/beamer/beamerfontthemedefault.sty) (/usr/local/texlive/2018/texmf-dist/tex/latex/beamer/beamercolorthemedefault.sty) (/usr/local/texlive/2018/texmf-dist/tex/latex/beamer/beamerinnerthemedefault.sty
\beamer@dima=\dimen188
\beamer@dimb=\dimen189
) (/usr/local/texlive/2018/texmf-dist/tex/latex/beamer/beamerouterthemedefault.sty))) (/usr/local/texlive/2018/texmf-dist/tex/latex/lm/lmodern.sty
Package: lmodern 2009/10/30 v1.6 Latin Modern Fonts
LaTeX Font Info:    Overwriting symbol font `operators' in version `normal'
(Font)                  OT1/cmr/m/n --> OT1/lmr/m/n on input line 22.
LaTeX Font Info:    Overwriting symbol font `letters' in version `normal'
(Font)                  OML/cmm/m/it --> OML/lmm/m/it on input line 23.
LaTeX Font Info:    Overwriting symbol font `symbols' in version `normal'
(Font)                  OMS/cmsy/m/n --> OMS/lmsy/m/n on input line 24.
LaTeX Font Info:    Overwriting symbol font `largesymbols' in version `normal'
(Font)                  OMX/cmex/m/n --> OMX/lmex/m/n on input line 25.
LaTeX Font Info:    Overwriting symbol font `operators' in version `bold'
(Font)                  OT1/cmr/bx/n --> OT1/lmr/bx/n on input line 26.
LaTeX Font Info:    Overwriting symbol font `letters' in version `bold'
(Font)                  OML/cmm/b/it --> OML/lmm/b/it on input line 27.
LaTeX Font Info:    Overwriting symbol font `symbols' in version `bold'
(Font)                  OMS/cmsy/b/n --> OMS/lmsy/b/n on input line 28.
LaTeX Font Info:    Overwriting symbol font `largesymbols' in version `bold'
(Font)                  OMX/cmex/m/n --> OMX/lmex/m/n on input line 29.
LaTeX Font Info:    Overwriting math alphabet `\mathbf' in version `normal'
(Font)                  OT1/cmr/bx/n --> OT1/lmr/bx/n on input line 31.
LaTeX Font Info:    Overwriting math alphabet `\mathsf' in version `normal'
(Font)                  OT1/cmss/m/n --> OT1/lmss/m/n on input line 32.
LaTeX Font Info:    Overwriting math alphabet `\mathit' in version `normal'
(Font)                  OT1/cmr/m/it --> OT1/lmr/m/it on input line 33.
LaTeX Font Info:    Overwriting math alphabet `\mathtt' in version `normal'
(Font)                  OT1/cmtt/m/n --> OT1/lmtt/m/n on input line 34.
LaTeX Font Info:    Overwriting math alphabet `\mathbf' in version `bold'
(Font)                  OT1/cmr/bx/n --> OT1/lmr/bx/n on input line 35.
LaTeX Font Info:    Overwriting math alphabet `\mathsf' in version `bold'
(Font)                  OT1/cmss/bx/n --> OT1/lmss/bx/n on input line 36.
LaTeX Font Info:    Overwriting math alphabet `\mathit' in version `bold'
(Font)                  OT1/cmr/bx/it --> OT1/lmr/bx/it on input line 37.
LaTeX Font Info:    Overwriting math alphabet `\mathtt' in version `bold'
(Font)                  OT1/cmtt/m/n --> OT1/lmtt/m/n on input line 38.
) (/usr/local/texlive/2018/texmf-dist/tex/latex/base/fontenc.sty
Package: fontenc 2017/04/05 v2.0i Standard LaTeX package
 (/usr/local/texlive/2018/texmf-dist/tex/latex/base/t1enc.def
File: t1enc.def 2017/04/05 v2.0i Standard LaTeX file
LaTeX Font Info:    Redeclaring font encoding T1 on input line 48.
)) (/usr/local/texlive/2018/texmf-dist/tex/latex/tools/multicol.sty
Package: multicol 2018/04/01 v1.8r multicolumn formatting (FMi)
\c@tracingmulticols=\count155
\mult@box=\box53
\multicol@leftmargin=\dimen190
\c@unbalance=\count156
\c@collectmore=\count157
\doublecol@number=\count158
\multicoltolerance=\count159
\multicolpretolerance=\count160
\full@width=\dimen191
\page@free=\dimen192
\premulticols=\dimen193
\postmulticols=\dimen194
\multicolsep=\skip57
\multicolbaselineskip=\skip58
\partial@page=\box54
\last@line=\box55
\maxbalancingoverflow=\dimen195
\mult@rightbox=\box56
\mult@grightbox=\box57
\mult@gfirstbox=\box58
\mult@firstbox=\box59
\@tempa=\box60
\@tempa=\box61
\@tempa=\box62
\@tempa=\box63
\@tempa=\box64
\@tempa=\box65
\@tempa=\box66
\@tempa=\box67
\@tempa=\box68
\@tempa=\box69
\@tempa=\box70
\@tempa=\box71
\@tempa=\box72
\@tempa=\box73
\@tempa=\box74
\@tempa=\box75
\@tempa=\box76
\c@columnbadness=\count161
\c@finalcolumnbadness=\count162
\last@try=\dimen196
\multicolovershoot=\dimen197
\multicolundershoot=\dimen198
\mult@nat@firstbox=\box77
\colbreak@box=\box78
\mc@col@check@num=\count163
) (/usr/local/texlive/2018/texmf-dist/tex/latex/booktabs/booktabs.sty
Package: booktabs 2016/04/27 v1.618033 publication quality tables
\heavyrulewidth=\dimen199
\lightrulewidth=\dimen256
\cmidrulewidth=\dimen257
\belowrulesep=\dimen258
\belowbottomsep=\dimen259
\aboverulesep=\dimen260
\abovetopsep=\dimen261
\cmidrulesep=\dimen262
\cmidrulekern=\dimen263
\defaultaddspace=\dimen264
\@cmidla=\count164
\@cmidlb=\count165
\@aboverulesep=\dimen265
\@belowrulesep=\dimen266
\@thisruleclass=\count166
\@lastruleclass=\count167
\@thisrulewidth=\dimen267
) (/usr/local/texlive/2018/texmf-dist/tex/latex/oberdiek/bookmark.sty
Package: bookmark 2016/05/17 v1.26 PDF bookmarks (HO)
 (/usr/local/texlive/2018/texmf-dist/tex/latex/oberdiek/bkm-pdftex.def
File: bkm-pdftex.def 2016/05/17 v1.26 bookmark driver for pdfTeX (HO)
\BKM@id=\count168
))

/Users/connorburbridge/Documents/GitHub/masters/committee-meetings/defence-2026-01/cbe453-defence-2026-01.tex:11: LaTeX Error: Option clash for package xcolor.

See the LaTeX manual or LaTeX Companion for explanation.
Type  H <return>  for immediate help.
 ...                                              
                                                  
l.11 \title
           {Thesis Defence: Evaluation of Gene Finding Tools When Applied to...
The package xcolor has already been loaded with options:
  []
There has now been an attempt to load it with options
  [table]
Adding the global options:
  ,table
to your \documentclass declaration may fix this.
Try typing  <return>  to proceed.

(/Users/connorburbridge/Documents/GitHub/masters/committee-meetings/defence-2026-01/beamerthemeusask.sty (/usr/local/texlive/2018/texmf-dist/tex/latex/pgf/frontendlayer/tikz.sty (/usr/local/texlive/2018/texmf-dist/tex/latex/pgf/basiclayer/pgf.sty
Package: pgf 2015/08/07 v3.0.1a (rcs-revision 1.15)
 (/usr/local/texlive/2018/texmf-dist/tex/generic/pgf/modules/pgfmoduleshapes.code.tex
File: pgfmoduleshapes.code.tex 2014/03/21  (rcs-revision 1.35)
\pgfnodeparttextbox=\box79
) (/usr/local/texlive/2018/texmf-dist/tex/generic/pgf/modules/pgfmoduleplot.code.tex
File: pgfmoduleplot.code.tex 2015/08/03  (rcs-revision 1.13)
) (/usr/local/texlive/2018/texmf-dist/tex/latex/pgf/compatibility/pgfcomp-version-0-65.sty
Package: pgfcomp-version-0-65 2007/07/03 v3.0.1a (rcs-revision 1.7)
\pgf@nodesepstart=\dimen268
\pgf@nodesepend=\dimen269
) (/usr/local/texlive/2018/texmf-dist/tex/latex/pgf/compatibility/pgfcomp-version-1-18.sty
Package: pgfcomp-version-1-18 2007/07/23 v3.0.1a (rcs-revision 1.1)
)) (/usr/local/texlive/2018/texmf-dist/tex/latex/pgf/utilities/pgffor.sty (/usr/local/texlive/2018/texmf-dist/tex/latex/pgf/utilities/pgfkeys.sty (/usr/local/texlive/2018/texmf-dist/tex/generic/pgf/utilities/pgfkeys.code.tex)) (/usr/local/texlive/2018/texmf-dist/tex/latex/pgf/math/pgfmath.sty (/usr/local/texlive/2018/texmf-dist/tex/generic/pgf/math/pgfmath.code.tex)) (/usr/local/texlive/2018/texmf-dist/tex/generic/pgf/utilities/pgffor.code.tex
Package: pgffor 2013/12/13 v3.0.1a (rcs-revision 1.25)
 (/usr/local/texlive/2018/texmf-dist/tex/generic/pgf/math/pgfmath.code.tex)
\pgffor@iter=\dimen270
\pgffor@skip=\dimen271
\pgffor@stack=\toks43
\pgffor@toks=\toks44
)) (/usr/local/texlive/2018/texmf-dist/tex/generic/pgf/frontendlayer/tikz/tikz.code.tex
Package: tikz 2015/08/07 v3.0.1a (rcs-revision 1.151)
 (/usr/local/texlive/2018/texmf-dist/tex/generic/pgf/libraries/pgflibraryplothandlers.code.tex
File: pgflibraryplothandlers.code.tex 2013/08/31 v3.0.1a (rcs-revision 1.20)
\pgf@plot@mark@count=\count169
\pgfplotmarksize=\dimen272
)
\tikz@lastx=\dimen273
\tikz@lasty=\dimen274
\tikz@lastxsaved=\dimen275
\tikz@lastysaved=\dimen276
\tikzleveldistance=\dimen277
\tikzsiblingdistance=\dimen278
\tikz@figbox=\box80
\tikz@figbox@bg=\box81
\tikz@tempbox=\box82
\tikz@tempbox@bg=\box83
\tikztreelevel=\count170
\tikznumberofchildren=\count171
\tikznumberofcurrentchild=\count172
\tikz@fig@count=\count173
 (/usr/local/texlive/2018/texmf-dist/tex/generic/pgf/modules/pgfmodulematrix.code.tex
File: pgfmodulematrix.code.tex 2013/09/17  (rcs-revision 1.8)
\pgfmatrixcurrentrow=\count174
\pgfmatrixcurrentcolumn=\count175
\pgf@matrix@numberofcolumns=\count176
)
\tikz@expandcount=\count177
 (/usr/local/texlive/2018/texmf-dist/tex/generic/pgf/frontendlayer/tikz/libraries/tikzlibrarytopaths.code.tex
File: tikzlibrarytopaths.code.tex 2008/06/17 v3.0.1a (rcs-revision 1.2)
))) (/Users/connorburbridge/Documents/GitHub/masters/committee-meetings/defence-2026-01/beamerinnerthemeusask.sty) (/Users/connorburbridge/Documents/GitHub/masters/committee-meetings/defence-2026-01/beamerouterthemeusask.sty) (/Users/connorburbridge/Documents/GitHub/masters/committee-meetings/defence-2026-01/beamercolorthemeusask.sty))
No file cbe453-defence-2026-01.aux.
\openout1 = `cbe453-defence-2026-01.aux'.

LaTeX Font Info:    Checking defaults for OML/cmm/m/it on input line 18.
LaTeX Font Info:    ... okay on input line 18.
LaTeX Font Info:    Checking defaults for T1/cmr/m/n on input line 18.
LaTeX Font Info:    ... okay on input line 18.
LaTeX Font Info:    Checking defaults for OT1/cmr/m/n on input line 18.
LaTeX Font Info:    ... okay on input line 18.
LaTeX Font Info:    Checking defaults for OMS/cmsy/m/n on input line 18.
LaTeX Font Info:    ... okay on input line 18.
LaTeX Font Info:    Checking defaults for OMX/cmex/m/n on input line 18.
LaTeX Font Info:    ... okay on input line 18.
LaTeX Font Info:    Checking defaults for U/cmr/m/n on input line 18.
LaTeX Font Info:    ... okay on input line 18.
LaTeX Font Info:    Checking defaults for PD1/pdf/m/n on input line 18.
LaTeX Font Info:    ... okay on input line 18.
LaTeX Font Info:    Try loading font information for T1+lmss on input line 18.
(/usr/local/texlive/2018/texmf-dist/tex/latex/lm/t1lmss.fd
File: t1lmss.fd 2009/10/30 v1.6 Font defs for Latin Modern
)
*geometry* driver: auto-detecting
*geometry* detected driver: pdftex
*geometry* verbose mode - [ preamble ] result:
* driver: pdftex
* paper: custom
* layout: <same size as paper>
* layoutoffset:(h,v)=(0.0pt,0.0pt)
* modes: includehead includefoot 
* h-part:(L,W,R)=(28.45274pt, 307.28987pt, 28.45274pt)
* v-part:(T,H,B)=(0.0pt, 273.14662pt, 0.0pt)
* \paperwidth=364.19536pt
* \paperheight=273.14662pt
* \textwidth=307.28987pt
* \textheight=244.6939pt
* \oddsidemargin=-43.81725pt
* \evensidemargin=-43.81725pt
* \topmargin=-72.26999pt
* \headheight=14.22636pt
* \headsep=0.0pt
* \topskip=11.0pt
* \footskip=14.22636pt
* \marginparwidth=4.0pt
* \marginparsep=10.0pt
* \columnsep=10.0pt
* \skip\footins=10.0pt plus 4.0pt minus 2.0pt
* \hoffset=0.0pt
* \voffset=0.0pt
* \mag=1000
* \@twocolumnfalse
* \@twosidefalse
* \@mparswitchfalse
* \@reversemarginfalse
* (1in=72.27pt=25.4mm, 1cm=28.453pt)

(/usr/local/texlive/2018/texmf-dist/tex/context/base/mkii/supp-pdf.mkii
[Loading MPS to PDF converter (version 2006.09.02).]
\scratchcounter=\count178
\scratchdimen=\dimen279
\scratchbox=\box84
\nofMPsegments=\count179
\nofMParguments=\count180
\everyMPshowfont=\toks45
\MPscratchCnt=\count181
\MPscratchDim=\dimen280
\MPnumerator=\count182
\makeMPintoPDFobject=\count183
\everyMPtoPDFconversion=\toks46
) (/usr/local/texlive/2018/texmf-dist/tex/latex/oberdiek/epstopdf-base.sty
Package: epstopdf-base 2016/05/15 v2.6 Base part for package epstopdf
 (/usr/local/texlive/2018/texmf-dist/tex/latex/oberdiek/grfext.sty
Package: grfext 2016/05/16 v1.2 Manage graphics extensions (HO)
)
Package epstopdf-base Info: Redefining graphics rule for `.eps' on input line 438.
Package grfext Info: Graphics extension search list:
(grfext)             [.pdf,.png,.jpg,.mps,.jpeg,.jbig2,.jb2,.PDF,.PNG,.JPG,.JPEG,.JBIG2,.JB2,.eps]
(grfext)             \AppendGraphicsExtensions on input line 456.
 (/usr/local/texlive/2018/texmf-dist/tex/latex/latexconfig/epstopdf-sys.cfg
File: epstopdf-sys.cfg 2010/07/13 v1.3 Configuration of (r)epstopdf for TeX Live
)) ABD: EveryShipout initializing macros
\AtBeginShipoutBox=\box85
Package hyperref Info: Link coloring OFF on input line 18.
 (/usr/local/texlive/2018/texmf-dist/tex/latex/hyperref/nameref.sty
Package: nameref 2016/05/21 v2.44 Cross-referencing by name of section
 (/usr/local/texlive/2018/texmf-dist/tex/generic/oberdiek/gettitlestring.sty
Package: gettitlestring 2016/05/16 v1.5 Cleanup title references (HO)
)
\c@section@level=\count184
)
LaTeX Info: Redefining \ref on input line 18.
LaTeX Info: Redefining \pageref on input line 18.
LaTeX Info: Redefining \nameref on input line 18.
LaTeX Font Info:    Overwriting symbol font `operators' in version `normal'
(Font)                  OT1/lmr/m/n --> OT1/cmss/m/n on input line 18.
LaTeX Font Info:    Overwriting symbol font `operators' in version `bold'
(Font)                  OT1/lmr/bx/n --> OT1/cmss/bx/n on input line 18.
LaTeX Font Info:    Overwriting symbol font `operators' in version `normal'
(Font)                  OT1/cmss/m/n --> OT1/lmss/m/n on input line 18.
LaTeX Font Info:    Overwriting symbol font `operators' in version `bold'
(Font)                  OT1/cmss/bx/n --> OT1/lmss/bx/n on input line 18.
\symnumbers=\mathgroup6
\sympureletters=\mathgroup7
LaTeX Font Info:    Overwriting math alphabet `\mathrm' in version `normal'
(Font)                  OT1/lmss/m/n --> T1/lmr/m/n on input line 18.
LaTeX Font Info:    Redeclaring math alphabet \mathbf on input line 18.
LaTeX Font Info:    Overwriting math alphabet `\mathbf' in version `normal'
(Font)                  OT1/lmr/bx/n --> T1/lmss/bx/n on input line 18.
LaTeX Font Info:    Overwriting math alphabet `\mathbf' in version `bold'
(Font)                  OT1/lmr/bx/n --> T1/lmss/bx/n on input line 18.
LaTeX Font Info:    Redeclaring math alphabet \mathsf on input line 18.
LaTeX Font Info:    Overwriting math alphabet `\mathsf' in version `normal'
(Font)                  OT1/lmss/m/n --> T1/lmss/m/n on input line 18.
LaTeX Font Info:    Overwriting math alphabet `\mathsf' in version `bold'
(Font)                  OT1/lmss/bx/n --> T1/lmss/m/n on input line 18.
LaTeX Font Info:    Redeclaring math alphabet \mathit on input line 18.
LaTeX Font Info:    Overwriting math alphabet `\mathit' in version `normal'
(Font)                  OT1/lmr/m/it --> T1/lmss/m/it on input line 18.
LaTeX Font Info:    Overwriting math alphabet `\mathit' in version `bold'
(Font)                  OT1/lmr/bx/it --> T1/lmss/m/it on input line 18.
LaTeX Font Info:    Redeclaring math alphabet \mathtt on input line 18.
LaTeX Font Info:    Overwriting math alphabet `\mathtt' in version `normal'
(Font)                  OT1/lmtt/m/n --> T1/lmtt/m/n on input line 18.
LaTeX Font Info:    Overwriting math alphabet `\mathtt' in version `bold'
(Font)                  OT1/lmtt/m/n --> T1/lmtt/m/n on input line 18.
LaTeX Font Info:    Overwriting symbol font `numbers' in version `bold'
(Font)                  T1/lmss/m/n --> T1/lmss/bx/n on input line 18.
LaTeX Font Info:    Overwriting symbol font `pureletters' in version `bold'
(Font)                  T1/lmss/m/it --> T1/lmss/bx/it on input line 18.
LaTeX Font Info:    Overwriting math alphabet `\mathrm' in version `bold'
(Font)                  OT1/lmss/bx/n --> T1/lmr/bx/n on input line 18.
LaTeX Font Info:    Overwriting math alphabet `\mathbf' in version `bold'
(Font)                  T1/lmss/bx/n --> T1/lmss/bx/n on input line 18.
LaTeX Font Info:    Overwriting math alphabet `\mathsf' in version `bold'
(Font)                  T1/lmss/m/n --> T1/lmss/bx/n on input line 18.
LaTeX Font Info:    Overwriting math alphabet `\mathit' in version `bold'
(Font)                  T1/lmss/m/it --> T1/lmss/bx/it on input line 18.
LaTeX Font Info:    Overwriting math alphabet `\mathtt' in version `bold'
(Font)                  T1/lmtt/m/n --> T1/lmtt/bx/n on input line 18.
 (/usr/local/texlive/2018/texmf-dist/tex/latex/translator/translator-basic-dictionary-English.dict
Dictionary: translator-basic-dictionary, Language: English 
) (/usr/local/texlive/2018/texmf-dist/tex/latex/translator/translator-bibliography-dictionary-English.dict
Dictionary: translator-bibliography-dictionary, Language: English 
) (/usr/local/texlive/2018/texmf-dist/tex/latex/translator/translator-environment-dictionary-English.dict
Dictionary: translator-environment-dictionary, Language: English 
) (/usr/local/texlive/2018/texmf-dist/tex/latex/translator/translator-months-dictionary-English.dict
Dictionary: translator-months-dictionary, Language: English 
) (/usr/local/texlive/2018/texmf-dist/tex/latex/translator/translator-numbers-dictionary-English.dict
Dictionary: translator-numbers-dictionary, Language: English 
) (/usr/local/texlive/2018/texmf-dist/tex/latex/translator/translator-theorem-dictionary-English.dict
Dictionary: translator-theorem-dictionary, Language: English 
) (/Users/connorburbridge/Documents/GitHub/masters/committee-meetings/defence-2026-01/cbe453-defence-2026-01.nav)
LaTeX Font Info:    Font shape `T1/lmss/bx/it' in size <17.28> not available
(Font)              Font shape `T1/lmss/bx/sl' tried instead on input line 22.
<UsaskAerial.jpg, id=13, 1062.21844pt x 429.10312pt>
File: UsaskAerial.jpg Graphic file (type jpg)
<use UsaskAerial.jpg>
Package pdftex.def Info: UsaskAerial.jpg  used on input line 22.
(pdftex.def)             Requested size: 353.40025pt x 142.76338pt.
<UsaskLogo.jpg, id=14, 933.4875pt x 216.05719pt>
File: UsaskLogo.jpg Graphic file (type jpg)
<use UsaskLogo.jpg>
Package pdftex.def Info: UsaskLogo.jpg  used on input line 22.
(pdftex.def)             Requested size: 72.26999pt x 16.72447pt.
<TitleBullet.jpg, id=15, 140.77594pt x 100.87688pt>
File: TitleBullet.jpg Graphic file (type jpg)
<use TitleBullet.jpg>
Package pdftex.def Info: TitleBullet.jpg  used on input line 22.
(pdftex.def)             Requested size: 18.06749pt x 12.94667pt.
 [1

{/usr/local/texlive/2018/texmf-var/fonts/map/pdftex/updmap/pdftex.map} </Users/connorburbridge/Documents/GitHub/masters/committee-meetings/defence-2026-01/UsaskAerial.jpg> </Users/connorburbridge/Documents/GitHub/masters/committee-meetings/defence-2026-01/UsaskLogo.jpg> </Users/connorburbridge/Documents/GitHub/masters/committee-meetings/defence-2026-01/TitleBullet.jpg>]
LaTeX Font Info:    Try loading font information for OT1+lmss on input line 36.
 (/usr/local/texlive/2018/texmf-dist/tex/latex/lm/ot1lmss.fd
File: ot1lmss.fd 2009/10/30 v1.6 Font defs for Latin Modern
)
LaTeX Font Info:    Try loading font information for OML+lmm on input line 36.
 (/usr/local/texlive/2018/texmf-dist/tex/latex/lm/omllmm.fd
File: omllmm.fd 2009/10/30 v1.6 Font defs for Latin Modern
)
LaTeX Font Info:    Try loading font information for OMS+lmsy on input line 36.
 (/usr/local/texlive/2018/texmf-dist/tex/latex/lm/omslmsy.fd
File: omslmsy.fd 2009/10/30 v1.6 Font defs for Latin Modern
)
LaTeX Font Info:    Try loading font information for OMX+lmex on input line 36.
 (/usr/local/texlive/2018/texmf-dist/tex/latex/lm/omxlmex.fd
File: omxlmex.fd 2009/10/30 v1.6 Font defs for Latin Modern
)
LaTeX Font Info:    External font `lmex10' loaded for size
(Font)              <10.95> on input line 36.
LaTeX Font Info:    External font `lmex10' loaded for size
(Font)              <8> on input line 36.
LaTeX Font Info:    External font `lmex10' loaded for size
(Font)              <6> on input line 36.
LaTeX Font Info:    Try loading font information for U+msa on input line 36.
 (/usr/local/texlive/2018/texmf-dist/tex/latex/amsfonts/umsa.fd
File: umsa.fd 2013/01/14 v3.01 AMS symbols A
)
LaTeX Font Info:    Try loading font information for U+msb on input line 36.
 (/usr/local/texlive/2018/texmf-dist/tex/latex/amsfonts/umsb.fd
File: umsb.fd 2013/01/14 v3.01 AMS symbols B
)
LaTeX Font Info:    Font shape `T1/lmss/m/it' in size <10.95> not available
(Font)              Font shape `T1/lmss/m/sl' tried instead on input line 36.
LaTeX Font Info:    Font shape `T1/lmss/m/it' in size <8> not available
(Font)              Font shape `T1/lmss/m/sl' tried instead on input line 36.
LaTeX Font Info:    Font shape `T1/lmss/m/it' in size <6> not available
(Font)              Font shape `T1/lmss/m/sl' tried instead on input line 36.
LaTeX Font Info:    Font shape `T1/lmss/bx/it' in size <10.95> not available
(Font)              Font shape `T1/lmss/bx/sl' tried instead on input line 36.
File: UsaskAerial.jpg Graphic file (type jpg)
<use UsaskAerial.jpg>
Package pdftex.def Info: UsaskAerial.jpg  used on input line 36.
(pdftex.def)             Requested size: 353.40025pt x 142.76338pt.
File: UsaskLogo.jpg Graphic file (type jpg)
<use UsaskLogo.jpg>
Package pdftex.def Info: UsaskLogo.jpg  used on input line 36.
(pdftex.def)             Requested size: 72.26999pt x 16.72447pt.
File: TitleBullet.jpg Graphic file (type jpg)
<use TitleBullet.jpg>
Package pdftex.def Info: TitleBullet.jpg  used on input line 36.
(pdftex.def)             Requested size: 18.06749pt x 12.94667pt.
File: UsaskLogo.jpg Graphic file (type jpg)
<use UsaskLogo.jpg>
Package pdftex.def Info: UsaskLogo.jpg  used on input line 36.
(pdftex.def)             Requested size: 72.26999pt x 16.72447pt.
File: TitleBullet.jpg Graphic file (type jpg)
<use TitleBullet.jpg>
Package pdftex.def Info: TitleBullet.jpg  used on input line 36.
(pdftex.def)             Requested size: 18.06749pt x 12.94667pt.
<UsaskBullet.jpg, id=47, 112.92188pt x 180.675pt>
File: UsaskBullet.jpg Graphic file (type jpg)
<use UsaskBullet.jpg>
Package pdftex.def Info: UsaskBullet.jpg  used on input line 36.
(pdftex.def)             Requested size: 4.51686pt x 7.22575pt.
 [2

 </Users/connorburbridge/Documents/GitHub/masters/committee-meetings/defence-2026-01/UsaskBullet.jpg>]
<./Trichoderma_harzianum.jpg, id=74, 385.44pt x 430.7292pt>
File: ./Trichoderma_harzianum.jpg Graphic file (type jpg)
<use ./Trichoderma_harzianum.jpg>
Package pdftex.def Info: ./Trichoderma_harzianum.jpg  used on input line 69.
(pdftex.def)             Requested size: 53.77666pt x 60.09135pt.
LaTeX Font Info:    Font shape `T1/lmss/m/it' in size <10> not available
(Font)              Font shape `T1/lmss/m/sl' tried instead on input line 69.
LaTeX Font Info:    External font `lmex10' loaded for size
(Font)              <10> on input line 69.
LaTeX Font Info:    External font `lmex10' loaded for size
(Font)              <7> on input line 69.
LaTeX Font Info:    External font `lmex10' loaded for size
(Font)              <5> on input line 69.
LaTeX Font Info:    Font shape `T1/lmss/m/it' in size <7> not available
(Font)              Font shape `T1/lmss/m/sl' tried instead on input line 69.
LaTeX Font Info:    Font shape `T1/lmss/m/it' in size <5> not available
(Font)              Font shape `T1/lmss/m/sl' tried instead on input line 69.
<./Trichoderma_petri.jpg, id=75, 276.03125pt x 183.68625pt>
File: ./Trichoderma_petri.jpg Graphic file (type jpg)
<use ./Trichoderma_petri.jpg>
Package pdftex.def Info: ./Trichoderma_petri.jpg  used on input line 69.
(pdftex.def)             Requested size: 88.49959pt x 58.8929pt.
LaTeX Font Info:    Try loading font information for T1+lmtt on input line 69.
 (/usr/local/texlive/2018/texmf-dist/tex/latex/lm/t1lmtt.fd
File: t1lmtt.fd 2009/10/30 v1.6 Font defs for Latin Modern
)
File: UsaskAerial.jpg Graphic file (type jpg)
<use UsaskAerial.jpg>
Package pdftex.def Info: UsaskAerial.jpg  used on input line 69.
(pdftex.def)             Requested size: 353.40025pt x 142.76338pt.
File: UsaskLogo.jpg Graphic file (type jpg)
<use UsaskLogo.jpg>
Package pdftex.def Info: UsaskLogo.jpg  used on input line 69.
(pdftex.def)             Requested size: 72.26999pt x 16.72447pt.
File: TitleBullet.jpg Graphic file (type jpg)
<use TitleBullet.jpg>
Package pdftex.def Info: TitleBullet.jpg  used on input line 69.
(pdftex.def)             Requested size: 18.06749pt x 12.94667pt.
File: UsaskLogo.jpg Graphic file (type jpg)
<use UsaskLogo.jpg>
Package pdftex.def Info: UsaskLogo.jpg  used on input line 69.
(pdftex.def)             Requested size: 72.26999pt x 16.72447pt.
File: TitleBullet.jpg Graphic file (type jpg)
<use TitleBullet.jpg>
Package pdftex.def Info: TitleBullet.jpg  used on input line 69.
(pdftex.def)             Requested size: 18.06749pt x 12.94667pt.
File: UsaskBullet.jpg Graphic file (type jpg)
<use UsaskBullet.jpg>
Package pdftex.def Info: UsaskBullet.jpg  used on input line 69.
(pdftex.def)             Requested size: 4.51686pt x 7.22575pt.
 [3

 <./Trichoderma_harzianum.jpg> <./Trichoderma_petri.jpg>]
File: UsaskAerial.jpg Graphic file (type jpg)
<use UsaskAerial.jpg>
Package pdftex.def Info: UsaskAerial.jpg  used on input line 80.
(pdftex.def)             Requested size: 353.40025pt x 142.76338pt.
File: UsaskLogo.jpg Graphic file (type jpg)
<use UsaskLogo.jpg>
Package pdftex.def Info: UsaskLogo.jpg  used on input line 80.
(pdftex.def)             Requested size: 72.26999pt x 16.72447pt.
File: TitleBullet.jpg Graphic file (type jpg)
<use TitleBullet.jpg>
Package pdftex.def Info: TitleBullet.jpg  used on input line 80.
(pdftex.def)             Requested size: 18.06749pt x 12.94667pt.
File: UsaskLogo.jpg Graphic file (type jpg)
<use UsaskLogo.jpg>
Package pdftex.def Info: UsaskLogo.jpg  used on input line 80.
(pdftex.def)             Requested size: 72.26999pt x 16.72447pt.
File: TitleBullet.jpg Graphic file (type jpg)
<use TitleBullet.jpg>
Package pdftex.def Info: TitleBullet.jpg  used on input line 80.
(pdftex.def)             Requested size: 18.06749pt x 12.94667pt.
File: UsaskBullet.jpg Graphic file (type jpg)
<use UsaskBullet.jpg>
Package pdftex.def Info: UsaskBullet.jpg  used on input line 80.
(pdftex.def)             Requested size: 4.51686pt x 7.22575pt.
 [4

]
File: UsaskAerial.jpg Graphic file (type jpg)
<use UsaskAerial.jpg>
Package pdftex.def Info: UsaskAerial.jpg  used on input line 92.
(pdftex.def)             Requested size: 353.40025pt x 142.76338pt.
File: UsaskLogo.jpg Graphic file (type jpg)
<use UsaskLogo.jpg>
Package pdftex.def Info: UsaskLogo.jpg  used on input line 92.
(pdftex.def)             Requested size: 72.26999pt x 16.72447pt.
File: TitleBullet.jpg Graphic file (type jpg)
<use TitleBullet.jpg>
Package pdftex.def Info: TitleBullet.jpg  used on input line 92.
(pdftex.def)             Requested size: 18.06749pt x 12.94667pt.
File: UsaskLogo.jpg Graphic file (type jpg)
<use UsaskLogo.jpg>
Package pdftex.def Info: UsaskLogo.jpg  used on input line 92.
(pdftex.def)             Requested size: 72.26999pt x 16.72447pt.
File: TitleBullet.jpg Graphic file (type jpg)
<use TitleBullet.jpg>
Package pdftex.def Info: TitleBullet.jpg  used on input line 92.
(pdftex.def)             Requested size: 18.06749pt x 12.94667pt.
File: UsaskBullet.jpg Graphic file (type jpg)
<use UsaskBullet.jpg>
Package pdftex.def Info: UsaskBullet.jpg  used on input line 92.
(pdftex.def)             Requested size: 4.51686pt x 7.22575pt.
 [5

]
File: UsaskAerial.jpg Graphic file (type jpg)
<use UsaskAerial.jpg>
Package pdftex.def Info: UsaskAerial.jpg  used on input line 102.
(pdftex.def)             Requested size: 353.40025pt x 142.76338pt.
File: UsaskLogo.jpg Graphic file (type jpg)
<use UsaskLogo.jpg>
Package pdftex.def Info: UsaskLogo.jpg  used on input line 102.
(pdftex.def)             Requested size: 72.26999pt x 16.72447pt.
File: TitleBullet.jpg Graphic file (type jpg)
<use TitleBullet.jpg>
Package pdftex.def Info: TitleBullet.jpg  used on input line 102.
(pdftex.def)             Requested size: 18.06749pt x 12.94667pt.
File: UsaskLogo.jpg Graphic file (type jpg)
<use UsaskLogo.jpg>
Package pdftex.def Info: UsaskLogo.jpg  used on input line 102.
(pdftex.def)             Requested size: 72.26999pt x 16.72447pt.
File: TitleBullet.jpg Graphic file (type jpg)
<use TitleBullet.jpg>
Package pdftex.def Info: TitleBullet.jpg  used on input line 102.
(pdftex.def)             Requested size: 18.06749pt x 12.94667pt.
File: UsaskBullet.jpg Graphic file (type jpg)
<use UsaskBullet.jpg>
Package pdftex.def Info: UsaskBullet.jpg  used on input line 102.
(pdftex.def)             Requested size: 4.51686pt x 7.22575pt.
 [6

]
<../../working-thesis/figures/dc1-low-gc-fastqc.png, id=182, 803.0pt x 602.25pt>
File: ../../working-thesis/figures/dc1-low-gc-fastqc.png Graphic file (type png)
<use ../../working-thesis/figures/dc1-low-gc-fastqc.png>
Package pdftex.def Info: ../../working-thesis/figures/dc1-low-gc-fastqc.png  used on input line 122.
(pdftex.def)             Requested size: 140.5271pt x 105.39532pt.

Overfull \hbox (17.61304pt too wide) in paragraph at lines 122--122
 [][] 
 []

<../../working-thesis/figures/gc-plot.pdf, id=183, 462.52798pt x 346.89601pt>
File: ../../working-thesis/figures/gc-plot.pdf Graphic file (type pdf)
<use ../../working-thesis/figures/gc-plot.pdf>
Package pdftex.def Info: ../../working-thesis/figures/gc-plot.pdf  used on input line 122.
(pdftex.def)             Requested size: 152.63469pt x 114.47603pt.
File: UsaskAerial.jpg Graphic file (type jpg)
<use UsaskAerial.jpg>
Package pdftex.def Info: UsaskAerial.jpg  used on input line 122.
(pdftex.def)             Requested size: 353.40025pt x 142.76338pt.
File: UsaskLogo.jpg Graphic file (type jpg)
<use UsaskLogo.jpg>
Package pdftex.def Info: UsaskLogo.jpg  used on input line 122.
(pdftex.def)             Requested size: 72.26999pt x 16.72447pt.
File: TitleBullet.jpg Graphic file (type jpg)
<use TitleBullet.jpg>
Package pdftex.def Info: TitleBullet.jpg  used on input line 122.
(pdftex.def)             Requested size: 18.06749pt x 12.94667pt.
File: UsaskLogo.jpg Graphic file (type jpg)
<use UsaskLogo.jpg>
Package pdftex.def Info: UsaskLogo.jpg  used on input line 122.
(pdftex.def)             Requested size: 72.26999pt x 16.72447pt.
File: TitleBullet.jpg Graphic file (type jpg)
<use TitleBullet.jpg>
Package pdftex.def Info: TitleBullet.jpg  used on input line 122.
(pdftex.def)             Requested size: 18.06749pt x 12.94667pt.
File: UsaskBullet.jpg Graphic file (type jpg)
<use UsaskBullet.jpg>
Package pdftex.def Info: UsaskBullet.jpg  used on input line 122.
(pdftex.def)             Requested size: 4.51686pt x 7.22575pt.
[7

 <../../working-thesis/figures/dc1-low-gc-fastqc.png (PNG copy)> <../../working-thesis/figures/gc-plot.pdf>]
<./subcellular-localization.jpg, id=247, 602.25pt x 378.41376pt>
File: ./subcellular-localization.jpg Graphic file (type jpg)
<use ./subcellular-localization.jpg>
Package pdftex.def Info: ./subcellular-localization.jpg  used on input line 134.
(pdftex.def)             Requested size: 153.64493pt x 96.53754pt.
File: UsaskAerial.jpg Graphic file (type jpg)
<use UsaskAerial.jpg>
Package pdftex.def Info: UsaskAerial.jpg  used on input line 134.
(pdftex.def)             Requested size: 353.40025pt x 142.76338pt.
File: UsaskLogo.jpg Graphic file (type jpg)
<use UsaskLogo.jpg>
Package pdftex.def Info: UsaskLogo.jpg  used on input line 134.
(pdftex.def)             Requested size: 72.26999pt x 16.72447pt.
File: TitleBullet.jpg Graphic file (type jpg)
<use TitleBullet.jpg>
Package pdftex.def Info: TitleBullet.jpg  used on input line 134.
(pdftex.def)             Requested size: 18.06749pt x 12.94667pt.
File: UsaskLogo.jpg Graphic file (type jpg)
<use UsaskLogo.jpg>
Package pdftex.def Info: UsaskLogo.jpg  used on input line 134.
(pdftex.def)             Requested size: 72.26999pt x 16.72447pt.
File: TitleBullet.jpg Graphic file (type jpg)
<use TitleBullet.jpg>
Package pdftex.def Info: TitleBullet.jpg  used on input line 134.
(pdftex.def)             Requested size: 18.06749pt x 12.94667pt.
File: UsaskBullet.jpg Graphic file (type jpg)
<use UsaskBullet.jpg>
Package pdftex.def Info: UsaskBullet.jpg  used on input line 134.
(pdftex.def)             Requested size: 4.51686pt x 7.22575pt.
 [8

 <./subcellular-localization.jpg>]
<../../working-thesis/figures/igv/igv-complicated-thin.png, id=274, 1307.88625pt x 437.635pt>
File: ../../working-thesis/figures/igv/igv-complicated-thin.png Graphic file (type png)
<use ../../working-thesis/figures/igv/igv-complicated-thin.png>
Package pdftex.def Info: ../../working-thesis/figures/igv/igv-complicated-thin.png  used on input line 141.
(pdftex.def)             Requested size: 215.10196pt x 71.97293pt.
<../../working-thesis/figures/igv/ips-model-disagree.png, id=276, 1542.76375pt x 765.86125pt>
File: ../../working-thesis/figures/igv/ips-model-disagree.png Graphic file (type png)
<use ../../working-thesis/figures/igv/ips-model-disagree.png>
Package pdftex.def Info: ../../working-thesis/figures/igv/ips-model-disagree.png  used on input line 141.
(pdftex.def)             Requested size: 215.10196pt x 106.77577pt.
File: UsaskAerial.jpg Graphic file (type jpg)
<use UsaskAerial.jpg>
Package pdftex.def Info: UsaskAerial.jpg  used on input line 141.
(pdftex.def)             Requested size: 353.40025pt x 142.76338pt.
File: UsaskLogo.jpg Graphic file (type jpg)
<use UsaskLogo.jpg>
Package pdftex.def Info: UsaskLogo.jpg  used on input line 141.
(pdftex.def)             Requested size: 72.26999pt x 16.72447pt.
File: TitleBullet.jpg Graphic file (type jpg)
<use TitleBullet.jpg>
Package pdftex.def Info: TitleBullet.jpg  used on input line 141.
(pdftex.def)             Requested size: 18.06749pt x 12.94667pt.
File: UsaskLogo.jpg Graphic file (type jpg)
<use UsaskLogo.jpg>
Package pdftex.def Info: UsaskLogo.jpg  used on input line 141.
(pdftex.def)             Requested size: 72.26999pt x 16.72447pt.
File: TitleBullet.jpg Graphic file (type jpg)
<use TitleBullet.jpg>
Package pdftex.def Info: TitleBullet.jpg  used on input line 141.
(pdftex.def)             Requested size: 18.06749pt x 12.94667pt.
File: UsaskBullet.jpg Graphic file (type jpg)
<use UsaskBullet.jpg>
Package pdftex.def Info: UsaskBullet.jpg  used on input line 141.
(pdftex.def)             Requested size: 4.51686pt x 7.22575pt.
 [9

 <../../working-thesis/figures/igv/igv-complicated-thin.png> <../../working-thesis/figures/igv/ips-model-disagree.png>]
<../../working-thesis/figures/t-reesei-cdf-lengths-log.pdf, id=304, 722.7pt x 361.35pt>
File: ../../working-thesis/figures/t-reesei-cdf-lengths-log.pdf Graphic file (type pdf)
<use ../../working-thesis/figures/t-reesei-cdf-lengths-log.pdf>
Package pdftex.def Info: ../../working-thesis/figures/t-reesei-cdf-lengths-log.pdf  used on input line 153.
(pdftex.def)             Requested size: 276.559pt x 138.27933pt.

Overfull \vbox (8.34209pt too high) detected at line 153
 []

File: UsaskAerial.jpg Graphic file (type jpg)
<use UsaskAerial.jpg>
Package pdftex.def Info: UsaskAerial.jpg  used on input line 153.
(pdftex.def)             Requested size: 353.40025pt x 142.76338pt.
File: UsaskLogo.jpg Graphic file (type jpg)
<use UsaskLogo.jpg>
Package pdftex.def Info: UsaskLogo.jpg  used on input line 153.
(pdftex.def)             Requested size: 72.26999pt x 16.72447pt.
File: TitleBullet.jpg Graphic file (type jpg)
<use TitleBullet.jpg>
Package pdftex.def Info: TitleBullet.jpg  used on input line 153.
(pdftex.def)             Requested size: 18.06749pt x 12.94667pt.
File: UsaskLogo.jpg Graphic file (type jpg)
<use UsaskLogo.jpg>
Package pdftex.def Info: UsaskLogo.jpg  used on input line 153.
(pdftex.def)             Requested size: 72.26999pt x 16.72447pt.
File: TitleBullet.jpg Graphic file (type jpg)
<use TitleBullet.jpg>
Package pdftex.def Info: TitleBullet.jpg  used on input line 153.
(pdftex.def)             Requested size: 18.06749pt x 12.94667pt.
File: UsaskBullet.jpg Graphic file (type jpg)
<use UsaskBullet.jpg>
Package pdftex.def Info: UsaskBullet.jpg  used on input line 153.
(pdftex.def)             Requested size: 4.51686pt x 7.22575pt.
[10

 <../../working-thesis/figures/t-reesei-cdf-lengths-log.pdf>]
File: UsaskAerial.jpg Graphic file (type jpg)
<use UsaskAerial.jpg>
Package pdftex.def Info: UsaskAerial.jpg  used on input line 165.
(pdftex.def)             Requested size: 353.40025pt x 142.76338pt.
File: UsaskLogo.jpg Graphic file (type jpg)
<use UsaskLogo.jpg>
Package pdftex.def Info: UsaskLogo.jpg  used on input line 165.
(pdftex.def)             Requested size: 72.26999pt x 16.72447pt.
File: TitleBullet.jpg Graphic file (type jpg)
<use TitleBullet.jpg>
Package pdftex.def Info: TitleBullet.jpg  used on input line 165.
(pdftex.def)             Requested size: 18.06749pt x 12.94667pt.
File: UsaskLogo.jpg Graphic file (type jpg)
<use UsaskLogo.jpg>
Package pdftex.def Info: UsaskLogo.jpg  used on input line 165.
(pdftex.def)             Requested size: 72.26999pt x 16.72447pt.
File: TitleBullet.jpg Graphic file (type jpg)
<use TitleBullet.jpg>
Package pdftex.def Info: TitleBullet.jpg  used on input line 165.
(pdftex.def)             Requested size: 18.06749pt x 12.94667pt.
File: UsaskBullet.jpg Graphic file (type jpg)
<use UsaskBullet.jpg>
Package pdftex.def Info: UsaskBullet.jpg  used on input line 165.
(pdftex.def)             Requested size: 4.51686pt x 7.22575pt.
 [11

]
File: UsaskAerial.jpg Graphic file (type jpg)
<use UsaskAerial.jpg>
Package pdftex.def Info: UsaskAerial.jpg  used on input line 181.
(pdftex.def)             Requested size: 353.40025pt x 142.76338pt.
File: UsaskLogo.jpg Graphic file (type jpg)
<use UsaskLogo.jpg>
Package pdftex.def Info: UsaskLogo.jpg  used on input line 181.
(pdftex.def)             Requested size: 72.26999pt x 16.72447pt.
File: TitleBullet.jpg Graphic file (type jpg)
<use TitleBullet.jpg>
Package pdftex.def Info: TitleBullet.jpg  used on input line 181.
(pdftex.def)             Requested size: 18.06749pt x 12.94667pt.
File: UsaskLogo.jpg Graphic file (type jpg)
<use UsaskLogo.jpg>
Package pdftex.def Info: UsaskLogo.jpg  used on input line 181.
(pdftex.def)             Requested size: 72.26999pt x 16.72447pt.
File: TitleBullet.jpg Graphic file (type jpg)
<use TitleBullet.jpg>
Package pdftex.def Info: TitleBullet.jpg  used on input line 181.
(pdftex.def)             Requested size: 18.06749pt x 12.94667pt.
File: UsaskBullet.jpg Graphic file (type jpg)
<use UsaskBullet.jpg>
Package pdftex.def Info: UsaskBullet.jpg  used on input line 181.
(pdftex.def)             Requested size: 4.51686pt x 7.22575pt.
 [12

]
File: UsaskAerial.jpg Graphic file (type jpg)
<use UsaskAerial.jpg>
Package pdftex.def Info: UsaskAerial.jpg  used on input line 193.
(pdftex.def)             Requested size: 353.40025pt x 142.76338pt.
File: UsaskLogo.jpg Graphic file (type jpg)
<use UsaskLogo.jpg>
Package pdftex.def Info: UsaskLogo.jpg  used on input line 193.
(pdftex.def)             Requested size: 72.26999pt x 16.72447pt.
File: TitleBullet.jpg Graphic file (type jpg)
<use TitleBullet.jpg>
Package pdftex.def Info: TitleBullet.jpg  used on input line 193.
(pdftex.def)             Requested size: 18.06749pt x 12.94667pt.
File: UsaskLogo.jpg Graphic file (type jpg)
<use UsaskLogo.jpg>
Package pdftex.def Info: UsaskLogo.jpg  used on input line 193.
(pdftex.def)             Requested size: 72.26999pt x 16.72447pt.
File: TitleBullet.jpg Graphic file (type jpg)
<use TitleBullet.jpg>
Package pdftex.def Info: TitleBullet.jpg  used on input line 193.
(pdftex.def)             Requested size: 18.06749pt x 12.94667pt.
File: UsaskBullet.jpg Graphic file (type jpg)
<use UsaskBullet.jpg>
Package pdftex.def Info: UsaskBullet.jpg  used on input line 193.
(pdftex.def)             Requested size: 4.51686pt x 7.22575pt.
 [13

]

pdfTeX warning: pdflatex (file ../../working-thesis/figures/workflow-simple.pdf): PDF inclusion: found PDF version <1.7>, but at most version <1.5> allowed
<../../working-thesis/figures/workflow-simple.pdf, id=447, 523.9575pt x 397.485pt>
File: ../../working-thesis/figures/workflow-simple.pdf Graphic file (type pdf)
<use ../../working-thesis/figures/workflow-simple.pdf>
Package pdftex.def Info: ../../working-thesis/figures/workflow-simple.pdf  used on input line 199.
(pdftex.def)             Requested size: 267.34068pt x 202.8117pt.
File: UsaskAerial.jpg Graphic file (type jpg)
<use UsaskAerial.jpg>
Package pdftex.def Info: UsaskAerial.jpg  used on input line 199.
(pdftex.def)             Requested size: 353.40025pt x 142.76338pt.
File: UsaskLogo.jpg Graphic file (type jpg)
<use UsaskLogo.jpg>
Package pdftex.def Info: UsaskLogo.jpg  used on input line 199.
(pdftex.def)             Requested size: 72.26999pt x 16.72447pt.
File: TitleBullet.jpg Graphic file (type jpg)
<use TitleBullet.jpg>
Package pdftex.def Info: TitleBullet.jpg  used on input line 199.
(pdftex.def)             Requested size: 18.06749pt x 12.94667pt.
File: UsaskLogo.jpg Graphic file (type jpg)
<use UsaskLogo.jpg>
Package pdftex.def Info: UsaskLogo.jpg  used on input line 199.
(pdftex.def)             Requested size: 72.26999pt x 16.72447pt.
File: TitleBullet.jpg Graphic file (type jpg)
<use TitleBullet.jpg>
Package pdftex.def Info: TitleBullet.jpg  used on input line 199.
(pdftex.def)             Requested size: 18.06749pt x 12.94667pt.
File: UsaskBullet.jpg Graphic file (type jpg)
<use UsaskBullet.jpg>
Package pdftex.def Info: UsaskBullet.jpg  used on input line 199.
(pdftex.def)             Requested size: 4.51686pt x 7.22575pt.
[14

 <../../working-thesis/figures/workflow-simple.pdf>]
File: UsaskAerial.jpg Graphic file (type jpg)
<use UsaskAerial.jpg>
Package pdftex.def Info: UsaskAerial.jpg  used on input line 211.
(pdftex.def)             Requested size: 353.40025pt x 142.76338pt.
File: UsaskLogo.jpg Graphic file (type jpg)
<use UsaskLogo.jpg>
Package pdftex.def Info: UsaskLogo.jpg  used on input line 211.
(pdftex.def)             Requested size: 72.26999pt x 16.72447pt.
File: TitleBullet.jpg Graphic file (type jpg)
<use TitleBullet.jpg>
Package pdftex.def Info: TitleBullet.jpg  used on input line 211.
(pdftex.def)             Requested size: 18.06749pt x 12.94667pt.
File: UsaskLogo.jpg Graphic file (type jpg)
<use UsaskLogo.jpg>
Package pdftex.def Info: UsaskLogo.jpg  used on input line 211.
(pdftex.def)             Requested size: 72.26999pt x 16.72447pt.
File: TitleBullet.jpg Graphic file (type jpg)
<use TitleBullet.jpg>
Package pdftex.def Info: TitleBullet.jpg  used on input line 211.
(pdftex.def)             Requested size: 18.06749pt x 12.94667pt.
File: UsaskBullet.jpg Graphic file (type jpg)
<use UsaskBullet.jpg>
Package pdftex.def Info: UsaskBullet.jpg  used on input line 211.
(pdftex.def)             Requested size: 4.51686pt x 7.22575pt.
 [15

]
<../../working-thesis/figures/assembly-stats-snip.png, id=506, 914.66719pt x 256.70906pt>
File: ../../working-thesis/figures/assembly-stats-snip.png Graphic file (type png)
<use ../../working-thesis/figures/assembly-stats-snip.png>
Package pdftex.def Info: ../../working-thesis/figures/assembly-stats-snip.png  used on input line 224.
(pdftex.def)             Requested size: 307.28987pt x 86.2419pt.
File: UsaskAerial.jpg Graphic file (type jpg)
<use UsaskAerial.jpg>
Package pdftex.def Info: UsaskAerial.jpg  used on input line 224.
(pdftex.def)             Requested size: 353.40025pt x 142.76338pt.
File: UsaskLogo.jpg Graphic file (type jpg)
<use UsaskLogo.jpg>
Package pdftex.def Info: UsaskLogo.jpg  used on input line 224.
(pdftex.def)             Requested size: 72.26999pt x 16.72447pt.
File: TitleBullet.jpg Graphic file (type jpg)
<use TitleBullet.jpg>
Package pdftex.def Info: TitleBullet.jpg  used on input line 224.
(pdftex.def)             Requested size: 18.06749pt x 12.94667pt.
File: UsaskLogo.jpg Graphic file (type jpg)
<use UsaskLogo.jpg>
Package pdftex.def Info: UsaskLogo.jpg  used on input line 224.
(pdftex.def)             Requested size: 72.26999pt x 16.72447pt.
File: TitleBullet.jpg Graphic file (type jpg)
<use TitleBullet.jpg>
Package pdftex.def Info: TitleBullet.jpg  used on input line 224.
(pdftex.def)             Requested size: 18.06749pt x 12.94667pt.
File: UsaskBullet.jpg Graphic file (type jpg)
<use UsaskBullet.jpg>
Package pdftex.def Info: UsaskBullet.jpg  used on input line 224.
(pdftex.def)             Requested size: 4.51686pt x 7.22575pt.
 [16

 <../../working-thesis/figures/assembly-stats-snip.png>]
<../../working-thesis/figures/gc-percent-snip.png, id=534, 910.90312pt x 233.37187pt>
File: ../../working-thesis/figures/gc-percent-snip.png Graphic file (type png)
<use ../../working-thesis/figures/gc-percent-snip.png>
Package pdftex.def Info: ../../working-thesis/figures/gc-percent-snip.png  used on input line 236.
(pdftex.def)             Requested size: 276.559pt x 70.85248pt.
<../../working-thesis/figures/gc-gene-counts-snip.png, id=535, 800.9925pt x 407.27156pt>
File: ../../working-thesis/figures/gc-gene-counts-snip.png Graphic file (type png)
<use ../../working-thesis/figures/gc-gene-counts-snip.png>
Package pdftex.def Info: ../../working-thesis/figures/gc-gene-counts-snip.png  used on input line 236.
(pdftex.def)             Requested size: 138.2795pt x 70.30412pt.
File: UsaskAerial.jpg Graphic file (type jpg)
<use UsaskAerial.jpg>
Package pdftex.def Info: UsaskAerial.jpg  used on input line 236.
(pdftex.def)             Requested size: 353.40025pt x 142.76338pt.
File: UsaskLogo.jpg Graphic file (type jpg)
<use UsaskLogo.jpg>
Package pdftex.def Info: UsaskLogo.jpg  used on input line 236.
(pdftex.def)             Requested size: 72.26999pt x 16.72447pt.
File: TitleBullet.jpg Graphic file (type jpg)
<use TitleBullet.jpg>
Package pdftex.def Info: TitleBullet.jpg  used on input line 236.
(pdftex.def)             Requested size: 18.06749pt x 12.94667pt.
File: UsaskLogo.jpg Graphic file (type jpg)
<use UsaskLogo.jpg>
Package pdftex.def Info: UsaskLogo.jpg  used on input line 236.
(pdftex.def)             Requested size: 72.26999pt x 16.72447pt.
File: TitleBullet.jpg Graphic file (type jpg)
<use TitleBullet.jpg>
Package pdftex.def Info: TitleBullet.jpg  used on input line 236.
(pdftex.def)             Requested size: 18.06749pt x 12.94667pt.
File: UsaskBullet.jpg Graphic file (type jpg)
<use UsaskBullet.jpg>
Package pdftex.def Info: UsaskBullet.jpg  used on input line 236.
(pdftex.def)             Requested size: 4.51686pt x 7.22575pt.
 [17

 <../../working-thesis/figures/gc-percent-snip.png> <../../working-thesis/figures/gc-gene-counts-snip.png>]
<../../working-thesis/figures/t-reesei-region-breakdown.png, id=563, 586.19pt x 233.87375pt>
File: ../../working-thesis/figures/t-reesei-region-breakdown.png Graphic file (type png)
<use ../../working-thesis/figures/t-reesei-region-breakdown.png>
Package pdftex.def Info: ../../working-thesis/figures/t-reesei-region-breakdown.png  used on input line 247.
(pdftex.def)             Requested size: 276.559pt x 110.3382pt.
File: UsaskAerial.jpg Graphic file (type jpg)
<use UsaskAerial.jpg>
Package pdftex.def Info: UsaskAerial.jpg  used on input line 247.
(pdftex.def)             Requested size: 353.40025pt x 142.76338pt.
File: UsaskLogo.jpg Graphic file (type jpg)
<use UsaskLogo.jpg>
Package pdftex.def Info: UsaskLogo.jpg  used on input line 247.
(pdftex.def)             Requested size: 72.26999pt x 16.72447pt.
File: TitleBullet.jpg Graphic file (type jpg)
<use TitleBullet.jpg>
Package pdftex.def Info: TitleBullet.jpg  used on input line 247.
(pdftex.def)             Requested size: 18.06749pt x 12.94667pt.
File: UsaskLogo.jpg Graphic file (type jpg)
<use UsaskLogo.jpg>
Package pdftex.def Info: UsaskLogo.jpg  used on input line 247.
(pdftex.def)             Requested size: 72.26999pt x 16.72447pt.
File: TitleBullet.jpg Graphic file (type jpg)
<use TitleBullet.jpg>
Package pdftex.def Info: TitleBullet.jpg  used on input line 247.
(pdftex.def)             Requested size: 18.06749pt x 12.94667pt.
File: UsaskBullet.jpg Graphic file (type jpg)
<use UsaskBullet.jpg>
Package pdftex.def Info: UsaskBullet.jpg  used on input line 247.
(pdftex.def)             Requested size: 4.51686pt x 7.22575pt.
 [18

 <../../working-thesis/figures/t-reesei-region-breakdown.png>]
<../../working-thesis/figures/braker-antismash-tsth20.png, id=590, 752.0597pt x 234.8775pt>
File: ../../working-thesis/figures/braker-antismash-tsth20.png Graphic file (type png)
<use ../../working-thesis/figures/braker-antismash-tsth20.png>
Package pdftex.def Info: ../../working-thesis/figures/braker-antismash-tsth20.png  used on input line 260.
(pdftex.def)             Requested size: 245.83282pt x 76.7751pt.
File: UsaskAerial.jpg Graphic file (type jpg)
<use UsaskAerial.jpg>
Package pdftex.def Info: UsaskAerial.jpg  used on input line 260.
(pdftex.def)             Requested size: 353.40025pt x 142.76338pt.
File: UsaskLogo.jpg Graphic file (type jpg)
<use UsaskLogo.jpg>
Package pdftex.def Info: UsaskLogo.jpg  used on input line 260.
(pdftex.def)             Requested size: 72.26999pt x 16.72447pt.
File: TitleBullet.jpg Graphic file (type jpg)
<use TitleBullet.jpg>
Package pdftex.def Info: TitleBullet.jpg  used on input line 260.
(pdftex.def)             Requested size: 18.06749pt x 12.94667pt.
File: UsaskLogo.jpg Graphic file (type jpg)
<use UsaskLogo.jpg>
Package pdftex.def Info: UsaskLogo.jpg  used on input line 260.
(pdftex.def)             Requested size: 72.26999pt x 16.72447pt.
File: TitleBullet.jpg Graphic file (type jpg)
<use TitleBullet.jpg>
Package pdftex.def Info: TitleBullet.jpg  used on input line 260.
(pdftex.def)             Requested size: 18.06749pt x 12.94667pt.
File: UsaskBullet.jpg Graphic file (type jpg)
<use UsaskBullet.jpg>
Package pdftex.def Info: UsaskBullet.jpg  used on input line 260.
(pdftex.def)             Requested size: 4.51686pt x 7.22575pt.
 [19

 <../../working-thesis/figures/braker-antismash-tsth20.png>]
<../../working-thesis/figures/conclusion-snip.png, id=618, 898.85812pt x 517.935pt>
File: ../../working-thesis/figures/conclusion-snip.png Graphic file (type png)
<use ../../working-thesis/figures/conclusion-snip.png>
Package pdftex.def Info: ../../working-thesis/figures/conclusion-snip.png  used on input line 267.
(pdftex.def)             Requested size: 276.559pt x 159.35692pt.
File: UsaskAerial.jpg Graphic file (type jpg)
<use UsaskAerial.jpg>
Package pdftex.def Info: UsaskAerial.jpg  used on input line 267.
(pdftex.def)             Requested size: 353.40025pt x 142.76338pt.
File: UsaskLogo.jpg Graphic file (type jpg)
<use UsaskLogo.jpg>
Package pdftex.def Info: UsaskLogo.jpg  used on input line 267.
(pdftex.def)             Requested size: 72.26999pt x 16.72447pt.
File: TitleBullet.jpg Graphic file (type jpg)
<use TitleBullet.jpg>
Package pdftex.def Info: TitleBullet.jpg  used on input line 267.
(pdftex.def)             Requested size: 18.06749pt x 12.94667pt.
File: UsaskLogo.jpg Graphic file (type jpg)
<use UsaskLogo.jpg>
Package pdftex.def Info: UsaskLogo.jpg  used on input line 267.
(pdftex.def)             Requested size: 72.26999pt x 16.72447pt.
File: TitleBullet.jpg Graphic file (type jpg)
<use TitleBullet.jpg>
Package pdftex.def Info: TitleBullet.jpg  used on input line 267.
(pdftex.def)             Requested size: 18.06749pt x 12.94667pt.
File: UsaskBullet.jpg Graphic file (type jpg)
<use UsaskBullet.jpg>
Package pdftex.def Info: UsaskBullet.jpg  used on input line 267.
(pdftex.def)             Requested size: 4.51686pt x 7.22575pt.
 [20

 <../../working-thesis/figures/conclusion-snip.png>]
File: UsaskAerial.jpg Graphic file (type jpg)
<use UsaskAerial.jpg>
Package pdftex.def Info: UsaskAerial.jpg  used on input line 279.
(pdftex.def)             Requested size: 353.40025pt x 142.76338pt.
File: UsaskLogo.jpg Graphic file (type jpg)
<use UsaskLogo.jpg>
Package pdftex.def Info: UsaskLogo.jpg  used on input line 279.
(pdftex.def)             Requested size: 72.26999pt x 16.72447pt.
File: TitleBullet.jpg Graphic file (type jpg)
<use TitleBullet.jpg>
Package pdftex.def Info: TitleBullet.jpg  used on input line 279.
(pdftex.def)             Requested size: 18.06749pt x 12.94667pt.
File: UsaskLogo.jpg Graphic file (type jpg)
<use UsaskLogo.jpg>
Package pdftex.def Info: UsaskLogo.jpg  used on input line 279.
(pdftex.def)             Requested size: 72.26999pt x 16.72447pt.
File: TitleBullet.jpg Graphic file (type jpg)
<use TitleBullet.jpg>
Package pdftex.def Info: TitleBullet.jpg  used on input line 279.
(pdftex.def)             Requested size: 18.06749pt x 12.94667pt.
File: UsaskBullet.jpg Graphic file (type jpg)
<use UsaskBullet.jpg>
Package pdftex.def Info: UsaskBullet.jpg  used on input line 279.
(pdftex.def)             Requested size: 4.51686pt x 7.22575pt.
 [21

]
File: UsaskAerial.jpg Graphic file (type jpg)
<use UsaskAerial.jpg>
Package pdftex.def Info: UsaskAerial.jpg  used on input line 290.
(pdftex.def)             Requested size: 353.40025pt x 142.76338pt.
File: UsaskLogo.jpg Graphic file (type jpg)
<use UsaskLogo.jpg>
Package pdftex.def Info: UsaskLogo.jpg  used on input line 290.
(pdftex.def)             Requested size: 72.26999pt x 16.72447pt.
File: TitleBullet.jpg Graphic file (type jpg)
<use TitleBullet.jpg>
Package pdftex.def Info: TitleBullet.jpg  used on input line 290.
(pdftex.def)             Requested size: 18.06749pt x 12.94667pt.
File: UsaskLogo.jpg Graphic file (type jpg)
<use UsaskLogo.jpg>
Package pdftex.def Info: UsaskLogo.jpg  used on input line 290.
(pdftex.def)             Requested size: 72.26999pt x 16.72447pt.
File: TitleBullet.jpg Graphic file (type jpg)
<use TitleBullet.jpg>
Package pdftex.def Info: TitleBullet.jpg  used on input line 290.
(pdftex.def)             Requested size: 18.06749pt x 12.94667pt.
File: UsaskBullet.jpg Graphic file (type jpg)
<use UsaskBullet.jpg>
Package pdftex.def Info: UsaskBullet.jpg  used on input line 290.
(pdftex.def)             Requested size: 4.51686pt x 7.22575pt.
 [22

]
File: UsaskAerial.jpg Graphic file (type jpg)
<use UsaskAerial.jpg>
Package pdftex.def Info: UsaskAerial.jpg  used on input line 301.
(pdftex.def)             Requested size: 353.40025pt x 142.76338pt.
File: UsaskLogo.jpg Graphic file (type jpg)
<use UsaskLogo.jpg>
Package pdftex.def Info: UsaskLogo.jpg  used on input line 301.
(pdftex.def)             Requested size: 72.26999pt x 16.72447pt.
File: TitleBullet.jpg Graphic file (type jpg)
<use TitleBullet.jpg>
Package pdftex.def Info: TitleBullet.jpg  used on input line 301.
(pdftex.def)             Requested size: 18.06749pt x 12.94667pt.
File: UsaskLogo.jpg Graphic file (type jpg)
<use UsaskLogo.jpg>
Package pdftex.def Info: UsaskLogo.jpg  used on input line 301.
(pdftex.def)             Requested size: 72.26999pt x 16.72447pt.
File: TitleBullet.jpg Graphic file (type jpg)
<use TitleBullet.jpg>
Package pdftex.def Info: TitleBullet.jpg  used on input line 301.
(pdftex.def)             Requested size: 18.06749pt x 12.94667pt.
File: UsaskBullet.jpg Graphic file (type jpg)
<use UsaskBullet.jpg>
Package pdftex.def Info: UsaskBullet.jpg  used on input line 301.
(pdftex.def)             Requested size: 4.51686pt x 7.22575pt.
 [23

]
File: UsaskAerial.jpg Graphic file (type jpg)
<use UsaskAerial.jpg>
Package pdftex.def Info: UsaskAerial.jpg  used on input line 311.
(pdftex.def)             Requested size: 353.40025pt x 142.76338pt.
File: UsaskLogo.jpg Graphic file (type jpg)
<use UsaskLogo.jpg>
Package pdftex.def Info: UsaskLogo.jpg  used on input line 311.
(pdftex.def)             Requested size: 72.26999pt x 16.72447pt.
File: TitleBullet.jpg Graphic file (type jpg)
<use TitleBullet.jpg>
Package pdftex.def Info: TitleBullet.jpg  used on input line 311.
(pdftex.def)             Requested size: 18.06749pt x 12.94667pt.
File: UsaskLogo.jpg Graphic file (type jpg)
<use UsaskLogo.jpg>
Package pdftex.def Info: UsaskLogo.jpg  used on input line 311.
(pdftex.def)             Requested size: 72.26999pt x 16.72447pt.
File: TitleBullet.jpg Graphic file (type jpg)
<use TitleBullet.jpg>
Package pdftex.def Info: TitleBullet.jpg  used on input line 311.
(pdftex.def)             Requested size: 18.06749pt x 12.94667pt.
File: UsaskBullet.jpg Graphic file (type jpg)
<use UsaskBullet.jpg>
Package pdftex.def Info: UsaskBullet.jpg  used on input line 311.
(pdftex.def)             Requested size: 4.51686pt x 7.22575pt.
 [24

]

pdfTeX warning: pdflatex (file ../../working-thesis/figures/assembly-met.pdf): PDF inclusion: found PDF version <1.7>, but at most version <1.5> allowed
<../../working-thesis/figures/assembly-met.pdf, id=746, 716.6775pt x 804.00375pt>
File: ../../working-thesis/figures/assembly-met.pdf Graphic file (type pdf)
<use ../../working-thesis/figures/assembly-met.pdf>
Package pdftex.def Info: ../../working-thesis/figures/assembly-met.pdf  used on input line 317.
(pdftex.def)             Requested size: 184.3758pt x 206.84006pt.

Overfull \vbox (1.27365pt too high) detected at line 317
 []

File: UsaskAerial.jpg Graphic file (type jpg)
<use UsaskAerial.jpg>
Package pdftex.def Info: UsaskAerial.jpg  used on input line 317.
(pdftex.def)             Requested size: 353.40025pt x 142.76338pt.
File: UsaskLogo.jpg Graphic file (type jpg)
<use UsaskLogo.jpg>
Package pdftex.def Info: UsaskLogo.jpg  used on input line 317.
(pdftex.def)             Requested size: 72.26999pt x 16.72447pt.
File: TitleBullet.jpg Graphic file (type jpg)
<use TitleBullet.jpg>
Package pdftex.def Info: TitleBullet.jpg  used on input line 317.
(pdftex.def)             Requested size: 18.06749pt x 12.94667pt.
File: UsaskLogo.jpg Graphic file (type jpg)
<use UsaskLogo.jpg>
Package pdftex.def Info: UsaskLogo.jpg  used on input line 317.
(pdftex.def)             Requested size: 72.26999pt x 16.72447pt.
File: TitleBullet.jpg Graphic file (type jpg)
<use TitleBullet.jpg>
Package pdftex.def Info: TitleBullet.jpg  used on input line 317.
(pdftex.def)             Requested size: 18.06749pt x 12.94667pt.
File: UsaskBullet.jpg Graphic file (type jpg)
<use UsaskBullet.jpg>
Package pdftex.def Info: UsaskBullet.jpg  used on input line 317.
(pdftex.def)             Requested size: 4.51686pt x 7.22575pt.
[25

 <../../working-thesis/figures/assembly-met.pdf>]

pdfTeX warning: pdflatex (file ../../working-thesis/figures/gene-finding-met.pdf): PDF inclusion: found PDF version <1.7>, but at most version <1.5> allowed
<../../working-thesis/figures/gene-finding-met.pdf, id=782, 612.2875pt x 543.02875pt>
File: ../../working-thesis/figures/gene-finding-met.pdf Graphic file (type pdf)
<use ../../working-thesis/figures/gene-finding-met.pdf>
Package pdftex.def Info: ../../working-thesis/figures/gene-finding-met.pdf  used on input line 323.
(pdftex.def)             Requested size: 239.68571pt x 212.56752pt.

Overfull \vbox (7.00111pt too high) detected at line 323
 []

File: UsaskAerial.jpg Graphic file (type jpg)
<use UsaskAerial.jpg>
Package pdftex.def Info: UsaskAerial.jpg  used on input line 323.
(pdftex.def)             Requested size: 353.40025pt x 142.76338pt.
File: UsaskLogo.jpg Graphic file (type jpg)
<use UsaskLogo.jpg>
Package pdftex.def Info: UsaskLogo.jpg  used on input line 323.
(pdftex.def)             Requested size: 72.26999pt x 16.72447pt.
File: TitleBullet.jpg Graphic file (type jpg)
<use TitleBullet.jpg>
Package pdftex.def Info: TitleBullet.jpg  used on input line 323.
(pdftex.def)             Requested size: 18.06749pt x 12.94667pt.
File: UsaskLogo.jpg Graphic file (type jpg)
<use UsaskLogo.jpg>
Package pdftex.def Info: UsaskLogo.jpg  used on input line 323.
(pdftex.def)             Requested size: 72.26999pt x 16.72447pt.
File: TitleBullet.jpg Graphic file (type jpg)
<use TitleBullet.jpg>
Package pdftex.def Info: TitleBullet.jpg  used on input line 323.
(pdftex.def)             Requested size: 18.06749pt x 12.94667pt.
File: UsaskBullet.jpg Graphic file (type jpg)
<use UsaskBullet.jpg>
Package pdftex.def Info: UsaskBullet.jpg  used on input line 323.
(pdftex.def)             Requested size: 4.51686pt x 7.22575pt.
[26

 <../../working-thesis/figures/gene-finding-met.pdf>]

pdfTeX warning: pdflatex (file ../../working-thesis/figures/eval-met.pdf): PDF inclusion: found PDF version <1.7>, but at most version <1.5> allowed
<../../working-thesis/figures/eval-met.pdf, id=816, 688.5725pt x 403.5075pt>
File: ../../working-thesis/figures/eval-met.pdf Graphic file (type pdf)
<use ../../working-thesis/figures/eval-met.pdf>
Package pdftex.def Info: ../../working-thesis/figures/eval-met.pdf  used on input line 329.
(pdftex.def)             Requested size: 307.28987pt x 180.07439pt.
File: UsaskAerial.jpg Graphic file (type jpg)
<use UsaskAerial.jpg>
Package pdftex.def Info: UsaskAerial.jpg  used on input line 329.
(pdftex.def)             Requested size: 353.40025pt x 142.76338pt.
File: UsaskLogo.jpg Graphic file (type jpg)
<use UsaskLogo.jpg>
Package pdftex.def Info: UsaskLogo.jpg  used on input line 329.
(pdftex.def)             Requested size: 72.26999pt x 16.72447pt.
File: TitleBullet.jpg Graphic file (type jpg)
<use TitleBullet.jpg>
Package pdftex.def Info: TitleBullet.jpg  used on input line 329.
(pdftex.def)             Requested size: 18.06749pt x 12.94667pt.
File: UsaskLogo.jpg Graphic file (type jpg)
<use UsaskLogo.jpg>
Package pdftex.def Info: UsaskLogo.jpg  used on input line 329.
(pdftex.def)             Requested size: 72.26999pt x 16.72447pt.
File: TitleBullet.jpg Graphic file (type jpg)
<use TitleBullet.jpg>
Package pdftex.def Info: TitleBullet.jpg  used on input line 329.
(pdftex.def)             Requested size: 18.06749pt x 12.94667pt.
File: UsaskBullet.jpg Graphic file (type jpg)
<use UsaskBullet.jpg>
Package pdftex.def Info: UsaskBullet.jpg  used on input line 329.
(pdftex.def)             Requested size: 4.51686pt x 7.22575pt.
[27

 <../../working-thesis/figures/eval-met.pdf>]

pdfTeX warning: pdflatex (file ../../working-thesis/figures/region-workflow.pdf): PDF inclusion: found PDF version <1.7>, but at most version <1.5> allowed
<../../working-thesis/figures/region-workflow.pdf, id=850, 1034.86626pt x 508.90125pt>
File: ../../working-thesis/figures/region-workflow.pdf Graphic file (type pdf)
<use ../../working-thesis/figures/region-workflow.pdf>
Package pdftex.def Info: ../../working-thesis/figures/region-workflow.pdf  used on input line 335.
(pdftex.def)             Requested size: 307.28987pt x 151.11075pt.
File: UsaskAerial.jpg Graphic file (type jpg)
<use UsaskAerial.jpg>
Package pdftex.def Info: UsaskAerial.jpg  used on input line 335.
(pdftex.def)             Requested size: 353.40025pt x 142.76338pt.
File: UsaskLogo.jpg Graphic file (type jpg)
<use UsaskLogo.jpg>
Package pdftex.def Info: UsaskLogo.jpg  used on input line 335.
(pdftex.def)             Requested size: 72.26999pt x 16.72447pt.
File: TitleBullet.jpg Graphic file (type jpg)
<use TitleBullet.jpg>
Package pdftex.def Info: TitleBullet.jpg  used on input line 335.
(pdftex.def)             Requested size: 18.06749pt x 12.94667pt.
File: UsaskLogo.jpg Graphic file (type jpg)
<use UsaskLogo.jpg>
Package pdftex.def Info: UsaskLogo.jpg  used on input line 335.
(pdftex.def)             Requested size: 72.26999pt x 16.72447pt.
File: TitleBullet.jpg Graphic file (type jpg)
<use TitleBullet.jpg>
Package pdftex.def Info: TitleBullet.jpg  used on input line 335.
(pdftex.def)             Requested size: 18.06749pt x 12.94667pt.
File: UsaskBullet.jpg Graphic file (type jpg)
<use UsaskBullet.jpg>
Package pdftex.def Info: UsaskBullet.jpg  used on input line 335.
(pdftex.def)             Requested size: 4.51686pt x 7.22575pt.
[28

 <../../working-thesis/figures/region-workflow.pdf>]
File: UsaskAerial.jpg Graphic file (type jpg)
<use UsaskAerial.jpg>
Package pdftex.def Info: UsaskAerial.jpg  used on input line 356.
(pdftex.def)             Requested size: 353.40025pt x 142.76338pt.
File: UsaskLogo.jpg Graphic file (type jpg)
<use UsaskLogo.jpg>
Package pdftex.def Info: UsaskLogo.jpg  used on input line 356.
(pdftex.def)             Requested size: 72.26999pt x 16.72447pt.
File: TitleBullet.jpg Graphic file (type jpg)
<use TitleBullet.jpg>
Package pdftex.def Info: TitleBullet.jpg  used on input line 356.
(pdftex.def)             Requested size: 18.06749pt x 12.94667pt.
File: UsaskLogo.jpg Graphic file (type jpg)
<use UsaskLogo.jpg>
Package pdftex.def Info: UsaskLogo.jpg  used on input line 356.
(pdftex.def)             Requested size: 72.26999pt x 16.72447pt.
File: TitleBullet.jpg Graphic file (type jpg)
<use TitleBullet.jpg>
Package pdftex.def Info: TitleBullet.jpg  used on input line 356.
(pdftex.def)             Requested size: 18.06749pt x 12.94667pt.
File: UsaskBullet.jpg Graphic file (type jpg)
<use UsaskBullet.jpg>
Package pdftex.def Info: UsaskBullet.jpg  used on input line 356.
(pdftex.def)             Requested size: 4.51686pt x 7.22575pt.
 [29

]
<../../working-thesis/figures/igv/igv-agreement.png, id=909, 1299.85625pt x 651.43375pt>
File: ../../working-thesis/figures/igv/igv-agreement.png Graphic file (type png)
<use ../../working-thesis/figures/igv/igv-agreement.png>
Package pdftex.def Info: ../../working-thesis/figures/igv/igv-agreement.png  used on input line 361.
(pdftex.def)             Requested size: 307.28987pt x 154.00143pt.
File: UsaskAerial.jpg Graphic file (type jpg)
<use UsaskAerial.jpg>
Package pdftex.def Info: UsaskAerial.jpg  used on input line 361.
(pdftex.def)             Requested size: 353.40025pt x 142.76338pt.
File: UsaskLogo.jpg Graphic file (type jpg)
<use UsaskLogo.jpg>
Package pdftex.def Info: UsaskLogo.jpg  used on input line 361.
(pdftex.def)             Requested size: 72.26999pt x 16.72447pt.
File: TitleBullet.jpg Graphic file (type jpg)
<use TitleBullet.jpg>
Package pdftex.def Info: TitleBullet.jpg  used on input line 361.
(pdftex.def)             Requested size: 18.06749pt x 12.94667pt.
File: UsaskLogo.jpg Graphic file (type jpg)
<use UsaskLogo.jpg>
Package pdftex.def Info: UsaskLogo.jpg  used on input line 361.
(pdftex.def)             Requested size: 72.26999pt x 16.72447pt.
File: TitleBullet.jpg Graphic file (type jpg)
<use TitleBullet.jpg>
Package pdftex.def Info: TitleBullet.jpg  used on input line 361.
(pdftex.def)             Requested size: 18.06749pt x 12.94667pt.
File: UsaskBullet.jpg Graphic file (type jpg)
<use UsaskBullet.jpg>
Package pdftex.def Info: UsaskBullet.jpg  used on input line 361.
(pdftex.def)             Requested size: 4.51686pt x 7.22575pt.
 [30

 <../../working-thesis/figures/igv/igv-agreement.png>]
\tf@nav=\write5
\openout5 = `cbe453-defence-2026-01.nav'.

\tf@toc=\write6
\openout6 = `cbe453-defence-2026-01.toc'.

\tf@snm=\write7
\openout7 = `cbe453-defence-2026-01.snm'.

Package atveryend Info: Empty hook `BeforeClearDocument' on input line 363.
Package atveryend Info: Empty hook `AfterLastShipout' on input line 363.
 (/Users/connorburbridge/Documents/GitHub/masters/committee-meetings/defence-2026-01/cbe453-defence-2026-01.aux)
Package atveryend Info: Executing hook `AtVeryEndDocument' on input line 363.
Package atveryend Info: Empty hook `AtEndAfterFileList' on input line 363.
 ) 
Here is how much of TeX's memory you used:
 20776 strings out of 492649
 408824 string characters out of 6129622
 475547 words of memory out of 5000000
 24090 multiletter control sequences out of 15000+600000
 89564 words of font info for 71 fonts, out of 8000000 for 9000
 1141 hyphenation exceptions out of 8191
 60i,14n,71p,945b,797s stack positions out of 5000i,500n,10000p,200000b,80000s
{/usr/local/texlive/2018/texmf-dist/fonts/enc/dvips/lm/lm-ec.enc}{/usr/local/texlive/2018/texmf-dist/fonts/enc/dvips/lm/lm-mathsy.enc}</usr/local/texlive/2018/texmf-dist/fonts/type1/public/lm/lmss10.pfb></usr/local/texlive/2018/texmf-dist/fonts/type1/public/lm/lmss8.pfb></usr/local/texlive/2018/texmf-dist/fonts/type1/public/lm/lmssbo10.pfb></usr/local/texlive/2018/texmf-dist/fonts/type1/public/lm/lmssbx10.pfb></usr/local/texlive/2018/texmf-dist/fonts/type1/public/lm/lmsso10.pfb></usr/local/texlive/2018/texmf-dist/fonts/type1/public/lm/lmsy10.pfb></usr/local/texlive/2018/texmf-dist/fonts/type1/public/lm/lmtt8.pfb>
Output written on /Users/connorburbridge/Documents/GitHub/masters/committee-meetings/defence-2026-01/cbe453-defence-2026-01.pdf (30 pages, 1388398 bytes).
PDF statistics:
 977 PDF objects out of 1000 (max. 8388607)
 813 compressed objects within 9 object streams
 61 named destinations out of 1000 (max. 500000)
 163 words of extra memory for PDF output out of 10000 (max. 10000000)

