Position	Percent G+C 1 .. 165828
125	0.060
175	0.056
225	0.068
275	0.072
325	0.068
375	0.064
425	0.056
475	0.036
525	0.032
575	0.048
625	0.056
675	0.068
725	0.080
775	0.092
825	0.088
875	0.072
925	0.084
975	0.072
1025	0.068
1075	0.052
1125	0.048
1175	0.024
1225	0.048
1275	0.064
1325	0.088
1375	0.124
1425	0.160
1475	0.220
1525	0.272
1575	0.320
1625	0.380
1675	0.416
1725	0.412
1775	0.392
1825	0.400
1875	0.360
1925	0.336
1975	0.316
2025	0.360
2075	0.348
2125	0.376
2175	0.424
2225	0.448
2275	0.412
2325	0.408
2375	0.424
2425	0.412
2475	0.408
2525	0.412
2575	0.424
2625	0.408
2675	0.400
2725	0.404
2775	0.432
2825	0.456
2875	0.468
2925	0.496
2975	0.528
3025	0.476
3075	0.492
3125	0.524
3175	0.536
3225	0.488
3275	0.536
3325	0.496
3375	0.448
3425	0.392
3475	0.348
3525	0.280
3575	0.212
3625	0.160
3675	0.136
3725	0.192
3775	0.244
3825	0.320
3875	0.412
3925	0.488
3975	0.504
4025	0.476
4075	0.448
4125	0.428
4175	0.400
4225	0.376
4275	0.380
4325	0.396
4375	0.376
4425	0.376
4475	0.388
4525	0.404
4575	0.392
4625	0.396
4675	0.376
4725	0.368
4775	0.376
4825	0.420
4875	0.424
4925	0.420
4975	0.400
5025	0.412
5075	0.368
5125	0.336
5175	0.352
5225	0.380
5275	0.364
5325	0.372
5375	0.416
5425	0.464
5475	0.476
5525	0.472
5575	0.512
5625	0.484
5675	0.444
5725	0.436
5775	0.476
5825	0.472
5875	0.488
5925	0.508
5975	0.508
6025	0.484
6075	0.468
6125	0.484
6175	0.496
6225	0.504
6275	0.524
6325	0.560
6375	0.548
6425	0.520
6475	0.552
6525	0.548
6575	0.512
6625	0.508
6675	0.552
6725	0.524
6775	0.520
6825	0.516
6875	0.516
6925	0.472
6975	0.492
7025	0.504
7075	0.508
7125	0.520
7175	0.528
7225	0.492
7275	0.456
7325	0.444
7375	0.444
7425	0.404
7475	0.404
7525	0.416
7575	0.432
7625	0.416
7675	0.452
7725	0.456
7775	0.444
7825	0.420
7875	0.440
7925	0.456
7975	0.464
8025	0.472
8075	0.508
8125	0.500
8175	0.496
8225	0.488
8275	0.492
8325	0.476
8375	0.448
8425	0.448
8475	0.456
8525	0.460
8575	0.448
8625	0.452
8675	0.436
8725	0.416
8775	0.432
8825	0.440
8875	0.444
8925	0.472
8975	0.480
9025	0.460
9075	0.468
9125	0.468
9175	0.404
9225	0.428
9275	0.424
9325	0.408
9375	0.396
9425	0.400
9475	0.392
9525	0.380
9575	0.408
9625	0.464
9675	0.496
9725	0.484
9775	0.484
9825	0.452
9875	0.420
9925	0.408
9975	0.400
10025	0.372
10075	0.348
10125	0.340
10175	0.324
10225	0.324
10275	0.368
10325	0.400
10375	0.396
10425	0.432
10475	0.408
10525	0.384
10575	0.376
10625	0.408
10675	0.416
10725	0.448
10775	0.484
10825	0.496
10875	0.452
10925	0.420
10975	0.404
11025	0.388
11075	0.392
11125	0.416
11175	0.416
11225	0.436
11275	0.452
11325	0.460
11375	0.456
11425	0.496
11475	0.492
11525	0.472
11575	0.448
11625	0.444
11675	0.392
11725	0.376
11775	0.356
11825	0.328
11875	0.304
11925	0.340
11975	0.360
12025	0.364
12075	0.396
12125	0.428
12175	0.444
12225	0.456
12275	0.508
12325	0.536
12375	0.528
12425	0.512
12475	0.504
12525	0.476
12575	0.452
12625	0.456
12675	0.444
12725	0.424
12775	0.432
12825	0.448
12875	0.448
12925	0.440
12975	0.432
13025	0.420
13075	0.380
13125	0.372
13175	0.384
13225	0.412
13275	0.436
13325	0.476
13375	0.504
13425	0.516
13475	0.512
13525	0.504
13575	0.528
13625	0.516
13675	0.520
13725	0.536
13775	0.536
13825	0.504
13875	0.500
13925	0.480
13975	0.448
14025	0.452
14075	0.464
14125	0.484
14175	0.520
14225	0.548
14275	0.560
14325	0.540
14375	0.520
14425	0.500
14475	0.504
14525	0.488
14575	0.488
14625	0.512
14675	0.508
14725	0.496
14775	0.532
14825	0.552
14875	0.548
14925	0.556
14975	0.548
15025	0.480
15075	0.440
15125	0.416
15175	0.420
15225	0.396
15275	0.416
15325	0.452
15375	0.460
15425	0.440
15475	0.468
15525	0.484
15575	0.440
15625	0.428
15675	0.440
15725	0.440
15775	0.440
15825	0.488
15875	0.528
15925	0.532
15975	0.520
16025	0.484
16075	0.464
16125	0.436
16175	0.424
16225	0.452
16275	0.464
16325	0.480
16375	0.484
16425	0.476
16475	0.472
16525	0.484
16575	0.484
16625	0.492
16675	0.484
16725	0.484
16775	0.468
16825	0.456
16875	0.424
16925	0.428
16975	0.392
17025	0.408
17075	0.404
17125	0.428
17175	0.472
17225	0.504
17275	0.488
17325	0.504
17375	0.504
17425	0.460
17475	0.432
17525	0.456
17575	0.436
17625	0.428
17675	0.436
17725	0.464
17775	0.452
17825	0.472
17875	0.464
17925	0.476
17975	0.456
18025	0.448
18075	0.416
18125	0.436
18175	0.424
18225	0.444
18275	0.456
18325	0.476
18375	0.432
18425	0.388
18475	0.336
18525	0.300
18575	0.312
18625	0.344
18675	0.404
18725	0.444
18775	0.472
18825	0.444
18875	0.444
18925	0.432
18975	0.436
19025	0.444
19075	0.448
19125	0.464
19175	0.472
19225	0.464
19275	0.468
19325	0.464
19375	0.460
19425	0.440
19475	0.456
19525	0.424
19575	0.420
19625	0.408
19675	0.432
19725	0.416
19775	0.444
19825	0.472
19875	0.468
19925	0.460
19975	0.468
20025	0.464
20075	0.456
20125	0.500
20175	0.500
20225	0.508
20275	0.492
20325	0.516
20375	0.468
20425	0.464
20475	0.468
20525	0.488
20575	0.452
20625	0.476
20675	0.468
20725	0.436
20775	0.428
20825	0.468
20875	0.480
20925	0.476
20975	0.492
21025	0.484
21075	0.472
21125	0.468
21175	0.484
21225	0.468
21275	0.464
21325	0.420
21375	0.380
21425	0.344
21475	0.372
21525	0.372
21575	0.384
21625	0.392
21675	0.412
21725	0.400
21775	0.424
21825	0.464
21875	0.460
21925	0.464
21975	0.456
22025	0.456
22075	0.424
22125	0.428
22175	0.440
22225	0.428
22275	0.412
22325	0.436
22375	0.444
22425	0.456
22475	0.480
22525	0.484
22575	0.464
22625	0.476
22675	0.464
22725	0.464
22775	0.464
22825	0.488
22875	0.476
22925	0.500
22975	0.500
23025	0.504
23075	0.512
23125	0.552
23175	0.524
23225	0.536
23275	0.528
23325	0.512
23375	0.496
23425	0.516
23475	0.492
23525	0.524
23575	0.524
23625	0.480
23675	0.460
23725	0.480
23775	0.432
23825	0.444
23875	0.472
23925	0.456
23975	0.424
24025	0.440
24075	0.400
24125	0.396
24175	0.420
24225	0.448
24275	0.468
24325	0.472
24375	0.476
24425	0.456
24475	0.452
24525	0.444
24575	0.480
24625	0.508
24675	0.540
24725	0.540
24775	0.536
24825	0.508
24875	0.476
24925	0.472
24975	0.488
25025	0.500
25075	0.520
25125	0.536
25175	0.536
25225	0.500
25275	0.476
25325	0.468
25375	0.488
25425	0.504
25475	0.532
25525	0.544
25575	0.540
25625	0.524
25675	0.480
25725	0.484
25775	0.492
25825	0.500
25875	0.464
25925	0.492
25975	0.508
26025	0.524
26075	0.524
26125	0.528
26175	0.520
26225	0.488
26275	0.436
26325	0.396
26375	0.380
26425	0.344
26475	0.340
26525	0.360
26575	0.348
26625	0.360
26675	0.388
26725	0.392
26775	0.392
26825	0.436
26875	0.440
26925	0.424
26975	0.444
27025	0.432
27075	0.448
27125	0.448
27175	0.460
27225	0.440
27275	0.460
27325	0.432
27375	0.468
27425	0.456
27475	0.452
27525	0.468
27575	0.492
27625	0.444
27675	0.452
27725	0.448
27775	0.408
27825	0.372
27875	0.388
27925	0.396
27975	0.396
28025	0.408
28075	0.444
28125	0.460
28175	0.464
28225	0.476
28275	0.476
28325	0.480
28375	0.456
28425	0.460
28475	0.468
28525	0.496
28575	0.480
28625	0.500
28675	0.492
28725	0.480
28775	0.472
28825	0.464
28875	0.448
28925	0.428
28975	0.416
29025	0.412
29075	0.436
29125	0.420
29175	0.452
29225	0.488
29275	0.480
29325	0.484
29375	0.520
29425	0.524
29475	0.500
29525	0.512
29575	0.496
29625	0.512
29675	0.488
29725	0.472
29775	0.460
29825	0.476
29875	0.476
29925	0.480
29975	0.476
30025	0.512
30075	0.476
30125	0.444
30175	0.440
30225	0.452
30275	0.420
30325	0.432
30375	0.440
30425	0.448
30475	0.452
30525	0.424
30575	0.420
30625	0.452
30675	0.436
30725	0.432
30775	0.436
30825	0.460
30875	0.448
30925	0.456
30975	0.456
31025	0.472
31075	0.456
31125	0.408
31175	0.416
31225	0.412
31275	0.404
31325	0.384
31375	0.408
31425	0.396
31475	0.384
31525	0.384
31575	0.412
31625	0.384
31675	0.380
31725	0.400
31775	0.420
31825	0.412
31875	0.452
31925	0.480
31975	0.468
32025	0.468
32075	0.460
32125	0.444
32175	0.420
32225	0.444
32275	0.456
32325	0.468
32375	0.456
32425	0.432
32475	0.416
32525	0.444
32575	0.424
32625	0.440
32675	0.488
32725	0.500
32775	0.468
32825	0.480
32875	0.480
32925	0.472
32975	0.480
33025	0.484
33075	0.496
33125	0.476
33175	0.464
33225	0.436
33275	0.428
33325	0.432
33375	0.456
33425	0.488
33475	0.540
33525	0.536
33575	0.532
33625	0.540
33675	0.528
33725	0.508
33775	0.520
33825	0.496
33875	0.500
33925	0.480
33975	0.476
34025	0.452
34075	0.480
34125	0.484
34175	0.492
34225	0.492
34275	0.496
34325	0.484
34375	0.492
34425	0.504
34475	0.496
34525	0.532
34575	0.556
34625	0.512
34675	0.472
34725	0.476
34775	0.436
34825	0.424
34875	0.464
34925	0.516
34975	0.496
35025	0.508
35075	0.500
35125	0.496
35175	0.476
35225	0.508
35275	0.516
35325	0.532
35375	0.540
35425	0.552
35475	0.532
35525	0.512
35575	0.488
35625	0.476
35675	0.440
35725	0.404
35775	0.396
35825	0.376
35875	0.352
35925	0.376
35975	0.416
36025	0.440
36075	0.448
36125	0.448
36175	0.448
36225	0.456
36275	0.444
36325	0.456
36375	0.480
36425	0.500
36475	0.476
36525	0.484
36575	0.532
36625	0.540
36675	0.512
36725	0.504
36775	0.504
36825	0.472
36875	0.488
36925	0.496
36975	0.512
37025	0.484
37075	0.464
37125	0.420
37175	0.428
37225	0.424
37275	0.464
37325	0.492
37375	0.532
37425	0.520
37475	0.512
37525	0.508
37575	0.508
37625	0.484
37675	0.496
37725	0.520
37775	0.516
37825	0.512
37875	0.512
37925	0.492
37975	0.484
38025	0.488
38075	0.476
38125	0.476
38175	0.508
38225	0.496
38275	0.512
38325	0.524
38375	0.548
38425	0.548
38475	0.556
38525	0.528
38575	0.536
38625	0.520
38675	0.508
38725	0.524
38775	0.548
38825	0.520
38875	0.524
38925	0.544
38975	0.536
39025	0.512
39075	0.492
39125	0.460
39175	0.448
39225	0.460
39275	0.436
39325	0.480
39375	0.496
39425	0.468
39475	0.456
39525	0.480
39575	0.468
39625	0.452
39675	0.488
39725	0.516
39775	0.548
39825	0.576
39875	0.596
39925	0.544
39975	0.524
40025	0.496
40075	0.460
40125	0.480
40175	0.508
40225	0.500
40275	0.480
40325	0.456
40375	0.432
40425	0.408
40475	0.384
40525	0.356
40575	0.364
40625	0.364
40675	0.388
40725	0.380
40775	0.436
40825	0.452
40875	0.448
40925	0.428
40975	0.460
41025	0.440
41075	0.448
41125	0.452
41175	0.460
41225	0.468
41275	0.496
41325	0.468
41375	0.468
41425	0.484
41475	0.496
41525	0.484
41575	0.504
41625	0.488
41675	0.480
41725	0.476
41775	0.484
41825	0.472
41875	0.464
41925	0.476
41975	0.444
42025	0.408
42075	0.432
42125	0.468
42175	0.468
42225	0.484
42275	0.484
42325	0.440
42375	0.420
42425	0.416
42475	0.360
42525	0.376
42575	0.424
42625	0.416
42675	0.372
42725	0.428
42775	0.424
42825	0.400
42875	0.408
42925	0.440
42975	0.452
43025	0.464
43075	0.448
43125	0.444
43175	0.440
43225	0.440
43275	0.420
43325	0.432
43375	0.404
43425	0.408
43475	0.388
43525	0.372
43575	0.368
43625	0.376
43675	0.376
43725	0.392
43775	0.444
43825	0.460
43875	0.472
43925	0.432
43975	0.400
44025	0.360
44075	0.348
44125	0.376
44175	0.404
44225	0.424
44275	0.456
44325	0.468
44375	0.456
44425	0.472
44475	0.436
44525	0.400
44575	0.400
44625	0.384
44675	0.388
44725	0.408
44775	0.424
44825	0.420
44875	0.448
44925	0.460
44975	0.468
45025	0.484
45075	0.500
45125	0.488
45175	0.476
45225	0.464
45275	0.440
45325	0.420
45375	0.436
45425	0.432
45475	0.472
45525	0.460
45575	0.464
45625	0.472
45675	0.460
45725	0.464
45775	0.484
45825	0.484
45875	0.444
45925	0.460
45975	0.472
46025	0.480
46075	0.512
46125	0.540
46175	0.540
46225	0.500
46275	0.516
46325	0.500
46375	0.492
46425	0.472
46475	0.444
46525	0.448
46575	0.432
46625	0.424
46675	0.428
46725	0.448
46775	0.428
46825	0.424
46875	0.432
46925	0.444
46975	0.480
47025	0.472
47075	0.468
47125	0.464
47175	0.448
47225	0.400
47275	0.404
47325	0.408
47375	0.360
47425	0.360
47475	0.404
47525	0.408
47575	0.432
47625	0.488
47675	0.492
47725	0.468
47775	0.464
47825	0.440
47875	0.440
47925	0.424
47975	0.424
48025	0.392
48075	0.388
48125	0.412
48175	0.456
48225	0.456
48275	0.488
48325	0.492
48375	0.460
48425	0.424
48475	0.400
48525	0.384
48575	0.388
48625	0.372
48675	0.400
48725	0.448
48775	0.464
48825	0.460
48875	0.488
48925	0.476
48975	0.456
49025	0.464
49075	0.472
49125	0.520
49175	0.528
49225	0.556
49275	0.560
49325	0.524
49375	0.472
49425	0.472
49475	0.444
49525	0.416
49575	0.416
49625	0.396
49675	0.372
49725	0.340
49775	0.340
49825	0.360
49875	0.356
49925	0.360
49975	0.388
50025	0.396
50075	0.400
50125	0.424
50175	0.440
50225	0.428
50275	0.408
50325	0.388
50375	0.372
50425	0.384
50475	0.380
50525	0.412
50575	0.424
50625	0.412
50675	0.380
50725	0.404
50775	0.400
50825	0.436
50875	0.480
50925	0.484
50975	0.456
51025	0.452
51075	0.420
51125	0.404
51175	0.416
51225	0.440
51275	0.436
51325	0.424
51375	0.412
51425	0.400
51475	0.380
51525	0.376
51575	0.436
51625	0.436
51675	0.448
51725	0.468
51775	0.496
51825	0.444
51875	0.460
51925	0.468
51975	0.452
52025	0.448
52075	0.488
52125	0.468
52175	0.448
52225	0.476
52275	0.472
52325	0.452
52375	0.452
52425	0.480
52475	0.452
52525	0.432
52575	0.440
52625	0.456
52675	0.440
52725	0.464
52775	0.468
52825	0.444
52875	0.432
52925	0.436
52975	0.440
53025	0.452
53075	0.468
53125	0.480
53175	0.480
53225	0.452
53275	0.460
53325	0.456
53375	0.432
53425	0.400
53475	0.400
53525	0.396
53575	0.416
53625	0.420
53675	0.468
53725	0.484
53775	0.468
53825	0.476
53875	0.472
53925	0.444
53975	0.472
54025	0.508
54075	0.504
54125	0.528
54175	0.544
54225	0.540
54275	0.508
54325	0.500
54375	0.496
54425	0.492
54475	0.468
54525	0.488
54575	0.488
54625	0.488
54675	0.488
54725	0.468
54775	0.448
54825	0.452
54875	0.440
54925	0.436
54975	0.436
55025	0.460
55075	0.436
55125	0.436
55175	0.440
55225	0.472
55275	0.448
55325	0.448
55375	0.464
55425	0.452
55475	0.444
55525	0.468
55575	0.484
55625	0.488
55675	0.484
55725	0.504
55775	0.496
55825	0.492
55875	0.492
55925	0.500
55975	0.476
56025	0.476
56075	0.492
56125	0.492
56175	0.516
56225	0.512
56275	0.500
56325	0.468
56375	0.440
56425	0.396
56475	0.404
56525	0.440
56575	0.464
56625	0.484
56675	0.520
56725	0.512
56775	0.480
56825	0.444
56875	0.452
56925	0.456
56975	0.464
57025	0.456
57075	0.468
57125	0.460
57175	0.464
57225	0.472
57275	0.472
57325	0.492
57375	0.488
57425	0.480
57475	0.464
57525	0.496
57575	0.476
57625	0.484
57675	0.500
57725	0.508
57775	0.472
57825	0.488
57875	0.480
57925	0.440
57975	0.452
58025	0.500
58075	0.504
58125	0.508
58175	0.544
58225	0.552
58275	0.528
58325	0.512
58375	0.496
58425	0.452
58475	0.400
58525	0.364
58575	0.356
58625	0.312
58675	0.296
58725	0.300
58775	0.324
58825	0.308
58875	0.328
58925	0.356
58975	0.344
59025	0.308
59075	0.328
59125	0.388
59175	0.364
59225	0.368
59275	0.384
59325	0.376
59375	0.324
59425	0.376
59475	0.424
59525	0.404
59575	0.436
59625	0.480
59675	0.472
59725	0.424
59775	0.440
59825	0.436
59875	0.400
59925	0.376
59975	0.408
60025	0.428
60075	0.376
60125	0.372
60175	0.384
60225	0.376
60275	0.348
60325	0.360
60375	0.372
60425	0.352
60475	0.328
60525	0.344
60575	0.376
60625	0.400
60675	0.432
60725	0.472
60775	0.496
60825	0.484
60875	0.468
60925	0.460
60975	0.444
61025	0.420
61075	0.444
61125	0.432
61175	0.416
61225	0.444
61275	0.460
61325	0.456
61375	0.424
61425	0.440
61475	0.400
61525	0.392
61575	0.392
61625	0.452
61675	0.452
61725	0.476
61775	0.484
61825	0.472
61875	0.448
61925	0.436
61975	0.452
62025	0.460
62075	0.428
62125	0.432
62175	0.428
62225	0.400
62275	0.368
62325	0.392
62375	0.404
62425	0.424
62475	0.440
62525	0.472
62575	0.468
62625	0.456
62675	0.460
62725	0.452
62775	0.444
62825	0.464
62875	0.472
62925	0.452
62975	0.448
63025	0.468
63075	0.488
63125	0.480
63175	0.464
63225	0.460
63275	0.448
63325	0.420
63375	0.432
63425	0.436
63475	0.440
63525	0.472
63575	0.460
63625	0.444
63675	0.452
63725	0.472
63775	0.448
63825	0.472
63875	0.472
63925	0.472
63975	0.452
64025	0.432
64075	0.420
64125	0.420
64175	0.444
64225	0.436
64275	0.408
64325	0.416
64375	0.424
64425	0.408
64475	0.392
64525	0.412
64575	0.396
64625	0.364
64675	0.336
64725	0.340
64775	0.316
64825	0.320
64875	0.348
64925	0.364
64975	0.372
65025	0.420
65075	0.408
65125	0.408
65175	0.412
65225	0.420
65275	0.420
65325	0.460
65375	0.468
65425	0.468
65475	0.440
65525	0.432
65575	0.388
65625	0.392
65675	0.400
65725	0.448
65775	0.440
65825	0.464
65875	0.452
65925	0.464
65975	0.464
66025	0.476
66075	0.476
66125	0.492
66175	0.484
66225	0.476
66275	0.468
66325	0.476
66375	0.448
66425	0.448
66475	0.460
66525	0.472
66575	0.472
66625	0.488
66675	0.484
66725	0.472
66775	0.444
66825	0.440
66875	0.444
66925	0.436
66975	0.436
67025	0.448
67075	0.456
67125	0.456
67175	0.456
67225	0.452
67275	0.444
67325	0.400
67375	0.360
67425	0.340
67475	0.320
67525	0.304
67575	0.356
67625	0.388
67675	0.440
67725	0.452
67775	0.484
67825	0.456
67875	0.500
67925	0.476
67975	0.500
68025	0.500
68075	0.492
68125	0.456
68175	0.472
68225	0.432
68275	0.432
68325	0.460
68375	0.420
68425	0.396
68475	0.432
68525	0.420
68575	0.428
68625	0.468
68675	0.488
68725	0.512
68775	0.508
68825	0.500
68875	0.500
68925	0.504
68975	0.464
69025	0.452
69075	0.416
69125	0.392
69175	0.376
69225	0.352
69275	0.360
69325	0.408
69375	0.432
69425	0.448
69475	0.460
69525	0.464
69575	0.436
69625	0.424
69675	0.404
69725	0.412
69775	0.376
69825	0.356
69875	0.360
69925	0.352
69975	0.348
70025	0.392
70075	0.412
70125	0.412
70175	0.448
70225	0.444
70275	0.452
70325	0.460
70375	0.464
70425	0.452
70475	0.460
70525	0.440
70575	0.432
70625	0.432
70675	0.420
70725	0.408
70775	0.404
70825	0.388
70875	0.404
70925	0.420
70975	0.444
71025	0.460
71075	0.484
71125	0.460
71175	0.440
71225	0.424
71275	0.428
71325	0.428
71375	0.424
71425	0.420
71475	0.452
71525	0.452
71575	0.396
71625	0.384
71675	0.408
71725	0.376
71775	0.340
71825	0.376
71875	0.424
71925	0.428
71975	0.436
72025	0.460
72075	0.464
72125	0.468
72175	0.456
72225	0.460
72275	0.484
72325	0.468
72375	0.428
72425	0.444
72475	0.420
72525	0.392
72575	0.404
72625	0.428
72675	0.408
72725	0.388
72775	0.416
72825	0.460
72875	0.472
72925	0.484
72975	0.544
73025	0.568
73075	0.556
73125	0.564
73175	0.556
73225	0.556
73275	0.520
73325	0.492
73375	0.452
73425	0.436
73475	0.396
73525	0.384
73575	0.368
73625	0.296
73675	0.228
73725	0.188
73775	0.128
73825	0.072
73875	0.088
73925	0.088
73975	0.060
74025	0.100
74075	0.188
74125	0.228
74175	0.292
74225	0.392
74275	0.408
74325	0.400
74375	0.436
74425	0.444
74475	0.460
74525	0.468
74575	0.472
74625	0.452
74675	0.476
74725	0.444
74775	0.464
74825	0.512
74875	0.536
74925	0.528
74975	0.516
75025	0.500
75075	0.484
75125	0.480
75175	0.504
75225	0.536
75275	0.536
75325	0.524
75375	0.504
75425	0.480
75475	0.460
75525	0.480
75575	0.456
75625	0.464
75675	0.424
75725	0.420
75775	0.372
75825	0.364
75875	0.348
75925	0.368
75975	0.376
76025	0.408
76075	0.412
76125	0.436
76175	0.452
76225	0.464
76275	0.456
76325	0.484
76375	0.488
76425	0.488
76475	0.488
76525	0.516
76575	0.504
76625	0.520
76675	0.508
76725	0.524
76775	0.500
76825	0.492
76875	0.452
76925	0.460
76975	0.444
77025	0.428
77075	0.424
77125	0.452
77175	0.452
77225	0.452
77275	0.492
77325	0.508
77375	0.512
77425	0.516
77475	0.504
77525	0.492
77575	0.472
77625	0.448
77675	0.428
77725	0.412
77775	0.388
77825	0.396
77875	0.420
77925	0.464
77975	0.476
78025	0.508
78075	0.464
78125	0.456
78175	0.420
78225	0.420
78275	0.384
78325	0.412
78375	0.392
78425	0.384
78475	0.396
78525	0.388
78575	0.396
78625	0.400
78675	0.384
78725	0.368
78775	0.380
78825	0.356
78875	0.308
78925	0.264
78975	0.212
79025	0.172
79075	0.172
79125	0.188
79175	0.196
79225	0.240
79275	0.248
79325	0.208
79375	0.184
79425	0.168
79475	0.112
79525	0.076
79575	0.064
79625	0.052
79675	0.100
79725	0.124
79775	0.144
79825	0.144
79875	0.136
79925	0.096
79975	0.056
80025	0.044
80075	0.056
80125	0.064
80175	0.084
80225	0.124
80275	0.168
80325	0.196
80375	0.188
80425	0.184
80475	0.164
80525	0.124
80575	0.104
80625	0.112
80675	0.120
80725	0.136
80775	0.140
80825	0.132
80875	0.124
80925	0.116
80975	0.100
81025	0.112
81075	0.096
81125	0.096
81175	0.088
81225	0.072
81275	0.056
81325	0.084
81375	0.112
81425	0.116
81475	0.128
81525	0.136
81575	0.124
81625	0.120
81675	0.132
81725	0.148
81775	0.156
81825	0.164
81875	0.184
81925	0.216
81975	0.252
82025	0.284
82075	0.336
82125	0.356
82175	0.372
82225	0.368
82275	0.392
82325	0.408
82375	0.408
82425	0.420
82475	0.432
82525	0.424
82575	0.408
82625	0.420
82675	0.424
82725	0.408
82775	0.408
82825	0.404
82875	0.404
82925	0.372
82975	0.388
83025	0.396
83075	0.412
83125	0.404
83175	0.412
83225	0.424
83275	0.408
83325	0.388
83375	0.396
83425	0.404
83475	0.380
83525	0.380
83575	0.380
83625	0.404
83675	0.420
83725	0.436
83775	0.412
83825	0.448
83875	0.408
83925	0.400
83975	0.400
84025	0.408
84075	0.368
84125	0.384
84175	0.388
84225	0.380
84275	0.412
84325	0.428
84375	0.424
84425	0.420
84475	0.432
84525	0.436
84575	0.432
84625	0.392
84675	0.388
84725	0.388
84775	0.400
84825	0.416
84875	0.472
84925	0.472
84975	0.484
85025	0.472
85075	0.484
85125	0.504
85175	0.536
85225	0.564
85275	0.564
85325	0.556
85375	0.524
85425	0.500
85475	0.472
85525	0.480
85575	0.468
85625	0.504
85675	0.520
85725	0.492
85775	0.488
85825	0.484
85875	0.444
85925	0.404
85975	0.420
86025	0.440
86075	0.448
86125	0.460
86175	0.492
86225	0.492
86275	0.460
86325	0.484
86375	0.492
86425	0.492
86475	0.488
86525	0.496
86575	0.444
86625	0.412
86675	0.392
86725	0.396
86775	0.404
86825	0.416
86875	0.444
86925	0.448
86975	0.444
87025	0.428
87075	0.448
87125	0.440
87175	0.448
87225	0.456
87275	0.484
87325	0.472
87375	0.440
87425	0.416
87475	0.440
87525	0.408
87575	0.412
87625	0.428
87675	0.464
87725	0.440
87775	0.440
87825	0.432
87875	0.452
87925	0.400
87975	0.372
88025	0.408
88075	0.424
88125	0.396
88175	0.412
88225	0.448
88275	0.404
88325	0.364
88375	0.388
88425	0.416
88475	0.392
88525	0.384
88575	0.444
88625	0.436
88675	0.432
88725	0.448
88775	0.492
88825	0.484
88875	0.512
88925	0.512
88975	0.544
89025	0.512
89075	0.508
89125	0.496
89175	0.480
89225	0.464
89275	0.484
89325	0.484
89375	0.472
89425	0.500
89475	0.468
89525	0.452
89575	0.436
89625	0.460
89675	0.436
89725	0.468
89775	0.484
89825	0.492
89875	0.468
89925	0.488
89975	0.480
90025	0.472
90075	0.464
90125	0.464
90175	0.448
90225	0.464
90275	0.468
90325	0.484
90375	0.468
90425	0.448
90475	0.436
90525	0.416
90575	0.420
90625	0.460
90675	0.492
90725	0.480
90775	0.512
90825	0.488
90875	0.476
90925	0.456
90975	0.440
91025	0.408
91075	0.424
91125	0.400
91175	0.392
91225	0.388
91275	0.424
91325	0.440
91375	0.468
91425	0.484
91475	0.504
91525	0.468
91575	0.436
91625	0.428
91675	0.440
91725	0.436
91775	0.424
91825	0.428
91875	0.424
91925	0.432
91975	0.436
92025	0.464
92075	0.480
92125	0.484
92175	0.480
92225	0.500
92275	0.496
92325	0.508
92375	0.500
92425	0.480
92475	0.468
92525	0.484
92575	0.444
92625	0.420
92675	0.416
92725	0.400
92775	0.396
92825	0.404
92875	0.444
92925	0.460
92975	0.464
93025	0.448
93075	0.444
93125	0.480
93175	0.500
93225	0.524
93275	0.548
93325	0.572
93375	0.508
93425	0.492
93475	0.472
93525	0.476
93575	0.456
93625	0.448
93675	0.452
93725	0.480
93775	0.484
93825	0.484
93875	0.492
93925	0.480
93975	0.452
94025	0.408
94075	0.424
94125	0.432
94175	0.420
94225	0.424
94275	0.432
94325	0.424
94375	0.448
94425	0.476
94475	0.492
94525	0.520
94575	0.532
94625	0.536
94675	0.540
94725	0.532
94775	0.540
94825	0.520
94875	0.512
94925	0.516
94975	0.512
95025	0.480
95075	0.504
95125	0.468
95175	0.444
95225	0.468
95275	0.484
95325	0.456
95375	0.492
95425	0.500
95475	0.492
95525	0.492
95575	0.512
95625	0.520
95675	0.500
95725	0.488
95775	0.484
95825	0.476
95875	0.476
95925	0.496
95975	0.504
96025	0.504
96075	0.516
96125	0.524
96175	0.536
96225	0.536
96275	0.556
96325	0.536
96375	0.532
96425	0.528
96475	0.520
96525	0.516
96575	0.532
96625	0.532
96675	0.512
96725	0.516
96775	0.496
96825	0.516
96875	0.500
96925	0.508
96975	0.492
97025	0.500
97075	0.504
97125	0.520
97175	0.524
97225	0.548
97275	0.548
97325	0.512
97375	0.516
97425	0.516
97475	0.508
97525	0.504
97575	0.512
97625	0.508
97675	0.520
97725	0.532
97775	0.532
97825	0.532
97875	0.524
97925	0.520
97975	0.516
98025	0.512
98075	0.520
98125	0.508
98175	0.532
98225	0.484
98275	0.464
98325	0.444
98375	0.396
98425	0.344
98475	0.352
98525	0.404
98575	0.396
98625	0.436
98675	0.440
98725	0.472
98775	0.448
98825	0.468
98875	0.496
98925	0.520
98975	0.516
99025	0.528
99075	0.528
99125	0.520
99175	0.528
99225	0.508
99275	0.484
99325	0.488
99375	0.472
99425	0.464
99475	0.488
99525	0.480
99575	0.476
99625	0.488
99675	0.480
99725	0.456
99775	0.464
99825	0.468
99875	0.440
99925	0.424
99975	0.420
100025	0.380
100075	0.356
100125	0.392
100175	0.388
100225	0.436
100275	0.488
100325	0.500
100375	0.440
100425	0.400
100475	0.364
100525	0.336
100575	0.336
100625	0.388
100675	0.476
100725	0.468
100775	0.508
100825	0.512
100875	0.504
100925	0.492
100975	0.512
101025	0.492
101075	0.508
101125	0.472
101175	0.420
101225	0.420
101275	0.428
101325	0.384
101375	0.420
101425	0.456
101475	0.432
101525	0.440
101575	0.476
101625	0.488
101675	0.448
101725	0.460
101775	0.428
101825	0.432
101875	0.400
101925	0.452
101975	0.472
102025	0.456
102075	0.440
102125	0.456
102175	0.464
102225	0.444
102275	0.492
102325	0.496
102375	0.460
102425	0.400
102475	0.396
102525	0.368
102575	0.364
102625	0.420
102675	0.440
102725	0.452
102775	0.468
102825	0.496
102875	0.484
102925	0.496
102975	0.512
103025	0.544
103075	0.520
103125	0.516
103175	0.504
103225	0.488
103275	0.448
103325	0.472
103375	0.464
103425	0.480
103475	0.488
103525	0.520
103575	0.500
103625	0.532
103675	0.508
103725	0.472
103775	0.452
103825	0.460
103875	0.440
103925	0.460
103975	0.500
104025	0.484
104075	0.464
104125	0.480
104175	0.480
104225	0.448
104275	0.464
104325	0.448
104375	0.424
104425	0.420
104475	0.444
104525	0.416
104575	0.440
104625	0.460
104675	0.456
104725	0.412
104775	0.428
104825	0.432
104875	0.400
104925	0.420
104975	0.448
105025	0.468
105075	0.472
105125	0.488
105175	0.456
105225	0.428
105275	0.392
105325	0.400
105375	0.392
105425	0.420
105475	0.448
105525	0.460
105575	0.444
105625	0.464
105675	0.452
105725	0.472
105775	0.488
105825	0.476
105875	0.444
105925	0.440
105975	0.420
106025	0.404
106075	0.416
106125	0.436
106175	0.416
106225	0.424
106275	0.436
106325	0.396
106375	0.392
106425	0.412
106475	0.420
106525	0.388
106575	0.440
106625	0.464
106675	0.464
106725	0.452
106775	0.472
106825	0.464
106875	0.456
106925	0.480
106975	0.488
107025	0.516
107075	0.504
107125	0.512
107175	0.504
107225	0.512
107275	0.488
107325	0.504
107375	0.484
107425	0.492
107475	0.484
107525	0.504
107575	0.472
107625	0.460
107675	0.428
107725	0.440
107775	0.428
107825	0.452
107875	0.456
107925	0.440
107975	0.408
108025	0.424
108075	0.400
108125	0.380
108175	0.376
108225	0.384
108275	0.376
108325	0.428
108375	0.464
108425	0.516
108475	0.548
108525	0.552
108575	0.548
108625	0.556
108675	0.572
108725	0.576
108775	0.580
108825	0.584
108875	0.584
108925	0.564
108975	0.536
109025	0.512
109075	0.464
109125	0.420
109175	0.408
109225	0.412
109275	0.384
109325	0.400
109375	0.424
109425	0.432
109475	0.424
109525	0.476
109575	0.464
109625	0.460
109675	0.460
109725	0.468
109775	0.452
109825	0.484
109875	0.468
109925	0.436
109975	0.404
110025	0.396
110075	0.340
110125	0.372
110175	0.384
110225	0.416
110275	0.428
110325	0.460
110375	0.448
110425	0.452
110475	0.448
110525	0.432
110575	0.444
110625	0.428
110675	0.436
110725	0.404
110775	0.380
110825	0.380
110875	0.448
110925	0.444
110975	0.476
111025	0.504
111075	0.488
111125	0.448
111175	0.432
111225	0.416
111275	0.408
111325	0.396
111375	0.368
111425	0.372
111475	0.368
111525	0.360
111575	0.368
111625	0.372
111675	0.364
111725	0.352
111775	0.360
111825	0.348
111875	0.356
111925	0.396
111975	0.428
112025	0.432
112075	0.480
112125	0.468
112175	0.452
112225	0.468
112275	0.484
112325	0.464
112375	0.476
112425	0.488
112475	0.460
112525	0.444
112575	0.452
112625	0.444
112675	0.420
112725	0.452
112775	0.456
112825	0.468
112875	0.500
112925	0.536
112975	0.496
113025	0.496
113075	0.488
113125	0.476
113175	0.436
113225	0.448
113275	0.428
113325	0.428
113375	0.400
113425	0.408
113475	0.420
113525	0.436
113575	0.412
113625	0.412
113675	0.396
113725	0.372
113775	0.388
113825	0.408
113875	0.440
113925	0.492
113975	0.484
114025	0.468
114075	0.456
114125	0.448
114175	0.436
114225	0.460
114275	0.480
114325	0.488
114375	0.496
114425	0.508
114475	0.504
114525	0.508
114575	0.504
114625	0.496
114675	0.460
114725	0.468
114775	0.440
114825	0.420
114875	0.436
114925	0.452
114975	0.440
115025	0.432
115075	0.444
115125	0.428
115175	0.440
115225	0.468
115275	0.500
115325	0.524
115375	0.520
115425	0.504
115475	0.492
115525	0.472
115575	0.468
115625	0.472
115675	0.472
115725	0.448
115775	0.464
115825	0.452
115875	0.440
115925	0.440
115975	0.468
116025	0.468
116075	0.460
116125	0.496
116175	0.508
116225	0.488
116275	0.460
116325	0.484
116375	0.456
116425	0.440
116475	0.428
116525	0.448
116575	0.420
116625	0.424
116675	0.424
116725	0.432
116775	0.436
116825	0.444
116875	0.452
116925	0.440
116975	0.480
117025	0.488
117075	0.484
117125	0.476
117175	0.484
117225	0.464
117275	0.448
117325	0.436
117375	0.416
117425	0.412
117475	0.420
117525	0.444
117575	0.464
117625	0.468
117675	0.472
117725	0.460
117775	0.444
117825	0.476
117875	0.492
117925	0.496
117975	0.492
118025	0.468
118075	0.428
118125	0.448
118175	0.440
118225	0.472
118275	0.528
118325	0.540
118375	0.540
118425	0.532
118475	0.508
118525	0.460
118575	0.468
118625	0.460
118675	0.472
118725	0.468
118775	0.476
118825	0.448
118875	0.420
118925	0.380
118975	0.388
119025	0.380
119075	0.372
119125	0.364
119175	0.408
119225	0.392
119275	0.400
119325	0.412
119375	0.456
119425	0.468
119475	0.476
119525	0.496
119575	0.472
119625	0.456
119675	0.440
119725	0.468
119775	0.452
119825	0.504
119875	0.508
119925	0.516
119975	0.512
120025	0.484
120075	0.464
120125	0.464
120175	0.480
120225	0.460
120275	0.496
120325	0.532
120375	0.532
120425	0.508
120475	0.500
120525	0.500
120575	0.480
120625	0.452
120675	0.488
120725	0.492
120775	0.488
120825	0.472
120875	0.464
120925	0.428
120975	0.404
121025	0.372
121075	0.360
121125	0.360
121175	0.368
121225	0.376
121275	0.432
121325	0.440
121375	0.464
121425	0.468
121475	0.504
121525	0.496
121575	0.528
121625	0.548
121675	0.548
121725	0.520
121775	0.500
121825	0.480
121875	0.464
121925	0.464
121975	0.464
122025	0.472
122075	0.484
122125	0.488
122175	0.508
122225	0.536
122275	0.540
122325	0.520
122375	0.532
122425	0.516
122475	0.516
122525	0.536
122575	0.528
122625	0.520
122675	0.528
122725	0.528
122775	0.480
122825	0.528
122875	0.520
122925	0.484
122975	0.480
123025	0.484
123075	0.444
123125	0.468
123175	0.512
123225	0.516
123275	0.528
123325	0.528
123375	0.504
123425	0.484
123475	0.508
123525	0.540
123575	0.556
123625	0.560
123675	0.536
123725	0.480
123775	0.464
123825	0.464
123875	0.440
123925	0.440
123975	0.456
124025	0.412
124075	0.384
124125	0.408
124175	0.432
124225	0.400
124275	0.384
124325	0.380
124375	0.356
124425	0.348
124475	0.368
124525	0.412
124575	0.440
124625	0.464
124675	0.448
124725	0.448
124775	0.452
124825	0.464
124875	0.468
124925	0.476
124975	0.496
125025	0.484
125075	0.464
125125	0.468
125175	0.488
125225	0.472
125275	0.460
125325	0.476
125375	0.464
125425	0.440
125475	0.444
125525	0.472
125575	0.436
125625	0.448
125675	0.448
125725	0.444
125775	0.432
125825	0.476
125875	0.476
125925	0.488
125975	0.500
126025	0.512
126075	0.476
126125	0.448
126175	0.436
126225	0.416
126275	0.408
126325	0.424
126375	0.436
126425	0.444
126475	0.432
126525	0.440
126575	0.436
126625	0.440
126675	0.428
126725	0.436
126775	0.436
126825	0.436
126875	0.436
126925	0.420
126975	0.428
127025	0.400
127075	0.372
127125	0.352
127175	0.360
127225	0.348
127275	0.368
127325	0.396
127375	0.428
127425	0.452
127475	0.488
127525	0.476
127575	0.468
127625	0.460
127675	0.472
127725	0.476
127775	0.496
127825	0.480
127875	0.472
127925	0.448
127975	0.424
128025	0.444
128075	0.484
128125	0.492
128175	0.524
128225	0.552
128275	0.524
128325	0.528
128375	0.540
128425	0.492
128475	0.460
128525	0.436
128575	0.424
128625	0.412
128675	0.472
128725	0.500
128775	0.540
128825	0.540
128875	0.544
128925	0.532
128975	0.512
129025	0.484
129075	0.492
129125	0.500
129175	0.508
129225	0.484
129275	0.496
129325	0.512
129375	0.520
129425	0.464
129475	0.516
129525	0.512
129575	0.476
129625	0.452
129675	0.476
129725	0.464
129775	0.480
129825	0.504
129875	0.504
129925	0.508
129975	0.520
130025	0.520
130075	0.532
130125	0.560
130175	0.568
130225	0.572
130275	0.580
130325	0.568
130375	0.564
130425	0.596
130475	0.576
130525	0.576
130575	0.564
130625	0.560
130675	0.536
130725	0.560
130775	0.576
130825	0.588
130875	0.580
130925	0.584
130975	0.576
131025	0.548
131075	0.512
131125	0.516
131175	0.512
131225	0.492
131275	0.488
131325	0.472
131375	0.412
131425	0.396
131475	0.388
131525	0.372
131575	0.380
131625	0.428
131675	0.436
131725	0.424
131775	0.460
131825	0.508
131875	0.520
131925	0.536
131975	0.556
132025	0.540
132075	0.536
132125	0.536
132175	0.532
132225	0.536
132275	0.528
132325	0.508
132375	0.496
132425	0.488
132475	0.492
132525	0.528
132575	0.512
132625	0.476
132675	0.452
132725	0.424
132775	0.412
132825	0.424
132875	0.452
132925	0.448
132975	0.468
133025	0.440
133075	0.436
133125	0.428
133175	0.432
133225	0.428
133275	0.444
133325	0.440
133375	0.448
133425	0.452
133475	0.448
133525	0.448
133575	0.472
133625	0.496
133675	0.500
133725	0.508
133775	0.500
133825	0.480
133875	0.488
133925	0.500
133975	0.476
134025	0.496
134075	0.500
134125	0.480
134175	0.488
134225	0.520
134275	0.444
134325	0.456
134375	0.452
134425	0.476
134475	0.472
134525	0.544
134575	0.548
134625	0.576
134675	0.572
134725	0.576
134775	0.588
134825	0.600
134875	0.600
134925	0.592
134975	0.600
135025	0.604
135075	0.604
135125	0.572
135175	0.556
135225	0.540
135275	0.512
135325	0.508
135375	0.524
135425	0.544
135475	0.560
135525	0.556
135575	0.528
135625	0.524
135675	0.508
135725	0.480
135775	0.440
135825	0.448
135875	0.416
135925	0.384
135975	0.392
136025	0.424
136075	0.432
136125	0.460
136175	0.484
136225	0.492
136275	0.500
136325	0.488
136375	0.460
136425	0.436
136475	0.428
136525	0.428
136575	0.424
136625	0.444
136675	0.472
136725	0.464
136775	0.476
136825	0.492
136875	0.484
136925	0.480
136975	0.492
137025	0.464
137075	0.452
137125	0.436
137175	0.440
137225	0.412
137275	0.416
137325	0.424
137375	0.456
137425	0.456
137475	0.476
137525	0.500
137575	0.500
137625	0.504
137675	0.488
137725	0.480
137775	0.464
137825	0.456
137875	0.416
137925	0.424
137975	0.416
138025	0.400
138075	0.388
138125	0.412
138175	0.420
138225	0.432
138275	0.452
138325	0.472
138375	0.480
138425	0.472
138475	0.480
138525	0.468
138575	0.468
138625	0.480
138675	0.480
138725	0.480
138775	0.504
138825	0.516
138875	0.512
138925	0.516
138975	0.516
139025	0.504
139075	0.524
139125	0.532
139175	0.544
139225	0.560
139275	0.556
139325	0.532
139375	0.508
139425	0.516
139475	0.500
139525	0.484
139575	0.476
139625	0.496
139675	0.476
139725	0.460
139775	0.476
139825	0.472
139875	0.476
139925	0.460
139975	0.460
140025	0.436
140075	0.436
140125	0.392
140175	0.428
140225	0.436
140275	0.472
140325	0.460
140375	0.480
140425	0.444
140475	0.452
140525	0.436
140575	0.444
140625	0.472
140675	0.464
140725	0.456
140775	0.452
140825	0.452
140875	0.428
140925	0.452
140975	0.464
141025	0.496
141075	0.516
141125	0.524
141175	0.504
141225	0.492
141275	0.440
141325	0.424
141375	0.424
141425	0.456
141475	0.488
141525	0.516
141575	0.492
141625	0.504
141675	0.500
141725	0.464
141775	0.504
141825	0.532
141875	0.512
141925	0.484
141975	0.488
142025	0.436
142075	0.392
142125	0.344
142175	0.344
142225	0.348
142275	0.360
142325	0.392
142375	0.428
142425	0.460
142475	0.444
142525	0.436
142575	0.448
142625	0.472
142675	0.440
142725	0.440
142775	0.464
142825	0.452
142875	0.412
142925	0.436
142975	0.412
143025	0.372
143075	0.392
143125	0.412
143175	0.388
143225	0.412
143275	0.424
143325	0.424
143375	0.416
143425	0.408
143475	0.424
143525	0.436
143575	0.424
143625	0.448
143675	0.476
143725	0.452
143775	0.448
143825	0.444
143875	0.420
143925	0.428
143975	0.480
144025	0.464
144075	0.456
144125	0.472
144175	0.448
144225	0.404
144275	0.408
144325	0.400
144375	0.408
144425	0.448
144475	0.492
144525	0.504
144575	0.540
144625	0.544
144675	0.516
144725	0.472
144775	0.484
144825	0.452
144875	0.436
144925	0.428
144975	0.444
145025	0.412
145075	0.424
145125	0.416
145175	0.408
145225	0.420
145275	0.456
145325	0.468
145375	0.444
145425	0.456
145475	0.448
145525	0.456
145575	0.440
145625	0.488
145675	0.480
145725	0.472
145775	0.448
145825	0.452
145875	0.448
145925	0.468
145975	0.464
146025	0.496
146075	0.516
146125	0.488
146175	0.456
146225	0.496
146275	0.476
146325	0.464
146375	0.500
146425	0.516
146475	0.484
146525	0.480
146575	0.476
146625	0.456
146675	0.484
146725	0.492
146775	0.500
146825	0.496
146875	0.524
146925	0.532
146975	0.516
147025	0.508
147075	0.540
147125	0.520
147175	0.508
147225	0.516
147275	0.508
147325	0.488
147375	0.516
147425	0.512
147475	0.504
147525	0.528
147575	0.556
147625	0.552
147675	0.548
147725	0.576
147775	0.572
147825	0.528
147875	0.496
147925	0.496
147975	0.472
148025	0.456
148075	0.500
148125	0.520
148175	0.524
148225	0.544
148275	0.556
148325	0.524
148375	0.476
148425	0.456
148475	0.436
148525	0.436
148575	0.444
148625	0.476
148675	0.500
148725	0.524
148775	0.528
148825	0.536
148875	0.544
148925	0.552
148975	0.524
149025	0.516
149075	0.512
149125	0.520
149175	0.492
149225	0.512
149275	0.504
149325	0.492
149375	0.480
149425	0.484
149475	0.492
149525	0.524
149575	0.540
149625	0.552
149675	0.584
149725	0.572
149775	0.544
149825	0.528
149875	0.488
149925	0.448
149975	0.444
150025	0.456
150075	0.464
150125	0.492
150175	0.472
150225	0.476
150275	0.440
150325	0.432
150375	0.404
150425	0.416
150475	0.392
150525	0.384
150575	0.364
150625	0.384
150675	0.372
150725	0.380
150775	0.400
150825	0.404
150875	0.416
150925	0.460
150975	0.444
151025	0.388
151075	0.400
151125	0.408
151175	0.376
151225	0.396
151275	0.492
151325	0.464
151375	0.456
151425	0.492
151475	0.484
151525	0.436
151575	0.484
151625	0.500
151675	0.476
151725	0.488
151775	0.500
151825	0.504
151875	0.496
151925	0.480
151975	0.484
152025	0.500
152075	0.472
152125	0.448
152175	0.472
152225	0.496
152275	0.492
152325	0.496
152375	0.504
152425	0.492
152475	0.432
152525	0.392
152575	0.372
152625	0.356
152675	0.352
152725	0.400
152775	0.412
152825	0.400
152875	0.436
152925	0.432
152975	0.400
153025	0.440
153075	0.468
153125	0.444
153175	0.452
153225	0.468
153275	0.444
153325	0.436
153375	0.452
153425	0.464
153475	0.464
153525	0.464
153575	0.488
153625	0.500
153675	0.476
153725	0.452
153775	0.420
153825	0.368
153875	0.336
153925	0.332
153975	0.340
154025	0.356
154075	0.408
154125	0.416
154175	0.408
154225	0.424
154275	0.456
154325	0.460
154375	0.448
154425	0.480
154475	0.472
154525	0.468
154575	0.444
154625	0.452
154675	0.428
154725	0.440
154775	0.424
154825	0.448
154875	0.448
154925	0.472
154975	0.492
155025	0.504
155075	0.456
155125	0.460
155175	0.440
155225	0.420
155275	0.392
155325	0.412
155375	0.412
155425	0.424
155475	0.428
155525	0.460
155575	0.508
155625	0.480
155675	0.484
155725	0.480
155775	0.472
155825	0.436
155875	0.464
155925	0.436
155975	0.428
156025	0.420
156075	0.420
156125	0.432
156175	0.444
156225	0.460
156275	0.452
156325	0.408
156375	0.392
156425	0.372
156475	0.332
156525	0.332
156575	0.388
156625	0.372
156675	0.404
156725	0.416
156775	0.400
156825	0.376
156875	0.384
156925	0.384
156975	0.388
157025	0.408
157075	0.440
157125	0.464
157175	0.436
157225	0.432
157275	0.432
157325	0.408
157375	0.380
157425	0.424
157475	0.428
157525	0.436
157575	0.448
157625	0.476
157675	0.440
157725	0.448
157775	0.452
157825	0.444
157875	0.436
157925	0.468
157975	0.468
158025	0.472
158075	0.456
158125	0.456
158175	0.448
158225	0.480
158275	0.460
158325	0.464
158375	0.468
158425	0.452
158475	0.400
158525	0.400
158575	0.408
158625	0.404
158675	0.400
158725	0.408
158775	0.392
158825	0.368
158875	0.332
158925	0.352
158975	0.364
159025	0.384
159075	0.396
159125	0.404
159175	0.384
159225	0.424
159275	0.424
159325	0.404
159375	0.392
159425	0.404
159475	0.364
159525	0.336
159575	0.356
159625	0.376
159675	0.348
159725	0.308
159775	0.324
159825	0.344
159875	0.344
159925	0.372
159975	0.412
160025	0.448
160075	0.468
160125	0.496
160175	0.508
160225	0.496
160275	0.496
160325	0.480
160375	0.460
160425	0.464
160475	0.488
160525	0.484
160575	0.444
160625	0.428
160675	0.400
160725	0.392
160775	0.360
160825	0.392
160875	0.420
160925	0.408
160975	0.392
161025	0.396
161075	0.404
161125	0.388
161175	0.412
161225	0.432
161275	0.440
161325	0.400
161375	0.396
161425	0.392
161475	0.396
161525	0.376
161575	0.408
161625	0.440
161675	0.448
161725	0.408
161775	0.452
161825	0.444
161875	0.412
161925	0.392
161975	0.420
162025	0.408
162075	0.404
162125	0.404
162175	0.408
162225	0.404
162275	0.396
162325	0.404
162375	0.408
162425	0.420
162475	0.432
162525	0.448
162575	0.452
162625	0.444
162675	0.432
162725	0.420
162775	0.408
162825	0.404
162875	0.408
162925	0.432
162975	0.452
163025	0.456
163075	0.436
163125	0.460
163175	0.420
163225	0.384
163275	0.392
163325	0.404
163375	0.396
163425	0.432
163475	0.460
163525	0.472
163575	0.488
163625	0.492
163675	0.504
163725	0.484
163775	0.452
163825	0.412
163875	0.404
163925	0.392
163975	0.384
164025	0.388
164075	0.412
164125	0.392
164175	0.332
164225	0.304
164275	0.232
164325	0.176
164375	0.116
164425	0.100
164475	0.064
164525	0.052
164575	0.032
164625	0.024
164675	0.016
164725	0.016
164775	0.020
164825	0.024
164875	0.032
164925	0.024
164975	0.024
165025	0.024
165075	0.028
165125	0.036
165175	0.052
165225	0.056
165275	0.056
165325	0.044
165375	0.032
165425	0.020
165475	0.024
165525	0.024
165575	0.028
165625	0.028
165675	0.032
