Position	Percent G+C 1 .. 231428
125	0.020
175	0.016
225	0.028
275	0.028
325	0.032
375	0.032
425	0.040
475	0.036
525	0.040
575	0.044
625	0.040
675	0.036
725	0.036
775	0.036
825	0.028
875	0.032
925	0.032
975	0.032
1025	0.036
1075	0.032
1125	0.036
1175	0.048
1225	0.052
1275	0.056
1325	0.064
1375	0.060
1425	0.060
1475	0.052
1525	0.040
1575	0.032
1625	0.024
1675	0.016
1725	0.036
1775	0.104
1825	0.200
1875	0.296
1925	0.392
1975	0.448
2025	0.464
2075	0.460
2125	0.448
2175	0.436
2225	0.456
2275	0.472
2325	0.464
2375	0.472
2425	0.460
2475	0.460
2525	0.480
2575	0.496
2625	0.496
2675	0.476
2725	0.468
2775	0.420
2825	0.428
2875	0.456
2925	0.500
2975	0.504
3025	0.536
3075	0.520
3125	0.500
3175	0.508
3225	0.516
3275	0.500
3325	0.528
3375	0.580
3425	0.600
3475	0.608
3525	0.620
3575	0.584
3625	0.528
3675	0.480
3725	0.488
3775	0.508
3825	0.528
3875	0.540
3925	0.556
3975	0.528
4025	0.500
4075	0.512
4125	0.516
4175	0.524
4225	0.560
4275	0.580
4325	0.600
4375	0.588
4425	0.600
4475	0.580
4525	0.580
4575	0.556
4625	0.548
4675	0.548
4725	0.552
4775	0.572
4825	0.568
4875	0.592
4925	0.588
4975	0.612
5025	0.600
5075	0.612
5125	0.604
5175	0.588
5225	0.556
5275	0.536
5325	0.520
5375	0.524
5425	0.544
5475	0.568
5525	0.584
5575	0.600
5625	0.592
5675	0.552
5725	0.528
5775	0.516
5825	0.512
5875	0.528
5925	0.588
5975	0.620
6025	0.612
6075	0.616
6125	0.612
6175	0.524
6225	0.448
6275	0.396
6325	0.344
6375	0.292
6425	0.284
6475	0.256
6525	0.248
6575	0.240
6625	0.252
6675	0.276
6725	0.324
6775	0.380
6825	0.396
6875	0.404
6925	0.424
6975	0.444
7025	0.424
7075	0.440
7125	0.428
7175	0.432
7225	0.428
7275	0.444
7325	0.432
7375	0.484
7425	0.488
7475	0.484
7525	0.472
7575	0.484
7625	0.448
7675	0.436
7725	0.424
7775	0.436
7825	0.424
7875	0.452
7925	0.476
7975	0.516
8025	0.532
8075	0.568
8125	0.576
8175	0.556
8225	0.548
8275	0.536
8325	0.508
8375	0.488
8425	0.512
8475	0.468
8525	0.420
8575	0.384
8625	0.348
8675	0.300
8725	0.272
8775	0.308
8825	0.328
8875	0.340
8925	0.376
8975	0.412
9025	0.436
9075	0.492
9125	0.540
9175	0.572
9225	0.604
9275	0.636
9325	0.604
9375	0.568
9425	0.556
9475	0.544
9525	0.504
9575	0.492
9625	0.492
9675	0.464
9725	0.472
9775	0.500
9825	0.548
9875	0.552
9925	0.588
9975	0.536
10025	0.528
10075	0.480
10125	0.476
10175	0.452
10225	0.508
10275	0.468
10325	0.472
10375	0.468
10425	0.440
10475	0.368
10525	0.340
10575	0.304
10625	0.268
10675	0.288
10725	0.384
10775	0.448
10825	0.484
10875	0.552
10925	0.540
10975	0.524
11025	0.528
11075	0.528
11125	0.512
11175	0.524
11225	0.528
11275	0.556
11325	0.568
11375	0.548
11425	0.572
11475	0.548
11525	0.492
11575	0.480
11625	0.488
11675	0.468
11725	0.456
11775	0.480
11825	0.496
11875	0.504
11925	0.464
11975	0.468
12025	0.468
12075	0.464
12125	0.464
12175	0.516
12225	0.528
12275	0.516
12325	0.524
12375	0.520
12425	0.516
12475	0.504
12525	0.496
12575	0.492
12625	0.496
12675	0.500
12725	0.520
12775	0.528
12825	0.504
12875	0.504
12925	0.492
12975	0.464
13025	0.424
13075	0.396
13125	0.368
13175	0.348
13225	0.364
13275	0.400
13325	0.440
13375	0.468
13425	0.496
13475	0.520
13525	0.516
13575	0.520
13625	0.536
13675	0.524
13725	0.508
13775	0.536
13825	0.552
13875	0.544
13925	0.560
13975	0.576
14025	0.576
14075	0.560
14125	0.560
14175	0.572
14225	0.556
14275	0.552
14325	0.548
14375	0.532
14425	0.520
14475	0.528
14525	0.516
14575	0.512
14625	0.548
14675	0.540
14725	0.528
14775	0.500
14825	0.516
14875	0.500
14925	0.496
14975	0.508
15025	0.524
15075	0.524
15125	0.512
15175	0.528
15225	0.528
15275	0.536
15325	0.532
15375	0.552
15425	0.560
15475	0.544
15525	0.548
15575	0.544
15625	0.528
15675	0.512
15725	0.532
15775	0.532
15825	0.536
15875	0.544
15925	0.528
15975	0.516
16025	0.532
16075	0.568
16125	0.568
16175	0.600
16225	0.620
16275	0.624
16325	0.600
16375	0.600
16425	0.612
16475	0.604
16525	0.608
16575	0.624
16625	0.604
16675	0.580
16725	0.568
16775	0.528
16825	0.528
16875	0.532
16925	0.512
16975	0.544
17025	0.560
17075	0.528
17125	0.516
17175	0.500
17225	0.472
17275	0.440
17325	0.428
17375	0.428
17425	0.456
17475	0.428
17525	0.460
17575	0.484
17625	0.496
17675	0.504
17725	0.528
17775	0.548
17825	0.568
17875	0.548
17925	0.520
17975	0.508
18025	0.500
18075	0.480
18125	0.548
18175	0.612
18225	0.644
18275	0.648
18325	0.640
18375	0.580
18425	0.552
18475	0.548
18525	0.536
18575	0.544
18625	0.568
18675	0.592
18725	0.592
18775	0.600
18825	0.600
18875	0.616
18925	0.604
18975	0.604
19025	0.600
19075	0.596
19125	0.604
19175	0.576
19225	0.580
19275	0.564
19325	0.568
19375	0.532
19425	0.524
19475	0.528
19525	0.532
19575	0.540
19625	0.552
19675	0.544
19725	0.544
19775	0.556
19825	0.536
19875	0.528
19925	0.536
19975	0.520
20025	0.512
20075	0.524
20125	0.512
20175	0.516
20225	0.516
20275	0.524
20325	0.516
20375	0.520
20425	0.516
20475	0.504
20525	0.484
20575	0.480
20625	0.504
20675	0.512
20725	0.504
20775	0.528
20825	0.532
20875	0.524
20925	0.512
20975	0.524
21025	0.504
21075	0.512
21125	0.500
21175	0.504
21225	0.492
21275	0.480
21325	0.484
21375	0.484
21425	0.500
21475	0.524
21525	0.544
21575	0.512
21625	0.528
21675	0.516
21725	0.488
21775	0.472
21825	0.492
21875	0.472
21925	0.476
21975	0.464
22025	0.444
22075	0.468
22125	0.460
22175	0.464
22225	0.488
22275	0.532
22325	0.512
22375	0.540
22425	0.516
22475	0.520
22525	0.512
22575	0.532
22625	0.540
22675	0.576
22725	0.572
22775	0.564
22825	0.552
22875	0.516
22925	0.472
22975	0.472
23025	0.484
23075	0.492
23125	0.516
23175	0.532
23225	0.532
23275	0.500
23325	0.500
23375	0.484
23425	0.492
23475	0.500
23525	0.532
23575	0.504
23625	0.508
23675	0.496
23725	0.496
23775	0.508
23825	0.512
23875	0.496
23925	0.488
23975	0.480
24025	0.460
24075	0.472
24125	0.484
24175	0.500
24225	0.492
24275	0.492
24325	0.480
24375	0.508
24425	0.496
24475	0.492
24525	0.472
24575	0.480
24625	0.448
24675	0.436
24725	0.464
24775	0.448
24825	0.448
24875	0.472
24925	0.488
24975	0.440
25025	0.472
25075	0.468
25125	0.464
25175	0.452
25225	0.480
25275	0.480
25325	0.456
25375	0.416
25425	0.428
25475	0.388
25525	0.368
25575	0.396
25625	0.436
25675	0.444
25725	0.524
25775	0.532
25825	0.540
25875	0.544
25925	0.548
25975	0.520
26025	0.552
26075	0.556
26125	0.580
26175	0.584
26225	0.600
26275	0.564
26325	0.536
26375	0.512
26425	0.516
26475	0.512
26525	0.524
26575	0.524
26625	0.520
26675	0.512
26725	0.524
26775	0.516
26825	0.540
26875	0.532
26925	0.552
26975	0.520
27025	0.544
27075	0.556
27125	0.584
27175	0.584
27225	0.588
27275	0.576
27325	0.536
27375	0.524
27425	0.480
27475	0.464
27525	0.476
27575	0.488
27625	0.492
27675	0.492
27725	0.468
27775	0.460
27825	0.436
27875	0.380
27925	0.388
27975	0.396
28025	0.364
28075	0.316
28125	0.328
28175	0.328
28225	0.372
28275	0.404
28325	0.484
28375	0.528
28425	0.528
28475	0.532
28525	0.532
28575	0.508
28625	0.476
28675	0.512
28725	0.488
28775	0.504
28825	0.536
28875	0.572
28925	0.556
28975	0.552
29025	0.516
29075	0.516
29125	0.508
29175	0.508
29225	0.548
29275	0.572
29325	0.568
29375	0.580
29425	0.568
29475	0.544
29525	0.536
29575	0.528
29625	0.504
29675	0.532
29725	0.508
29775	0.520
29825	0.508
29875	0.512
29925	0.496
29975	0.504
30025	0.488
30075	0.452
30125	0.440
30175	0.424
30225	0.444
30275	0.452
30325	0.512
30375	0.520
30425	0.544
30475	0.536
30525	0.544
30575	0.528
30625	0.532
30675	0.508
30725	0.500
30775	0.488
30825	0.492
30875	0.468
30925	0.488
30975	0.508
31025	0.512
31075	0.512
31125	0.560
31175	0.552
31225	0.536
31275	0.560
31325	0.552
31375	0.504
31425	0.496
31475	0.476
31525	0.416
31575	0.404
31625	0.412
31675	0.384
31725	0.376
31775	0.388
31825	0.400
31875	0.432
31925	0.480
31975	0.508
32025	0.556
32075	0.568
32125	0.568
32175	0.576
32225	0.604
32275	0.596
32325	0.612
32375	0.564
32425	0.504
32475	0.448
32525	0.396
32575	0.364
32625	0.416
32675	0.476
32725	0.512
32775	0.564
32825	0.592
32875	0.592
32925	0.560
32975	0.564
33025	0.560
33075	0.560
33125	0.524
33175	0.540
33225	0.512
33275	0.532
33325	0.524
33375	0.512
33425	0.500
33475	0.512
33525	0.468
33575	0.460
33625	0.440
33675	0.416
33725	0.384
33775	0.384
33825	0.384
33875	0.412
33925	0.452
33975	0.468
34025	0.464
34075	0.428
34125	0.428
34175	0.424
34225	0.452
34275	0.460
34325	0.512
34375	0.516
34425	0.504
34475	0.512
34525	0.504
34575	0.484
34625	0.496
34675	0.500
34725	0.476
34775	0.496
34825	0.480
34875	0.468
34925	0.472
34975	0.500
35025	0.496
35075	0.508
35125	0.508
35175	0.496
35225	0.472
35275	0.468
35325	0.460
35375	0.456
35425	0.472
35475	0.464
35525	0.456
35575	0.488
35625	0.508
35675	0.520
35725	0.548
35775	0.552
35825	0.532
35875	0.500
35925	0.460
35975	0.424
36025	0.428
36075	0.448
36125	0.460
36175	0.472
36225	0.488
36275	0.476
36325	0.464
36375	0.472
36425	0.512
36475	0.524
36525	0.548
36575	0.540
36625	0.544
36675	0.516
36725	0.524
36775	0.496
36825	0.528
36875	0.560
36925	0.540
36975	0.548
37025	0.560
37075	0.552
37125	0.524
37175	0.536
37225	0.512
37275	0.516
37325	0.496
37375	0.480
37425	0.484
37475	0.476
37525	0.488
37575	0.464
37625	0.476
37675	0.468
37725	0.472
37775	0.432
37825	0.444
37875	0.408
37925	0.408
37975	0.400
38025	0.432
38075	0.448
38125	0.504
38175	0.512
38225	0.516
38275	0.512
38325	0.508
38375	0.488
38425	0.500
38475	0.528
38525	0.524
38575	0.528
38625	0.532
38675	0.540
38725	0.552
38775	0.584
38825	0.608
38875	0.636
38925	0.644
38975	0.616
39025	0.576
39075	0.564
39125	0.524
39175	0.480
39225	0.460
39275	0.436
39325	0.400
39375	0.396
39425	0.408
39475	0.412
39525	0.456
39575	0.476
39625	0.452
39675	0.468
39725	0.456
39775	0.444
39825	0.436
39875	0.476
39925	0.476
39975	0.472
40025	0.484
40075	0.484
40125	0.492
40175	0.472
40225	0.496
40275	0.488
40325	0.468
40375	0.432
40425	0.428
40475	0.432
40525	0.452
40575	0.484
40625	0.520
40675	0.524
40725	0.516
40775	0.476
40825	0.420
40875	0.336
40925	0.276
40975	0.216
41025	0.160
41075	0.168
41125	0.236
41175	0.308
41225	0.380
41275	0.460
41325	0.496
41375	0.508
41425	0.508
41475	0.536
41525	0.528
41575	0.544
41625	0.576
41675	0.568
41725	0.548
41775	0.572
41825	0.576
41875	0.540
41925	0.552
41975	0.536
42025	0.516
42075	0.516
42125	0.516
42175	0.516
42225	0.520
42275	0.524
42325	0.536
42375	0.528
42425	0.536
42475	0.544
42525	0.548
42575	0.508
42625	0.520
42675	0.520
42725	0.516
42775	0.520
42825	0.568
42875	0.544
42925	0.540
42975	0.536
43025	0.568
43075	0.556
43125	0.596
43175	0.600
43225	0.600
43275	0.540
43325	0.528
43375	0.492
43425	0.504
43475	0.484
43525	0.520
43575	0.552
43625	0.600
43675	0.612
43725	0.660
43775	0.656
43825	0.608
43875	0.572
43925	0.516
43975	0.480
44025	0.428
44075	0.420
44125	0.380
44175	0.372
44225	0.396
44275	0.436
44325	0.448
44375	0.500
44425	0.524
44475	0.516
44525	0.512
44575	0.512
44625	0.520
44675	0.556
44725	0.560
44775	0.592
44825	0.616
44875	0.588
44925	0.552
44975	0.536
45025	0.508
45075	0.504
45125	0.532
45175	0.536
45225	0.512
45275	0.484
45325	0.456
45375	0.428
45425	0.404
45475	0.420
45525	0.448
45575	0.456
45625	0.480
45675	0.500
45725	0.468
45775	0.440
45825	0.436
45875	0.380
45925	0.332
45975	0.388
46025	0.424
46075	0.396
46125	0.424
46175	0.440
46225	0.412
46275	0.388
46325	0.400
46375	0.408
46425	0.468
46475	0.496
46525	0.500
46575	0.524
46625	0.556
46675	0.556
46725	0.564
46775	0.584
46825	0.596
46875	0.580
46925	0.556
46975	0.544
47025	0.544
47075	0.528
47125	0.516
47175	0.508
47225	0.508
47275	0.516
47325	0.540
47375	0.556
47425	0.572
47475	0.564
47525	0.532
47575	0.516
47625	0.512
47675	0.524
47725	0.528
47775	0.552
47825	0.564
47875	0.552
47925	0.528
47975	0.528
48025	0.492
48075	0.440
48125	0.440
48175	0.436
48225	0.440
48275	0.472
48325	0.500
48375	0.500
48425	0.540
48475	0.540
48525	0.552
48575	0.588
48625	0.628
48675	0.612
48725	0.612
48775	0.580
48825	0.548
48875	0.516
48925	0.504
48975	0.484
49025	0.496
49075	0.516
49125	0.532
49175	0.528
49225	0.560
49275	0.568
49325	0.588
49375	0.588
49425	0.596
49475	0.564
49525	0.556
49575	0.536
49625	0.524
49675	0.520
49725	0.560
49775	0.576
49825	0.576
49875	0.572
49925	0.576
49975	0.572
50025	0.568
50075	0.564
50125	0.588
50175	0.560
50225	0.536
50275	0.508
50325	0.508
50375	0.476
50425	0.524
50475	0.528
50525	0.564
50575	0.580
50625	0.584
50675	0.540
50725	0.540
50775	0.484
50825	0.464
50875	0.468
50925	0.492
50975	0.500
51025	0.536
51075	0.500
51125	0.472
51175	0.460
51225	0.460
51275	0.456
51325	0.468
51375	0.488
51425	0.500
51475	0.504
51525	0.492
51575	0.528
51625	0.492
51675	0.484
51725	0.492
51775	0.536
51825	0.540
51875	0.604
51925	0.620
51975	0.608
52025	0.588
52075	0.592
52125	0.568
52175	0.556
52225	0.556
52275	0.552
52325	0.536
52375	0.552
52425	0.568
52475	0.560
52525	0.572
52575	0.536
52625	0.492
52675	0.496
52725	0.500
52775	0.504
52825	0.540
52875	0.564
52925	0.540
52975	0.540
53025	0.496
53075	0.492
53125	0.480
53175	0.520
53225	0.544
53275	0.564
53325	0.548
53375	0.564
53425	0.528
53475	0.488
53525	0.488
53575	0.504
53625	0.512
53675	0.508
53725	0.524
53775	0.552
53825	0.556
53875	0.556
53925	0.540
53975	0.524
54025	0.492
54075	0.464
54125	0.440
54175	0.464
54225	0.448
54275	0.440
54325	0.424
54375	0.412
54425	0.380
54475	0.400
54525	0.420
54575	0.448
54625	0.496
54675	0.528
54725	0.528
54775	0.488
54825	0.516
54875	0.512
54925	0.524
54975	0.544
55025	0.596
55075	0.600
55125	0.584
55175	0.584
55225	0.580
55275	0.568
55325	0.572
55375	0.568
55425	0.560
55475	0.560
55525	0.568
55575	0.528
55625	0.536
55675	0.536
55725	0.548
55775	0.548
55825	0.552
55875	0.516
55925	0.496
55975	0.484
56025	0.496
56075	0.500
56125	0.560
56175	0.572
56225	0.580
56275	0.548
56325	0.544
56375	0.548
56425	0.568
56475	0.576
56525	0.604
56575	0.624
56625	0.620
56675	0.576
56725	0.540
56775	0.512
56825	0.508
56875	0.472
56925	0.500
56975	0.520
57025	0.520
57075	0.512
57125	0.524
57175	0.532
57225	0.512
57275	0.516
57325	0.512
57375	0.512
57425	0.492
57475	0.508
57525	0.508
57575	0.520
57625	0.508
57675	0.508
57725	0.504
57775	0.504
57825	0.476
57875	0.464
57925	0.492
57975	0.492
58025	0.500
58075	0.524
58125	0.548
58175	0.516
58225	0.492
58275	0.512
58325	0.508
58375	0.484
58425	0.496
58475	0.500
58525	0.504
58575	0.496
58625	0.520
58675	0.512
58725	0.520
58775	0.500
58825	0.524
58875	0.508
58925	0.500
58975	0.540
59025	0.528
59075	0.516
59125	0.532
59175	0.540
59225	0.496
59275	0.504
59325	0.508
59375	0.484
59425	0.508
59475	0.520
59525	0.528
59575	0.524
59625	0.516
59675	0.512
59725	0.528
59775	0.504
59825	0.488
59875	0.516
59925	0.492
59975	0.468
60025	0.472
60075	0.476
60125	0.492
60175	0.512
60225	0.512
60275	0.512
60325	0.520
60375	0.488
60425	0.476
60475	0.460
60525	0.444
60575	0.412
60625	0.404
60675	0.400
60725	0.392
60775	0.416
60825	0.452
60875	0.464
60925	0.472
60975	0.532
61025	0.564
61075	0.596
61125	0.628
61175	0.644
61225	0.636
61275	0.604
61325	0.564
61375	0.544
61425	0.516
61475	0.476
61525	0.456
61575	0.416
61625	0.396
61675	0.384
61725	0.408
61775	0.416
61825	0.452
61875	0.476
61925	0.496
61975	0.500
62025	0.528
62075	0.540
62125	0.552
62175	0.576
62225	0.572
62275	0.572
62325	0.552
62375	0.516
62425	0.468
62475	0.468
62525	0.420
62575	0.416
62625	0.428
62675	0.456
62725	0.444
62775	0.436
62825	0.424
62875	0.412
62925	0.376
62975	0.384
63025	0.420
63075	0.456
63125	0.472
63175	0.512
63225	0.504
63275	0.496
63325	0.492
63375	0.456
63425	0.412
63475	0.420
63525	0.432
63575	0.432
63625	0.472
63675	0.524
63725	0.528
63775	0.556
63825	0.572
63875	0.584
63925	0.572
63975	0.568
64025	0.564
64075	0.560
64125	0.556
64175	0.584
64225	0.584
64275	0.580
64325	0.568
64375	0.552
64425	0.496
64475	0.480
64525	0.444
64575	0.428
64625	0.416
64675	0.440
64725	0.452
64775	0.460
64825	0.448
64875	0.460
64925	0.460
64975	0.472
65025	0.468
65075	0.504
65125	0.524
65175	0.524
65225	0.524
65275	0.520
65325	0.504
65375	0.480
65425	0.480
65475	0.476
65525	0.488
65575	0.484
65625	0.492
65675	0.508
65725	0.532
65775	0.528
65825	0.548
65875	0.548
65925	0.544
65975	0.516
66025	0.520
66075	0.504
66125	0.500
66175	0.492
66225	0.488
66275	0.496
66325	0.496
66375	0.484
66425	0.500
66475	0.492
66525	0.460
66575	0.464
66625	0.480
66675	0.448
66725	0.448
66775	0.444
66825	0.436
66875	0.444
66925	0.436
66975	0.444
67025	0.456
67075	0.460
67125	0.476
67175	0.484
67225	0.492
67275	0.512
67325	0.520
67375	0.484
67425	0.492
67475	0.500
67525	0.504
67575	0.496
67625	0.528
67675	0.516
67725	0.472
67775	0.484
67825	0.476
67875	0.468
67925	0.500
67975	0.536
68025	0.520
68075	0.552
68125	0.540
68175	0.540
68225	0.552
68275	0.548
68325	0.532
68375	0.532
68425	0.504
68475	0.512
68525	0.496
68575	0.492
68625	0.504
68675	0.512
68725	0.456
68775	0.444
68825	0.444
68875	0.420
68925	0.432
68975	0.476
69025	0.504
69075	0.520
69125	0.516
69175	0.504
69225	0.472
69275	0.460
69325	0.456
69375	0.472
69425	0.464
69475	0.484
69525	0.524
69575	0.532
69625	0.512
69675	0.492
69725	0.492
69775	0.468
69825	0.440
69875	0.428
69925	0.460
69975	0.448
70025	0.444
70075	0.436
70125	0.444
70175	0.444
70225	0.436
70275	0.400
70325	0.364
70375	0.396
70425	0.400
70475	0.432
70525	0.480
70575	0.556
70625	0.584
70675	0.596
70725	0.616
70775	0.632
70825	0.636
70875	0.620
70925	0.628
70975	0.604
71025	0.608
71075	0.588
71125	0.596
71175	0.596
71225	0.624
71275	0.624
71325	0.640
71375	0.652
71425	0.656
71475	0.652
71525	0.636
71575	0.592
71625	0.572
71675	0.564
71725	0.564
71775	0.548
71825	0.580
71875	0.548
71925	0.524
71975	0.484
72025	0.492
72075	0.492
72125	0.528
72175	0.540
72225	0.548
72275	0.560
72325	0.548
72375	0.508
72425	0.496
72475	0.520
72525	0.480
72575	0.480
72625	0.480
72675	0.480
72725	0.432
72775	0.440
72825	0.412
72875	0.428
72925	0.436
72975	0.456
73025	0.476
73075	0.496
73125	0.460
73175	0.432
73225	0.420
73275	0.420
73325	0.396
73375	0.432
73425	0.440
73475	0.448
73525	0.444
73575	0.460
73625	0.460
73675	0.508
73725	0.532
73775	0.532
73825	0.576
73875	0.588
73925	0.552
73975	0.524
74025	0.516
74075	0.476
74125	0.460
74175	0.476
74225	0.492
74275	0.488
74325	0.492
74375	0.492
74425	0.500
74475	0.484
74525	0.512
74575	0.552
74625	0.564
74675	0.556
74725	0.564
74775	0.560
74825	0.532
74875	0.520
74925	0.504
74975	0.520
75025	0.520
75075	0.520
75125	0.520
75175	0.520
75225	0.496
75275	0.484
75325	0.476
75375	0.504
75425	0.520
75475	0.556
75525	0.580
75575	0.580
75625	0.548
75675	0.552
75725	0.524
75775	0.492
75825	0.524
75875	0.536
75925	0.520
75975	0.532
76025	0.544
76075	0.512
76125	0.532
76175	0.540
76225	0.544
76275	0.524
76325	0.536
76375	0.528
76425	0.504
76475	0.516
76525	0.528
76575	0.548
76625	0.556
76675	0.568
76725	0.540
76775	0.520
76825	0.516
76875	0.488
76925	0.496
76975	0.492
77025	0.492
77075	0.460
77125	0.472
77175	0.476
77225	0.484
77275	0.520
77325	0.540
77375	0.548
77425	0.560
77475	0.548
77525	0.548
77575	0.536
77625	0.512
77675	0.472
77725	0.504
77775	0.480
77825	0.492
77875	0.532
77925	0.556
77975	0.556
78025	0.584
78075	0.600
78125	0.600
78175	0.600
78225	0.580
78275	0.544
78325	0.484
78375	0.420
78425	0.372
78475	0.344
78525	0.348
78575	0.332
78625	0.336
78675	0.396
78725	0.460
78775	0.488
78825	0.540
78875	0.600
78925	0.620
78975	0.620
79025	0.652
79075	0.668
79125	0.648
79175	0.644
79225	0.632
79275	0.608
79325	0.612
79375	0.628
79425	0.624
79475	0.616
79525	0.636
79575	0.640
79625	0.636
79675	0.620
79725	0.644
79775	0.624
79825	0.616
79875	0.624
79925	0.616
79975	0.576
80025	0.580
80075	0.564
80125	0.544
80175	0.556
80225	0.524
80275	0.512
80325	0.532
80375	0.504
80425	0.508
80475	0.528
80525	0.532
80575	0.480
80625	0.488
80675	0.460
80725	0.468
80775	0.472
80825	0.516
80875	0.540
80925	0.568
80975	0.568
81025	0.548
81075	0.504
81125	0.456
81175	0.420
81225	0.428
81275	0.440
81325	0.468
81375	0.512
81425	0.548
81475	0.576
81525	0.576
81575	0.604
81625	0.580
81675	0.548
81725	0.508
81775	0.508
81825	0.496
81875	0.512
81925	0.504
81975	0.528
82025	0.520
82075	0.480
82125	0.456
82175	0.476
82225	0.456
82275	0.428
82325	0.412
82375	0.400
82425	0.396
82475	0.428
82525	0.460
82575	0.504
82625	0.520
82675	0.496
82725	0.492
82775	0.500
82825	0.516
82875	0.556
82925	0.612
82975	0.608
83025	0.616
83075	0.616
83125	0.592
83175	0.588
83225	0.588
83275	0.592
83325	0.576
83375	0.616
83425	0.620
83475	0.632
83525	0.636
83575	0.644
83625	0.636
83675	0.632
83725	0.576
83775	0.560
83825	0.580
83875	0.576
83925	0.572
83975	0.616
84025	0.628
84075	0.632
84125	0.620
84175	0.588
84225	0.552
84275	0.492
84325	0.444
84375	0.424
84425	0.444
84475	0.464
84525	0.468
84575	0.420
84625	0.404
84675	0.388
84725	0.372
84775	0.360
84825	0.412
84875	0.424
84925	0.412
84975	0.392
85025	0.412
85075	0.424
85125	0.436
85175	0.432
85225	0.480
85275	0.464
85325	0.444
85375	0.412
85425	0.440
85475	0.408
85525	0.408
85575	0.416
85625	0.428
85675	0.404
85725	0.416
85775	0.440
85825	0.424
85875	0.400
85925	0.436
85975	0.440
86025	0.448
86075	0.480
86125	0.516
86175	0.496
86225	0.480
86275	0.496
86325	0.472
86375	0.456
86425	0.456
86475	0.488
86525	0.460
86575	0.468
86625	0.500
86675	0.504
86725	0.484
86775	0.468
86825	0.476
86875	0.476
86925	0.476
86975	0.500
87025	0.532
87075	0.528
87125	0.484
87175	0.436
87225	0.380
87275	0.340
87325	0.340
87375	0.368
87425	0.408
87475	0.404
87525	0.440
87575	0.460
87625	0.456
87675	0.448
87725	0.480
87775	0.488
87825	0.464
87875	0.492
87925	0.484
87975	0.504
88025	0.488
88075	0.488
88125	0.448
88175	0.460
88225	0.436
88275	0.436
88325	0.440
88375	0.448
88425	0.444
88475	0.464
88525	0.488
88575	0.484
88625	0.492
88675	0.516
88725	0.460
88775	0.440
88825	0.412
88875	0.388
88925	0.352
88975	0.384
89025	0.384
89075	0.428
89125	0.444
89175	0.440
89225	0.448
89275	0.448
89325	0.416
89375	0.412
89425	0.436
89475	0.460
89525	0.460
89575	0.464
89625	0.512
89675	0.504
89725	0.484
89775	0.488
89825	0.472
89875	0.396
89925	0.380
89975	0.396
90025	0.396
90075	0.400
90125	0.396
90175	0.424
90225	0.404
90275	0.408
90325	0.432
90375	0.452
90425	0.444
90475	0.456
90525	0.416
90575	0.420
90625	0.420
90675	0.432
90725	0.436
90775	0.440
90825	0.436
90875	0.488
90925	0.488
90975	0.496
91025	0.528
91075	0.532
91125	0.520
91175	0.512
91225	0.488
91275	0.476
91325	0.488
91375	0.480
91425	0.464
91475	0.456
91525	0.444
91575	0.428
91625	0.392
91675	0.392
91725	0.396
91775	0.408
91825	0.376
91875	0.408
91925	0.416
91975	0.428
92025	0.436
92075	0.488
92125	0.484
92175	0.504
92225	0.512
92275	0.516
92325	0.488
92375	0.492
92425	0.476
92475	0.480
92525	0.484
92575	0.480
92625	0.460
92675	0.472
92725	0.440
92775	0.412
92825	0.412
92875	0.404
92925	0.348
92975	0.368
93025	0.380
93075	0.384
93125	0.404
93175	0.440
93225	0.436
93275	0.440
93325	0.476
93375	0.464
93425	0.480
93475	0.508
93525	0.516
93575	0.488
93625	0.508
93675	0.512
93725	0.476
93775	0.452
93825	0.476
93875	0.484
93925	0.464
93975	0.472
94025	0.504
94075	0.472
94125	0.444
94175	0.460
94225	0.448
94275	0.432
94325	0.440
94375	0.468
94425	0.444
94475	0.448
94525	0.448
94575	0.456
94625	0.436
94675	0.452
94725	0.464
94775	0.460
94825	0.464
94875	0.472
94925	0.480
94975	0.468
95025	0.452
95075	0.436
95125	0.444
95175	0.448
95225	0.432
95275	0.444
95325	0.456
95375	0.436
95425	0.412
95475	0.444
95525	0.456
95575	0.428
95625	0.420
95675	0.448
95725	0.448
95775	0.436
95825	0.460
95875	0.468
95925	0.456
95975	0.444
96025	0.488
96075	0.456
96125	0.460
96175	0.452
96225	0.456
96275	0.420
96325	0.452
96375	0.464
96425	0.472
96475	0.472
96525	0.472
96575	0.484
96625	0.468
96675	0.480
96725	0.476
96775	0.472
96825	0.456
96875	0.456
96925	0.448
96975	0.440
97025	0.436
97075	0.456
97125	0.460
97175	0.472
97225	0.476
97275	0.464
97325	0.428
97375	0.444
97425	0.424
97475	0.436
97525	0.460
97575	0.456
97625	0.464
97675	0.476
97725	0.488
97775	0.484
97825	0.492
97875	0.452
97925	0.428
97975	0.404
98025	0.416
98075	0.440
98125	0.468
98175	0.488
98225	0.484
98275	0.492
98325	0.480
98375	0.480
98425	0.480
98475	0.508
98525	0.504
98575	0.492
98625	0.480
98675	0.472
98725	0.464
98775	0.448
98825	0.460
98875	0.476
98925	0.448
98975	0.428
99025	0.428
99075	0.420
99125	0.400
99175	0.452
99225	0.468
99275	0.460
99325	0.484
99375	0.492
99425	0.492
99475	0.476
99525	0.488
99575	0.492
99625	0.496
99675	0.420
99725	0.400
99775	0.376
99825	0.348
99875	0.344
99925	0.420
99975	0.428
100025	0.444
100075	0.452
100125	0.452
100175	0.424
100225	0.432
100275	0.416
100325	0.452
100375	0.480
100425	0.472
100475	0.496
100525	0.508
100575	0.480
100625	0.464
100675	0.484
100725	0.496
100775	0.468
100825	0.468
100875	0.464
100925	0.460
100975	0.436
101025	0.476
101075	0.484
101125	0.492
101175	0.512
101225	0.488
101275	0.452
101325	0.440
101375	0.452
101425	0.408
101475	0.416
101525	0.448
101575	0.448
101625	0.396
101675	0.428
101725	0.436
101775	0.428
101825	0.400
101875	0.400
101925	0.400
101975	0.412
102025	0.432
102075	0.436
102125	0.460
102175	0.460
102225	0.424
102275	0.420
102325	0.432
102375	0.436
102425	0.424
102475	0.460
102525	0.456
102575	0.468
102625	0.464
102675	0.468
102725	0.484
102775	0.480
102825	0.484
102875	0.488
102925	0.480
102975	0.464
103025	0.468
103075	0.448
103125	0.428
103175	0.456
103225	0.408
103275	0.388
103325	0.376
103375	0.380
103425	0.332
103475	0.376
103525	0.392
103575	0.440
103625	0.436
103675	0.464
103725	0.472
103775	0.488
103825	0.440
103875	0.480
103925	0.480
103975	0.444
104025	0.428
104075	0.464
104125	0.424
104175	0.408
104225	0.432
104275	0.424
104325	0.396
104375	0.440
104425	0.464
104475	0.464
104525	0.480
104575	0.488
104625	0.464
104675	0.480
104725	0.492
104775	0.488
104825	0.508
104875	0.512
104925	0.496
104975	0.500
105025	0.516
105075	0.504
105125	0.512
105175	0.528
105225	0.524
105275	0.532
105325	0.536
105375	0.536
105425	0.516
105475	0.504
105525	0.484
105575	0.480
105625	0.492
105675	0.508
105725	0.504
105775	0.528
105825	0.540
105875	0.528
105925	0.512
105975	0.528
106025	0.496
106075	0.464
106125	0.472
106175	0.520
106225	0.532
106275	0.576
106325	0.612
106375	0.608
106425	0.600
106475	0.620
106525	0.604
106575	0.640
106625	0.636
106675	0.612
106725	0.600
106775	0.584
106825	0.552
106875	0.536
106925	0.548
106975	0.516
107025	0.524
107075	0.524
107125	0.528
107175	0.508
107225	0.532
107275	0.528
107325	0.512
107375	0.504
107425	0.492
107475	0.476
107525	0.484
107575	0.540
107625	0.564
107675	0.592
107725	0.612
107775	0.600
107825	0.560
107875	0.556
107925	0.540
107975	0.540
108025	0.556
108075	0.572
108125	0.560
108175	0.560
108225	0.536
108275	0.532
108325	0.540
108375	0.568
108425	0.580
108475	0.608
108525	0.628
108575	0.584
108625	0.540
108675	0.536
108725	0.464
108775	0.384
108825	0.376
108875	0.364
108925	0.340
108975	0.428
109025	0.472
109075	0.508
109125	0.540
109175	0.576
109225	0.564
109275	0.536
109325	0.524
109375	0.516
109425	0.496
109475	0.456
109525	0.516
109575	0.520
109625	0.524
109675	0.532
109725	0.552
109775	0.536
109825	0.544
109875	0.544
109925	0.540
109975	0.532
110025	0.540
110075	0.536
110125	0.544
110175	0.544
110225	0.548
110275	0.516
110325	0.504
110375	0.500
110425	0.508
110475	0.536
110525	0.568
110575	0.556
110625	0.564
110675	0.556
110725	0.540
110775	0.524
110825	0.524
110875	0.524
110925	0.520
110975	0.508
111025	0.496
111075	0.496
111125	0.468
111175	0.408
111225	0.400
111275	0.376
111325	0.332
111375	0.336
111425	0.388
111475	0.420
111525	0.448
111575	0.520
111625	0.572
111675	0.608
111725	0.632
111775	0.672
111825	0.684
111875	0.688
111925	0.704
111975	0.664
112025	0.664
112075	0.640
112125	0.620
112175	0.604
112225	0.608
112275	0.580
112325	0.592
112375	0.596
112425	0.604
112475	0.604
112525	0.612
112575	0.628
112625	0.624
112675	0.616
112725	0.628
112775	0.648
112825	0.632
112875	0.648
112925	0.636
112975	0.644
113025	0.632
113075	0.644
113125	0.604
113175	0.544
113225	0.484
113275	0.452
113325	0.396
113375	0.368
113425	0.392
113475	0.400
113525	0.428
113575	0.376
113625	0.396
113675	0.384
113725	0.404
113775	0.352
113825	0.416
113875	0.452
113925	0.500
113975	0.468
114025	0.480
114075	0.520
114125	0.532
114175	0.528
114225	0.580
114275	0.628
114325	0.608
114375	0.600
114425	0.604
114475	0.596
114525	0.600
114575	0.616
114625	0.608
114675	0.608
114725	0.612
114775	0.628
114825	0.636
114875	0.636
114925	0.624
114975	0.612
115025	0.572
115075	0.548
115125	0.536
115175	0.540
115225	0.552
115275	0.540
115325	0.560
115375	0.552
115425	0.556
115475	0.548
115525	0.564
115575	0.536
115625	0.556
115675	0.564
115725	0.568
115775	0.552
115825	0.560
115875	0.540
115925	0.524
115975	0.496
116025	0.516
116075	0.496
116125	0.492
116175	0.468
116225	0.504
116275	0.480
116325	0.504
116375	0.532
116425	0.528
116475	0.500
116525	0.484
116575	0.480
116625	0.488
116675	0.528
116725	0.528
116775	0.552
116825	0.560
116875	0.524
116925	0.496
116975	0.496
117025	0.516
117075	0.524
117125	0.540
117175	0.532
117225	0.532
117275	0.500
117325	0.452
117375	0.420
117425	0.424
117475	0.428
117525	0.440
117575	0.452
117625	0.460
117675	0.436
117725	0.432
117775	0.416
117825	0.400
117875	0.360
117925	0.324
117975	0.292
118025	0.248
118075	0.240
118125	0.280
118175	0.348
118225	0.376
118275	0.432
118325	0.444
118375	0.476
118425	0.484
118475	0.484
118525	0.476
118575	0.500
118625	0.500
118675	0.488
118725	0.492
118775	0.496
118825	0.472
118875	0.436
118925	0.448
118975	0.456
119025	0.480
119075	0.520
119125	0.548
119175	0.548
119225	0.556
119275	0.548
119325	0.540
119375	0.536
119425	0.556
119475	0.584
119525	0.592
119575	0.584
119625	0.588
119675	0.568
119725	0.540
119775	0.544
119825	0.544
119875	0.548
119925	0.528
119975	0.540
120025	0.540
120075	0.548
120125	0.548
120175	0.588
120225	0.572
120275	0.576
120325	0.572
120375	0.556
120425	0.544
120475	0.560
120525	0.548
120575	0.532
120625	0.528
120675	0.516
120725	0.496
120775	0.496
120825	0.536
120875	0.552
120925	0.544
120975	0.548
121025	0.540
121075	0.512
121125	0.488
121175	0.488
121225	0.516
121275	0.548
121325	0.572
121375	0.604
121425	0.608
121475	0.568
121525	0.524
121575	0.492
121625	0.484
121675	0.484
121725	0.500
121775	0.520
121825	0.532
121875	0.544
121925	0.572
121975	0.572
122025	0.600
122075	0.608
122125	0.560
122175	0.488
122225	0.480
122275	0.436
122325	0.412
122375	0.448
122425	0.476
122475	0.472
122525	0.488
122575	0.516
122625	0.524
122675	0.552
122725	0.572
122775	0.576
122825	0.576
122875	0.568
122925	0.552
122975	0.540
123025	0.528
123075	0.468
123125	0.444
123175	0.432
123225	0.420
123275	0.412
123325	0.460
123375	0.472
123425	0.488
123475	0.496
123525	0.496
123575	0.480
123625	0.496
123675	0.496
123725	0.504
123775	0.500
123825	0.456
123875	0.404
123925	0.388
123975	0.372
124025	0.352
124075	0.364
124125	0.392
124175	0.412
124225	0.436
124275	0.468
124325	0.508
124375	0.536
124425	0.544
124475	0.548
124525	0.568
124575	0.600
124625	0.612
124675	0.600
124725	0.580
124775	0.568
124825	0.560
124875	0.508
124925	0.488
124975	0.496
125025	0.472
125075	0.448
125125	0.448
125175	0.464
125225	0.444
125275	0.456
125325	0.448
125375	0.492
125425	0.524
125475	0.516
125525	0.504
125575	0.528
125625	0.492
125675	0.460
125725	0.496
125775	0.504
125825	0.516
125875	0.524
125925	0.536
125975	0.512
126025	0.484
126075	0.472
126125	0.432
126175	0.416
126225	0.404
126275	0.428
126325	0.404
126375	0.456
126425	0.464
126475	0.476
126525	0.500
126575	0.504
126625	0.480
126675	0.468
126725	0.476
126775	0.428
126825	0.444
126875	0.472
126925	0.500
126975	0.492
127025	0.512
127075	0.492
127125	0.480
127175	0.476
127225	0.468
127275	0.468
127325	0.448
127375	0.440
127425	0.436
127475	0.480
127525	0.500
127575	0.544
127625	0.596
127675	0.608
127725	0.608
127775	0.600
127825	0.616
127875	0.588
127925	0.572
127975	0.536
128025	0.544
128075	0.528
128125	0.532
128175	0.548
128225	0.520
128275	0.516
128325	0.512
128375	0.508
128425	0.492
128475	0.540
128525	0.560
128575	0.536
128625	0.508
128675	0.528
128725	0.512
128775	0.472
128825	0.484
128875	0.496
128925	0.460
128975	0.468
129025	0.492
129075	0.468
129125	0.460
129175	0.452
129225	0.432
129275	0.416
129325	0.448
129375	0.448
129425	0.468
129475	0.468
129525	0.480
129575	0.444
129625	0.444
129675	0.464
129725	0.480
129775	0.472
129825	0.520
129875	0.544
129925	0.544
129975	0.548
130025	0.524
130075	0.500
130125	0.472
130175	0.460
130225	0.484
130275	0.524
130325	0.552
130375	0.596
130425	0.604
130475	0.596
130525	0.608
130575	0.596
130625	0.548
130675	0.508
130725	0.472
130775	0.424
130825	0.408
130875	0.392
130925	0.428
130975	0.404
131025	0.408
131075	0.388
131125	0.416
131175	0.396
131225	0.412
131275	0.408
131325	0.424
131375	0.428
131425	0.448
131475	0.508
131525	0.548
131575	0.544
131625	0.556
131675	0.540
131725	0.528
131775	0.520
131825	0.536
131875	0.512
131925	0.508
131975	0.500
132025	0.504
132075	0.504
132125	0.516
132175	0.544
132225	0.540
132275	0.520
132325	0.512
132375	0.500
132425	0.488
132475	0.484
132525	0.468
132575	0.456
132625	0.460
132675	0.456
132725	0.444
132775	0.456
132825	0.460
132875	0.480
132925	0.464
132975	0.440
133025	0.452
133075	0.452
133125	0.420
133175	0.404
133225	0.412
133275	0.376
133325	0.392
133375	0.412
133425	0.424
133475	0.424
133525	0.444
133575	0.424
133625	0.404
133675	0.444
133725	0.480
133775	0.496
133825	0.516
133875	0.548
133925	0.528
133975	0.512
134025	0.516
134075	0.524
134125	0.504
134175	0.492
134225	0.480
134275	0.484
134325	0.476
134375	0.476
134425	0.484
134475	0.492
134525	0.504
134575	0.516
134625	0.528
134675	0.520
134725	0.532
134775	0.512
134825	0.488
134875	0.476
134925	0.476
134975	0.476
135025	0.468
135075	0.480
135125	0.516
135175	0.536
135225	0.540
135275	0.560
135325	0.572
135375	0.532
135425	0.512
135475	0.516
135525	0.508
135575	0.504
135625	0.516
135675	0.544
135725	0.532
135775	0.520
135825	0.504
135875	0.512
135925	0.528
135975	0.516
136025	0.504
136075	0.492
136125	0.480
136175	0.440
136225	0.436
136275	0.456
136325	0.460
136375	0.472
136425	0.488
136475	0.508
136525	0.500
136575	0.508
136625	0.524
136675	0.484
136725	0.476
136775	0.484
136825	0.492
136875	0.456
136925	0.496
136975	0.508
137025	0.488
137075	0.464
137125	0.488
137175	0.496
137225	0.484
137275	0.488
137325	0.488
137375	0.468
137425	0.444
137475	0.448
137525	0.456
137575	0.456
137625	0.484
137675	0.496
137725	0.488
137775	0.488
137825	0.500
137875	0.476
137925	0.472
137975	0.476
138025	0.484
138075	0.468
138125	0.476
138175	0.460
138225	0.464
138275	0.484
138325	0.508
138375	0.476
138425	0.492
138475	0.484
138525	0.452
138575	0.448
138625	0.464
138675	0.472
138725	0.504
138775	0.508
138825	0.520
138875	0.512
138925	0.512
138975	0.480
139025	0.492
139075	0.492
139125	0.512
139175	0.484
139225	0.516
139275	0.516
139325	0.532
139375	0.540
139425	0.588
139475	0.544
139525	0.532
139575	0.512
139625	0.504
139675	0.472
139725	0.496
139775	0.508
139825	0.496
139875	0.480
139925	0.516
139975	0.524
140025	0.552
140075	0.544
140125	0.564
140175	0.548
140225	0.524
140275	0.476
140325	0.476
140375	0.448
140425	0.424
140475	0.412
140525	0.416
140575	0.428
140625	0.448
140675	0.428
140725	0.440
140775	0.440
140825	0.412
140875	0.424
140925	0.432
140975	0.444
141025	0.436
141075	0.452
141125	0.444
141175	0.456
141225	0.500
141275	0.512
141325	0.524
141375	0.516
141425	0.520
141475	0.476
141525	0.484
141575	0.464
141625	0.468
141675	0.476
141725	0.508
141775	0.504
141825	0.560
141875	0.568
141925	0.556
141975	0.512
142025	0.520
142075	0.508
142125	0.528
142175	0.548
142225	0.576
142275	0.552
142325	0.568
142375	0.556
142425	0.564
142475	0.568
142525	0.616
142575	0.604
142625	0.600
142675	0.584
142725	0.580
142775	0.588
142825	0.596
142875	0.616
142925	0.620
142975	0.608
143025	0.600
143075	0.572
143125	0.540
143175	0.564
143225	0.580
143275	0.560
143325	0.580
143375	0.576
143425	0.568
143475	0.552
143525	0.548
143575	0.536
143625	0.540
143675	0.532
143725	0.560
143775	0.552
143825	0.564
143875	0.584
143925	0.564
143975	0.520
144025	0.528
144075	0.508
144125	0.512
144175	0.528
144225	0.540
144275	0.540
144325	0.520
144375	0.496
144425	0.484
144475	0.496
144525	0.476
144575	0.520
144625	0.540
144675	0.540
144725	0.544
144775	0.560
144825	0.544
144875	0.540
144925	0.540
144975	0.524
145025	0.548
145075	0.532
145125	0.492
145175	0.468
145225	0.460
145275	0.460
145325	0.456
145375	0.468
145425	0.464
145475	0.444
145525	0.392
145575	0.392
145625	0.412
145675	0.424
145725	0.424
145775	0.416
145825	0.412
145875	0.388
145925	0.384
145975	0.396
146025	0.412
146075	0.432
146125	0.440
146175	0.496
146225	0.524
146275	0.556
146325	0.584
146375	0.628
146425	0.624
146475	0.624
146525	0.644
146575	0.636
146625	0.640
146675	0.628
146725	0.648
146775	0.648
146825	0.656
146875	0.652
146925	0.660
146975	0.664
147025	0.648
147075	0.612
147125	0.596
147175	0.600
147225	0.580
147275	0.552
147325	0.544
147375	0.528
147425	0.520
147475	0.472
147525	0.432
147575	0.408
147625	0.364
147675	0.364
147725	0.416
147775	0.460
147825	0.480
147875	0.520
147925	0.500
147975	0.480
148025	0.476
148075	0.484
148125	0.460
148175	0.460
148225	0.464
148275	0.472
148325	0.524
148375	0.552
148425	0.544
148475	0.548
148525	0.560
148575	0.508
148625	0.476
148675	0.460
148725	0.460
148775	0.444
148825	0.444
148875	0.500
148925	0.524
148975	0.512
149025	0.500
149075	0.508
149125	0.472
149175	0.460
149225	0.464
149275	0.496
149325	0.536
149375	0.560
149425	0.580
149475	0.588
149525	0.584
149575	0.576
149625	0.596
149675	0.580
149725	0.568
149775	0.600
149825	0.600
149875	0.608
149925	0.624
149975	0.652
150025	0.644
150075	0.624
150125	0.600
150175	0.596
150225	0.608
150275	0.584
150325	0.564
150375	0.528
150425	0.512
150475	0.460
150525	0.456
150575	0.460
150625	0.488
150675	0.528
150725	0.496
150775	0.480
150825	0.480
150875	0.492
150925	0.472
150975	0.536
151025	0.560
151075	0.552
151125	0.544
151175	0.548
151225	0.548
151275	0.552
151325	0.572
151375	0.564
151425	0.560
151475	0.560
151525	0.576
151575	0.600
151625	0.616
151675	0.568
151725	0.524
151775	0.464
151825	0.416
151875	0.372
151925	0.420
151975	0.408
152025	0.412
152075	0.404
152125	0.420
152175	0.380
152225	0.380
152275	0.408
152325	0.400
152375	0.388
152425	0.432
152475	0.480
152525	0.496
152575	0.512
152625	0.556
152675	0.556
152725	0.552
152775	0.548
152825	0.588
152875	0.576
152925	0.600
152975	0.628
153025	0.640
153075	0.648
153125	0.656
153175	0.636
153225	0.624
153275	0.620
153325	0.624
153375	0.652
153425	0.664
153475	0.676
153525	0.656
153575	0.620
153625	0.596
153675	0.544
153725	0.508
153775	0.504
153825	0.484
153875	0.420
153925	0.444
153975	0.428
154025	0.444
154075	0.456
154125	0.480
154175	0.452
154225	0.436
154275	0.396
154325	0.376
154375	0.368
154425	0.404
154475	0.456
154525	0.500
154575	0.552
154625	0.604
154675	0.600
154725	0.612
154775	0.592
154825	0.556
154875	0.544
154925	0.544
154975	0.528
155025	0.540
155075	0.568
155125	0.544
155175	0.524
155225	0.524
155275	0.544
155325	0.540
155375	0.552
155425	0.560
155475	0.572
155525	0.564
155575	0.604
155625	0.616
155675	0.628
155725	0.592
155775	0.568
155825	0.524
155875	0.528
155925	0.532
155975	0.536
156025	0.516
156075	0.496
156125	0.492
156175	0.480
156225	0.508
156275	0.552
156325	0.572
156375	0.556
156425	0.572
156475	0.572
156525	0.608
156575	0.612
156625	0.628
156675	0.628
156725	0.620
156775	0.580
156825	0.604
156875	0.580
156925	0.596
156975	0.600
157025	0.588
157075	0.524
157125	0.492
157175	0.448
157225	0.396
157275	0.364
157325	0.368
157375	0.388
157425	0.364
157475	0.376
157525	0.388
157575	0.416
157625	0.432
157675	0.476
157725	0.472
157775	0.464
157825	0.420
157875	0.448
157925	0.440
157975	0.428
158025	0.444
158075	0.468
158125	0.432
158175	0.436
158225	0.472
158275	0.476
158325	0.472
158375	0.480
158425	0.464
158475	0.460
158525	0.464
158575	0.488
158625	0.508
158675	0.500
158725	0.492
158775	0.484
158825	0.464
158875	0.448
158925	0.476
158975	0.484
159025	0.484
159075	0.492
159125	0.464
159175	0.420
159225	0.392
159275	0.380
159325	0.372
159375	0.376
159425	0.408
159475	0.416
159525	0.440
159575	0.452
159625	0.472
159675	0.468
159725	0.472
159775	0.464
159825	0.460
159875	0.452
159925	0.444
159975	0.464
160025	0.432
160075	0.432
160125	0.456
160175	0.452
160225	0.436
160275	0.456
160325	0.440
160375	0.420
160425	0.420
160475	0.432
160525	0.440
160575	0.452
160625	0.452
160675	0.464
160725	0.444
160775	0.424
160825	0.424
160875	0.444
160925	0.444
160975	0.448
161025	0.464
161075	0.452
161125	0.404
161175	0.412
161225	0.408
161275	0.388
161325	0.408
161375	0.436
161425	0.444
161475	0.456
161525	0.480
161575	0.512
161625	0.512
161675	0.508
161725	0.524
161775	0.540
161825	0.524
161875	0.544
161925	0.548
161975	0.560
162025	0.552
162075	0.556
162125	0.564
162175	0.556
162225	0.556
162275	0.580
162325	0.572
162375	0.548
162425	0.548
162475	0.508
162525	0.448
162575	0.432
162625	0.420
162675	0.424
162725	0.428
162775	0.468
162825	0.468
162875	0.492
162925	0.512
162975	0.552
163025	0.536
163075	0.572
163125	0.544
163175	0.504
163225	0.476
163275	0.460
163325	0.448
163375	0.440
163425	0.460
163475	0.452
163525	0.460
163575	0.440
163625	0.480
163675	0.468
163725	0.484
163775	0.488
163825	0.504
163875	0.500
163925	0.496
163975	0.476
164025	0.508
164075	0.508
164125	0.496
164175	0.508
164225	0.528
164275	0.496
164325	0.508
164375	0.508
164425	0.488
164475	0.492
164525	0.532
164575	0.500
164625	0.536
164675	0.540
164725	0.532
164775	0.500
164825	0.520
164875	0.492
164925	0.524
164975	0.560
165025	0.548
165075	0.532
165125	0.520
165175	0.504
165225	0.484
165275	0.504
165325	0.524
165375	0.516
165425	0.520
165475	0.504
165525	0.508
165575	0.500
165625	0.516
165675	0.520
165725	0.532
165775	0.508
165825	0.480
165875	0.500
165925	0.496
165975	0.492
166025	0.520
166075	0.548
166125	0.532
166175	0.536
166225	0.532
166275	0.524
166325	0.520
166375	0.508
166425	0.492
166475	0.476
166525	0.488
166575	0.492
166625	0.492
166675	0.512
166725	0.524
166775	0.524
166825	0.528
166875	0.548
166925	0.532
166975	0.532
167025	0.540
167075	0.560
167125	0.580
167175	0.584
167225	0.616
167275	0.580
167325	0.560
167375	0.540
167425	0.556
167475	0.512
167525	0.492
167575	0.484
167625	0.472
167675	0.432
167725	0.456
167775	0.504
167825	0.500
167875	0.500
167925	0.544
167975	0.568
168025	0.572
168075	0.580
168125	0.584
168175	0.552
168225	0.536
168275	0.512
168325	0.500
168375	0.492
168425	0.516
168475	0.512
168525	0.524
168575	0.540
168625	0.560
168675	0.544
168725	0.532
168775	0.516
168825	0.512
168875	0.508
168925	0.536
168975	0.532
169025	0.548
169075	0.548
169125	0.532
169175	0.512
169225	0.536
169275	0.528
169325	0.512
169375	0.512
169425	0.500
169475	0.500
169525	0.516
169575	0.528
169625	0.524
169675	0.524
169725	0.516
169775	0.496
169825	0.492
169875	0.496
169925	0.524
169975	0.484
170025	0.508
170075	0.540
170125	0.556
170175	0.544
170225	0.608
170275	0.616
170325	0.620
170375	0.656
170425	0.664
170475	0.636
170525	0.596
170575	0.548
170625	0.520
170675	0.488
170725	0.460
170775	0.448
170825	0.432
170875	0.412
170925	0.424
170975	0.444
171025	0.456
171075	0.488
171125	0.500
171175	0.512
171225	0.488
171275	0.488
171325	0.468
171375	0.460
171425	0.468
171475	0.524
171525	0.544
171575	0.540
171625	0.532
171675	0.496
171725	0.472
171775	0.512
171825	0.560
171875	0.608
171925	0.684
171975	0.684
172025	0.612
172075	0.568
172125	0.524
172175	0.460
172225	0.448
172275	0.472
172325	0.500
172375	0.484
172425	0.472
172475	0.496
172525	0.492
172575	0.492
172625	0.512
172675	0.548
172725	0.540
172775	0.524
172825	0.512
172875	0.472
172925	0.436
172975	0.440
173025	0.484
173075	0.484
173125	0.508
173175	0.540
173225	0.524
173275	0.492
173325	0.492
173375	0.504
173425	0.480
173475	0.480
173525	0.512
173575	0.512
173625	0.540
173675	0.560
173725	0.556
173775	0.540
173825	0.528
173875	0.492
173925	0.504
173975	0.508
174025	0.488
174075	0.528
174125	0.576
174175	0.572
174225	0.588
174275	0.616
174325	0.592
174375	0.588
174425	0.596
174475	0.616
174525	0.608
174575	0.632
174625	0.616
174675	0.620
174725	0.612
174775	0.616
174825	0.596
174875	0.576
174925	0.556
174975	0.528
175025	0.548
175075	0.560
175125	0.580
175175	0.584
175225	0.624
175275	0.620
175325	0.612
175375	0.604
175425	0.624
175475	0.620
175525	0.588
175575	0.608
175625	0.568
175675	0.496
175725	0.432
175775	0.452
175825	0.412
175875	0.392
175925	0.420
175975	0.444
176025	0.376
176075	0.360
176125	0.420
176175	0.420
176225	0.436
176275	0.492
176325	0.508
176375	0.480
176425	0.476
176475	0.480
176525	0.508
176575	0.504
176625	0.524
176675	0.532
176725	0.512
176775	0.472
176825	0.476
176875	0.436
176925	0.432
176975	0.440
177025	0.480
177075	0.492
177125	0.544
177175	0.580
177225	0.600
177275	0.588
177325	0.576
177375	0.540
177425	0.536
177475	0.544
177525	0.524
177575	0.556
177625	0.600
177675	0.608
177725	0.560
177775	0.548
177825	0.552
177875	0.544
177925	0.532
177975	0.584
178025	0.628
178075	0.580
178125	0.580
178175	0.592
178225	0.600
178275	0.616
178325	0.676
178375	0.672
178425	0.660
178475	0.620
178525	0.556
178575	0.516
178625	0.500
178675	0.468
178725	0.484
178775	0.532
178825	0.544
178875	0.564
178925	0.596
178975	0.576
179025	0.568
179075	0.568
179125	0.552
179175	0.556
179225	0.564
179275	0.516
179325	0.520
179375	0.528
179425	0.508
179475	0.500
179525	0.536
179575	0.500
179625	0.480
179675	0.476
179725	0.484
179775	0.492
179825	0.480
179875	0.448
179925	0.448
179975	0.432
180025	0.404
180075	0.424
180125	0.504
180175	0.524
180225	0.524
180275	0.536
180325	0.568
180375	0.540
180425	0.532
180475	0.548
180525	0.560
180575	0.556
180625	0.540
180675	0.544
180725	0.544
180775	0.528
180825	0.512
180875	0.532
180925	0.516
180975	0.516
181025	0.532
181075	0.536
181125	0.524
181175	0.528
181225	0.512
181275	0.496
181325	0.500
181375	0.500
181425	0.476
181475	0.504
181525	0.496
181575	0.472
181625	0.472
181675	0.508
181725	0.500
181775	0.508
181825	0.524
181875	0.504
181925	0.508
181975	0.500
182025	0.496
182075	0.504
182125	0.532
182175	0.520
182225	0.504
182275	0.532
182325	0.540
182375	0.524
182425	0.520
182475	0.548
182525	0.552
182575	0.544
182625	0.560
182675	0.548
182725	0.532
182775	0.508
182825	0.512
182875	0.520
182925	0.552
182975	0.552
183025	0.520
183075	0.504
183125	0.448
183175	0.400
183225	0.344
183275	0.348
183325	0.360
183375	0.388
183425	0.396
183475	0.436
183525	0.460
183575	0.456
183625	0.460
183675	0.460
183725	0.464
183775	0.464
183825	0.464
183875	0.496
183925	0.516
183975	0.528
184025	0.532
184075	0.544
184125	0.540
184175	0.540
184225	0.552
184275	0.576
184325	0.616
184375	0.616
184425	0.608
184475	0.612
184525	0.600
184575	0.556
184625	0.528
184675	0.544
184725	0.540
184775	0.512
184825	0.492
184875	0.520
184925	0.504
184975	0.504
185025	0.564
185075	0.592
185125	0.560
185175	0.548
185225	0.532
185275	0.476
185325	0.448
185375	0.464
185425	0.480
185475	0.484
185525	0.480
185575	0.488
185625	0.468
185675	0.472
185725	0.472
185775	0.448
185825	0.468
185875	0.464
185925	0.468
185975	0.496
186025	0.536
186075	0.536
186125	0.564
186175	0.596
186225	0.564
186275	0.564
186325	0.576
186375	0.564
186425	0.524
186475	0.544
186525	0.544
186575	0.500
186625	0.504
186675	0.516
186725	0.504
186775	0.500
186825	0.504
186875	0.528
186925	0.512
186975	0.520
187025	0.528
187075	0.516
187125	0.476
187175	0.492
187225	0.484
187275	0.504
187325	0.528
187375	0.564
187425	0.556
187475	0.540
187525	0.528
187575	0.556
187625	0.548
187675	0.584
187725	0.604
187775	0.596
187825	0.572
187875	0.556
187925	0.520
187975	0.508
188025	0.492
188075	0.496
188125	0.500
188175	0.464
188225	0.488
188275	0.516
188325	0.528
188375	0.536
188425	0.608
188475	0.592
188525	0.596
188575	0.564
188625	0.572
188675	0.584
188725	0.580
188775	0.556
188825	0.588
188875	0.580
188925	0.536
188975	0.556
189025	0.580
189075	0.588
189125	0.596
189175	0.604
189225	0.580
189275	0.588
189325	0.592
189375	0.596
189425	0.580
189475	0.588
189525	0.560
189575	0.528
189625	0.540
189675	0.544
189725	0.544
189775	0.572
189825	0.576
189875	0.548
189925	0.560
189975	0.540
190025	0.512
190075	0.496
190125	0.492
190175	0.508
190225	0.556
190275	0.560
190325	0.584
190375	0.596
190425	0.616
190475	0.600
190525	0.604
190575	0.596
190625	0.600
190675	0.560
190725	0.556
190775	0.536
190825	0.524
190875	0.532
190925	0.504
190975	0.496
191025	0.492
191075	0.496
191125	0.480
191175	0.508
191225	0.524
191275	0.552
191325	0.536
191375	0.528
191425	0.584
191475	0.600
191525	0.616
191575	0.628
191625	0.640
191675	0.588
191725	0.564
191775	0.540
191825	0.568
191875	0.580
191925	0.596
191975	0.604
192025	0.596
192075	0.608
192125	0.616
192175	0.608
192225	0.616
192275	0.608
192325	0.556
192375	0.496
192425	0.488
192475	0.452
192525	0.460
192575	0.452
192625	0.468
192675	0.444
192725	0.448
192775	0.436
192825	0.456
192875	0.464
192925	0.480
192975	0.480
193025	0.500
193075	0.496
193125	0.464
193175	0.456
193225	0.432
193275	0.380
193325	0.328
193375	0.364
193425	0.352
193475	0.348
193525	0.376
193575	0.400
193625	0.396
193675	0.396
193725	0.436
193775	0.452
193825	0.532
193875	0.580
193925	0.624
193975	0.648
194025	0.680
194075	0.668
194125	0.636
194175	0.616
194225	0.592
194275	0.572
194325	0.564
194375	0.560
194425	0.572
194475	0.580
194525	0.560
194575	0.548
194625	0.532
194675	0.528
194725	0.524
194775	0.508
194825	0.472
194875	0.456
194925	0.456
194975	0.440
195025	0.488
195075	0.540
195125	0.592
195175	0.604
195225	0.644
195275	0.648
195325	0.644
195375	0.636
195425	0.612
195475	0.608
195525	0.608
195575	0.600
195625	0.596
195675	0.628
195725	0.620
195775	0.616
195825	0.644
195875	0.676
195925	0.652
195975	0.656
196025	0.676
196075	0.656
196125	0.648
196175	0.692
196225	0.696
196275	0.692
196325	0.716
196375	0.696
196425	0.676
196475	0.680
196525	0.640
196575	0.596
196625	0.592
196675	0.572
196725	0.496
196775	0.488
196825	0.488
196875	0.460
196925	0.448
196975	0.464
197025	0.452
197075	0.448
197125	0.476
197175	0.456
197225	0.496
197275	0.500
197325	0.512
197375	0.492
197425	0.516
197475	0.512
197525	0.524
197575	0.500
197625	0.500
197675	0.500
197725	0.460
197775	0.456
197825	0.480
197875	0.472
197925	0.456
197975	0.488
198025	0.480
198075	0.444
198125	0.416
198175	0.396
198225	0.368
198275	0.380
198325	0.384
198375	0.364
198425	0.364
198475	0.404
198525	0.428
198575	0.456
198625	0.528
198675	0.564
198725	0.568
198775	0.568
198825	0.576
198875	0.584
198925	0.592
198975	0.564
199025	0.568
199075	0.536
199125	0.504
199175	0.508
199225	0.488
199275	0.476
199325	0.492
199375	0.500
199425	0.476
199475	0.536
199525	0.548
199575	0.568
199625	0.580
199675	0.576
199725	0.572
199775	0.548
199825	0.548
199875	0.564
199925	0.576
199975	0.552
200025	0.568
200075	0.544
200125	0.520
200175	0.520
200225	0.524
200275	0.524
200325	0.512
200375	0.504
200425	0.496
200475	0.492
200525	0.484
200575	0.516
200625	0.528
200675	0.552
200725	0.560
200775	0.560
200825	0.568
200875	0.560
200925	0.552
200975	0.560
201025	0.580
201075	0.572
201125	0.596
201175	0.616
201225	0.616
201275	0.596
201325	0.608
201375	0.612
201425	0.568
201475	0.580
201525	0.608
201575	0.604
201625	0.612
201675	0.616
201725	0.600
201775	0.564
201825	0.576
201875	0.552
201925	0.592
201975	0.572
202025	0.588
202075	0.536
202125	0.528
202175	0.500
202225	0.504
202275	0.476
202325	0.520
202375	0.556
202425	0.564
202475	0.580
202525	0.604
202575	0.552
202625	0.464
202675	0.488
202725	0.484
202775	0.488
202825	0.548
202875	0.616
202925	0.600
202975	0.600
203025	0.584
203075	0.548
203125	0.536
203175	0.552
203225	0.548
203275	0.584
203325	0.596
203375	0.628
203425	0.604
203475	0.624
203525	0.600
203575	0.620
203625	0.592
203675	0.604
203725	0.568
203775	0.568
203825	0.572
203875	0.584
203925	0.600
203975	0.592
204025	0.596
204075	0.580
204125	0.560
204175	0.556
204225	0.576
204275	0.568
204325	0.520
204375	0.508
204425	0.440
204475	0.444
204525	0.468
204575	0.492
204625	0.548
204675	0.588
204725	0.576
204775	0.516
204825	0.524
204875	0.488
204925	0.476
204975	0.488
205025	0.524
205075	0.548
205125	0.564
205175	0.592
205225	0.604
205275	0.600
205325	0.596
205375	0.592
205425	0.592
205475	0.588
205525	0.616
205575	0.628
205625	0.604
205675	0.600
205725	0.600
205775	0.596
205825	0.556
205875	0.580
205925	0.544
205975	0.532
206025	0.504
206075	0.536
206125	0.496
206175	0.520
206225	0.524
206275	0.512
206325	0.484
206375	0.504
206425	0.476
206475	0.452
206525	0.460
206575	0.440
206625	0.420
206675	0.408
206725	0.408
206775	0.396
206825	0.404
206875	0.400
206925	0.440
206975	0.456
207025	0.468
207075	0.440
207125	0.448
207175	0.448
207225	0.444
207275	0.468
207325	0.520
207375	0.572
207425	0.568
207475	0.592
207525	0.564
207575	0.572
207625	0.568
207675	0.572
207725	0.548
207775	0.576
207825	0.568
207875	0.548
207925	0.532
207975	0.544
208025	0.516
208075	0.512
208125	0.500
208175	0.516
208225	0.504
208275	0.472
208325	0.468
208375	0.456
208425	0.460
208475	0.452
208525	0.492
208575	0.484
208625	0.488
208675	0.492
208725	0.484
208775	0.484
208825	0.512
208875	0.536
208925	0.516
208975	0.512
209025	0.496
209075	0.468
209125	0.452
209175	0.460
209225	0.472
209275	0.496
209325	0.504
209375	0.508
209425	0.504
209475	0.520
209525	0.516
209575	0.516
209625	0.500
209675	0.500
209725	0.492
209775	0.492
209825	0.488
209875	0.488
209925	0.512
209975	0.516
210025	0.492
210075	0.492
210125	0.496
210175	0.444
210225	0.440
210275	0.444
210325	0.444
210375	0.428
210425	0.448
210475	0.480
210525	0.484
210575	0.476
210625	0.500
210675	0.500
210725	0.464
210775	0.468
210825	0.480
210875	0.488
210925	0.512
210975	0.532
211025	0.544
211075	0.536
211125	0.516
211175	0.500
211225	0.472
211275	0.448
211325	0.400
211375	0.396
211425	0.380
211475	0.380
211525	0.368
211575	0.368
211625	0.372
211675	0.408
211725	0.456
211775	0.508
211825	0.588
211875	0.632
211925	0.656
211975	0.612
212025	0.620
212075	0.648
212125	0.656
212175	0.644
212225	0.684
212275	0.684
212325	0.616
212375	0.572
212425	0.536
212475	0.484
212525	0.456
212575	0.492
212625	0.460
212675	0.464
212725	0.500
212775	0.504
212825	0.500
212875	0.556
212925	0.536
212975	0.504
213025	0.488
213075	0.444
213125	0.384
213175	0.372
213225	0.392
213275	0.388
213325	0.432
213375	0.496
213425	0.536
213475	0.536
213525	0.520
213575	0.516
213625	0.484
213675	0.480
213725	0.500
213775	0.556
213825	0.544
213875	0.580
213925	0.560
213975	0.524
214025	0.500
214075	0.496
214125	0.464
214175	0.472
214225	0.488
214275	0.504
214325	0.488
214375	0.488
214425	0.516
214475	0.508
214525	0.464
214575	0.484
214625	0.508
214675	0.492
214725	0.496
214775	0.532
214825	0.556
214875	0.556
214925	0.572
214975	0.596
215025	0.612
215075	0.572
215125	0.560
215175	0.536
215225	0.512
215275	0.516
215325	0.508
215375	0.496
215425	0.496
215475	0.496
215525	0.436
215575	0.464
215625	0.460
215675	0.440
215725	0.416
215775	0.440
215825	0.412
215875	0.372
215925	0.340
215975	0.356
216025	0.388
216075	0.428
216125	0.468
216175	0.516
216225	0.524
216275	0.500
216325	0.504
216375	0.524
216425	0.536
216475	0.552
216525	0.568
216575	0.564
216625	0.556
216675	0.568
216725	0.572
216775	0.568
216825	0.580
216875	0.588
216925	0.588
216975	0.600
217025	0.580
217075	0.552
217125	0.552
217175	0.544
217225	0.524
217275	0.552
217325	0.536
217375	0.540
217425	0.528
217475	0.516
217525	0.472
217575	0.468
217625	0.456
217675	0.460
217725	0.440
217775	0.468
217825	0.476
217875	0.440
217925	0.408
217975	0.448
218025	0.448
218075	0.444
218125	0.488
218175	0.516
218225	0.508
218275	0.516
218325	0.556
218375	0.572
218425	0.572
218475	0.584
218525	0.608
218575	0.588
218625	0.588
218675	0.620
218725	0.632
218775	0.604
218825	0.600
218875	0.600
218925	0.588
218975	0.572
219025	0.568
219075	0.584
219125	0.524
219175	0.512
219225	0.472
219275	0.464
219325	0.436
219375	0.456
219425	0.436
219475	0.452
219525	0.452
219575	0.460
219625	0.460
219675	0.472
219725	0.464
219775	0.460
219825	0.452
219875	0.476
219925	0.452
219975	0.480
220025	0.512
220075	0.548
220125	0.564
220175	0.616
220225	0.620
220275	0.592
220325	0.576
220375	0.568
220425	0.540
220475	0.520
220525	0.508
220575	0.460
220625	0.404
220675	0.372
220725	0.360
220775	0.332
220825	0.336
220875	0.352
220925	0.356
220975	0.344
221025	0.380
221075	0.404
221125	0.408
221175	0.436
221225	0.436
221275	0.408
221325	0.408
221375	0.392
221425	0.384
221475	0.392
221525	0.440
221575	0.456
221625	0.472
221675	0.476
221725	0.464
221775	0.456
221825	0.436
221875	0.448
221925	0.460
221975	0.488
222025	0.492
222075	0.484
222125	0.488
222175	0.484
222225	0.472
222275	0.448
222325	0.452
222375	0.440
222425	0.428
222475	0.444
222525	0.456
222575	0.420
222625	0.420
222675	0.404
222725	0.352
222775	0.332
222825	0.376
222875	0.376
222925	0.412
222975	0.472
223025	0.496
223075	0.488
223125	0.476
223175	0.464
223225	0.448
223275	0.448
223325	0.456
223375	0.460
223425	0.452
223475	0.448
223525	0.448
223575	0.440
223625	0.464
223675	0.472
223725	0.488
223775	0.476
223825	0.484
223875	0.480
223925	0.444
223975	0.412
224025	0.428
224075	0.440
224125	0.404
224175	0.424
224225	0.416
224275	0.416
224325	0.388
224375	0.412
224425	0.424
224475	0.472
224525	0.456
224575	0.460
224625	0.464
224675	0.492
224725	0.456
224775	0.444
224825	0.464
224875	0.460
224925	0.424
224975	0.444
225025	0.476
225075	0.480
225125	0.476
225175	0.484
225225	0.472
225275	0.468
225325	0.488
225375	0.464
225425	0.444
225475	0.476
225525	0.472
225575	0.452
225625	0.500
225675	0.536
225725	0.524
225775	0.536
225825	0.516
225875	0.504
225925	0.500
225975	0.484
226025	0.460
226075	0.460
226125	0.468
226175	0.456
226225	0.472
226275	0.472
226325	0.476
226375	0.472
226425	0.472
226475	0.480
226525	0.468
226575	0.444
226625	0.424
226675	0.420
226725	0.368
226775	0.376
226825	0.380
226875	0.368
226925	0.364
226975	0.396
227025	0.424
227075	0.420
227125	0.420
227175	0.392
227225	0.396
227275	0.372
227325	0.340
227375	0.348
227425	0.364
227475	0.336
227525	0.352
227575	0.408
227625	0.404
227675	0.424
227725	0.396
227775	0.360
227825	0.316
227875	0.268
227925	0.200
227975	0.184
228025	0.136
228075	0.096
228125	0.080
228175	0.056
228225	0.036
228275	0.032
228325	0.056
228375	0.076
228425	0.124
228475	0.148
228525	0.140
228575	0.128
228625	0.112
228675	0.080
228725	0.052
228775	0.048
228825	0.040
228875	0.040
228925	0.044
228975	0.068
229025	0.068
229075	0.080
229125	0.160
229175	0.156
229225	0.164
229275	0.176
229325	0.208
229375	0.172
229425	0.180
229475	0.204
229525	0.212
229575	0.192
229625	0.152
229675	0.152
229725	0.120
229775	0.116
229825	0.108
229875	0.108
229925	0.116
229975	0.140
230025	0.140
230075	0.140
230125	0.148
230175	0.168
230225	0.156
230275	0.156
230325	0.168
230375	0.164
230425	0.140
230475	0.132
230525	0.140
230575	0.128
230625	0.152
230675	0.164
230725	0.168
230775	0.172
230825	0.188
230875	0.180
230925	0.188
230975	0.188
231025	0.180
231075	0.164
231125	0.192
231175	0.180
231225	0.184
231275	0.176
