Position	Percent G+C 1 .. 33159
125	0.068
175	0.056
225	0.032
275	0.020
325	0.020
375	0.016
425	0.044
475	0.080
525	0.108
575	0.120
625	0.124
675	0.108
725	0.080
775	0.052
825	0.048
875	0.076
925	0.128
975	0.176
1025	0.196
1075	0.212
1125	0.188
1175	0.168
1225	0.184
1275	0.228
1325	0.228
1375	0.224
1425	0.196
1475	0.120
1525	0.068
1575	0.048
1625	0.044
1675	0.028
1725	0.040
1775	0.036
1825	0.052
1875	0.048
1925	0.072
1975	0.064
2025	0.060
2075	0.048
2125	0.064
2175	0.100
2225	0.180
2275	0.284
2325	0.352
2375	0.432
2425	0.472
2475	0.484
2525	0.496
2575	0.528
2625	0.524
2675	0.516
2725	0.520
2775	0.508
2825	0.468
2875	0.464
2925	0.472
2975	0.452
3025	0.436
3075	0.464
3125	0.464
3175	0.448
3225	0.456
3275	0.448
3325	0.448
3375	0.428
3425	0.428
3475	0.404
3525	0.400
3575	0.384
3625	0.376
3675	0.376
3725	0.420
3775	0.440
3825	0.440
3875	0.472
3925	0.448
3975	0.408
4025	0.392
4075	0.392
4125	0.348
4175	0.360
4225	0.360
4275	0.372
4325	0.364
4375	0.396
4425	0.416
4475	0.416
4525	0.404
4575	0.432
4625	0.440
4675	0.436
4725	0.456
4775	0.476
4825	0.468
4875	0.488
4925	0.516
4975	0.528
5025	0.512
5075	0.508
5125	0.516
5175	0.512
5225	0.476
5275	0.496
5325	0.480
5375	0.436
5425	0.420
5475	0.436
5525	0.428
5575	0.440
5625	0.464
5675	0.460
5725	0.460
5775	0.468
5825	0.476
5875	0.500
5925	0.516
5975	0.544
6025	0.548
6075	0.556
6125	0.544
6175	0.508
6225	0.480
6275	0.476
6325	0.504
6375	0.508
6425	0.540
6475	0.556
6525	0.544
6575	0.532
6625	0.500
6675	0.488
6725	0.500
6775	0.504
6825	0.496
6875	0.528
6925	0.568
6975	0.548
7025	0.552
7075	0.524
7125	0.492
7175	0.464
7225	0.484
7275	0.468
7325	0.500
7375	0.508
7425	0.508
7475	0.508
7525	0.504
7575	0.496
7625	0.500
7675	0.484
7725	0.464
7775	0.480
7825	0.476
7875	0.472
7925	0.468
7975	0.492
8025	0.496
8075	0.484
8125	0.472
8175	0.472
8225	0.448
8275	0.432
8325	0.452
8375	0.488
8425	0.500
8475	0.492
8525	0.500
8575	0.496
8625	0.464
8675	0.492
8725	0.496
8775	0.488
8825	0.488
8875	0.488
8925	0.480
8975	0.500
9025	0.496
9075	0.472
9125	0.488
9175	0.488
9225	0.460
9275	0.480
9325	0.500
9375	0.492
9425	0.448
9475	0.476
9525	0.488
9575	0.476
9625	0.488
9675	0.520
9725	0.524
9775	0.492
9825	0.520
9875	0.528
9925	0.520
9975	0.496
10025	0.540
10075	0.532
10125	0.500
10175	0.512
10225	0.528
10275	0.508
10325	0.492
10375	0.536
10425	0.528
10475	0.536
10525	0.520
10575	0.548
10625	0.520
10675	0.520
10725	0.520
10775	0.516
10825	0.452
10875	0.400
10925	0.368
10975	0.324
11025	0.316
11075	0.356
11125	0.400
11175	0.396
11225	0.384
11275	0.384
11325	0.364
11375	0.372
11425	0.408
11475	0.436
11525	0.456
11575	0.472
11625	0.488
11675	0.492
11725	0.504
11775	0.496
11825	0.500
11875	0.500
11925	0.480
11975	0.516
12025	0.516
12075	0.512
12125	0.488
12175	0.504
12225	0.460
12275	0.472
12325	0.468
12375	0.476
12425	0.464
12475	0.480
12525	0.488
12575	0.476
12625	0.488
12675	0.496
12725	0.492
12775	0.480
12825	0.512
12875	0.508
12925	0.500
12975	0.520
13025	0.512
13075	0.512
13125	0.504
13175	0.504
13225	0.492
13275	0.472
13325	0.444
13375	0.456
13425	0.456
13475	0.444
13525	0.500
13575	0.512
13625	0.496
13675	0.484
13725	0.488
13775	0.436
13825	0.432
13875	0.432
13925	0.472
13975	0.452
14025	0.452
14075	0.460
14125	0.472
14175	0.452
14225	0.460
14275	0.492
14325	0.488
14375	0.464
14425	0.460
14475	0.436
14525	0.392
14575	0.392
14625	0.404
14675	0.396
14725	0.432
14775	0.468
14825	0.468
14875	0.468
14925	0.488
14975	0.484
15025	0.460
15075	0.456
15125	0.452
15175	0.428
15225	0.428
15275	0.440
15325	0.448
15375	0.464
15425	0.476
15475	0.488
15525	0.496
15575	0.492
15625	0.464
15675	0.460
15725	0.448
15775	0.456
15825	0.464
15875	0.488
15925	0.488
15975	0.516
16025	0.488
16075	0.468
16125	0.448
16175	0.452
16225	0.392
16275	0.384
16325	0.404
16375	0.416
16425	0.392
16475	0.432
16525	0.468
16575	0.472
16625	0.452
16675	0.480
16725	0.448
16775	0.432
16825	0.428
16875	0.464
16925	0.460
16975	0.488
17025	0.480
17075	0.468
17125	0.464
17175	0.460
17225	0.436
17275	0.456
17325	0.476
17375	0.472
17425	0.456
17475	0.472
17525	0.472
17575	0.472
17625	0.452
17675	0.452
17725	0.464
17775	0.464
17825	0.456
17875	0.480
17925	0.520
17975	0.488
18025	0.496
18075	0.480
18125	0.512
18175	0.508
18225	0.536
18275	0.528
18325	0.536
18375	0.504
18425	0.488
18475	0.476
18525	0.472
18575	0.472
18625	0.460
18675	0.488
18725	0.508
18775	0.500
18825	0.500
18875	0.484
18925	0.468
18975	0.456
19025	0.464
19075	0.468
19125	0.468
19175	0.444
19225	0.464
19275	0.460
19325	0.472
19375	0.472
19425	0.476
19475	0.464
19525	0.472
19575	0.452
19625	0.472
19675	0.480
19725	0.484
19775	0.488
19825	0.488
19875	0.496
19925	0.500
19975	0.472
20025	0.448
20075	0.444
20125	0.440
20175	0.420
20225	0.440
20275	0.436
20325	0.456
20375	0.460
20425	0.504
20475	0.508
20525	0.540
20575	0.540
20625	0.548
20675	0.536
20725	0.532
20775	0.548
20825	0.560
20875	0.540
20925	0.548
20975	0.552
21025	0.524
21075	0.516
21125	0.492
21175	0.436
21225	0.392
21275	0.376
21325	0.344
21375	0.380
21425	0.400
21475	0.440
21525	0.468
21575	0.496
21625	0.492
21675	0.528
21725	0.540
21775	0.536
21825	0.556
21875	0.560
21925	0.560
21975	0.560
22025	0.564
22075	0.540
22125	0.536
22175	0.512
22225	0.508
22275	0.504
22325	0.504
22375	0.520
22425	0.516
22475	0.524
22525	0.524
22575	0.540
22625	0.528
22675	0.516
22725	0.480
22775	0.456
22825	0.420
22875	0.392
22925	0.400
22975	0.404
23025	0.416
23075	0.436
23125	0.492
23175	0.472
23225	0.508
23275	0.500
23325	0.492
23375	0.456
23425	0.480
23475	0.444
23525	0.516
23575	0.516
23625	0.508
23675	0.504
23725	0.508
23775	0.452
23825	0.452
23875	0.500
23925	0.492
23975	0.492
24025	0.484
24075	0.488
24125	0.444
24175	0.448
24225	0.468
24275	0.480
24325	0.448
24375	0.436
24425	0.416
24475	0.364
24525	0.308
24575	0.332
24625	0.336
24675	0.360
24725	0.400
24775	0.440
24825	0.428
24875	0.424
24925	0.440
24975	0.424
25025	0.372
25075	0.396
25125	0.412
25175	0.400
25225	0.420
25275	0.512
25325	0.520
25375	0.504
25425	0.524
25475	0.540
25525	0.524
25575	0.500
25625	0.508
25675	0.512
25725	0.508
25775	0.500
25825	0.500
25875	0.488
25925	0.480
25975	0.444
26025	0.428
26075	0.452
26125	0.504
26175	0.512
26225	0.552
26275	0.576
26325	0.556
26375	0.528
26425	0.516
26475	0.528
26525	0.504
26575	0.528
26625	0.556
26675	0.564
26725	0.548
26775	0.552
26825	0.520
26875	0.488
26925	0.492
26975	0.496
27025	0.524
27075	0.548
27125	0.564
27175	0.556
27225	0.544
27275	0.512
27325	0.504
27375	0.512
27425	0.504
27475	0.492
27525	0.504
27575	0.516
27625	0.456
27675	0.456
27725	0.460
27775	0.456
27825	0.432
27875	0.472
27925	0.472
27975	0.460
28025	0.452
28075	0.456
28125	0.428
28175	0.404
28225	0.360
28275	0.344
28325	0.336
28375	0.336
28425	0.352
28475	0.404
28525	0.440
28575	0.464
28625	0.480
28675	0.500
28725	0.516
28775	0.488
28825	0.488
28875	0.504
28925	0.508
28975	0.500
29025	0.524
29075	0.528
29125	0.504
29175	0.468
29225	0.480
29275	0.452
29325	0.388
29375	0.396
29425	0.392
29475	0.328
29525	0.312
29575	0.360
29625	0.356
29675	0.384
29725	0.460
29775	0.508
29825	0.520
29875	0.540
29925	0.540
29975	0.544
30025	0.556
30075	0.552
30125	0.548
30175	0.556
30225	0.544
30275	0.508
30325	0.448
30375	0.372
30425	0.284
30475	0.228
30525	0.184
30575	0.180
30625	0.188
30675	0.188
30725	0.156
30775	0.144
30825	0.148
30875	0.140
30925	0.148
30975	0.188
31025	0.216
31075	0.220
31125	0.248
31175	0.256
31225	0.232
31275	0.224
31325	0.180
31375	0.144
31425	0.128
31475	0.096
31525	0.080
31575	0.108
31625	0.140
31675	0.152
31725	0.168
31775	0.164
31825	0.168
31875	0.156
31925	0.168
31975	0.148
32025	0.136
32075	0.144
32125	0.136
32175	0.116
32225	0.156
32275	0.160
32325	0.184
32375	0.204
32425	0.224
32475	0.204
32525	0.200
32575	0.144
32625	0.136
32675	0.128
32725	0.132
32775	0.148
32825	0.164
32875	0.156
32925	0.144
32975	0.144
33025	0.156
