Position	Percent G+C 1 .. 28287
125	0.000
175	0.000
225	0.000
275	0.000
325	0.008
375	0.008
425	0.008
475	0.008
525	0.008
575	0.008
625	0.016
675	0.024
725	0.088
775	0.148
825	0.200
875	0.256
925	0.324
975	0.344
1025	0.384
1075	0.420
1125	0.480
1175	0.500
1225	0.520
1275	0.496
1325	0.480
1375	0.440
1425	0.444
1475	0.420
1525	0.448
1575	0.472
1625	0.500
1675	0.496
1725	0.512
1775	0.520
1825	0.520
1875	0.520
1925	0.532
1975	0.528
2025	0.492
2075	0.472
2125	0.444
2175	0.428
2225	0.424
2275	0.420
2325	0.424
2375	0.448
2425	0.464
2475	0.496
2525	0.532
2575	0.540
2625	0.548
2675	0.564
2725	0.552
2775	0.552
2825	0.552
2875	0.552
2925	0.512
2975	0.500
3025	0.500
3075	0.520
3125	0.500
3175	0.528
3225	0.548
3275	0.516
3325	0.508
3375	0.528
3425	0.536
3475	0.532
3525	0.588
3575	0.564
3625	0.564
3675	0.536
3725	0.520
3775	0.496
3825	0.492
3875	0.500
3925	0.500
3975	0.488
4025	0.484
4075	0.516
4125	0.500
4175	0.488
4225	0.508
4275	0.500
4325	0.484
4375	0.492
4425	0.536
4475	0.536
4525	0.528
4575	0.516
4625	0.516
4675	0.500
4725	0.480
4775	0.500
4825	0.504
4875	0.468
4925	0.432
4975	0.440
5025	0.400
5075	0.404
5125	0.428
5175	0.440
5225	0.456
5275	0.496
5325	0.508
5375	0.520
5425	0.552
5475	0.536
5525	0.536
5575	0.568
5625	0.556
5675	0.532
5725	0.536
5775	0.536
5825	0.508
5875	0.504
5925	0.504
5975	0.516
6025	0.504
6075	0.508
6125	0.496
6175	0.508
6225	0.492
6275	0.520
6325	0.516
6375	0.528
6425	0.504
6475	0.516
6525	0.496
6575	0.456
6625	0.460
6675	0.468
6725	0.460
6775	0.448
6825	0.492
6875	0.468
6925	0.492
6975	0.500
7025	0.508
7075	0.484
7125	0.496
7175	0.484
7225	0.452
7275	0.444
7325	0.468
7375	0.484
7425	0.480
7475	0.496
7525	0.512
7575	0.480
7625	0.476
7675	0.468
7725	0.480
7775	0.452
7825	0.476
7875	0.472
7925	0.488
7975	0.488
8025	0.512
8075	0.520
8125	0.512
8175	0.516
8225	0.532
8275	0.532
8325	0.520
8375	0.520
8425	0.508
8475	0.480
8525	0.488
8575	0.460
8625	0.456
8675	0.440
8725	0.460
8775	0.448
8825	0.504
8875	0.504
8925	0.520
8975	0.496
9025	0.488
9075	0.476
9125	0.480
9175	0.464
9225	0.436
9275	0.464
9325	0.456
9375	0.436
9425	0.464
9475	0.500
9525	0.464
9575	0.444
9625	0.488
9675	0.484
9725	0.500
9775	0.520
9825	0.528
9875	0.524
9925	0.500
9975	0.500
10025	0.516
10075	0.528
10125	0.512
10175	0.540
10225	0.524
10275	0.512
10325	0.512
10375	0.512
10425	0.484
10475	0.472
10525	0.464
10575	0.476
10625	0.480
10675	0.496
10725	0.492
10775	0.496
10825	0.448
10875	0.468
10925	0.472
10975	0.476
11025	0.472
11075	0.508
11125	0.504
11175	0.520
11225	0.536
11275	0.544
11325	0.532
11375	0.532
11425	0.516
11475	0.512
11525	0.512
11575	0.504
11625	0.480
11675	0.492
11725	0.472
11775	0.448
11825	0.472
11875	0.468
11925	0.424
11975	0.456
12025	0.488
12075	0.480
12125	0.492
12175	0.504
12225	0.496
12275	0.440
12325	0.432
12375	0.420
12425	0.424
12475	0.436
12525	0.468
12575	0.468
12625	0.476
12675	0.484
12725	0.484
12775	0.492
12825	0.484
12875	0.492
12925	0.496
12975	0.484
13025	0.500
13075	0.512
13125	0.520
13175	0.520
13225	0.512
13275	0.472
13325	0.448
13375	0.436
13425	0.444
13475	0.424
13525	0.448
13575	0.484
13625	0.492
13675	0.472
13725	0.492
13775	0.488
13825	0.460
13875	0.456
13925	0.444
13975	0.400
14025	0.376
14075	0.376
14125	0.344
14175	0.368
14225	0.396
14275	0.412
14325	0.464
14375	0.468
14425	0.456
14475	0.464
14525	0.476
14575	0.420
14625	0.424
14675	0.420
14725	0.436
14775	0.448
14825	0.440
14875	0.460
14925	0.444
14975	0.440
15025	0.416
15075	0.408
15125	0.368
15175	0.392
15225	0.404
15275	0.424
15325	0.460
15375	0.496
15425	0.508
15475	0.528
15525	0.524
15575	0.500
15625	0.500
15675	0.464
15725	0.452
15775	0.444
15825	0.460
15875	0.476
15925	0.504
15975	0.496
16025	0.508
16075	0.504
16125	0.496
16175	0.488
16225	0.480
16275	0.456
16325	0.476
16375	0.452
16425	0.452
16475	0.432
16525	0.444
16575	0.420
16625	0.412
16675	0.420
16725	0.444
16775	0.428
16825	0.436
16875	0.436
16925	0.452
16975	0.452
17025	0.460
17075	0.464
17125	0.468
17175	0.452
17225	0.408
17275	0.400
17325	0.412
17375	0.448
17425	0.440
17475	0.464
17525	0.492
17575	0.496
17625	0.468
17675	0.448
17725	0.456
17775	0.420
17825	0.412
17875	0.432
17925	0.460
17975	0.464
18025	0.488
18075	0.484
18125	0.476
18175	0.468
18225	0.452
18275	0.440
18325	0.408
18375	0.436
18425	0.452
18475	0.452
18525	0.460
18575	0.484
18625	0.460
18675	0.448
18725	0.488
18775	0.492
18825	0.500
18875	0.508
18925	0.536
18975	0.496
19025	0.492
19075	0.476
19125	0.452
19175	0.444
19225	0.476
19275	0.460
19325	0.468
19375	0.456
19425	0.456
19475	0.464
19525	0.488
19575	0.484
19625	0.500
19675	0.504
19725	0.464
19775	0.460
19825	0.484
19875	0.500
19925	0.472
19975	0.504
20025	0.488
20075	0.476
20125	0.448
20175	0.448
20225	0.452
20275	0.444
20325	0.444
20375	0.460
20425	0.464
20475	0.436
20525	0.436
20575	0.424
20625	0.416
20675	0.416
20725	0.400
20775	0.412
20825	0.396
20875	0.396
20925	0.404
20975	0.440
21025	0.456
21075	0.480
21125	0.480
21175	0.508
21225	0.488
21275	0.460
21325	0.452
21375	0.460
21425	0.424
21475	0.440
21525	0.468
21575	0.472
21625	0.464
21675	0.480
21725	0.504
21775	0.496
21825	0.500
21875	0.532
21925	0.528
21975	0.480
22025	0.484
22075	0.484
22125	0.448
22175	0.412
22225	0.440
22275	0.440
22325	0.412
22375	0.420
22425	0.468
22475	0.476
22525	0.504
22575	0.532
22625	0.540
22675	0.516
22725	0.492
22775	0.456
22825	0.448
22875	0.420
22925	0.416
22975	0.416
23025	0.416
23075	0.416
23125	0.404
23175	0.404
23225	0.376
23275	0.364
23325	0.364
23375	0.408
23425	0.440
23475	0.496
23525	0.496
23575	0.512
23625	0.484
23675	0.480
23725	0.468
23775	0.504
23825	0.484
23875	0.532
23925	0.492
23975	0.492
24025	0.492
24075	0.480
24125	0.416
24175	0.420
24225	0.412
24275	0.404
24325	0.452
24375	0.484
24425	0.496
24475	0.496
24525	0.512
24575	0.488
24625	0.508
24675	0.508
24725	0.500
24775	0.464
24825	0.432
24875	0.440
24925	0.452
24975	0.408
25025	0.388
25075	0.408
25125	0.400
25175	0.384
25225	0.452
25275	0.476
25325	0.504
25375	0.484
25425	0.504
25475	0.500
25525	0.532
25575	0.536
25625	0.564
25675	0.564
25725	0.556
25775	0.532
25825	0.520
25875	0.524
25925	0.504
25975	0.512
26025	0.508
26075	0.504
26125	0.472
26175	0.504
26225	0.488
26275	0.512
26325	0.500
26375	0.544
26425	0.556
26475	0.572
26525	0.572
26575	0.588
26625	0.552
26675	0.552
26725	0.548
26775	0.540
26825	0.520
26875	0.524
26925	0.516
26975	0.468
27025	0.464
27075	0.456
27125	0.440
27175	0.420
27225	0.408
27275	0.340
27325	0.264
27375	0.180
27425	0.096
27475	0.056
27525	0.020
27575	0.024
27625	0.024
27675	0.008
27725	0.004
27775	0.004
27825	0.000
27875	0.000
27925	0.000
27975	0.000
28025	0.000
28075	0.012
28125	0.016
