Position	Percent G+C 1 .. 23214
125	0.088
175	0.104
225	0.140
275	0.148
325	0.156
375	0.160
425	0.164
475	0.148
525	0.128
575	0.104
625	0.108
675	0.132
725	0.156
775	0.176
825	0.192
875	0.200
925	0.168
975	0.152
1025	0.148
1075	0.184
1125	0.180
1175	0.168
1225	0.176
1275	0.180
1325	0.140
1375	0.144
1425	0.148
1475	0.124
1525	0.128
1575	0.116
1625	0.108
1675	0.116
1725	0.132
1775	0.120
1825	0.140
1875	0.140
1925	0.144
1975	0.132
2025	0.140
2075	0.128
2125	0.120
2175	0.108
2225	0.116
2275	0.112
2325	0.112
2375	0.124
2425	0.124
2475	0.132
2525	0.148
2575	0.144
2625	0.124
2675	0.140
2725	0.156
2775	0.180
2825	0.272
2875	0.356
2925	0.416
2975	0.488
3025	0.528
3075	0.520
3125	0.516
3175	0.524
3225	0.464
3275	0.456
3325	0.456
3375	0.448
3425	0.464
3475	0.480
3525	0.484
3575	0.488
3625	0.504
3675	0.492
3725	0.492
3775	0.508
3825	0.500
3875	0.500
3925	0.504
3975	0.504
4025	0.476
4075	0.464
4125	0.472
4175	0.480
4225	0.496
4275	0.492
4325	0.488
4375	0.464
4425	0.456
4475	0.468
4525	0.468
4575	0.508
4625	0.540
4675	0.520
4725	0.500
4775	0.508
4825	0.492
4875	0.456
4925	0.464
4975	0.464
5025	0.396
5075	0.352
5125	0.268
5175	0.252
5225	0.236
5275	0.292
5325	0.308
5375	0.428
5425	0.440
5475	0.476
5525	0.468
5575	0.500
5625	0.496
5675	0.496
5725	0.468
5775	0.508
5825	0.496
5875	0.476
5925	0.472
5975	0.500
6025	0.472
6075	0.456
6125	0.464
6175	0.460
6225	0.432
6275	0.452
6325	0.472
6375	0.464
6425	0.484
6475	0.516
6525	0.528
6575	0.512
6625	0.544
6675	0.540
6725	0.520
6775	0.508
6825	0.508
6875	0.476
6925	0.468
6975	0.496
7025	0.504
7075	0.524
7125	0.532
7175	0.524
7225	0.472
7275	0.484
7325	0.500
7375	0.488
7425	0.500
7475	0.544
7525	0.524
7575	0.504
7625	0.528
7675	0.560
7725	0.552
7775	0.560
7825	0.556
7875	0.528
7925	0.504
7975	0.484
8025	0.476
8075	0.484
8125	0.496
8175	0.504
8225	0.500
8275	0.492
8325	0.452
8375	0.452
8425	0.444
8475	0.452
8525	0.468
8575	0.496
8625	0.500
8675	0.460
8725	0.448
8775	0.428
8825	0.424
8875	0.396
8925	0.416
8975	0.416
9025	0.396
9075	0.392
9125	0.436
9175	0.460
9225	0.468
9275	0.488
9325	0.512
9375	0.468
9425	0.440
9475	0.476
9525	0.472
9575	0.472
9625	0.492
9675	0.488
9725	0.448
9775	0.440
9825	0.436
9875	0.432
9925	0.420
9975	0.428
10025	0.428
10075	0.416
10125	0.392
10175	0.432
10225	0.448
10275	0.452
10325	0.464
10375	0.492
10425	0.508
10475	0.492
10525	0.524
10575	0.524
10625	0.516
10675	0.504
10725	0.496
10775	0.460
10825	0.456
10875	0.456
10925	0.448
10975	0.452
11025	0.496
11075	0.512
11125	0.540
11175	0.572
11225	0.576
11275	0.536
11325	0.484
11375	0.456
11425	0.424
11475	0.436
11525	0.456
11575	0.488
11625	0.492
11675	0.488
11725	0.480
11775	0.480
11825	0.452
11875	0.448
11925	0.456
11975	0.464
12025	0.480
12075	0.500
12125	0.512
12175	0.508
12225	0.496
12275	0.472
12325	0.484
12375	0.500
12425	0.492
12475	0.480
12525	0.488
12575	0.480
12625	0.456
12675	0.456
12725	0.488
12775	0.504
12825	0.484
12875	0.516
12925	0.548
12975	0.532
13025	0.528
13075	0.548
13125	0.532
13175	0.496
13225	0.504
13275	0.476
13325	0.480
13375	0.476
13425	0.500
13475	0.508
13525	0.536
13575	0.536
13625	0.512
13675	0.464
13725	0.444
13775	0.428
13825	0.452
13875	0.484
13925	0.508
13975	0.516
14025	0.532
14075	0.508
14125	0.508
14175	0.532
14225	0.520
14275	0.476
14325	0.476
14375	0.468
14425	0.432
14475	0.456
14525	0.472
14575	0.440
14625	0.416
14675	0.396
14725	0.368
14775	0.356
14825	0.376
14875	0.396
14925	0.432
14975	0.428
15025	0.416
15075	0.436
15125	0.428
15175	0.440
15225	0.488
15275	0.536
15325	0.524
15375	0.544
15425	0.540
15475	0.520
15525	0.500
15575	0.484
15625	0.480
15675	0.472
15725	0.488
15775	0.508
15825	0.544
15875	0.524
15925	0.540
15975	0.524
16025	0.512
16075	0.484
16125	0.512
16175	0.500
16225	0.508
16275	0.500
16325	0.492
16375	0.460
16425	0.432
16475	0.432
16525	0.428
16575	0.408
16625	0.420
16675	0.452
16725	0.412
16775	0.392
16825	0.388
16875	0.324
16925	0.256
16975	0.204
17025	0.156
17075	0.124
17125	0.104
17175	0.080
17225	0.080
17275	0.076
17325	0.060
17375	0.060
17425	0.072
17475	0.072
17525	0.080
17575	0.084
17625	0.072
17675	0.060
17725	0.052
17775	0.040
17825	0.032
17875	0.036
17925	0.032
17975	0.020
18025	0.012
18075	0.020
18125	0.020
18175	0.020
18225	0.028
18275	0.040
18325	0.032
18375	0.036
18425	0.044
18475	0.044
18525	0.040
18575	0.040
18625	0.044
18675	0.044
18725	0.072
18775	0.076
18825	0.076
18875	0.068
18925	0.072
18975	0.052
19025	0.100
19075	0.116
19125	0.124
19175	0.132
19225	0.140
19275	0.144
19325	0.200
19375	0.284
19425	0.336
19475	0.384
19525	0.356
19575	0.360
19625	0.336
19675	0.316
19725	0.300
19775	0.344
19825	0.348
19875	0.384
19925	0.432
19975	0.460
20025	0.424
20075	0.404
20125	0.372
20175	0.312
20225	0.296
20275	0.328
20325	0.364
20375	0.392
20425	0.448
20475	0.492
20525	0.480
20575	0.460
20625	0.436
20675	0.420
20725	0.392
20775	0.416
20825	0.436
20875	0.444
20925	0.452
20975	0.464
21025	0.488
21075	0.496
21125	0.500
21175	0.508
21225	0.508
21275	0.496
21325	0.472
21375	0.492
21425	0.480
21475	0.460
21525	0.432
21575	0.412
21625	0.392
21675	0.396
21725	0.436
21775	0.448
21825	0.488
21875	0.468
21925	0.456
21975	0.440
22025	0.456
22075	0.428
22125	0.456
22175	0.456
22225	0.440
22275	0.372
22325	0.316
22375	0.216
22425	0.144
22475	0.060
22525	0.028
22575	0.008
22625	0.008
22675	0.000
22725	0.004
22775	0.004
22825	0.004
22875	0.004
22925	0.004
22975	0.000
23025	0.000
23075	0.004
