Position	Percent G+C 1 .. 39788
125	0.108
175	0.104
225	0.096
275	0.120
325	0.120
375	0.104
425	0.096
475	0.092
525	0.060
575	0.056
625	0.068
675	0.080
725	0.112
775	0.124
825	0.156
875	0.184
925	0.204
975	0.220
1025	0.280
1075	0.344
1125	0.400
1175	0.464
1225	0.476
1275	0.484
1325	0.472
1375	0.448
1425	0.444
1475	0.464
1525	0.488
1575	0.508
1625	0.528
1675	0.544
1725	0.552
1775	0.532
1825	0.536
1875	0.540
1925	0.524
1975	0.520
2025	0.540
2075	0.532
2125	0.528
2175	0.536
2225	0.536
2275	0.520
2325	0.528
2375	0.496
2425	0.512
2475	0.524
2525	0.544
2575	0.560
2625	0.584
2675	0.568
2725	0.560
2775	0.528
2825	0.496
2875	0.464
2925	0.432
2975	0.416
3025	0.412
3075	0.328
3125	0.268
3175	0.204
3225	0.128
3275	0.052
3325	0.036
3375	0.040
3425	0.036
3475	0.060
3525	0.068
3575	0.080
3625	0.088
3675	0.092
3725	0.068
3775	0.068
3825	0.080
3875	0.116
3925	0.192
3975	0.264
4025	0.356
4075	0.440
4125	0.492
4175	0.492
4225	0.524
4275	0.512
4325	0.512
4375	0.524
4425	0.524
4475	0.528
4525	0.540
4575	0.492
4625	0.496
4675	0.508
4725	0.480
4775	0.488
4825	0.528
4875	0.544
4925	0.548
4975	0.564
5025	0.564
5075	0.592
5125	0.568
5175	0.556
5225	0.536
5275	0.524
5325	0.504
5375	0.504
5425	0.540
5475	0.544
5525	0.540
5575	0.552
5625	0.572
5675	0.548
5725	0.580
5775	0.604
5825	0.584
5875	0.584
5925	0.592
5975	0.572
6025	0.580
6075	0.596
6125	0.568
6175	0.572
6225	0.572
6275	0.580
6325	0.596
6375	0.620
6425	0.604
6475	0.624
6525	0.580
6575	0.572
6625	0.564
6675	0.556
6725	0.520
6775	0.512
6825	0.496
6875	0.496
6925	0.508
6975	0.516
7025	0.556
7075	0.564
7125	0.536
7175	0.508
7225	0.504
7275	0.464
7325	0.412
7375	0.404
7425	0.420
7475	0.408
7525	0.412
7575	0.432
7625	0.448
7675	0.472
7725	0.480
7775	0.512
7825	0.520
7875	0.516
7925	0.512
7975	0.528
8025	0.496
8075	0.480
8125	0.464
8175	0.444
8225	0.380
8275	0.364
8325	0.380
8375	0.412
8425	0.428
8475	0.496
8525	0.536
8575	0.568
8625	0.584
8675	0.576
8725	0.596
8775	0.600
8825	0.600
8875	0.588
8925	0.628
8975	0.620
9025	0.640
9075	0.640
9125	0.664
9175	0.648
9225	0.656
9275	0.648
9325	0.652
9375	0.652
9425	0.652
9475	0.648
9525	0.628
9575	0.596
9625	0.568
9675	0.556
9725	0.572
9775	0.568
9825	0.604
9875	0.580
9925	0.584
9975	0.572
10025	0.568
10075	0.532
10125	0.548
10175	0.536
10225	0.472
10275	0.388
10325	0.368
10375	0.368
10425	0.356
10475	0.408
10525	0.460
10575	0.460
10625	0.408
10675	0.332
10725	0.228
10775	0.160
10825	0.084
10875	0.044
10925	0.032
10975	0.024
11025	0.020
11075	0.016
11125	0.008
11175	0.012
11225	0.012
11275	0.016
11325	0.024
11375	0.024
11425	0.020
11475	0.020
11525	0.016
11575	0.008
11625	0.004
11675	0.004
11725	0.000
11775	0.004
11825	0.008
11875	0.016
11925	0.016
11975	0.024
12025	0.024
12075	0.024
12125	0.020
12175	0.028
12225	0.020
12275	0.020
12325	0.028
12375	0.048
12425	0.084
12475	0.140
12525	0.176
12575	0.220
12625	0.252
12675	0.280
12725	0.284
12775	0.284
12825	0.284
12875	0.264
12925	0.244
12975	0.248
13025	0.256
13075	0.268
13125	0.304
13175	0.316
13225	0.296
13275	0.292
13325	0.312
13375	0.328
13425	0.368
13475	0.400
13525	0.432
13575	0.436
13625	0.440
13675	0.432
13725	0.480
13775	0.480
13825	0.472
13875	0.476
13925	0.468
13975	0.440
14025	0.456
14075	0.440
14125	0.432
14175	0.412
14225	0.404
14275	0.416
14325	0.420
14375	0.440
14425	0.456
14475	0.468
14525	0.468
14575	0.484
14625	0.460
14675	0.444
14725	0.432
14775	0.416
14825	0.428
14875	0.436
14925	0.452
14975	0.464
15025	0.500
15075	0.484
15125	0.496
15175	0.524
15225	0.524
15275	0.496
15325	0.504
15375	0.484
15425	0.472
15475	0.496
15525	0.488
15575	0.480
15625	0.512
15675	0.516
15725	0.488
15775	0.504
15825	0.488
15875	0.448
15925	0.436
15975	0.440
16025	0.432
16075	0.460
16125	0.464
16175	0.464
16225	0.464
16275	0.476
16325	0.472
16375	0.480
16425	0.496
16475	0.528
16525	0.520
16575	0.516
16625	0.528
16675	0.508
16725	0.436
16775	0.444
16825	0.464
16875	0.448
16925	0.444
16975	0.448
17025	0.448
17075	0.452
17125	0.456
17175	0.460
17225	0.500
17275	0.504
17325	0.468
17375	0.468
17425	0.460
17475	0.452
17525	0.416
17575	0.416
17625	0.432
17675	0.420
17725	0.352
17775	0.368
17825	0.436
17875	0.432
17925	0.452
17975	0.508
18025	0.492
18075	0.456
18125	0.464
18175	0.476
18225	0.492
18275	0.508
18325	0.480
18375	0.480
18425	0.492
18475	0.496
18525	0.492
18575	0.500
18625	0.476
18675	0.452
18725	0.428
18775	0.436
18825	0.436
18875	0.440
18925	0.460
18975	0.484
19025	0.480
19075	0.484
19125	0.468
19175	0.468
19225	0.472
19275	0.464
19325	0.476
19375	0.504
19425	0.500
19475	0.484
19525	0.468
19575	0.456
19625	0.448
19675	0.440
19725	0.460
19775	0.488
19825	0.496
19875	0.476
19925	0.472
19975	0.448
20025	0.440
20075	0.436
20125	0.452
20175	0.464
20225	0.492
20275	0.504
20325	0.540
20375	0.556
20425	0.552
20475	0.548
20525	0.536
20575	0.504
20625	0.520
20675	0.528
20725	0.532
20775	0.556
20825	0.584
20875	0.564
20925	0.576
20975	0.568
21025	0.548
21075	0.560
21125	0.604
21175	0.608
21225	0.612
21275	0.640
21325	0.628
21375	0.580
21425	0.584
21475	0.568
21525	0.576
21575	0.572
21625	0.572
21675	0.564
21725	0.572
21775	0.580
21825	0.588
21875	0.616
21925	0.616
21975	0.636
22025	0.652
22075	0.624
22125	0.628
22175	0.616
22225	0.592
22275	0.544
22325	0.524
22375	0.528
22425	0.540
22475	0.564
22525	0.536
22575	0.532
22625	0.472
22675	0.440
22725	0.392
22775	0.360
22825	0.340
22875	0.292
22925	0.236
22975	0.168
23025	0.140
23075	0.088
23125	0.088
23175	0.060
23225	0.060
23275	0.056
23325	0.064
23375	0.044
23425	0.048
23475	0.040
23525	0.032
23575	0.036
23625	0.044
23675	0.060
23725	0.080
23775	0.112
23825	0.108
23875	0.112
23925	0.100
23975	0.108
24025	0.100
24075	0.084
24125	0.080
24175	0.080
24225	0.060
24275	0.044
24325	0.048
24375	0.052
24425	0.044
24475	0.040
24525	0.028
24575	0.040
24625	0.036
24675	0.032
24725	0.028
24775	0.040
24825	0.036
24875	0.032
24925	0.036
24975	0.040
25025	0.028
25075	0.036
25125	0.064
25175	0.116
25225	0.196
25275	0.224
25325	0.216
25375	0.188
25425	0.144
25475	0.076
25525	0.072
25575	0.092
25625	0.140
25675	0.252
25725	0.324
25775	0.388
25825	0.444
25875	0.468
25925	0.460
25975	0.464
26025	0.460
26075	0.456
26125	0.436
26175	0.376
26225	0.384
26275	0.388
26325	0.388
26375	0.400
26425	0.416
26475	0.364
26525	0.324
26575	0.252
26625	0.208
26675	0.188
26725	0.256
26775	0.284
26825	0.340
26875	0.404
26925	0.448
26975	0.420
27025	0.444
27075	0.472
27125	0.484
27175	0.492
27225	0.492
27275	0.480
27325	0.500
27375	0.528
27425	0.536
27475	0.552
27525	0.564
27575	0.552
27625	0.516
27675	0.512
27725	0.512
27775	0.528
27825	0.536
27875	0.544
27925	0.544
27975	0.524
28025	0.520
28075	0.508
28125	0.512
28175	0.492
28225	0.516
28275	0.508
28325	0.476
28375	0.424
28425	0.400
28475	0.344
28525	0.288
28575	0.320
28625	0.364
28675	0.376
28725	0.380
28775	0.400
28825	0.380
28875	0.376
28925	0.388
28975	0.432
29025	0.428
29075	0.436
29125	0.460
29175	0.448
29225	0.428
29275	0.448
29325	0.468
29375	0.404
29425	0.384
29475	0.396
29525	0.408
29575	0.380
29625	0.412
29675	0.448
29725	0.456
29775	0.452
29825	0.464
29875	0.452
29925	0.408
29975	0.408
30025	0.400
30075	0.404
30125	0.408
30175	0.452
30225	0.452
30275	0.484
30325	0.472
30375	0.444
30425	0.412
30475	0.404
30525	0.356
30575	0.368
30625	0.384
30675	0.396
30725	0.360
30775	0.344
30825	0.336
30875	0.340
30925	0.356
30975	0.404
31025	0.452
31075	0.424
31125	0.436
31175	0.476
31225	0.444
31275	0.456
31325	0.496
31375	0.500
31425	0.464
31475	0.496
31525	0.488
31575	0.484
31625	0.484
31675	0.480
31725	0.472
31775	0.480
31825	0.496
31875	0.524
31925	0.532
31975	0.520
32025	0.508
32075	0.488
32125	0.460
32175	0.472
32225	0.488
32275	0.492
32325	0.480
32375	0.492
32425	0.476
32475	0.472
32525	0.460
32575	0.472
32625	0.456
32675	0.424
32725	0.380
32775	0.420
32825	0.372
32875	0.344
32925	0.384
32975	0.448
33025	0.392
33075	0.424
33125	0.440
33175	0.444
33225	0.412
33275	0.448
33325	0.476
33375	0.484
33425	0.456
33475	0.484
33525	0.468
33575	0.456
33625	0.488
33675	0.504
33725	0.488
33775	0.500
33825	0.500
33875	0.464
33925	0.440
33975	0.452
34025	0.440
34075	0.436
34125	0.428
34175	0.464
34225	0.456
34275	0.468
34325	0.480
34375	0.516
34425	0.496
34475	0.452
34525	0.416
34575	0.416
34625	0.420
34675	0.432
34725	0.464
34775	0.484
34825	0.492
34875	0.472
34925	0.452
34975	0.424
35025	0.444
35075	0.464
35125	0.472
35175	0.496
35225	0.536
35275	0.528
35325	0.508
35375	0.528
35425	0.544
35475	0.556
35525	0.552
35575	0.548
35625	0.556
35675	0.516
35725	0.496
35775	0.524
35825	0.540
35875	0.516
35925	0.536
35975	0.560
36025	0.500
36075	0.432
36125	0.412
36175	0.416
36225	0.368
36275	0.380
36325	0.440
36375	0.448
36425	0.448
36475	0.460
36525	0.504
36575	0.504
36625	0.504
36675	0.508
36725	0.532
36775	0.508
36825	0.496
36875	0.516
36925	0.496
36975	0.488
37025	0.500
37075	0.528
37125	0.500
37175	0.520
37225	0.524
37275	0.524
37325	0.500
37375	0.520
37425	0.512
37475	0.492
37525	0.408
37575	0.332
37625	0.248
37675	0.164
37725	0.084
37775	0.060
37825	0.052
37875	0.040
37925	0.032
37975	0.036
38025	0.032
38075	0.012
38125	0.012
38175	0.008
38225	0.012
38275	0.016
38325	0.024
38375	0.032
38425	0.032
38475	0.024
38525	0.020
38575	0.016
38625	0.012
38675	0.012
38725	0.016
38775	0.020
38825	0.016
38875	0.008
38925	0.012
38975	0.012
39025	0.008
39075	0.012
39125	0.020
39175	0.036
39225	0.048
39275	0.068
39325	0.092
39375	0.100
39425	0.092
39475	0.100
39525	0.100
39575	0.080
39625	0.072
