Position	Percent G+C 1 .. 306882
125	0.052
175	0.052
225	0.056
275	0.056
325	0.056
375	0.048
425	0.068
475	0.068
525	0.068
575	0.060
625	0.080
675	0.072
725	0.084
775	0.084
825	0.088
875	0.076
925	0.072
975	0.068
1025	0.068
1075	0.076
1125	0.088
1175	0.084
1225	0.072
1275	0.072
1325	0.108
1375	0.140
1425	0.236
1475	0.348
1525	0.428
1575	0.464
1625	0.508
1675	0.496
1725	0.460
1775	0.436
1825	0.416
1875	0.436
1925	0.420
1975	0.420
2025	0.452
2075	0.472
2125	0.472
2175	0.464
2225	0.476
2275	0.460
2325	0.428
2375	0.392
2425	0.424
2475	0.400
2525	0.392
2575	0.412
2625	0.392
2675	0.352
2725	0.356
2775	0.384
2825	0.400
2875	0.432
2925	0.416
2975	0.440
3025	0.448
3075	0.448
3125	0.436
3175	0.448
3225	0.436
3275	0.400
3325	0.424
3375	0.432
3425	0.460
3475	0.472
3525	0.472
3575	0.424
3625	0.420
3675	0.412
3725	0.408
3775	0.400
3825	0.424
3875	0.396
3925	0.396
3975	0.396
4025	0.400
4075	0.404
4125	0.432
4175	0.444
4225	0.460
4275	0.484
4325	0.464
4375	0.472
4425	0.464
4475	0.476
4525	0.472
4575	0.512
4625	0.512
4675	0.544
4725	0.508
4775	0.520
4825	0.520
4875	0.548
4925	0.520
4975	0.532
5025	0.476
5075	0.448
5125	0.412
5175	0.340
5225	0.268
5275	0.240
5325	0.180
5375	0.132
5425	0.196
5475	0.228
5525	0.292
5575	0.364
5625	0.424
5675	0.440
5725	0.468
5775	0.480
5825	0.468
5875	0.460
5925	0.444
5975	0.448
6025	0.444
6075	0.460
6125	0.456
6175	0.480
6225	0.508
6275	0.484
6325	0.476
6375	0.476
6425	0.436
6475	0.396
6525	0.404
6575	0.396
6625	0.404
6675	0.452
6725	0.456
6775	0.468
6825	0.480
6875	0.476
6925	0.460
6975	0.464
7025	0.452
7075	0.432
7125	0.412
7175	0.416
7225	0.400
7275	0.408
7325	0.432
7375	0.448
7425	0.432
7475	0.452
7525	0.444
7575	0.412
7625	0.384
7675	0.404
7725	0.416
7775	0.424
7825	0.448
7875	0.484
7925	0.452
7975	0.464
8025	0.440
8075	0.412
8125	0.416
8175	0.424
8225	0.412
8275	0.440
8325	0.448
8375	0.424
8425	0.428
8475	0.404
8525	0.392
8575	0.412
8625	0.440
8675	0.444
8725	0.472
8775	0.492
8825	0.528
8875	0.548
8925	0.560
8975	0.564
9025	0.548
9075	0.500
9125	0.452
9175	0.440
9225	0.400
9275	0.380
9325	0.384
9375	0.432
9425	0.416
9475	0.456
9525	0.480
9575	0.476
9625	0.456
9675	0.468
9725	0.452
9775	0.456
9825	0.456
9875	0.432
9925	0.448
9975	0.436
10025	0.396
10075	0.372
10125	0.340
10175	0.296
10225	0.312
10275	0.356
10325	0.404
10375	0.436
10425	0.476
10475	0.440
10525	0.432
10575	0.412
10625	0.408
10675	0.388
10725	0.400
10775	0.392
10825	0.400
10875	0.416
10925	0.440
10975	0.464
11025	0.472
11075	0.440
11125	0.440
11175	0.432
11225	0.452
11275	0.464
11325	0.496
11375	0.496
11425	0.496
11475	0.516
11525	0.532
11575	0.540
11625	0.552
11675	0.572
11725	0.540
11775	0.520
11825	0.536
11875	0.556
11925	0.540
11975	0.540
12025	0.532
12075	0.500
12125	0.496
12175	0.532
12225	0.548
12275	0.544
12325	0.528
12375	0.512
12425	0.504
12475	0.468
12525	0.504
12575	0.556
12625	0.564
12675	0.572
12725	0.592
12775	0.544
12825	0.508
12875	0.532
12925	0.516
12975	0.520
13025	0.564
13075	0.596
13125	0.564
13175	0.540
13225	0.536
13275	0.540
13325	0.532
13375	0.540
13425	0.568
13475	0.568
13525	0.544
13575	0.508
13625	0.492
13675	0.480
13725	0.464
13775	0.472
13825	0.476
13875	0.488
13925	0.496
13975	0.516
14025	0.520
14075	0.516
14125	0.472
14175	0.432
14225	0.396
14275	0.384
14325	0.416
14375	0.444
14425	0.484
14475	0.500
14525	0.512
14575	0.512
14625	0.544
14675	0.528
14725	0.556
14775	0.548
14825	0.556
14875	0.552
14925	0.568
14975	0.576
15025	0.612
15075	0.612
15125	0.612
15175	0.624
15225	0.608
15275	0.572
15325	0.560
15375	0.552
15425	0.560
15475	0.564
15525	0.584
15575	0.608
15625	0.608
15675	0.592
15725	0.616
15775	0.628
15825	0.636
15875	0.644
15925	0.672
15975	0.656
16025	0.644
16075	0.628
16125	0.632
16175	0.568
16225	0.564
16275	0.584
16325	0.580
16375	0.580
16425	0.616
16475	0.596
16525	0.604
16575	0.608
16625	0.580
16675	0.564
16725	0.588
16775	0.560
16825	0.532
16875	0.508
16925	0.520
16975	0.524
17025	0.524
17075	0.560
17125	0.600
17175	0.588
17225	0.568
17275	0.588
17325	0.548
17375	0.524
17425	0.512
17475	0.472
17525	0.424
17575	0.444
17625	0.464
17675	0.484
17725	0.536
17775	0.536
17825	0.496
17875	0.500
17925	0.488
17975	0.476
18025	0.492
18075	0.500
18125	0.480
18175	0.452
18225	0.440
18275	0.408
18325	0.396
18375	0.392
18425	0.380
18475	0.352
18525	0.364
18575	0.356
18625	0.380
18675	0.416
18725	0.440
18775	0.432
18825	0.452
18875	0.408
18925	0.420
18975	0.420
19025	0.452
19075	0.452
19125	0.468
19175	0.448
19225	0.472
19275	0.484
19325	0.512
19375	0.532
19425	0.548
19475	0.556
19525	0.540
19575	0.544
19625	0.548
19675	0.552
19725	0.552
19775	0.556
19825	0.580
19875	0.596
19925	0.608
19975	0.604
20025	0.608
20075	0.592
20125	0.596
20175	0.588
20225	0.580
20275	0.552
20325	0.544
20375	0.528
20425	0.524
20475	0.524
20525	0.540
20575	0.552
20625	0.524
20675	0.532
20725	0.548
20775	0.548
20825	0.544
20875	0.564
20925	0.556
20975	0.520
21025	0.536
21075	0.496
21125	0.480
21175	0.464
21225	0.464
21275	0.436
21325	0.472
21375	0.468
21425	0.476
21475	0.504
21525	0.520
21575	0.492
21625	0.504
21675	0.532
21725	0.516
21775	0.492
21825	0.516
21875	0.536
21925	0.476
21975	0.464
22025	0.484
22075	0.472
22125	0.488
22175	0.524
22225	0.540
22275	0.556
22325	0.548
22375	0.516
22425	0.516
22475	0.504
22525	0.480
22575	0.500
22625	0.464
22675	0.444
22725	0.428
22775	0.428
22825	0.384
22875	0.424
22925	0.412
22975	0.444
23025	0.456
23075	0.520
23125	0.552
23175	0.600
23225	0.576
23275	0.576
23325	0.584
23375	0.556
23425	0.536
23475	0.580
23525	0.580
23575	0.540
23625	0.552
23675	0.564
23725	0.544
23775	0.544
23825	0.560
23875	0.564
23925	0.576
23975	0.576
24025	0.596
24075	0.596
24125	0.572
24175	0.564
24225	0.536
24275	0.504
24325	0.484
24375	0.460
24425	0.424
24475	0.416
24525	0.428
24575	0.432
24625	0.444
24675	0.456
24725	0.496
24775	0.504
24825	0.504
24875	0.500
24925	0.520
24975	0.508
25025	0.500
25075	0.520
25125	0.528
25175	0.516
25225	0.544
25275	0.528
25325	0.496
25375	0.516
25425	0.528
25475	0.480
25525	0.476
25575	0.512
25625	0.508
25675	0.508
25725	0.520
25775	0.536
25825	0.516
25875	0.504
25925	0.476
25975	0.484
26025	0.488
26075	0.484
26125	0.500
26175	0.496
26225	0.500
26275	0.496
26325	0.512
26375	0.508
26425	0.544
26475	0.520
26525	0.492
26575	0.476
26625	0.416
26675	0.368
26725	0.400
26775	0.436
26825	0.392
26875	0.432
26925	0.436
26975	0.380
27025	0.344
27075	0.384
27125	0.352
27175	0.368
27225	0.404
27275	0.404
27325	0.380
27375	0.412
27425	0.412
27475	0.412
27525	0.432
27575	0.428
27625	0.428
27675	0.424
27725	0.396
27775	0.376
27825	0.396
27875	0.372
27925	0.360
27975	0.384
28025	0.396
28075	0.388
28125	0.384
28175	0.384
28225	0.360
28275	0.328
28325	0.316
28375	0.348
28425	0.340
28475	0.368
28525	0.376
28575	0.408
28625	0.356
28675	0.372
28725	0.408
28775	0.440
28825	0.440
28875	0.484
28925	0.500
28975	0.444
29025	0.472
29075	0.464
29125	0.476
29175	0.468
29225	0.484
29275	0.444
29325	0.432
29375	0.444
29425	0.444
29475	0.448
29525	0.456
29575	0.472
29625	0.480
29675	0.504
29725	0.524
29775	0.536
29825	0.560
29875	0.532
29925	0.516
29975	0.488
30025	0.476
30075	0.448
30125	0.476
30175	0.476
30225	0.492
30275	0.488
30325	0.516
30375	0.492
30425	0.508
30475	0.512
30525	0.508
30575	0.492
30625	0.492
30675	0.488
30725	0.496
30775	0.504
30825	0.528
30875	0.544
30925	0.548
30975	0.536
31025	0.556
31075	0.508
31125	0.520
31175	0.492
31225	0.476
31275	0.468
31325	0.516
31375	0.492
31425	0.504
31475	0.496
31525	0.488
31575	0.456
31625	0.472
31675	0.452
31725	0.476
31775	0.460
31825	0.452
31875	0.416
31925	0.444
31975	0.404
32025	0.424
32075	0.404
32125	0.388
32175	0.352
32225	0.368
32275	0.372
32325	0.416
32375	0.472
32425	0.480
32475	0.488
32525	0.500
32575	0.472
32625	0.432
32675	0.440
32725	0.424
32775	0.392
32825	0.400
32875	0.412
32925	0.440
32975	0.448
33025	0.468
33075	0.468
33125	0.456
33175	0.404
33225	0.408
33275	0.408
33325	0.412
33375	0.420
33425	0.456
33475	0.464
33525	0.408
33575	0.396
33625	0.348
33675	0.260
33725	0.176
33775	0.140
33825	0.060
33875	0.048
33925	0.064
33975	0.128
34025	0.232
34075	0.304
34125	0.336
34175	0.324
34225	0.260
34275	0.156
34325	0.104
34375	0.068
34425	0.072
34475	0.076
34525	0.076
34575	0.072
34625	0.072
34675	0.072
34725	0.080
34775	0.072
34825	0.060
34875	0.052
34925	0.044
34975	0.052
35025	0.060
35075	0.068
35125	0.064
35175	0.072
35225	0.060
35275	0.060
35325	0.060
35375	0.076
35425	0.084
35475	0.088
35525	0.104
35575	0.112
35625	0.112
35675	0.120
35725	0.120
35775	0.116
35825	0.176
35875	0.212
35925	0.216
35975	0.216
36025	0.236
36075	0.188
36125	0.180
36175	0.168
36225	0.172
36275	0.136
36325	0.128
36375	0.088
36425	0.072
36475	0.064
36525	0.064
36575	0.060
36625	0.064
36675	0.072
36725	0.092
36775	0.100
36825	0.096
36875	0.112
36925	0.112
36975	0.096
37025	0.084
37075	0.072
37125	0.064
37175	0.068
37225	0.072
37275	0.084
37325	0.112
37375	0.168
37425	0.228
37475	0.308
37525	0.376
37575	0.424
37625	0.404
37675	0.396
37725	0.380
37775	0.376
37825	0.384
37875	0.424
37925	0.436
37975	0.428
38025	0.432
38075	0.420
38125	0.404
38175	0.400
38225	0.384
38275	0.376
38325	0.384
38375	0.376
38425	0.416
38475	0.448
38525	0.452
38575	0.468
38625	0.472
38675	0.436
38725	0.416
38775	0.416
38825	0.400
38875	0.408
38925	0.420
38975	0.424
39025	0.396
39075	0.352
39125	0.328
39175	0.304
39225	0.296
39275	0.324
39325	0.348
39375	0.364
39425	0.360
39475	0.380
39525	0.368
39575	0.396
39625	0.412
39675	0.408
39725	0.388
39775	0.372
39825	0.368
39875	0.360
39925	0.356
39975	0.356
40025	0.416
40075	0.400
40125	0.424
40175	0.476
40225	0.512
40275	0.504
40325	0.524
40375	0.488
40425	0.448
40475	0.396
40525	0.372
40575	0.356
40625	0.356
40675	0.336
40725	0.376
40775	0.368
40825	0.376
40875	0.428
40925	0.424
40975	0.416
41025	0.432
41075	0.448
41125	0.396
41175	0.460
41225	0.480
41275	0.484
41325	0.488
41375	0.524
41425	0.496
41475	0.484
41525	0.464
41575	0.480
41625	0.484
41675	0.512
41725	0.524
41775	0.524
41825	0.516
41875	0.484
41925	0.452
41975	0.428
42025	0.476
42075	0.460
42125	0.496
42175	0.484
42225	0.504
42275	0.484
42325	0.484
42375	0.452
42425	0.460
42475	0.472
42525	0.440
42575	0.428
42625	0.432
42675	0.460
42725	0.460
42775	0.472
42825	0.476
42875	0.476
42925	0.464
42975	0.436
43025	0.440
43075	0.416
43125	0.400
43175	0.372
43225	0.356
43275	0.356
43325	0.364
43375	0.364
43425	0.360
43475	0.392
43525	0.364
43575	0.388
43625	0.428
43675	0.468
43725	0.480
43775	0.504
43825	0.512
43875	0.524
43925	0.532
43975	0.516
44025	0.552
44075	0.552
44125	0.524
44175	0.516
44225	0.536
44275	0.532
44325	0.536
44375	0.540
44425	0.548
44475	0.556
44525	0.548
44575	0.548
44625	0.524
44675	0.528
44725	0.500
44775	0.516
44825	0.516
44875	0.536
44925	0.528
44975	0.544
45025	0.516
45075	0.516
45125	0.536
45175	0.524
45225	0.500
45275	0.488
45325	0.464
45375	0.416
45425	0.408
45475	0.400
45525	0.412
45575	0.416
45625	0.428
45675	0.436
45725	0.428
45775	0.404
45825	0.408
45875	0.432
45925	0.424
45975	0.448
46025	0.464
46075	0.476
46125	0.452
46175	0.488
46225	0.496
46275	0.484
46325	0.496
46375	0.508
46425	0.468
46475	0.456
46525	0.464
46575	0.416
46625	0.384
46675	0.408
46725	0.428
46775	0.420
46825	0.460
46875	0.528
46925	0.532
46975	0.460
47025	0.472
47075	0.476
47125	0.420
47175	0.404
47225	0.432
47275	0.424
47325	0.428
47375	0.492
47425	0.508
47475	0.552
47525	0.564
47575	0.560
47625	0.528
47675	0.508
47725	0.492
47775	0.508
47825	0.472
47875	0.464
47925	0.496
47975	0.488
48025	0.464
48075	0.508
48125	0.496
48175	0.472
48225	0.484
48275	0.492
48325	0.468
48375	0.492
48425	0.488
48475	0.476
48525	0.504
48575	0.488
48625	0.484
48675	0.492
48725	0.480
48775	0.480
48825	0.480
48875	0.464
48925	0.440
48975	0.448
49025	0.420
49075	0.428
49125	0.400
49175	0.420
49225	0.420
49275	0.400
49325	0.404
49375	0.456
49425	0.460
49475	0.492
49525	0.532
49575	0.528
49625	0.488
49675	0.468
49725	0.460
49775	0.452
49825	0.456
49875	0.484
49925	0.504
49975	0.500
50025	0.516
50075	0.548
50125	0.548
50175	0.548
50225	0.568
50275	0.548
50325	0.512
50375	0.520
50425	0.532
50475	0.468
50525	0.468
50575	0.476
50625	0.460
50675	0.428
50725	0.464
50775	0.476
50825	0.484
50875	0.500
50925	0.524
50975	0.532
51025	0.516
51075	0.524
51125	0.524
51175	0.508
51225	0.464
51275	0.464
51325	0.432
51375	0.376
51425	0.372
51475	0.412
51525	0.400
51575	0.400
51625	0.444
51675	0.444
51725	0.456
51775	0.468
51825	0.504
51875	0.516
51925	0.504
51975	0.480
52025	0.492
52075	0.448
52125	0.432
52175	0.464
52225	0.468
52275	0.444
52325	0.480
52375	0.500
52425	0.512
52475	0.504
52525	0.540
52575	0.540
52625	0.540
52675	0.500
52725	0.516
52775	0.492
52825	0.484
52875	0.464
52925	0.492
52975	0.504
53025	0.516
53075	0.544
53125	0.552
53175	0.552
53225	0.524
53275	0.540
53325	0.512
53375	0.508
53425	0.512
53475	0.544
53525	0.516
53575	0.492
53625	0.500
53675	0.480
53725	0.452
53775	0.464
53825	0.500
53875	0.472
53925	0.472
53975	0.484
54025	0.512
54075	0.504
54125	0.508
54175	0.516
54225	0.512
54275	0.468
54325	0.444
54375	0.428
54425	0.444
54475	0.460
54525	0.500
54575	0.524
54625	0.584
54675	0.572
54725	0.532
54775	0.512
54825	0.504
54875	0.488
54925	0.476
54975	0.488
55025	0.468
55075	0.476
55125	0.480
55175	0.496
55225	0.532
55275	0.552
55325	0.552
55375	0.540
55425	0.516
55475	0.468
55525	0.468
55575	0.480
55625	0.452
55675	0.464
55725	0.492
55775	0.460
55825	0.436
55875	0.488
55925	0.500
55975	0.516
56025	0.568
56075	0.604
56125	0.596
56175	0.588
56225	0.572
56275	0.556
56325	0.544
56375	0.528
56425	0.516
56475	0.524
56525	0.516
56575	0.496
56625	0.488
56675	0.512
56725	0.460
56775	0.440
56825	0.456
56875	0.488
56925	0.488
56975	0.540
57025	0.564
57075	0.564
57125	0.508
57175	0.500
57225	0.492
57275	0.488
57325	0.476
57375	0.492
57425	0.476
57475	0.472
57525	0.484
57575	0.480
57625	0.492
57675	0.508
57725	0.508
57775	0.500
57825	0.512
57875	0.528
57925	0.540
57975	0.548
58025	0.560
58075	0.564
58125	0.540
58175	0.528
58225	0.520
58275	0.516
58325	0.500
58375	0.504
58425	0.512
58475	0.548
58525	0.524
58575	0.512
58625	0.504
58675	0.468
58725	0.452
58775	0.460
58825	0.476
58875	0.492
58925	0.544
58975	0.520
59025	0.548
59075	0.548
59125	0.556
59175	0.544
59225	0.532
59275	0.512
59325	0.516
59375	0.496
59425	0.480
59475	0.472
59525	0.460
59575	0.440
59625	0.424
59675	0.420
59725	0.440
59775	0.436
59825	0.436
59875	0.456
59925	0.456
59975	0.484
60025	0.504
60075	0.508
60125	0.488
60175	0.508
60225	0.488
60275	0.492
60325	0.504
60375	0.516
60425	0.504
60475	0.524
60525	0.536
60575	0.532
60625	0.536
60675	0.532
60725	0.512
60775	0.464
60825	0.480
60875	0.504
60925	0.488
60975	0.480
61025	0.472
61075	0.440
61125	0.404
61175	0.416
61225	0.404
61275	0.408
61325	0.412
61375	0.412
61425	0.408
61475	0.396
61525	0.412
61575	0.408
61625	0.400
61675	0.408
61725	0.420
61775	0.388
61825	0.396
61875	0.440
61925	0.428
61975	0.456
62025	0.488
62075	0.480
62125	0.456
62175	0.508
62225	0.520
62275	0.544
62325	0.568
62375	0.600
62425	0.564
62475	0.548
62525	0.548
62575	0.568
62625	0.580
62675	0.588
62725	0.612
62775	0.624
62825	0.596
62875	0.576
62925	0.580
62975	0.552
63025	0.536
63075	0.576
63125	0.564
63175	0.568
63225	0.604
63275	0.620
63325	0.604
63375	0.628
63425	0.644
63475	0.632
63525	0.612
63575	0.600
63625	0.580
63675	0.568
63725	0.552
63775	0.504
63825	0.492
63875	0.464
63925	0.440
63975	0.400
64025	0.408
64075	0.368
64125	0.368
64175	0.356
64225	0.388
64275	0.432
64325	0.472
64375	0.524
64425	0.572
64475	0.588
64525	0.608
64575	0.620
64625	0.604
64675	0.600
64725	0.608
64775	0.600
64825	0.616
64875	0.620
64925	0.620
64975	0.620
65025	0.612
65075	0.620
65125	0.600
65175	0.572
65225	0.564
65275	0.580
65325	0.552
65375	0.584
65425	0.584
65475	0.560
65525	0.516
65575	0.484
65625	0.436
65675	0.440
65725	0.444
65775	0.492
65825	0.496
65875	0.524
65925	0.484
65975	0.480
66025	0.436
66075	0.464
66125	0.460
66175	0.504
66225	0.540
66275	0.500
66325	0.484
66375	0.496
66425	0.500
66475	0.480
66525	0.556
66575	0.596
66625	0.616
66675	0.640
66725	0.664
66775	0.664
66825	0.660
66875	0.632
66925	0.628
66975	0.616
67025	0.628
67075	0.608
67125	0.632
67175	0.628
67225	0.636
67275	0.612
67325	0.648
67375	0.644
67425	0.660
67475	0.616
67525	0.600
67575	0.600
67625	0.592
67675	0.548
67725	0.564
67775	0.560
67825	0.532
67875	0.512
67925	0.524
67975	0.516
68025	0.532
68075	0.528
68125	0.512
68175	0.484
68225	0.468
68275	0.440
68325	0.424
68375	0.424
68425	0.452
68475	0.492
68525	0.508
68575	0.528
68625	0.584
68675	0.596
68725	0.600
68775	0.604
68825	0.600
68875	0.560
68925	0.528
68975	0.488
69025	0.444
69075	0.440
69125	0.416
69175	0.408
69225	0.412
69275	0.456
69325	0.444
69375	0.448
69425	0.424
69475	0.440
69525	0.420
69575	0.420
69625	0.424
69675	0.460
69725	0.460
69775	0.480
69825	0.504
69875	0.524
69925	0.504
69975	0.492
70025	0.496
70075	0.492
70125	0.496
70175	0.548
70225	0.576
70275	0.568
70325	0.564
70375	0.548
70425	0.520
70475	0.516
70525	0.532
70575	0.492
70625	0.468
70675	0.444
70725	0.424
70775	0.396
70825	0.444
70875	0.480
70925	0.512
70975	0.524
71025	0.540
71075	0.544
71125	0.516
71175	0.508
71225	0.488
71275	0.496
71325	0.464
71375	0.476
71425	0.504
71475	0.536
71525	0.516
71575	0.512
71625	0.512
71675	0.488
71725	0.452
71775	0.448
71825	0.436
71875	0.448
71925	0.456
71975	0.500
72025	0.496
72075	0.500
72125	0.492
72175	0.508
72225	0.496
72275	0.528
72325	0.540
72375	0.544
72425	0.492
72475	0.456
72525	0.436
72575	0.456
72625	0.452
72675	0.460
72725	0.476
72775	0.472
72825	0.496
72875	0.508
72925	0.536
72975	0.556
73025	0.568
73075	0.560
73125	0.560
73175	0.556
73225	0.552
73275	0.556
73325	0.560
73375	0.560
73425	0.552
73475	0.556
73525	0.568
73575	0.560
73625	0.544
73675	0.548
73725	0.516
73775	0.488
73825	0.432
73875	0.408
73925	0.364
73975	0.360
74025	0.348
74075	0.352
74125	0.340
74175	0.408
74225	0.452
74275	0.488
74325	0.540
74375	0.612
74425	0.604
74475	0.600
74525	0.600
74575	0.576
74625	0.560
74675	0.548
74725	0.552
74775	0.528
74825	0.540
74875	0.548
74925	0.560
74975	0.544
75025	0.568
75075	0.568
75125	0.548
75175	0.540
75225	0.540
75275	0.544
75325	0.536
75375	0.548
75425	0.560
75475	0.568
75525	0.564
75575	0.596
75625	0.612
75675	0.608
75725	0.600
75775	0.576
75825	0.540
75875	0.508
75925	0.520
75975	0.528
76025	0.544
76075	0.548
76125	0.564
76175	0.540
76225	0.560
76275	0.576
76325	0.580
76375	0.564
76425	0.580
76475	0.552
76525	0.544
76575	0.556
76625	0.568
76675	0.556
76725	0.544
76775	0.540
76825	0.552
76875	0.560
76925	0.540
76975	0.580
77025	0.576
77075	0.520
77125	0.500
77175	0.504
77225	0.468
77275	0.484
77325	0.504
77375	0.508
77425	0.524
77475	0.540
77525	0.524
77575	0.536
77625	0.536
77675	0.540
77725	0.548
77775	0.540
77825	0.560
77875	0.580
77925	0.584
77975	0.572
78025	0.576
78075	0.556
78125	0.536
78175	0.516
78225	0.520
78275	0.540
78325	0.528
78375	0.544
78425	0.568
78475	0.552
78525	0.536
78575	0.540
78625	0.516
78675	0.464
78725	0.444
78775	0.428
78825	0.436
78875	0.440
78925	0.472
78975	0.504
79025	0.528
79075	0.556
79125	0.524
79175	0.500
79225	0.468
79275	0.432
79325	0.356
79375	0.372
79425	0.368
79475	0.424
79525	0.468
79575	0.540
79625	0.588
79675	0.636
79725	0.620
79775	0.608
79825	0.580
79875	0.580
79925	0.600
79975	0.600
80025	0.624
80075	0.664
80125	0.672
80175	0.640
80225	0.652
80275	0.612
80325	0.572
80375	0.536
80425	0.548
80475	0.536
80525	0.536
80575	0.564
80625	0.556
80675	0.516
80725	0.484
80775	0.476
80825	0.452
80875	0.476
80925	0.520
80975	0.528
81025	0.544
81075	0.560
81125	0.524
81175	0.480
81225	0.500
81275	0.484
81325	0.448
81375	0.500
81425	0.512
81475	0.488
81525	0.516
81575	0.536
81625	0.492
81675	0.500
81725	0.488
81775	0.464
81825	0.432
81875	0.456
81925	0.480
81975	0.508
82025	0.508
82075	0.536
82125	0.556
82175	0.556
82225	0.596
82275	0.616
82325	0.640
82375	0.640
82425	0.636
82475	0.612
82525	0.624
82575	0.624
82625	0.608
82675	0.600
82725	0.604
82775	0.620
82825	0.632
82875	0.624
82925	0.632
82975	0.632
83025	0.608
83075	0.584
83125	0.596
83175	0.596
83225	0.592
83275	0.596
83325	0.584
83375	0.576
83425	0.588
83475	0.592
83525	0.588
83575	0.632
83625	0.652
83675	0.644
83725	0.656
83775	0.664
83825	0.584
83875	0.528
83925	0.472
83975	0.392
84025	0.324
84075	0.328
84125	0.332
84175	0.332
84225	0.368
84275	0.380
84325	0.416
84375	0.452
84425	0.468
84475	0.500
84525	0.548
84575	0.548
84625	0.552
84675	0.580
84725	0.564
84775	0.556
84825	0.552
84875	0.524
84925	0.504
84975	0.504
85025	0.516
85075	0.528
85125	0.556
85175	0.584
85225	0.580
85275	0.580
85325	0.576
85375	0.564
85425	0.560
85475	0.576
85525	0.568
85575	0.592
85625	0.616
85675	0.624
85725	0.632
85775	0.644
85825	0.580
85875	0.540
85925	0.520
85975	0.500
86025	0.504
86075	0.560
86125	0.600
86175	0.628
86225	0.612
86275	0.568
86325	0.512
86375	0.460
86425	0.436
86475	0.456
86525	0.492
86575	0.520
86625	0.552
86675	0.552
86725	0.508
86775	0.472
86825	0.468
86875	0.448
86925	0.428
86975	0.436
87025	0.436
87075	0.472
87125	0.504
87175	0.532
87225	0.580
87275	0.604
87325	0.596
87375	0.600
87425	0.588
87475	0.556
87525	0.592
87575	0.608
87625	0.576
87675	0.584
87725	0.592
87775	0.548
87825	0.512
87875	0.528
87925	0.512
87975	0.500
88025	0.520
88075	0.512
88125	0.464
88175	0.452
88225	0.464
88275	0.476
88325	0.456
88375	0.500
88425	0.508
88475	0.504
88525	0.460
88575	0.500
88625	0.500
88675	0.504
88725	0.512
88775	0.516
88825	0.504
88875	0.476
88925	0.476
88975	0.440
89025	0.444
89075	0.436
89125	0.468
89175	0.468
89225	0.492
89275	0.480
89325	0.492
89375	0.468
89425	0.432
89475	0.440
89525	0.452
89575	0.416
89625	0.420
89675	0.448
89725	0.432
89775	0.416
89825	0.440
89875	0.468
89925	0.500
89975	0.512
90025	0.532
90075	0.540
90125	0.540
90175	0.528
90225	0.544
90275	0.552
90325	0.576
90375	0.536
90425	0.512
90475	0.504
90525	0.496
90575	0.488
90625	0.516
90675	0.552
90725	0.532
90775	0.532
90825	0.516
90875	0.492
90925	0.480
90975	0.512
91025	0.524
91075	0.528
91125	0.556
91175	0.552
91225	0.516
91275	0.496
91325	0.492
91375	0.508
91425	0.492
91475	0.548
91525	0.552
91575	0.572
91625	0.576
91675	0.584
91725	0.572
91775	0.596
91825	0.592
91875	0.572
91925	0.564
91975	0.552
92025	0.528
92075	0.480
92125	0.468
92175	0.460
92225	0.452
92275	0.424
92325	0.444
92375	0.412
92425	0.408
92475	0.416
92525	0.464
92575	0.476
92625	0.512
92675	0.572
92725	0.568
92775	0.564
92825	0.572
92875	0.548
92925	0.516
92975	0.540
93025	0.548
93075	0.560
93125	0.584
93175	0.536
93225	0.496
93275	0.452
93325	0.404
93375	0.400
93425	0.436
93475	0.464
93525	0.448
93575	0.448
93625	0.432
93675	0.456
93725	0.444
93775	0.480
93825	0.532
93875	0.564
93925	0.528
93975	0.504
94025	0.524
94075	0.500
94125	0.472
94175	0.484
94225	0.512
94275	0.484
94325	0.456
94375	0.468
94425	0.480
94475	0.464
94525	0.460
94575	0.476
94625	0.480
94675	0.484
94725	0.512
94775	0.568
94825	0.604
94875	0.644
94925	0.660
94975	0.632
95025	0.612
95075	0.608
95125	0.572
95175	0.552
95225	0.560
95275	0.520
95325	0.480
95375	0.448
95425	0.408
95475	0.376
95525	0.392
95575	0.420
95625	0.424
95675	0.448
95725	0.452
95775	0.464
95825	0.440
95875	0.440
95925	0.452
95975	0.472
96025	0.476
96075	0.512
96125	0.544
96175	0.552
96225	0.576
96275	0.580
96325	0.580
96375	0.568
96425	0.572
96475	0.552
96525	0.544
96575	0.564
96625	0.576
96675	0.580
96725	0.600
96775	0.600
96825	0.572
96875	0.548
96925	0.536
96975	0.520
97025	0.540
97075	0.544
97125	0.556
97175	0.548
97225	0.496
97275	0.476
97325	0.460
97375	0.472
97425	0.496
97475	0.560
97525	0.572
97575	0.544
97625	0.528
97675	0.500
97725	0.488
97775	0.468
97825	0.484
97875	0.472
97925	0.460
97975	0.456
98025	0.444
98075	0.460
98125	0.484
98175	0.496
98225	0.492
98275	0.492
98325	0.520
98375	0.500
98425	0.476
98475	0.440
98525	0.452
98575	0.416
98625	0.432
98675	0.464
98725	0.492
98775	0.484
98825	0.488
98875	0.500
98925	0.484
98975	0.500
99025	0.520
99075	0.508
99125	0.484
99175	0.472
99225	0.456
99275	0.436
99325	0.460
99375	0.480
99425	0.480
99475	0.480
99525	0.476
99575	0.456
99625	0.396
99675	0.408
99725	0.424
99775	0.428
99825	0.404
99875	0.428
99925	0.428
99975	0.408
100025	0.392
100075	0.424
100125	0.448
100175	0.428
100225	0.444
100275	0.476
100325	0.484
100375	0.468
100425	0.516
100475	0.504
100525	0.480
100575	0.444
100625	0.444
100675	0.396
100725	0.412
100775	0.412
100825	0.420
100875	0.420
100925	0.452
100975	0.472
101025	0.472
101075	0.492
101125	0.516
101175	0.504
101225	0.472
101275	0.480
101325	0.464
101375	0.440
101425	0.436
101475	0.416
101525	0.400
101575	0.396
101625	0.424
101675	0.412
101725	0.400
101775	0.396
101825	0.404
101875	0.380
101925	0.372
101975	0.372
102025	0.412
102075	0.436
102125	0.472
102175	0.512
102225	0.572
102275	0.560
102325	0.560
102375	0.548
102425	0.556
102475	0.516
102525	0.524
102575	0.520
102625	0.524
102675	0.500
102725	0.508
102775	0.504
102825	0.504
102875	0.512
102925	0.528
102975	0.564
103025	0.588
103075	0.584
103125	0.564
103175	0.576
103225	0.560
103275	0.528
103325	0.536
103375	0.544
103425	0.512
103475	0.500
103525	0.512
103575	0.500
103625	0.496
103675	0.508
103725	0.504
103775	0.512
103825	0.536
103875	0.516
103925	0.532
103975	0.548
104025	0.536
104075	0.508
104125	0.532
104175	0.524
104225	0.516
104275	0.532
104325	0.536
104375	0.544
104425	0.532
104475	0.552
104525	0.544
104575	0.556
104625	0.544
104675	0.560
104725	0.540
104775	0.508
104825	0.504
104875	0.504
104925	0.508
104975	0.532
105025	0.568
105075	0.552
105125	0.568
105175	0.568
105225	0.564
105275	0.576
105325	0.588
105375	0.580
105425	0.576
105475	0.572
105525	0.544
105575	0.568
105625	0.540
105675	0.560
105725	0.548
105775	0.576
105825	0.544
105875	0.544
105925	0.476
105975	0.472
106025	0.440
106075	0.472
106125	0.504
106175	0.548
106225	0.568
106275	0.580
106325	0.556
106375	0.560
106425	0.548
106475	0.504
106525	0.464
106575	0.460
106625	0.448
106675	0.476
106725	0.512
106775	0.548
106825	0.540
106875	0.492
106925	0.488
106975	0.428
107025	0.404
107075	0.420
107125	0.408
107175	0.352
107225	0.408
107275	0.428
107325	0.416
107375	0.452
107425	0.488
107475	0.488
107525	0.468
107575	0.452
107625	0.436
107675	0.404
107725	0.360
107775	0.344
107825	0.360
107875	0.376
107925	0.436
107975	0.484
108025	0.544
108075	0.576
108125	0.588
108175	0.576
108225	0.584
108275	0.572
108325	0.552
108375	0.564
108425	0.564
108475	0.588
108525	0.620
108575	0.640
108625	0.636
108675	0.632
108725	0.612
108775	0.564
108825	0.556
108875	0.560
108925	0.564
108975	0.556
109025	0.588
109075	0.568
109125	0.576
109175	0.556
109225	0.536
109275	0.524
109325	0.512
109375	0.492
109425	0.500
109475	0.528
109525	0.536
109575	0.560
109625	0.556
109675	0.548
109725	0.536
109775	0.496
109825	0.480
109875	0.488
109925	0.524
109975	0.528
110025	0.564
110075	0.556
110125	0.544
110175	0.524
110225	0.524
110275	0.516
110325	0.512
110375	0.520
110425	0.496
110475	0.484
110525	0.512
110575	0.528
110625	0.560
110675	0.604
110725	0.624
110775	0.624
110825	0.620
110875	0.600
110925	0.564
110975	0.560
111025	0.532
111075	0.532
111125	0.536
111175	0.540
111225	0.516
111275	0.504
111325	0.520
111375	0.512
111425	0.520
111475	0.528
111525	0.532
111575	0.532
111625	0.548
111675	0.524
111725	0.548
111775	0.536
111825	0.532
111875	0.504
111925	0.484
111975	0.456
112025	0.472
112075	0.460
112125	0.492
112175	0.524
112225	0.504
112275	0.516
112325	0.512
112375	0.496
112425	0.520
112475	0.536
112525	0.528
112575	0.556
112625	0.556
112675	0.548
112725	0.544
112775	0.544
112825	0.508
112875	0.480
112925	0.468
112975	0.488
113025	0.496
113075	0.492
113125	0.524
113175	0.544
113225	0.540
113275	0.520
113325	0.576
113375	0.564
113425	0.572
113475	0.580
113525	0.596
113575	0.580
113625	0.572
113675	0.560
113725	0.516
113775	0.484
113825	0.452
113875	0.432
113925	0.412
113975	0.424
114025	0.424
114075	0.452
114125	0.456
114175	0.456
114225	0.468
114275	0.496
114325	0.468
114375	0.452
114425	0.460
114475	0.464
114525	0.440
114575	0.480
114625	0.536
114675	0.568
114725	0.576
114775	0.616
114825	0.624
114875	0.636
114925	0.648
114975	0.656
115025	0.644
115075	0.616
115125	0.616
115175	0.620
115225	0.628
115275	0.640
115325	0.620
115375	0.620
115425	0.604
115475	0.588
115525	0.564
115575	0.592
115625	0.548
115675	0.524
115725	0.484
115775	0.436
115825	0.432
115875	0.460
115925	0.488
115975	0.524
116025	0.568
116075	0.552
116125	0.516
116175	0.472
116225	0.448
116275	0.436
116325	0.432
116375	0.448
116425	0.468
116475	0.512
116525	0.564
116575	0.572
116625	0.580
116675	0.588
116725	0.584
116775	0.572
116825	0.608
116875	0.636
116925	0.640
116975	0.632
117025	0.608
117075	0.584
117125	0.588
117175	0.596
117225	0.624
117275	0.624
117325	0.608
117375	0.596
117425	0.564
117475	0.536
117525	0.572
117575	0.604
117625	0.600
117675	0.584
117725	0.600
117775	0.608
117825	0.600
117875	0.600
117925	0.612
117975	0.532
118025	0.476
118075	0.448
118125	0.420
118175	0.416
118225	0.420
118275	0.424
118325	0.420
118375	0.380
118425	0.412
118475	0.448
118525	0.420
118575	0.424
118625	0.484
118675	0.476
118725	0.480
118775	0.512
118825	0.524
118875	0.520
118925	0.508
118975	0.496
119025	0.500
119075	0.484
119125	0.480
119175	0.460
119225	0.520
119275	0.520
119325	0.516
119375	0.476
119425	0.480
119475	0.420
119525	0.392
119575	0.372
119625	0.416
119675	0.412
119725	0.440
119775	0.464
119825	0.496
119875	0.480
119925	0.488
119975	0.484
120025	0.480
120075	0.472
120125	0.500
120175	0.528
120225	0.520
120275	0.504
120325	0.548
120375	0.548
120425	0.528
120475	0.540
120525	0.548
120575	0.516
120625	0.492
120675	0.488
120725	0.464
120775	0.476
120825	0.500
120875	0.520
120925	0.532
120975	0.580
121025	0.600
121075	0.568
121125	0.536
121175	0.508
121225	0.472
121275	0.460
121325	0.464
121375	0.488
121425	0.508
121475	0.480
121525	0.476
121575	0.476
121625	0.464
121675	0.480
121725	0.552
121775	0.556
121825	0.604
121875	0.616
121925	0.604
121975	0.576
122025	0.580
122075	0.524
122125	0.520
122175	0.512
122225	0.512
122275	0.500
122325	0.552
122375	0.572
122425	0.608
122475	0.596
122525	0.600
122575	0.552
122625	0.540
122675	0.532
122725	0.548
122775	0.552
122825	0.588
122875	0.556
122925	0.532
122975	0.524
123025	0.528
123075	0.520
123125	0.552
123175	0.568
123225	0.584
123275	0.584
123325	0.576
123375	0.576
123425	0.564
123475	0.556
123525	0.568
123575	0.572
123625	0.572
123675	0.592
123725	0.596
123775	0.576
123825	0.592
123875	0.596
123925	0.568
123975	0.556
124025	0.564
124075	0.536
124125	0.520
124175	0.536
124225	0.560
124275	0.564
124325	0.556
124375	0.568
124425	0.576
124475	0.572
124525	0.568
124575	0.592
124625	0.588
124675	0.580
124725	0.580
124775	0.596
124825	0.600
124875	0.612
124925	0.604
124975	0.596
125025	0.592
125075	0.596
125125	0.584
125175	0.596
125225	0.584
125275	0.584
125325	0.576
125375	0.576
125425	0.548
125475	0.548
125525	0.544
125575	0.528
125625	0.528
125675	0.568
125725	0.552
125775	0.552
125825	0.564
125875	0.560
125925	0.544
125975	0.548
126025	0.548
126075	0.532
126125	0.520
126175	0.532
126225	0.536
126275	0.512
126325	0.536
126375	0.568
126425	0.560
126475	0.592
126525	0.592
126575	0.568
126625	0.572
126675	0.556
126725	0.504
126775	0.524
126825	0.544
126875	0.524
126925	0.532
126975	0.572
127025	0.568
127075	0.560
127125	0.572
127175	0.568
127225	0.556
127275	0.560
127325	0.556
127375	0.544
127425	0.544
127475	0.552
127525	0.552
127575	0.552
127625	0.544
127675	0.540
127725	0.536
127775	0.520
127825	0.472
127875	0.476
127925	0.492
127975	0.476
128025	0.484
128075	0.528
128125	0.552
128175	0.548
128225	0.568
128275	0.580
128325	0.596
128375	0.580
128425	0.588
128475	0.584
128525	0.580
128575	0.568
128625	0.560
128675	0.544
128725	0.548
128775	0.532
128825	0.540
128875	0.544
128925	0.560
128975	0.580
129025	0.608
129075	0.600
129125	0.616
129175	0.632
129225	0.616
129275	0.608
129325	0.612
129375	0.600
129425	0.516
129475	0.480
129525	0.436
129575	0.412
129625	0.372
129675	0.400
129725	0.392
129775	0.400
129825	0.400
129875	0.404
129925	0.440
129975	0.472
130025	0.488
130075	0.480
130125	0.504
130175	0.480
130225	0.456
130275	0.448
130325	0.444
130375	0.432
130425	0.424
130475	0.424
130525	0.376
130575	0.372
130625	0.364
130675	0.372
130725	0.352
130775	0.388
130825	0.388
130875	0.388
130925	0.388
130975	0.408
131025	0.408
131075	0.428
131125	0.440
131175	0.412
131225	0.428
131275	0.440
131325	0.456
131375	0.472
131425	0.512
131475	0.516
131525	0.524
131575	0.528
131625	0.524
131675	0.536
131725	0.552
131775	0.544
131825	0.540
131875	0.552
131925	0.560
131975	0.544
132025	0.556
132075	0.560
132125	0.580
132175	0.592
132225	0.592
132275	0.592
132325	0.572
132375	0.532
132425	0.504
132475	0.512
132525	0.508
132575	0.532
132625	0.548
132675	0.576
132725	0.604
132775	0.608
132825	0.600
132875	0.620
132925	0.600
132975	0.576
133025	0.596
133075	0.608
133125	0.580
133175	0.572
133225	0.564
133275	0.548
133325	0.544
133375	0.552
133425	0.564
133475	0.588
133525	0.584
133575	0.576
133625	0.580
133675	0.568
133725	0.544
133775	0.552
133825	0.576
133875	0.568
133925	0.560
133975	0.552
134025	0.532
134075	0.508
134125	0.516
134175	0.544
134225	0.524
134275	0.540
134325	0.552
134375	0.536
134425	0.516
134475	0.548
134525	0.528
134575	0.524
134625	0.556
134675	0.588
134725	0.604
134775	0.640
134825	0.660
134875	0.644
134925	0.600
134975	0.564
135025	0.544
135075	0.496
135125	0.480
135175	0.500
135225	0.552
135275	0.556
135325	0.600
135375	0.636
135425	0.636
135475	0.592
135525	0.624
135575	0.632
135625	0.600
135675	0.580
135725	0.584
135775	0.540
135825	0.516
135875	0.516
135925	0.540
135975	0.560
136025	0.608
136075	0.612
136125	0.640
136175	0.636
136225	0.636
136275	0.592
136325	0.576
136375	0.572
136425	0.564
136475	0.520
136525	0.496
136575	0.488
136625	0.464
136675	0.456
136725	0.488
136775	0.524
136825	0.532
136875	0.536
136925	0.540
136975	0.504
137025	0.480
137075	0.452
137125	0.424
137175	0.412
137225	0.416
137275	0.436
137325	0.464
137375	0.492
137425	0.488
137475	0.508
137525	0.508
137575	0.492
137625	0.488
137675	0.492
137725	0.464
137775	0.428
137825	0.400
137875	0.396
137925	0.400
137975	0.388
138025	0.400
138075	0.420
138125	0.392
138175	0.400
138225	0.456
138275	0.432
138325	0.424
138375	0.468
138425	0.432
138475	0.416
138525	0.456
138575	0.484
138625	0.472
138675	0.500
138725	0.512
138775	0.528
138825	0.516
138875	0.496
138925	0.500
138975	0.472
139025	0.444
139075	0.468
139125	0.484
139175	0.468
139225	0.464
139275	0.468
139325	0.452
139375	0.452
139425	0.460
139475	0.460
139525	0.432
139575	0.428
139625	0.412
139675	0.416
139725	0.412
139775	0.432
139825	0.424
139875	0.420
139925	0.412
139975	0.452
140025	0.452
140075	0.452
140125	0.468
140175	0.480
140225	0.444
140275	0.456
140325	0.476
140375	0.456
140425	0.440
140475	0.468
140525	0.452
140575	0.432
140625	0.440
140675	0.444
140725	0.420
140775	0.436
140825	0.428
140875	0.424
140925	0.416
140975	0.416
141025	0.416
141075	0.424
141125	0.428
141175	0.452
141225	0.480
141275	0.508
141325	0.508
141375	0.532
141425	0.516
141475	0.492
141525	0.452
141575	0.468
141625	0.456
141675	0.448
141725	0.436
141775	0.440
141825	0.416
141875	0.408
141925	0.412
141975	0.408
142025	0.420
142075	0.444
142125	0.456
142175	0.472
142225	0.484
142275	0.492
142325	0.480
142375	0.476
142425	0.480
142475	0.496
142525	0.464
142575	0.460
142625	0.460
142675	0.464
142725	0.456
142775	0.468
142825	0.488
142875	0.460
142925	0.460
142975	0.464
143025	0.464
143075	0.432
143125	0.452
143175	0.436
143225	0.440
143275	0.420
143325	0.420
143375	0.396
143425	0.384
143475	0.396
143525	0.424
143575	0.464
143625	0.488
143675	0.508
143725	0.512
143775	0.524
143825	0.504
143875	0.516
143925	0.496
143975	0.444
144025	0.420
144075	0.420
144125	0.396
144175	0.364
144225	0.368
144275	0.360
144325	0.340
144375	0.332
144425	0.400
144475	0.440
144525	0.460
144575	0.480
144625	0.528
144675	0.496
144725	0.504
144775	0.528
144825	0.588
144875	0.564
144925	0.572
144975	0.564
145025	0.572
145075	0.508
145125	0.460
145175	0.476
145225	0.444
145275	0.400
145325	0.424
145375	0.496
145425	0.496
145475	0.540
145525	0.552
145575	0.564
145625	0.528
145675	0.524
145725	0.524
145775	0.512
145825	0.504
145875	0.524
145925	0.536
145975	0.496
146025	0.540
146075	0.504
146125	0.532
146175	0.532
146225	0.556
146275	0.540
146325	0.580
146375	0.580
146425	0.580
146475	0.624
146525	0.612
146575	0.596
146625	0.576
146675	0.564
146725	0.508
146775	0.508
146825	0.544
146875	0.584
146925	0.612
146975	0.656
147025	0.692
147075	0.660
147125	0.632
147175	0.600
147225	0.608
147275	0.580
147325	0.548
147375	0.536
147425	0.552
147475	0.520
147525	0.532
147575	0.572
147625	0.556
147675	0.492
147725	0.472
147775	0.476
147825	0.468
147875	0.464
147925	0.536
147975	0.536
148025	0.504
148075	0.488
148125	0.536
148175	0.532
148225	0.564
148275	0.588
148325	0.612
148375	0.576
148425	0.560
148475	0.536
148525	0.500
148575	0.484
148625	0.496
148675	0.512
148725	0.528
148775	0.568
148825	0.584
148875	0.576
148925	0.548
148975	0.556
149025	0.552
149075	0.548
149125	0.560
149175	0.584
149225	0.560
149275	0.564
149325	0.564
149375	0.592
149425	0.580
149475	0.592
149525	0.584
149575	0.572
149625	0.556
149675	0.556
149725	0.552
149775	0.552
149825	0.564
149875	0.528
149925	0.500
149975	0.484
150025	0.472
150075	0.468
150125	0.500
150175	0.540
150225	0.540
150275	0.528
150325	0.496
150375	0.476
150425	0.468
150475	0.488
150525	0.512
150575	0.524
150625	0.540
150675	0.540
150725	0.536
150775	0.504
150825	0.508
150875	0.512
150925	0.500
150975	0.504
151025	0.532
151075	0.544
151125	0.520
151175	0.524
151225	0.524
151275	0.532
151325	0.512
151375	0.516
151425	0.540
151475	0.528
151525	0.508
151575	0.536
151625	0.540
151675	0.500
151725	0.520
151775	0.552
151825	0.540
151875	0.540
151925	0.560
151975	0.564
152025	0.544
152075	0.536
152125	0.548
152175	0.520
152225	0.484
152275	0.476
152325	0.516
152375	0.500
152425	0.536
152475	0.560
152525	0.536
152575	0.504
152625	0.488
152675	0.476
152725	0.480
152775	0.512
152825	0.536
152875	0.536
152925	0.528
152975	0.516
153025	0.528
153075	0.540
153125	0.572
153175	0.584
153225	0.576
153275	0.580
153325	0.572
153375	0.580
153425	0.564
153475	0.576
153525	0.568
153575	0.552
153625	0.520
153675	0.544
153725	0.548
153775	0.540
153825	0.536
153875	0.532
153925	0.520
153975	0.528
154025	0.532
154075	0.512
154125	0.520
154175	0.532
154225	0.492
154275	0.472
154325	0.464
154375	0.436
154425	0.428
154475	0.468
154525	0.492
154575	0.508
154625	0.540
154675	0.512
154725	0.508
154775	0.492
154825	0.480
154875	0.456
154925	0.500
154975	0.464
155025	0.460
155075	0.452
155125	0.468
155175	0.432
155225	0.456
155275	0.464
155325	0.488
155375	0.504
155425	0.544
155475	0.536
155525	0.512
155575	0.504
155625	0.528
155675	0.492
155725	0.492
155775	0.512
155825	0.544
155875	0.512
155925	0.508
155975	0.520
156025	0.520
156075	0.468
156125	0.460
156175	0.484
156225	0.456
156275	0.444
156325	0.460
156375	0.472
156425	0.460
156475	0.504
156525	0.484
156575	0.512
156625	0.500
156675	0.504
156725	0.484
156775	0.536
156825	0.508
156875	0.524
156925	0.528
156975	0.492
157025	0.480
157075	0.524
157125	0.512
157175	0.480
157225	0.484
157275	0.480
157325	0.464
157375	0.480
157425	0.520
157475	0.544
157525	0.560
157575	0.556
157625	0.524
157675	0.512
157725	0.504
157775	0.504
157825	0.472
157875	0.440
157925	0.408
157975	0.404
158025	0.392
158075	0.416
158125	0.484
158175	0.532
158225	0.556
158275	0.572
158325	0.564
158375	0.572
158425	0.568
158475	0.576
158525	0.560
158575	0.576
158625	0.560
158675	0.548
158725	0.548
158775	0.560
158825	0.536
158875	0.528
158925	0.540
158975	0.512
159025	0.496
159075	0.512
159125	0.532
159175	0.508
159225	0.548
159275	0.532
159325	0.536
159375	0.532
159425	0.560
159475	0.532
159525	0.556
159575	0.548
159625	0.512
159675	0.500
159725	0.488
159775	0.460
159825	0.464
159875	0.476
159925	0.488
159975	0.508
160025	0.528
160075	0.548
160125	0.544
160175	0.556
160225	0.536
160275	0.548
160325	0.520
160375	0.524
160425	0.508
160475	0.512
160525	0.492
160575	0.500
160625	0.500
160675	0.492
160725	0.512
160775	0.520
160825	0.520
160875	0.536
160925	0.528
160975	0.520
161025	0.536
161075	0.536
161125	0.524
161175	0.540
161225	0.540
161275	0.512
161325	0.524
161375	0.540
161425	0.528
161475	0.504
161525	0.528
161575	0.532
161625	0.516
161675	0.536
161725	0.560
161775	0.560
161825	0.556
161875	0.572
161925	0.552
161975	0.552
162025	0.556
162075	0.548
162125	0.544
162175	0.556
162225	0.572
162275	0.580
162325	0.596
162375	0.600
162425	0.596
162475	0.580
162525	0.528
162575	0.492
162625	0.432
162675	0.416
162725	0.420
162775	0.444
162825	0.472
162875	0.540
162925	0.556
162975	0.556
163025	0.588
163075	0.596
163125	0.576
163175	0.576
163225	0.592
163275	0.576
163325	0.568
163375	0.600
163425	0.596
163475	0.580
163525	0.568
163575	0.572
163625	0.548
163675	0.560
163725	0.564
163775	0.576
163825	0.564
163875	0.580
163925	0.556
163975	0.552
164025	0.552
164075	0.544
164125	0.532
164175	0.552
164225	0.564
164275	0.560
164325	0.560
164375	0.544
164425	0.548
164475	0.540
164525	0.560
164575	0.544
164625	0.560
164675	0.568
164725	0.568
164775	0.544
164825	0.584
164875	0.568
164925	0.548
164975	0.548
165025	0.572
165075	0.568
165125	0.584
165175	0.584
165225	0.572
165275	0.548
165325	0.556
165375	0.540
165425	0.568
165475	0.560
165525	0.544
165575	0.516
165625	0.540
165675	0.528
165725	0.560
165775	0.592
165825	0.628
165875	0.608
165925	0.608
165975	0.584
166025	0.556
166075	0.544
166125	0.572
166175	0.548
166225	0.532
166275	0.552
166325	0.536
166375	0.508
166425	0.512
166475	0.544
166525	0.536
166575	0.500
166625	0.512
166675	0.536
166725	0.508
166775	0.528
166825	0.556
166875	0.532
166925	0.524
166975	0.524
167025	0.492
167075	0.508
167125	0.516
167175	0.496
167225	0.512
167275	0.520
167325	0.496
167375	0.472
167425	0.468
167475	0.464
167525	0.476
167575	0.500
167625	0.532
167675	0.548
167725	0.552
167775	0.540
167825	0.520
167875	0.532
167925	0.524
167975	0.504
168025	0.476
168075	0.468
168125	0.420
168175	0.404
168225	0.424
168275	0.464
168325	0.464
168375	0.468
168425	0.480
168475	0.464
168525	0.464
168575	0.452
168625	0.480
168675	0.480
168725	0.452
168775	0.440
168825	0.464
168875	0.452
168925	0.444
168975	0.484
169025	0.484
169075	0.484
169125	0.504
169175	0.544
169225	0.540
169275	0.524
169325	0.528
169375	0.516
169425	0.468
169475	0.456
169525	0.468
169575	0.456
169625	0.464
169675	0.480
169725	0.512
169775	0.504
169825	0.516
169875	0.512
169925	0.516
169975	0.476
170025	0.480
170075	0.444
170125	0.412
170175	0.400
170225	0.404
170275	0.380
170325	0.388
170375	0.404
170425	0.412
170475	0.408
170525	0.424
170575	0.452
170625	0.464
170675	0.492
170725	0.508
170775	0.528
170825	0.528
170875	0.524
170925	0.488
170975	0.496
171025	0.496
171075	0.476
171125	0.464
171175	0.424
171225	0.420
171275	0.440
171325	0.472
171375	0.468
171425	0.500
171475	0.492
171525	0.456
171575	0.428
171625	0.448
171675	0.444
171725	0.432
171775	0.420
171825	0.428
171875	0.444
171925	0.472
171975	0.520
172025	0.516
172075	0.520
172125	0.516
172175	0.512
172225	0.488
172275	0.524
172325	0.508
172375	0.472
172425	0.456
172475	0.452
172525	0.428
172575	0.432
172625	0.476
172675	0.488
172725	0.504
172775	0.540
172825	0.528
172875	0.504
172925	0.496
172975	0.456
173025	0.412
173075	0.412
173125	0.400
173175	0.396
173225	0.416
173275	0.424
173325	0.456
173375	0.464
173425	0.468
173475	0.444
173525	0.456
173575	0.460
173625	0.440
173675	0.476
173725	0.500
173775	0.468
173825	0.452
173875	0.516
173925	0.488
173975	0.464
174025	0.480
174075	0.492
174125	0.460
174175	0.476
174225	0.524
174275	0.556
174325	0.552
174375	0.540
174425	0.520
174475	0.484
174525	0.488
174575	0.496
174625	0.492
174675	0.488
174725	0.500
174775	0.492
174825	0.488
174875	0.492
174925	0.492
174975	0.480
175025	0.460
175075	0.416
175125	0.416
175175	0.416
175225	0.412
175275	0.424
175325	0.456
175375	0.420
175425	0.416
175475	0.432
175525	0.444
175575	0.468
175625	0.544
175675	0.540
175725	0.552
175775	0.548
175825	0.532
175875	0.500
175925	0.536
175975	0.552
176025	0.540
176075	0.564
176125	0.584
176175	0.564
176225	0.568
176275	0.556
176325	0.528
176375	0.528
176425	0.520
176475	0.488
176525	0.492
176575	0.500
176625	0.484
176675	0.480
176725	0.480
176775	0.484
176825	0.472
176875	0.464
176925	0.476
176975	0.476
177025	0.456
177075	0.452
177125	0.476
177175	0.480
177225	0.532
177275	0.556
177325	0.576
177375	0.560
177425	0.572
177475	0.508
177525	0.512
177575	0.484
177625	0.492
177675	0.456
177725	0.460
177775	0.468
177825	0.492
177875	0.440
177925	0.448
177975	0.472
178025	0.436
178075	0.424
178125	0.488
178175	0.520
178225	0.480
178275	0.472
178325	0.480
178375	0.448
178425	0.420
178475	0.444
178525	0.480
178575	0.472
178625	0.472
178675	0.480
178725	0.492
178775	0.472
178825	0.476
178875	0.468
178925	0.476
178975	0.464
179025	0.480
179075	0.492
179125	0.504
179175	0.504
179225	0.536
179275	0.520
179325	0.536
179375	0.564
179425	0.552
179475	0.500
179525	0.504
179575	0.484
179625	0.460
179675	0.452
179725	0.452
179775	0.476
179825	0.488
179875	0.504
179925	0.532
179975	0.560
180025	0.544
180075	0.512
180125	0.488
180175	0.484
180225	0.500
180275	0.492
180325	0.496
180375	0.480
180425	0.444
180475	0.452
180525	0.464
180575	0.468
180625	0.476
180675	0.492
180725	0.456
180775	0.448
180825	0.436
180875	0.400
180925	0.384
180975	0.400
181025	0.400
181075	0.388
181125	0.388
181175	0.416
181225	0.436
181275	0.448
181325	0.484
181375	0.544
181425	0.572
181475	0.572
181525	0.596
181575	0.596
181625	0.560
181675	0.508
181725	0.488
181775	0.500
181825	0.484
181875	0.540
181925	0.616
181975	0.644
182025	0.612
182075	0.656
182125	0.644
182175	0.596
182225	0.576
182275	0.528
182325	0.520
182375	0.528
182425	0.524
182475	0.524
182525	0.556
182575	0.556
182625	0.528
182675	0.528
182725	0.516
182775	0.544
182825	0.532
182875	0.560
182925	0.592
182975	0.592
183025	0.608
183075	0.620
183125	0.608
183175	0.600
183225	0.600
183275	0.580
183325	0.584
183375	0.592
183425	0.584
183475	0.620
183525	0.612
183575	0.608
183625	0.608
183675	0.624
183725	0.596
183775	0.572
183825	0.524
183875	0.468
183925	0.448
183975	0.436
184025	0.444
184075	0.464
184125	0.512
184175	0.492
184225	0.484
184275	0.476
184325	0.488
184375	0.480
184425	0.500
184475	0.536
184525	0.544
184575	0.548
184625	0.548
184675	0.548
184725	0.552
184775	0.556
184825	0.548
184875	0.556
184925	0.556
184975	0.528
185025	0.540
185075	0.560
185125	0.544
185175	0.556
185225	0.568
185275	0.584
185325	0.584
185375	0.624
185425	0.624
185475	0.632
185525	0.616
185575	0.608
185625	0.576
185675	0.560
185725	0.556
185775	0.548
185825	0.548
185875	0.556
185925	0.544
185975	0.568
186025	0.568
186075	0.548
186125	0.560
186175	0.580
186225	0.528
186275	0.516
186325	0.524
186375	0.504
186425	0.496
186475	0.500
186525	0.516
186575	0.564
186625	0.568
186675	0.544
186725	0.560
186775	0.572
186825	0.504
186875	0.496
186925	0.516
186975	0.492
187025	0.500
187075	0.524
187125	0.528
187175	0.540
187225	0.556
187275	0.524
187325	0.528
187375	0.516
187425	0.528
187475	0.532
187525	0.544
187575	0.536
187625	0.556
187675	0.528
187725	0.524
187775	0.544
187825	0.568
187875	0.580
187925	0.588
187975	0.616
188025	0.612
188075	0.592
188125	0.584
188175	0.588
188225	0.596
188275	0.584
188325	0.612
188375	0.600
188425	0.588
188475	0.576
188525	0.580
188575	0.560
188625	0.572
188675	0.600
188725	0.588
188775	0.540
188825	0.504
188875	0.492
188925	0.476
188975	0.468
189025	0.528
189075	0.580
189125	0.572
189175	0.572
189225	0.584
189275	0.552
189325	0.524
189375	0.536
189425	0.524
189475	0.532
189525	0.560
189575	0.548
189625	0.536
189675	0.552
189725	0.524
189775	0.496
189825	0.500
189875	0.532
189925	0.536
189975	0.536
190025	0.568
190075	0.576
190125	0.560
190175	0.564
190225	0.580
190275	0.544
190325	0.548
190375	0.544
190425	0.528
190475	0.532
190525	0.544
190575	0.544
190625	0.536
190675	0.544
190725	0.512
190775	0.508
190825	0.524
190875	0.548
190925	0.552
190975	0.576
191025	0.568
191075	0.548
191125	0.516
191175	0.484
191225	0.500
191275	0.508
191325	0.504
191375	0.508
191425	0.532
191475	0.512
191525	0.520
191575	0.496
191625	0.508
191675	0.500
191725	0.496
191775	0.492
191825	0.516
191875	0.516
191925	0.528
191975	0.560
192025	0.568
192075	0.576
192125	0.560
192175	0.548
192225	0.548
192275	0.552
192325	0.556
192375	0.596
192425	0.580
192475	0.552
192525	0.536
192575	0.540
192625	0.504
192675	0.528
192725	0.540
192775	0.536
192825	0.524
192875	0.540
192925	0.532
192975	0.508
193025	0.508
193075	0.528
193125	0.524
193175	0.520
193225	0.540
193275	0.572
193325	0.544
193375	0.536
193425	0.524
193475	0.504
193525	0.456
193575	0.448
193625	0.464
193675	0.492
193725	0.520
193775	0.556
193825	0.580
193875	0.572
193925	0.560
193975	0.540
194025	0.520
194075	0.516
194125	0.508
194175	0.508
194225	0.528
194275	0.548
194325	0.560
194375	0.580
194425	0.580
194475	0.592
194525	0.600
194575	0.592
194625	0.568
194675	0.572
194725	0.548
194775	0.532
194825	0.520
194875	0.524
194925	0.544
194975	0.560
195025	0.540
195075	0.528
195125	0.556
195175	0.532
195225	0.524
195275	0.532
195325	0.520
195375	0.488
195425	0.492
195475	0.496
195525	0.500
195575	0.520
195625	0.548
195675	0.568
195725	0.568
195775	0.568
195825	0.580
195875	0.568
195925	0.540
195975	0.532
196025	0.500
196075	0.516
196125	0.560
196175	0.576
196225	0.540
196275	0.580
196325	0.552
196375	0.512
196425	0.476
196475	0.504
196525	0.512
196575	0.500
196625	0.472
196675	0.504
196725	0.508
196775	0.516
196825	0.532
196875	0.552
196925	0.548
196975	0.540
197025	0.536
197075	0.548
197125	0.552
197175	0.548
197225	0.576
197275	0.568
197325	0.564
197375	0.536
197425	0.540
197475	0.520
197525	0.516
197575	0.532
197625	0.564
197675	0.572
197725	0.568
197775	0.584
197825	0.572
197875	0.548
197925	0.524
197975	0.516
198025	0.488
198075	0.468
198125	0.488
198175	0.488
198225	0.488
198275	0.484
198325	0.464
198375	0.448
198425	0.484
198475	0.464
198525	0.472
198575	0.504
198625	0.488
198675	0.448
198725	0.440
198775	0.428
198825	0.388
198875	0.432
198925	0.468
198975	0.520
199025	0.536
199075	0.548
199125	0.524
199175	0.520
199225	0.512
199275	0.516
199325	0.552
199375	0.592
199425	0.584
199475	0.600
199525	0.632
199575	0.616
199625	0.604
199675	0.584
199725	0.556
199775	0.540
199825	0.552
199875	0.528
199925	0.540
199975	0.544
200025	0.520
200075	0.512
200125	0.520
200175	0.512
200225	0.516
200275	0.544
200325	0.552
200375	0.524
200425	0.532
200475	0.532
200525	0.532
200575	0.540
200625	0.588
200675	0.608
200725	0.636
200775	0.632
200825	0.620
200875	0.596
200925	0.576
200975	0.548
201025	0.524
201075	0.524
201125	0.540
201175	0.556
201225	0.524
201275	0.524
201325	0.512
201375	0.448
201425	0.452
201475	0.484
201525	0.464
201575	0.464
201625	0.504
201675	0.468
201725	0.472
201775	0.492
201825	0.504
201875	0.540
201925	0.572
201975	0.588
202025	0.608
202075	0.616
202125	0.540
202175	0.536
202225	0.508
202275	0.488
202325	0.444
202375	0.468
202425	0.448
202475	0.432
202525	0.448
202575	0.496
202625	0.532
202675	0.520
202725	0.512
202775	0.496
202825	0.456
202875	0.444
202925	0.452
202975	0.476
203025	0.504
203075	0.524
203125	0.508
203175	0.488
203225	0.488
203275	0.448
203325	0.416
203375	0.408
203425	0.452
203475	0.468
203525	0.496
203575	0.556
203625	0.600
203675	0.584
203725	0.588
203775	0.624
203825	0.624
203875	0.620
203925	0.624
203975	0.608
204025	0.580
204075	0.572
204125	0.572
204175	0.576
204225	0.584
204275	0.580
204325	0.572
204375	0.512
204425	0.464
204475	0.440
204525	0.424
204575	0.376
204625	0.380
204675	0.408
204725	0.408
204775	0.380
204825	0.416
204875	0.448
204925	0.484
204975	0.476
205025	0.528
205075	0.516
205125	0.528
205175	0.532
205225	0.572
205275	0.580
205325	0.600
205375	0.588
205425	0.568
205475	0.568
205525	0.516
205575	0.524
205625	0.516
205675	0.540
205725	0.528
205775	0.572
205825	0.568
205875	0.596
205925	0.580
205975	0.564
206025	0.552
206075	0.576
206125	0.564
206175	0.556
206225	0.572
206275	0.580
206325	0.544
206375	0.540
206425	0.540
206475	0.524
206525	0.504
206575	0.520
206625	0.508
206675	0.500
206725	0.492
206775	0.488
206825	0.476
206875	0.452
206925	0.432
206975	0.448
207025	0.436
207075	0.404
207125	0.432
207175	0.464
207225	0.512
207275	0.544
207325	0.604
207375	0.632
207425	0.644
207475	0.620
207525	0.596
207575	0.568
207625	0.552
207675	0.544
207725	0.540
207775	0.532
207825	0.504
207875	0.460
207925	0.432
207975	0.416
208025	0.416
208075	0.456
208125	0.472
208175	0.460
208225	0.448
208275	0.472
208325	0.464
208375	0.492
208425	0.508
208475	0.512
208525	0.516
208575	0.496
208625	0.484
208675	0.488
208725	0.496
208775	0.472
208825	0.464
208875	0.472
208925	0.464
208975	0.476
209025	0.484
209075	0.500
209125	0.496
209175	0.512
209225	0.472
209275	0.448
209325	0.420
209375	0.408
209425	0.436
209475	0.476
209525	0.492
209575	0.528
209625	0.528
209675	0.468
209725	0.480
209775	0.528
209825	0.520
209875	0.560
209925	0.600
209975	0.584
210025	0.532
210075	0.560
210125	0.528
210175	0.516
210225	0.504
210275	0.532
210325	0.492
210375	0.476
210425	0.464
210475	0.460
210525	0.456
210575	0.464
210625	0.500
210675	0.512
210725	0.532
210775	0.520
210825	0.532
210875	0.516
210925	0.528
210975	0.536
211025	0.536
211075	0.548
211125	0.540
211175	0.552
211225	0.524
211275	0.536
211325	0.540
211375	0.544
211425	0.540
211475	0.552
211525	0.560
211575	0.564
211625	0.572
211675	0.544
211725	0.524
211775	0.516
211825	0.484
211875	0.460
211925	0.480
211975	0.512
212025	0.524
212075	0.560
212125	0.588
212175	0.556
212225	0.536
212275	0.532
212325	0.516
212375	0.512
212425	0.556
212475	0.572
212525	0.568
212575	0.556
212625	0.552
212675	0.524
212725	0.524
212775	0.520
212825	0.536
212875	0.532
212925	0.524
212975	0.516
213025	0.520
213075	0.488
213125	0.484
213175	0.496
213225	0.484
213275	0.480
213325	0.516
213375	0.552
213425	0.540
213475	0.544
213525	0.504
213575	0.452
213625	0.392
213675	0.412
213725	0.408
213775	0.460
213825	0.500
213875	0.528
213925	0.504
213975	0.500
214025	0.476
214075	0.472
214125	0.452
214175	0.468
214225	0.468
214275	0.472
214325	0.492
214375	0.532
214425	0.524
214475	0.560
214525	0.576
214575	0.548
214625	0.536
214675	0.552
214725	0.504
214775	0.464
214825	0.472
214875	0.472
214925	0.480
214975	0.508
215025	0.512
215075	0.516
215125	0.492
215175	0.484
215225	0.512
215275	0.524
215325	0.500
215375	0.508
215425	0.472
215475	0.420
215525	0.400
215575	0.416
215625	0.396
215675	0.396
215725	0.396
215775	0.420
215825	0.388
215875	0.416
215925	0.460
215975	0.452
216025	0.460
216075	0.476
216125	0.456
216175	0.400
216225	0.408
216275	0.404
216325	0.392
216375	0.400
216425	0.432
216475	0.456
216525	0.416
216575	0.424
216625	0.400
216675	0.392
216725	0.348
216775	0.376
216825	0.404
216875	0.408
216925	0.416
216975	0.480
217025	0.452
217075	0.428
217125	0.440
217175	0.428
217225	0.388
217275	0.420
217325	0.468
217375	0.488
217425	0.536
217475	0.556
217525	0.548
217575	0.520
217625	0.528
217675	0.520
217725	0.508
217775	0.504
217825	0.532
217875	0.544
217925	0.540
217975	0.552
218025	0.576
218075	0.532
218125	0.512
218175	0.496
218225	0.492
218275	0.488
218325	0.520
218375	0.524
218425	0.528
218475	0.528
218525	0.508
218575	0.488
218625	0.472
218675	0.476
218725	0.460
218775	0.468
218825	0.488
218875	0.528
218925	0.512
218975	0.504
219025	0.508
219075	0.496
219125	0.484
219175	0.456
219225	0.468
219275	0.480
219325	0.460
219375	0.428
219425	0.484
219475	0.492
219525	0.484
219575	0.488
219625	0.508
219675	0.492
219725	0.480
219775	0.496
219825	0.484
219875	0.492
219925	0.464
219975	0.468
220025	0.468
220075	0.480
220125	0.460
220175	0.464
220225	0.460
220275	0.444
220325	0.424
220375	0.436
220425	0.492
220475	0.492
220525	0.508
220575	0.548
220625	0.556
220675	0.520
220725	0.540
220775	0.524
220825	0.492
220875	0.456
220925	0.428
220975	0.384
221025	0.352
221075	0.368
221125	0.364
221175	0.376
221225	0.408
221275	0.436
221325	0.436
221375	0.460
221425	0.464
221475	0.432
221525	0.444
221575	0.452
221625	0.436
221675	0.452
221725	0.484
221775	0.456
221825	0.420
221875	0.428
221925	0.400
221975	0.376
222025	0.412
222075	0.448
222125	0.440
222175	0.424
222225	0.416
222275	0.384
222325	0.364
222375	0.372
222425	0.392
222475	0.436
222525	0.468
222575	0.460
222625	0.488
222675	0.484
222725	0.464
222775	0.452
222825	0.520
222875	0.524
222925	0.540
222975	0.544
223025	0.544
223075	0.464
223125	0.436
223175	0.428
223225	0.468
223275	0.480
223325	0.528
223375	0.556
223425	0.576
223475	0.552
223525	0.520
223575	0.488
223625	0.464
223675	0.480
223725	0.460
223775	0.492
223825	0.480
223875	0.440
223925	0.400
223975	0.404
224025	0.372
224075	0.388
224125	0.420
224175	0.448
224225	0.460
224275	0.468
224325	0.488
224375	0.524
224425	0.504
224475	0.500
224525	0.472
224575	0.496
224625	0.488
224675	0.480
224725	0.484
224775	0.524
224825	0.508
224875	0.488
224925	0.516
224975	0.512
225025	0.484
225075	0.484
225125	0.496
225175	0.464
225225	0.460
225275	0.480
225325	0.424
225375	0.432
225425	0.444
225475	0.436
225525	0.436
225575	0.460
225625	0.456
225675	0.472
225725	0.456
225775	0.448
225825	0.464
225875	0.456
225925	0.436
225975	0.456
226025	0.468
226075	0.456
226125	0.440
226175	0.448
226225	0.444
226275	0.436
226325	0.444
226375	0.476
226425	0.484
226475	0.488
226525	0.520
226575	0.524
226625	0.508
226675	0.512
226725	0.524
226775	0.496
226825	0.492
226875	0.484
226925	0.472
226975	0.460
227025	0.464
227075	0.464
227125	0.472
227175	0.468
227225	0.468
227275	0.476
227325	0.468
227375	0.436
227425	0.436
227475	0.432
227525	0.404
227575	0.404
227625	0.404
227675	0.416
227725	0.424
227775	0.452
227825	0.456
227875	0.476
227925	0.460
227975	0.472
228025	0.464
228075	0.488
228125	0.480
228175	0.488
228225	0.464
228275	0.444
228325	0.448
228375	0.492
228425	0.512
228475	0.528
228525	0.532
228575	0.532
228625	0.508
228675	0.500
228725	0.492
228775	0.480
228825	0.448
228875	0.448
228925	0.444
228975	0.424
229025	0.428
229075	0.444
229125	0.440
229175	0.424
229225	0.452
229275	0.464
229325	0.448
229375	0.448
229425	0.444
229475	0.464
229525	0.456
229575	0.456
229625	0.452
229675	0.468
229725	0.432
229775	0.464
229825	0.464
229875	0.468
229925	0.460
229975	0.460
230025	0.440
230075	0.464
230125	0.464
230175	0.476
230225	0.500
230275	0.512
230325	0.500
230375	0.524
230425	0.524
230475	0.536
230525	0.496
230575	0.508
230625	0.488
230675	0.488
230725	0.456
230775	0.460
230825	0.440
230875	0.436
230925	0.440
230975	0.448
231025	0.464
231075	0.464
231125	0.456
231175	0.440
231225	0.428
231275	0.404
231325	0.412
231375	0.424
231425	0.416
231475	0.416
231525	0.460
231575	0.460
231625	0.440
231675	0.492
231725	0.492
231775	0.492
231825	0.492
231875	0.516
231925	0.472
231975	0.488
232025	0.484
232075	0.472
232125	0.452
232175	0.472
232225	0.496
232275	0.468
232325	0.504
232375	0.516
232425	0.492
232475	0.448
232525	0.480
232575	0.460
232625	0.444
232675	0.444
232725	0.452
232775	0.452
232825	0.452
232875	0.460
232925	0.468
232975	0.480
233025	0.464
233075	0.452
233125	0.452
233175	0.452
233225	0.452
233275	0.456
233325	0.452
233375	0.452
233425	0.448
233475	0.456
233525	0.436
233575	0.444
233625	0.408
233675	0.404
233725	0.392
233775	0.408
233825	0.372
233875	0.400
233925	0.384
233975	0.380
234025	0.372
234075	0.384
234125	0.392
234175	0.424
234225	0.424
234275	0.420
234325	0.436
234375	0.436
234425	0.460
234475	0.456
234525	0.472
234575	0.500
234625	0.500
234675	0.460
234725	0.448
234775	0.456
234825	0.456
234875	0.480
234925	0.496
234975	0.512
235025	0.516
235075	0.520
235125	0.492
235175	0.484
235225	0.484
235275	0.476
235325	0.464
235375	0.476
235425	0.464
235475	0.440
235525	0.424
235575	0.412
235625	0.384
235675	0.368
235725	0.392
235775	0.400
235825	0.392
235875	0.452
235925	0.476
235975	0.472
236025	0.456
236075	0.464
236125	0.428
236175	0.408
236225	0.396
236275	0.440
236325	0.440
236375	0.452
236425	0.480
236475	0.504
236525	0.504
236575	0.524
236625	0.524
236675	0.548
236725	0.544
236775	0.544
236825	0.536
236875	0.536
236925	0.524
236975	0.544
237025	0.528
237075	0.528
237125	0.536
237175	0.540
237225	0.528
237275	0.512
237325	0.496
237375	0.500
237425	0.468
237475	0.484
237525	0.532
237575	0.560
237625	0.552
237675	0.568
237725	0.540
237775	0.564
237825	0.560
237875	0.560
237925	0.552
237975	0.596
238025	0.532
238075	0.536
238125	0.544
238175	0.572
238225	0.520
238275	0.560
238325	0.528
238375	0.512
238425	0.520
238475	0.532
238525	0.504
238575	0.508
238625	0.524
238675	0.496
238725	0.488
238775	0.464
238825	0.448
238875	0.376
238925	0.340
238975	0.352
239025	0.360
239075	0.360
239125	0.396
239175	0.420
239225	0.412
239275	0.428
239325	0.460
239375	0.472
239425	0.500
239475	0.528
239525	0.520
239575	0.512
239625	0.484
239675	0.464
239725	0.432
239775	0.432
239825	0.432
239875	0.472
239925	0.468
239975	0.472
240025	0.492
240075	0.492
240125	0.496
240175	0.524
240225	0.544
240275	0.504
240325	0.488
240375	0.428
240425	0.380
240475	0.380
240525	0.400
240575	0.400
240625	0.432
240675	0.452
240725	0.428
240775	0.400
240825	0.396
240875	0.404
240925	0.408
240975	0.384
241025	0.400
241075	0.432
241125	0.420
241175	0.408
241225	0.416
241275	0.432
241325	0.404
241375	0.420
241425	0.432
241475	0.464
241525	0.488
241575	0.520
241625	0.512
241675	0.516
241725	0.512
241775	0.468
241825	0.468
241875	0.472
241925	0.444
241975	0.428
242025	0.464
242075	0.456
242125	0.448
242175	0.472
242225	0.508
242275	0.508
242325	0.496
242375	0.528
242425	0.508
242475	0.476
242525	0.464
242575	0.468
242625	0.448
242675	0.468
242725	0.448
242775	0.432
242825	0.408
242875	0.404
242925	0.400
242975	0.448
243025	0.452
243075	0.512
243125	0.528
243175	0.544
243225	0.512
243275	0.504
243325	0.448
243375	0.436
243425	0.436
243475	0.464
243525	0.464
243575	0.484
243625	0.504
243675	0.472
243725	0.452
243775	0.472
243825	0.480
243875	0.484
243925	0.484
243975	0.472
244025	0.444
244075	0.408
244125	0.384
244175	0.380
244225	0.388
244275	0.436
244325	0.440
244375	0.460
244425	0.484
244475	0.476
244525	0.440
244575	0.448
244625	0.404
244675	0.416
244725	0.388
244775	0.408
244825	0.408
244875	0.428
244925	0.408
244975	0.456
245025	0.456
245075	0.452
245125	0.464
245175	0.472
245225	0.444
245275	0.436
245325	0.440
245375	0.444
245425	0.436
245475	0.484
245525	0.480
245575	0.476
245625	0.460
245675	0.464
245725	0.468
245775	0.448
245825	0.484
245875	0.504
245925	0.516
245975	0.492
246025	0.500
246075	0.484
246125	0.464
246175	0.460
246225	0.432
246275	0.448
246325	0.448
246375	0.480
246425	0.464
246475	0.492
246525	0.500
246575	0.480
246625	0.436
246675	0.428
246725	0.408
246775	0.408
246825	0.472
246875	0.504
246925	0.536
246975	0.568
247025	0.588
247075	0.560
247125	0.552
247175	0.572
247225	0.584
247275	0.560
247325	0.568
247375	0.568
247425	0.552
247475	0.512
247525	0.512
247575	0.504
247625	0.504
247675	0.500
247725	0.532
247775	0.508
247825	0.472
247875	0.424
247925	0.376
247975	0.348
248025	0.352
248075	0.340
248125	0.364
248175	0.400
248225	0.416
248275	0.432
248325	0.432
248375	0.432
248425	0.456
248475	0.460
248525	0.448
248575	0.460
248625	0.488
248675	0.448
248725	0.448
248775	0.464
248825	0.484
248875	0.476
248925	0.484
248975	0.464
249025	0.456
249075	0.444
249125	0.440
249175	0.440
249225	0.460
249275	0.468
249325	0.496
249375	0.504
249425	0.516
249475	0.488
249525	0.484
249575	0.472
249625	0.476
249675	0.456
249725	0.500
249775	0.508
249825	0.492
249875	0.488
249925	0.516
249975	0.476
250025	0.464
250075	0.480
250125	0.468
250175	0.436
250225	0.436
250275	0.436
250325	0.448
250375	0.440
250425	0.480
250475	0.460
250525	0.492
250575	0.484
250625	0.480
250675	0.440
250725	0.460
250775	0.448
250825	0.452
250875	0.492
250925	0.540
250975	0.564
251025	0.524
251075	0.512
251125	0.492
251175	0.444
251225	0.424
251275	0.432
251325	0.424
251375	0.408
251425	0.440
251475	0.468
251525	0.496
251575	0.500
251625	0.516
251675	0.484
251725	0.440
251775	0.428
251825	0.424
251875	0.424
251925	0.448
251975	0.464
252025	0.476
252075	0.496
252125	0.480
252175	0.476
252225	0.472
252275	0.460
252325	0.428
252375	0.432
252425	0.392
252475	0.392
252525	0.428
252575	0.480
252625	0.512
252675	0.560
252725	0.580
252775	0.584
252825	0.532
252875	0.504
252925	0.528
252975	0.544
253025	0.524
253075	0.528
253125	0.552
253175	0.520
253225	0.508
253275	0.484
253325	0.492
253375	0.512
253425	0.524
253475	0.520
253525	0.544
253575	0.552
253625	0.568
253675	0.560
253725	0.576
253775	0.572
253825	0.528
253875	0.460
253925	0.464
253975	0.428
254025	0.412
254075	0.484
254125	0.496
254175	0.496
254225	0.516
254275	0.504
254325	0.484
254375	0.488
254425	0.500
254475	0.500
254525	0.524
254575	0.524
254625	0.504
254675	0.500
254725	0.500
254775	0.500
254825	0.472
254875	0.484
254925	0.488
254975	0.468
255025	0.460
255075	0.508
255125	0.524
255175	0.500
255225	0.520
255275	0.528
255325	0.536
255375	0.524
255425	0.524
255475	0.504
255525	0.488
255575	0.448
255625	0.440
255675	0.444
255725	0.444
255775	0.448
255825	0.468
255875	0.472
255925	0.468
255975	0.508
256025	0.516
256075	0.492
256125	0.508
256175	0.500
256225	0.452
256275	0.448
256325	0.452
256375	0.444
256425	0.424
256475	0.420
256525	0.424
256575	0.432
256625	0.428
256675	0.480
256725	0.532
256775	0.560
256825	0.588
256875	0.604
256925	0.600
256975	0.560
257025	0.544
257075	0.500
257125	0.500
257175	0.496
257225	0.512
257275	0.504
257325	0.508
257375	0.500
257425	0.488
257475	0.492
257525	0.500
257575	0.508
257625	0.496
257675	0.528
257725	0.528
257775	0.516
257825	0.528
257875	0.536
257925	0.496
257975	0.484
258025	0.500
258075	0.488
258125	0.476
258175	0.524
258225	0.540
258275	0.548
258325	0.548
258375	0.576
258425	0.552
258475	0.544
258525	0.516
258575	0.520
258625	0.488
258675	0.464
258725	0.468
258775	0.496
258825	0.484
258875	0.492
258925	0.516
258975	0.532
259025	0.496
259075	0.520
259125	0.496
259175	0.452
259225	0.440
259275	0.424
259325	0.396
259375	0.420
259425	0.448
259475	0.448
259525	0.484
259575	0.516
259625	0.516
259675	0.540
259725	0.544
259775	0.560
259825	0.536
259875	0.580
259925	0.576
259975	0.576
260025	0.560
260075	0.596
260125	0.576
260175	0.584
260225	0.568
260275	0.580
260325	0.580
260375	0.572
260425	0.584
260475	0.588
260525	0.552
260575	0.524
260625	0.516
260675	0.488
260725	0.476
260775	0.496
260825	0.520
260875	0.544
260925	0.524
260975	0.568
261025	0.580
261075	0.552
261125	0.532
261175	0.560
261225	0.532
261275	0.512
261325	0.528
261375	0.532
261425	0.532
261475	0.524
261525	0.536
261575	0.520
261625	0.544
261675	0.528
261725	0.548
261775	0.548
261825	0.564
261875	0.556
261925	0.536
261975	0.536
262025	0.544
262075	0.524
262125	0.492
262175	0.508
262225	0.492
262275	0.444
262325	0.456
262375	0.480
262425	0.492
262475	0.496
262525	0.524
262575	0.516
262625	0.528
262675	0.520
262725	0.516
262775	0.516
262825	0.484
262875	0.468
262925	0.456
262975	0.440
263025	0.444
263075	0.480
263125	0.464
263175	0.492
263225	0.516
263275	0.524
263325	0.520
263375	0.544
263425	0.560
263475	0.548
263525	0.500
263575	0.472
263625	0.452
263675	0.432
263725	0.416
263775	0.436
263825	0.440
263875	0.452
263925	0.432
263975	0.436
264025	0.432
264075	0.428
264125	0.440
264175	0.432
264225	0.464
264275	0.496
264325	0.540
264375	0.528
264425	0.564
264475	0.540
264525	0.540
264575	0.576
264625	0.548
264675	0.524
264725	0.496
264775	0.472
264825	0.440
264875	0.432
264925	0.420
264975	0.440
265025	0.448
265075	0.412
265125	0.420
265175	0.428
265225	0.420
265275	0.428
265325	0.424
265375	0.444
265425	0.440
265475	0.408
265525	0.412
265575	0.424
265625	0.416
265675	0.496
265725	0.548
265775	0.552
265825	0.588
265875	0.604
265925	0.596
265975	0.640
266025	0.652
266075	0.688
266125	0.728
266175	0.712
266225	0.712
266275	0.720
266325	0.680
266375	0.612
266425	0.552
266475	0.516
266525	0.444
266575	0.388
266625	0.404
266675	0.432
266725	0.420
266775	0.448
266825	0.492
266875	0.488
266925	0.480
266975	0.492
267025	0.504
267075	0.504
267125	0.484
267175	0.448
267225	0.428
267275	0.428
267325	0.428
267375	0.444
267425	0.480
267475	0.488
267525	0.480
267575	0.472
267625	0.484
267675	0.464
267725	0.436
267775	0.408
267825	0.388
267875	0.408
267925	0.428
267975	0.472
268025	0.504
268075	0.528
268125	0.508
268175	0.500
268225	0.484
268275	0.472
268325	0.468
268375	0.508
268425	0.524
268475	0.532
268525	0.568
268575	0.592
268625	0.560
268675	0.564
268725	0.564
268775	0.544
268825	0.524
268875	0.528
268925	0.524
268975	0.516
269025	0.516
269075	0.524
269125	0.516
269175	0.540
269225	0.552
269275	0.552
269325	0.556
269375	0.572
269425	0.552
269475	0.552
269525	0.564
269575	0.536
269625	0.528
269675	0.552
269725	0.544
269775	0.552
269825	0.620
269875	0.616
269925	0.588
269975	0.580
270025	0.600
270075	0.564
270125	0.556
270175	0.560
270225	0.564
270275	0.532
270325	0.520
270375	0.536
270425	0.520
270475	0.536
270525	0.536
270575	0.496
270625	0.492
270675	0.488
270725	0.460
270775	0.432
270825	0.452
270875	0.444
270925	0.456
270975	0.464
271025	0.488
271075	0.496
271125	0.468
271175	0.420
271225	0.384
271275	0.356
271325	0.316
271375	0.300
271425	0.312
271475	0.336
271525	0.360
271575	0.388
271625	0.416
271675	0.448
271725	0.472
271775	0.484
271825	0.500
271875	0.504
271925	0.516
271975	0.504
272025	0.496
272075	0.500
272125	0.508
272175	0.504
272225	0.512
272275	0.496
272325	0.492
272375	0.472
272425	0.444
272475	0.424
272525	0.428
272575	0.392
272625	0.376
272675	0.392
272725	0.404
272775	0.396
272825	0.420
272875	0.448
272925	0.452
272975	0.476
273025	0.500
273075	0.480
273125	0.500
273175	0.476
273225	0.444
273275	0.464
273325	0.512
273375	0.488
273425	0.492
273475	0.492
273525	0.448
273575	0.400
273625	0.412
273675	0.416
273725	0.428
273775	0.428
273825	0.452
273875	0.428
273925	0.444
273975	0.456
274025	0.456
274075	0.456
274125	0.480
274175	0.484
274225	0.452
274275	0.468
274325	0.472
274375	0.476
274425	0.476
274475	0.520
274525	0.496
274575	0.500
274625	0.496
274675	0.492
274725	0.496
274775	0.524
274825	0.524
274875	0.520
274925	0.528
274975	0.492
275025	0.472
275075	0.468
275125	0.468
275175	0.460
275225	0.500
275275	0.512
275325	0.508
275375	0.488
275425	0.472
275475	0.448
275525	0.440
275575	0.448
275625	0.464
275675	0.460
275725	0.452
275775	0.452
275825	0.456
275875	0.452
275925	0.452
275975	0.448
276025	0.440
276075	0.420
276125	0.424
276175	0.460
276225	0.476
276275	0.496
276325	0.488
276375	0.512
276425	0.496
276475	0.488
276525	0.488
276575	0.516
276625	0.476
276675	0.472
276725	0.456
276775	0.436
276825	0.444
276875	0.444
276925	0.452
276975	0.484
277025	0.516
277075	0.488
277125	0.532
277175	0.520
277225	0.504
277275	0.508
277325	0.532
277375	0.504
277425	0.516
277475	0.508
277525	0.484
277575	0.500
277625	0.512
277675	0.516
277725	0.520
277775	0.524
277825	0.492
277875	0.468
277925	0.424
277975	0.424
278025	0.432
278075	0.452
278125	0.456
278175	0.500
278225	0.480
278275	0.468
278325	0.476
278375	0.484
278425	0.468
278475	0.524
278525	0.536
278575	0.520
278625	0.524
278675	0.520
278725	0.468
278775	0.456
278825	0.492
278875	0.480
278925	0.476
278975	0.484
279025	0.512
279075	0.432
279125	0.428
279175	0.428
279225	0.420
279275	0.384
279325	0.392
279375	0.396
279425	0.384
279475	0.404
279525	0.432
279575	0.460
279625	0.452
279675	0.476
279725	0.476
279775	0.444
279825	0.460
279875	0.452
279925	0.440
279975	0.424
280025	0.408
280075	0.412
280125	0.440
280175	0.448
280225	0.460
280275	0.492
280325	0.472
280375	0.440
280425	0.412
280475	0.400
280525	0.404
280575	0.408
280625	0.424
280675	0.448
280725	0.456
280775	0.420
280825	0.388
280875	0.404
280925	0.404
280975	0.400
281025	0.408
281075	0.396
281125	0.352
281175	0.312
281225	0.328
281275	0.340
281325	0.348
281375	0.412
281425	0.472
281475	0.468
281525	0.480
281575	0.524
281625	0.504
281675	0.472
281725	0.472
281775	0.472
281825	0.472
281875	0.468
281925	0.484
281975	0.488
282025	0.496
282075	0.476
282125	0.476
282175	0.468
282225	0.444
282275	0.424
282325	0.444
282375	0.432
282425	0.456
282475	0.472
282525	0.484
282575	0.460
282625	0.460
282675	0.420
282725	0.432
282775	0.436
282825	0.440
282875	0.448
282925	0.472
282975	0.448
283025	0.432
283075	0.444
283125	0.456
283175	0.472
283225	0.488
283275	0.496
283325	0.492
283375	0.476
283425	0.464
283475	0.432
283525	0.456
283575	0.440
283625	0.432
283675	0.420
283725	0.452
283775	0.440
283825	0.424
283875	0.436
283925	0.420
283975	0.424
284025	0.436
284075	0.452
284125	0.448
284175	0.488
284225	0.468
284275	0.444
284325	0.436
284375	0.460
284425	0.432
284475	0.436
284525	0.432
284575	0.468
284625	0.468
284675	0.504
284725	0.532
284775	0.556
284825	0.560
284875	0.568
284925	0.556
284975	0.556
285025	0.552
285075	0.556
285125	0.524
285175	0.532
285225	0.516
285275	0.492
285325	0.456
285375	0.464
285425	0.436
285475	0.420
285525	0.408
285575	0.432
285625	0.424
285675	0.436
285725	0.428
285775	0.452
285825	0.452
285875	0.468
285925	0.476
285975	0.512
286025	0.524
286075	0.560
286125	0.568
286175	0.556
286225	0.560
286275	0.552
286325	0.536
286375	0.544
286425	0.548
286475	0.540
286525	0.540
286575	0.504
286625	0.484
286675	0.492
286725	0.500
286775	0.476
286825	0.468
286875	0.456
286925	0.448
286975	0.448
287025	0.456
287075	0.468
287125	0.468
287175	0.488
287225	0.496
287275	0.504
287325	0.488
287375	0.476
287425	0.436
287475	0.380
287525	0.380
287575	0.408
287625	0.456
287675	0.508
287725	0.548
287775	0.564
287825	0.560
287875	0.528
287925	0.476
287975	0.476
288025	0.480
288075	0.440
288125	0.432
288175	0.456
288225	0.468
288275	0.456
288325	0.496
288375	0.516
288425	0.532
288475	0.484
288525	0.492
288575	0.488
288625	0.500
288675	0.484
288725	0.484
288775	0.464
288825	0.468
288875	0.468
288925	0.472
288975	0.500
289025	0.500
289075	0.496
289125	0.476
289175	0.472
289225	0.472
289275	0.492
289325	0.488
289375	0.484
289425	0.492
289475	0.500
289525	0.472
289575	0.464
289625	0.460
289675	0.460
289725	0.448
289775	0.472
289825	0.492
289875	0.492
289925	0.476
289975	0.480
290025	0.476
290075	0.456
290125	0.468
290175	0.476
290225	0.488
290275	0.476
290325	0.476
290375	0.484
290425	0.476
290475	0.484
290525	0.500
290575	0.516
290625	0.504
290675	0.520
290725	0.500
290775	0.496
290825	0.496
290875	0.492
290925	0.480
290975	0.488
291025	0.492
291075	0.488
291125	0.508
291175	0.512
291225	0.496
291275	0.480
291325	0.480
291375	0.472
291425	0.484
291475	0.492
291525	0.500
291575	0.508
291625	0.540
291675	0.520
291725	0.520
291775	0.504
291825	0.500
291875	0.456
291925	0.464
291975	0.480
292025	0.508
292075	0.492
292125	0.504
292175	0.480
292225	0.460
292275	0.408
292325	0.380
292375	0.368
292425	0.388
292475	0.388
292525	0.416
292575	0.460
292625	0.456
292675	0.440
292725	0.456
292775	0.480
292825	0.488
292875	0.496
292925	0.508
292975	0.512
293025	0.492
293075	0.472
293125	0.440
293175	0.452
293225	0.448
293275	0.444
293325	0.456
293375	0.472
293425	0.448
293475	0.404
293525	0.416
293575	0.392
293625	0.404
293675	0.396
293725	0.416
293775	0.420
293825	0.468
293875	0.480
293925	0.508
293975	0.504
294025	0.500
294075	0.432
294125	0.400
294175	0.376
294225	0.388
294275	0.380
294325	0.428
294375	0.464
294425	0.468
294475	0.448
294525	0.444
294575	0.428
294625	0.416
294675	0.416
294725	0.456
294775	0.460
294825	0.492
294875	0.488
294925	0.500
294975	0.480
295025	0.468
295075	0.444
295125	0.448
295175	0.440
295225	0.448
295275	0.464
295325	0.472
295375	0.488
295425	0.492
295475	0.504
295525	0.496
295575	0.480
295625	0.444
295675	0.468
295725	0.464
295775	0.476
295825	0.480
295875	0.508
295925	0.472
295975	0.468
296025	0.488
296075	0.492
296125	0.488
296175	0.524
296225	0.544
296275	0.528
296325	0.540
296375	0.556
296425	0.544
296475	0.528
296525	0.532
296575	0.532
296625	0.532
296675	0.536
296725	0.504
296775	0.476
296825	0.452
296875	0.456
296925	0.428
296975	0.440
297025	0.460
297075	0.468
297125	0.460
297175	0.484
297225	0.472
297275	0.484
297325	0.488
297375	0.492
297425	0.464
297475	0.492
297525	0.456
297575	0.456
297625	0.452
297675	0.472
297725	0.456
297775	0.480
297825	0.448
297875	0.456
297925	0.472
297975	0.484
298025	0.460
298075	0.492
298125	0.476
298175	0.476
298225	0.472
298275	0.488
298325	0.488
298375	0.480
298425	0.464
298475	0.468
298525	0.476
298575	0.484
298625	0.512
298675	0.544
298725	0.548
298775	0.540
298825	0.528
298875	0.500
298925	0.460
298975	0.456
299025	0.456
299075	0.436
299125	0.436
299175	0.468
299225	0.448
299275	0.444
299325	0.472
299375	0.480
299425	0.460
299475	0.480
299525	0.488
299575	0.484
299625	0.464
299675	0.468
299725	0.456
299775	0.456
299825	0.448
299875	0.460
299925	0.436
299975	0.440
300025	0.448
300075	0.424
300125	0.420
300175	0.432
300225	0.420
300275	0.428
300325	0.464
300375	0.472
300425	0.476
300475	0.468
300525	0.448
300575	0.444
300625	0.412
300675	0.420
300725	0.432
300775	0.404
300825	0.356
300875	0.332
300925	0.328
300975	0.332
301025	0.336
301075	0.360
301125	0.392
301175	0.368
301225	0.384
301275	0.424
301325	0.456
301375	0.484
301425	0.484
301475	0.468
301525	0.432
301575	0.380
301625	0.384
301675	0.408
301725	0.416
301775	0.424
301825	0.444
301875	0.432
301925	0.412
301975	0.388
302025	0.404
302075	0.436
302125	0.436
302175	0.488
302225	0.524
302275	0.524
302325	0.500
302375	0.508
302425	0.448
302475	0.428
302525	0.408
302575	0.428
302625	0.436
302675	0.468
302725	0.488
302775	0.520
302825	0.504
302875	0.500
302925	0.500
302975	0.512
303025	0.496
303075	0.476
303125	0.476
303175	0.464
303225	0.420
303275	0.424
303325	0.460
303375	0.452
303425	0.456
303475	0.428
303525	0.424
303575	0.428
303625	0.388
303675	0.360
303725	0.396
303775	0.396
303825	0.360
303875	0.392
303925	0.424
303975	0.428
304025	0.404
304075	0.408
304125	0.420
304175	0.424
304225	0.468
304275	0.504
304325	0.524
304375	0.536
304425	0.532
304475	0.496
304525	0.492
304575	0.504
304625	0.492
304675	0.492
304725	0.500
304775	0.516
304825	0.504
304875	0.480
304925	0.460
304975	0.412
305025	0.340
305075	0.256
305125	0.180
305175	0.120
305225	0.072
305275	0.052
305325	0.068
305375	0.076
305425	0.092
305475	0.108
305525	0.088
305575	0.064
305625	0.060
305675	0.028
305725	0.016
305775	0.024
305825	0.036
305875	0.044
305925	0.052
305975	0.060
306025	0.108
306075	0.112
306125	0.124
306175	0.132
306225	0.132
306275	0.088
306325	0.080
306375	0.068
306425	0.056
306475	0.040
306525	0.036
306575	0.036
306625	0.024
306675	0.028
306725	0.036
