Position	Percent G+C 1 .. 245039
125	0.144
175	0.140
225	0.164
275	0.180
325	0.188
375	0.192
425	0.184
475	0.160
525	0.144
575	0.120
625	0.104
675	0.108
725	0.104
775	0.116
825	0.156
875	0.180
925	0.188
975	0.200
1025	0.180
1075	0.148
1125	0.120
1175	0.128
1225	0.120
1275	0.120
1325	0.128
1375	0.152
1425	0.132
1475	0.156
1525	0.156
1575	0.164
1625	0.168
1675	0.196
1725	0.196
1775	0.220
1825	0.204
1875	0.196
1925	0.164
1975	0.156
2025	0.144
2075	0.156
2125	0.144
2175	0.208
2225	0.200
2275	0.200
2325	0.200
2375	0.240
2425	0.204
2475	0.192
2525	0.172
2575	0.204
2625	0.180
2675	0.152
2725	0.148
2775	0.140
2825	0.092
2875	0.076
2925	0.088
2975	0.120
3025	0.164
3075	0.180
3125	0.164
3175	0.172
3225	0.180
3275	0.156
3325	0.172
3375	0.216
3425	0.248
3475	0.272
3525	0.340
3575	0.400
3625	0.476
3675	0.540
3725	0.560
3775	0.568
3825	0.544
3875	0.484
3925	0.456
3975	0.460
4025	0.440
4075	0.440
4125	0.440
4175	0.416
4225	0.360
4275	0.368
4325	0.380
4375	0.396
4425	0.408
4475	0.456
4525	0.436
4575	0.424
4625	0.440
4675	0.468
4725	0.452
4775	0.472
4825	0.488
4875	0.512
4925	0.508
4975	0.528
5025	0.508
5075	0.496
5125	0.444
5175	0.404
5225	0.416
5275	0.452
5325	0.440
5375	0.476
5425	0.496
5475	0.480
5525	0.460
5575	0.496
5625	0.500
5675	0.512
5725	0.532
5775	0.560
5825	0.552
5875	0.536
5925	0.540
5975	0.544
6025	0.524
6075	0.508
6125	0.492
6175	0.476
6225	0.456
6275	0.472
6325	0.468
6375	0.476
6425	0.452
6475	0.428
6525	0.380
6575	0.392
6625	0.392
6675	0.424
6725	0.464
6775	0.476
6825	0.480
6875	0.496
6925	0.496
6975	0.496
7025	0.536
7075	0.524
7125	0.544
7175	0.540
7225	0.524
7275	0.500
7325	0.496
7375	0.476
7425	0.460
7475	0.468
7525	0.472
7575	0.500
7625	0.508
7675	0.528
7725	0.504
7775	0.520
7825	0.512
7875	0.488
7925	0.500
7975	0.508
8025	0.492
8075	0.484
8125	0.504
8175	0.460
8225	0.456
8275	0.464
8325	0.476
8375	0.476
8425	0.524
8475	0.552
8525	0.544
8575	0.536
8625	0.532
8675	0.544
8725	0.544
8775	0.576
8825	0.580
8875	0.600
8925	0.552
8975	0.556
9025	0.512
9075	0.508
9125	0.472
9175	0.452
9225	0.432
9275	0.428
9325	0.412
9375	0.424
9425	0.464
9475	0.444
9525	0.420
9575	0.444
9625	0.444
9675	0.448
9725	0.468
9775	0.508
9825	0.536
9875	0.564
9925	0.556
9975	0.584
10025	0.576
10075	0.568
10125	0.564
10175	0.592
10225	0.544
10275	0.576
10325	0.584
10375	0.548
10425	0.528
10475	0.560
10525	0.516
10575	0.480
10625	0.492
10675	0.508
10725	0.488
10775	0.508
10825	0.508
10875	0.508
10925	0.472
10975	0.472
11025	0.468
11075	0.444
11125	0.452
11175	0.464
11225	0.464
11275	0.468
11325	0.508
11375	0.472
11425	0.468
11475	0.472
11525	0.464
11575	0.460
11625	0.472
11675	0.504
11725	0.488
11775	0.508
11825	0.484
11875	0.508
11925	0.492
11975	0.480
12025	0.468
12075	0.476
12125	0.480
12175	0.468
12225	0.512
12275	0.516
12325	0.528
12375	0.524
12425	0.496
12475	0.480
12525	0.456
12575	0.436
12625	0.396
12675	0.412
12725	0.404
12775	0.428
12825	0.408
12875	0.416
12925	0.404
12975	0.412
13025	0.380
13075	0.400
13125	0.424
13175	0.448
13225	0.472
13275	0.516
13325	0.532
13375	0.520
13425	0.532
13475	0.516
13525	0.488
13575	0.472
13625	0.492
13675	0.456
13725	0.416
13775	0.392
13825	0.408
13875	0.400
13925	0.428
13975	0.452
14025	0.472
14075	0.448
14125	0.424
14175	0.424
14225	0.428
14275	0.408
14325	0.416
14375	0.416
14425	0.408
14475	0.396
14525	0.420
14575	0.412
14625	0.432
14675	0.444
14725	0.424
14775	0.428
14825	0.444
14875	0.436
14925	0.424
14975	0.440
15025	0.436
15075	0.424
15125	0.432
15175	0.436
15225	0.452
15275	0.464
15325	0.460
15375	0.464
15425	0.436
15475	0.452
15525	0.428
15575	0.420
15625	0.408
15675	0.416
15725	0.404
15775	0.420
15825	0.436
15875	0.424
15925	0.444
15975	0.452
16025	0.448
16075	0.448
16125	0.472
16175	0.464
16225	0.440
16275	0.444
16325	0.460
16375	0.448
16425	0.444
16475	0.456
16525	0.424
16575	0.384
16625	0.376
16675	0.360
16725	0.324
16775	0.344
16825	0.384
16875	0.380
16925	0.380
16975	0.436
17025	0.456
17075	0.444
17125	0.452
17175	0.480
17225	0.448
17275	0.440
17325	0.448
17375	0.440
17425	0.460
17475	0.484
17525	0.488
17575	0.488
17625	0.540
17675	0.528
17725	0.536
17775	0.548
17825	0.564
17875	0.528
17925	0.516
17975	0.520
18025	0.512
18075	0.492
18125	0.480
18175	0.488
18225	0.448
18275	0.392
18325	0.368
18375	0.376
18425	0.376
18475	0.364
18525	0.416
18575	0.416
18625	0.424
18675	0.416
18725	0.452
18775	0.444
18825	0.456
18875	0.444
18925	0.440
18975	0.452
19025	0.448
19075	0.452
19125	0.452
19175	0.484
19225	0.492
19275	0.512
19325	0.480
19375	0.492
19425	0.420
19475	0.380
19525	0.352
19575	0.388
19625	0.344
19675	0.412
19725	0.420
19775	0.436
19825	0.420
19875	0.468
19925	0.456
19975	0.436
20025	0.436
20075	0.456
20125	0.444
20175	0.432
20225	0.480
20275	0.464
20325	0.448
20375	0.456
20425	0.460
20475	0.408
20525	0.448
20575	0.476
20625	0.484
20675	0.500
20725	0.528
20775	0.496
20825	0.444
20875	0.408
20925	0.412
20975	0.416
21025	0.396
21075	0.412
21125	0.456
21175	0.440
21225	0.436
21275	0.452
21325	0.476
21375	0.480
21425	0.464
21475	0.468
21525	0.452
21575	0.436
21625	0.400
21675	0.384
21725	0.392
21775	0.432
21825	0.436
21875	0.452
21925	0.488
21975	0.472
22025	0.444
22075	0.428
22125	0.448
22175	0.452
22225	0.424
22275	0.444
22325	0.492
22375	0.476
22425	0.468
22475	0.500
22525	0.504
22575	0.496
22625	0.504
22675	0.488
22725	0.480
22775	0.468
22825	0.436
22875	0.448
22925	0.464
22975	0.472
23025	0.472
23075	0.488
23125	0.464
23175	0.464
23225	0.452
23275	0.444
23325	0.436
23375	0.460
23425	0.448
23475	0.464
23525	0.488
23575	0.488
23625	0.472
23675	0.448
23725	0.436
23775	0.424
23825	0.408
23875	0.376
23925	0.400
23975	0.408
24025	0.420
24075	0.424
24125	0.448
24175	0.448
24225	0.444
24275	0.440
24325	0.440
24375	0.424
24425	0.404
24475	0.396
24525	0.412
24575	0.420
24625	0.412
24675	0.432
24725	0.420
24775	0.372
24825	0.400
24875	0.420
24925	0.436
24975	0.444
25025	0.460
25075	0.440
25125	0.448
25175	0.416
25225	0.440
25275	0.460
25325	0.460
25375	0.448
25425	0.448
25475	0.448
25525	0.444
25575	0.456
25625	0.464
25675	0.492
25725	0.468
25775	0.456
25825	0.440
25875	0.444
25925	0.436
25975	0.448
26025	0.464
26075	0.484
26125	0.476
26175	0.460
26225	0.444
26275	0.444
26325	0.452
26375	0.440
26425	0.428
26475	0.464
26525	0.428
26575	0.412
26625	0.440
26675	0.504
26725	0.504
26775	0.508
26825	0.496
26875	0.464
26925	0.424
26975	0.400
27025	0.448
27075	0.460
27125	0.492
27175	0.512
27225	0.500
27275	0.472
27325	0.464
27375	0.464
27425	0.416
27475	0.408
27525	0.372
27575	0.352
27625	0.316
27675	0.332
27725	0.352
27775	0.380
27825	0.384
27875	0.380
27925	0.396
27975	0.396
28025	0.440
28075	0.464
28125	0.512
28175	0.524
28225	0.540
28275	0.544
28325	0.536
28375	0.496
28425	0.500
28475	0.468
28525	0.436
28575	0.444
28625	0.456
28675	0.440
28725	0.452
28775	0.440
28825	0.424
28875	0.432
28925	0.444
28975	0.440
29025	0.416
29075	0.432
29125	0.428
29175	0.400
29225	0.388
29275	0.420
29325	0.388
29375	0.384
29425	0.392
29475	0.396
29525	0.372
29575	0.384
29625	0.376
29675	0.364
29725	0.408
29775	0.424
29825	0.416
29875	0.404
29925	0.396
29975	0.340
30025	0.308
30075	0.292
30125	0.316
30175	0.320
30225	0.348
30275	0.372
30325	0.416
30375	0.428
30425	0.460
30475	0.472
30525	0.496
30575	0.508
30625	0.504
30675	0.508
30725	0.520
30775	0.520
30825	0.512
30875	0.536
30925	0.544
30975	0.532
31025	0.540
31075	0.516
31125	0.516
31175	0.516
31225	0.504
31275	0.504
31325	0.524
31375	0.476
31425	0.472
31475	0.496
31525	0.472
31575	0.468
31625	0.492
31675	0.476
31725	0.476
31775	0.464
31825	0.460
31875	0.452
31925	0.436
31975	0.384
32025	0.392
32075	0.416
32125	0.400
32175	0.440
32225	0.476
32275	0.472
32325	0.460
32375	0.484
32425	0.424
32475	0.416
32525	0.428
32575	0.432
32625	0.440
32675	0.476
32725	0.492
32775	0.488
32825	0.476
32875	0.464
32925	0.472
32975	0.460
33025	0.504
33075	0.500
33125	0.492
33175	0.472
33225	0.472
33275	0.424
33325	0.436
33375	0.436
33425	0.452
33475	0.460
33525	0.492
33575	0.472
33625	0.500
33675	0.496
33725	0.512
33775	0.488
33825	0.524
33875	0.508
33925	0.504
33975	0.488
34025	0.468
34075	0.416
34125	0.412
34175	0.424
34225	0.428
34275	0.460
34325	0.484
34375	0.492
34425	0.480
34475	0.492
34525	0.488
34575	0.484
34625	0.488
34675	0.504
34725	0.480
34775	0.496
34825	0.524
34875	0.492
34925	0.464
34975	0.456
35025	0.428
35075	0.408
35125	0.420
35175	0.452
35225	0.476
35275	0.472
35325	0.492
35375	0.516
35425	0.520
35475	0.524
35525	0.528
35575	0.472
35625	0.436
35675	0.384
35725	0.336
35775	0.320
35825	0.320
35875	0.340
35925	0.360
35975	0.392
36025	0.388
36075	0.416
36125	0.420
36175	0.416
36225	0.428
36275	0.460
36325	0.468
36375	0.452
36425	0.464
36475	0.456
36525	0.460
36575	0.468
36625	0.484
36675	0.508
36725	0.508
36775	0.488
36825	0.484
36875	0.464
36925	0.468
36975	0.456
37025	0.472
37075	0.444
37125	0.448
37175	0.424
37225	0.428
37275	0.420
37325	0.460
37375	0.460
37425	0.484
37475	0.484
37525	0.480
37575	0.464
37625	0.472
37675	0.452
37725	0.464
37775	0.464
37825	0.436
37875	0.416
37925	0.408
37975	0.412
38025	0.408
38075	0.436
38125	0.432
38175	0.408
38225	0.396
38275	0.412
38325	0.392
38375	0.436
38425	0.464
38475	0.460
38525	0.436
38575	0.468
38625	0.464
38675	0.440
38725	0.468
38775	0.520
38825	0.516
38875	0.532
38925	0.556
38975	0.536
39025	0.520
39075	0.524
39125	0.508
39175	0.496
39225	0.524
39275	0.496
39325	0.488
39375	0.496
39425	0.528
39475	0.516
39525	0.548
39575	0.548
39625	0.556
39675	0.544
39725	0.544
39775	0.532
39825	0.560
39875	0.548
39925	0.540
39975	0.532
40025	0.536
40075	0.516
40125	0.496
40175	0.508
40225	0.500
40275	0.472
40325	0.452
40375	0.468
40425	0.468
40475	0.496
40525	0.508
40575	0.516
40625	0.468
40675	0.416
40725	0.396
40775	0.372
40825	0.364
40875	0.416
40925	0.452
40975	0.420
41025	0.432
41075	0.456
41125	0.452
41175	0.468
41225	0.488
41275	0.504
41325	0.484
41375	0.484
41425	0.468
41475	0.424
41525	0.400
41575	0.444
41625	0.452
41675	0.436
41725	0.500
41775	0.532
41825	0.488
41875	0.476
41925	0.516
41975	0.520
42025	0.524
42075	0.524
42125	0.520
42175	0.512
42225	0.496
42275	0.500
42325	0.472
42375	0.480
42425	0.460
42475	0.440
42525	0.404
42575	0.452
42625	0.448
42675	0.464
42725	0.480
42775	0.480
42825	0.468
42875	0.476
42925	0.456
42975	0.444
43025	0.440
43075	0.392
43125	0.364
43175	0.372
43225	0.396
43275	0.376
43325	0.428
43375	0.444
43425	0.456
43475	0.420
43525	0.468
43575	0.456
43625	0.436
43675	0.408
43725	0.424
43775	0.388
43825	0.372
43875	0.412
43925	0.440
43975	0.432
44025	0.440
44075	0.464
44125	0.412
44175	0.396
44225	0.388
44275	0.380
44325	0.356
44375	0.348
44425	0.376
44475	0.384
44525	0.396
44575	0.392
44625	0.404
44675	0.380
44725	0.404
44775	0.388
44825	0.420
44875	0.440
44925	0.432
44975	0.392
45025	0.416
45075	0.372
45125	0.348
45175	0.348
45225	0.396
45275	0.368
45325	0.384
45375	0.404
45425	0.400
45475	0.368
45525	0.396
45575	0.352
45625	0.320
45675	0.304
45725	0.316
45775	0.300
45825	0.336
45875	0.328
45925	0.348
45975	0.336
46025	0.372
46075	0.372
46125	0.416
46175	0.432
46225	0.432
46275	0.396
46325	0.432
46375	0.420
46425	0.408
46475	0.428
46525	0.432
46575	0.420
46625	0.436
46675	0.460
46725	0.456
46775	0.472
46825	0.464
46875	0.468
46925	0.420
46975	0.396
47025	0.408
47075	0.412
47125	0.416
47175	0.440
47225	0.440
47275	0.432
47325	0.424
47375	0.420
47425	0.452
47475	0.496
47525	0.488
47575	0.508
47625	0.504
47675	0.480
47725	0.468
47775	0.488
47825	0.500
47875	0.504
47925	0.516
47975	0.520
48025	0.504
48075	0.484
48125	0.488
48175	0.464
48225	0.460
48275	0.464
48325	0.472
48375	0.448
48425	0.452
48475	0.424
48525	0.412
48575	0.404
48625	0.416
48675	0.460
48725	0.460
48775	0.476
48825	0.480
48875	0.464
48925	0.412
48975	0.428
49025	0.412
49075	0.400
49125	0.408
49175	0.440
49225	0.420
49275	0.416
49325	0.424
49375	0.424
49425	0.412
49475	0.452
49525	0.460
49575	0.440
49625	0.448
49675	0.464
49725	0.432
49775	0.440
49825	0.476
49875	0.468
49925	0.440
49975	0.468
50025	0.476
50075	0.464
50125	0.476
50175	0.488
50225	0.476
50275	0.496
50325	0.508
50375	0.520
50425	0.508
50475	0.512
50525	0.496
50575	0.512
50625	0.516
50675	0.512
50725	0.516
50775	0.520
50825	0.520
50875	0.488
50925	0.512
50975	0.520
51025	0.520
51075	0.524
51125	0.564
51175	0.552
51225	0.524
51275	0.524
51325	0.480
51375	0.476
51425	0.472
51475	0.488
51525	0.464
51575	0.488
51625	0.496
51675	0.500
51725	0.496
51775	0.528
51825	0.536
51875	0.524
51925	0.516
51975	0.548
52025	0.536
52075	0.516
52125	0.488
52175	0.504
52225	0.468
52275	0.444
52325	0.440
52375	0.420
52425	0.408
52475	0.384
52525	0.388
52575	0.368
52625	0.428
52675	0.436
52725	0.464
52775	0.468
52825	0.500
52875	0.484
52925	0.496
52975	0.512
53025	0.504
53075	0.496
53125	0.480
53175	0.492
53225	0.504
53275	0.508
53325	0.508
53375	0.524
53425	0.504
53475	0.500
53525	0.516
53575	0.532
53625	0.492
53675	0.468
53725	0.436
53775	0.432
53825	0.416
53875	0.456
53925	0.488
53975	0.504
54025	0.528
54075	0.536
54125	0.532
54175	0.528
54225	0.540
54275	0.508
54325	0.512
54375	0.508
54425	0.500
54475	0.472
54525	0.488
54575	0.476
54625	0.460
54675	0.452
54725	0.452
54775	0.452
54825	0.456
54875	0.464
54925	0.452
54975	0.460
55025	0.464
55075	0.420
55125	0.412
55175	0.424
55225	0.420
55275	0.404
55325	0.444
55375	0.420
55425	0.408
55475	0.404
55525	0.420
55575	0.424
55625	0.468
55675	0.500
55725	0.516
55775	0.504
55825	0.516
55875	0.508
55925	0.528
55975	0.504
56025	0.528
56075	0.528
56125	0.512
56175	0.480
56225	0.512
56275	0.464
56325	0.432
56375	0.452
56425	0.424
56475	0.412
56525	0.452
56575	0.476
56625	0.484
56675	0.500
56725	0.500
56775	0.492
56825	0.492
56875	0.480
56925	0.488
56975	0.480
57025	0.460
57075	0.468
57125	0.480
57175	0.460
57225	0.440
57275	0.480
57325	0.448
57375	0.432
57425	0.460
57475	0.492
57525	0.436
57575	0.420
57625	0.420
57675	0.396
57725	0.352
57775	0.392
57825	0.432
57875	0.440
57925	0.432
57975	0.464
58025	0.448
58075	0.456
58125	0.472
58175	0.504
58225	0.524
58275	0.532
58325	0.520
58375	0.520
58425	0.500
58475	0.480
58525	0.468
58575	0.440
58625	0.400
58675	0.444
58725	0.472
58775	0.492
58825	0.520
58875	0.560
58925	0.500
58975	0.460
59025	0.432
59075	0.416
59125	0.384
59175	0.380
59225	0.384
59275	0.388
59325	0.384
59375	0.400
59425	0.444
59475	0.436
59525	0.444
59575	0.460
59625	0.444
59675	0.440
59725	0.452
59775	0.460
59825	0.464
59875	0.476
59925	0.480
59975	0.496
60025	0.492
60075	0.472
60125	0.448
60175	0.396
60225	0.372
60275	0.340
60325	0.360
60375	0.392
60425	0.432
60475	0.436
60525	0.464
60575	0.472
60625	0.468
60675	0.492
60725	0.520
60775	0.532
60825	0.540
60875	0.548
60925	0.532
60975	0.528
61025	0.532
61075	0.536
61125	0.536
61175	0.560
61225	0.548
61275	0.548
61325	0.532
61375	0.532
61425	0.520
61475	0.516
61525	0.528
61575	0.520
61625	0.484
61675	0.468
61725	0.456
61775	0.440
61825	0.448
61875	0.468
61925	0.420
61975	0.460
62025	0.456
62075	0.472
62125	0.472
62175	0.512
62225	0.476
62275	0.488
62325	0.464
62375	0.476
62425	0.488
62475	0.528
62525	0.524
62575	0.560
62625	0.536
62675	0.532
62725	0.488
62775	0.460
62825	0.396
62875	0.432
62925	0.460
62975	0.484
63025	0.528
63075	0.580
63125	0.592
63175	0.596
63225	0.616
63275	0.616
63325	0.624
63375	0.628
63425	0.612
63475	0.608
63525	0.604
63575	0.604
63625	0.588
63675	0.576
63725	0.580
63775	0.580
63825	0.552
63875	0.544
63925	0.548
63975	0.488
64025	0.456
64075	0.468
64125	0.456
64175	0.440
64225	0.488
64275	0.492
64325	0.452
64375	0.448
64425	0.456
64475	0.460
64525	0.504
64575	0.548
64625	0.576
64675	0.588
64725	0.588
64775	0.560
64825	0.560
64875	0.552
64925	0.536
64975	0.520
65025	0.520
65075	0.532
65125	0.540
65175	0.552
65225	0.576
65275	0.564
65325	0.532
65375	0.488
65425	0.492
65475	0.476
65525	0.460
65575	0.468
65625	0.504
65675	0.468
65725	0.452
65775	0.480
65825	0.484
65875	0.476
65925	0.516
65975	0.524
66025	0.512
66075	0.492
66125	0.476
66175	0.432
66225	0.428
66275	0.456
66325	0.480
66375	0.492
66425	0.528
66475	0.532
66525	0.520
66575	0.508
66625	0.504
66675	0.520
66725	0.500
66775	0.488
66825	0.476
66875	0.448
66925	0.416
66975	0.448
67025	0.464
67075	0.468
67125	0.528
67175	0.536
67225	0.524
67275	0.504
67325	0.508
67375	0.500
67425	0.528
67475	0.532
67525	0.524
67575	0.532
67625	0.496
67675	0.460
67725	0.448
67775	0.460
67825	0.436
67875	0.440
67925	0.464
67975	0.472
68025	0.472
68075	0.488
68125	0.496
68175	0.480
68225	0.496
68275	0.496
68325	0.488
68375	0.508
68425	0.504
68475	0.500
68525	0.504
68575	0.508
68625	0.504
68675	0.500
68725	0.468
68775	0.468
68825	0.472
68875	0.468
68925	0.480
68975	0.512
69025	0.496
69075	0.484
69125	0.476
69175	0.476
69225	0.484
69275	0.492
69325	0.508
69375	0.528
69425	0.548
69475	0.528
69525	0.532
69575	0.540
69625	0.524
69675	0.516
69725	0.516
69775	0.520
69825	0.504
69875	0.508
69925	0.492
69975	0.476
70025	0.496
70075	0.500
70125	0.488
70175	0.480
70225	0.512
70275	0.508
70325	0.540
70375	0.540
70425	0.552
70475	0.568
70525	0.552
70575	0.524
70625	0.552
70675	0.552
70725	0.512
70775	0.484
70825	0.496
70875	0.488
70925	0.468
70975	0.496
71025	0.516
71075	0.508
71125	0.504
71175	0.532
71225	0.512
71275	0.524
71325	0.528
71375	0.528
71425	0.552
71475	0.568
71525	0.580
71575	0.580
71625	0.576
71675	0.544
71725	0.540
71775	0.540
71825	0.544
71875	0.532
71925	0.532
71975	0.512
72025	0.472
72075	0.472
72125	0.468
72175	0.456
72225	0.452
72275	0.484
72325	0.468
72375	0.472
72425	0.452
72475	0.432
72525	0.424
72575	0.420
72625	0.428
72675	0.444
72725	0.444
72775	0.400
72825	0.396
72875	0.376
72925	0.368
72975	0.364
73025	0.376
73075	0.384
73125	0.408
73175	0.440
73225	0.468
73275	0.460
73325	0.436
73375	0.416
73425	0.368
73475	0.328
73525	0.328
73575	0.348
73625	0.352
73675	0.360
73725	0.408
73775	0.408
73825	0.352
73875	0.356
73925	0.428
73975	0.444
74025	0.508
74075	0.596
74125	0.624
74175	0.600
74225	0.600
74275	0.600
74325	0.604
74375	0.576
74425	0.564
74475	0.576
74525	0.564
74575	0.540
74625	0.564
74675	0.572
74725	0.516
74775	0.480
74825	0.464
74875	0.424
74925	0.416
74975	0.460
75025	0.488
75075	0.496
75125	0.484
75175	0.472
75225	0.428
75275	0.368
75325	0.372
75375	0.424
75425	0.404
75475	0.424
75525	0.448
75575	0.420
75625	0.368
75675	0.360
75725	0.352
75775	0.344
75825	0.368
75875	0.404
75925	0.448
75975	0.476
76025	0.516
76075	0.536
76125	0.544
76175	0.548
76225	0.540
76275	0.552
76325	0.548
76375	0.524
76425	0.532
76475	0.512
76525	0.492
76575	0.488
76625	0.520
76675	0.496
76725	0.472
76775	0.424
76825	0.376
76875	0.348
76925	0.332
76975	0.352
77025	0.368
77075	0.376
77125	0.360
77175	0.344
77225	0.324
77275	0.320
77325	0.332
77375	0.368
77425	0.412
77475	0.484
77525	0.548
77575	0.552
77625	0.540
77675	0.520
77725	0.476
77775	0.432
77825	0.444
77875	0.460
77925	0.488
77975	0.520
78025	0.532
78075	0.552
78125	0.548
78175	0.548
78225	0.512
78275	0.492
78325	0.464
78375	0.436
78425	0.420
78475	0.424
78525	0.432
78575	0.444
78625	0.440
78675	0.432
78725	0.448
78775	0.444
78825	0.408
78875	0.416
78925	0.392
78975	0.364
79025	0.352
79075	0.368
79125	0.384
79175	0.396
79225	0.360
79275	0.384
79325	0.380
79375	0.388
79425	0.380
79475	0.444
79525	0.440
79575	0.476
79625	0.472
79675	0.492
79725	0.472
79775	0.452
79825	0.448
79875	0.480
79925	0.492
79975	0.536
80025	0.592
80075	0.624
80125	0.612
80175	0.624
80225	0.600
80275	0.556
80325	0.528
80375	0.500
80425	0.476
80475	0.468
80525	0.508
80575	0.532
80625	0.552
80675	0.564
80725	0.584
80775	0.588
80825	0.544
80875	0.500
80925	0.500
80975	0.452
81025	0.428
81075	0.432
81125	0.476
81175	0.456
81225	0.468
81275	0.496
81325	0.504
81375	0.472
81425	0.468
81475	0.480
81525	0.436
81575	0.396
81625	0.368
81675	0.408
81725	0.412
81775	0.460
81825	0.536
81875	0.612
81925	0.640
81975	0.676
82025	0.660
82075	0.636
82125	0.640
82175	0.584
82225	0.568
82275	0.576
82325	0.584
82375	0.568
82425	0.576
82475	0.532
82525	0.532
82575	0.528
82625	0.524
82675	0.560
82725	0.620
82775	0.644
82825	0.644
82875	0.656
82925	0.644
82975	0.640
83025	0.576
83075	0.528
83125	0.504
83175	0.472
83225	0.444
83275	0.476
83325	0.520
83375	0.532
83425	0.540
83475	0.556
83525	0.528
83575	0.528
83625	0.516
83675	0.540
83725	0.552
83775	0.580
83825	0.568
83875	0.576
83925	0.544
83975	0.528
84025	0.532
84075	0.532
84125	0.508
84175	0.524
84225	0.492
84275	0.468
84325	0.480
84375	0.488
84425	0.476
84475	0.504
84525	0.528
84575	0.520
84625	0.524
84675	0.540
84725	0.528
84775	0.496
84825	0.492
84875	0.488
84925	0.468
84975	0.460
85025	0.488
85075	0.512
85125	0.524
85175	0.548
85225	0.588
85275	0.576
85325	0.524
85375	0.520
85425	0.496
85475	0.480
85525	0.512
85575	0.568
85625	0.588
85675	0.612
85725	0.608
85775	0.588
85825	0.572
85875	0.552
85925	0.552
85975	0.560
86025	0.548
86075	0.516
86125	0.484
86175	0.428
86225	0.400
86275	0.364
86325	0.388
86375	0.440
86425	0.452
86475	0.432
86525	0.452
86575	0.452
86625	0.444
86675	0.488
86725	0.516
86775	0.536
86825	0.536
86875	0.532
86925	0.516
86975	0.540
87025	0.552
87075	0.564
87125	0.568
87175	0.564
87225	0.556
87275	0.540
87325	0.556
87375	0.536
87425	0.540
87475	0.524
87525	0.500
87575	0.484
87625	0.468
87675	0.448
87725	0.440
87775	0.456
87825	0.448
87875	0.464
87925	0.500
87975	0.512
88025	0.508
88075	0.488
88125	0.480
88175	0.444
88225	0.432
88275	0.436
88325	0.444
88375	0.460
88425	0.472
88475	0.500
88525	0.540
88575	0.544
88625	0.524
88675	0.520
88725	0.504
88775	0.488
88825	0.516
88875	0.524
88925	0.528
88975	0.484
89025	0.436
89075	0.408
89125	0.400
89175	0.400
89225	0.444
89275	0.472
89325	0.448
89375	0.428
89425	0.420
89475	0.424
89525	0.444
89575	0.456
89625	0.508
89675	0.536
89725	0.552
89775	0.536
89825	0.532
89875	0.508
89925	0.500
89975	0.460
90025	0.456
90075	0.476
90125	0.480
90175	0.420
90225	0.444
90275	0.448
90325	0.444
90375	0.456
90425	0.520
90475	0.556
90525	0.592
90575	0.592
90625	0.592
90675	0.588
90725	0.528
90775	0.452
90825	0.436
90875	0.436
90925	0.472
90975	0.484
91025	0.556
91075	0.572
91125	0.556
91175	0.532
91225	0.568
91275	0.536
91325	0.572
91375	0.608
91425	0.616
91475	0.616
91525	0.652
91575	0.652
91625	0.608
91675	0.608
91725	0.584
91775	0.576
91825	0.564
91875	0.600
91925	0.588
91975	0.588
92025	0.568
92075	0.544
92125	0.508
92175	0.480
92225	0.472
92275	0.444
92325	0.436
92375	0.452
92425	0.448
92475	0.444
92525	0.460
92575	0.444
92625	0.424
92675	0.432
92725	0.424
92775	0.412
92825	0.424
92875	0.428
92925	0.440
92975	0.476
93025	0.516
93075	0.520
93125	0.560
93175	0.572
93225	0.548
93275	0.548
93325	0.552
93375	0.532
93425	0.528
93475	0.576
93525	0.568
93575	0.572
93625	0.560
93675	0.544
93725	0.528
93775	0.544
93825	0.556
93875	0.580
93925	0.592
93975	0.576
94025	0.540
94075	0.552
94125	0.544
94175	0.548
94225	0.556
94275	0.576
94325	0.584
94375	0.576
94425	0.580
94475	0.568
94525	0.548
94575	0.540
94625	0.540
94675	0.508
94725	0.456
94775	0.412
94825	0.372
94875	0.376
94925	0.412
94975	0.440
95025	0.504
95075	0.524
95125	0.536
95175	0.528
95225	0.552
95275	0.536
95325	0.532
95375	0.516
95425	0.508
95475	0.496
95525	0.504
95575	0.508
95625	0.520
95675	0.516
95725	0.516
95775	0.500
95825	0.492
95875	0.476
95925	0.480
95975	0.496
96025	0.528
96075	0.564
96125	0.568
96175	0.592
96225	0.612
96275	0.600
96325	0.568
96375	0.584
96425	0.564
96475	0.508
96525	0.504
96575	0.484
96625	0.452
96675	0.440
96725	0.452
96775	0.428
96825	0.460
96875	0.464
96925	0.484
96975	0.500
97025	0.508
97075	0.488
97125	0.492
97175	0.456
97225	0.448
97275	0.444
97325	0.460
97375	0.484
97425	0.504
97475	0.500
97525	0.520
97575	0.508
97625	0.500
97675	0.520
97725	0.524
97775	0.524
97825	0.560
97875	0.552
97925	0.544
97975	0.540
98025	0.540
98075	0.504
98125	0.492
98175	0.476
98225	0.480
98275	0.468
98325	0.464
98375	0.452
98425	0.424
98475	0.428
98525	0.436
98575	0.436
98625	0.472
98675	0.500
98725	0.472
98775	0.468
98825	0.476
98875	0.460
98925	0.480
98975	0.524
99025	0.516
99075	0.504
99125	0.512
99175	0.488
99225	0.424
99275	0.448
99325	0.488
99375	0.468
99425	0.508
99475	0.568
99525	0.576
99575	0.528
99625	0.516
99675	0.480
99725	0.444
99775	0.440
99825	0.468
99875	0.492
99925	0.492
99975	0.492
100025	0.476
100075	0.484
100125	0.488
100175	0.484
100225	0.508
100275	0.488
100325	0.440
100375	0.420
100425	0.432
100475	0.420
100525	0.468
100575	0.512
100625	0.532
100675	0.532
100725	0.536
100775	0.484
100825	0.468
100875	0.504
100925	0.548
100975	0.576
101025	0.624
101075	0.640
101125	0.600
101175	0.548
101225	0.556
101275	0.544
101325	0.536
101375	0.540
101425	0.580
101475	0.528
101525	0.520
101575	0.516
101625	0.516
101675	0.496
101725	0.532
101775	0.556
101825	0.552
101875	0.568
101925	0.572
101975	0.564
102025	0.552
102075	0.556
102125	0.576
102175	0.568
102225	0.572
102275	0.580
102325	0.576
102375	0.564
102425	0.580
102475	0.580
102525	0.580
102575	0.584
102625	0.560
102675	0.532
102725	0.532
102775	0.508
102825	0.520
102875	0.512
102925	0.504
102975	0.492
103025	0.472
103075	0.476
103125	0.484
103175	0.504
103225	0.540
103275	0.560
103325	0.548
103375	0.576
103425	0.612
103475	0.608
103525	0.612
103575	0.588
103625	0.536
103675	0.476
103725	0.416
103775	0.428
103825	0.440
103875	0.472
103925	0.460
103975	0.496
104025	0.476
104075	0.448
104125	0.436
104175	0.440
104225	0.396
104275	0.376
104325	0.420
104375	0.380
104425	0.384
104475	0.380
104525	0.392
104575	0.388
104625	0.404
104675	0.400
104725	0.416
104775	0.420
104825	0.400
104875	0.416
104925	0.472
104975	0.548
105025	0.592
105075	0.636
105125	0.680
105175	0.680
105225	0.652
105275	0.644
105325	0.644
105375	0.640
105425	0.648
105475	0.644
105525	0.668
105575	0.680
105625	0.672
105675	0.632
105725	0.620
105775	0.572
105825	0.536
105875	0.512
105925	0.516
105975	0.508
106025	0.484
106075	0.472
106125	0.472
106175	0.476
106225	0.496
106275	0.532
106325	0.520
106375	0.524
106425	0.540
106475	0.504
106525	0.456
106575	0.440
106625	0.432
106675	0.404
106725	0.404
106775	0.424
106825	0.440
106875	0.440
106925	0.412
106975	0.428
107025	0.416
107075	0.424
107125	0.424
107175	0.464
107225	0.464
107275	0.488
107325	0.476
107375	0.476
107425	0.448
107475	0.420
107525	0.408
107575	0.452
107625	0.460
107675	0.496
107725	0.552
107775	0.576
107825	0.580
107875	0.604
107925	0.620
107975	0.616
108025	0.628
108075	0.616
108125	0.584
108175	0.548
108225	0.544
108275	0.520
108325	0.524
108375	0.536
108425	0.556
108475	0.536
108525	0.556
108575	0.532
108625	0.524
108675	0.512
108725	0.524
108775	0.512
108825	0.540
108875	0.560
108925	0.552
108975	0.500
109025	0.488
109075	0.472
109125	0.464
109175	0.480
109225	0.536
109275	0.564
109325	0.576
109375	0.572
109425	0.556
109475	0.560
109525	0.536
109575	0.540
109625	0.528
109675	0.552
109725	0.548
109775	0.588
109825	0.580
109875	0.632
109925	0.636
109975	0.652
110025	0.628
110075	0.652
110125	0.624
110175	0.600
110225	0.624
110275	0.616
110325	0.580
110375	0.560
110425	0.524
110475	0.448
110525	0.420
110575	0.396
110625	0.384
110675	0.412
110725	0.428
110775	0.452
110825	0.444
110875	0.424
110925	0.388
110975	0.400
111025	0.372
111075	0.384
111125	0.396
111175	0.448
111225	0.472
111275	0.508
111325	0.556
111375	0.604
111425	0.632
111475	0.612
111525	0.608
111575	0.604
111625	0.588
111675	0.596
111725	0.620
111775	0.632
111825	0.636
111875	0.648
111925	0.624
111975	0.632
112025	0.620
112075	0.612
112125	0.592
112175	0.584
112225	0.556
112275	0.572
112325	0.564
112375	0.584
112425	0.596
112475	0.616
112525	0.604
112575	0.612
112625	0.624
112675	0.596
112725	0.588
112775	0.596
112825	0.576
112875	0.532
112925	0.532
112975	0.528
113025	0.500
113075	0.520
113125	0.540
113175	0.560
113225	0.536
113275	0.576
113325	0.560
113375	0.564
113425	0.544
113475	0.564
113525	0.540
113575	0.548
113625	0.532
113675	0.532
113725	0.500
113775	0.484
113825	0.444
113875	0.424
113925	0.440
113975	0.480
114025	0.504
114075	0.556
114125	0.604
114175	0.596
114225	0.604
114275	0.620
114325	0.608
114375	0.596
114425	0.640
114475	0.620
114525	0.620
114575	0.636
114625	0.636
114675	0.576
114725	0.576
114775	0.548
114825	0.532
114875	0.520
114925	0.528
114975	0.528
115025	0.524
115075	0.540
115125	0.564
115175	0.564
115225	0.568
115275	0.576
115325	0.552
115375	0.544
115425	0.576
115475	0.556
115525	0.532
115575	0.560
115625	0.532
115675	0.508
115725	0.516
115775	0.524
115825	0.504
115875	0.532
115925	0.540
115975	0.560
116025	0.556
116075	0.552
116125	0.532
116175	0.500
116225	0.488
116275	0.508
116325	0.500
116375	0.520
116425	0.544
116475	0.560
116525	0.556
116575	0.544
116625	0.516
116675	0.516
116725	0.480
116775	0.500
116825	0.564
116875	0.584
116925	0.600
116975	0.620
117025	0.584
117075	0.504
117125	0.468
117175	0.420
117225	0.400
117275	0.384
117325	0.412
117375	0.396
117425	0.420
117475	0.420
117525	0.408
117575	0.396
117625	0.452
117675	0.472
117725	0.512
117775	0.576
117825	0.612
117875	0.620
117925	0.656
117975	0.636
118025	0.604
118075	0.596
118125	0.608
118175	0.600
118225	0.616
118275	0.656
118325	0.664
118375	0.604
118425	0.564
118475	0.512
118525	0.412
118575	0.360
118625	0.384
118675	0.404
118725	0.428
118775	0.460
118825	0.448
118875	0.440
118925	0.404
118975	0.404
119025	0.372
119075	0.428
119125	0.448
119175	0.416
119225	0.408
119275	0.432
119325	0.412
119375	0.432
119425	0.504
119475	0.564
119525	0.624
119575	0.648
119625	0.652
119675	0.648
119725	0.620
119775	0.636
119825	0.656
119875	0.660
119925	0.656
119975	0.628
120025	0.608
120075	0.572
120125	0.516
120175	0.520
120225	0.488
120275	0.460
120325	0.428
120375	0.420
120425	0.368
120475	0.400
120525	0.416
120575	0.440
120625	0.468
120675	0.508
120725	0.496
120775	0.476
120825	0.496
120875	0.496
120925	0.520
120975	0.544
121025	0.552
121075	0.504
121125	0.456
121175	0.412
121225	0.404
121275	0.424
121325	0.452
121375	0.512
121425	0.504
121475	0.500
121525	0.464
121575	0.456
121625	0.404
121675	0.424
121725	0.440
121775	0.468
121825	0.460
121875	0.484
121925	0.496
121975	0.496
122025	0.516
122075	0.564
122125	0.616
122175	0.628
122225	0.648
122275	0.648
122325	0.628
122375	0.608
122425	0.596
122475	0.572
122525	0.564
122575	0.564
122625	0.580
122675	0.552
122725	0.524
122775	0.476
122825	0.464
122875	0.428
122925	0.456
122975	0.540
123025	0.620
123075	0.644
123125	0.688
123175	0.716
123225	0.676
123275	0.660
123325	0.668
123375	0.628
123425	0.588
123475	0.592
123525	0.572
123575	0.540
123625	0.548
123675	0.584
123725	0.568
123775	0.596
123825	0.632
123875	0.660
123925	0.660
123975	0.676
124025	0.660
124075	0.648
124125	0.636
124175	0.636
124225	0.624
124275	0.644
124325	0.656
124375	0.672
124425	0.640
124475	0.664
124525	0.656
124575	0.652
124625	0.620
124675	0.616
124725	0.596
124775	0.592
124825	0.592
124875	0.620
124925	0.628
124975	0.604
125025	0.620
125075	0.608
125125	0.572
125175	0.572
125225	0.600
125275	0.552
125325	0.540
125375	0.528
125425	0.520
125475	0.524
125525	0.520
125575	0.536
125625	0.552
125675	0.540
125725	0.544
125775	0.532
125825	0.516
125875	0.536
125925	0.564
125975	0.556
126025	0.552
126075	0.540
126125	0.528
126175	0.500
126225	0.480
126275	0.496
126325	0.500
126375	0.480
126425	0.504
126475	0.500
126525	0.504
126575	0.492
126625	0.512
126675	0.500
126725	0.476
126775	0.464
126825	0.468
126875	0.448
126925	0.416
126975	0.424
127025	0.424
127075	0.440
127125	0.416
127175	0.424
127225	0.420
127275	0.432
127325	0.424
127375	0.452
127425	0.488
127475	0.512
127525	0.496
127575	0.476
127625	0.472
127675	0.468
127725	0.472
127775	0.472
127825	0.508
127875	0.528
127925	0.516
127975	0.508
128025	0.508
128075	0.492
128125	0.468
128175	0.476
128225	0.496
128275	0.488
128325	0.496
128375	0.500
128425	0.492
128475	0.468
128525	0.504
128575	0.500
128625	0.504
128675	0.520
128725	0.540
128775	0.544
128825	0.576
128875	0.612
128925	0.628
128975	0.644
129025	0.660
129075	0.632
129125	0.616
129175	0.604
129225	0.580
129275	0.540
129325	0.544
129375	0.548
129425	0.540
129475	0.512
129525	0.508
129575	0.500
129625	0.480
129675	0.456
129725	0.492
129775	0.512
129825	0.508
129875	0.496
129925	0.512
129975	0.480
130025	0.496
130075	0.520
130125	0.564
130175	0.580
130225	0.612
130275	0.616
130325	0.600
130375	0.560
130425	0.552
130475	0.552
130525	0.516
130575	0.524
130625	0.500
130675	0.480
130725	0.448
130775	0.452
130825	0.468
130875	0.504
130925	0.508
130975	0.524
131025	0.536
131075	0.500
131125	0.496
131175	0.496
131225	0.504
131275	0.516
131325	0.544
131375	0.536
131425	0.548
131475	0.552
131525	0.524
131575	0.508
131625	0.532
131675	0.540
131725	0.524
131775	0.548
131825	0.556
131875	0.560
131925	0.556
131975	0.592
132025	0.600
132075	0.608
132125	0.624
132175	0.640
132225	0.624
132275	0.592
132325	0.584
132375	0.556
132425	0.532
132475	0.500
132525	0.524
132575	0.524
132625	0.540
132675	0.552
132725	0.588
132775	0.544
132825	0.532
132875	0.520
132925	0.472
132975	0.432
133025	0.444
133075	0.436
133125	0.404
133175	0.408
133225	0.424
133275	0.452
133325	0.464
133375	0.480
133425	0.512
133475	0.512
133525	0.464
133575	0.452
133625	0.472
133675	0.496
133725	0.496
133775	0.560
133825	0.572
133875	0.564
133925	0.552
133975	0.532
134025	0.520
134075	0.540
134125	0.532
134175	0.536
134225	0.568
134275	0.552
134325	0.556
134375	0.548
134425	0.524
134475	0.504
134525	0.480
134575	0.432
134625	0.432
134675	0.444
134725	0.428
134775	0.448
134825	0.476
134875	0.468
134925	0.460
134975	0.476
135025	0.488
135075	0.488
135125	0.488
135175	0.480
135225	0.492
135275	0.500
135325	0.488
135375	0.492
135425	0.516
135475	0.504
135525	0.480
135575	0.492
135625	0.516
135675	0.524
135725	0.544
135775	0.556
135825	0.568
135875	0.580
135925	0.572
135975	0.548
136025	0.556
136075	0.528
136125	0.524
136175	0.548
136225	0.576
136275	0.584
136325	0.600
136375	0.600
136425	0.572
136475	0.584
136525	0.608
136575	0.616
136625	0.624
136675	0.620
136725	0.612
136775	0.560
136825	0.552
136875	0.524
136925	0.516
136975	0.472
137025	0.496
137075	0.500
137125	0.492
137175	0.492
137225	0.536
137275	0.540
137325	0.508
137375	0.512
137425	0.520
137475	0.488
137525	0.448
137575	0.488
137625	0.484
137675	0.480
137725	0.492
137775	0.488
137825	0.464
137875	0.464
137925	0.452
137975	0.456
138025	0.488
138075	0.492
138125	0.480
138175	0.520
138225	0.516
138275	0.508
138325	0.528
138375	0.564
138425	0.552
138475	0.580
138525	0.608
138575	0.584
138625	0.572
138675	0.548
138725	0.516
138775	0.496
138825	0.496
138875	0.504
138925	0.512
138975	0.540
139025	0.520
139075	0.536
139125	0.532
139175	0.560
139225	0.500
139275	0.516
139325	0.516
139375	0.516
139425	0.464
139475	0.540
139525	0.552
139575	0.548
139625	0.556
139675	0.592
139725	0.552
139775	0.544
139825	0.552
139875	0.536
139925	0.524
139975	0.528
140025	0.524
140075	0.512
140125	0.524
140175	0.532
140225	0.528
140275	0.528
140325	0.528
140375	0.508
140425	0.496
140475	0.508
140525	0.476
140575	0.472
140625	0.488
140675	0.496
140725	0.492
140775	0.548
140825	0.560
140875	0.552
140925	0.556
140975	0.544
141025	0.548
141075	0.492
141125	0.484
141175	0.432
141225	0.408
141275	0.364
141325	0.424
141375	0.400
141425	0.420
141475	0.416
141525	0.432
141575	0.400
141625	0.404
141675	0.400
141725	0.452
141775	0.448
141825	0.480
141875	0.492
141925	0.500
141975	0.464
142025	0.436
142075	0.400
142125	0.428
142175	0.420
142225	0.404
142275	0.400
142325	0.408
142375	0.400
142425	0.408
142475	0.428
142525	0.456
142575	0.460
142625	0.432
142675	0.416
142725	0.424
142775	0.444
142825	0.448
142875	0.464
142925	0.480
142975	0.452
143025	0.464
143075	0.476
143125	0.472
143175	0.516
143225	0.560
143275	0.520
143325	0.496
143375	0.496
143425	0.480
143475	0.472
143525	0.480
143575	0.496
143625	0.500
143675	0.480
143725	0.456
143775	0.440
143825	0.440
143875	0.456
143925	0.456
143975	0.476
144025	0.472
144075	0.484
144125	0.448
144175	0.444
144225	0.412
144275	0.416
144325	0.424
144375	0.484
144425	0.512
144475	0.540
144525	0.572
144575	0.552
144625	0.516
144675	0.536
144725	0.564
144775	0.536
144825	0.532
144875	0.532
144925	0.476
144975	0.472
145025	0.508
145075	0.532
145125	0.592
145175	0.612
145225	0.648
145275	0.660
145325	0.656
145375	0.620
145425	0.644
145475	0.632
145525	0.616
145575	0.604
145625	0.580
145675	0.576
145725	0.560
145775	0.564
145825	0.564
145875	0.592
145925	0.592
145975	0.616
146025	0.624
146075	0.620
146125	0.584
146175	0.556
146225	0.532
146275	0.536
146325	0.548
146375	0.568
146425	0.580
146475	0.544
146525	0.524
146575	0.528
146625	0.548
146675	0.596
146725	0.632
146775	0.600
146825	0.592
146875	0.568
146925	0.548
146975	0.520
147025	0.568
147075	0.560
147125	0.592
147175	0.576
147225	0.600
147275	0.612
147325	0.628
147375	0.608
147425	0.604
147475	0.596
147525	0.572
147575	0.572
147625	0.572
147675	0.568
147725	0.576
147775	0.596
147825	0.596
147875	0.596
147925	0.592
147975	0.576
148025	0.564
148075	0.584
148125	0.600
148175	0.636
148225	0.656
148275	0.636
148325	0.636
148375	0.628
148425	0.596
148475	0.608
148525	0.612
148575	0.584
148625	0.572
148675	0.576
148725	0.536
148775	0.536
148825	0.540
148875	0.564
148925	0.576
148975	0.588
149025	0.576
149075	0.576
149125	0.548
149175	0.540
149225	0.528
149275	0.560
149325	0.536
149375	0.528
149425	0.568
149475	0.592
149525	0.580
149575	0.596
149625	0.616
149675	0.592
149725	0.564
149775	0.548
149825	0.572
149875	0.536
149925	0.484
149975	0.484
150025	0.476
150075	0.444
150125	0.432
150175	0.432
150225	0.432
150275	0.416
150325	0.416
150375	0.472
150425	0.480
150475	0.484
150525	0.500
150575	0.496
150625	0.448
150675	0.464
150725	0.476
150775	0.472
150825	0.452
150875	0.456
150925	0.420
150975	0.396
151025	0.368
151075	0.368
151125	0.356
151175	0.376
151225	0.384
151275	0.420
151325	0.412
151375	0.436
151425	0.468
151475	0.476
151525	0.492
151575	0.524
151625	0.524
151675	0.484
151725	0.504
151775	0.508
151825	0.536
151875	0.568
151925	0.620
151975	0.608
152025	0.600
152075	0.580
152125	0.568
152175	0.540
152225	0.552
152275	0.564
152325	0.564
152375	0.568
152425	0.572
152475	0.576
152525	0.544
152575	0.544
152625	0.500
152675	0.496
152725	0.472
152775	0.484
152825	0.480
152875	0.512
152925	0.516
152975	0.512
153025	0.508
153075	0.516
153125	0.512
153175	0.476
153225	0.468
153275	0.448
153325	0.428
153375	0.428
153425	0.444
153475	0.460
153525	0.488
153575	0.508
153625	0.508
153675	0.528
153725	0.520
153775	0.520
153825	0.520
153875	0.540
153925	0.512
153975	0.528
154025	0.504
154075	0.504
154125	0.476
154175	0.504
154225	0.484
154275	0.524
154325	0.508
154375	0.516
154425	0.496
154475	0.496
154525	0.468
154575	0.460
154625	0.452
154675	0.456
154725	0.460
154775	0.444
154825	0.440
154875	0.440
154925	0.448
154975	0.440
155025	0.464
155075	0.492
155125	0.500
155175	0.512
155225	0.548
155275	0.560
155325	0.572
155375	0.588
155425	0.604
155475	0.600
155525	0.592
155575	0.580
155625	0.576
155675	0.572
155725	0.540
155775	0.560
155825	0.584
155875	0.584
155925	0.564
155975	0.600
156025	0.608
156075	0.564
156125	0.544
156175	0.552
156225	0.532
156275	0.512
156325	0.520
156375	0.528
156425	0.508
156475	0.480
156525	0.448
156575	0.440
156625	0.412
156675	0.428
156725	0.472
156775	0.504
156825	0.524
156875	0.552
156925	0.568
156975	0.524
157025	0.524
157075	0.516
157125	0.516
157175	0.472
157225	0.496
157275	0.492
157325	0.504
157375	0.500
157425	0.528
157475	0.548
157525	0.548
157575	0.536
157625	0.544
157675	0.560
157725	0.536
157775	0.520
157825	0.528
157875	0.528
157925	0.504
157975	0.536
158025	0.544
158075	0.540
158125	0.532
158175	0.540
158225	0.528
158275	0.520
158325	0.504
158375	0.512
158425	0.508
158475	0.504
158525	0.508
158575	0.520
158625	0.528
158675	0.536
158725	0.544
158775	0.592
158825	0.572
158875	0.552
158925	0.504
158975	0.492
159025	0.476
159075	0.512
159125	0.512
159175	0.552
159225	0.536
159275	0.512
159325	0.508
159375	0.540
159425	0.556
159475	0.580
159525	0.620
159575	0.628
159625	0.616
159675	0.612
159725	0.628
159775	0.616
159825	0.636
159875	0.664
159925	0.664
159975	0.676
160025	0.664
160075	0.648
160125	0.596
160175	0.568
160225	0.532
160275	0.528
160325	0.528
160375	0.564
160425	0.600
160475	0.620
160525	0.624
160575	0.572
160625	0.536
160675	0.484
160725	0.384
160775	0.360
160825	0.392
160875	0.356
160925	0.356
160975	0.416
161025	0.376
161075	0.340
161125	0.400
161175	0.428
161225	0.452
161275	0.476
161325	0.476
161375	0.440
161425	0.420
161475	0.416
161525	0.408
161575	0.460
161625	0.464
161675	0.480
161725	0.460
161775	0.488
161825	0.464
161875	0.476
161925	0.504
161975	0.520
162025	0.520
162075	0.540
162125	0.532
162175	0.496
162225	0.480
162275	0.488
162325	0.488
162375	0.532
162425	0.580
162475	0.620
162525	0.628
162575	0.632
162625	0.620
162675	0.620
162725	0.592
162775	0.588
162825	0.588
162875	0.608
162925	0.612
162975	0.636
163025	0.628
163075	0.632
163125	0.588
163175	0.520
163225	0.484
163275	0.476
163325	0.436
163375	0.444
163425	0.488
163475	0.504
163525	0.528
163575	0.568
163625	0.556
163675	0.544
163725	0.532
163775	0.532
163825	0.524
163875	0.548
163925	0.544
163975	0.520
164025	0.508
164075	0.488
164125	0.492
164175	0.504
164225	0.516
164275	0.500
164325	0.500
164375	0.496
164425	0.504
164475	0.532
164525	0.548
164575	0.588
164625	0.592
164675	0.612
164725	0.644
164775	0.668
164825	0.664
164875	0.684
164925	0.672
164975	0.676
165025	0.680
165075	0.696
165125	0.692
165175	0.716
165225	0.704
165275	0.696
165325	0.656
165375	0.632
165425	0.616
165475	0.628
165525	0.648
165575	0.652
165625	0.676
165675	0.676
165725	0.648
165775	0.612
165825	0.612
165875	0.600
165925	0.564
165975	0.572
166025	0.556
166075	0.548
166125	0.500
166175	0.476
166225	0.420
166275	0.424
166325	0.452
166375	0.504
166425	0.552
166475	0.628
166525	0.656
166575	0.628
166625	0.596
166675	0.556
166725	0.488
166775	0.456
166825	0.464
166875	0.452
166925	0.460
166975	0.484
167025	0.492
167075	0.488
167125	0.516
167175	0.532
167225	0.512
167275	0.512
167325	0.504
167375	0.504
167425	0.488
167475	0.504
167525	0.484
167575	0.472
167625	0.436
167675	0.432
167725	0.416
167775	0.404
167825	0.392
167875	0.412
167925	0.388
167975	0.400
168025	0.444
168075	0.460
168125	0.432
168175	0.456
168225	0.472
168275	0.404
168325	0.368
168375	0.400
168425	0.396
168475	0.380
168525	0.416
168575	0.444
168625	0.452
168675	0.460
168725	0.484
168775	0.536
168825	0.580
168875	0.560
168925	0.560
168975	0.584
169025	0.560
169075	0.516
169125	0.524
169175	0.540
169225	0.508
169275	0.504
169325	0.536
169375	0.552
169425	0.576
169475	0.596
169525	0.616
169575	0.612
169625	0.616
169675	0.576
169725	0.556
169775	0.516
169825	0.508
169875	0.532
169925	0.544
169975	0.536
170025	0.544
170075	0.572
170125	0.560
170175	0.576
170225	0.604
170275	0.644
170325	0.640
170375	0.644
170425	0.648
170475	0.632
170525	0.600
170575	0.572
170625	0.568
170675	0.536
170725	0.504
170775	0.496
170825	0.484
170875	0.460
170925	0.480
170975	0.496
171025	0.508
171075	0.500
171125	0.480
171175	0.452
171225	0.452
171275	0.448
171325	0.464
171375	0.484
171425	0.480
171475	0.448
171525	0.444
171575	0.460
171625	0.480
171675	0.464
171725	0.508
171775	0.508
171825	0.496
171875	0.464
171925	0.508
171975	0.484
172025	0.480
172075	0.504
172125	0.504
172175	0.492
172225	0.528
172275	0.544
172325	0.528
172375	0.564
172425	0.580
172475	0.544
172525	0.532
172575	0.508
172625	0.480
172675	0.488
172725	0.548
172775	0.548
172825	0.568
172875	0.576
172925	0.576
172975	0.516
173025	0.500
173075	0.532
173125	0.528
173175	0.512
173225	0.504
173275	0.496
173325	0.468
173375	0.448
173425	0.452
173475	0.488
173525	0.520
173575	0.532
173625	0.572
173675	0.576
173725	0.568
173775	0.580
173825	0.572
173875	0.548
173925	0.580
173975	0.580
174025	0.580
174075	0.576
174125	0.584
174175	0.540
174225	0.516
174275	0.472
174325	0.472
174375	0.444
174425	0.420
174475	0.424
174525	0.424
174575	0.380
174625	0.388
174675	0.376
174725	0.376
174775	0.380
174825	0.384
174875	0.380
174925	0.400
174975	0.408
175025	0.392
175075	0.396
175125	0.388
175175	0.388
175225	0.396
175275	0.472
175325	0.512
175375	0.540
175425	0.564
175475	0.568
175525	0.536
175575	0.548
175625	0.572
175675	0.604
175725	0.628
175775	0.636
175825	0.616
175875	0.592
175925	0.556
175975	0.552
176025	0.556
176075	0.568
176125	0.560
176175	0.564
176225	0.556
176275	0.548
176325	0.544
176375	0.564
176425	0.576
176475	0.568
176525	0.584
176575	0.592
176625	0.584
176675	0.576
176725	0.572
176775	0.524
176825	0.512
176875	0.436
176925	0.472
176975	0.472
177025	0.504
177075	0.484
177125	0.576
177175	0.540
177225	0.560
177275	0.572
177325	0.580
177375	0.568
177425	0.548
177475	0.500
177525	0.504
177575	0.532
177625	0.500
177675	0.532
177725	0.580
177775	0.532
177825	0.520
177875	0.540
177925	0.540
177975	0.520
178025	0.560
178075	0.540
178125	0.540
178175	0.480
178225	0.464
178275	0.452
178325	0.456
178375	0.456
178425	0.480
178475	0.480
178525	0.464
178575	0.444
178625	0.472
178675	0.492
178725	0.496
178775	0.492
178825	0.512
178875	0.500
178925	0.480
178975	0.480
179025	0.496
179075	0.508
179125	0.500
179175	0.524
179225	0.540
179275	0.548
179325	0.572
179375	0.580
179425	0.596
179475	0.580
179525	0.584
179575	0.564
179625	0.572
179675	0.564
179725	0.584
179775	0.592
179825	0.592
179875	0.548
179925	0.504
179975	0.468
180025	0.412
180075	0.396
180125	0.424
180175	0.432
180225	0.428
180275	0.408
180325	0.420
180375	0.424
180425	0.452
180475	0.504
180525	0.568
180575	0.564
180625	0.564
180675	0.560
180725	0.560
180775	0.568
180825	0.604
180875	0.608
180925	0.644
180975	0.648
181025	0.652
181075	0.628
181125	0.632
181175	0.624
181225	0.640
181275	0.640
181325	0.668
181375	0.644
181425	0.624
181475	0.596
181525	0.548
181575	0.508
181625	0.496
181675	0.512
181725	0.512
181775	0.532
181825	0.524
181875	0.556
181925	0.544
181975	0.520
182025	0.512
182075	0.532
182125	0.516
182175	0.472
182225	0.508
182275	0.524
182325	0.532
182375	0.548
182425	0.588
182475	0.536
182525	0.560
182575	0.532
182625	0.516
182675	0.524
182725	0.568
182775	0.524
182825	0.536
182875	0.528
182925	0.504
182975	0.456
183025	0.428
183075	0.432
183125	0.464
183175	0.468
183225	0.516
183275	0.568
183325	0.584
183375	0.568
183425	0.580
183475	0.592
183525	0.624
183575	0.616
183625	0.640
183675	0.664
183725	0.656
183775	0.632
183825	0.620
183875	0.580
183925	0.556
183975	0.556
184025	0.544
184075	0.556
184125	0.584
184175	0.568
184225	0.544
184275	0.512
184325	0.496
184375	0.508
184425	0.528
184475	0.544
184525	0.576
184575	0.588
184625	0.548
184675	0.532
184725	0.524
184775	0.536
184825	0.544
184875	0.588
184925	0.580
184975	0.540
185025	0.524
185075	0.512
185125	0.472
185175	0.456
185225	0.472
185275	0.444
185325	0.416
185375	0.420
185425	0.444
185475	0.436
185525	0.472
185575	0.488
185625	0.496
185675	0.488
185725	0.516
185775	0.516
185825	0.512
185875	0.500
185925	0.488
185975	0.496
186025	0.504
186075	0.520
186125	0.528
186175	0.532
186225	0.520
186275	0.496
186325	0.468
186375	0.480
186425	0.484
186475	0.476
186525	0.452
186575	0.480
186625	0.456
186675	0.432
186725	0.416
186775	0.452
186825	0.428
186875	0.432
186925	0.484
186975	0.512
187025	0.484
187075	0.496
187125	0.516
187175	0.496
187225	0.476
187275	0.500
187325	0.520
187375	0.508
187425	0.484
187475	0.496
187525	0.488
187575	0.468
187625	0.436
187675	0.468
187725	0.476
187775	0.512
187825	0.476
187875	0.520
187925	0.484
187975	0.480
188025	0.456
188075	0.520
188125	0.504
188175	0.532
188225	0.544
188275	0.532
188325	0.504
188375	0.516
188425	0.484
188475	0.468
188525	0.488
188575	0.488
188625	0.496
188675	0.548
188725	0.544
188775	0.540
188825	0.544
188875	0.528
188925	0.492
188975	0.488
189025	0.512
189075	0.504
189125	0.524
189175	0.572
189225	0.608
189275	0.608
189325	0.624
189375	0.604
189425	0.556
189475	0.488
189525	0.436
189575	0.428
189625	0.396
189675	0.344
189725	0.348
189775	0.392
189825	0.376
189875	0.400
189925	0.472
189975	0.528
190025	0.528
190075	0.552
190125	0.568
190175	0.600
190225	0.600
190275	0.584
190325	0.580
190375	0.588
190425	0.564
190475	0.528
190525	0.524
190575	0.516
190625	0.508
190675	0.492
190725	0.528
190775	0.540
190825	0.552
190875	0.548
190925	0.560
190975	0.548
191025	0.548
191075	0.584
191125	0.592
191175	0.596
191225	0.608
191275	0.604
191325	0.556
191375	0.540
191425	0.504
191475	0.488
191525	0.452
191575	0.404
191625	0.352
191675	0.372
191725	0.376
191775	0.388
191825	0.444
191875	0.492
191925	0.492
191975	0.500
192025	0.540
192075	0.560
192125	0.600
192175	0.608
192225	0.604
192275	0.580
192325	0.548
192375	0.520
192425	0.512
192475	0.512
192525	0.540
192575	0.528
192625	0.496
192675	0.496
192725	0.480
192775	0.464
192825	0.476
192875	0.504
192925	0.504
192975	0.512
193025	0.520
193075	0.544
193125	0.516
193175	0.468
193225	0.472
193275	0.452
193325	0.432
193375	0.448
193425	0.500
193475	0.500
193525	0.496
193575	0.464
193625	0.456
193675	0.432
193725	0.412
193775	0.416
193825	0.440
193875	0.456
193925	0.476
193975	0.488
194025	0.476
194075	0.448
194125	0.440
194175	0.416
194225	0.412
194275	0.408
194325	0.424
194375	0.424
194425	0.456
194475	0.468
194525	0.484
194575	0.484
194625	0.516
194675	0.512
194725	0.524
194775	0.516
194825	0.556
194875	0.520
194925	0.516
194975	0.492
195025	0.512
195075	0.512
195125	0.524
195175	0.544
195225	0.560
195275	0.556
195325	0.516
195375	0.528
195425	0.484
195475	0.472
195525	0.456
195575	0.500
195625	0.476
195675	0.508
195725	0.512
195775	0.512
195825	0.472
195875	0.476
195925	0.476
195975	0.440
196025	0.432
196075	0.432
196125	0.424
196175	0.428
196225	0.468
196275	0.484
196325	0.472
196375	0.480
196425	0.480
196475	0.456
196525	0.408
196575	0.408
196625	0.376
196675	0.344
196725	0.332
196775	0.340
196825	0.356
196875	0.384
196925	0.416
196975	0.440
197025	0.452
197075	0.448
197125	0.440
197175	0.436
197225	0.440
197275	0.464
197325	0.480
197375	0.524
197425	0.532
197475	0.552
197525	0.548
197575	0.564
197625	0.540
197675	0.528
197725	0.540
197775	0.540
197825	0.524
197875	0.544
197925	0.568
197975	0.540
198025	0.580
198075	0.608
198125	0.612
198175	0.600
198225	0.628
198275	0.592
198325	0.564
198375	0.544
198425	0.548
198475	0.520
198525	0.520
198575	0.516
198625	0.508
198675	0.472
198725	0.472
198775	0.472
198825	0.464
198875	0.484
198925	0.472
198975	0.464
199025	0.428
199075	0.428
199125	0.400
199175	0.424
199225	0.396
199275	0.412
199325	0.412
199375	0.396
199425	0.400
199475	0.424
199525	0.432
199575	0.440
199625	0.468
199675	0.464
199725	0.464
199775	0.488
199825	0.484
199875	0.480
199925	0.492
199975	0.492
200025	0.496
200075	0.476
200125	0.484
200175	0.480
200225	0.464
200275	0.424
200325	0.444
200375	0.420
200425	0.420
200475	0.456
200525	0.488
200575	0.460
200625	0.444
200675	0.452
200725	0.420
200775	0.404
200825	0.476
200875	0.508
200925	0.456
200975	0.476
201025	0.472
201075	0.452
201125	0.452
201175	0.496
201225	0.512
201275	0.512
201325	0.512
201375	0.540
201425	0.528
201475	0.504
201525	0.492
201575	0.468
201625	0.412
201675	0.420
201725	0.412
201775	0.440
201825	0.432
201875	0.464
201925	0.472
201975	0.496
202025	0.488
202075	0.484
202125	0.488
202175	0.492
202225	0.500
202275	0.516
202325	0.540
202375	0.540
202425	0.572
202475	0.536
202525	0.528
202575	0.536
202625	0.520
202675	0.492
202725	0.512
202775	0.532
202825	0.512
202875	0.540
202925	0.548
202975	0.544
203025	0.524
203075	0.548
203125	0.528
203175	0.500
203225	0.504
203275	0.504
203325	0.496
203375	0.516
203425	0.540
203475	0.592
203525	0.580
203575	0.584
203625	0.572
203675	0.560
203725	0.508
203775	0.516
203825	0.516
203875	0.532
203925	0.508
203975	0.516
204025	0.516
204075	0.512
204125	0.500
204175	0.520
204225	0.516
204275	0.528
204325	0.524
204375	0.508
204425	0.516
204475	0.524
204525	0.512
204575	0.488
204625	0.512
204675	0.516
204725	0.520
204775	0.520
204825	0.564
204875	0.576
204925	0.564
204975	0.604
205025	0.592
205075	0.568
205125	0.516
205175	0.544
205225	0.500
205275	0.532
205325	0.560
205375	0.584
205425	0.556
205475	0.568
205525	0.580
205575	0.536
205625	0.516
205675	0.512
205725	0.484
205775	0.436
205825	0.452
205875	0.472
205925	0.460
205975	0.472
206025	0.524
206075	0.532
206125	0.548
206175	0.568
206225	0.588
206275	0.560
206325	0.520
206375	0.488
206425	0.504
206475	0.468
206525	0.464
206575	0.520
206625	0.568
206675	0.548
206725	0.552
206775	0.540
206825	0.528
206875	0.496
206925	0.484
206975	0.484
207025	0.476
207075	0.484
207125	0.472
207175	0.492
207225	0.480
207275	0.480
207325	0.436
207375	0.424
207425	0.400
207475	0.404
207525	0.412
207575	0.428
207625	0.448
207675	0.452
207725	0.472
207775	0.472
207825	0.496
207875	0.496
207925	0.488
207975	0.472
208025	0.456
208075	0.420
208125	0.420
208175	0.420
208225	0.424
208275	0.440
208325	0.444
208375	0.436
208425	0.452
208475	0.420
208525	0.408
208575	0.420
208625	0.436
208675	0.436
208725	0.444
208775	0.460
208825	0.448
208875	0.440
208925	0.400
208975	0.416
209025	0.432
209075	0.452
209125	0.456
209175	0.484
209225	0.464
209275	0.432
209325	0.416
209375	0.380
209425	0.400
209475	0.428
209525	0.432
209575	0.436
209625	0.480
209675	0.480
209725	0.480
209775	0.492
209825	0.500
209875	0.492
209925	0.488
209975	0.488
210025	0.492
210075	0.484
210125	0.488
210175	0.488
210225	0.492
210275	0.492
210325	0.488
210375	0.448
210425	0.420
210475	0.412
210525	0.416
210575	0.424
210625	0.468
210675	0.480
210725	0.480
210775	0.480
210825	0.496
210875	0.460
210925	0.472
210975	0.472
211025	0.472
211075	0.464
211125	0.476
211175	0.456
211225	0.464
211275	0.424
211325	0.408
211375	0.404
211425	0.424
211475	0.440
211525	0.480
211575	0.508
211625	0.508
211675	0.508
211725	0.488
211775	0.472
211825	0.424
211875	0.452
211925	0.432
211975	0.408
212025	0.408
212075	0.404
212125	0.396
212175	0.400
212225	0.404
212275	0.352
212325	0.336
212375	0.328
212425	0.332
212475	0.348
212525	0.392
212575	0.436
212625	0.428
212675	0.412
212725	0.424
212775	0.440
212825	0.424
212875	0.452
212925	0.472
212975	0.488
213025	0.492
213075	0.512
213125	0.484
213175	0.476
213225	0.456
213275	0.452
213325	0.440
213375	0.444
213425	0.456
213475	0.456
213525	0.428
213575	0.436
213625	0.432
213675	0.420
213725	0.416
213775	0.444
213825	0.436
213875	0.436
213925	0.448
213975	0.468
214025	0.472
214075	0.460
214125	0.472
214175	0.456
214225	0.432
214275	0.424
214325	0.440
214375	0.432
214425	0.444
214475	0.436
214525	0.452
214575	0.472
214625	0.468
214675	0.464
214725	0.484
214775	0.480
214825	0.460
214875	0.472
214925	0.480
214975	0.456
215025	0.448
215075	0.464
215125	0.476
215175	0.468
215225	0.492
215275	0.484
215325	0.476
215375	0.456
215425	0.488
215475	0.476
215525	0.484
215575	0.484
215625	0.476
215675	0.472
215725	0.468
215775	0.476
215825	0.468
215875	0.488
215925	0.480
215975	0.468
216025	0.476
216075	0.472
216125	0.464
216175	0.468
216225	0.496
216275	0.472
216325	0.496
216375	0.484
216425	0.476
216475	0.476
216525	0.492
216575	0.500
216625	0.504
216675	0.524
216725	0.508
216775	0.504
216825	0.484
216875	0.480
216925	0.448
216975	0.432
217025	0.428
217075	0.432
217125	0.428
217175	0.416
217225	0.444
217275	0.440
217325	0.428
217375	0.452
217425	0.484
217475	0.472
217525	0.452
217575	0.440
217625	0.436
217675	0.440
217725	0.452
217775	0.468
217825	0.516
217875	0.520
217925	0.508
217975	0.536
218025	0.560
218075	0.544
218125	0.560
218175	0.608
218225	0.616
218275	0.640
218325	0.656
218375	0.668
218425	0.640
218475	0.588
218525	0.552
218575	0.508
218625	0.468
218675	0.428
218725	0.432
218775	0.416
218825	0.416
218875	0.420
218925	0.424
218975	0.440
219025	0.452
219075	0.440
219125	0.420
219175	0.456
219225	0.464
219275	0.452
219325	0.480
219375	0.504
219425	0.508
219475	0.524
219525	0.560
219575	0.580
219625	0.592
219675	0.580
219725	0.564
219775	0.544
219825	0.532
219875	0.552
219925	0.552
219975	0.544
220025	0.560
220075	0.548
220125	0.512
220175	0.524
220225	0.532
220275	0.548
220325	0.572
220375	0.600
220425	0.584
220475	0.580
220525	0.544
220575	0.548
220625	0.528
220675	0.516
220725	0.516
220775	0.552
220825	0.564
220875	0.588
220925	0.636
220975	0.672
221025	0.644
221075	0.620
221125	0.576
221175	0.544
221225	0.504
221275	0.500
221325	0.492
221375	0.516
221425	0.536
221475	0.540
221525	0.532
221575	0.512
221625	0.520
221675	0.488
221725	0.484
221775	0.480
221825	0.500
221875	0.464
221925	0.484
221975	0.488
222025	0.472
222075	0.448
222125	0.452
222175	0.408
222225	0.368
222275	0.384
222325	0.416
222375	0.412
222425	0.420
222475	0.460
222525	0.472
222575	0.460
222625	0.504
222675	0.540
222725	0.580
222775	0.596
222825	0.628
222875	0.608
222925	0.616
222975	0.564
223025	0.572
223075	0.544
223125	0.540
223175	0.512
223225	0.512
223275	0.500
223325	0.532
223375	0.536
223425	0.504
223475	0.508
223525	0.488
223575	0.440
223625	0.424
223675	0.472
223725	0.488
223775	0.508
223825	0.500
223875	0.520
223925	0.516
223975	0.504
224025	0.520
224075	0.572
224125	0.564
224175	0.552
224225	0.572
224275	0.556
224325	0.540
224375	0.560
224425	0.568
224475	0.552
224525	0.552
224575	0.556
224625	0.568
224675	0.564
224725	0.540
224775	0.516
224825	0.516
224875	0.492
224925	0.500
224975	0.516
225025	0.548
225075	0.528
225125	0.512
225175	0.512
225225	0.528
225275	0.516
225325	0.540
225375	0.560
225425	0.552
225475	0.516
225525	0.492
225575	0.484
225625	0.452
225675	0.460
225725	0.508
225775	0.556
225825	0.548
225875	0.604
225925	0.604
225975	0.616
226025	0.604
226075	0.612
226125	0.608
226175	0.588
226225	0.568
226275	0.540
226325	0.536
226375	0.516
226425	0.548
226475	0.536
226525	0.540
226575	0.528
226625	0.560
226675	0.576
226725	0.568
226775	0.572
226825	0.544
226875	0.484
226925	0.448
226975	0.440
227025	0.432
227075	0.448
227125	0.432
227175	0.396
227225	0.376
227275	0.364
227325	0.364
227375	0.384
227425	0.376
227475	0.412
227525	0.464
227575	0.500
227625	0.488
227675	0.544
227725	0.560
227775	0.532
227825	0.524
227875	0.568
227925	0.536
227975	0.496
228025	0.516
228075	0.492
228125	0.496
228175	0.520
228225	0.548
228275	0.520
228325	0.548
228375	0.556
228425	0.556
228475	0.548
228525	0.568
228575	0.532
228625	0.516
228675	0.496
228725	0.504
228775	0.476
228825	0.500
228875	0.472
228925	0.484
228975	0.488
229025	0.500
229075	0.520
229125	0.536
229175	0.500
229225	0.484
229275	0.472
229325	0.404
229375	0.380
229425	0.436
229475	0.440
229525	0.428
229575	0.452
229625	0.460
229675	0.432
229725	0.400
229775	0.432
229825	0.468
229875	0.448
229925	0.424
229975	0.464
230025	0.460
230075	0.440
230125	0.476
230175	0.496
230225	0.452
230275	0.428
230325	0.432
230375	0.416
230425	0.420
230475	0.452
230525	0.472
230575	0.472
230625	0.472
230675	0.492
230725	0.488
230775	0.476
230825	0.464
230875	0.472
230925	0.436
230975	0.440
231025	0.452
231075	0.448
231125	0.460
231175	0.496
231225	0.500
231275	0.512
231325	0.536
231375	0.540
231425	0.520
231475	0.516
231525	0.504
231575	0.508
231625	0.504
231675	0.504
231725	0.492
231775	0.472
231825	0.448
231875	0.456
231925	0.472
231975	0.464
232025	0.464
232075	0.492
232125	0.472
232175	0.480
232225	0.504
232275	0.528
232325	0.520
232375	0.512
232425	0.488
232475	0.488
232525	0.452
232575	0.428
232625	0.440
232675	0.424
232725	0.400
232775	0.424
232825	0.436
232875	0.452
232925	0.436
232975	0.448
233025	0.464
233075	0.460
233125	0.428
233175	0.440
233225	0.436
233275	0.372
233325	0.360
233375	0.380
233425	0.424
233475	0.432
233525	0.460
233575	0.488
233625	0.480
233675	0.476
233725	0.488
233775	0.524
233825	0.500
233875	0.492
233925	0.476
233975	0.464
234025	0.448
234075	0.448
234125	0.428
234175	0.448
234225	0.456
234275	0.452
234325	0.444
234375	0.488
234425	0.460
234475	0.432
234525	0.452
234575	0.496
234625	0.500
234675	0.496
234725	0.512
234775	0.492
234825	0.468
234875	0.452
234925	0.476
234975	0.472
235025	0.476
235075	0.480
235125	0.476
235175	0.452
235225	0.452
235275	0.416
235325	0.408
235375	0.428
235425	0.436
235475	0.444
235525	0.480
235575	0.504
235625	0.496
235675	0.488
235725	0.488
235775	0.480
235825	0.448
235875	0.408
235925	0.420
235975	0.420
236025	0.432
236075	0.448
236125	0.488
236175	0.476
236225	0.492
236275	0.492
236325	0.508
236375	0.492
236425	0.528
236475	0.520
236525	0.528
236575	0.500
236625	0.516
236675	0.484
236725	0.460
236775	0.436
236825	0.428
236875	0.416
236925	0.412
236975	0.412
237025	0.424
237075	0.416
237125	0.404
237175	0.388
237225	0.392
237275	0.424
237325	0.432
237375	0.440
237425	0.428
237475	0.432
237525	0.420
237575	0.424
237625	0.448
237675	0.496
237725	0.500
237775	0.452
237825	0.452
237875	0.428
237925	0.412
237975	0.412
238025	0.440
238075	0.452
238125	0.472
238175	0.444
238225	0.436
238275	0.444
238325	0.444
238375	0.412
238425	0.420
238475	0.420
238525	0.440
238575	0.428
238625	0.416
238675	0.396
238725	0.408
238775	0.376
238825	0.436
238875	0.476
238925	0.528
238975	0.528
239025	0.560
239075	0.536
239125	0.516
239175	0.508
239225	0.496
239275	0.452
239325	0.416
239375	0.420
239425	0.420
239475	0.444
239525	0.456
239575	0.460
239625	0.464
239675	0.456
239725	0.460
239775	0.468
239825	0.480
239875	0.476
239925	0.496
239975	0.500
240025	0.484
240075	0.484
240125	0.500
240175	0.476
240225	0.468
240275	0.488
240325	0.500
240375	0.476
240425	0.488
240475	0.492
240525	0.472
240575	0.444
240625	0.464
240675	0.464
240725	0.416
240775	0.436
240825	0.432
240875	0.420
240925	0.416
240975	0.428
241025	0.392
241075	0.372
241125	0.380
241175	0.380
241225	0.404
241275	0.444
241325	0.460
241375	0.456
241425	0.456
241475	0.404
241525	0.352
241575	0.364
241625	0.364
241675	0.308
241725	0.288
241775	0.248
241825	0.168
241875	0.084
241925	0.076
241975	0.064
242025	0.068
242075	0.084
242125	0.096
242175	0.104
242225	0.100
242275	0.088
242325	0.076
242375	0.060
242425	0.036
242475	0.044
242525	0.080
242575	0.080
242625	0.100
242675	0.124
242725	0.176
242775	0.200
242825	0.212
242875	0.196
242925	0.172
242975	0.112
243025	0.056
243075	0.048
243125	0.068
243175	0.072
243225	0.088
243275	0.112
243325	0.108
243375	0.096
243425	0.088
243475	0.068
243525	0.052
243575	0.056
243625	0.056
243675	0.072
243725	0.072
243775	0.064
243825	0.060
243875	0.052
243925	0.036
243975	0.040
244025	0.036
244075	0.024
244125	0.028
244175	0.024
244225	0.016
244275	0.020
244325	0.028
244375	0.024
244425	0.024
244475	0.028
244525	0.040
244575	0.052
244625	0.048
244675	0.064
244725	0.076
244775	0.072
244825	0.052
244875	0.056
