Position	Percent G+C 1 .. 277419
125	0.180
175	0.180
225	0.164
275	0.200
325	0.204
375	0.208
425	0.200
475	0.232
525	0.224
575	0.228
625	0.224
675	0.208
725	0.192
775	0.184
825	0.176
875	0.160
925	0.160
975	0.144
1025	0.148
1075	0.156
1125	0.164
1175	0.184
1225	0.188
1275	0.192
1325	0.208
1375	0.220
1425	0.212
1475	0.220
1525	0.200
1575	0.156
1625	0.156
1675	0.168
1725	0.148
1775	0.160
1825	0.168
1875	0.184
1925	0.184
1975	0.208
2025	0.212
2075	0.228
2125	0.208
2175	0.220
2225	0.188
2275	0.172
2325	0.176
2375	0.184
2425	0.184
2475	0.240
2525	0.236
2575	0.220
2625	0.192
2675	0.176
2725	0.160
2775	0.244
2825	0.236
2875	0.236
2925	0.200
2975	0.156
3025	0.060
3075	0.048
3125	0.040
3175	0.048
3225	0.048
3275	0.080
3325	0.088
3375	0.084
3425	0.100
3475	0.172
3525	0.260
3575	0.384
3625	0.480
3675	0.496
3725	0.492
3775	0.376
3825	0.248
3875	0.156
3925	0.120
3975	0.060
4025	0.072
4075	0.080
4125	0.068
4175	0.076
4225	0.076
4275	0.076
4325	0.068
4375	0.068
4425	0.064
4475	0.064
4525	0.068
4575	0.096
4625	0.128
4675	0.132
4725	0.112
4775	0.112
4825	0.096
4875	0.128
4925	0.156
4975	0.212
5025	0.248
5075	0.304
5125	0.332
5175	0.368
5225	0.400
5275	0.408
5325	0.408
5375	0.408
5425	0.428
5475	0.448
5525	0.456
5575	0.464
5625	0.448
5675	0.396
5725	0.388
5775	0.420
5825	0.440
5875	0.452
5925	0.504
5975	0.484
6025	0.496
6075	0.480
6125	0.480
6175	0.476
6225	0.500
6275	0.460
6325	0.476
6375	0.460
6425	0.456
6475	0.448
6525	0.448
6575	0.448
6625	0.464
6675	0.468
6725	0.472
6775	0.464
6825	0.452
6875	0.452
6925	0.444
6975	0.440
7025	0.456
7075	0.488
7125	0.500
7175	0.512
7225	0.544
7275	0.536
7325	0.492
7375	0.488
7425	0.496
7475	0.464
7525	0.476
7575	0.516
7625	0.524
7675	0.540
7725	0.524
7775	0.496
7825	0.472
7875	0.456
7925	0.452
7975	0.468
8025	0.504
8075	0.520
8125	0.524
8175	0.484
8225	0.508
8275	0.468
8325	0.444
8375	0.452
8425	0.492
8475	0.500
8525	0.532
8575	0.540
8625	0.536
8675	0.532
8725	0.516
8775	0.524
8825	0.540
8875	0.524
8925	0.516
8975	0.516
9025	0.500
9075	0.464
9125	0.500
9175	0.484
9225	0.464
9275	0.496
9325	0.532
9375	0.516
9425	0.548
9475	0.548
9525	0.528
9575	0.520
9625	0.528
9675	0.508
9725	0.540
9775	0.544
9825	0.552
9875	0.548
9925	0.572
9975	0.552
10025	0.564
10075	0.552
10125	0.556
10175	0.536
10225	0.572
10275	0.560
10325	0.544
10375	0.536
10425	0.508
10475	0.460
10525	0.452
10575	0.432
10625	0.420
10675	0.468
10725	0.480
10775	0.488
10825	0.524
10875	0.524
10925	0.492
10975	0.436
11025	0.408
11075	0.396
11125	0.408
11175	0.384
11225	0.424
11275	0.428
11325	0.440
11375	0.468
11425	0.484
11475	0.512
11525	0.536
11575	0.524
11625	0.496
11675	0.496
11725	0.484
11775	0.492
11825	0.500
11875	0.476
11925	0.472
11975	0.472
12025	0.472
12075	0.456
12125	0.484
12175	0.524
12225	0.528
12275	0.500
12325	0.500
12375	0.500
12425	0.452
12475	0.444
12525	0.472
12575	0.484
12625	0.480
12675	0.512
12725	0.516
12775	0.484
12825	0.496
12875	0.496
12925	0.476
12975	0.460
13025	0.476
13075	0.480
13125	0.476
13175	0.484
13225	0.488
13275	0.512
13325	0.528
13375	0.564
13425	0.568
13475	0.588
13525	0.572
13575	0.540
13625	0.488
13675	0.484
13725	0.488
13775	0.484
13825	0.504
13875	0.536
13925	0.532
13975	0.520
14025	0.536
14075	0.548
14125	0.552
14175	0.580
14225	0.572
14275	0.548
14325	0.524
14375	0.500
14425	0.488
14475	0.492
14525	0.488
14575	0.484
14625	0.492
14675	0.476
14725	0.480
14775	0.516
14825	0.524
14875	0.512
14925	0.528
14975	0.528
15025	0.528
15075	0.536
15125	0.556
15175	0.564
15225	0.560
15275	0.560
15325	0.540
15375	0.552
15425	0.556
15475	0.572
15525	0.552
15575	0.580
15625	0.576
15675	0.568
15725	0.564
15775	0.552
15825	0.544
15875	0.548
15925	0.560
15975	0.528
16025	0.528
16075	0.516
16125	0.496
16175	0.456
16225	0.456
16275	0.456
16325	0.472
16375	0.488
16425	0.500
16475	0.532
16525	0.560
16575	0.532
16625	0.496
16675	0.504
16725	0.476
16775	0.456
16825	0.484
16875	0.500
16925	0.512
16975	0.568
17025	0.592
17075	0.620
17125	0.632
17175	0.624
17225	0.580
17275	0.560
17325	0.496
17375	0.484
17425	0.484
17475	0.488
17525	0.512
17575	0.548
17625	0.548
17675	0.572
17725	0.604
17775	0.564
17825	0.548
17875	0.536
17925	0.524
17975	0.504
18025	0.536
18075	0.552
18125	0.572
18175	0.532
18225	0.520
18275	0.508
18325	0.488
18375	0.480
18425	0.456
18475	0.436
18525	0.408
18575	0.428
18625	0.424
18675	0.468
18725	0.516
18775	0.548
18825	0.540
18875	0.552
18925	0.568
18975	0.520
19025	0.512
19075	0.524
19125	0.508
19175	0.504
19225	0.512
19275	0.516
19325	0.516
19375	0.508
19425	0.472
19475	0.472
19525	0.468
19575	0.420
19625	0.392
19675	0.404
19725	0.416
19775	0.412
19825	0.404
19875	0.448
19925	0.452
19975	0.456
20025	0.452
20075	0.488
20125	0.488
20175	0.504
20225	0.540
20275	0.548
20325	0.560
20375	0.580
20425	0.568
20475	0.520
20525	0.492
20575	0.468
20625	0.464
20675	0.464
20725	0.460
20775	0.480
20825	0.500
20875	0.508
20925	0.532
20975	0.532
21025	0.552
21075	0.560
21125	0.532
21175	0.540
21225	0.552
21275	0.504
21325	0.488
21375	0.512
21425	0.488
21475	0.516
21525	0.544
21575	0.568
21625	0.564
21675	0.588
21725	0.560
21775	0.576
21825	0.544
21875	0.520
21925	0.496
21975	0.504
22025	0.488
22075	0.496
22125	0.520
22175	0.508
22225	0.448
22275	0.416
22325	0.388
22375	0.348
22425	0.360
22475	0.392
22525	0.424
22575	0.452
22625	0.460
22675	0.444
22725	0.432
22775	0.420
22825	0.436
22875	0.460
22925	0.500
22975	0.516
23025	0.528
23075	0.504
23125	0.492
23175	0.448
23225	0.476
23275	0.480
23325	0.464
23375	0.432
23425	0.420
23475	0.400
23525	0.400
23575	0.400
23625	0.444
23675	0.452
23725	0.440
23775	0.424
23825	0.432
23875	0.392
23925	0.388
23975	0.412
24025	0.412
24075	0.416
24125	0.468
24175	0.476
24225	0.476
24275	0.488
24325	0.484
24375	0.472
24425	0.480
24475	0.472
24525	0.460
24575	0.456
24625	0.448
24675	0.456
24725	0.460
24775	0.480
24825	0.508
24875	0.504
24925	0.496
24975	0.472
25025	0.440
25075	0.440
25125	0.436
25175	0.428
25225	0.424
25275	0.432
25325	0.424
25375	0.428
25425	0.436
25475	0.440
25525	0.452
25575	0.436
25625	0.432
25675	0.420
25725	0.432
25775	0.424
25825	0.460
25875	0.476
25925	0.464
25975	0.464
26025	0.460
26075	0.424
26125	0.400
26175	0.384
26225	0.376
26275	0.372
26325	0.380
26375	0.412
26425	0.456
26475	0.436
26525	0.460
26575	0.456
26625	0.424
26675	0.380
26725	0.436
26775	0.420
26825	0.416
26875	0.396
26925	0.428
26975	0.388
27025	0.420
27075	0.436
27125	0.480
27175	0.504
27225	0.516
27275	0.504
27325	0.508
27375	0.500
27425	0.488
27475	0.508
27525	0.516
27575	0.500
27625	0.492
27675	0.508
27725	0.492
27775	0.476
27825	0.484
27875	0.488
27925	0.472
27975	0.492
28025	0.508
28075	0.504
28125	0.508
28175	0.504
28225	0.508
28275	0.496
28325	0.512
28375	0.500
28425	0.492
28475	0.488
28525	0.472
28575	0.468
28625	0.448
28675	0.440
28725	0.424
28775	0.440
28825	0.424
28875	0.464
28925	0.476
28975	0.464
29025	0.452
29075	0.444
29125	0.428
29175	0.420
29225	0.452
29275	0.476
29325	0.528
29375	0.536
29425	0.560
29475	0.528
29525	0.524
29575	0.536
29625	0.532
29675	0.532
29725	0.556
29775	0.520
29825	0.460
29875	0.456
29925	0.460
29975	0.444
30025	0.464
30075	0.504
30125	0.500
30175	0.508
30225	0.516
30275	0.532
30325	0.516
30375	0.528
30425	0.508
30475	0.496
30525	0.476
30575	0.460
30625	0.464
30675	0.464
30725	0.480
30775	0.476
30825	0.452
30875	0.456
30925	0.456
30975	0.452
31025	0.472
31075	0.488
31125	0.488
31175	0.496
31225	0.496
31275	0.480
31325	0.508
31375	0.500
31425	0.488
31475	0.464
31525	0.468
31575	0.448
31625	0.444
31675	0.412
31725	0.412
31775	0.420
31825	0.432
31875	0.436
31925	0.476
31975	0.504
32025	0.500
32075	0.504
32125	0.492
32175	0.464
32225	0.428
32275	0.420
32325	0.368
32375	0.360
32425	0.352
32475	0.380
32525	0.400
32575	0.436
32625	0.472
32675	0.524
32725	0.516
32775	0.524
32825	0.516
32875	0.492
32925	0.468
32975	0.484
33025	0.480
33075	0.484
33125	0.508
33175	0.516
33225	0.488
33275	0.484
33325	0.508
33375	0.512
33425	0.520
33475	0.532
33525	0.544
33575	0.532
33625	0.516
33675	0.488
33725	0.480
33775	0.444
33825	0.416
33875	0.376
33925	0.360
33975	0.376
34025	0.372
34075	0.372
34125	0.396
34175	0.408
34225	0.388
34275	0.420
34325	0.476
34375	0.496
34425	0.532
34475	0.572
34525	0.536
34575	0.500
34625	0.496
34675	0.492
34725	0.504
34775	0.532
34825	0.548
34875	0.564
34925	0.556
34975	0.516
35025	0.508
35075	0.496
35125	0.464
35175	0.472
35225	0.508
35275	0.524
35325	0.532
35375	0.552
35425	0.536
35475	0.504
35525	0.488
35575	0.476
35625	0.456
35675	0.472
35725	0.468
35775	0.500
35825	0.520
35875	0.552
35925	0.552
35975	0.572
36025	0.548
36075	0.540
36125	0.524
36175	0.540
36225	0.532
36275	0.524
36325	0.528
36375	0.544
36425	0.472
36475	0.460
36525	0.488
36575	0.464
36625	0.440
36675	0.488
36725	0.484
36775	0.472
36825	0.500
36875	0.512
36925	0.536
36975	0.556
37025	0.528
37075	0.520
37125	0.508
37175	0.488
37225	0.484
37275	0.472
37325	0.436
37375	0.444
37425	0.436
37475	0.404
37525	0.404
37575	0.448
37625	0.436
37675	0.452
37725	0.468
37775	0.484
37825	0.492
37875	0.516
37925	0.516
37975	0.548
38025	0.560
38075	0.548
38125	0.540
38175	0.540
38225	0.532
38275	0.516
38325	0.488
38375	0.492
38425	0.492
38475	0.476
38525	0.500
38575	0.536
38625	0.504
38675	0.484
38725	0.476
38775	0.440
38825	0.416
38875	0.432
38925	0.444
38975	0.452
39025	0.492
39075	0.524
39125	0.480
39175	0.476
39225	0.476
39275	0.476
39325	0.444
39375	0.504
39425	0.508
39475	0.532
39525	0.524
39575	0.512
39625	0.512
39675	0.484
39725	0.464
39775	0.444
39825	0.452
39875	0.456
39925	0.460
39975	0.420
40025	0.432
40075	0.440
40125	0.420
40175	0.424
40225	0.468
40275	0.468
40325	0.480
40375	0.476
40425	0.464
40475	0.444
40525	0.428
40575	0.412
40625	0.420
40675	0.424
40725	0.432
40775	0.472
40825	0.500
40875	0.500
40925	0.548
40975	0.576
41025	0.584
41075	0.584
41125	0.616
41175	0.604
41225	0.600
41275	0.576
41325	0.544
41375	0.552
41425	0.556
41475	0.556
41525	0.564
41575	0.596
41625	0.568
41675	0.552
41725	0.540
41775	0.544
41825	0.540
41875	0.556
41925	0.540
41975	0.516
42025	0.488
42075	0.460
42125	0.424
42175	0.468
42225	0.488
42275	0.488
42325	0.492
42375	0.520
42425	0.508
42475	0.500
42525	0.516
42575	0.556
42625	0.556
42675	0.536
42725	0.540
42775	0.556
42825	0.524
42875	0.496
42925	0.480
42975	0.492
43025	0.496
43075	0.512
43125	0.500
43175	0.508
43225	0.488
43275	0.464
43325	0.456
43375	0.500
43425	0.488
43475	0.492
43525	0.488
43575	0.496
43625	0.456
43675	0.496
43725	0.516
43775	0.496
43825	0.484
43875	0.516
43925	0.516
43975	0.500
44025	0.504
44075	0.468
44125	0.460
44175	0.440
44225	0.408
44275	0.416
44325	0.444
44375	0.448
44425	0.448
44475	0.504
44525	0.516
44575	0.504
44625	0.464
44675	0.484
44725	0.476
44775	0.476
44825	0.492
44875	0.552
44925	0.548
44975	0.520
45025	0.488
45075	0.460
45125	0.432
45175	0.420
45225	0.416
45275	0.428
45325	0.480
45375	0.480
45425	0.480
45475	0.480
45525	0.496
45575	0.464
45625	0.448
45675	0.408
45725	0.420
45775	0.444
45825	0.476
45875	0.500
45925	0.532
45975	0.540
46025	0.504
46075	0.480
46125	0.464
46175	0.484
46225	0.496
46275	0.544
46325	0.564
46375	0.572
46425	0.568
46475	0.564
46525	0.540
46575	0.532
46625	0.544
46675	0.560
46725	0.584
46775	0.580
46825	0.572
46875	0.584
46925	0.596
46975	0.584
47025	0.596
47075	0.600
47125	0.604
47175	0.608
47225	0.620
47275	0.612
47325	0.624
47375	0.632
47425	0.612
47475	0.616
47525	0.608
47575	0.612
47625	0.584
47675	0.580
47725	0.548
47775	0.568
47825	0.552
47875	0.528
47925	0.508
47975	0.512
48025	0.476
48075	0.456
48125	0.452
48175	0.444
48225	0.432
48275	0.448
48325	0.464
48375	0.500
48425	0.504
48475	0.496
48525	0.476
48575	0.472
48625	0.424
48675	0.428
48725	0.464
48775	0.488
48825	0.492
48875	0.528
48925	0.544
48975	0.532
49025	0.516
49075	0.516
49125	0.512
49175	0.508
49225	0.528
49275	0.560
49325	0.556
49375	0.552
49425	0.540
49475	0.528
49525	0.496
49575	0.508
49625	0.516
49675	0.524
49725	0.512
49775	0.528
49825	0.516
49875	0.508
49925	0.520
49975	0.524
50025	0.540
50075	0.536
50125	0.552
50175	0.540
50225	0.524
50275	0.504
50325	0.524
50375	0.504
50425	0.508
50475	0.520
50525	0.512
50575	0.492
50625	0.496
50675	0.480
50725	0.484
50775	0.508
50825	0.504
50875	0.504
50925	0.512
50975	0.532
51025	0.536
51075	0.564
51125	0.592
51175	0.592
51225	0.568
51275	0.560
51325	0.536
51375	0.504
51425	0.492
51475	0.472
51525	0.464
51575	0.484
51625	0.440
51675	0.440
51725	0.424
51775	0.404
51825	0.372
51875	0.400
51925	0.384
51975	0.364
52025	0.392
52075	0.396
52125	0.416
52175	0.436
52225	0.516
52275	0.512
52325	0.560
52375	0.584
52425	0.624
52475	0.612
52525	0.640
52575	0.640
52625	0.640
52675	0.628
52725	0.624
52775	0.580
52825	0.524
52875	0.472
52925	0.464
52975	0.440
53025	0.408
53075	0.440
53125	0.476
53175	0.468
53225	0.508
53275	0.572
53325	0.564
53375	0.580
53425	0.588
53475	0.572
53525	0.564
53575	0.584
53625	0.584
53675	0.572
53725	0.576
53775	0.568
53825	0.560
53875	0.564
53925	0.572
53975	0.568
54025	0.556
54075	0.540
54125	0.528
54175	0.516
54225	0.488
54275	0.476
54325	0.476
54375	0.444
54425	0.396
54475	0.392
54525	0.392
54575	0.384
54625	0.408
54675	0.444
54725	0.472
54775	0.484
54825	0.496
54875	0.492
54925	0.500
54975	0.492
55025	0.496
55075	0.500
55125	0.496
55175	0.488
55225	0.488
55275	0.504
55325	0.544
55375	0.548
55425	0.580
55475	0.600
55525	0.584
55575	0.552
55625	0.536
55675	0.508
55725	0.468
55775	0.464
55825	0.456
55875	0.460
55925	0.472
55975	0.472
56025	0.472
56075	0.436
56125	0.448
56175	0.460
56225	0.468
56275	0.480
56325	0.488
56375	0.464
56425	0.436
56475	0.432
56525	0.420
56575	0.400
56625	0.420
56675	0.400
56725	0.388
56775	0.400
56825	0.408
56875	0.384
56925	0.408
56975	0.436
57025	0.412
57075	0.444
57125	0.464
57175	0.456
57225	0.456
57275	0.468
57325	0.452
57375	0.444
57425	0.436
57475	0.464
57525	0.444
57575	0.440
57625	0.460
57675	0.472
57725	0.424
57775	0.432
57825	0.448
57875	0.432
57925	0.396
57975	0.412
58025	0.416
58075	0.396
58125	0.388
58175	0.416
58225	0.436
58275	0.436
58325	0.476
58375	0.484
58425	0.496
58475	0.480
58525	0.476
58575	0.456
58625	0.444
58675	0.452
58725	0.460
58775	0.484
58825	0.492
58875	0.504
58925	0.508
58975	0.484
59025	0.456
59075	0.448
59125	0.436
59175	0.452
59225	0.468
59275	0.484
59325	0.492
59375	0.504
59425	0.464
59475	0.480
59525	0.476
59575	0.452
59625	0.464
59675	0.480
59725	0.484
59775	0.480
59825	0.504
59875	0.484
59925	0.504
59975	0.488
60025	0.520
60075	0.528
60125	0.552
60175	0.548
60225	0.540
60275	0.544
60325	0.528
60375	0.508
60425	0.472
60475	0.476
60525	0.428
60575	0.396
60625	0.412
60675	0.432
60725	0.412
60775	0.464
60825	0.484
60875	0.476
60925	0.476
60975	0.424
61025	0.368
61075	0.376
61125	0.380
61175	0.400
61225	0.496
61275	0.536
61325	0.576
61375	0.616
61425	0.620
61475	0.592
61525	0.604
61575	0.576
61625	0.568
61675	0.576
61725	0.592
61775	0.564
61825	0.576
61875	0.580
61925	0.560
61975	0.540
62025	0.552
62075	0.512
62125	0.472
62175	0.444
62225	0.456
62275	0.420
62325	0.436
62375	0.448
62425	0.480
62475	0.472
62525	0.536
62575	0.552
62625	0.568
62675	0.588
62725	0.624
62775	0.592
62825	0.612
62875	0.620
62925	0.588
62975	0.580
63025	0.600
63075	0.592
63125	0.564
63175	0.584
63225	0.560
63275	0.544
63325	0.516
63375	0.476
63425	0.448
63475	0.464
63525	0.464
63575	0.480
63625	0.552
63675	0.568
63725	0.560
63775	0.536
63825	0.532
63875	0.476
63925	0.452
63975	0.420
64025	0.416
64075	0.392
64125	0.392
64175	0.412
64225	0.448
64275	0.480
64325	0.516
64375	0.560
64425	0.564
64475	0.572
64525	0.568
64575	0.556
64625	0.528
64675	0.532
64725	0.516
64775	0.512
64825	0.512
64875	0.548
64925	0.532
64975	0.528
65025	0.524
65075	0.544
65125	0.516
65175	0.516
65225	0.516
65275	0.520
65325	0.492
65375	0.520
65425	0.524
65475	0.532
65525	0.508
65575	0.524
65625	0.484
65675	0.484
65725	0.480
65775	0.512
65825	0.500
65875	0.536
65925	0.552
65975	0.544
66025	0.556
66075	0.560
66125	0.548
66175	0.560
66225	0.592
66275	0.588
66325	0.588
66375	0.556
66425	0.544
66475	0.540
66525	0.532
66575	0.556
66625	0.584
66675	0.588
66725	0.588
66775	0.608
66825	0.576
66875	0.568
66925	0.560
66975	0.540
67025	0.536
67075	0.556
67125	0.540
67175	0.536
67225	0.504
67275	0.452
67325	0.400
67375	0.396
67425	0.380
67475	0.412
67525	0.436
67575	0.460
67625	0.456
67675	0.436
67725	0.448
67775	0.436
67825	0.468
67875	0.504
67925	0.528
67975	0.496
68025	0.512
68075	0.476
68125	0.476
68175	0.492
68225	0.516
68275	0.496
68325	0.524
68375	0.512
68425	0.520
68475	0.516
68525	0.552
68575	0.564
68625	0.580
68675	0.568
68725	0.548
68775	0.536
68825	0.524
68875	0.520
68925	0.520
68975	0.532
69025	0.536
69075	0.524
69125	0.496
69175	0.516
69225	0.540
69275	0.548
69325	0.552
69375	0.572
69425	0.544
69475	0.520
69525	0.520
69575	0.508
69625	0.504
69675	0.504
69725	0.496
69775	0.468
69825	0.468
69875	0.472
69925	0.488
69975	0.520
70025	0.512
70075	0.524
70125	0.520
70175	0.504
70225	0.480
70275	0.500
70325	0.492
70375	0.492
70425	0.500
70475	0.496
70525	0.484
70575	0.484
70625	0.456
70675	0.464
70725	0.492
70775	0.480
70825	0.484
70875	0.492
70925	0.484
70975	0.496
71025	0.528
71075	0.520
71125	0.556
71175	0.544
71225	0.516
71275	0.496
71325	0.496
71375	0.488
71425	0.500
71475	0.520
71525	0.532
71575	0.564
71625	0.576
71675	0.596
71725	0.604
71775	0.624
71825	0.608
71875	0.608
71925	0.600
71975	0.564
72025	0.536
72075	0.512
72125	0.484
72175	0.500
72225	0.500
72275	0.540
72325	0.568
72375	0.584
72425	0.540
72475	0.544
72525	0.496
72575	0.484
72625	0.500
72675	0.504
72725	0.520
72775	0.540
72825	0.552
72875	0.516
72925	0.516
72975	0.512
73025	0.520
73075	0.528
73125	0.576
73175	0.608
73225	0.600
73275	0.592
73325	0.576
73375	0.540
73425	0.528
73475	0.536
73525	0.548
73575	0.528
73625	0.528
73675	0.492
73725	0.456
73775	0.416
73825	0.420
73875	0.416
73925	0.424
73975	0.428
74025	0.452
74075	0.468
74125	0.464
74175	0.476
74225	0.520
74275	0.540
74325	0.564
74375	0.568
74425	0.552
74475	0.536
74525	0.504
74575	0.476
74625	0.492
74675	0.508
74725	0.536
74775	0.560
74825	0.544
74875	0.556
74925	0.560
74975	0.536
75025	0.536
75075	0.576
75125	0.536
75175	0.552
75225	0.540
75275	0.540
75325	0.496
75375	0.500
75425	0.484
75475	0.476
75525	0.452
75575	0.468
75625	0.488
75675	0.480
75725	0.476
75775	0.496
75825	0.492
75875	0.460
75925	0.476
75975	0.500
76025	0.488
76075	0.488
76125	0.508
76175	0.472
76225	0.456
76275	0.464
76325	0.472
76375	0.484
76425	0.516
76475	0.524
76525	0.508
76575	0.516
76625	0.528
76675	0.520
76725	0.536
76775	0.540
76825	0.524
76875	0.512
76925	0.504
76975	0.460
77025	0.432
77075	0.436
77125	0.428
77175	0.432
77225	0.448
77275	0.488
77325	0.488
77375	0.484
77425	0.484
77475	0.488
77525	0.456
77575	0.456
77625	0.468
77675	0.472
77725	0.500
77775	0.548
77825	0.552
77875	0.552
77925	0.556
77975	0.544
78025	0.536
78075	0.540
78125	0.536
78175	0.548
78225	0.540
78275	0.500
78325	0.468
78375	0.460
78425	0.432
78475	0.404
78525	0.428
78575	0.460
78625	0.452
78675	0.476
78725	0.480
78775	0.452
78825	0.436
78875	0.424
78925	0.396
78975	0.400
79025	0.420
79075	0.420
79125	0.440
79175	0.448
79225	0.464
79275	0.468
79325	0.472
79375	0.500
79425	0.524
79475	0.536
79525	0.556
79575	0.564
79625	0.524
79675	0.520
79725	0.500
79775	0.516
79825	0.528
79875	0.576
79925	0.568
79975	0.580
80025	0.540
80075	0.540
80125	0.500
80175	0.512
80225	0.516
80275	0.524
80325	0.492
80375	0.500
80425	0.480
80475	0.460
80525	0.456
80575	0.508
80625	0.504
80675	0.516
80725	0.516
80775	0.508
80825	0.472
80875	0.512
80925	0.508
80975	0.540
81025	0.556
81075	0.544
81125	0.512
81175	0.508
81225	0.480
81275	0.488
81325	0.524
81375	0.516
81425	0.508
81475	0.520
81525	0.504
81575	0.476
81625	0.480
81675	0.476
81725	0.464
81775	0.428
81825	0.416
81875	0.392
81925	0.400
81975	0.416
82025	0.436
82075	0.468
82125	0.488
82175	0.496
82225	0.500
82275	0.516
82325	0.520
82375	0.492
82425	0.488
82475	0.448
82525	0.424
82575	0.404
82625	0.436
82675	0.432
82725	0.448
82775	0.452
82825	0.416
82875	0.432
82925	0.452
82975	0.448
83025	0.476
83075	0.512
83125	0.512
83175	0.500
83225	0.508
83275	0.496
83325	0.488
83375	0.468
83425	0.456
83475	0.472
83525	0.480
83575	0.468
83625	0.464
83675	0.444
83725	0.412
83775	0.412
83825	0.444
83875	0.480
83925	0.504
83975	0.528
84025	0.512
84075	0.488
84125	0.456
84175	0.452
84225	0.444
84275	0.480
84325	0.464
84375	0.480
84425	0.488
84475	0.488
84525	0.460
84575	0.492
84625	0.460
84675	0.428
84725	0.412
84775	0.420
84825	0.400
84875	0.416
84925	0.444
84975	0.480
85025	0.464
85075	0.500
85125	0.480
85175	0.476
85225	0.488
85275	0.492
85325	0.476
85375	0.504
85425	0.504
85475	0.508
85525	0.520
85575	0.504
85625	0.508
85675	0.540
85725	0.500
85775	0.484
85825	0.512
85875	0.496
85925	0.460
85975	0.448
86025	0.476
86075	0.460
86125	0.476
86175	0.496
86225	0.496
86275	0.500
86325	0.504
86375	0.504
86425	0.516
86475	0.536
86525	0.524
86575	0.528
86625	0.520
86675	0.500
86725	0.516
86775	0.504
86825	0.492
86875	0.476
86925	0.488
86975	0.484
87025	0.468
87075	0.444
87125	0.460
87175	0.420
87225	0.428
87275	0.432
87325	0.468
87375	0.468
87425	0.496
87475	0.488
87525	0.528
87575	0.544
87625	0.560
87675	0.568
87725	0.580
87775	0.576
87825	0.564
87875	0.552
87925	0.548
87975	0.528
88025	0.508
88075	0.444
88125	0.436
88175	0.428
88225	0.384
88275	0.396
88325	0.444
88375	0.412
88425	0.392
88475	0.396
88525	0.384
88575	0.388
88625	0.420
88675	0.432
88725	0.452
88775	0.420
88825	0.412
88875	0.408
88925	0.380
88975	0.408
89025	0.436
89075	0.432
89125	0.420
89175	0.468
89225	0.460
89275	0.464
89325	0.456
89375	0.460
89425	0.444
89475	0.432
89525	0.444
89575	0.432
89625	0.424
89675	0.436
89725	0.452
89775	0.448
89825	0.476
89875	0.480
89925	0.476
89975	0.428
90025	0.420
90075	0.404
90125	0.396
90175	0.364
90225	0.392
90275	0.404
90325	0.396
90375	0.408
90425	0.456
90475	0.484
90525	0.472
90575	0.508
90625	0.528
90675	0.520
90725	0.508
90775	0.520
90825	0.520
90875	0.504
90925	0.472
90975	0.472
91025	0.488
91075	0.500
91125	0.496
91175	0.520
91225	0.528
91275	0.512
91325	0.504
91375	0.504
91425	0.528
91475	0.540
91525	0.544
91575	0.540
91625	0.544
91675	0.524
91725	0.472
91775	0.452
91825	0.436
91875	0.416
91925	0.420
91975	0.456
92025	0.448
92075	0.468
92125	0.492
92175	0.496
92225	0.496
92275	0.524
92325	0.552
92375	0.576
92425	0.564
92475	0.552
92525	0.544
92575	0.524
92625	0.532
92675	0.524
92725	0.528
92775	0.536
92825	0.540
92875	0.516
92925	0.544
92975	0.552
93025	0.552
93075	0.528
93125	0.528
93175	0.492
93225	0.488
93275	0.456
93325	0.452
93375	0.468
93425	0.496
93475	0.496
93525	0.524
93575	0.556
93625	0.536
93675	0.520
93725	0.524
93775	0.520
93825	0.480
93875	0.468
93925	0.468
93975	0.456
94025	0.432
94075	0.444
94125	0.452
94175	0.468
94225	0.476
94275	0.492
94325	0.504
94375	0.488
94425	0.456
94475	0.460
94525	0.452
94575	0.400
94625	0.392
94675	0.396
94725	0.372
94775	0.368
94825	0.392
94875	0.396
94925	0.396
94975	0.388
95025	0.376
95075	0.360
95125	0.360
95175	0.344
95225	0.332
95275	0.344
95325	0.360
95375	0.368
95425	0.352
95475	0.380
95525	0.384
95575	0.400
95625	0.412
95675	0.428
95725	0.416
95775	0.420
95825	0.416
95875	0.420
95925	0.448
95975	0.460
96025	0.452
96075	0.460
96125	0.456
96175	0.480
96225	0.496
96275	0.528
96325	0.516
96375	0.524
96425	0.500
96475	0.500
96525	0.492
96575	0.500
96625	0.496
96675	0.480
96725	0.496
96775	0.484
96825	0.480
96875	0.500
96925	0.544
96975	0.528
97025	0.540
97075	0.540
97125	0.540
97175	0.524
97225	0.524
97275	0.504
97325	0.516
97375	0.504
97425	0.532
97475	0.536
97525	0.532
97575	0.508
97625	0.464
97675	0.456
97725	0.476
97775	0.508
97825	0.528
97875	0.584
97925	0.580
97975	0.564
98025	0.540
98075	0.540
98125	0.532
98175	0.532
98225	0.532
98275	0.564
98325	0.572
98375	0.584
98425	0.580
98475	0.568
98525	0.552
98575	0.532
98625	0.500
98675	0.480
98725	0.492
98775	0.496
98825	0.524
98875	0.560
98925	0.568
98975	0.564
99025	0.576
99075	0.572
99125	0.576
99175	0.544
99225	0.532
99275	0.512
99325	0.492
99375	0.468
99425	0.508
99475	0.520
99525	0.532
99575	0.544
99625	0.556
99675	0.552
99725	0.584
99775	0.580
99825	0.592
99875	0.592
99925	0.580
99975	0.544
100025	0.544
100075	0.520
100125	0.496
100175	0.516
100225	0.516
100275	0.488
100325	0.496
100375	0.492
100425	0.456
100475	0.448
100525	0.484
100575	0.488
100625	0.496
100675	0.524
100725	0.520
100775	0.512
100825	0.496
100875	0.492
100925	0.492
100975	0.516
101025	0.512
101075	0.540
101125	0.568
101175	0.564
101225	0.568
101275	0.584
101325	0.568
101375	0.568
101425	0.576
101475	0.564
101525	0.548
101575	0.532
101625	0.520
101675	0.508
101725	0.544
101775	0.520
101825	0.572
101875	0.592
101925	0.600
101975	0.560
102025	0.548
102075	0.500
102125	0.460
102175	0.452
102225	0.484
102275	0.540
102325	0.528
102375	0.568
102425	0.568
102475	0.576
102525	0.580
102575	0.652
102625	0.640
102675	0.644
102725	0.628
102775	0.628
102825	0.620
102875	0.616
102925	0.672
102975	0.648
103025	0.636
103075	0.636
103125	0.612
103175	0.548
103225	0.528
103275	0.528
103325	0.488
103375	0.500
103425	0.512
103475	0.552
103525	0.544
103575	0.580
103625	0.616
103675	0.620
103725	0.616
103775	0.632
103825	0.632
103875	0.624
103925	0.640
103975	0.636
104025	0.640
104075	0.632
104125	0.608
104175	0.592
104225	0.596
104275	0.588
104325	0.568
104375	0.592
104425	0.608
104475	0.612
104525	0.628
104575	0.632
104625	0.620
104675	0.632
104725	0.628
104775	0.580
104825	0.580
104875	0.592
104925	0.560
104975	0.508
105025	0.504
105075	0.488
105125	0.464
105175	0.428
105225	0.452
105275	0.464
105325	0.440
105375	0.388
105425	0.424
105475	0.412
105525	0.360
105575	0.352
105625	0.408
105675	0.388
105725	0.388
105775	0.468
105825	0.480
105875	0.452
105925	0.448
105975	0.444
106025	0.380
106075	0.388
106125	0.384
106175	0.416
106225	0.420
106275	0.456
106325	0.456
106375	0.460
106425	0.428
106475	0.432
106525	0.428
106575	0.456
106625	0.472
106675	0.488
106725	0.524
106775	0.556
106825	0.544
106875	0.572
106925	0.556
106975	0.524
107025	0.524
107075	0.524
107125	0.512
107175	0.536
107225	0.564
107275	0.564
107325	0.620
107375	0.652
107425	0.676
107475	0.648
107525	0.636
107575	0.576
107625	0.540
107675	0.516
107725	0.560
107775	0.524
107825	0.508
107875	0.484
107925	0.456
107975	0.416
108025	0.428
108075	0.436
108125	0.424
108175	0.416
108225	0.400
108275	0.412
108325	0.432
108375	0.440
108425	0.464
108475	0.476
108525	0.452
108575	0.420
108625	0.432
108675	0.408
108725	0.436
108775	0.448
108825	0.468
108875	0.492
108925	0.536
108975	0.536
109025	0.540
109075	0.556
109125	0.556
109175	0.568
109225	0.548
109275	0.556
109325	0.532
109375	0.508
109425	0.496
109475	0.512
109525	0.544
109575	0.584
109625	0.620
109675	0.644
109725	0.656
109775	0.624
109825	0.596
109875	0.564
109925	0.520
109975	0.476
110025	0.440
110075	0.432
110125	0.468
110175	0.480
110225	0.536
110275	0.544
110325	0.572
110375	0.556
110425	0.576
110475	0.552
110525	0.608
110575	0.592
110625	0.580
110675	0.560
110725	0.544
110775	0.524
110825	0.532
110875	0.552
110925	0.536
110975	0.544
111025	0.536
111075	0.520
111125	0.500
111175	0.520
111225	0.544
111275	0.540
111325	0.564
111375	0.568
111425	0.544
111475	0.536
111525	0.540
111575	0.532
111625	0.532
111675	0.508
111725	0.488
111775	0.472
111825	0.484
111875	0.480
111925	0.520
111975	0.500
112025	0.484
112075	0.468
112125	0.468
112175	0.476
112225	0.496
112275	0.532
112325	0.496
112375	0.508
112425	0.548
112475	0.556
112525	0.552
112575	0.584
112625	0.580
112675	0.532
112725	0.552
112775	0.536
112825	0.536
112875	0.500
112925	0.512
112975	0.468
113025	0.496
113075	0.508
113125	0.532
113175	0.524
113225	0.576
113275	0.580
113325	0.580
113375	0.600
113425	0.608
113475	0.572
113525	0.560
113575	0.544
113625	0.516
113675	0.516
113725	0.532
113775	0.500
113825	0.476
113875	0.488
113925	0.472
113975	0.452
114025	0.484
114075	0.508
114125	0.520
114175	0.508
114225	0.504
114275	0.500
114325	0.492
114375	0.484
114425	0.464
114475	0.464
114525	0.452
114575	0.440
114625	0.412
114675	0.436
114725	0.444
114775	0.460
114825	0.472
114875	0.504
114925	0.520
114975	0.532
115025	0.552
115075	0.588
115125	0.592
115175	0.596
115225	0.600
115275	0.600
115325	0.600
115375	0.624
115425	0.632
115475	0.628
115525	0.616
115575	0.620
115625	0.560
115675	0.528
115725	0.524
115775	0.496
115825	0.456
115875	0.496
115925	0.500
115975	0.460
116025	0.452
116075	0.484
116125	0.480
116175	0.492
116225	0.548
116275	0.564
116325	0.516
116375	0.496
116425	0.472
116475	0.416
116525	0.420
116575	0.464
116625	0.472
116675	0.520
116725	0.560
116775	0.548
116825	0.496
116875	0.488
116925	0.476
116975	0.464
117025	0.496
117075	0.560
117125	0.576
117175	0.576
117225	0.592
117275	0.580
117325	0.564
117375	0.560
117425	0.516
117475	0.460
117525	0.404
117575	0.392
117625	0.372
117675	0.392
117725	0.440
117775	0.464
117825	0.480
117875	0.484
117925	0.480
117975	0.488
118025	0.492
118075	0.460
118125	0.460
118175	0.440
118225	0.412
118275	0.404
118325	0.384
118375	0.372
118425	0.360
118475	0.352
118525	0.376
118575	0.396
118625	0.408
118675	0.436
118725	0.452
118775	0.428
118825	0.440
118875	0.436
118925	0.444
118975	0.404
119025	0.432
119075	0.396
119125	0.408
119175	0.412
119225	0.472
119275	0.448
119325	0.488
119375	0.484
119425	0.500
119475	0.484
119525	0.508
119575	0.500
119625	0.512
119675	0.480
119725	0.492
119775	0.504
119825	0.500
119875	0.468
119925	0.476
119975	0.452
120025	0.476
120075	0.504
120125	0.556
120175	0.576
120225	0.604
120275	0.576
120325	0.592
120375	0.556
120425	0.540
120475	0.528
120525	0.540
120575	0.528
120625	0.552
120675	0.576
120725	0.588
120775	0.580
120825	0.564
120875	0.540
120925	0.488
120975	0.468
121025	0.436
121075	0.404
121125	0.400
121175	0.408
121225	0.400
121275	0.424
121325	0.468
121375	0.464
121425	0.492
121475	0.524
121525	0.548
121575	0.556
121625	0.568
121675	0.576
121725	0.584
121775	0.580
121825	0.556
121875	0.580
121925	0.600
121975	0.576
122025	0.564
122075	0.592
122125	0.584
122175	0.568
122225	0.592
122275	0.560
122325	0.540
122375	0.536
122425	0.508
122475	0.484
122525	0.508
122575	0.532
122625	0.552
122675	0.552
122725	0.564
122775	0.572
122825	0.524
122875	0.480
122925	0.484
122975	0.464
123025	0.436
123075	0.452
123125	0.456
123175	0.460
123225	0.484
123275	0.512
123325	0.508
123375	0.536
123425	0.564
123475	0.560
123525	0.568
123575	0.572
123625	0.560
123675	0.556
123725	0.556
123775	0.524
123825	0.536
123875	0.544
123925	0.568
123975	0.592
124025	0.600
124075	0.592
124125	0.608
124175	0.588
124225	0.560
124275	0.564
124325	0.548
124375	0.524
124425	0.508
124475	0.516
124525	0.516
124575	0.516
124625	0.496
124675	0.508
124725	0.508
124775	0.536
124825	0.540
124875	0.592
124925	0.600
124975	0.568
125025	0.556
125075	0.576
125125	0.556
125175	0.504
125225	0.536
125275	0.508
125325	0.480
125375	0.476
125425	0.520
125475	0.508
125525	0.528
125575	0.540
125625	0.528
125675	0.528
125725	0.516
125775	0.492
125825	0.472
125875	0.448
125925	0.392
125975	0.372
126025	0.380
126075	0.388
126125	0.412
126175	0.476
126225	0.504
126275	0.528
126325	0.552
126375	0.568
126425	0.560
126475	0.580
126525	0.596
126575	0.584
126625	0.556
126675	0.572
126725	0.580
126775	0.552
126825	0.544
126875	0.572
126925	0.568
126975	0.536
127025	0.536
127075	0.552
127125	0.508
127175	0.492
127225	0.516
127275	0.524
127325	0.520
127375	0.552
127425	0.580
127475	0.560
127525	0.532
127575	0.504
127625	0.492
127675	0.464
127725	0.472
127775	0.488
127825	0.528
127875	0.552
127925	0.528
127975	0.496
128025	0.488
128075	0.460
128125	0.436
128175	0.456
128225	0.468
128275	0.484
128325	0.448
128375	0.464
128425	0.456
128475	0.464
128525	0.440
128575	0.484
128625	0.464
128675	0.452
128725	0.448
128775	0.448
128825	0.428
128875	0.464
128925	0.456
128975	0.468
129025	0.456
129075	0.476
129125	0.456
129175	0.480
129225	0.456
129275	0.464
129325	0.452
129375	0.452
129425	0.476
129475	0.504
129525	0.520
129575	0.568
129625	0.576
129675	0.560
129725	0.532
129775	0.528
129825	0.524
129875	0.548
129925	0.524
129975	0.568
130025	0.608
130075	0.580
130125	0.556
130175	0.580
130225	0.568
130275	0.548
130325	0.560
130375	0.560
130425	0.564
130475	0.560
130525	0.560
130575	0.568
130625	0.568
130675	0.556
130725	0.544
130775	0.548
130825	0.524
130875	0.536
130925	0.556
130975	0.548
131025	0.524
131075	0.540
131125	0.508
131175	0.512
131225	0.544
131275	0.568
131325	0.560
131375	0.580
131425	0.572
131475	0.556
131525	0.520
131575	0.492
131625	0.484
131675	0.436
131725	0.412
131775	0.396
131825	0.400
131875	0.396
131925	0.408
131975	0.424
132025	0.468
132075	0.476
132125	0.480
132175	0.492
132225	0.488
132275	0.484
132325	0.504
132375	0.488
132425	0.460
132475	0.456
132525	0.472
132575	0.468
132625	0.488
132675	0.520
132725	0.524
132775	0.472
132825	0.440
132875	0.428
132925	0.404
132975	0.420
133025	0.464
133075	0.512
133125	0.504
133175	0.492
133225	0.468
133275	0.436
133325	0.412
133375	0.416
133425	0.440
133475	0.440
133525	0.468
133575	0.468
133625	0.452
133675	0.464
133725	0.492
133775	0.500
133825	0.508
133875	0.544
133925	0.528
133975	0.504
134025	0.496
134075	0.480
134125	0.456
134175	0.452
134225	0.452
134275	0.420
134325	0.416
134375	0.424
134425	0.420
134475	0.416
134525	0.432
134575	0.452
134625	0.472
134675	0.504
134725	0.516
134775	0.504
134825	0.476
134875	0.456
134925	0.436
134975	0.432
135025	0.440
135075	0.472
135125	0.460
135175	0.468
135225	0.468
135275	0.492
135325	0.460
135375	0.500
135425	0.492
135475	0.512
135525	0.500
135575	0.512
135625	0.488
135675	0.520
135725	0.492
135775	0.484
135825	0.492
135875	0.508
135925	0.492
135975	0.520
136025	0.548
136075	0.516
136125	0.500
136175	0.496
136225	0.504
136275	0.476
136325	0.508
136375	0.508
136425	0.516
136475	0.496
136525	0.480
136575	0.480
136625	0.468
136675	0.452
136725	0.444
136775	0.452
136825	0.472
136875	0.492
136925	0.488
136975	0.484
137025	0.488
137075	0.464
137125	0.472
137175	0.468
137225	0.456
137275	0.468
137325	0.472
137375	0.456
137425	0.476
137475	0.480
137525	0.464
137575	0.472
137625	0.456
137675	0.440
137725	0.460
137775	0.468
137825	0.456
137875	0.456
137925	0.440
137975	0.444
138025	0.464
138075	0.476
138125	0.484
138175	0.516
138225	0.512
138275	0.512
138325	0.528
138375	0.548
138425	0.532
138475	0.520
138525	0.500
138575	0.456
138625	0.444
138675	0.452
138725	0.480
138775	0.476
138825	0.492
138875	0.496
138925	0.496
138975	0.468
139025	0.452
139075	0.468
139125	0.452
139175	0.460
139225	0.456
139275	0.504
139325	0.504
139375	0.512
139425	0.520
139475	0.520
139525	0.484
139575	0.460
139625	0.436
139675	0.432
139725	0.464
139775	0.464
139825	0.484
139875	0.500
139925	0.508
139975	0.464
140025	0.480
140075	0.456
140125	0.444
140175	0.432
140225	0.448
140275	0.432
140325	0.452
140375	0.496
140425	0.492
140475	0.484
140525	0.508
140575	0.500
140625	0.464
140675	0.452
140725	0.452
140775	0.428
140825	0.416
140875	0.388
140925	0.360
140975	0.408
141025	0.400
141075	0.408
141125	0.460
141175	0.492
141225	0.440
141275	0.468
141325	0.484
141375	0.488
141425	0.496
141475	0.516
141525	0.472
141575	0.504
141625	0.480
141675	0.480
141725	0.488
141775	0.532
141825	0.500
141875	0.524
141925	0.536
141975	0.508
142025	0.464
142075	0.452
142125	0.448
142175	0.420
142225	0.428
142275	0.484
142325	0.484
142375	0.480
142425	0.480
142475	0.500
142525	0.472
142575	0.476
142625	0.476
142675	0.476
142725	0.456
142775	0.464
142825	0.452
142875	0.464
142925	0.488
142975	0.484
143025	0.468
143075	0.472
143125	0.468
143175	0.460
143225	0.456
143275	0.468
143325	0.468
143375	0.436
143425	0.440
143475	0.440
143525	0.452
143575	0.456
143625	0.456
143675	0.460
143725	0.484
143775	0.484
143825	0.480
143875	0.492
143925	0.488
143975	0.452
144025	0.420
144075	0.392
144125	0.408
144175	0.388
144225	0.396
144275	0.412
144325	0.464
144375	0.440
144425	0.460
144475	0.480
144525	0.492
144575	0.448
144625	0.464
144675	0.464
144725	0.480
144775	0.476
144825	0.496
144875	0.452
144925	0.444
144975	0.436
145025	0.444
145075	0.468
145125	0.492
145175	0.488
145225	0.496
145275	0.488
145325	0.456
145375	0.456
145425	0.500
145475	0.512
145525	0.504
145575	0.524
145625	0.544
145675	0.488
145725	0.452
145775	0.424
145825	0.428
145875	0.420
145925	0.460
145975	0.460
146025	0.512
146075	0.492
146125	0.484
146175	0.456
146225	0.436
146275	0.432
146325	0.416
146375	0.440
146425	0.440
146475	0.456
146525	0.416
146575	0.460
146625	0.444
146675	0.440
146725	0.448
146775	0.488
146825	0.472
146875	0.488
146925	0.508
146975	0.536
147025	0.520
147075	0.548
147125	0.536
147175	0.544
147225	0.540
147275	0.572
147325	0.572
147375	0.572
147425	0.576
147475	0.580
147525	0.536
147575	0.528
147625	0.552
147675	0.532
147725	0.476
147775	0.472
147825	0.440
147875	0.420
147925	0.424
147975	0.476
148025	0.500
148075	0.552
148125	0.560
148175	0.524
148225	0.500
148275	0.476
148325	0.440
148375	0.416
148425	0.444
148475	0.464
148525	0.480
148575	0.488
148625	0.512
148675	0.500
148725	0.468
148775	0.476
148825	0.480
148875	0.480
148925	0.508
148975	0.520
149025	0.488
149075	0.472
149125	0.484
149175	0.452
149225	0.448
149275	0.496
149325	0.492
149375	0.444
149425	0.456
149475	0.484
149525	0.448
149575	0.432
149625	0.436
149675	0.424
149725	0.384
149775	0.380
149825	0.392
149875	0.388
149925	0.360
149975	0.336
150025	0.348
150075	0.356
150125	0.388
150175	0.420
150225	0.456
150275	0.448
150325	0.420
150375	0.420
150425	0.460
150475	0.468
150525	0.484
150575	0.500
150625	0.472
150675	0.436
150725	0.452
150775	0.448
150825	0.456
150875	0.484
150925	0.504
150975	0.496
151025	0.516
151075	0.544
151125	0.556
151175	0.508
151225	0.480
151275	0.480
151325	0.428
151375	0.412
151425	0.432
151475	0.492
151525	0.484
151575	0.540
151625	0.556
151675	0.524
151725	0.476
151775	0.476
151825	0.444
151875	0.420
151925	0.480
151975	0.508
152025	0.508
152075	0.496
152125	0.484
152175	0.464
152225	0.440
152275	0.396
152325	0.380
152375	0.384
152425	0.384
152475	0.384
152525	0.428
152575	0.476
152625	0.476
152675	0.492
152725	0.504
152775	0.492
152825	0.484
152875	0.496
152925	0.488
152975	0.456
153025	0.460
153075	0.476
153125	0.488
153175	0.480
153225	0.520
153275	0.508
153325	0.496
153375	0.460
153425	0.456
153475	0.460
153525	0.468
153575	0.448
153625	0.468
153675	0.480
153725	0.452
153775	0.472
153825	0.484
153875	0.500
153925	0.496
153975	0.504
154025	0.484
154075	0.488
154125	0.472
154175	0.460
154225	0.460
154275	0.456
154325	0.412
154375	0.432
154425	0.472
154475	0.484
154525	0.496
154575	0.568
154625	0.588
154675	0.612
154725	0.612
154775	0.640
154825	0.628
154875	0.608
154925	0.576
154975	0.576
155025	0.564
155075	0.556
155125	0.568
155175	0.564
155225	0.552
155275	0.556
155325	0.560
155375	0.560
155425	0.572
155475	0.588
155525	0.568
155575	0.540
155625	0.512
155675	0.480
155725	0.448
155775	0.428
155825	0.448
155875	0.464
155925	0.472
155975	0.488
156025	0.516
156075	0.508
156125	0.448
156175	0.468
156225	0.484
156275	0.488
156325	0.472
156375	0.532
156425	0.528
156475	0.520
156525	0.504
156575	0.516
156625	0.504
156675	0.492
156725	0.496
156775	0.496
156825	0.504
156875	0.500
156925	0.468
156975	0.432
157025	0.396
157075	0.368
157125	0.368
157175	0.392
157225	0.412
157275	0.424
157325	0.436
157375	0.428
157425	0.424
157475	0.432
157525	0.464
157575	0.468
157625	0.464
157675	0.472
157725	0.480
157775	0.456
157825	0.444
157875	0.468
157925	0.464
157975	0.444
158025	0.416
158075	0.452
158125	0.448
158175	0.464
158225	0.480
158275	0.520
158325	0.500
158375	0.500
158425	0.484
158475	0.484
158525	0.480
158575	0.496
158625	0.460
158675	0.460
158725	0.440
158775	0.472
158825	0.468
158875	0.520
158925	0.524
158975	0.548
159025	0.500
159075	0.500
159125	0.472
159175	0.472
159225	0.460
159275	0.488
159325	0.476
159375	0.524
159425	0.524
159475	0.544
159525	0.544
159575	0.560
159625	0.528
159675	0.536
159725	0.544
159775	0.548
159825	0.540
159875	0.524
159925	0.528
159975	0.488
160025	0.448
160075	0.456
160125	0.456
160175	0.444
160225	0.488
160275	0.508
160325	0.500
160375	0.508
160425	0.512
160475	0.488
160525	0.500
160575	0.512
160625	0.528
160675	0.540
160725	0.548
160775	0.556
160825	0.556
160875	0.544
160925	0.516
160975	0.456
161025	0.464
161075	0.408
161125	0.376
161175	0.352
161225	0.408
161275	0.396
161325	0.392
161375	0.404
161425	0.440
161475	0.408
161525	0.388
161575	0.436
161625	0.432
161675	0.420
161725	0.436
161775	0.428
161825	0.424
161875	0.436
161925	0.456
161975	0.480
162025	0.508
162075	0.504
162125	0.468
162175	0.476
162225	0.480
162275	0.496
162325	0.520
162375	0.600
162425	0.568
162475	0.556
162525	0.508
162575	0.448
162625	0.396
162675	0.424
162725	0.424
162775	0.456
162825	0.464
162875	0.464
162925	0.428
162975	0.424
163025	0.460
163075	0.488
163125	0.476
163175	0.496
163225	0.464
163275	0.404
163325	0.456
163375	0.528
163425	0.544
163475	0.612
163525	0.636
163575	0.612
163625	0.596
163675	0.604
163725	0.560
163775	0.564
163825	0.548
163875	0.528
163925	0.532
163975	0.544
164025	0.540
164075	0.532
164125	0.532
164175	0.532
164225	0.548
164275	0.552
164325	0.572
164375	0.580
164425	0.556
164475	0.536
164525	0.540
164575	0.532
164625	0.536
164675	0.568
164725	0.576
164775	0.572
164825	0.572
164875	0.576
164925	0.544
164975	0.560
165025	0.556
165075	0.564
165125	0.556
165175	0.568
165225	0.540
165275	0.536
165325	0.544
165375	0.544
165425	0.536
165475	0.560
165525	0.580
165575	0.552
165625	0.528
165675	0.532
165725	0.528
165775	0.508
165825	0.508
165875	0.540
165925	0.540
165975	0.568
166025	0.576
166075	0.568
166125	0.540
166175	0.520
166225	0.432
166275	0.416
166325	0.428
166375	0.432
166425	0.432
166475	0.484
166525	0.488
166575	0.468
166625	0.452
166675	0.436
166725	0.440
166775	0.472
166825	0.484
166875	0.484
166925	0.504
166975	0.476
167025	0.432
167075	0.392
167125	0.380
167175	0.408
167225	0.452
167275	0.488
167325	0.556
167375	0.568
167425	0.528
167475	0.508
167525	0.488
167575	0.460
167625	0.472
167675	0.468
167725	0.456
167775	0.440
167825	0.448
167875	0.436
167925	0.444
167975	0.440
168025	0.456
168075	0.456
168125	0.472
168175	0.468
168225	0.456
168275	0.476
168325	0.464
168375	0.456
168425	0.512
168475	0.516
168525	0.460
168575	0.440
168625	0.448
168675	0.420
168725	0.428
168775	0.464
168825	0.492
168875	0.488
168925	0.496
168975	0.488
169025	0.472
169075	0.468
169125	0.472
169175	0.468
169225	0.472
169275	0.484
169325	0.460
169375	0.448
169425	0.448
169475	0.436
169525	0.428
169575	0.468
169625	0.460
169675	0.424
169725	0.448
169775	0.424
169825	0.384
169875	0.404
169925	0.408
169975	0.392
170025	0.424
170075	0.432
170125	0.412
170175	0.420
170225	0.436
170275	0.448
170325	0.492
170375	0.508
170425	0.536
170475	0.536
170525	0.528
170575	0.508
170625	0.528
170675	0.512
170725	0.500
170775	0.516
170825	0.520
170875	0.480
170925	0.488
170975	0.484
171025	0.460
171075	0.424
171125	0.444
171175	0.460
171225	0.460
171275	0.444
171325	0.476
171375	0.476
171425	0.440
171475	0.436
171525	0.440
171575	0.448
171625	0.436
171675	0.456
171725	0.456
171775	0.472
171825	0.460
171875	0.484
171925	0.472
171975	0.476
172025	0.484
172075	0.492
172125	0.476
172175	0.464
172225	0.488
172275	0.484
172325	0.448
172375	0.416
172425	0.416
172475	0.420
172525	0.424
172575	0.448
172625	0.496
172675	0.512
172725	0.484
172775	0.484
172825	0.448
172875	0.416
172925	0.396
172975	0.388
173025	0.372
173075	0.408
173125	0.432
173175	0.444
173225	0.452
173275	0.484
173325	0.480
173375	0.448
173425	0.448
173475	0.436
173525	0.416
173575	0.408
173625	0.444
173675	0.452
173725	0.464
173775	0.492
173825	0.476
173875	0.428
173925	0.388
173975	0.400
174025	0.396
174075	0.428
174125	0.452
174175	0.480
174225	0.468
174275	0.436
174325	0.420
174375	0.444
174425	0.452
174475	0.452
174525	0.456
174575	0.444
174625	0.404
174675	0.420
174725	0.436
174775	0.444
174825	0.476
174875	0.516
174925	0.468
174975	0.448
175025	0.428
175075	0.424
175125	0.408
175175	0.464
175225	0.480
175275	0.520
175325	0.528
175375	0.532
175425	0.500
175475	0.532
175525	0.528
175575	0.544
175625	0.544
175675	0.564
175725	0.520
175775	0.500
175825	0.468
175875	0.484
175925	0.484
175975	0.512
176025	0.540
176075	0.544
176125	0.520
176175	0.508
176225	0.480
176275	0.476
176325	0.472
176375	0.484
176425	0.484
176475	0.496
176525	0.468
176575	0.464
176625	0.472
176675	0.468
176725	0.464
176775	0.468
176825	0.488
176875	0.460
176925	0.464
176975	0.472
177025	0.464
177075	0.468
177125	0.460
177175	0.452
177225	0.436
177275	0.440
177325	0.416
177375	0.432
177425	0.440
177475	0.452
177525	0.484
177575	0.480
177625	0.508
177675	0.532
177725	0.568
177775	0.548
177825	0.572
177875	0.548
177925	0.548
177975	0.520
178025	0.504
178075	0.512
178125	0.524
178175	0.516
178225	0.484
178275	0.504
178325	0.480
178375	0.500
178425	0.504
178475	0.560
178525	0.532
178575	0.544
178625	0.512
178675	0.500
178725	0.468
178775	0.452
178825	0.420
178875	0.420
178925	0.420
178975	0.424
179025	0.464
179075	0.516
179125	0.540
179175	0.520
179225	0.512
179275	0.500
179325	0.460
179375	0.436
179425	0.448
179475	0.456
179525	0.488
179575	0.480
179625	0.460
179675	0.448
179725	0.448
179775	0.436
179825	0.480
179875	0.524
179925	0.544
179975	0.552
180025	0.508
180075	0.472
180125	0.472
180175	0.500
180225	0.468
180275	0.508
180325	0.548
180375	0.544
180425	0.528
180475	0.560
180525	0.560
180575	0.540
180625	0.536
180675	0.556
180725	0.552
180775	0.560
180825	0.556
180875	0.560
180925	0.528
180975	0.520
181025	0.500
181075	0.504
181125	0.476
181175	0.468
181225	0.428
181275	0.400
181325	0.408
181375	0.432
181425	0.444
181475	0.464
181525	0.488
181575	0.460
181625	0.428
181675	0.396
181725	0.364
181775	0.312
181825	0.296
181875	0.300
181925	0.304
181975	0.324
182025	0.388
182075	0.396
182125	0.408
182175	0.420
182225	0.440
182275	0.436
182325	0.460
182375	0.468
182425	0.476
182475	0.480
182525	0.480
182575	0.460
182625	0.448
182675	0.460
182725	0.468
182775	0.464
182825	0.500
182875	0.516
182925	0.512
182975	0.508
183025	0.508
183075	0.480
183125	0.488
183175	0.492
183225	0.492
183275	0.480
183325	0.508
183375	0.484
183425	0.464
183475	0.500
183525	0.520
183575	0.488
183625	0.472
183675	0.464
183725	0.388
183775	0.352
183825	0.356
183875	0.400
183925	0.360
183975	0.408
184025	0.412
184075	0.392
184125	0.356
184175	0.404
184225	0.408
184275	0.452
184325	0.480
184375	0.496
184425	0.492
184475	0.480
184525	0.440
184575	0.432
184625	0.452
184675	0.460
184725	0.476
184775	0.496
184825	0.512
184875	0.500
184925	0.492
184975	0.480
185025	0.484
185075	0.488
185125	0.484
185175	0.476
185225	0.488
185275	0.472
185325	0.472
185375	0.468
185425	0.480
185475	0.464
185525	0.464
185575	0.440
185625	0.428
185675	0.420
185725	0.396
185775	0.388
185825	0.376
185875	0.396
185925	0.408
185975	0.412
186025	0.404
186075	0.388
186125	0.360
186175	0.348
186225	0.396
186275	0.424
186325	0.456
186375	0.476
186425	0.492
186475	0.452
186525	0.456
186575	0.464
186625	0.468
186675	0.464
186725	0.496
186775	0.472
186825	0.448
186875	0.448
186925	0.460
186975	0.444
187025	0.444
187075	0.476
187125	0.472
187175	0.460
187225	0.464
187275	0.476
187325	0.464
187375	0.456
187425	0.480
187475	0.476
187525	0.476
187575	0.496
187625	0.508
187675	0.480
187725	0.480
187775	0.488
187825	0.464
187875	0.472
187925	0.472
187975	0.476
188025	0.468
188075	0.476
188125	0.464
188175	0.468
188225	0.448
188275	0.448
188325	0.456
188375	0.460
188425	0.472
188475	0.480
188525	0.484
188575	0.472
188625	0.448
188675	0.448
188725	0.440
188775	0.440
188825	0.440
188875	0.460
188925	0.468
188975	0.484
189025	0.472
189075	0.468
189125	0.480
189175	0.472
189225	0.468
189275	0.484
189325	0.524
189375	0.500
189425	0.512
189475	0.524
189525	0.528
189575	0.492
189625	0.512
189675	0.508
189725	0.484
189775	0.496
189825	0.512
189875	0.528
189925	0.500
189975	0.516
190025	0.496
190075	0.504
190125	0.464
190175	0.468
190225	0.468
190275	0.468
190325	0.452
190375	0.476
190425	0.472
190475	0.488
190525	0.480
190575	0.508
190625	0.516
190675	0.540
190725	0.528
190775	0.524
190825	0.500
190875	0.488
190925	0.504
190975	0.496
191025	0.528
191075	0.504
191125	0.528
191175	0.532
191225	0.536
191275	0.544
191325	0.576
191375	0.568
191425	0.572
191475	0.576
191525	0.572
191575	0.572
191625	0.560
191675	0.532
191725	0.564
191775	0.556
191825	0.568
191875	0.560
191925	0.556
191975	0.560
192025	0.564
192075	0.540
192125	0.552
192175	0.576
192225	0.532
192275	0.544
192325	0.560
192375	0.548
192425	0.524
192475	0.544
192525	0.544
192575	0.540
192625	0.524
192675	0.540
192725	0.544
192775	0.496
192825	0.480
192875	0.512
192925	0.492
192975	0.472
193025	0.500
193075	0.500
193125	0.492
193175	0.496
193225	0.488
193275	0.496
193325	0.508
193375	0.504
193425	0.504
193475	0.536
193525	0.540
193575	0.520
193625	0.532
193675	0.532
193725	0.528
193775	0.496
193825	0.468
193875	0.436
193925	0.416
193975	0.412
194025	0.408
194075	0.436
194125	0.472
194175	0.492
194225	0.472
194275	0.476
194325	0.500
194375	0.500
194425	0.508
194475	0.524
194525	0.536
194575	0.532
194625	0.536
194675	0.504
194725	0.508
194775	0.532
194825	0.536
194875	0.512
194925	0.520
194975	0.480
195025	0.452
195075	0.448
195125	0.456
195175	0.452
195225	0.480
195275	0.484
195325	0.460
195375	0.448
195425	0.456
195475	0.444
195525	0.444
195575	0.464
195625	0.480
195675	0.504
195725	0.520
195775	0.532
195825	0.544
195875	0.556
195925	0.548
195975	0.556
196025	0.552
196075	0.532
196125	0.516
196175	0.508
196225	0.492
196275	0.504
196325	0.528
196375	0.532
196425	0.540
196475	0.568
196525	0.548
196575	0.524
196625	0.540
196675	0.536
196725	0.508
196775	0.496
196825	0.504
196875	0.452
196925	0.428
196975	0.428
197025	0.476
197075	0.468
197125	0.516
197175	0.544
197225	0.552
197275	0.532
197325	0.488
197375	0.464
197425	0.428
197475	0.380
197525	0.344
197575	0.408
197625	0.404
197675	0.420
197725	0.464
197775	0.472
197825	0.424
197875	0.440
197925	0.444
197975	0.440
198025	0.448
198075	0.452
198125	0.448
198175	0.456
198225	0.448
198275	0.464
198325	0.492
198375	0.516
198425	0.504
198475	0.536
198525	0.528
198575	0.540
198625	0.508
198675	0.524
198725	0.516
198775	0.532
198825	0.540
198875	0.532
198925	0.524
198975	0.512
199025	0.504
199075	0.484
199125	0.500
199175	0.516
199225	0.500
199275	0.496
199325	0.500
199375	0.500
199425	0.472
199475	0.496
199525	0.492
199575	0.464
199625	0.456
199675	0.472
199725	0.476
199775	0.468
199825	0.500
199875	0.508
199925	0.520
199975	0.496
200025	0.496
200075	0.488
200125	0.476
200175	0.464
200225	0.472
200275	0.468
200325	0.464
200375	0.460
200425	0.444
200475	0.444
200525	0.448
200575	0.460
200625	0.468
200675	0.472
200725	0.476
200775	0.468
200825	0.468
200875	0.476
200925	0.464
200975	0.480
201025	0.488
201075	0.500
201125	0.492
201175	0.508
201225	0.488
201275	0.492
201325	0.484
201375	0.484
201425	0.480
201475	0.480
201525	0.480
201575	0.472
201625	0.476
201675	0.460
201725	0.448
201775	0.444
201825	0.428
201875	0.440
201925	0.484
201975	0.512
202025	0.524
202075	0.524
202125	0.520
202175	0.512
202225	0.488
202275	0.472
202325	0.476
202375	0.476
202425	0.452
202475	0.464
202525	0.500
202575	0.516
202625	0.484
202675	0.512
202725	0.508
202775	0.492
202825	0.500
202875	0.516
202925	0.516
202975	0.532
203025	0.516
203075	0.496
203125	0.492
203175	0.472
203225	0.448
203275	0.444
203325	0.448
203375	0.452
203425	0.456
203475	0.472
203525	0.484
203575	0.472
203625	0.472
203675	0.464
203725	0.464
203775	0.452
203825	0.464
203875	0.472
203925	0.472
203975	0.468
204025	0.472
204075	0.432
204125	0.424
204175	0.464
204225	0.448
204275	0.468
204325	0.520
204375	0.524
204425	0.484
204475	0.496
204525	0.484
204575	0.488
204625	0.492
204675	0.504
204725	0.492
204775	0.476
204825	0.460
204875	0.448
204925	0.476
204975	0.480
205025	0.488
205075	0.488
205125	0.504
205175	0.476
205225	0.472
205275	0.480
205325	0.492
205375	0.496
205425	0.500
205475	0.484
205525	0.472
205575	0.448
205625	0.448
205675	0.464
205725	0.488
205775	0.484
205825	0.504
205875	0.500
205925	0.492
205975	0.508
206025	0.532
206075	0.520
206125	0.516
206175	0.508
206225	0.492
206275	0.464
206325	0.444
206375	0.468
206425	0.476
206475	0.504
206525	0.516
206575	0.532
206625	0.520
206675	0.524
206725	0.496
206775	0.500
206825	0.504
206875	0.476
206925	0.460
206975	0.476
207025	0.484
207075	0.480
207125	0.500
207175	0.500
207225	0.488
207275	0.468
207325	0.460
207375	0.456
207425	0.468
207475	0.468
207525	0.496
207575	0.500
207625	0.488
207675	0.472
207725	0.476
207775	0.460
207825	0.468
207875	0.484
207925	0.476
207975	0.476
208025	0.472
208075	0.456
208125	0.404
208175	0.412
208225	0.372
208275	0.344
208325	0.340
208375	0.360
208425	0.376
208475	0.424
208525	0.452
208575	0.460
208625	0.492
208675	0.496
208725	0.476
208775	0.484
208825	0.496
208875	0.480
208925	0.452
208975	0.444
209025	0.420
209075	0.424
209125	0.424
209175	0.448
209225	0.472
209275	0.516
209325	0.504
209375	0.496
209425	0.464
209475	0.456
209525	0.420
209575	0.396
209625	0.424
209675	0.424
209725	0.428
209775	0.444
209825	0.484
209875	0.452
209925	0.476
209975	0.472
210025	0.468
210075	0.456
210125	0.476
210175	0.480
210225	0.456
210275	0.436
210325	0.432
210375	0.444
210425	0.448
210475	0.456
210525	0.484
210575	0.468
210625	0.440
210675	0.440
210725	0.460
210775	0.428
210825	0.440
210875	0.464
210925	0.444
210975	0.432
211025	0.452
211075	0.476
211125	0.472
211175	0.492
211225	0.472
211275	0.464
211325	0.444
211375	0.416
211425	0.412
211475	0.444
211525	0.448
211575	0.464
211625	0.492
211675	0.472
211725	0.488
211775	0.488
211825	0.508
211875	0.492
211925	0.516
211975	0.480
212025	0.500
212075	0.472
212125	0.472
212175	0.476
212225	0.500
212275	0.488
212325	0.460
212375	0.464
212425	0.440
212475	0.436
212525	0.428
212575	0.440
212625	0.460
212675	0.464
212725	0.424
212775	0.408
212825	0.412
212875	0.408
212925	0.404
212975	0.436
213025	0.460
213075	0.476
213125	0.424
213175	0.400
213225	0.416
213275	0.412
213325	0.376
213375	0.428
213425	0.456
213475	0.424
213525	0.400
213575	0.440
213625	0.388
213675	0.368
213725	0.376
213775	0.388
213825	0.380
213875	0.444
213925	0.464
213975	0.472
214025	0.484
214075	0.500
214125	0.484
214175	0.492
214225	0.480
214275	0.504
214325	0.496
214375	0.476
214425	0.468
214475	0.472
214525	0.464
214575	0.464
214625	0.500
214675	0.512
214725	0.540
214775	0.520
214825	0.512
214875	0.504
214925	0.500
214975	0.468
215025	0.480
215075	0.476
215125	0.444
215175	0.444
215225	0.448
215275	0.432
215325	0.448
215375	0.476
215425	0.468
215475	0.460
215525	0.460
215575	0.452
215625	0.456
215675	0.448
215725	0.468
215775	0.456
215825	0.452
215875	0.456
215925	0.480
215975	0.468
216025	0.492
216075	0.504
216125	0.492
216175	0.472
216225	0.476
216275	0.460
216325	0.424
216375	0.408
216425	0.408
216475	0.416
216525	0.404
216575	0.404
216625	0.436
216675	0.448
216725	0.432
216775	0.440
216825	0.472
216875	0.460
216925	0.416
216975	0.420
217025	0.444
217075	0.396
217125	0.376
217175	0.412
217225	0.416
217275	0.400
217325	0.448
217375	0.456
217425	0.432
217475	0.416
217525	0.352
217575	0.356
217625	0.336
217675	0.348
217725	0.360
217775	0.408
217825	0.384
217875	0.400
217925	0.424
217975	0.424
218025	0.440
218075	0.444
218125	0.472
218175	0.472
218225	0.456
218275	0.464
218325	0.492
218375	0.484
218425	0.484
218475	0.520
218525	0.536
218575	0.508
218625	0.484
218675	0.472
218725	0.480
218775	0.464
218825	0.484
218875	0.492
218925	0.520
218975	0.504
219025	0.516
219075	0.520
219125	0.544
219175	0.520
219225	0.544
219275	0.528
219325	0.520
219375	0.508
219425	0.512
219475	0.472
219525	0.492
219575	0.484
219625	0.500
219675	0.484
219725	0.496
219775	0.452
219825	0.476
219875	0.436
219925	0.428
219975	0.452
220025	0.472
220075	0.452
220125	0.480
220175	0.508
220225	0.476
220275	0.492
220325	0.504
220375	0.520
220425	0.540
220475	0.564
220525	0.572
220575	0.568
220625	0.552
220675	0.504
220725	0.488
220775	0.460
220825	0.452
220875	0.456
220925	0.472
220975	0.476
221025	0.452
221075	0.428
221125	0.400
221175	0.416
221225	0.424
221275	0.444
221325	0.476
221375	0.468
221425	0.456
221475	0.456
221525	0.468
221575	0.464
221625	0.516
221675	0.512
221725	0.496
221775	0.504
221825	0.488
221875	0.456
221925	0.444
221975	0.436
222025	0.444
222075	0.440
222125	0.428
222175	0.448
222225	0.460
222275	0.436
222325	0.436
222375	0.468
222425	0.448
222475	0.424
222525	0.440
222575	0.436
222625	0.400
222675	0.408
222725	0.456
222775	0.448
222825	0.452
222875	0.468
222925	0.484
222975	0.436
223025	0.404
223075	0.412
223125	0.412
223175	0.416
223225	0.420
223275	0.444
223325	0.408
223375	0.392
223425	0.372
223475	0.392
223525	0.412
223575	0.460
223625	0.472
223675	0.480
223725	0.472
223775	0.464
223825	0.440
223875	0.436
223925	0.452
223975	0.456
224025	0.472
224075	0.476
224125	0.476
224175	0.464
224225	0.472
224275	0.444
224325	0.452
224375	0.456
224425	0.456
224475	0.460
224525	0.464
224575	0.460
224625	0.448
224675	0.420
224725	0.416
224775	0.428
224825	0.444
224875	0.464
224925	0.500
224975	0.480
225025	0.444
225075	0.428
225125	0.408
225175	0.380
225225	0.396
225275	0.412
225325	0.408
225375	0.416
225425	0.420
225475	0.416
225525	0.432
225575	0.436
225625	0.440
225675	0.440
225725	0.412
225775	0.412
225825	0.400
225875	0.384
225925	0.368
225975	0.380
226025	0.348
226075	0.340
226125	0.360
226175	0.360
226225	0.392
226275	0.432
226325	0.476
226375	0.456
226425	0.496
226475	0.472
226525	0.436
226575	0.416
226625	0.428
226675	0.416
226725	0.420
226775	0.464
226825	0.456
226875	0.464
226925	0.440
226975	0.456
227025	0.424
227075	0.412
227125	0.424
227175	0.428
227225	0.392
227275	0.408
227325	0.428
227375	0.400
227425	0.380
227475	0.376
227525	0.368
227575	0.352
227625	0.356
227675	0.392
227725	0.408
227775	0.416
227825	0.428
227875	0.464
227925	0.472
227975	0.488
228025	0.480
228075	0.460
228125	0.424
228175	0.440
228225	0.436
228275	0.452
228325	0.464
228375	0.472
228425	0.452
228475	0.444
228525	0.400
228575	0.424
228625	0.440
228675	0.436
228725	0.444
228775	0.440
228825	0.456
228875	0.412
228925	0.400
228975	0.416
229025	0.440
229075	0.396
229125	0.412
229175	0.420
229225	0.436
229275	0.456
229325	0.488
229375	0.484
229425	0.488
229475	0.492
229525	0.496
229575	0.488
229625	0.540
229675	0.564
229725	0.528
229775	0.528
229825	0.516
229875	0.520
229925	0.492
229975	0.492
230025	0.472
230075	0.468
230125	0.420
230175	0.420
230225	0.436
230275	0.500
230325	0.528
230375	0.564
230425	0.588
230475	0.560
230525	0.504
230575	0.500
230625	0.500
230675	0.472
230725	0.500
230775	0.500
230825	0.516
230875	0.492
230925	0.504
230975	0.496
231025	0.496
231075	0.480
231125	0.472
231175	0.472
231225	0.472
231275	0.464
231325	0.448
231375	0.452
231425	0.456
231475	0.420
231525	0.420
231575	0.416
231625	0.428
231675	0.416
231725	0.452
231775	0.468
231825	0.472
231875	0.476
231925	0.484
231975	0.520
232025	0.512
232075	0.528
232125	0.508
232175	0.508
232225	0.496
232275	0.496
232325	0.464
232375	0.480
232425	0.500
232475	0.472
232525	0.488
232575	0.540
232625	0.504
232675	0.484
232725	0.492
232775	0.492
232825	0.440
232875	0.460
232925	0.476
232975	0.460
233025	0.404
233075	0.420
233125	0.416
233175	0.376
233225	0.384
233275	0.404
233325	0.380
233375	0.368
233425	0.372
233475	0.376
233525	0.392
233575	0.420
233625	0.432
233675	0.448
233725	0.444
233775	0.468
233825	0.468
233875	0.492
233925	0.500
233975	0.480
234025	0.476
234075	0.480
234125	0.476
234175	0.472
234225	0.508
234275	0.528
234325	0.500
234375	0.472
234425	0.460
234475	0.428
234525	0.368
234575	0.376
234625	0.376
234675	0.400
234725	0.400
234775	0.420
234825	0.432
234875	0.432
234925	0.396
234975	0.396
235025	0.396
235075	0.396
235125	0.392
235175	0.452
235225	0.484
235275	0.496
235325	0.492
235375	0.492
235425	0.404
235475	0.400
235525	0.380
235575	0.376
235625	0.368
235675	0.416
235725	0.364
235775	0.384
235825	0.408
235875	0.452
235925	0.448
235975	0.492
236025	0.500
236075	0.500
236125	0.516
236175	0.504
236225	0.496
236275	0.484
236325	0.476
236375	0.440
236425	0.452
236475	0.452
236525	0.460
236575	0.432
236625	0.432
236675	0.452
236725	0.460
236775	0.428
236825	0.428
236875	0.384
236925	0.340
236975	0.348
237025	0.372
237075	0.364
237125	0.392
237175	0.412
237225	0.404
237275	0.348
237325	0.348
237375	0.364
237425	0.348
237475	0.324
237525	0.356
237575	0.380
237625	0.372
237675	0.384
237725	0.356
237775	0.380
237825	0.396
237875	0.408
237925	0.428
237975	0.484
238025	0.500
238075	0.496
238125	0.472
238175	0.444
238225	0.420
238275	0.404
238325	0.388
238375	0.412
238425	0.404
238475	0.412
238525	0.412
238575	0.404
238625	0.388
238675	0.412
238725	0.416
238775	0.400
238825	0.420
238875	0.460
238925	0.440
238975	0.456
239025	0.460
239075	0.448
239125	0.400
239175	0.392
239225	0.372
239275	0.384
239325	0.392
239375	0.424
239425	0.444
239475	0.416
239525	0.420
239575	0.412
239625	0.380
239675	0.336
239725	0.352
239775	0.344
239825	0.348
239875	0.356
239925	0.404
239975	0.408
240025	0.416
240075	0.428
240125	0.420
240175	0.428
240225	0.452
240275	0.436
240325	0.436
240375	0.440
240425	0.448
240475	0.440
240525	0.440
240575	0.404
240625	0.384
240675	0.372
240725	0.324
240775	0.324
240825	0.348
240875	0.392
240925	0.388
240975	0.432
241025	0.460
241075	0.488
241125	0.504
241175	0.520
241225	0.540
241275	0.548
241325	0.524
241375	0.524
241425	0.528
241475	0.512
241525	0.516
241575	0.552
241625	0.544
241675	0.520
241725	0.528
241775	0.500
241825	0.468
241875	0.472
241925	0.536
241975	0.520
242025	0.536
242075	0.552
242125	0.552
242175	0.504
242225	0.512
242275	0.508
242325	0.504
242375	0.512
242425	0.536
242475	0.532
242525	0.532
242575	0.512
242625	0.496
242675	0.440
242725	0.420
242775	0.396
242825	0.436
242875	0.416
242925	0.436
242975	0.440
243025	0.440
243075	0.380
243125	0.384
243175	0.384
243225	0.388
243275	0.384
243325	0.400
243375	0.400
243425	0.396
243475	0.408
243525	0.428
243575	0.444
243625	0.460
243675	0.468
243725	0.456
243775	0.456
243825	0.464
243875	0.456
243925	0.480
243975	0.496
244025	0.488
244075	0.476
244125	0.472
244175	0.456
244225	0.444
244275	0.436
244325	0.432
244375	0.460
244425	0.472
244475	0.476
244525	0.468
244575	0.472
244625	0.444
244675	0.416
244725	0.412
244775	0.416
244825	0.432
244875	0.424
244925	0.460
244975	0.496
245025	0.548
245075	0.540
245125	0.556
245175	0.516
245225	0.484
245275	0.436
245325	0.404
245375	0.424
245425	0.456
245475	0.456
245525	0.456
245575	0.480
245625	0.464
245675	0.432
245725	0.464
245775	0.488
245825	0.500
245875	0.504
245925	0.520
245975	0.504
246025	0.480
246075	0.444
246125	0.452
246175	0.468
246225	0.452
246275	0.488
246325	0.504
246375	0.488
246425	0.480
246475	0.488
246525	0.464
246575	0.496
246625	0.500
246675	0.512
246725	0.512
246775	0.504
246825	0.460
246875	0.452
246925	0.416
246975	0.416
247025	0.404
247075	0.432
247125	0.432
247175	0.472
247225	0.468
247275	0.488
247325	0.484
247375	0.492
247425	0.476
247475	0.468
247525	0.480
247575	0.488
247625	0.488
247675	0.500
247725	0.528
247775	0.508
247825	0.508
247875	0.504
247925	0.492
247975	0.468
248025	0.480
248075	0.476
248125	0.492
248175	0.500
248225	0.504
248275	0.504
248325	0.496
248375	0.480
248425	0.484
248475	0.504
248525	0.512
248575	0.512
248625	0.520
248675	0.452
248725	0.424
248775	0.384
248825	0.400
248875	0.408
248925	0.448
248975	0.444
249025	0.488
249075	0.496
249125	0.492
249175	0.492
249225	0.528
249275	0.512
249325	0.484
249375	0.468
249425	0.496
249475	0.476
249525	0.468
249575	0.488
249625	0.504
249675	0.480
249725	0.468
249775	0.472
249825	0.452
249875	0.424
249925	0.416
249975	0.404
250025	0.404
250075	0.416
250125	0.448
250175	0.436
250225	0.452
250275	0.460
250325	0.456
250375	0.416
250425	0.424
250475	0.408
250525	0.408
250575	0.436
250625	0.456
250675	0.484
250725	0.536
250775	0.560
250825	0.580
250875	0.604
250925	0.632
250975	0.648
251025	0.648
251075	0.620
251125	0.648
251175	0.640
251225	0.628
251275	0.628
251325	0.632
251375	0.612
251425	0.616
251475	0.608
251525	0.616
251575	0.600
251625	0.580
251675	0.568
251725	0.564
251775	0.560
251825	0.556
251875	0.588
251925	0.600
251975	0.588
252025	0.572
252075	0.596
252125	0.568
252175	0.576
252225	0.592
252275	0.604
252325	0.576
252375	0.600
252425	0.596
252475	0.616
252525	0.600
252575	0.596
252625	0.588
252675	0.536
252725	0.492
252775	0.480
252825	0.496
252875	0.508
252925	0.528
252975	0.536
253025	0.560
253075	0.532
253125	0.516
253175	0.500
253225	0.496
253275	0.472
253325	0.472
253375	0.460
253425	0.480
253475	0.492
253525	0.472
253575	0.492
253625	0.488
253675	0.464
253725	0.456
253775	0.520
253825	0.520
253875	0.544
253925	0.560
253975	0.572
254025	0.540
254075	0.536
254125	0.500
254175	0.496
254225	0.480
254275	0.476
254325	0.488
254375	0.484
254425	0.512
254475	0.512
254525	0.500
254575	0.488
254625	0.496
254675	0.468
254725	0.480
254775	0.480
254825	0.504
254875	0.492
254925	0.476
254975	0.464
255025	0.468
255075	0.452
255125	0.476
255175	0.516
255225	0.528
255275	0.516
255325	0.516
255375	0.500
255425	0.492
255475	0.500
255525	0.532
255575	0.528
255625	0.576
255675	0.572
255725	0.548
255775	0.544
255825	0.564
255875	0.520
255925	0.536
255975	0.536
256025	0.528
256075	0.516
256125	0.532
256175	0.516
256225	0.540
256275	0.548
256325	0.536
256375	0.568
256425	0.580
256475	0.572
256525	0.572
256575	0.580
256625	0.552
256675	0.540
256725	0.568
256775	0.600
256825	0.620
256875	0.612
256925	0.624
256975	0.588
257025	0.560
257075	0.524
257125	0.520
257175	0.496
257225	0.496
257275	0.484
257325	0.456
257375	0.428
257425	0.404
257475	0.348
257525	0.332
257575	0.376
257625	0.408
257675	0.412
257725	0.468
257775	0.476
257825	0.444
257875	0.412
257925	0.456
257975	0.452
258025	0.464
258075	0.488
258125	0.508
258175	0.500
258225	0.496
258275	0.480
258325	0.472
258375	0.476
258425	0.476
258475	0.464
258525	0.464
258575	0.488
258625	0.472
258675	0.468
258725	0.500
258775	0.504
258825	0.452
258875	0.464
258925	0.456
258975	0.428
259025	0.396
259075	0.428
259125	0.444
259175	0.428
259225	0.436
259275	0.464
259325	0.444
259375	0.400
259425	0.400
259475	0.396
259525	0.392
259575	0.400
259625	0.452
259675	0.464
259725	0.452
259775	0.436
259825	0.444
259875	0.416
259925	0.428
259975	0.440
260025	0.468
260075	0.464
260125	0.452
260175	0.428
260225	0.432
260275	0.412
260325	0.404
260375	0.424
260425	0.404
260475	0.392
260525	0.412
260575	0.408
260625	0.396
260675	0.428
260725	0.440
260775	0.404
260825	0.424
260875	0.412
260925	0.404
260975	0.400
261025	0.436
261075	0.424
261125	0.440
261175	0.448
261225	0.444
261275	0.432
261325	0.436
261375	0.436
261425	0.448
261475	0.460
261525	0.484
261575	0.504
261625	0.524
261675	0.504
261725	0.512
261775	0.528
261825	0.492
261875	0.500
261925	0.504
261975	0.504
262025	0.484
262075	0.508
262125	0.500
262175	0.516
262225	0.480
262275	0.456
262325	0.440
262375	0.440
262425	0.436
262475	0.496
262525	0.516
262575	0.548
262625	0.540
262675	0.548
262725	0.508
262775	0.512
262825	0.508
262875	0.504
262925	0.480
262975	0.508
263025	0.492
263075	0.488
263125	0.500
263175	0.528
263225	0.500
263275	0.456
263325	0.400
263375	0.380
263425	0.352
263475	0.364
263525	0.384
263575	0.404
263625	0.400
263675	0.384
263725	0.368
263775	0.392
263825	0.424
263875	0.412
263925	0.412
263975	0.396
264025	0.368
264075	0.348
264125	0.384
264175	0.416
264225	0.400
264275	0.408
264325	0.396
264375	0.376
264425	0.344
264475	0.380
264525	0.388
264575	0.392
264625	0.384
264675	0.388
264725	0.380
264775	0.420
264825	0.448
264875	0.456
264925	0.452
264975	0.452
265025	0.436
265075	0.452
265125	0.484
265175	0.496
265225	0.504
265275	0.488
265325	0.500
265375	0.468
265425	0.480
265475	0.492
265525	0.528
265575	0.516
265625	0.552
265675	0.576
265725	0.592
265775	0.584
265825	0.580
265875	0.564
265925	0.552
265975	0.564
266025	0.548
266075	0.548
266125	0.544
266175	0.544
266225	0.476
266275	0.464
266325	0.420
266375	0.400
266425	0.388
266475	0.404
266525	0.420
266575	0.444
266625	0.484
266675	0.484
266725	0.488
266775	0.472
266825	0.476
266875	0.432
266925	0.432
266975	0.452
267025	0.476
267075	0.452
267125	0.444
267175	0.448
267225	0.436
267275	0.408
267325	0.432
267375	0.440
267425	0.436
267475	0.424
267525	0.428
267575	0.412
267625	0.412
267675	0.412
267725	0.444
267775	0.460
267825	0.464
267875	0.464
267925	0.456
267975	0.448
268025	0.448
268075	0.452
268125	0.468
268175	0.484
268225	0.476
268275	0.456
268325	0.452
268375	0.456
268425	0.444
268475	0.452
268525	0.460
268575	0.432
268625	0.388
268675	0.380
268725	0.364
268775	0.352
268825	0.404
268875	0.412
268925	0.380
268975	0.396
269025	0.428
269075	0.412
269125	0.436
269175	0.468
269225	0.476
269275	0.468
269325	0.464
269375	0.488
269425	0.504
269475	0.496
269525	0.468
269575	0.468
269625	0.416
269675	0.380
269725	0.336
269775	0.364
269825	0.348
269875	0.360
269925	0.332
269975	0.304
270025	0.228
270075	0.216
270125	0.192
270175	0.208
270225	0.200
270275	0.200
270325	0.172
270375	0.184
270425	0.164
270475	0.168
270525	0.152
270575	0.164
270625	0.148
270675	0.156
270725	0.176
270775	0.192
270825	0.180
270875	0.164
270925	0.136
270975	0.124
271025	0.124
271075	0.128
271125	0.200
271175	0.248
271225	0.252
271275	0.272
271325	0.268
271375	0.208
271425	0.200
271475	0.220
271525	0.200
271575	0.232
271625	0.236
271675	0.200
271725	0.156
271775	0.168
271825	0.156
271875	0.144
271925	0.188
271975	0.224
272025	0.228
272075	0.192
272125	0.220
272175	0.168
272225	0.140
272275	0.132
272325	0.156
272375	0.136
272425	0.164
272475	0.192
272525	0.216
272575	0.240
272625	0.256
272675	0.280
272725	0.272
272775	0.236
272825	0.200
272875	0.180
272925	0.168
272975	0.144
273025	0.152
273075	0.144
273125	0.136
273175	0.116
273225	0.128
273275	0.128
273325	0.144
273375	0.140
273425	0.140
273475	0.140
273525	0.168
273575	0.164
273625	0.168
273675	0.176
273725	0.160
273775	0.128
273825	0.112
273875	0.104
273925	0.120
273975	0.124
274025	0.124
274075	0.132
274125	0.132
274175	0.112
274225	0.120
274275	0.148
274325	0.132
274375	0.132
274425	0.116
274475	0.112
274525	0.100
274575	0.132
274625	0.136
274675	0.164
274725	0.172
274775	0.180
274825	0.188
274875	0.224
274925	0.220
274975	0.252
275025	0.220
275075	0.208
275125	0.168
275175	0.148
275225	0.116
275275	0.136
275325	0.136
275375	0.152
275425	0.184
275475	0.188
275525	0.200
275575	0.184
275625	0.160
275675	0.132
275725	0.132
275775	0.096
275825	0.128
275875	0.144
275925	0.148
275975	0.144
276025	0.172
276075	0.152
276125	0.156
276175	0.152
276225	0.136
276275	0.136
276325	0.144
276375	0.140
276425	0.148
276475	0.156
276525	0.144
276575	0.156
276625	0.148
276675	0.164
276725	0.156
276775	0.168
276825	0.136
276875	0.148
276925	0.140
276975	0.144
277025	0.132
277075	0.132
277125	0.112
277175	0.100
277225	0.116
277275	0.112
