Position	Percent G+C 1 .. 73199
125	0.108
175	0.068
225	0.076
275	0.088
325	0.068
375	0.060
425	0.064
475	0.068
525	0.052
575	0.048
625	0.044
675	0.056
725	0.052
775	0.048
825	0.052
875	0.048
925	0.036
975	0.040
1025	0.044
1075	0.052
1125	0.064
1175	0.060
1225	0.056
1275	0.040
1325	0.028
1375	0.028
1425	0.064
1475	0.084
1525	0.108
1575	0.164
1625	0.220
1675	0.256
1725	0.320
1775	0.372
1825	0.400
1875	0.408
1925	0.436
1975	0.436
2025	0.444
2075	0.464
2125	0.476
2175	0.456
2225	0.456
2275	0.460
2325	0.448
2375	0.472
2425	0.512
2475	0.508
2525	0.532
2575	0.532
2625	0.508
2675	0.484
2725	0.480
2775	0.448
2825	0.448
2875	0.468
2925	0.484
2975	0.484
3025	0.500
3075	0.504
3125	0.472
3175	0.456
3225	0.448
3275	0.444
3325	0.448
3375	0.432
3425	0.436
3475	0.464
3525	0.456
3575	0.456
3625	0.488
3675	0.472
3725	0.464
3775	0.480
3825	0.480
3875	0.476
3925	0.468
3975	0.444
4025	0.452
4075	0.444
4125	0.448
4175	0.484
4225	0.516
4275	0.496
4325	0.480
4375	0.480
4425	0.472
4475	0.468
4525	0.512
4575	0.524
4625	0.532
4675	0.524
4725	0.520
4775	0.480
4825	0.496
4875	0.476
4925	0.488
4975	0.484
5025	0.496
5075	0.488
5125	0.496
5175	0.480
5225	0.468
5275	0.480
5325	0.456
5375	0.456
5425	0.432
5475	0.464
5525	0.440
5575	0.444
5625	0.444
5675	0.472
5725	0.440
5775	0.456
5825	0.472
5875	0.468
5925	0.460
5975	0.488
6025	0.468
6075	0.452
6125	0.476
6175	0.500
6225	0.492
6275	0.492
6325	0.500
6375	0.488
6425	0.480
6475	0.472
6525	0.464
6575	0.480
6625	0.472
6675	0.488
6725	0.500
6775	0.492
6825	0.464
6875	0.472
6925	0.448
6975	0.432
7025	0.468
7075	0.488
7125	0.476
7175	0.492
7225	0.500
7275	0.508
7325	0.496
7375	0.496
7425	0.484
7475	0.492
7525	0.492
7575	0.496
7625	0.488
7675	0.480
7725	0.464
7775	0.428
7825	0.448
7875	0.492
7925	0.512
7975	0.520
8025	0.544
8075	0.544
8125	0.492
8175	0.488
8225	0.488
8275	0.488
8325	0.476
8375	0.500
8425	0.500
8475	0.488
8525	0.488
8575	0.504
8625	0.492
8675	0.472
8725	0.488
8775	0.488
8825	0.472
8875	0.500
8925	0.508
8975	0.484
9025	0.460
9075	0.484
9125	0.468
9175	0.464
9225	0.488
9275	0.472
9325	0.444
9375	0.460
9425	0.480
9475	0.464
9525	0.480
9575	0.472
9625	0.456
9675	0.448
9725	0.464
9775	0.460
9825	0.464
9875	0.480
9925	0.444
9975	0.408
10025	0.416
10075	0.392
10125	0.352
10175	0.360
10225	0.392
10275	0.412
10325	0.428
10375	0.452
10425	0.476
10475	0.464
10525	0.444
10575	0.448
10625	0.436
10675	0.420
10725	0.436
10775	0.456
10825	0.448
10875	0.456
10925	0.472
10975	0.460
11025	0.444
11075	0.468
11125	0.468
11175	0.432
11225	0.432
11275	0.444
11325	0.452
11375	0.452
11425	0.464
11475	0.452
11525	0.424
11575	0.416
11625	0.424
11675	0.448
11725	0.460
11775	0.488
11825	0.492
11875	0.488
11925	0.488
11975	0.516
12025	0.508
12075	0.516
12125	0.508
12175	0.500
12225	0.484
12275	0.500
12325	0.476
12375	0.492
12425	0.504
12475	0.500
12525	0.496
12575	0.532
12625	0.540
12675	0.532
12725	0.560
12775	0.556
12825	0.528
12875	0.524
12925	0.512
12975	0.476
13025	0.460
13075	0.476
13125	0.476
13175	0.480
13225	0.476
13275	0.492
13325	0.476
13375	0.456
13425	0.464
13475	0.468
13525	0.480
13575	0.464
13625	0.500
13675	0.508
13725	0.504
13775	0.484
13825	0.516
13875	0.476
13925	0.468
13975	0.476
14025	0.476
14075	0.464
14125	0.472
14175	0.492
14225	0.512
14275	0.496
14325	0.508
14375	0.516
14425	0.492
14475	0.472
14525	0.488
14575	0.452
14625	0.424
14675	0.424
14725	0.444
14775	0.432
14825	0.452
14875	0.464
14925	0.480
14975	0.440
15025	0.432
15075	0.444
15125	0.480
15175	0.480
15225	0.500
15275	0.532
15325	0.520
15375	0.496
15425	0.516
15475	0.500
15525	0.480
15575	0.492
15625	0.476
15675	0.436
15725	0.472
15775	0.472
15825	0.480
15875	0.496
15925	0.520
15975	0.496
16025	0.500
16075	0.508
16125	0.516
16175	0.500
16225	0.504
16275	0.536
16325	0.512
16375	0.496
16425	0.496
16475	0.536
16525	0.500
16575	0.492
16625	0.496
16675	0.504
16725	0.464
16775	0.480
16825	0.484
16875	0.492
16925	0.504
16975	0.504
17025	0.504
17075	0.496
17125	0.492
17175	0.460
17225	0.460
17275	0.448
17325	0.452
17375	0.452
17425	0.448
17475	0.468
17525	0.476
17575	0.488
17625	0.480
17675	0.492
17725	0.468
17775	0.504
17825	0.472
17875	0.476
17925	0.484
17975	0.504
18025	0.460
18075	0.480
18125	0.484
18175	0.456
18225	0.468
18275	0.468
18325	0.452
18375	0.436
18425	0.440
18475	0.428
18525	0.420
18575	0.404
18625	0.388
18675	0.376
18725	0.340
18775	0.344
18825	0.344
18875	0.380
18925	0.408
18975	0.424
19025	0.440
19075	0.460
19125	0.452
19175	0.456
19225	0.456
19275	0.464
19325	0.472
19375	0.444
19425	0.432
19475	0.428
19525	0.388
19575	0.380
19625	0.404
19675	0.384
19725	0.388
19775	0.384
19825	0.396
19875	0.376
19925	0.408
19975	0.404
20025	0.436
20075	0.452
20125	0.456
20175	0.440
20225	0.436
20275	0.440
20325	0.396
20375	0.412
20425	0.432
20475	0.392
20525	0.372
20575	0.420
20625	0.400
20675	0.368
20725	0.412
20775	0.436
20825	0.424
20875	0.440
20925	0.476
20975	0.456
21025	0.456
21075	0.428
21125	0.416
21175	0.376
21225	0.396
21275	0.348
21325	0.332
21375	0.328
21425	0.356
21475	0.336
21525	0.332
21575	0.352
21625	0.384
21675	0.380
21725	0.404
21775	0.448
21825	0.452
21875	0.440
21925	0.444
21975	0.424
22025	0.416
22075	0.428
22125	0.468
22175	0.476
22225	0.480
22275	0.480
22325	0.472
22375	0.428
22425	0.420
22475	0.428
22525	0.404
22575	0.416
22625	0.392
22675	0.376
22725	0.368
22775	0.396
22825	0.408
22875	0.448
22925	0.452
22975	0.480
23025	0.472
23075	0.444
23125	0.432
23175	0.424
23225	0.424
23275	0.420
23325	0.424
23375	0.428
23425	0.440
23475	0.448
23525	0.456
23575	0.476
23625	0.488
23675	0.496
23725	0.472
23775	0.484
23825	0.460
23875	0.424
23925	0.420
23975	0.392
24025	0.356
24075	0.344
24125	0.364
24175	0.384
24225	0.440
24275	0.460
24325	0.508
24375	0.524
24425	0.516
24475	0.476
24525	0.476
24575	0.472
24625	0.456
24675	0.428
24725	0.432
24775	0.444
24825	0.420
24875	0.404
24925	0.420
24975	0.444
25025	0.440
25075	0.432
25125	0.464
25175	0.472
25225	0.452
25275	0.468
25325	0.464
25375	0.436
25425	0.428
25475	0.448
25525	0.448
25575	0.468
25625	0.476
25675	0.472
25725	0.448
25775	0.412
25825	0.368
25875	0.380
25925	0.380
25975	0.392
26025	0.396
26075	0.420
26125	0.436
26175	0.404
26225	0.376
26275	0.424
26325	0.436
26375	0.392
26425	0.416
26475	0.424
26525	0.360
26575	0.320
26625	0.312
26675	0.312
26725	0.332
26775	0.388
26825	0.432
26875	0.452
26925	0.468
26975	0.472
27025	0.424
27075	0.428
27125	0.424
27175	0.388
27225	0.368
27275	0.416
27325	0.432
27375	0.432
27425	0.436
27475	0.440
27525	0.432
27575	0.404
27625	0.396
27675	0.412
27725	0.460
27775	0.452
27825	0.460
27875	0.500
27925	0.540
27975	0.500
28025	0.512
28075	0.508
28125	0.472
28175	0.452
28225	0.456
28275	0.428
28325	0.448
28375	0.496
28425	0.488
28475	0.488
28525	0.512
28575	0.512
28625	0.492
28675	0.488
28725	0.500
28775	0.476
28825	0.456
28875	0.460
28925	0.448
28975	0.428
29025	0.456
29075	0.468
29125	0.468
29175	0.512
29225	0.536
29275	0.540
29325	0.548
29375	0.556
29425	0.556
29475	0.568
29525	0.544
29575	0.520
29625	0.476
29675	0.440
29725	0.424
29775	0.420
29825	0.436
29875	0.440
29925	0.436
29975	0.416
30025	0.392
30075	0.360
30125	0.356
30175	0.340
30225	0.340
30275	0.348
30325	0.372
30375	0.368
30425	0.352
30475	0.344
30525	0.356
30575	0.296
30625	0.252
30675	0.272
30725	0.288
30775	0.284
30825	0.340
30875	0.388
30925	0.404
30975	0.404
31025	0.384
31075	0.388
31125	0.392
31175	0.376
31225	0.376
31275	0.368
31325	0.392
31375	0.408
31425	0.404
31475	0.356
31525	0.404
31575	0.372
31625	0.376
31675	0.404
31725	0.428
31775	0.416
31825	0.400
31875	0.388
31925	0.412
31975	0.436
32025	0.448
32075	0.444
32125	0.468
32175	0.432
32225	0.420
32275	0.416
32325	0.432
32375	0.416
32425	0.444
32475	0.464
32525	0.456
32575	0.476
32625	0.480
32675	0.456
32725	0.460
32775	0.436
32825	0.420
32875	0.400
32925	0.412
32975	0.400
33025	0.416
33075	0.412
33125	0.420
33175	0.412
33225	0.400
33275	0.408
33325	0.412
33375	0.416
33425	0.432
33475	0.400
33525	0.384
33575	0.372
33625	0.396
33675	0.364
33725	0.408
33775	0.436
33825	0.460
33875	0.424
33925	0.424
33975	0.404
34025	0.404
34075	0.396
34125	0.424
34175	0.428
34225	0.416
34275	0.376
34325	0.352
34375	0.344
34425	0.356
34475	0.376
34525	0.404
34575	0.420
34625	0.440
34675	0.436
34725	0.452
34775	0.436
34825	0.444
34875	0.440
34925	0.448
34975	0.444
35025	0.480
35075	0.484
35125	0.464
35175	0.460
35225	0.440
35275	0.416
35325	0.416
35375	0.412
35425	0.408
35475	0.432
35525	0.456
35575	0.428
35625	0.456
35675	0.476
35725	0.472
35775	0.460
35825	0.492
35875	0.492
35925	0.504
35975	0.508
36025	0.508
36075	0.508
36125	0.476
36175	0.444
36225	0.440
36275	0.428
36325	0.428
36375	0.436
36425	0.420
36475	0.408
36525	0.412
36575	0.412
36625	0.400
36675	0.444
36725	0.448
36775	0.452
36825	0.432
36875	0.468
36925	0.456
36975	0.460
37025	0.456
37075	0.456
37125	0.444
37175	0.448
37225	0.456
37275	0.456
37325	0.484
37375	0.472
37425	0.480
37475	0.452
37525	0.420
37575	0.400
37625	0.396
37675	0.364
37725	0.348
37775	0.364
37825	0.396
37875	0.396
37925	0.436
37975	0.520
38025	0.560
38075	0.540
38125	0.588
38175	0.572
38225	0.532
38275	0.540
38325	0.580
38375	0.560
38425	0.584
38475	0.608
38525	0.592
38575	0.548
38625	0.544
38675	0.544
38725	0.532
38775	0.524
38825	0.548
38875	0.524
38925	0.472
38975	0.472
39025	0.476
39075	0.456
39125	0.480
39175	0.492
39225	0.472
39275	0.484
39325	0.460
39375	0.440
39425	0.444
39475	0.456
39525	0.424
39575	0.464
39625	0.460
39675	0.456
39725	0.452
39775	0.464
39825	0.436
39875	0.444
39925	0.460
39975	0.444
40025	0.440
40075	0.460
40125	0.472
40175	0.460
40225	0.472
40275	0.468
40325	0.472
40375	0.448
40425	0.480
40475	0.512
40525	0.504
40575	0.500
40625	0.516
40675	0.488
40725	0.448
40775	0.456
40825	0.452
40875	0.452
40925	0.428
40975	0.436
41025	0.452
41075	0.444
41125	0.428
41175	0.412
41225	0.436
41275	0.416
41325	0.420
41375	0.424
41425	0.468
41475	0.460
41525	0.456
41575	0.468
41625	0.468
41675	0.436
41725	0.428
41775	0.436
41825	0.408
41875	0.408
41925	0.412
41975	0.404
42025	0.388
42075	0.408
42125	0.412
42175	0.408
42225	0.376
42275	0.396
42325	0.400
42375	0.372
42425	0.404
42475	0.436
42525	0.448
42575	0.416
42625	0.444
42675	0.420
42725	0.396
42775	0.396
42825	0.356
42875	0.336
42925	0.352
42975	0.356
43025	0.328
43075	0.344
43125	0.368
43175	0.344
43225	0.308
43275	0.300
43325	0.352
43375	0.336
43425	0.340
43475	0.388
43525	0.432
43575	0.420
43625	0.412
43675	0.440
43725	0.456
43775	0.440
43825	0.440
43875	0.464
43925	0.464
43975	0.456
44025	0.432
44075	0.428
44125	0.424
44175	0.424
44225	0.416
44275	0.456
44325	0.456
44375	0.464
44425	0.488
44475	0.500
44525	0.484
44575	0.484
44625	0.484
44675	0.448
44725	0.420
44775	0.400
44825	0.396
44875	0.380
44925	0.388
44975	0.432
45025	0.440
45075	0.440
45125	0.440
45175	0.416
45225	0.424
45275	0.440
45325	0.452
45375	0.452
45425	0.488
45475	0.480
45525	0.480
45575	0.492
45625	0.528
45675	0.524
45725	0.508
45775	0.512
45825	0.480
45875	0.472
45925	0.456
45975	0.444
46025	0.444
46075	0.492
46125	0.488
46175	0.520
46225	0.532
46275	0.552
46325	0.520
46375	0.484
46425	0.452
46475	0.448
46525	0.428
46575	0.444
46625	0.480
46675	0.508
46725	0.520
46775	0.552
46825	0.572
46875	0.560
46925	0.552
46975	0.552
47025	0.512
47075	0.476
47125	0.484
47175	0.460
47225	0.444
47275	0.420
47325	0.412
47375	0.404
47425	0.424
47475	0.432
47525	0.444
47575	0.452
47625	0.468
47675	0.452
47725	0.436
47775	0.468
47825	0.508
47875	0.468
47925	0.488
47975	0.512
48025	0.496
48075	0.460
48125	0.504
48175	0.492
48225	0.464
48275	0.464
48325	0.488
48375	0.452
48425	0.468
48475	0.488
48525	0.500
48575	0.472
48625	0.484
48675	0.500
48725	0.500
48775	0.480
48825	0.504
48875	0.480
48925	0.424
48975	0.432
49025	0.404
49075	0.392
49125	0.416
49175	0.476
49225	0.488
49275	0.512
49325	0.488
49375	0.468
49425	0.436
49475	0.416
49525	0.404
49575	0.420
49625	0.436
49675	0.436
49725	0.428
49775	0.472
49825	0.480
49875	0.480
49925	0.484
49975	0.508
50025	0.496
50075	0.480
50125	0.488
50175	0.508
50225	0.496
50275	0.532
50325	0.564
50375	0.556
50425	0.528
50475	0.552
50525	0.504
50575	0.508
50625	0.512
50675	0.524
50725	0.460
50775	0.452
50825	0.392
50875	0.380
50925	0.344
50975	0.372
51025	0.356
51075	0.396
51125	0.416
51175	0.448
51225	0.472
51275	0.488
51325	0.464
51375	0.488
51425	0.484
51475	0.456
51525	0.480
51575	0.492
51625	0.436
51675	0.428
51725	0.444
51775	0.444
51825	0.448
51875	0.480
51925	0.492
51975	0.472
52025	0.452
52075	0.464
52125	0.480
52175	0.492
52225	0.520
52275	0.520
52325	0.472
52375	0.436
52425	0.416
52475	0.404
52525	0.388
52575	0.384
52625	0.364
52675	0.324
52725	0.272
52775	0.228
52825	0.188
52875	0.152
52925	0.120
52975	0.092
53025	0.092
53075	0.104
53125	0.108
53175	0.104
53225	0.104
53275	0.100
53325	0.112
53375	0.100
53425	0.100
53475	0.096
53525	0.084
53575	0.072
53625	0.096
53675	0.092
53725	0.112
53775	0.112
53825	0.100
53875	0.084
53925	0.100
53975	0.096
54025	0.116
54075	0.128
54125	0.128
54175	0.152
54225	0.152
54275	0.152
54325	0.156
54375	0.152
54425	0.124
54475	0.116
54525	0.108
54575	0.128
54625	0.144
54675	0.176
54725	0.184
54775	0.200
54825	0.184
54875	0.168
54925	0.132
54975	0.124
55025	0.112
55075	0.112
55125	0.112
55175	0.104
55225	0.108
55275	0.104
55325	0.136
55375	0.176
55425	0.200
55475	0.212
55525	0.220
55575	0.184
55625	0.148
55675	0.132
55725	0.120
55775	0.100
55825	0.104
55875	0.120
55925	0.132
55975	0.136
56025	0.144
56075	0.152
56125	0.144
56175	0.140
56225	0.148
56275	0.168
56325	0.140
56375	0.176
56425	0.204
56475	0.240
56525	0.228
56575	0.240
56625	0.200
56675	0.188
56725	0.124
56775	0.140
56825	0.136
56875	0.140
56925	0.120
56975	0.160
57025	0.124
57075	0.160
57125	0.156
57175	0.192
57225	0.192
57275	0.196
57325	0.164
57375	0.172
57425	0.132
57475	0.128
57525	0.184
57575	0.204
57625	0.220
57675	0.272
57725	0.288
57775	0.292
57825	0.320
57875	0.348
57925	0.376
57975	0.416
58025	0.432
58075	0.460
58125	0.456
58175	0.472
58225	0.456
58275	0.448
58325	0.404
58375	0.440
58425	0.404
58475	0.396
58525	0.400
58575	0.432
58625	0.392
58675	0.372
58725	0.356
58775	0.360
58825	0.336
58875	0.336
58925	0.360
58975	0.408
59025	0.428
59075	0.452
59125	0.468
59175	0.472
59225	0.476
59275	0.460
59325	0.480
59375	0.496
59425	0.476
59475	0.476
59525	0.488
59575	0.492
59625	0.468
59675	0.448
59725	0.428
59775	0.432
59825	0.436
59875	0.460
59925	0.492
59975	0.496
60025	0.484
60075	0.440
60125	0.420
60175	0.404
60225	0.380
60275	0.364
60325	0.372
60375	0.396
60425	0.428
60475	0.444
60525	0.476
60575	0.496
60625	0.504
60675	0.516
60725	0.540
60775	0.500
60825	0.476
60875	0.448
60925	0.424
60975	0.436
61025	0.444
61075	0.444
61125	0.456
61175	0.440
61225	0.408
61275	0.412
61325	0.428
61375	0.428
61425	0.480
61475	0.488
61525	0.464
61575	0.460
61625	0.448
61675	0.436
61725	0.428
61775	0.472
61825	0.484
61875	0.488
61925	0.456
61975	0.456
62025	0.436
62075	0.416
62125	0.404
62175	0.424
62225	0.396
62275	0.408
62325	0.424
62375	0.416
62425	0.416
62475	0.404
62525	0.404
62575	0.420
62625	0.456
62675	0.452
62725	0.488
62775	0.508
62825	0.480
62875	0.432
62925	0.404
62975	0.388
63025	0.348
63075	0.344
63125	0.368
63175	0.364
63225	0.368
63275	0.344
63325	0.340
63375	0.340
63425	0.356
63475	0.348
63525	0.384
63575	0.396
63625	0.416
63675	0.464
63725	0.532
63775	0.560
63825	0.572
63875	0.576
63925	0.560
63975	0.516
64025	0.504
64075	0.508
64125	0.488
64175	0.448
64225	0.444
64275	0.412
64325	0.360
64375	0.364
64425	0.364
64475	0.364
64525	0.368
64575	0.372
64625	0.372
64675	0.392
64725	0.436
64775	0.448
64825	0.472
64875	0.452
64925	0.444
64975	0.436
65025	0.448
65075	0.464
65125	0.508
65175	0.504
65225	0.508
65275	0.512
65325	0.508
65375	0.476
65425	0.512
65475	0.484
65525	0.476
65575	0.488
65625	0.516
65675	0.492
65725	0.456
65775	0.448
65825	0.448
65875	0.436
65925	0.408
65975	0.408
66025	0.412
66075	0.388
66125	0.364
66175	0.380
66225	0.392
66275	0.376
66325	0.392
66375	0.420
66425	0.440
66475	0.496
66525	0.512
66575	0.496
66625	0.520
66675	0.496
66725	0.464
66775	0.436
66825	0.468
66875	0.452
66925	0.480
66975	0.488
67025	0.532
67075	0.516
67125	0.508
67175	0.492
67225	0.500
67275	0.496
67325	0.504
67375	0.524
67425	0.528
67475	0.512
67525	0.528
67575	0.536
67625	0.504
67675	0.504
67725	0.504
67775	0.456
67825	0.416
67875	0.392
67925	0.404
67975	0.412
68025	0.436
68075	0.428
68125	0.440
68175	0.408
68225	0.392
68275	0.352
68325	0.396
68375	0.436
68425	0.480
68475	0.464
68525	0.468
68575	0.428
68625	0.352
68675	0.324
68725	0.344
68775	0.412
68825	0.448
68875	0.496
68925	0.496
68975	0.496
69025	0.472
69075	0.448
69125	0.460
69175	0.472
69225	0.464
69275	0.472
69325	0.492
69375	0.476
69425	0.468
69475	0.444
69525	0.424
69575	0.440
69625	0.456
69675	0.444
69725	0.472
69775	0.468
69825	0.440
69875	0.428
69925	0.444
69975	0.432
70025	0.456
70075	0.460
70125	0.468
70175	0.472
70225	0.456
70275	0.448
70325	0.468
70375	0.432
70425	0.424
70475	0.452
70525	0.436
70575	0.404
70625	0.416
70675	0.412
70725	0.408
70775	0.408
70825	0.436
70875	0.452
70925	0.468
70975	0.468
71025	0.464
71075	0.452
71125	0.460
71175	0.448
71225	0.436
71275	0.436
71325	0.416
71375	0.404
71425	0.400
71475	0.348
71525	0.284
71575	0.248
71625	0.168
71675	0.092
71725	0.076
71775	0.060
71825	0.020
71875	0.016
71925	0.008
71975	0.008
72025	0.008
72075	0.012
72125	0.016
72175	0.020
72225	0.020
72275	0.020
72325	0.016
72375	0.016
72425	0.024
72475	0.024
72525	0.032
72575	0.040
72625	0.052
72675	0.052
72725	0.056
72775	0.056
72825	0.056
72875	0.044
72925	0.040
72975	0.032
73025	0.036
