Position	Percent G+C 1 .. 262891
125	0.268
175	0.260
225	0.216
275	0.200
325	0.196
375	0.184
425	0.200
475	0.216
525	0.216
575	0.176
625	0.200
675	0.224
725	0.240
775	0.260
825	0.292
875	0.284
925	0.248
975	0.244
1025	0.204
1075	0.204
1125	0.184
1175	0.184
1225	0.168
1275	0.196
1325	0.188
1375	0.196
1425	0.232
1475	0.244
1525	0.252
1575	0.256
1625	0.276
1675	0.248
1725	0.260
1775	0.248
1825	0.236
1875	0.216
1925	0.224
1975	0.208
2025	0.200
2075	0.200
2125	0.212
2175	0.204
2225	0.204
2275	0.228
2325	0.228
2375	0.224
2425	0.232
2475	0.232
2525	0.220
2575	0.212
2625	0.188
2675	0.168
2725	0.156
2775	0.168
2825	0.160
2875	0.188
2925	0.200
2975	0.208
3025	0.172
3075	0.176
3125	0.180
3175	0.180
3225	0.184
3275	0.196
3325	0.208
3375	0.208
3425	0.216
3475	0.208
3525	0.224
3575	0.236
3625	0.236
3675	0.252
3725	0.280
3775	0.276
3825	0.276
3875	0.280
3925	0.272
3975	0.268
4025	0.256
4075	0.260
4125	0.248
4175	0.256
4225	0.240
4275	0.244
4325	0.216
4375	0.244
4425	0.216
4475	0.224
4525	0.216
4575	0.204
4625	0.160
4675	0.196
4725	0.188
4775	0.176
4825	0.180
4875	0.192
4925	0.172
4975	0.156
5025	0.196
5075	0.208
5125	0.228
5175	0.216
5225	0.220
5275	0.212
5325	0.224
5375	0.216
5425	0.228
5475	0.236
5525	0.232
5575	0.212
5625	0.220
5675	0.216
5725	0.212
5775	0.240
5825	0.260
5875	0.244
5925	0.228
5975	0.236
6025	0.204
6075	0.220
6125	0.244
6175	0.276
6225	0.248
6275	0.236
6325	0.200
6375	0.188
6425	0.192
6475	0.256
6525	0.300
6575	0.328
6625	0.308
6675	0.296
6725	0.236
6775	0.208
6825	0.192
6875	0.172
6925	0.188
6975	0.228
7025	0.248
7075	0.272
7125	0.312
7175	0.280
7225	0.264
7275	0.220
7325	0.196
7375	0.168
7425	0.160
7475	0.148
7525	0.152
7575	0.144
7625	0.156
7675	0.176
7725	0.176
7775	0.204
7825	0.192
7875	0.216
7925	0.188
7975	0.204
8025	0.184
8075	0.216
8125	0.188
8175	0.204
8225	0.204
8275	0.200
8325	0.200
8375	0.184
8425	0.208
8475	0.204
8525	0.192
8575	0.188
8625	0.180
8675	0.148
8725	0.160
8775	0.164
8825	0.128
8875	0.124
8925	0.124
8975	0.092
9025	0.124
9075	0.148
9125	0.192
9175	0.192
9225	0.232
9275	0.204
9325	0.232
9375	0.232
9425	0.252
9475	0.232
9525	0.248
9575	0.232
9625	0.240
9675	0.236
9725	0.228
9775	0.228
9825	0.224
9875	0.224
9925	0.208
9975	0.228
10025	0.220
10075	0.204
10125	0.184
10175	0.184
10225	0.168
10275	0.224
10325	0.252
10375	0.236
10425	0.256
10475	0.252
10525	0.196
10575	0.176
10625	0.196
10675	0.184
10725	0.168
10775	0.176
10825	0.172
10875	0.176
10925	0.184
10975	0.196
11025	0.208
11075	0.204
11125	0.184
11175	0.180
11225	0.180
11275	0.184
11325	0.192
11375	0.208
11425	0.192
11475	0.196
11525	0.160
11575	0.160
11625	0.140
11675	0.168
11725	0.168
11775	0.208
11825	0.200
11875	0.228
11925	0.220
11975	0.208
12025	0.172
12075	0.168
12125	0.136
12175	0.112
12225	0.116
12275	0.108
12325	0.120
12375	0.108
12425	0.112
12475	0.092
12525	0.096
12575	0.096
12625	0.152
12675	0.168
12725	0.188
12775	0.192
12825	0.176
12875	0.132
12925	0.120
12975	0.144
13025	0.144
13075	0.176
13125	0.220
13175	0.232
13225	0.216
13275	0.220
13325	0.216
13375	0.228
13425	0.284
13475	0.324
13525	0.384
13575	0.392
13625	0.388
13675	0.376
13725	0.416
13775	0.408
13825	0.412
13875	0.432
13925	0.384
13975	0.348
14025	0.336
14075	0.348
14125	0.344
14175	0.404
14225	0.412
14275	0.436
14325	0.460
14375	0.464
14425	0.460
14475	0.424
14525	0.380
14575	0.328
14625	0.312
14675	0.280
14725	0.268
14775	0.272
14825	0.280
14875	0.244
14925	0.216
14975	0.200
15025	0.180
15075	0.168
15125	0.196
15175	0.260
15225	0.288
15275	0.312
15325	0.332
15375	0.348
15425	0.316
15475	0.348
15525	0.340
15575	0.404
15625	0.416
15675	0.448
15725	0.460
15775	0.496
15825	0.520
15875	0.508
15925	0.492
15975	0.480
16025	0.468
16075	0.428
16125	0.444
16175	0.456
16225	0.484
16275	0.496
16325	0.472
16375	0.484
16425	0.484
16475	0.460
16525	0.480
16575	0.504
16625	0.496
16675	0.512
16725	0.548
16775	0.540
16825	0.520
16875	0.548
16925	0.536
16975	0.512
17025	0.508
17075	0.492
17125	0.432
17175	0.440
17225	0.416
17275	0.404
17325	0.456
17375	0.496
17425	0.476
17475	0.488
17525	0.496
17575	0.480
17625	0.440
17675	0.396
17725	0.364
17775	0.320
17825	0.292
17875	0.276
17925	0.304
17975	0.328
18025	0.380
18075	0.392
18125	0.432
18175	0.452
18225	0.468
18275	0.424
18325	0.428
18375	0.420
18425	0.408
18475	0.388
18525	0.424
18575	0.460
18625	0.468
18675	0.512
18725	0.564
18775	0.600
18825	0.560
18875	0.560
18925	0.524
18975	0.504
19025	0.456
19075	0.464
19125	0.464
19175	0.488
19225	0.472
19275	0.476
19325	0.452
19375	0.424
19425	0.404
19475	0.420
19525	0.460
19575	0.480
19625	0.528
19675	0.524
19725	0.512
19775	0.500
19825	0.504
19875	0.480
19925	0.496
19975	0.492
20025	0.472
20075	0.460
20125	0.504
20175	0.508
20225	0.556
20275	0.616
20325	0.684
20375	0.692
20425	0.716
20475	0.712
20525	0.676
20575	0.660
20625	0.648
20675	0.636
20725	0.632
20775	0.600
20825	0.552
20875	0.504
20925	0.504
20975	0.480
21025	0.484
21075	0.464
21125	0.452
21175	0.404
21225	0.408
21275	0.368
21325	0.376
21375	0.384
21425	0.388
21475	0.384
21525	0.432
21575	0.468
21625	0.492
21675	0.532
21725	0.552
21775	0.560
21825	0.544
21875	0.536
21925	0.532
21975	0.520
22025	0.524
22075	0.540
22125	0.556
22175	0.544
22225	0.516
22275	0.500
22325	0.512
22375	0.500
22425	0.520
22475	0.536
22525	0.524
22575	0.500
22625	0.512
22675	0.508
22725	0.520
22775	0.540
22825	0.548
22875	0.560
22925	0.568
22975	0.548
23025	0.552
23075	0.552
23125	0.524
23175	0.536
23225	0.540
23275	0.564
23325	0.584
23375	0.604
23425	0.576
23475	0.588
23525	0.564
23575	0.556
23625	0.544
23675	0.564
23725	0.556
23775	0.568
23825	0.572
23875	0.556
23925	0.532
23975	0.520
24025	0.488
24075	0.452
24125	0.460
24175	0.460
24225	0.464
24275	0.476
24325	0.480
24375	0.492
24425	0.484
24475	0.488
24525	0.476
24575	0.512
24625	0.500
24675	0.500
24725	0.492
24775	0.496
24825	0.476
24875	0.504
24925	0.540
24975	0.552
25025	0.556
25075	0.544
25125	0.532
25175	0.496
25225	0.492
25275	0.516
25325	0.520
25375	0.516
25425	0.512
25475	0.496
25525	0.476
25575	0.496
25625	0.476
25675	0.492
25725	0.520
25775	0.544
25825	0.544
25875	0.572
25925	0.580
25975	0.576
26025	0.572
26075	0.572
26125	0.576
26175	0.580
26225	0.600
26275	0.612
26325	0.592
26375	0.552
26425	0.500
26475	0.480
26525	0.464
26575	0.428
26625	0.428
26675	0.440
26725	0.420
26775	0.384
26825	0.436
26875	0.456
26925	0.480
26975	0.484
27025	0.492
27075	0.456
27125	0.464
27175	0.460
27225	0.472
27275	0.496
27325	0.492
27375	0.476
27425	0.464
27475	0.488
27525	0.488
27575	0.528
27625	0.540
27675	0.580
27725	0.580
27775	0.592
27825	0.620
27875	0.648
27925	0.632
27975	0.612
28025	0.612
28075	0.556
28125	0.500
28175	0.500
28225	0.500
28275	0.488
28325	0.480
28375	0.484
28425	0.448
28475	0.448
28525	0.448
28575	0.444
28625	0.468
28675	0.492
28725	0.464
28775	0.428
28825	0.436
28875	0.416
28925	0.392
28975	0.360
29025	0.368
29075	0.384
29125	0.424
29175	0.472
29225	0.520
29275	0.552
29325	0.564
29375	0.544
29425	0.536
29475	0.536
29525	0.576
29575	0.572
29625	0.588
29675	0.600
29725	0.608
29775	0.568
29825	0.556
29875	0.556
29925	0.520
29975	0.504
30025	0.484
30075	0.500
30125	0.468
30175	0.484
30225	0.492
30275	0.492
30325	0.464
30375	0.468
30425	0.456
30475	0.468
30525	0.452
30575	0.484
30625	0.496
30675	0.516
30725	0.500
30775	0.536
30825	0.528
30875	0.556
30925	0.540
30975	0.568
31025	0.568
31075	0.600
31125	0.588
31175	0.616
31225	0.600
31275	0.604
31325	0.608
31375	0.612
31425	0.632
31475	0.668
31525	0.660
31575	0.676
31625	0.684
31675	0.680
31725	0.624
31775	0.596
31825	0.508
31875	0.460
31925	0.380
31975	0.368
32025	0.376
32075	0.396
32125	0.376
32175	0.404
32225	0.412
32275	0.388
32325	0.396
32375	0.440
32425	0.404
32475	0.416
32525	0.424
32575	0.412
32625	0.396
32675	0.440
32725	0.460
32775	0.508
32825	0.532
32875	0.580
32925	0.616
32975	0.648
33025	0.668
33075	0.680
33125	0.648
33175	0.636
33225	0.592
33275	0.544
33325	0.540
33375	0.544
33425	0.544
33475	0.552
33525	0.568
33575	0.584
33625	0.620
33675	0.648
33725	0.668
33775	0.692
33825	0.700
33875	0.684
33925	0.660
33975	0.664
34025	0.644
34075	0.608
34125	0.592
34175	0.588
34225	0.564
34275	0.572
34325	0.600
34375	0.612
34425	0.600
34475	0.608
34525	0.596
34575	0.544
34625	0.536
34675	0.536
34725	0.520
34775	0.500
34825	0.552
34875	0.532
34925	0.516
34975	0.516
35025	0.528
35075	0.500
35125	0.524
35175	0.540
35225	0.556
35275	0.584
35325	0.596
35375	0.584
35425	0.588
35475	0.572
35525	0.556
35575	0.524
35625	0.496
35675	0.480
35725	0.500
35775	0.472
35825	0.468
35875	0.512
35925	0.532
35975	0.516
36025	0.524
36075	0.536
36125	0.536
36175	0.536
36225	0.536
36275	0.536
36325	0.568
36375	0.540
36425	0.540
36475	0.548
36525	0.564
36575	0.540
36625	0.544
36675	0.532
36725	0.544
36775	0.544
36825	0.544
36875	0.560
36925	0.568
36975	0.544
37025	0.536
37075	0.520
37125	0.504
37175	0.504
37225	0.516
37275	0.496
37325	0.516
37375	0.496
37425	0.476
37475	0.444
37525	0.464
37575	0.452
37625	0.428
37675	0.436
37725	0.452
37775	0.456
37825	0.492
37875	0.532
37925	0.556
37975	0.564
38025	0.548
38075	0.532
38125	0.528
38175	0.516
38225	0.532
38275	0.580
38325	0.588
38375	0.612
38425	0.600
38475	0.612
38525	0.592
38575	0.600
38625	0.608
38675	0.624
38725	0.604
38775	0.616
38825	0.568
38875	0.540
38925	0.544
38975	0.548
39025	0.532
39075	0.532
39125	0.516
39175	0.484
39225	0.480
39275	0.460
39325	0.456
39375	0.480
39425	0.468
39475	0.444
39525	0.408
39575	0.428
39625	0.412
39675	0.396
39725	0.392
39775	0.436
39825	0.448
39875	0.456
39925	0.496
39975	0.504
40025	0.488
40075	0.448
40125	0.416
40175	0.424
40225	0.448
40275	0.456
40325	0.480
40375	0.472
40425	0.448
40475	0.432
40525	0.432
40575	0.420
40625	0.476
40675	0.492
40725	0.500
40775	0.520
40825	0.552
40875	0.544
40925	0.556
40975	0.528
41025	0.504
41075	0.472
41125	0.460
41175	0.440
41225	0.452
41275	0.452
41325	0.472
41375	0.472
41425	0.476
41475	0.468
41525	0.456
41575	0.436
41625	0.444
41675	0.436
41725	0.416
41775	0.452
41825	0.452
41875	0.444
41925	0.464
41975	0.480
42025	0.464
42075	0.476
42125	0.484
42175	0.464
42225	0.464
42275	0.468
42325	0.476
42375	0.460
42425	0.464
42475	0.492
42525	0.480
42575	0.468
42625	0.484
42675	0.468
42725	0.448
42775	0.448
42825	0.452
42875	0.448
42925	0.484
42975	0.500
43025	0.488
43075	0.468
43125	0.480
43175	0.464
43225	0.432
43275	0.472
43325	0.488
43375	0.484
43425	0.480
43475	0.504
43525	0.488
43575	0.476
43625	0.436
43675	0.440
43725	0.436
43775	0.460
43825	0.480
43875	0.520
43925	0.524
43975	0.548
44025	0.512
44075	0.512
44125	0.476
44175	0.444
44225	0.428
44275	0.424
44325	0.420
44375	0.424
44425	0.436
44475	0.428
44525	0.416
44575	0.400
44625	0.412
44675	0.432
44725	0.440
44775	0.468
44825	0.496
44875	0.480
44925	0.476
44975	0.472
45025	0.492
45075	0.500
45125	0.516
45175	0.532
45225	0.524
45275	0.500
45325	0.484
45375	0.484
45425	0.480
45475	0.472
45525	0.484
45575	0.476
45625	0.488
45675	0.460
45725	0.468
45775	0.468
45825	0.464
45875	0.428
45925	0.432
45975	0.464
46025	0.464
46075	0.460
46125	0.496
46175	0.484
46225	0.464
46275	0.428
46325	0.432
46375	0.436
46425	0.464
46475	0.444
46525	0.476
46575	0.488
46625	0.492
46675	0.448
46725	0.456
46775	0.460
46825	0.460
46875	0.444
46925	0.496
46975	0.484
47025	0.468
47075	0.468
47125	0.452
47175	0.428
47225	0.416
47275	0.400
47325	0.376
47375	0.408
47425	0.424
47475	0.440
47525	0.460
47575	0.476
47625	0.468
47675	0.440
47725	0.468
47775	0.480
47825	0.480
47875	0.456
47925	0.488
47975	0.464
48025	0.440
48075	0.444
48125	0.464
48175	0.452
48225	0.464
48275	0.460
48325	0.484
48375	0.500
48425	0.508
48475	0.512
48525	0.548
48575	0.508
48625	0.496
48675	0.500
48725	0.500
48775	0.484
48825	0.516
48875	0.512
48925	0.512
48975	0.516
49025	0.524
49075	0.500
49125	0.500
49175	0.480
49225	0.456
49275	0.476
49325	0.520
49375	0.524
49425	0.540
49475	0.560
49525	0.536
49575	0.476
49625	0.456
49675	0.432
49725	0.428
49775	0.400
49825	0.432
49875	0.432
49925	0.424
49975	0.464
50025	0.508
50075	0.500
50125	0.520
50175	0.584
50225	0.568
50275	0.556
50325	0.564
50375	0.564
50425	0.560
50475	0.544
50525	0.552
50575	0.536
50625	0.556
50675	0.540
50725	0.536
50775	0.524
50825	0.532
50875	0.528
50925	0.540
50975	0.540
51025	0.584
51075	0.596
51125	0.600
51175	0.600
51225	0.616
51275	0.584
51325	0.584
51375	0.556
51425	0.512
51475	0.488
51525	0.472
51575	0.460
51625	0.472
51675	0.508
51725	0.512
51775	0.504
51825	0.528
51875	0.540
51925	0.532
51975	0.516
52025	0.520
52075	0.516
52125	0.488
52175	0.444
52225	0.456
52275	0.444
52325	0.404
52375	0.420
52425	0.424
52475	0.412
52525	0.412
52575	0.416
52625	0.404
52675	0.424
52725	0.452
52775	0.476
52825	0.476
52875	0.468
52925	0.476
52975	0.444
53025	0.432
53075	0.444
53125	0.460
53175	0.456
53225	0.472
53275	0.452
53325	0.464
53375	0.460
53425	0.444
53475	0.456
53525	0.492
53575	0.484
53625	0.456
53675	0.484
53725	0.476
53775	0.476
53825	0.484
53875	0.528
53925	0.540
53975	0.564
54025	0.548
54075	0.532
54125	0.520
54175	0.504
54225	0.472
54275	0.480
54325	0.496
54375	0.492
54425	0.504
54475	0.536
54525	0.536
54575	0.544
54625	0.568
54675	0.588
54725	0.576
54775	0.588
54825	0.584
54875	0.568
54925	0.548
54975	0.548
55025	0.532
55075	0.536
55125	0.544
55175	0.536
55225	0.540
55275	0.532
55325	0.532
55375	0.532
55425	0.520
55475	0.492
55525	0.504
55575	0.484
55625	0.472
55675	0.512
55725	0.544
55775	0.536
55825	0.536
55875	0.560
55925	0.536
55975	0.540
56025	0.560
56075	0.596
56125	0.552
56175	0.528
56225	0.508
56275	0.484
56325	0.468
56375	0.492
56425	0.524
56475	0.564
56525	0.572
56575	0.568
56625	0.560
56675	0.572
56725	0.544
56775	0.544
56825	0.552
56875	0.560
56925	0.536
56975	0.528
57025	0.552
57075	0.548
57125	0.548
57175	0.556
57225	0.576
57275	0.564
57325	0.572
57375	0.576
57425	0.548
57475	0.452
57525	0.420
57575	0.372
57625	0.340
57675	0.344
57725	0.384
57775	0.376
57825	0.376
57875	0.372
57925	0.368
57975	0.384
58025	0.420
58075	0.440
58125	0.468
58175	0.484
58225	0.528
58275	0.564
58325	0.588
58375	0.616
58425	0.628
58475	0.624
58525	0.592
58575	0.592
58625	0.564
58675	0.568
58725	0.556
58775	0.556
58825	0.544
58875	0.548
58925	0.524
58975	0.524
59025	0.512
59075	0.508
59125	0.512
59175	0.532
59225	0.552
59275	0.576
59325	0.568
59375	0.544
59425	0.520
59475	0.480
59525	0.484
59575	0.492
59625	0.524
59675	0.536
59725	0.568
59775	0.548
59825	0.544
59875	0.524
59925	0.508
59975	0.488
60025	0.488
60075	0.504
60125	0.512
60175	0.504
60225	0.512
60275	0.496
60325	0.492
60375	0.484
60425	0.508
60475	0.488
60525	0.508
60575	0.508
60625	0.504
60675	0.508
60725	0.508
60775	0.500
60825	0.492
60875	0.496
60925	0.492
60975	0.492
61025	0.476
61075	0.476
61125	0.472
61175	0.472
61225	0.476
61275	0.492
61325	0.484
61375	0.508
61425	0.484
61475	0.492
61525	0.484
61575	0.488
61625	0.480
61675	0.496
61725	0.480
61775	0.512
61825	0.508
61875	0.496
61925	0.496
61975	0.488
62025	0.448
62075	0.448
62125	0.440
62175	0.456
62225	0.480
62275	0.488
62325	0.492
62375	0.500
62425	0.480
62475	0.492
62525	0.480
62575	0.468
62625	0.448
62675	0.460
62725	0.452
62775	0.460
62825	0.468
62875	0.492
62925	0.484
62975	0.492
63025	0.504
63075	0.516
63125	0.516
63175	0.512
63225	0.500
63275	0.500
63325	0.480
63375	0.460
63425	0.472
63475	0.468
63525	0.472
63575	0.492
63625	0.504
63675	0.500
63725	0.504
63775	0.496
63825	0.492
63875	0.480
63925	0.492
63975	0.488
64025	0.504
64075	0.496
64125	0.524
64175	0.496
64225	0.492
64275	0.468
64325	0.480
64375	0.496
64425	0.500
64475	0.524
64525	0.540
64575	0.548
64625	0.536
64675	0.576
64725	0.568
64775	0.568
64825	0.564
64875	0.572
64925	0.540
64975	0.544
65025	0.560
65075	0.560
65125	0.564
65175	0.572
65225	0.584
65275	0.584
65325	0.584
65375	0.564
65425	0.564
65475	0.520
65525	0.476
65575	0.476
65625	0.448
65675	0.416
65725	0.424
65775	0.480
65825	0.476
65875	0.456
65925	0.484
65975	0.480
66025	0.448
66075	0.456
66125	0.520
66175	0.548
66225	0.592
66275	0.604
66325	0.640
66375	0.648
66425	0.652
66475	0.664
66525	0.680
66575	0.656
66625	0.652
66675	0.628
66725	0.600
66775	0.548
66825	0.520
66875	0.516
66925	0.520
66975	0.516
67025	0.552
67075	0.576
67125	0.568
67175	0.552
67225	0.544
67275	0.540
67325	0.536
67375	0.540
67425	0.588
67475	0.588
67525	0.580
67575	0.592
67625	0.580
67675	0.524
67725	0.532
67775	0.524
67825	0.520
67875	0.536
67925	0.564
67975	0.540
68025	0.556
68075	0.496
68125	0.468
68175	0.436
68225	0.424
68275	0.404
68325	0.456
68375	0.468
68425	0.476
68475	0.492
68525	0.492
68575	0.448
68625	0.424
68675	0.420
68725	0.428
68775	0.416
68825	0.404
68875	0.416
68925	0.424
68975	0.392
69025	0.360
69075	0.372
69125	0.368
69175	0.368
69225	0.384
69275	0.420
69325	0.416
69375	0.432
69425	0.424
69475	0.460
69525	0.488
69575	0.508
69625	0.484
69675	0.488
69725	0.440
69775	0.392
69825	0.372
69875	0.400
69925	0.452
69975	0.508
70025	0.548
70075	0.532
70125	0.460
70175	0.400
70225	0.356
70275	0.360
70325	0.428
70375	0.508
70425	0.516
70475	0.564
70525	0.556
70575	0.524
70625	0.508
70675	0.528
70725	0.468
70775	0.452
70825	0.448
70875	0.412
70925	0.404
70975	0.416
71025	0.408
71075	0.428
71125	0.480
71175	0.488
71225	0.524
71275	0.572
71325	0.576
71375	0.536
71425	0.524
71475	0.524
71525	0.524
71575	0.540
71625	0.576
71675	0.612
71725	0.592
71775	0.580
71825	0.548
71875	0.532
71925	0.500
71975	0.496
72025	0.444
72075	0.456
72125	0.456
72175	0.420
72225	0.384
72275	0.408
72325	0.416
72375	0.424
72425	0.440
72475	0.440
72525	0.464
72575	0.476
72625	0.480
72675	0.472
72725	0.504
72775	0.472
72825	0.452
72875	0.460
72925	0.484
72975	0.536
73025	0.596
73075	0.580
73125	0.560
73175	0.548
73225	0.480
73275	0.432
73325	0.440
73375	0.440
73425	0.448
73475	0.496
73525	0.516
73575	0.520
73625	0.520
73675	0.556
73725	0.532
73775	0.504
73825	0.496
73875	0.476
73925	0.432
73975	0.444
74025	0.456
74075	0.440
74125	0.436
74175	0.424
74225	0.420
74275	0.456
74325	0.512
74375	0.564
74425	0.624
74475	0.652
74525	0.656
74575	0.644
74625	0.648
74675	0.600
74725	0.576
74775	0.528
74825	0.500
74875	0.492
74925	0.504
74975	0.524
75025	0.556
75075	0.568
75125	0.536
75175	0.552
75225	0.512
75275	0.496
75325	0.492
75375	0.488
75425	0.460
75475	0.472
75525	0.456
75575	0.468
75625	0.496
75675	0.508
75725	0.484
75775	0.512
75825	0.476
75875	0.480
75925	0.476
75975	0.496
76025	0.480
76075	0.508
76125	0.500
76175	0.516
76225	0.504
76275	0.496
76325	0.500
76375	0.472
76425	0.468
76475	0.444
76525	0.460
76575	0.464
76625	0.488
76675	0.480
76725	0.536
76775	0.552
76825	0.556
76875	0.572
76925	0.604
76975	0.560
77025	0.544
77075	0.532
77125	0.512
77175	0.472
77225	0.468
77275	0.456
77325	0.432
77375	0.440
77425	0.456
77475	0.488
77525	0.520
77575	0.536
77625	0.528
77675	0.520
77725	0.500
77775	0.496
77825	0.520
77875	0.532
77925	0.548
77975	0.588
78025	0.588
78075	0.584
78125	0.568
78175	0.572
78225	0.548
78275	0.548
78325	0.540
78375	0.548
78425	0.552
78475	0.568
78525	0.556
78575	0.560
78625	0.576
78675	0.564
78725	0.544
78775	0.544
78825	0.516
78875	0.500
78925	0.480
78975	0.448
79025	0.428
79075	0.424
79125	0.432
79175	0.436
79225	0.452
79275	0.460
79325	0.468
79375	0.460
79425	0.492
79475	0.492
79525	0.500
79575	0.504
79625	0.452
79675	0.424
79725	0.404
79775	0.392
79825	0.352
79875	0.380
79925	0.380
79975	0.440
80025	0.440
80075	0.496
80125	0.512
80175	0.512
80225	0.484
80275	0.464
80325	0.420
80375	0.412
80425	0.408
80475	0.376
80525	0.396
80575	0.432
80625	0.440
80675	0.440
80725	0.448
80775	0.444
80825	0.412
80875	0.448
80925	0.440
80975	0.484
81025	0.512
81075	0.568
81125	0.544
81175	0.572
81225	0.572
81275	0.588
81325	0.572
81375	0.592
81425	0.588
81475	0.596
81525	0.576
81575	0.568
81625	0.548
81675	0.552
81725	0.556
81775	0.568
81825	0.576
81875	0.580
81925	0.596
81975	0.600
82025	0.596
82075	0.600
82125	0.588
82175	0.592
82225	0.560
82275	0.536
82325	0.496
82375	0.488
82425	0.416
82475	0.388
82525	0.372
82575	0.380
82625	0.384
82675	0.424
82725	0.460
82775	0.476
82825	0.532
82875	0.544
82925	0.588
82975	0.592
83025	0.644
83075	0.620
83125	0.628
83175	0.600
83225	0.608
83275	0.588
83325	0.608
83375	0.612
83425	0.624
83475	0.632
83525	0.616
83575	0.612
83625	0.612
83675	0.596
83725	0.552
83775	0.548
83825	0.532
83875	0.524
83925	0.496
83975	0.504
84025	0.492
84075	0.508
84125	0.480
84175	0.460
84225	0.444
84275	0.428
84325	0.396
84375	0.416
84425	0.468
84475	0.500
84525	0.528
84575	0.544
84625	0.536
84675	0.528
84725	0.536
84775	0.516
84825	0.492
84875	0.508
84925	0.540
84975	0.544
85025	0.580
85075	0.632
85125	0.608
85175	0.572
85225	0.580
85275	0.556
85325	0.492
85375	0.508
85425	0.520
85475	0.520
85525	0.532
85575	0.576
85625	0.572
85675	0.564
85725	0.584
85775	0.580
85825	0.584
85875	0.588
85925	0.580
85975	0.556
86025	0.552
86075	0.548
86125	0.572
86175	0.556
86225	0.516
86275	0.500
86325	0.508
86375	0.512
86425	0.540
86475	0.548
86525	0.596
86575	0.584
86625	0.556
86675	0.552
86725	0.572
86775	0.548
86825	0.508
86875	0.504
86925	0.492
86975	0.508
87025	0.500
87075	0.544
87125	0.548
87175	0.532
87225	0.488
87275	0.488
87325	0.456
87375	0.428
87425	0.424
87475	0.432
87525	0.416
87575	0.388
87625	0.368
87675	0.352
87725	0.332
87775	0.304
87825	0.336
87875	0.368
87925	0.420
87975	0.484
88025	0.532
88075	0.564
88125	0.572
88175	0.576
88225	0.572
88275	0.580
88325	0.588
88375	0.608
88425	0.616
88475	0.608
88525	0.616
88575	0.576
88625	0.544
88675	0.516
88725	0.476
88775	0.436
88825	0.460
88875	0.484
88925	0.500
88975	0.504
89025	0.520
89075	0.536
89125	0.552
89175	0.528
89225	0.544
89275	0.572
89325	0.540
89375	0.492
89425	0.516
89475	0.496
89525	0.452
89575	0.444
89625	0.480
89675	0.452
89725	0.480
89775	0.508
89825	0.540
89875	0.544
89925	0.560
89975	0.560
90025	0.520
90075	0.504
90125	0.484
90175	0.480
90225	0.464
90275	0.504
90325	0.496
90375	0.500
90425	0.476
90475	0.504
90525	0.512
90575	0.520
90625	0.524
90675	0.532
90725	0.512
90775	0.508
90825	0.496
90875	0.500
90925	0.540
90975	0.580
91025	0.564
91075	0.556
91125	0.552
91175	0.520
91225	0.480
91275	0.480
91325	0.484
91375	0.468
91425	0.460
91475	0.428
91525	0.396
91575	0.388
91625	0.380
91675	0.388
91725	0.412
91775	0.412
91825	0.404
91875	0.428
91925	0.444
91975	0.444
92025	0.448
92075	0.396
92125	0.404
92175	0.400
92225	0.412
92275	0.420
92325	0.524
92375	0.536
92425	0.524
92475	0.520
92525	0.540
92575	0.504
92625	0.452
92675	0.444
92725	0.440
92775	0.444
92825	0.452
92875	0.508
92925	0.528
92975	0.544
93025	0.532
93075	0.540
93125	0.516
93175	0.524
93225	0.492
93275	0.476
93325	0.432
93375	0.400
93425	0.400
93475	0.408
93525	0.396
93575	0.408
93625	0.440
93675	0.416
93725	0.416
93775	0.424
93825	0.408
93875	0.404
93925	0.412
93975	0.440
94025	0.460
94075	0.484
94125	0.444
94175	0.440
94225	0.396
94275	0.380
94325	0.420
94375	0.448
94425	0.480
94475	0.524
94525	0.572
94575	0.552
94625	0.560
94675	0.556
94725	0.528
94775	0.508
94825	0.504
94875	0.516
94925	0.488
94975	0.496
95025	0.504
95075	0.516
95125	0.512
95175	0.536
95225	0.520
95275	0.516
95325	0.500
95375	0.500
95425	0.492
95475	0.500
95525	0.508
95575	0.492
95625	0.496
95675	0.468
95725	0.452
95775	0.408
95825	0.388
95875	0.360
95925	0.388
95975	0.420
96025	0.460
96075	0.496
96125	0.516
96175	0.492
96225	0.456
96275	0.412
96325	0.424
96375	0.448
96425	0.476
96475	0.528
96525	0.568
96575	0.608
96625	0.604
96675	0.628
96725	0.644
96775	0.668
96825	0.628
96875	0.636
96925	0.628
96975	0.636
97025	0.628
97075	0.640
97125	0.648
97175	0.656
97225	0.632
97275	0.652
97325	0.656
97375	0.612
97425	0.564
97475	0.540
97525	0.476
97575	0.440
97625	0.472
97675	0.504
97725	0.528
97775	0.532
97825	0.564
97875	0.568
97925	0.580
97975	0.556
98025	0.564
98075	0.564
98125	0.512
98175	0.488
98225	0.484
98275	0.460
98325	0.436
98375	0.452
98425	0.432
98475	0.420
98525	0.432
98575	0.436
98625	0.452
98675	0.452
98725	0.448
98775	0.436
98825	0.416
98875	0.376
98925	0.376
98975	0.380
99025	0.412
99075	0.412
99125	0.404
99175	0.432
99225	0.444
99275	0.436
99325	0.460
99375	0.508
99425	0.480
99475	0.452
99525	0.460
99575	0.428
99625	0.392
99675	0.388
99725	0.432
99775	0.432
99825	0.460
99875	0.460
99925	0.504
99975	0.508
100025	0.500
100075	0.504
100125	0.524
100175	0.492
100225	0.472
100275	0.472
100325	0.424
100375	0.392
100425	0.392
100475	0.384
100525	0.384
100575	0.424
100625	0.440
100675	0.420
100725	0.412
100775	0.408
100825	0.400
100875	0.404
100925	0.440
100975	0.464
101025	0.480
101075	0.500
101125	0.540
101175	0.540
101225	0.532
101275	0.508
101325	0.496
101375	0.484
101425	0.452
101475	0.456
101525	0.464
101575	0.480
101625	0.480
101675	0.508
101725	0.500
101775	0.512
101825	0.508
101875	0.516
101925	0.520
101975	0.532
102025	0.540
102075	0.508
102125	0.484
102175	0.456
102225	0.436
102275	0.408
102325	0.424
102375	0.432
102425	0.464
102475	0.480
102525	0.476
102575	0.452
102625	0.452
102675	0.432
102725	0.444
102775	0.444
102825	0.444
102875	0.452
102925	0.444
102975	0.428
103025	0.452
103075	0.492
103125	0.472
103175	0.476
103225	0.484
103275	0.444
103325	0.464
103375	0.472
103425	0.520
103475	0.524
103525	0.552
103575	0.484
103625	0.488
103675	0.444
103725	0.440
103775	0.456
103825	0.496
103875	0.488
103925	0.472
103975	0.512
104025	0.516
104075	0.540
104125	0.576
104175	0.620
104225	0.604
104275	0.612
104325	0.616
104375	0.604
104425	0.588
104475	0.596
104525	0.592
104575	0.536
104625	0.520
104675	0.540
104725	0.500
104775	0.508
104825	0.564
104875	0.584
104925	0.568
104975	0.584
105025	0.560
105075	0.560
105125	0.548
105175	0.556
105225	0.540
105275	0.568
105325	0.544
105375	0.556
105425	0.548
105475	0.564
105525	0.564
105575	0.552
105625	0.544
105675	0.536
105725	0.532
105775	0.520
105825	0.544
105875	0.548
105925	0.560
105975	0.548
106025	0.532
106075	0.520
106125	0.516
106175	0.504
106225	0.540
106275	0.564
106325	0.568
106375	0.556
106425	0.564
106475	0.532
106525	0.520
106575	0.536
106625	0.540
106675	0.540
106725	0.552
106775	0.572
106825	0.568
106875	0.576
106925	0.576
106975	0.580
107025	0.564
107075	0.556
107125	0.544
107175	0.544
107225	0.552
107275	0.552
107325	0.556
107375	0.568
107425	0.572
107475	0.548
107525	0.560
107575	0.540
107625	0.528
107675	0.540
107725	0.548
107775	0.520
107825	0.536
107875	0.544
107925	0.544
107975	0.556
108025	0.568
108075	0.552
108125	0.532
108175	0.512
108225	0.524
108275	0.524
108325	0.528
108375	0.556
108425	0.560
108475	0.536
108525	0.548
108575	0.568
108625	0.564
108675	0.576
108725	0.580
108775	0.568
108825	0.556
108875	0.564
108925	0.560
108975	0.564
109025	0.568
109075	0.560
109125	0.560
109175	0.564
109225	0.572
109275	0.576
109325	0.580
109375	0.572
109425	0.584
109475	0.580
109525	0.592
109575	0.624
109625	0.632
109675	0.624
109725	0.632
109775	0.640
109825	0.600
109875	0.592
109925	0.588
109975	0.576
110025	0.544
110075	0.576
110125	0.568
110175	0.564
110225	0.572
110275	0.580
110325	0.564
110375	0.580
110425	0.580
110475	0.584
110525	0.580
110575	0.584
110625	0.596
110675	0.576
110725	0.552
110775	0.532
110825	0.484
110875	0.424
110925	0.404
110975	0.392
111025	0.392
111075	0.404
111125	0.408
111175	0.412
111225	0.380
111275	0.360
111325	0.360
111375	0.372
111425	0.388
111475	0.412
111525	0.436
111575	0.440
111625	0.416
111675	0.408
111725	0.440
111775	0.456
111825	0.472
111875	0.504
111925	0.536
111975	0.504
112025	0.468
112075	0.448
112125	0.400
112175	0.380
112225	0.376
112275	0.380
112325	0.360
112375	0.384
112425	0.372
112475	0.392
112525	0.408
112575	0.440
112625	0.448
112675	0.464
112725	0.488
112775	0.492
112825	0.520
112875	0.564
112925	0.580
112975	0.576
113025	0.596
113075	0.584
113125	0.564
113175	0.508
113225	0.468
113275	0.440
113325	0.408
113375	0.388
113425	0.412
113475	0.420
113525	0.428
113575	0.428
113625	0.432
113675	0.452
113725	0.444
113775	0.460
113825	0.480
113875	0.472
113925	0.440
113975	0.428
114025	0.428
114075	0.408
114125	0.396
114175	0.404
114225	0.420
114275	0.388
114325	0.392
114375	0.412
114425	0.428
114475	0.428
114525	0.448
114575	0.468
114625	0.492
114675	0.500
114725	0.528
114775	0.544
114825	0.544
114875	0.548
114925	0.540
114975	0.548
115025	0.524
115075	0.492
115125	0.444
115175	0.440
115225	0.420
115275	0.416
115325	0.464
115375	0.492
115425	0.468
115475	0.472
115525	0.460
115575	0.440
115625	0.424
115675	0.464
115725	0.464
115775	0.468
115825	0.452
115875	0.472
115925	0.456
115975	0.452
116025	0.468
116075	0.472
116125	0.468
116175	0.444
116225	0.436
116275	0.448
116325	0.464
116375	0.448
116425	0.480
116475	0.480
116525	0.448
116575	0.452
116625	0.488
116675	0.516
116725	0.512
116775	0.548
116825	0.532
116875	0.560
116925	0.520
116975	0.536
117025	0.520
117075	0.552
117125	0.544
117175	0.560
117225	0.572
117275	0.588
117325	0.564
117375	0.560
117425	0.548
117475	0.544
117525	0.548
117575	0.548
117625	0.516
117675	0.532
117725	0.548
117775	0.536
117825	0.564
117875	0.572
117925	0.576
117975	0.548
118025	0.508
118075	0.444
118125	0.440
118175	0.392
118225	0.384
118275	0.388
118325	0.412
118375	0.380
118425	0.380
118475	0.392
118525	0.416
118575	0.432
118625	0.468
118675	0.500
118725	0.480
118775	0.468
118825	0.480
118875	0.476
118925	0.452
118975	0.468
119025	0.496
119075	0.460
119125	0.452
119175	0.460
119225	0.452
119275	0.444
119325	0.460
119375	0.468
119425	0.464
119475	0.468
119525	0.448
119575	0.408
119625	0.392
119675	0.440
119725	0.448
119775	0.456
119825	0.484
119875	0.492
119925	0.488
119975	0.476
120025	0.464
120075	0.484
120125	0.500
120175	0.468
120225	0.492
120275	0.516
120325	0.532
120375	0.536
120425	0.560
120475	0.552
120525	0.572
120575	0.552
120625	0.548
120675	0.528
120725	0.516
120775	0.500
120825	0.496
120875	0.460
120925	0.460
120975	0.448
121025	0.416
121075	0.384
121125	0.408
121175	0.412
121225	0.420
121275	0.440
121325	0.472
121375	0.468
121425	0.444
121475	0.456
121525	0.452
121575	0.472
121625	0.444
121675	0.464
121725	0.464
121775	0.456
121825	0.424
121875	0.444
121925	0.408
121975	0.400
122025	0.428
122075	0.436
122125	0.424
122175	0.444
122225	0.448
122275	0.428
122325	0.408
122375	0.408
122425	0.408
122475	0.396
122525	0.408
122575	0.432
122625	0.464
122675	0.476
122725	0.472
122775	0.472
122825	0.464
122875	0.460
122925	0.460
122975	0.448
123025	0.416
123075	0.420
123125	0.412
123175	0.420
123225	0.444
123275	0.476
123325	0.492
123375	0.472
123425	0.464
123475	0.452
123525	0.436
123575	0.448
123625	0.456
123675	0.472
123725	0.476
123775	0.496
123825	0.476
123875	0.492
123925	0.484
123975	0.484
124025	0.460
124075	0.448
124125	0.432
124175	0.408
124225	0.404
124275	0.420
124325	0.436
124375	0.440
124425	0.440
124475	0.436
124525	0.428
124575	0.400
124625	0.376
124675	0.376
124725	0.392
124775	0.396
124825	0.412
124875	0.424
124925	0.432
124975	0.432
125025	0.424
125075	0.424
125125	0.420
125175	0.420
125225	0.428
125275	0.440
125325	0.432
125375	0.460
125425	0.460
125475	0.436
125525	0.420
125575	0.424
125625	0.404
125675	0.412
125725	0.448
125775	0.456
125825	0.460
125875	0.452
125925	0.440
125975	0.416
126025	0.388
126075	0.392
126125	0.396
126175	0.388
126225	0.412
126275	0.440
126325	0.448
126375	0.464
126425	0.492
126475	0.476
126525	0.512
126575	0.516
126625	0.532
126675	0.500
126725	0.472
126775	0.440
126825	0.436
126875	0.436
126925	0.484
126975	0.512
127025	0.516
127075	0.480
127125	0.484
127175	0.508
127225	0.536
127275	0.584
127325	0.664
127375	0.676
127425	0.672
127475	0.684
127525	0.668
127575	0.672
127625	0.660
127675	0.656
127725	0.636
127775	0.652
127825	0.628
127875	0.624
127925	0.580
127975	0.536
128025	0.488
128075	0.432
128125	0.412
128175	0.404
128225	0.412
128275	0.396
128325	0.400
128375	0.420
128425	0.396
128475	0.392
128525	0.412
128575	0.428
128625	0.436
128675	0.512
128725	0.568
128775	0.592
128825	0.628
128875	0.644
128925	0.640
128975	0.624
129025	0.636
129075	0.656
129125	0.656
129175	0.656
129225	0.664
129275	0.648
129325	0.608
129375	0.588
129425	0.568
129475	0.524
129525	0.520
129575	0.552
129625	0.552
129675	0.568
129725	0.608
129775	0.604
129825	0.556
129875	0.512
129925	0.504
129975	0.492
130025	0.488
130075	0.488
130125	0.536
130175	0.520
130225	0.548
130275	0.580
130325	0.608
130375	0.600
130425	0.644
130475	0.620
130525	0.568
130575	0.568
130625	0.564
130675	0.492
130725	0.512
130775	0.536
130825	0.528
130875	0.544
130925	0.580
130975	0.552
131025	0.556
131075	0.548
131125	0.540
131175	0.528
131225	0.556
131275	0.544
131325	0.560
131375	0.556
131425	0.596
131475	0.572
131525	0.580
131575	0.552
131625	0.528
131675	0.484
131725	0.476
131775	0.444
131825	0.456
131875	0.468
131925	0.500
131975	0.484
132025	0.500
132075	0.516
132125	0.540
132175	0.504
132225	0.532
132275	0.548
132325	0.536
132375	0.516
132425	0.516
132475	0.508
132525	0.476
132575	0.448
132625	0.436
132675	0.420
132725	0.412
132775	0.416
132825	0.420
132875	0.432
132925	0.480
132975	0.468
133025	0.480
133075	0.508
133125	0.508
133175	0.468
133225	0.488
133275	0.480
133325	0.476
133375	0.492
133425	0.524
133475	0.496
133525	0.524
133575	0.528
133625	0.520
133675	0.508
133725	0.552
133775	0.536
133825	0.528
133875	0.500
133925	0.504
133975	0.484
134025	0.460
134075	0.440
134125	0.456
134175	0.424
134225	0.392
134275	0.400
134325	0.436
134375	0.424
134425	0.448
134475	0.464
134525	0.460
134575	0.440
134625	0.424
134675	0.424
134725	0.428
134775	0.416
134825	0.388
134875	0.400
134925	0.380
134975	0.356
135025	0.344
135075	0.404
135125	0.408
135175	0.444
135225	0.476
135275	0.520
135325	0.468
135375	0.472
135425	0.440
135475	0.436
135525	0.416
135575	0.412
135625	0.380
135675	0.384
135725	0.396
135775	0.432
135825	0.468
135875	0.536
135925	0.584
135975	0.612
136025	0.608
136075	0.620
136125	0.612
136175	0.604
136225	0.596
136275	0.604
136325	0.596
136375	0.592
136425	0.584
136475	0.556
136525	0.540
136575	0.508
136625	0.504
136675	0.496
136725	0.500
136775	0.496
136825	0.452
136875	0.404
136925	0.416
136975	0.404
137025	0.388
137075	0.424
137125	0.464
137175	0.444
137225	0.432
137275	0.432
137325	0.424
137375	0.412
137425	0.424
137475	0.448
137525	0.484
137575	0.520
137625	0.552
137675	0.572
137725	0.568
137775	0.548
137825	0.564
137875	0.544
137925	0.488
137975	0.480
138025	0.468
138075	0.460
138125	0.484
138175	0.508
138225	0.524
138275	0.544
138325	0.524
138375	0.476
138425	0.476
138475	0.496
138525	0.500
138575	0.500
138625	0.496
138675	0.496
138725	0.476
138775	0.456
138825	0.476
138875	0.520
138925	0.532
138975	0.536
139025	0.552
139075	0.552
139125	0.536
139175	0.536
139225	0.528
139275	0.512
139325	0.504
139375	0.476
139425	0.460
139475	0.468
139525	0.496
139575	0.500
139625	0.532
139675	0.552
139725	0.540
139775	0.536
139825	0.548
139875	0.544
139925	0.544
139975	0.548
140025	0.544
140075	0.524
140125	0.512
140175	0.500
140225	0.516
140275	0.508
140325	0.516
140375	0.520
140425	0.508
140475	0.516
140525	0.508
140575	0.528
140625	0.524
140675	0.528
140725	0.508
140775	0.520
140825	0.500
140875	0.488
140925	0.492
140975	0.504
141025	0.516
141075	0.504
141125	0.504
141175	0.516
141225	0.528
141275	0.508
141325	0.492
141375	0.520
141425	0.512
141475	0.492
141525	0.476
141575	0.536
141625	0.540
141675	0.536
141725	0.536
141775	0.572
141825	0.532
141875	0.540
141925	0.528
141975	0.540
142025	0.524
142075	0.540
142125	0.520
142175	0.552
142225	0.544
142275	0.532
142325	0.508
142375	0.504
142425	0.496
142475	0.496
142525	0.512
142575	0.496
142625	0.504
142675	0.488
142725	0.464
142775	0.432
142825	0.432
142875	0.432
142925	0.448
142975	0.464
143025	0.504
143075	0.544
143125	0.556
143175	0.556
143225	0.552
143275	0.548
143325	0.524
143375	0.500
143425	0.488
143475	0.480
143525	0.460
143575	0.480
143625	0.480
143675	0.488
143725	0.516
143775	0.540
143825	0.536
143875	0.564
143925	0.572
143975	0.556
144025	0.532
144075	0.560
144125	0.536
144175	0.528
144225	0.532
144275	0.544
144325	0.484
144375	0.512
144425	0.516
144475	0.512
144525	0.524
144575	0.556
144625	0.560
144675	0.552
144725	0.560
144775	0.572
144825	0.576
144875	0.568
144925	0.576
144975	0.592
145025	0.552
145075	0.544
145125	0.544
145175	0.520
145225	0.508
145275	0.548
145325	0.548
145375	0.512
145425	0.520
145475	0.512
145525	0.492
145575	0.508
145625	0.552
145675	0.564
145725	0.576
145775	0.568
145825	0.520
145875	0.492
145925	0.508
145975	0.520
146025	0.520
146075	0.556
146125	0.584
146175	0.596
146225	0.616
146275	0.624
146325	0.608
146375	0.600
146425	0.560
146475	0.536
146525	0.544
146575	0.536
146625	0.516
146675	0.536
146725	0.524
146775	0.504
146825	0.508
146875	0.516
146925	0.528
146975	0.528
147025	0.556
147075	0.544
147125	0.548
147175	0.548
147225	0.520
147275	0.520
147325	0.564
147375	0.544
147425	0.504
147475	0.504
147525	0.488
147575	0.468
147625	0.464
147675	0.452
147725	0.444
147775	0.452
147825	0.416
147875	0.404
147925	0.432
147975	0.472
148025	0.476
148075	0.532
148125	0.564
148175	0.548
148225	0.536
148275	0.452
148325	0.428
148375	0.420
148425	0.420
148475	0.396
148525	0.460
148575	0.464
148625	0.452
148675	0.448
148725	0.472
148775	0.480
148825	0.488
148875	0.500
148925	0.528
148975	0.496
149025	0.464
149075	0.460
149125	0.484
149175	0.452
149225	0.484
149275	0.476
149325	0.464
149375	0.420
149425	0.448
149475	0.448
149525	0.464
149575	0.508
149625	0.532
149675	0.556
149725	0.556
149775	0.568
149825	0.536
149875	0.508
149925	0.476
149975	0.460
150025	0.468
150075	0.456
150125	0.484
150175	0.492
150225	0.500
150275	0.500
150325	0.512
150375	0.512
150425	0.524
150475	0.548
150525	0.564
150575	0.564
150625	0.588
150675	0.596
150725	0.600
150775	0.600
150825	0.596
150875	0.592
150925	0.588
150975	0.592
151025	0.580
151075	0.592
151125	0.588
151175	0.580
151225	0.560
151275	0.576
151325	0.592
151375	0.596
151425	0.580
151475	0.548
151525	0.504
151575	0.504
151625	0.516
151675	0.500
151725	0.516
151775	0.536
151825	0.524
151875	0.536
151925	0.544
151975	0.572
152025	0.580
152075	0.612
152125	0.584
152175	0.624
152225	0.620
152275	0.636
152325	0.624
152375	0.608
152425	0.576
152475	0.560
152525	0.580
152575	0.568
152625	0.588
152675	0.612
152725	0.616
152775	0.564
152825	0.508
152875	0.468
152925	0.440
152975	0.432
153025	0.452
153075	0.464
153125	0.512
153175	0.512
153225	0.544
153275	0.528
153325	0.564
153375	0.540
153425	0.560
153475	0.536
153525	0.520
153575	0.484
153625	0.480
153675	0.456
153725	0.456
153775	0.472
153825	0.536
153875	0.564
153925	0.572
153975	0.588
154025	0.604
154075	0.580
154125	0.568
154175	0.572
154225	0.548
154275	0.544
154325	0.552
154375	0.548
154425	0.552
154475	0.552
154525	0.556
154575	0.560
154625	0.540
154675	0.540
154725	0.536
154775	0.552
154825	0.508
154875	0.508
154925	0.520
154975	0.532
155025	0.496
155075	0.520
155125	0.536
155175	0.532
155225	0.524
155275	0.524
155325	0.520
155375	0.472
155425	0.460
155475	0.440
155525	0.452
155575	0.468
155625	0.516
155675	0.508
155725	0.496
155775	0.492
155825	0.440
155875	0.420
155925	0.392
155975	0.428
156025	0.408
156075	0.440
156125	0.452
156175	0.488
156225	0.480
156275	0.508
156325	0.508
156375	0.516
156425	0.508
156475	0.508
156525	0.488
156575	0.468
156625	0.468
156675	0.508
156725	0.524
156775	0.520
156825	0.548
156875	0.500
156925	0.468
156975	0.456
157025	0.468
157075	0.448
157125	0.500
157175	0.508
157225	0.524
157275	0.520
157325	0.548
157375	0.544
157425	0.536
157475	0.552
157525	0.584
157575	0.576
157625	0.572
157675	0.592
157725	0.596
157775	0.576
157825	0.604
157875	0.616
157925	0.620
157975	0.596
158025	0.608
158075	0.608
158125	0.612
158175	0.588
158225	0.560
158275	0.588
158325	0.568
158375	0.560
158425	0.572
158475	0.604
158525	0.560
158575	0.564
158625	0.560
158675	0.532
158725	0.504
158775	0.496
158825	0.472
158875	0.472
158925	0.492
158975	0.476
159025	0.476
159075	0.492
159125	0.488
159175	0.452
159225	0.488
159275	0.504
159325	0.492
159375	0.480
159425	0.536
159475	0.536
159525	0.536
159575	0.560
159625	0.580
159675	0.580
159725	0.592
159775	0.584
159825	0.572
159875	0.600
159925	0.596
159975	0.592
160025	0.608
160075	0.620
160125	0.632
160175	0.616
160225	0.588
160275	0.520
160325	0.476
160375	0.416
160425	0.384
160475	0.380
160525	0.400
160575	0.404
160625	0.376
160675	0.356
160725	0.344
160775	0.360
160825	0.372
160875	0.424
160925	0.436
160975	0.440
161025	0.456
161075	0.452
161125	0.428
161175	0.432
161225	0.444
161275	0.452
161325	0.464
161375	0.460
161425	0.472
161475	0.484
161525	0.484
161575	0.492
161625	0.508
161675	0.548
161725	0.536
161775	0.524
161825	0.524
161875	0.496
161925	0.484
161975	0.496
162025	0.488
162075	0.476
162125	0.500
162175	0.488
162225	0.492
162275	0.524
162325	0.536
162375	0.548
162425	0.552
162475	0.572
162525	0.576
162575	0.580
162625	0.564
162675	0.564
162725	0.540
162775	0.524
162825	0.516
162875	0.512
162925	0.520
162975	0.528
163025	0.524
163075	0.512
163125	0.520
163175	0.496
163225	0.484
163275	0.488
163325	0.496
163375	0.516
163425	0.536
163475	0.548
163525	0.556
163575	0.544
163625	0.536
163675	0.552
163725	0.548
163775	0.564
163825	0.604
163875	0.628
163925	0.652
163975	0.656
164025	0.656
164075	0.652
164125	0.636
164175	0.592
164225	0.588
164275	0.560
164325	0.560
164375	0.540
164425	0.524
164475	0.476
164525	0.468
164575	0.456
164625	0.464
164675	0.476
164725	0.524
164775	0.524
164825	0.492
164875	0.452
164925	0.432
164975	0.424
165025	0.392
165075	0.424
165125	0.480
165175	0.524
165225	0.540
165275	0.568
165325	0.572
165375	0.544
165425	0.540
165475	0.524
165525	0.528
165575	0.528
165625	0.552
165675	0.544
165725	0.572
165775	0.600
165825	0.588
165875	0.596
165925	0.604
165975	0.592
166025	0.588
166075	0.580
166125	0.564
166175	0.580
166225	0.596
166275	0.588
166325	0.604
166375	0.604
166425	0.580
166475	0.552
166525	0.564
166575	0.560
166625	0.568
166675	0.556
166725	0.588
166775	0.576
166825	0.580
166875	0.552
166925	0.564
166975	0.528
167025	0.504
167075	0.476
167125	0.496
167175	0.500
167225	0.504
167275	0.516
167325	0.520
167375	0.536
167425	0.548
167475	0.552
167525	0.544
167575	0.556
167625	0.512
167675	0.488
167725	0.508
167775	0.520
167825	0.516
167875	0.532
167925	0.536
167975	0.520
168025	0.524
168075	0.564
168125	0.584
168175	0.596
168225	0.616
168275	0.612
168325	0.572
168375	0.548
168425	0.556
168475	0.528
168525	0.532
168575	0.524
168625	0.540
168675	0.512
168725	0.504
168775	0.516
168825	0.536
168875	0.540
168925	0.560
168975	0.580
169025	0.568
169075	0.560
169125	0.544
169175	0.556
169225	0.576
169275	0.568
169325	0.548
169375	0.556
169425	0.544
169475	0.532
169525	0.524
169575	0.532
169625	0.540
169675	0.524
169725	0.472
169775	0.468
169825	0.476
169875	0.452
169925	0.464
169975	0.504
170025	0.540
170075	0.548
170125	0.552
170175	0.556
170225	0.588
170275	0.596
170325	0.620
170375	0.644
170425	0.648
170475	0.604
170525	0.536
170575	0.488
170625	0.504
170675	0.496
170725	0.552
170775	0.612
170825	0.664
170875	0.628
170925	0.592
170975	0.556
171025	0.552
171075	0.532
171125	0.544
171175	0.556
171225	0.516
171275	0.504
171325	0.504
171375	0.464
171425	0.452
171475	0.476
171525	0.488
171575	0.460
171625	0.496
171675	0.536
171725	0.556
171775	0.544
171825	0.536
171875	0.536
171925	0.508
171975	0.496
172025	0.508
172075	0.556
172125	0.564
172175	0.564
172225	0.564
172275	0.576
172325	0.572
172375	0.564
172425	0.592
172475	0.616
172525	0.608
172575	0.608
172625	0.608
172675	0.580
172725	0.568
172775	0.572
172825	0.568
172875	0.592
172925	0.608
172975	0.592
173025	0.588
173075	0.600
173125	0.584
173175	0.580
173225	0.612
173275	0.608
173325	0.596
173375	0.600
173425	0.600
173475	0.576
173525	0.556
173575	0.544
173625	0.536
173675	0.556
173725	0.568
173775	0.616
173825	0.648
173875	0.632
173925	0.636
173975	0.600
174025	0.488
174075	0.452
174125	0.416
174175	0.348
174225	0.360
174275	0.452
174325	0.460
174375	0.488
174425	0.532
174475	0.512
174525	0.484
174575	0.500
174625	0.536
174675	0.568
174725	0.608
174775	0.604
174825	0.584
174875	0.596
174925	0.600
174975	0.576
175025	0.604
175075	0.608
175125	0.588
175175	0.556
175225	0.576
175275	0.532
175325	0.484
175375	0.428
175425	0.420
175475	0.388
175525	0.364
175575	0.388
175625	0.412
175675	0.384
175725	0.380
175775	0.420
175825	0.436
175875	0.436
175925	0.484
175975	0.524
176025	0.552
176075	0.572
176125	0.596
176175	0.604
176225	0.600
176275	0.592
176325	0.572
176375	0.572
176425	0.540
176475	0.556
176525	0.540
176575	0.548
176625	0.524
176675	0.532
176725	0.480
176775	0.492
176825	0.484
176875	0.532
176925	0.544
176975	0.576
177025	0.568
177075	0.584
177125	0.556
177175	0.548
177225	0.556
177275	0.584
177325	0.552
177375	0.560
177425	0.560
177475	0.532
177525	0.532
177575	0.552
177625	0.564
177675	0.576
177725	0.604
177775	0.604
177825	0.616
177875	0.628
177925	0.636
177975	0.632
178025	0.624
178075	0.584
178125	0.544
178175	0.508
178225	0.484
178275	0.444
178325	0.456
178375	0.456
178425	0.476
178475	0.468
178525	0.464
178575	0.460
178625	0.436
178675	0.400
178725	0.412
178775	0.448
178825	0.468
178875	0.504
178925	0.532
178975	0.552
179025	0.536
179075	0.536
179125	0.528
179175	0.524
179225	0.508
179275	0.500
179325	0.492
179375	0.516
179425	0.492
179475	0.484
179525	0.480
179575	0.456
179625	0.436
179675	0.460
179725	0.444
179775	0.424
179825	0.420
179875	0.396
179925	0.396
179975	0.408
180025	0.412
180075	0.416
180125	0.440
180175	0.448
180225	0.480
180275	0.516
180325	0.540
180375	0.504
180425	0.464
180475	0.424
180525	0.428
180575	0.436
180625	0.468
180675	0.504
180725	0.512
180775	0.480
180825	0.456
180875	0.448
180925	0.432
180975	0.404
181025	0.444
181075	0.464
181125	0.460
181175	0.472
181225	0.496
181275	0.476
181325	0.472
181375	0.480
181425	0.480
181475	0.504
181525	0.500
181575	0.492
181625	0.476
181675	0.468
181725	0.436
181775	0.412
181825	0.416
181875	0.404
181925	0.388
181975	0.420
182025	0.424
182075	0.412
182125	0.424
182175	0.416
182225	0.404
182275	0.420
182325	0.432
182375	0.428
182425	0.464
182475	0.460
182525	0.468
182575	0.460
182625	0.460
182675	0.416
182725	0.424
182775	0.396
182825	0.416
182875	0.452
182925	0.468
182975	0.472
183025	0.492
183075	0.464
183125	0.432
183175	0.464
183225	0.460
183275	0.476
183325	0.504
183375	0.532
183425	0.508
183475	0.500
183525	0.492
183575	0.464
183625	0.440
183675	0.464
183725	0.464
183775	0.428
183825	0.440
183875	0.480
183925	0.464
183975	0.444
184025	0.456
184075	0.456
184125	0.444
184175	0.456
184225	0.472
184275	0.468
184325	0.452
184375	0.416
184425	0.400
184475	0.384
184525	0.400
184575	0.416
184625	0.420
184675	0.452
184725	0.468
184775	0.476
184825	0.476
184875	0.480
184925	0.444
184975	0.464
185025	0.504
185075	0.516
185125	0.532
185175	0.560
185225	0.548
185275	0.508
185325	0.500
185375	0.488
185425	0.480
185475	0.488
185525	0.500
185575	0.472
185625	0.496
185675	0.492
185725	0.488
185775	0.476
185825	0.500
185875	0.492
185925	0.484
185975	0.488
186025	0.476
186075	0.484
186125	0.476
186175	0.476
186225	0.472
186275	0.472
186325	0.460
186375	0.472
186425	0.460
186475	0.436
186525	0.428
186575	0.436
186625	0.432
186675	0.436
186725	0.452
186775	0.464
186825	0.464
186875	0.428
186925	0.448
186975	0.436
187025	0.448
187075	0.448
187125	0.484
187175	0.476
187225	0.512
187275	0.504
187325	0.500
187375	0.504
187425	0.484
187475	0.436
187525	0.428
187575	0.420
187625	0.380
187675	0.380
187725	0.404
187775	0.404
187825	0.388
187875	0.408
187925	0.424
187975	0.436
188025	0.452
188075	0.512
188125	0.524
188175	0.532
188225	0.520
188275	0.516
188325	0.472
188375	0.480
188425	0.476
188475	0.472
188525	0.464
188575	0.464
188625	0.444
188675	0.456
188725	0.456
188775	0.492
188825	0.512
188875	0.524
188925	0.496
188975	0.520
189025	0.492
189075	0.484
189125	0.488
189175	0.512
189225	0.484
189275	0.480
189325	0.472
189375	0.488
189425	0.476
189475	0.480
189525	0.480
189575	0.496
189625	0.476
189675	0.468
189725	0.492
189775	0.516
189825	0.512
189875	0.516
189925	0.488
189975	0.452
190025	0.428
190075	0.416
190125	0.392
190175	0.420
190225	0.420
190275	0.444
190325	0.456
190375	0.488
190425	0.524
190475	0.572
190525	0.564
190575	0.576
190625	0.560
190675	0.520
190725	0.484
190775	0.484
190825	0.492
190875	0.504
190925	0.556
190975	0.564
191025	0.572
191075	0.552
191125	0.544
191175	0.484
191225	0.492
191275	0.496
191325	0.500
191375	0.476
191425	0.516
191475	0.476
191525	0.440
191575	0.432
191625	0.440
191675	0.412
191725	0.424
191775	0.440
191825	0.428
191875	0.428
191925	0.452
191975	0.480
192025	0.480
192075	0.512
192125	0.560
192175	0.548
192225	0.544
192275	0.560
192325	0.552
192375	0.528
192425	0.532
192475	0.540
192525	0.516
192575	0.512
192625	0.508
192675	0.524
192725	0.516
192775	0.524
192825	0.520
192875	0.528
192925	0.524
192975	0.524
193025	0.508
193075	0.544
193125	0.540
193175	0.532
193225	0.540
193275	0.568
193325	0.520
193375	0.524
193425	0.524
193475	0.484
193525	0.472
193575	0.460
193625	0.436
193675	0.444
193725	0.484
193775	0.516
193825	0.548
193875	0.584
193925	0.572
193975	0.568
194025	0.516
194075	0.520
194125	0.524
194175	0.548
194225	0.556
194275	0.608
194325	0.616
194375	0.592
194425	0.556
194475	0.544
194525	0.508
194575	0.472
194625	0.468
194675	0.500
194725	0.488
194775	0.524
194825	0.552
194875	0.536
194925	0.496
194975	0.504
195025	0.472
195075	0.468
195125	0.456
195175	0.444
195225	0.452
195275	0.456
195325	0.436
195375	0.476
195425	0.520
195475	0.492
195525	0.492
195575	0.500
195625	0.496
195675	0.500
195725	0.520
195775	0.528
195825	0.540
195875	0.536
195925	0.476
195975	0.436
196025	0.420
196075	0.408
196125	0.432
196175	0.472
196225	0.536
196275	0.556
196325	0.580
196375	0.552
196425	0.548
196475	0.524
196525	0.520
196575	0.512
196625	0.500
196675	0.508
196725	0.516
196775	0.492
196825	0.472
196875	0.496
196925	0.504
196975	0.496
197025	0.512
197075	0.516
197125	0.500
197175	0.488
197225	0.496
197275	0.480
197325	0.512
197375	0.524
197425	0.516
197475	0.540
197525	0.552
197575	0.500
197625	0.480
197675	0.508
197725	0.468
197775	0.464
197825	0.496
197875	0.532
197925	0.528
197975	0.532
198025	0.528
198075	0.528
198125	0.472
198175	0.432
198225	0.468
198275	0.520
198325	0.536
198375	0.568
198425	0.608
198475	0.568
198525	0.560
198575	0.552
198625	0.548
198675	0.544
198725	0.508
198775	0.472
198825	0.476
198875	0.464
198925	0.476
198975	0.532
199025	0.560
199075	0.556
199125	0.584
199175	0.572
199225	0.552
199275	0.508
199325	0.496
199375	0.452
199425	0.436
199475	0.448
199525	0.480
199575	0.492
199625	0.532
199675	0.564
199725	0.572
199775	0.572
199825	0.572
199875	0.564
199925	0.568
199975	0.564
200025	0.552
200075	0.552
200125	0.576
200175	0.548
200225	0.548
200275	0.520
200325	0.508
200375	0.476
200425	0.468
200475	0.476
200525	0.492
200575	0.496
200625	0.520
200675	0.524
200725	0.500
200775	0.512
200825	0.504
200875	0.496
200925	0.504
200975	0.496
201025	0.504
201075	0.500
201125	0.492
201175	0.500
201225	0.524
201275	0.516
201325	0.540
201375	0.540
201425	0.548
201475	0.532
201525	0.548
201575	0.532
201625	0.516
201675	0.480
201725	0.520
201775	0.512
201825	0.492
201875	0.508
201925	0.500
201975	0.484
202025	0.456
202075	0.504
202125	0.516
202175	0.532
202225	0.548
202275	0.596
202325	0.552
202375	0.556
202425	0.588
202475	0.588
202525	0.572
202575	0.616
202625	0.620
202675	0.600
202725	0.616
202775	0.636
202825	0.632
202875	0.616
202925	0.628
202975	0.612
203025	0.592
203075	0.596
203125	0.596
203175	0.588
203225	0.564
203275	0.532
203325	0.520
203375	0.508
203425	0.468
203475	0.444
203525	0.440
203575	0.420
203625	0.448
203675	0.480
203725	0.496
203775	0.504
203825	0.516
203875	0.492
203925	0.504
203975	0.516
204025	0.540
204075	0.524
204125	0.516
204175	0.532
204225	0.524
204275	0.520
204325	0.520
204375	0.528
204425	0.540
204475	0.528
204525	0.532
204575	0.556
204625	0.552
204675	0.532
204725	0.536
204775	0.524
204825	0.468
204875	0.444
204925	0.400
204975	0.412
205025	0.392
205075	0.408
205125	0.432
205175	0.460
205225	0.464
205275	0.476
205325	0.484
205375	0.488
205425	0.488
205475	0.492
205525	0.512
205575	0.544
205625	0.564
205675	0.556
205725	0.548
205775	0.544
205825	0.524
205875	0.532
205925	0.540
205975	0.564
206025	0.556
206075	0.552
206125	0.512
206175	0.512
206225	0.500
206275	0.480
206325	0.476
206375	0.484
206425	0.480
206475	0.468
206525	0.512
206575	0.512
206625	0.520
206675	0.512
206725	0.500
206775	0.484
206825	0.500
206875	0.512
206925	0.532
206975	0.532
207025	0.544
207075	0.548
207125	0.532
207175	0.528
207225	0.516
207275	0.484
207325	0.452
207375	0.440
207425	0.420
207475	0.420
207525	0.472
207575	0.496
207625	0.512
207675	0.488
207725	0.536
207775	0.548
207825	0.552
207875	0.536
207925	0.572
207975	0.508
208025	0.440
208075	0.432
208125	0.432
208175	0.444
208225	0.484
208275	0.496
208325	0.516
208375	0.536
208425	0.520
208475	0.508
208525	0.520
208575	0.472
208625	0.492
208675	0.532
208725	0.592
208775	0.604
208825	0.664
208875	0.656
208925	0.640
208975	0.584
209025	0.536
209075	0.528
209125	0.568
209175	0.592
209225	0.628
209275	0.692
209325	0.720
209375	0.700
209425	0.680
209475	0.684
209525	0.672
209575	0.652
209625	0.652
209675	0.648
209725	0.600
209775	0.540
209825	0.480
209875	0.436
209925	0.412
209975	0.412
210025	0.448
210075	0.428
210125	0.424
210175	0.412
210225	0.396
210275	0.356
210325	0.372
210375	0.392
210425	0.400
210475	0.416
210525	0.448
210575	0.448
210625	0.440
210675	0.480
210725	0.488
210775	0.508
210825	0.564
210875	0.560
210925	0.544
210975	0.560
211025	0.572
211075	0.584
211125	0.604
211175	0.612
211225	0.624
211275	0.620
211325	0.596
211375	0.592
211425	0.588
211475	0.576
211525	0.580
211575	0.592
211625	0.604
211675	0.596
211725	0.608
211775	0.600
211825	0.584
211875	0.588
211925	0.596
211975	0.592
212025	0.608
212075	0.604
212125	0.604
212175	0.612
212225	0.628
212275	0.620
212325	0.632
212375	0.636
212425	0.620
212475	0.616
212525	0.608
212575	0.608
212625	0.552
212675	0.548
212725	0.516
212775	0.476
212825	0.444
212875	0.460
212925	0.472
212975	0.492
213025	0.524
213075	0.560
213125	0.596
213175	0.596
213225	0.572
213275	0.564
213325	0.532
213375	0.504
213425	0.476
213475	0.472
213525	0.480
213575	0.484
213625	0.468
213675	0.476
213725	0.472
213775	0.468
213825	0.476
213875	0.500
213925	0.516
213975	0.524
214025	0.504
214075	0.516
214125	0.492
214175	0.456
214225	0.452
214275	0.496
214325	0.508
214375	0.536
214425	0.536
214475	0.556
214525	0.548
214575	0.524
214625	0.484
214675	0.508
214725	0.508
214775	0.476
214825	0.484
214875	0.556
214925	0.580
214975	0.568
215025	0.600
215075	0.616
215125	0.576
215175	0.548
215225	0.584
215275	0.564
215325	0.556
215375	0.548
215425	0.540
215475	0.480
215525	0.476
215575	0.484
215625	0.488
215675	0.488
215725	0.544
215775	0.564
215825	0.568
215875	0.592
215925	0.624
215975	0.588
216025	0.588
216075	0.532
216125	0.476
216175	0.432
216225	0.436
216275	0.428
216325	0.396
216375	0.396
216425	0.400
216475	0.392
216525	0.380
216575	0.416
216625	0.460
216675	0.468
216725	0.440
216775	0.420
216825	0.432
216875	0.424
216925	0.448
216975	0.512
217025	0.548
217075	0.572
217125	0.564
217175	0.560
217225	0.552
217275	0.560
217325	0.552
217375	0.568
217425	0.560
217475	0.544
217525	0.536
217575	0.532
217625	0.532
217675	0.516
217725	0.536
217775	0.504
217825	0.512
217875	0.492
217925	0.524
217975	0.504
218025	0.516
218075	0.500
218125	0.508
218175	0.476
218225	0.476
218275	0.464
218325	0.456
218375	0.472
218425	0.484
218475	0.500
218525	0.508
218575	0.540
218625	0.544
218675	0.564
218725	0.568
218775	0.580
218825	0.592
218875	0.588
218925	0.564
218975	0.544
219025	0.540
219075	0.492
219125	0.492
219175	0.512
219225	0.516
219275	0.520
219325	0.512
219375	0.476
219425	0.452
219475	0.440
219525	0.432
219575	0.448
219625	0.460
219675	0.464
219725	0.440
219775	0.432
219825	0.424
219875	0.420
219925	0.388
219975	0.428
220025	0.432
220075	0.432
220125	0.452
220175	0.464
220225	0.440
220275	0.476
220325	0.488
220375	0.472
220425	0.492
220475	0.504
220525	0.472
220575	0.476
220625	0.476
220675	0.468
220725	0.460
220775	0.472
220825	0.456
220875	0.472
220925	0.484
220975	0.500
221025	0.480
221075	0.472
221125	0.432
221175	0.436
221225	0.432
221275	0.428
221325	0.472
221375	0.492
221425	0.472
221475	0.456
221525	0.468
221575	0.436
221625	0.460
221675	0.456
221725	0.468
221775	0.480
221825	0.500
221875	0.488
221925	0.496
221975	0.488
222025	0.476
222075	0.448
222125	0.468
222175	0.476
222225	0.480
222275	0.480
222325	0.492
222375	0.464
222425	0.468
222475	0.484
222525	0.464
222575	0.472
222625	0.472
222675	0.452
222725	0.440
222775	0.488
222825	0.448
222875	0.428
222925	0.444
222975	0.440
223025	0.392
223075	0.416
223125	0.440
223175	0.440
223225	0.456
223275	0.484
223325	0.488
223375	0.476
223425	0.472
223475	0.452
223525	0.452
223575	0.464
223625	0.484
223675	0.476
223725	0.460
223775	0.444
223825	0.428
223875	0.452
223925	0.456
223975	0.464
224025	0.460
224075	0.496
224125	0.460
224175	0.448
224225	0.464
224275	0.476
224325	0.464
224375	0.472
224425	0.488
224475	0.496
224525	0.520
224575	0.508
224625	0.504
224675	0.496
224725	0.488
224775	0.452
224825	0.456
224875	0.468
224925	0.492
224975	0.484
225025	0.524
225075	0.544
225125	0.540
225175	0.520
225225	0.520
225275	0.504
225325	0.480
225375	0.492
225425	0.496
225475	0.460
225525	0.456
225575	0.436
225625	0.420
225675	0.416
225725	0.456
225775	0.444
225825	0.464
225875	0.440
225925	0.460
225975	0.456
226025	0.468
226075	0.476
226125	0.492
226175	0.484
226225	0.476
226275	0.460
226325	0.464
226375	0.424
226425	0.448
226475	0.448
226525	0.432
226575	0.436
226625	0.488
226675	0.448
226725	0.432
226775	0.480
226825	0.484
226875	0.444
226925	0.456
226975	0.492
227025	0.476
227075	0.440
227125	0.480
227175	0.468
227225	0.444
227275	0.420
227325	0.440
227375	0.400
227425	0.384
227475	0.404
227525	0.396
227575	0.388
227625	0.416
227675	0.448
227725	0.440
227775	0.444
227825	0.432
227875	0.412
227925	0.400
227975	0.396
228025	0.404
228075	0.388
228125	0.376
228175	0.376
228225	0.348
228275	0.356
228325	0.384
228375	0.400
228425	0.384
228475	0.420
228525	0.396
228575	0.400
228625	0.396
228675	0.416
228725	0.404
228775	0.420
228825	0.412
228875	0.400
228925	0.368
228975	0.364
229025	0.352
229075	0.348
229125	0.384
229175	0.416
229225	0.420
229275	0.424
229325	0.444
229375	0.428
229425	0.428
229475	0.428
229525	0.420
229575	0.412
229625	0.416
229675	0.428
229725	0.420
229775	0.452
229825	0.468
229875	0.472
229925	0.468
229975	0.472
230025	0.480
230075	0.460
230125	0.460
230175	0.448
230225	0.460
230275	0.436
230325	0.452
230375	0.460
230425	0.480
230475	0.480
230525	0.516
230575	0.508
230625	0.512
230675	0.500
230725	0.520
230775	0.480
230825	0.480
230875	0.460
230925	0.464
230975	0.440
231025	0.492
231075	0.496
231125	0.492
231175	0.472
231225	0.464
231275	0.432
231325	0.416
231375	0.448
231425	0.468
231475	0.480
231525	0.460
231575	0.468
231625	0.468
231675	0.452
231725	0.476
231775	0.504
231825	0.484
231875	0.452
231925	0.468
231975	0.444
232025	0.440
232075	0.468
232125	0.480
232175	0.468
232225	0.476
232275	0.456
232325	0.436
232375	0.428
232425	0.444
232475	0.400
232525	0.400
232575	0.380
232625	0.380
232675	0.372
232725	0.380
232775	0.404
232825	0.432
232875	0.416
232925	0.396
232975	0.404
233025	0.416
233075	0.404
233125	0.408
233175	0.400
233225	0.400
233275	0.356
233325	0.368
233375	0.380
233425	0.392
233475	0.420
233525	0.468
233575	0.508
233625	0.552
233675	0.584
233725	0.600
233775	0.584
233825	0.572
233875	0.552
233925	0.516
233975	0.524
234025	0.524
234075	0.512
234125	0.524
234175	0.572
234225	0.512
234275	0.492
234325	0.492
234375	0.476
234425	0.452
234475	0.476
234525	0.504
234575	0.500
234625	0.492
234675	0.472
234725	0.480
234775	0.464
234825	0.480
234875	0.484
234925	0.492
234975	0.500
235025	0.472
235075	0.444
235125	0.468
235175	0.504
235225	0.500
235275	0.552
235325	0.556
235375	0.572
235425	0.596
235475	0.612
235525	0.608
235575	0.608
235625	0.584
235675	0.552
235725	0.532
235775	0.512
235825	0.524
235875	0.508
235925	0.508
235975	0.540
236025	0.560
236075	0.576
236125	0.584
236175	0.584
236225	0.564
236275	0.564
236325	0.544
236375	0.560
236425	0.552
236475	0.548
236525	0.536
236575	0.540
236625	0.548
236675	0.556
236725	0.580
236775	0.556
236825	0.552
236875	0.520
236925	0.532
236975	0.496
237025	0.512
237075	0.516
237125	0.540
237175	0.528
237225	0.548
237275	0.520
237325	0.516
237375	0.508
237425	0.492
237475	0.472
237525	0.500
237575	0.484
237625	0.500
237675	0.508
237725	0.500
237775	0.492
237825	0.532
237875	0.536
237925	0.552
237975	0.592
238025	0.632
238075	0.624
238125	0.620
238175	0.624
238225	0.612
238275	0.604
238325	0.608
238375	0.596
238425	0.620
238475	0.616
238525	0.612
238575	0.620
238625	0.588
238675	0.536
238725	0.568
238775	0.564
238825	0.540
238875	0.576
238925	0.596
238975	0.584
239025	0.584
239075	0.576
239125	0.576
239175	0.556
239225	0.524
239275	0.512
239325	0.520
239375	0.524
239425	0.528
239475	0.536
239525	0.544
239575	0.552
239625	0.536
239675	0.496
239725	0.480
239775	0.464
239825	0.436
239875	0.420
239925	0.492
239975	0.508
240025	0.504
240075	0.528
240125	0.536
240175	0.504
240225	0.512
240275	0.544
240325	0.540
240375	0.548
240425	0.544
240475	0.564
240525	0.564
240575	0.568
240625	0.580
240675	0.600
240725	0.584
240775	0.568
240825	0.576
240875	0.560
240925	0.544
240975	0.536
241025	0.548
241075	0.572
241125	0.572
241175	0.588
241225	0.568
241275	0.576
241325	0.544
241375	0.556
241425	0.528
241475	0.508
241525	0.464
241575	0.444
241625	0.392
241675	0.396
241725	0.436
241775	0.452
241825	0.468
241875	0.520
241925	0.500
241975	0.488
242025	0.468
242075	0.464
242125	0.464
242175	0.456
242225	0.448
242275	0.456
242325	0.444
242375	0.420
242425	0.404
242475	0.392
242525	0.412
242575	0.440
242625	0.468
242675	0.504
242725	0.532
242775	0.536
242825	0.564
242875	0.564
242925	0.572
242975	0.584
243025	0.596
243075	0.564
243125	0.532
243175	0.528
243225	0.544
243275	0.532
243325	0.512
243375	0.540
243425	0.544
243475	0.516
243525	0.528
243575	0.528
243625	0.496
243675	0.492
243725	0.500
243775	0.484
243825	0.492
243875	0.540
243925	0.568
243975	0.572
244025	0.600
244075	0.608
244125	0.596
244175	0.596
244225	0.584
244275	0.580
244325	0.584
244375	0.564
244425	0.548
244475	0.564
244525	0.532
244575	0.484
244625	0.464
244675	0.456
244725	0.404
244775	0.380
244825	0.404
244875	0.448
244925	0.448
244975	0.456
245025	0.464
245075	0.500
245125	0.484
245175	0.484
245225	0.500
245275	0.528
245325	0.508
245375	0.508
245425	0.524
245475	0.544
245525	0.496
245575	0.500
245625	0.500
245675	0.488
245725	0.480
245775	0.540
245825	0.524
245875	0.508
245925	0.504
245975	0.484
246025	0.472
246075	0.480
246125	0.500
246175	0.504
246225	0.536
246275	0.540
246325	0.528
246375	0.532
246425	0.500
246475	0.476
246525	0.452
246575	0.468
246625	0.464
246675	0.496
246725	0.524
246775	0.544
246825	0.568
246875	0.548
246925	0.556
246975	0.552
247025	0.556
247075	0.544
247125	0.576
247175	0.612
247225	0.604
247275	0.600
247325	0.576
247375	0.540
247425	0.484
247475	0.488
247525	0.500
247575	0.516
247625	0.540
247675	0.572
247725	0.588
247775	0.588
247825	0.600
247875	0.600
247925	0.604
247975	0.588
248025	0.548
248075	0.536
248125	0.528
248175	0.500
248225	0.492
248275	0.516
248325	0.532
248375	0.520
248425	0.500
248475	0.492
248525	0.500
248575	0.476
248625	0.468
248675	0.492
248725	0.492
248775	0.508
248825	0.508
248875	0.560
248925	0.580
248975	0.596
249025	0.588
249075	0.620
249125	0.604
249175	0.616
249225	0.592
249275	0.584
249325	0.576
249375	0.576
249425	0.588
249475	0.600
249525	0.612
249575	0.616
249625	0.636
249675	0.608
249725	0.620
249775	0.612
249825	0.596
249875	0.596
249925	0.580
249975	0.604
250025	0.612
250075	0.620
250125	0.596
250175	0.596
250225	0.544
250275	0.536
250325	0.540
250375	0.588
250425	0.612
250475	0.664
250525	0.692
250575	0.716
250625	0.680
250675	0.676
250725	0.660
250775	0.624
250825	0.560
250875	0.536
250925	0.512
250975	0.444
251025	0.408
251075	0.420
251125	0.424
251175	0.424
251225	0.456
251275	0.452
251325	0.440
251375	0.420
251425	0.384
251475	0.396
251525	0.428
251575	0.452
251625	0.480
251675	0.480
251725	0.492
251775	0.496
251825	0.460
251875	0.416
251925	0.468
251975	0.444
252025	0.432
252075	0.460
252125	0.516
252175	0.520
252225	0.544
252275	0.516
252325	0.496
252375	0.464
252425	0.476
252475	0.476
252525	0.536
252575	0.568
252625	0.580
252675	0.564
252725	0.552
252775	0.520
252825	0.492
252875	0.488
252925	0.484
252975	0.500
253025	0.504
253075	0.548
253125	0.516
253175	0.492
253225	0.456
253275	0.444
253325	0.392
253375	0.412
253425	0.408
253475	0.420
253525	0.420
253575	0.408
253625	0.380
253675	0.364
253725	0.376
253775	0.388
253825	0.352
253875	0.300
253925	0.252
253975	0.164
254025	0.084
254075	0.104
254125	0.120
254175	0.128
254225	0.128
254275	0.124
254325	0.088
254375	0.084
254425	0.064
254475	0.064
254525	0.052
254575	0.052
254625	0.064
254675	0.088
254725	0.096
254775	0.120
254825	0.124
254875	0.108
254925	0.092
254975	0.072
255025	0.068
255075	0.072
255125	0.064
255175	0.056
255225	0.072
255275	0.068
255325	0.052
255375	0.052
255425	0.072
255475	0.060
255525	0.052
255575	0.072
255625	0.064
255675	0.060
255725	0.064
255775	0.076
255825	0.080
255875	0.096
255925	0.092
255975	0.100
256025	0.092
256075	0.080
256125	0.060
256175	0.060
256225	0.064
256275	0.060
256325	0.128
256375	0.208
256425	0.232
256475	0.220
256525	0.252
256575	0.208
256625	0.152
256675	0.176
256725	0.216
256775	0.256
256825	0.260
256875	0.276
256925	0.260
256975	0.288
257025	0.268
257075	0.260
257125	0.280
257175	0.296
257225	0.292
257275	0.276
257325	0.280
257375	0.268
257425	0.260
257475	0.244
257525	0.252
257575	0.256
257625	0.252
257675	0.244
257725	0.248
257775	0.208
257825	0.200
257875	0.192
257925	0.176
257975	0.156
258025	0.164
258075	0.172
258125	0.200
258175	0.204
258225	0.236
258275	0.260
258325	0.252
258375	0.232
258425	0.256
258475	0.216
258525	0.244
258575	0.252
258625	0.276
258675	0.288
258725	0.344
258775	0.320
258825	0.332
258875	0.340
258925	0.316
258975	0.248
259025	0.240
259075	0.224
259125	0.192
259175	0.188
259225	0.188
259275	0.216
259325	0.220
259375	0.240
259425	0.260
259475	0.292
259525	0.252
259575	0.268
259625	0.236
259675	0.208
259725	0.216
259775	0.264
259825	0.276
259875	0.276
259925	0.304
259975	0.308
260025	0.284
260075	0.276
260125	0.284
260175	0.256
260225	0.240
260275	0.224
260325	0.180
260375	0.172
260425	0.160
260475	0.148
260525	0.140
260575	0.172
260625	0.176
260675	0.204
260725	0.216
260775	0.220
260825	0.216
260875	0.244
260925	0.264
260975	0.252
261025	0.244
261075	0.228
261125	0.216
261175	0.188
261225	0.204
261275	0.224
261325	0.232
261375	0.224
261425	0.192
261475	0.156
261525	0.140
261575	0.108
261625	0.112
261675	0.156
261725	0.224
261775	0.272
261825	0.328
261875	0.360
261925	0.352
261975	0.324
262025	0.276
262075	0.252
262125	0.220
262175	0.200
262225	0.196
262275	0.236
262325	0.276
262375	0.280
262425	0.296
262475	0.300
262525	0.272
262575	0.244
262625	0.264
262675	0.280
262725	0.268
