Position	Percent G+C 1 .. 308501
125	0.008
175	0.012
225	0.020
275	0.016
325	0.020
375	0.028
425	0.028
475	0.032
525	0.036
575	0.032
625	0.020
675	0.016
725	0.008
775	0.008
825	0.016
875	0.016
925	0.016
975	0.020
1025	0.020
1075	0.016
1125	0.024
1175	0.024
1225	0.016
1275	0.012
1325	0.024
1375	0.044
1425	0.056
1475	0.068
1525	0.092
1575	0.156
1625	0.200
1675	0.280
1725	0.360
1775	0.432
1825	0.424
1875	0.456
1925	0.480
1975	0.472
2025	0.456
2075	0.484
2125	0.480
2175	0.460
2225	0.448
2275	0.464
2325	0.436
2375	0.384
2425	0.324
2475	0.288
2525	0.268
2575	0.296
2625	0.336
2675	0.424
2725	0.488
2775	0.528
2825	0.528
2875	0.560
2925	0.516
2975	0.500
3025	0.492
3075	0.504
3125	0.500
3175	0.512
3225	0.532
3275	0.512
3325	0.504
3375	0.484
3425	0.480
3475	0.468
3525	0.476
3575	0.480
3625	0.488
3675	0.476
3725	0.484
3775	0.488
3825	0.492
3875	0.500
3925	0.516
3975	0.528
4025	0.552
4075	0.544
4125	0.528
4175	0.552
4225	0.548
4275	0.520
4325	0.532
4375	0.520
4425	0.488
4475	0.480
4525	0.480
4575	0.484
4625	0.500
4675	0.512
4725	0.500
4775	0.496
4825	0.492
4875	0.496
4925	0.476
4975	0.500
5025	0.508
5075	0.516
5125	0.512
5175	0.544
5225	0.516
5275	0.484
5325	0.432
5375	0.428
5425	0.412
5475	0.432
5525	0.428
5575	0.432
5625	0.404
5675	0.404
5725	0.396
5775	0.412
5825	0.412
5875	0.424
5925	0.408
5975	0.388
6025	0.404
6075	0.408
6125	0.400
6175	0.416
6225	0.436
6275	0.444
6325	0.452
6375	0.488
6425	0.492
6475	0.500
6525	0.484
6575	0.500
6625	0.476
6675	0.496
6725	0.480
6775	0.512
6825	0.516
6875	0.532
6925	0.524
6975	0.548
7025	0.520
7075	0.508
7125	0.500
7175	0.476
7225	0.452
7275	0.444
7325	0.460
7375	0.448
7425	0.480
7475	0.468
7525	0.476
7575	0.444
7625	0.480
7675	0.448
7725	0.472
7775	0.452
7825	0.476
7875	0.472
7925	0.436
7975	0.404
8025	0.448
8075	0.436
8125	0.396
8175	0.416
8225	0.420
8275	0.384
8325	0.380
8375	0.408
8425	0.412
8475	0.420
8525	0.440
8575	0.460
8625	0.452
8675	0.468
8725	0.484
8775	0.488
8825	0.496
8875	0.520
8925	0.528
8975	0.536
9025	0.532
9075	0.524
9125	0.496
9175	0.476
9225	0.468
9275	0.472
9325	0.500
9375	0.488
9425	0.516
9475	0.520
9525	0.512
9575	0.452
9625	0.496
9675	0.488
9725	0.496
9775	0.500
9825	0.528
9875	0.504
9925	0.492
9975	0.476
10025	0.468
10075	0.448
10125	0.460
10175	0.460
10225	0.444
10275	0.436
10325	0.456
10375	0.448
10425	0.480
10475	0.508
10525	0.532
10575	0.540
10625	0.532
10675	0.512
10725	0.484
10775	0.468
10825	0.464
10875	0.468
10925	0.464
10975	0.476
11025	0.472
11075	0.500
11125	0.512
11175	0.520
11225	0.512
11275	0.508
11325	0.468
11375	0.456
11425	0.440
11475	0.440
11525	0.464
11575	0.448
11625	0.428
11675	0.424
11725	0.448
11775	0.432
11825	0.460
11875	0.484
11925	0.512
11975	0.524
12025	0.536
12075	0.540
12125	0.552
12175	0.568
12225	0.556
12275	0.548
12325	0.560
12375	0.560
12425	0.556
12475	0.592
12525	0.628
12575	0.628
12625	0.628
12675	0.632
12725	0.608
12775	0.564
12825	0.556
12875	0.580
12925	0.548
12975	0.512
13025	0.508
13075	0.500
13125	0.444
13175	0.464
13225	0.496
13275	0.520
13325	0.516
13375	0.548
13425	0.536
13475	0.500
13525	0.504
13575	0.468
13625	0.472
13675	0.520
13725	0.548
13775	0.528
13825	0.580
13875	0.576
13925	0.548
13975	0.552
14025	0.584
14075	0.552
14125	0.540
14175	0.548
14225	0.536
14275	0.516
14325	0.536
14375	0.544
14425	0.536
14475	0.552
14525	0.552
14575	0.512
14625	0.504
14675	0.480
14725	0.476
14775	0.472
14825	0.496
14875	0.504
14925	0.512
14975	0.528
15025	0.516
15075	0.548
15125	0.508
15175	0.508
15225	0.464
15275	0.444
15325	0.416
15375	0.436
15425	0.432
15475	0.444
15525	0.472
15575	0.476
15625	0.512
15675	0.508
15725	0.524
15775	0.536
15825	0.524
15875	0.500
15925	0.516
15975	0.512
16025	0.484
16075	0.492
16125	0.472
16175	0.476
16225	0.464
16275	0.500
16325	0.488
16375	0.512
16425	0.488
16475	0.488
16525	0.484
16575	0.492
16625	0.492
16675	0.476
16725	0.468
16775	0.476
16825	0.484
16875	0.484
16925	0.504
16975	0.516
17025	0.496
17075	0.528
17125	0.536
17175	0.564
17225	0.588
17275	0.584
17325	0.552
17375	0.536
17425	0.520
17475	0.484
17525	0.480
17575	0.496
17625	0.496
17675	0.476
17725	0.484
17775	0.476
17825	0.444
17875	0.444
17925	0.460
17975	0.444
18025	0.452
18075	0.456
18125	0.464
18175	0.440
18225	0.460
18275	0.432
18325	0.436
18375	0.412
18425	0.436
18475	0.452
18525	0.480
18575	0.480
18625	0.504
18675	0.500
18725	0.508
18775	0.516
18825	0.508
18875	0.524
18925	0.504
18975	0.468
19025	0.452
19075	0.444
19125	0.424
19175	0.412
19225	0.408
19275	0.456
19325	0.492
19375	0.516
19425	0.556
19475	0.556
19525	0.540
19575	0.532
19625	0.488
19675	0.464
19725	0.468
19775	0.468
19825	0.476
19875	0.504
19925	0.516
19975	0.536
20025	0.532
20075	0.504
20125	0.500
20175	0.480
20225	0.480
20275	0.464
20325	0.492
20375	0.488
20425	0.492
20475	0.484
20525	0.472
20575	0.460
20625	0.448
20675	0.464
20725	0.464
20775	0.476
20825	0.488
20875	0.520
20925	0.516
20975	0.508
21025	0.516
21075	0.500
21125	0.472
21175	0.500
21225	0.516
21275	0.480
21325	0.476
21375	0.480
21425	0.476
21475	0.464
21525	0.504
21575	0.508
21625	0.508
21675	0.504
21725	0.504
21775	0.496
21825	0.488
21875	0.472
21925	0.444
21975	0.456
22025	0.452
22075	0.440
22125	0.456
22175	0.460
22225	0.452
22275	0.428
22325	0.448
22375	0.448
22425	0.448
22475	0.460
22525	0.496
22575	0.492
22625	0.508
22675	0.516
22725	0.496
22775	0.492
22825	0.492
22875	0.476
22925	0.464
22975	0.480
23025	0.484
23075	0.504
23125	0.504
23175	0.520
23225	0.520
23275	0.500
23325	0.480
23375	0.472
23425	0.464
23475	0.448
23525	0.460
23575	0.440
23625	0.428
23675	0.404
23725	0.404
23775	0.380
23825	0.412
23875	0.432
23925	0.444
23975	0.444
24025	0.472
24075	0.448
24125	0.468
24175	0.488
24225	0.488
24275	0.468
24325	0.480
24375	0.476
24425	0.456
24475	0.484
24525	0.480
24575	0.480
24625	0.468
24675	0.500
24725	0.484
24775	0.496
24825	0.544
24875	0.548
24925	0.528
24975	0.520
25025	0.548
25075	0.536
25125	0.524
25175	0.516
25225	0.512
25275	0.492
25325	0.436
25375	0.384
25425	0.344
25475	0.292
25525	0.252
25575	0.220
25625	0.284
25675	0.352
25725	0.432
25775	0.472
25825	0.520
25875	0.524
25925	0.516
25975	0.508
26025	0.536
26075	0.540
26125	0.560
26175	0.560
26225	0.564
26275	0.548
26325	0.548
26375	0.524
26425	0.516
26475	0.540
26525	0.528
26575	0.564
26625	0.556
26675	0.532
26725	0.488
26775	0.480
26825	0.448
26875	0.428
26925	0.456
26975	0.476
27025	0.500
27075	0.500
27125	0.540
27175	0.536
27225	0.528
27275	0.508
27325	0.512
27375	0.484
27425	0.484
27475	0.456
27525	0.428
27575	0.392
27625	0.360
27675	0.336
27725	0.336
27775	0.384
27825	0.424
27875	0.480
27925	0.496
27975	0.524
28025	0.500
28075	0.512
28125	0.500
28175	0.520
28225	0.520
28275	0.532
28325	0.500
28375	0.496
28425	0.512
28475	0.492
28525	0.516
28575	0.536
28625	0.536
28675	0.524
28725	0.548
28775	0.524
28825	0.532
28875	0.560
28925	0.564
28975	0.560
29025	0.572
29075	0.564
29125	0.532
29175	0.508
29225	0.504
29275	0.480
29325	0.456
29375	0.468
29425	0.508
29475	0.500
29525	0.496
29575	0.496
29625	0.496
29675	0.476
29725	0.480
29775	0.492
29825	0.508
29875	0.532
29925	0.524
29975	0.508
30025	0.480
30075	0.476
30125	0.456
30175	0.472
30225	0.480
30275	0.520
30325	0.504
30375	0.488
30425	0.496
30475	0.528
30525	0.524
30575	0.564
30625	0.584
30675	0.564
30725	0.564
30775	0.560
30825	0.520
30875	0.528
30925	0.512
30975	0.504
31025	0.500
31075	0.520
31125	0.508
31175	0.540
31225	0.520
31275	0.524
31325	0.536
31375	0.540
31425	0.512
31475	0.532
31525	0.508
31575	0.496
31625	0.472
31675	0.480
31725	0.452
31775	0.476
31825	0.480
31875	0.496
31925	0.484
31975	0.488
32025	0.472
32075	0.476
32125	0.488
32175	0.472
32225	0.508
32275	0.520
32325	0.492
32375	0.472
32425	0.488
32475	0.456
32525	0.456
32575	0.488
32625	0.492
32675	0.476
32725	0.464
32775	0.428
32825	0.380
32875	0.376
32925	0.372
32975	0.392
33025	0.436
33075	0.464
33125	0.472
33175	0.492
33225	0.484
33275	0.464
33325	0.464
33375	0.472
33425	0.496
33475	0.484
33525	0.484
33575	0.488
33625	0.480
33675	0.452
33725	0.456
33775	0.468
33825	0.464
33875	0.432
33925	0.444
33975	0.460
34025	0.416
34075	0.396
34125	0.396
34175	0.404
34225	0.420
34275	0.496
34325	0.520
34375	0.556
34425	0.560
34475	0.572
34525	0.560
34575	0.560
34625	0.564
34675	0.592
34725	0.576
34775	0.556
34825	0.564
34875	0.556
34925	0.528
34975	0.536
35025	0.552
35075	0.568
35125	0.572
35175	0.572
35225	0.560
35275	0.528
35325	0.496
35375	0.452
35425	0.416
35475	0.380
35525	0.384
35575	0.368
35625	0.388
35675	0.396
35725	0.408
35775	0.424
35825	0.440
35875	0.440
35925	0.456
35975	0.472
36025	0.448
36075	0.440
36125	0.448
36175	0.456
36225	0.456
36275	0.472
36325	0.500
36375	0.492
36425	0.484
36475	0.476
36525	0.480
36575	0.468
36625	0.472
36675	0.476
36725	0.464
36775	0.452
36825	0.460
36875	0.492
36925	0.448
36975	0.472
37025	0.464
37075	0.452
37125	0.428
37175	0.452
37225	0.448
37275	0.452
37325	0.456
37375	0.448
37425	0.472
37475	0.476
37525	0.492
37575	0.492
37625	0.504
37675	0.460
37725	0.452
37775	0.440
37825	0.444
37875	0.456
37925	0.492
37975	0.488
38025	0.512
38075	0.548
38125	0.536
38175	0.544
38225	0.564
38275	0.572
38325	0.568
38375	0.564
38425	0.560
38475	0.536
38525	0.520
38575	0.484
38625	0.492
38675	0.476
38725	0.496
38775	0.492
38825	0.504
38875	0.516
38925	0.556
38975	0.536
39025	0.540
39075	0.540
39125	0.524
39175	0.508
39225	0.528
39275	0.532
39325	0.532
39375	0.548
39425	0.544
39475	0.548
39525	0.560
39575	0.540
39625	0.540
39675	0.524
39725	0.496
39775	0.464
39825	0.472
39875	0.468
39925	0.464
39975	0.468
40025	0.480
40075	0.484
40125	0.484
40175	0.488
40225	0.492
40275	0.480
40325	0.476
40375	0.448
40425	0.468
40475	0.476
40525	0.496
40575	0.496
40625	0.508
40675	0.508
40725	0.500
40775	0.532
40825	0.536
40875	0.532
40925	0.504
40975	0.520
41025	0.460
41075	0.472
41125	0.504
41175	0.544
41225	0.516
41275	0.540
41325	0.528
41375	0.480
41425	0.416
41475	0.424
41525	0.396
41575	0.380
41625	0.412
41675	0.432
41725	0.444
41775	0.460
41825	0.472
41875	0.468
41925	0.488
41975	0.508
42025	0.532
42075	0.544
42125	0.532
42175	0.556
42225	0.556
42275	0.544
42325	0.552
42375	0.584
42425	0.572
42475	0.544
42525	0.532
42575	0.484
42625	0.452
42675	0.460
42725	0.448
42775	0.456
42825	0.448
42875	0.416
42925	0.360
42975	0.352
43025	0.336
43075	0.360
43125	0.372
43175	0.380
43225	0.388
43275	0.388
43325	0.396
43375	0.456
43425	0.472
43475	0.512
43525	0.556
43575	0.576
43625	0.516
43675	0.548
43725	0.548
43775	0.544
43825	0.548
43875	0.588
43925	0.580
43975	0.576
44025	0.564
44075	0.576
44125	0.568
44175	0.556
44225	0.544
44275	0.500
44325	0.484
44375	0.476
44425	0.456
44475	0.452
44525	0.460
44575	0.448
44625	0.436
44675	0.476
44725	0.480
44775	0.520
44825	0.512
44875	0.512
44925	0.468
44975	0.460
45025	0.420
45075	0.416
45125	0.416
45175	0.420
45225	0.416
45275	0.436
45325	0.448
45375	0.476
45425	0.488
45475	0.504
45525	0.544
45575	0.560
45625	0.556
45675	0.556
45725	0.520
45775	0.500
45825	0.496
45875	0.484
45925	0.488
45975	0.480
46025	0.432
46075	0.424
46125	0.428
46175	0.416
46225	0.424
46275	0.440
46325	0.404
46375	0.376
46425	0.376
46475	0.384
46525	0.384
46575	0.384
46625	0.400
46675	0.400
46725	0.404
46775	0.408
46825	0.436
46875	0.432
46925	0.444
46975	0.456
47025	0.488
47075	0.508
47125	0.528
47175	0.516
47225	0.528
47275	0.520
47325	0.512
47375	0.528
47425	0.544
47475	0.528
47525	0.532
47575	0.524
47625	0.508
47675	0.512
47725	0.500
47775	0.492
47825	0.516
47875	0.528
47925	0.524
47975	0.560
48025	0.552
48075	0.528
48125	0.512
48175	0.508
48225	0.504
48275	0.492
48325	0.528
48375	0.536
48425	0.556
48475	0.540
48525	0.560
48575	0.532
48625	0.516
48675	0.504
48725	0.508
48775	0.520
48825	0.536
48875	0.544
48925	0.544
48975	0.556
49025	0.480
49075	0.384
49125	0.284
49175	0.180
49225	0.068
49275	0.028
49325	0.004
49375	0.016
49425	0.020
49475	0.020
49525	0.020
49575	0.020
49625	0.020
49675	0.020
49725	0.032
49775	0.040
49825	0.052
49875	0.048
49925	0.052
49975	0.044
50025	0.032
50075	0.024
50125	0.020
50175	0.016
50225	0.012
50275	0.012
50325	0.020
50375	0.036
50425	0.108
50475	0.180
50525	0.264
50575	0.360
50625	0.408
50675	0.408
50725	0.448
50775	0.464
50825	0.452
50875	0.488
50925	0.496
50975	0.484
51025	0.508
51075	0.548
51125	0.532
51175	0.532
51225	0.536
51275	0.500
51325	0.452
51375	0.464
51425	0.480
51475	0.472
51525	0.500
51575	0.520
51625	0.520
51675	0.524
51725	0.512
51775	0.488
51825	0.472
51875	0.468
51925	0.484
51975	0.488
52025	0.508
52075	0.508
52125	0.512
52175	0.488
52225	0.480
52275	0.456
52325	0.432
52375	0.436
52425	0.416
52475	0.408
52525	0.416
52575	0.444
52625	0.440
52675	0.468
52725	0.508
52775	0.560
52825	0.572
52875	0.576
52925	0.592
52975	0.616
53025	0.596
53075	0.608
53125	0.628
53175	0.644
53225	0.612
53275	0.592
53325	0.580
53375	0.580
53425	0.544
53475	0.572
53525	0.580
53575	0.576
53625	0.556
53675	0.552
53725	0.528
53775	0.492
53825	0.484
53875	0.496
53925	0.492
53975	0.492
54025	0.512
54075	0.528
54125	0.528
54175	0.548
54225	0.524
54275	0.492
54325	0.488
54375	0.464
54425	0.428
54475	0.436
54525	0.460
54575	0.452
54625	0.444
54675	0.492
54725	0.488
54775	0.524
54825	0.536
54875	0.544
54925	0.528
54975	0.524
55025	0.512
55075	0.508
55125	0.548
55175	0.576
55225	0.600
55275	0.600
55325	0.580
55375	0.556
55425	0.528
55475	0.520
55525	0.516
55575	0.536
55625	0.516
55675	0.504
55725	0.508
55775	0.512
55825	0.516
55875	0.532
55925	0.560
55975	0.572
56025	0.568
56075	0.576
56125	0.568
56175	0.564
56225	0.544
56275	0.520
56325	0.536
56375	0.532
56425	0.516
56475	0.512
56525	0.528
56575	0.480
56625	0.472
56675	0.460
56725	0.472
56775	0.496
56825	0.512
56875	0.512
56925	0.504
56975	0.512
57025	0.488
57075	0.460
57125	0.456
57175	0.476
57225	0.476
57275	0.492
57325	0.508
57375	0.532
57425	0.536
57475	0.536
57525	0.528
57575	0.528
57625	0.544
57675	0.544
57725	0.552
57775	0.536
57825	0.528
57875	0.508
57925	0.488
57975	0.444
58025	0.452
58075	0.436
58125	0.428
58175	0.444
58225	0.456
58275	0.416
58325	0.460
58375	0.436
58425	0.420
58475	0.424
58525	0.448
58575	0.460
58625	0.492
58675	0.500
58725	0.496
58775	0.520
58825	0.488
58875	0.492
58925	0.532
58975	0.560
59025	0.572
59075	0.584
59125	0.576
59175	0.572
59225	0.564
59275	0.544
59325	0.556
59375	0.592
59425	0.580
59475	0.556
59525	0.552
59575	0.540
59625	0.524
59675	0.476
59725	0.484
59775	0.480
59825	0.448
59875	0.400
59925	0.392
59975	0.416
60025	0.400
60075	0.448
60125	0.476
60175	0.512
60225	0.508
60275	0.524
60325	0.496
60375	0.488
60425	0.472
60475	0.452
60525	0.440
60575	0.424
60625	0.420
60675	0.440
60725	0.428
60775	0.416
60825	0.424
60875	0.436
60925	0.456
60975	0.476
61025	0.512
61075	0.516
61125	0.528
61175	0.504
61225	0.524
61275	0.512
61325	0.532
61375	0.528
61425	0.536
61475	0.500
61525	0.512
61575	0.508
61625	0.488
61675	0.464
61725	0.488
61775	0.484
61825	0.472
61875	0.456
61925	0.464
61975	0.440
62025	0.432
62075	0.432
62125	0.476
62175	0.496
62225	0.532
62275	0.560
62325	0.588
62375	0.580
62425	0.584
62475	0.580
62525	0.552
62575	0.532
62625	0.516
62675	0.484
62725	0.444
62775	0.460
62825	0.456
62875	0.456
62925	0.456
62975	0.488
63025	0.480
63075	0.504
63125	0.500
63175	0.524
63225	0.516
63275	0.504
63325	0.504
63375	0.500
63425	0.484
63475	0.488
63525	0.476
63575	0.456
63625	0.480
63675	0.500
63725	0.516
63775	0.544
63825	0.572
63875	0.576
63925	0.572
63975	0.576
64025	0.580
64075	0.552
64125	0.520
64175	0.496
64225	0.472
64275	0.452
64325	0.464
64375	0.476
64425	0.484
64475	0.476
64525	0.468
64575	0.440
64625	0.444
64675	0.472
64725	0.468
64775	0.472
64825	0.492
64875	0.496
64925	0.468
64975	0.476
65025	0.504
65075	0.496
65125	0.504
65175	0.508
65225	0.524
65275	0.536
65325	0.572
65375	0.608
65425	0.624
65475	0.640
65525	0.636
65575	0.636
65625	0.620
65675	0.620
65725	0.612
65775	0.612
65825	0.564
65875	0.484
65925	0.436
65975	0.412
66025	0.368
66075	0.368
66125	0.412
66175	0.448
66225	0.472
66275	0.508
66325	0.488
66375	0.488
66425	0.504
66475	0.472
66525	0.468
66575	0.508
66625	0.496
66675	0.476
66725	0.476
66775	0.460
66825	0.440
66875	0.460
66925	0.452
66975	0.452
67025	0.468
67075	0.488
67125	0.480
67175	0.496
67225	0.468
67275	0.436
67325	0.428
67375	0.432
67425	0.440
67475	0.528
67525	0.576
67575	0.632
67625	0.680
67675	0.692
67725	0.664
67775	0.656
67825	0.600
67875	0.588
67925	0.564
67975	0.540
68025	0.552
68075	0.568
68125	0.552
68175	0.560
68225	0.564
68275	0.552
68325	0.552
68375	0.548
68425	0.580
68475	0.612
68525	0.604
68575	0.620
68625	0.636
68675	0.592
68725	0.580
68775	0.560
68825	0.532
68875	0.524
68925	0.548
68975	0.540
69025	0.564
69075	0.568
69125	0.548
69175	0.508
69225	0.464
69275	0.444
69325	0.432
69375	0.424
69425	0.420
69475	0.432
69525	0.420
69575	0.424
69625	0.436
69675	0.452
69725	0.472
69775	0.500
69825	0.516
69875	0.504
69925	0.492
69975	0.504
70025	0.508
70075	0.480
70125	0.480
70175	0.496
70225	0.468
70275	0.448
70325	0.460
70375	0.472
70425	0.468
70475	0.492
70525	0.484
70575	0.484
70625	0.456
70675	0.436
70725	0.420
70775	0.452
70825	0.444
70875	0.480
70925	0.500
70975	0.528
71025	0.500
71075	0.520
71125	0.488
71175	0.488
71225	0.492
71275	0.520
71325	0.508
71375	0.568
71425	0.576
71475	0.572
71525	0.560
71575	0.584
71625	0.556
71675	0.564
71725	0.556
71775	0.556
71825	0.556
71875	0.532
71925	0.540
71975	0.544
72025	0.536
72075	0.528
72125	0.536
72175	0.536
72225	0.532
72275	0.556
72325	0.548
72375	0.556
72425	0.544
72475	0.516
72525	0.472
72575	0.424
72625	0.416
72675	0.396
72725	0.428
72775	0.452
72825	0.492
72875	0.488
72925	0.524
72975	0.528
73025	0.536
73075	0.548
73125	0.568
73175	0.568
73225	0.592
73275	0.600
73325	0.604
73375	0.584
73425	0.592
73475	0.528
73525	0.524
73575	0.524
73625	0.568
73675	0.552
73725	0.564
73775	0.512
73825	0.488
73875	0.424
73925	0.428
73975	0.440
74025	0.472
74075	0.520
74125	0.568
74175	0.580
74225	0.588
74275	0.592
74325	0.556
74375	0.572
74425	0.572
74475	0.556
74525	0.592
74575	0.604
74625	0.564
74675	0.552
74725	0.568
74775	0.540
74825	0.548
74875	0.584
74925	0.580
74975	0.560
75025	0.552
75075	0.540
75125	0.512
75175	0.488
75225	0.500
75275	0.516
75325	0.524
75375	0.524
75425	0.544
75475	0.552
75525	0.544
75575	0.552
75625	0.568
75675	0.568
75725	0.544
75775	0.532
75825	0.508
75875	0.500
75925	0.504
75975	0.524
76025	0.540
76075	0.540
76125	0.544
76175	0.552
76225	0.540
76275	0.524
76325	0.524
76375	0.516
76425	0.516
76475	0.552
76525	0.560
76575	0.532
76625	0.512
76675	0.456
76725	0.424
76775	0.428
76825	0.440
76875	0.440
76925	0.472
76975	0.488
77025	0.468
77075	0.468
77125	0.448
77175	0.404
77225	0.352
77275	0.324
77325	0.332
77375	0.352
77425	0.400
77475	0.440
77525	0.456
77575	0.452
77625	0.476
77675	0.472
77725	0.488
77775	0.524
77825	0.548
77875	0.540
77925	0.540
77975	0.540
78025	0.520
78075	0.520
78125	0.532
78175	0.548
78225	0.536
78275	0.568
78325	0.556
78375	0.544
78425	0.524
78475	0.528
78525	0.496
78575	0.496
78625	0.492
78675	0.488
78725	0.484
78775	0.512
78825	0.544
78875	0.568
78925	0.600
78975	0.628
79025	0.620
79075	0.612
79125	0.620
79175	0.640
79225	0.616
79275	0.596
79325	0.576
79375	0.568
79425	0.516
79475	0.512
79525	0.552
79575	0.540
79625	0.512
79675	0.524
79725	0.524
79775	0.500
79825	0.504
79875	0.516
79925	0.544
79975	0.532
80025	0.524
80075	0.540
80125	0.536
80175	0.500
80225	0.500
80275	0.504
80325	0.484
80375	0.520
80425	0.536
80475	0.524
80525	0.524
80575	0.520
80625	0.472
80675	0.476
80725	0.496
80775	0.496
80825	0.516
80875	0.516
80925	0.524
80975	0.536
81025	0.532
81075	0.524
81125	0.544
81175	0.524
81225	0.496
81275	0.480
81325	0.496
81375	0.488
81425	0.480
81475	0.508
81525	0.536
81575	0.524
81625	0.540
81675	0.544
81725	0.536
81775	0.508
81825	0.520
81875	0.496
81925	0.504
81975	0.492
82025	0.508
82075	0.480
82125	0.484
82175	0.480
82225	0.480
82275	0.472
82325	0.472
82375	0.468
82425	0.492
82475	0.492
82525	0.500
82575	0.532
82625	0.528
82675	0.508
82725	0.532
82775	0.520
82825	0.520
82875	0.520
82925	0.512
82975	0.476
83025	0.496
83075	0.472
83125	0.488
83175	0.480
83225	0.508
83275	0.516
83325	0.540
83375	0.544
83425	0.576
83475	0.564
83525	0.544
83575	0.524
83625	0.520
83675	0.504
83725	0.512
83775	0.516
83825	0.496
83875	0.492
83925	0.476
83975	0.484
84025	0.484
84075	0.524
84125	0.552
84175	0.560
84225	0.536
84275	0.540
84325	0.528
84375	0.496
84425	0.508
84475	0.500
84525	0.500
84575	0.492
84625	0.496
84675	0.496
84725	0.508
84775	0.492
84825	0.512
84875	0.512
84925	0.492
84975	0.488
85025	0.496
85075	0.472
85125	0.484
85175	0.480
85225	0.456
85275	0.452
85325	0.424
85375	0.388
85425	0.384
85475	0.404
85525	0.432
85575	0.476
85625	0.484
85675	0.492
85725	0.484
85775	0.472
85825	0.460
85875	0.464
85925	0.476
85975	0.516
86025	0.516
86075	0.508
86125	0.540
86175	0.540
86225	0.504
86275	0.484
86325	0.476
86375	0.464
86425	0.472
86475	0.488
86525	0.480
86575	0.496
86625	0.516
86675	0.520
86725	0.516
86775	0.548
86825	0.576
86875	0.556
86925	0.544
86975	0.556
87025	0.528
87075	0.512
87125	0.496
87175	0.500
87225	0.500
87275	0.548
87325	0.544
87375	0.560
87425	0.568
87475	0.524
87525	0.484
87575	0.472
87625	0.452
87675	0.432
87725	0.460
87775	0.428
87825	0.452
87875	0.460
87925	0.460
87975	0.424
88025	0.504
88075	0.492
88125	0.508
88175	0.500
88225	0.576
88275	0.556
88325	0.564
88375	0.564
88425	0.576
88475	0.524
88525	0.508
88575	0.504
88625	0.500
88675	0.516
88725	0.544
88775	0.528
88825	0.524
88875	0.524
88925	0.516
88975	0.488
89025	0.492
89075	0.492
89125	0.480
89175	0.452
89225	0.452
89275	0.452
89325	0.436
89375	0.440
89425	0.480
89475	0.516
89525	0.512
89575	0.504
89625	0.524
89675	0.528
89725	0.532
89775	0.572
89825	0.600
89875	0.604
89925	0.616
89975	0.624
90025	0.600
90075	0.560
90125	0.500
90175	0.456
90225	0.412
90275	0.380
90325	0.408
90375	0.444
90425	0.460
90475	0.464
90525	0.472
90575	0.484
90625	0.528
90675	0.536
90725	0.532
90775	0.548
90825	0.536
90875	0.476
90925	0.472
90975	0.484
91025	0.492
91075	0.476
91125	0.512
91175	0.452
91225	0.456
91275	0.432
91325	0.460
91375	0.420
91425	0.456
91475	0.472
91525	0.476
91575	0.408
91625	0.428
91675	0.412
91725	0.396
91775	0.432
91825	0.500
91875	0.528
91925	0.560
91975	0.544
92025	0.508
92075	0.452
92125	0.396
92175	0.424
92225	0.484
92275	0.520
92325	0.560
92375	0.576
92425	0.556
92475	0.488
92525	0.440
92575	0.460
92625	0.452
92675	0.444
92725	0.460
92775	0.476
92825	0.416
92875	0.412
92925	0.428
92975	0.420
93025	0.428
93075	0.460
93125	0.492
93175	0.508
93225	0.548
93275	0.576
93325	0.592
93375	0.596
93425	0.568
93475	0.564
93525	0.556
93575	0.572
93625	0.572
93675	0.568
93725	0.532
93775	0.520
93825	0.520
93875	0.540
93925	0.520
93975	0.556
94025	0.556
94075	0.536
94125	0.516
94175	0.544
94225	0.544
94275	0.580
94325	0.616
94375	0.636
94425	0.636
94475	0.652
94525	0.648
94575	0.632
94625	0.548
94675	0.568
94725	0.500
94775	0.484
94825	0.472
94875	0.532
94925	0.540
94975	0.592
95025	0.592
95075	0.580
95125	0.556
95175	0.528
95225	0.520
95275	0.508
95325	0.512
95375	0.524
95425	0.540
95475	0.540
95525	0.532
95575	0.552
95625	0.576
95675	0.560
95725	0.544
95775	0.560
95825	0.548
95875	0.552
95925	0.576
95975	0.612
96025	0.624
96075	0.648
96125	0.660
96175	0.660
96225	0.664
96275	0.652
96325	0.652
96375	0.644
96425	0.592
96475	0.560
96525	0.544
96575	0.532
96625	0.520
96675	0.560
96725	0.568
96775	0.604
96825	0.604
96875	0.584
96925	0.560
96975	0.564
97025	0.548
97075	0.552
97125	0.576
97175	0.616
97225	0.604
97275	0.620
97325	0.620
97375	0.640
97425	0.628
97475	0.632
97525	0.608
97575	0.588
97625	0.552
97675	0.540
97725	0.540
97775	0.508
97825	0.488
97875	0.456
97925	0.448
97975	0.476
98025	0.504
98075	0.524
98125	0.552
98175	0.544
98225	0.520
98275	0.508
98325	0.512
98375	0.524
98425	0.540
98475	0.532
98525	0.532
98575	0.528
98625	0.524
98675	0.540
98725	0.552
98775	0.568
98825	0.568
98875	0.544
98925	0.524
98975	0.524
99025	0.520
99075	0.528
99125	0.560
99175	0.564
99225	0.556
99275	0.536
99325	0.548
99375	0.532
99425	0.536
99475	0.548
99525	0.568
99575	0.544
99625	0.568
99675	0.552
99725	0.552
99775	0.568
99825	0.572
99875	0.568
99925	0.604
99975	0.596
100025	0.612
100075	0.632
100125	0.636
100175	0.624
100225	0.624
100275	0.588
100325	0.572
100375	0.564
100425	0.556
100475	0.516
100525	0.500
100575	0.468
100625	0.416
100675	0.372
100725	0.380
100775	0.336
100825	0.324
100875	0.332
100925	0.324
100975	0.332
101025	0.356
101075	0.380
101125	0.396
101175	0.396
101225	0.392
101275	0.436
101325	0.420
101375	0.412
101425	0.500
101475	0.556
101525	0.576
101575	0.624
101625	0.660
101675	0.660
101725	0.636
101775	0.616
101825	0.632
101875	0.632
101925	0.588
101975	0.600
102025	0.596
102075	0.572
102125	0.572
102175	0.580
102225	0.568
102275	0.580
102325	0.560
102375	0.552
102425	0.548
102475	0.544
102525	0.524
102575	0.520
102625	0.492
102675	0.476
102725	0.468
102775	0.484
102825	0.524
102875	0.548
102925	0.568
102975	0.584
103025	0.584
103075	0.588
103125	0.600
103175	0.596
103225	0.588
103275	0.600
103325	0.584
103375	0.568
103425	0.580
103475	0.568
103525	0.544
103575	0.552
103625	0.568
103675	0.588
103725	0.628
103775	0.660
103825	0.652
103875	0.672
103925	0.636
103975	0.588
104025	0.528
104075	0.496
104125	0.468
104175	0.468
104225	0.476
104275	0.520
104325	0.552
104375	0.532
104425	0.520
104475	0.528
104525	0.520
104575	0.508
104625	0.528
104675	0.560
104725	0.564
104775	0.580
104825	0.572
104875	0.580
104925	0.560
104975	0.576
105025	0.564
105075	0.600
105125	0.596
105175	0.604
105225	0.604
105275	0.608
105325	0.592
105375	0.568
105425	0.548
105475	0.528
105525	0.508
105575	0.500
105625	0.476
105675	0.448
105725	0.460
105775	0.484
105825	0.484
105875	0.552
105925	0.596
105975	0.576
106025	0.540
106075	0.536
106125	0.516
106175	0.532
106225	0.576
106275	0.612
106325	0.644
106375	0.636
106425	0.560
106475	0.524
106525	0.504
106575	0.452
106625	0.408
106675	0.456
106725	0.472
106775	0.488
106825	0.528
106875	0.560
106925	0.552
106975	0.540
107025	0.492
107075	0.436
107125	0.412
107175	0.416
107225	0.388
107275	0.412
107325	0.440
107375	0.464
107425	0.460
107475	0.472
107525	0.432
107575	0.404
107625	0.372
107675	0.332
107725	0.312
107775	0.328
107825	0.364
107875	0.376
107925	0.424
107975	0.432
108025	0.432
108075	0.420
108125	0.432
108175	0.412
108225	0.416
108275	0.444
108325	0.456
108375	0.468
108425	0.500
108475	0.524
108525	0.512
108575	0.488
108625	0.492
108675	0.480
108725	0.448
108775	0.448
108825	0.440
108875	0.440
108925	0.412
108975	0.404
109025	0.396
109075	0.400
109125	0.376
109175	0.400
109225	0.452
109275	0.464
109325	0.472
109375	0.484
109425	0.500
109475	0.496
109525	0.532
109575	0.556
109625	0.600
109675	0.628
109725	0.648
109775	0.632
109825	0.632
109875	0.608
109925	0.568
109975	0.548
110025	0.548
110075	0.556
110125	0.560
110175	0.556
110225	0.548
110275	0.544
110325	0.544
110375	0.504
110425	0.528
110475	0.524
110525	0.512
110575	0.496
110625	0.532
110675	0.528
110725	0.524
110775	0.532
110825	0.524
110875	0.524
110925	0.508
110975	0.524
111025	0.540
111075	0.564
111125	0.568
111175	0.584
111225	0.568
111275	0.544
111325	0.536
111375	0.512
111425	0.512
111475	0.512
111525	0.504
111575	0.512
111625	0.560
111675	0.552
111725	0.552
111775	0.568
111825	0.580
111875	0.564
111925	0.552
111975	0.552
112025	0.564
112075	0.552
112125	0.540
112175	0.560
112225	0.572
112275	0.584
112325	0.584
112375	0.596
112425	0.600
112475	0.576
112525	0.536
112575	0.500
112625	0.436
112675	0.400
112725	0.400
112775	0.400
112825	0.400
112875	0.428
112925	0.420
112975	0.400
113025	0.400
113075	0.408
113125	0.404
113175	0.420
113225	0.444
113275	0.444
113325	0.452
113375	0.460
113425	0.460
113475	0.444
113525	0.444
113575	0.416
113625	0.440
113675	0.472
113725	0.500
113775	0.492
113825	0.528
113875	0.508
113925	0.472
113975	0.484
114025	0.536
114075	0.516
114125	0.532
114175	0.576
114225	0.568
114275	0.528
114325	0.552
114375	0.552
114425	0.568
114475	0.540
114525	0.548
114575	0.548
114625	0.544
114675	0.508
114725	0.548
114775	0.580
114825	0.596
114875	0.600
114925	0.604
114975	0.588
115025	0.568
115075	0.564
115125	0.564
115175	0.560
115225	0.580
115275	0.596
115325	0.564
115375	0.576
115425	0.572
115475	0.580
115525	0.552
115575	0.580
115625	0.564
115675	0.560
115725	0.540
115775	0.556
115825	0.540
115875	0.540
115925	0.536
115975	0.544
116025	0.560
116075	0.584
116125	0.600
116175	0.620
116225	0.596
116275	0.556
116325	0.540
116375	0.504
116425	0.464
116475	0.448
116525	0.472
116575	0.484
116625	0.476
116675	0.492
116725	0.452
116775	0.428
116825	0.404
116875	0.412
116925	0.412
116975	0.468
117025	0.500
117075	0.512
117125	0.532
117175	0.532
117225	0.552
117275	0.540
117325	0.528
117375	0.536
117425	0.556
117475	0.524
117525	0.516
117575	0.520
117625	0.512
117675	0.500
117725	0.516
117775	0.524
117825	0.544
117875	0.524
117925	0.500
117975	0.496
118025	0.500
118075	0.464
118125	0.480
118175	0.500
118225	0.508
118275	0.492
118325	0.492
118375	0.496
118425	0.476
118475	0.460
118525	0.456
118575	0.484
118625	0.460
118675	0.500
118725	0.512
118775	0.508
118825	0.496
118875	0.528
118925	0.508
118975	0.528
119025	0.540
119075	0.560
119125	0.540
119175	0.568
119225	0.548
119275	0.572
119325	0.556
119375	0.584
119425	0.536
119475	0.548
119525	0.536
119575	0.516
119625	0.492
119675	0.508
119725	0.516
119775	0.520
119825	0.544
119875	0.572
119925	0.572
119975	0.576
120025	0.548
120075	0.548
120125	0.532
120175	0.520
120225	0.460
120275	0.480
120325	0.432
120375	0.396
120425	0.420
120475	0.440
120525	0.448
120575	0.524
120625	0.572
120675	0.572
120725	0.548
120775	0.540
120825	0.520
120875	0.508
120925	0.520
120975	0.556
121025	0.548
121075	0.556
121125	0.544
121175	0.528
121225	0.536
121275	0.560
121325	0.508
121375	0.516
121425	0.520
121475	0.524
121525	0.508
121575	0.544
121625	0.524
121675	0.492
121725	0.464
121775	0.472
121825	0.468
121875	0.484
121925	0.512
121975	0.524
122025	0.520
122075	0.512
122125	0.492
122175	0.500
122225	0.500
122275	0.448
122325	0.432
122375	0.444
122425	0.448
122475	0.456
122525	0.488
122575	0.488
122625	0.504
122675	0.492
122725	0.480
122775	0.476
122825	0.504
122875	0.520
122925	0.520
122975	0.528
123025	0.556
123075	0.568
123125	0.568
123175	0.548
123225	0.588
123275	0.568
123325	0.556
123375	0.544
123425	0.564
123475	0.512
123525	0.504
123575	0.484
123625	0.456
123675	0.444
123725	0.448
123775	0.472
123825	0.508
123875	0.544
123925	0.572
123975	0.584
124025	0.548
124075	0.552
124125	0.544
124175	0.572
124225	0.584
124275	0.616
124325	0.620
124375	0.608
124425	0.576
124475	0.556
124525	0.552
124575	0.544
124625	0.548
124675	0.536
124725	0.556
124775	0.552
124825	0.520
124875	0.532
124925	0.540
124975	0.516
125025	0.512
125075	0.512
125125	0.504
125175	0.492
125225	0.496
125275	0.488
125325	0.500
125375	0.492
125425	0.504
125475	0.520
125525	0.516
125575	0.520
125625	0.520
125675	0.528
125725	0.528
125775	0.532
125825	0.524
125875	0.496
125925	0.488
125975	0.472
126025	0.492
126075	0.508
126125	0.540
126175	0.528
126225	0.540
126275	0.524
126325	0.508
126375	0.484
126425	0.508
126475	0.496
126525	0.504
126575	0.492
126625	0.468
126675	0.420
126725	0.412
126775	0.416
126825	0.428
126875	0.448
126925	0.452
126975	0.448
127025	0.412
127075	0.392
127125	0.384
127175	0.404
127225	0.408
127275	0.412
127325	0.420
127375	0.488
127425	0.496
127475	0.512
127525	0.552
127575	0.556
127625	0.516
127675	0.532
127725	0.532
127775	0.544
127825	0.572
127875	0.612
127925	0.628
127975	0.644
128025	0.664
128075	0.684
128125	0.676
128175	0.664
128225	0.672
128275	0.648
128325	0.640
128375	0.628
128425	0.616
128475	0.600
128525	0.576
128575	0.536
128625	0.496
128675	0.484
128725	0.440
128775	0.444
128825	0.444
128875	0.460
128925	0.436
128975	0.456
129025	0.472
129075	0.492
129125	0.500
129175	0.472
129225	0.496
129275	0.480
129325	0.456
129375	0.472
129425	0.512
129475	0.484
129525	0.460
129575	0.456
129625	0.480
129675	0.496
129725	0.496
129775	0.516
129825	0.556
129875	0.540
129925	0.572
129975	0.580
130025	0.576
130075	0.556
130125	0.556
130175	0.532
130225	0.552
130275	0.592
130325	0.588
130375	0.572
130425	0.580
130475	0.560
130525	0.532
130575	0.556
130625	0.568
130675	0.560
130725	0.600
130775	0.600
130825	0.588
130875	0.580
130925	0.548
130975	0.516
131025	0.516
131075	0.500
131125	0.496
131175	0.508
131225	0.532
131275	0.528
131325	0.560
131375	0.560
131425	0.552
131475	0.528
131525	0.496
131575	0.456
131625	0.424
131675	0.432
131725	0.428
131775	0.448
131825	0.468
131875	0.512
131925	0.516
131975	0.520
132025	0.552
132075	0.548
132125	0.532
132175	0.556
132225	0.552
132275	0.536
132325	0.556
132375	0.588
132425	0.564
132475	0.584
132525	0.600
132575	0.612
132625	0.564
132675	0.576
132725	0.540
132775	0.552
132825	0.512
132875	0.536
132925	0.540
132975	0.556
133025	0.508
133075	0.496
133125	0.512
133175	0.492
133225	0.492
133275	0.528
133325	0.592
133375	0.572
133425	0.612
133475	0.612
133525	0.612
133575	0.568
133625	0.560
133675	0.516
133725	0.512
133775	0.508
133825	0.504
133875	0.508
133925	0.528
133975	0.544
134025	0.536
134075	0.536
134125	0.564
134175	0.572
134225	0.552
134275	0.512
134325	0.512
134375	0.492
134425	0.480
134475	0.504
134525	0.560
134575	0.576
134625	0.576
134675	0.572
134725	0.576
134775	0.556
134825	0.564
134875	0.556
134925	0.552
134975	0.540
135025	0.536
135075	0.508
135125	0.500
135175	0.524
135225	0.532
135275	0.560
135325	0.568
135375	0.576
135425	0.560
135475	0.572
135525	0.548
135575	0.584
135625	0.620
135675	0.612
135725	0.588
135775	0.584
135825	0.564
135875	0.540
135925	0.572
135975	0.576
136025	0.512
136075	0.472
136125	0.436
136175	0.364
136225	0.360
136275	0.412
136325	0.412
136375	0.400
136425	0.424
136475	0.388
136525	0.404
136575	0.424
136625	0.460
136675	0.488
136725	0.540
136775	0.528
136825	0.504
136875	0.516
136925	0.504
136975	0.488
137025	0.488
137075	0.516
137125	0.508
137175	0.504
137225	0.496
137275	0.496
137325	0.480
137375	0.480
137425	0.464
137475	0.452
137525	0.464
137575	0.480
137625	0.508
137675	0.528
137725	0.536
137775	0.528
137825	0.532
137875	0.512
137925	0.496
137975	0.496
138025	0.488
138075	0.484
138125	0.480
138175	0.508
138225	0.528
138275	0.544
138325	0.552
138375	0.552
138425	0.544
138475	0.552
138525	0.512
138575	0.516
138625	0.536
138675	0.536
138725	0.548
138775	0.568
138825	0.564
138875	0.536
138925	0.540
138975	0.512
139025	0.528
139075	0.508
139125	0.508
139175	0.480
139225	0.504
139275	0.512
139325	0.564
139375	0.564
139425	0.616
139475	0.620
139525	0.624
139575	0.584
139625	0.620
139675	0.604
139725	0.588
139775	0.588
139825	0.600
139875	0.552
139925	0.548
139975	0.552
140025	0.556
140075	0.564
140125	0.600
140175	0.600
140225	0.600
140275	0.604
140325	0.592
140375	0.592
140425	0.596
140475	0.604
140525	0.592
140575	0.612
140625	0.604
140675	0.620
140725	0.612
140775	0.628
140825	0.620
140875	0.636
140925	0.636
140975	0.644
141025	0.624
141075	0.556
141125	0.492
141175	0.456
141225	0.416
141275	0.376
141325	0.432
141375	0.448
141425	0.452
141475	0.456
141525	0.460
141575	0.392
141625	0.368
141675	0.364
141725	0.384
141775	0.400
141825	0.468
141875	0.460
141925	0.460
141975	0.456
142025	0.472
142075	0.456
142125	0.492
142175	0.476
142225	0.472
142275	0.444
142325	0.432
142375	0.440
142425	0.456
142475	0.492
142525	0.492
142575	0.480
142625	0.488
142675	0.492
142725	0.460
142775	0.492
142825	0.540
142875	0.528
142925	0.512
142975	0.520
143025	0.500
143075	0.492
143125	0.500
143175	0.496
143225	0.500
143275	0.516
143325	0.500
143375	0.496
143425	0.492
143475	0.468
143525	0.448
143575	0.468
143625	0.488
143675	0.532
143725	0.560
143775	0.608
143825	0.612
143875	0.624
143925	0.636
143975	0.644
144025	0.648
144075	0.652
144125	0.640
144175	0.608
144225	0.552
144275	0.480
144325	0.448
144375	0.408
144425	0.388
144475	0.396
144525	0.420
144575	0.416
144625	0.424
144675	0.440
144725	0.460
144775	0.448
144825	0.448
144875	0.456
144925	0.472
144975	0.484
145025	0.504
145075	0.512
145125	0.496
145175	0.452
145225	0.420
145275	0.420
145325	0.376
145375	0.364
145425	0.416
145475	0.428
145525	0.404
145575	0.428
145625	0.440
145675	0.408
145725	0.392
145775	0.408
145825	0.420
145875	0.436
145925	0.444
145975	0.452
146025	0.476
146075	0.516
146125	0.496
146175	0.496
146225	0.536
146275	0.540
146325	0.516
146375	0.560
146425	0.568
146475	0.536
146525	0.500
146575	0.492
146625	0.476
146675	0.476
146725	0.476
146775	0.512
146825	0.488
146875	0.488
146925	0.464
146975	0.476
147025	0.480
147075	0.520
147125	0.512
147175	0.512
147225	0.496
147275	0.464
147325	0.468
147375	0.480
147425	0.468
147475	0.472
147525	0.488
147575	0.460
147625	0.460
147675	0.512
147725	0.516
147775	0.508
147825	0.516
147875	0.504
147925	0.484
147975	0.492
148025	0.492
148075	0.492
148125	0.508
148175	0.528
148225	0.484
148275	0.480
148325	0.512
148375	0.504
148425	0.504
148475	0.556
148525	0.556
148575	0.516
148625	0.536
148675	0.500
148725	0.464
148775	0.472
148825	0.448
148875	0.384
148925	0.388
148975	0.388
149025	0.364
149075	0.384
149125	0.400
149175	0.408
149225	0.428
149275	0.448
149325	0.432
149375	0.428
149425	0.448
149475	0.420
149525	0.408
149575	0.456
149625	0.496
149675	0.492
149725	0.544
149775	0.592
149825	0.596
149875	0.600
149925	0.624
149975	0.612
150025	0.600
150075	0.600
150125	0.612
150175	0.608
150225	0.584
150275	0.568
150325	0.592
150375	0.628
150425	0.596
150475	0.620
150525	0.664
150575	0.660
150625	0.580
150675	0.592
150725	0.596
150775	0.544
150825	0.488
150875	0.496
150925	0.452
150975	0.412
151025	0.408
151075	0.380
151125	0.336
151175	0.356
151225	0.388
151275	0.408
151325	0.452
151375	0.520
151425	0.532
151475	0.532
151525	0.524
151575	0.508
151625	0.532
151675	0.556
151725	0.564
151775	0.596
151825	0.632
151875	0.572
151925	0.544
151975	0.568
152025	0.568
152075	0.572
152125	0.604
152175	0.604
152225	0.592
152275	0.596
152325	0.616
152375	0.600
152425	0.588
152475	0.544
152525	0.508
152575	0.432
152625	0.416
152675	0.392
152725	0.396
152775	0.392
152825	0.412
152875	0.432
152925	0.472
152975	0.476
153025	0.472
153075	0.484
153125	0.472
153175	0.436
153225	0.436
153275	0.420
153325	0.424
153375	0.432
153425	0.424
153475	0.408
153525	0.416
153575	0.400
153625	0.384
153675	0.416
153725	0.456
153775	0.444
153825	0.432
153875	0.436
153925	0.420
153975	0.376
154025	0.372
154075	0.404
154125	0.404
154175	0.420
154225	0.444
154275	0.456
154325	0.476
154375	0.472
154425	0.496
154475	0.504
154525	0.532
154575	0.504
154625	0.536
154675	0.552
154725	0.572
154775	0.572
154825	0.576
154875	0.556
154925	0.536
154975	0.532
155025	0.544
155075	0.536
155125	0.560
155175	0.564
155225	0.556
155275	0.544
155325	0.552
155375	0.544
155425	0.556
155475	0.580
155525	0.596
155575	0.596
155625	0.616
155675	0.608
155725	0.616
155775	0.600
155825	0.588
155875	0.568
155925	0.556
155975	0.536
156025	0.548
156075	0.564
156125	0.580
156175	0.596
156225	0.596
156275	0.612
156325	0.608
156375	0.592
156425	0.596
156475	0.580
156525	0.576
156575	0.580
156625	0.600
156675	0.584
156725	0.576
156775	0.560
156825	0.584
156875	0.576
156925	0.580
156975	0.600
157025	0.560
157075	0.536
157125	0.508
157175	0.508
157225	0.464
157275	0.504
157325	0.492
157375	0.520
157425	0.504
157475	0.528
157525	0.520
157575	0.524
157625	0.488
157675	0.504
157725	0.536
157775	0.524
157825	0.544
157875	0.584
157925	0.584
157975	0.592
158025	0.620
158075	0.620
158125	0.620
158175	0.632
158225	0.584
158275	0.572
158325	0.536
158375	0.504
158425	0.504
158475	0.512
158525	0.484
158575	0.504
158625	0.508
158675	0.480
158725	0.460
158775	0.416
158825	0.388
158875	0.364
158925	0.396
158975	0.416
159025	0.464
159075	0.484
159125	0.540
159175	0.540
159225	0.568
159275	0.616
159325	0.632
159375	0.628
159425	0.612
159475	0.596
159525	0.584
159575	0.592
159625	0.592
159675	0.588
159725	0.592
159775	0.580
159825	0.556
159875	0.564
159925	0.564
159975	0.532
160025	0.480
160075	0.484
160125	0.432
160175	0.420
160225	0.404
160275	0.412
160325	0.396
160375	0.436
160425	0.440
160475	0.484
160525	0.520
160575	0.536
160625	0.544
160675	0.568
160725	0.568
160775	0.532
160825	0.492
160875	0.468
160925	0.452
160975	0.412
161025	0.412
161075	0.460
161125	0.476
161175	0.436
161225	0.460
161275	0.504
161325	0.504
161375	0.472
161425	0.496
161475	0.492
161525	0.472
161575	0.484
161625	0.488
161675	0.496
161725	0.512
161775	0.516
161825	0.488
161875	0.484
161925	0.484
161975	0.500
162025	0.544
162075	0.552
162125	0.588
162175	0.608
162225	0.612
162275	0.580
162325	0.596
162375	0.592
162425	0.560
162475	0.548
162525	0.556
162575	0.556
162625	0.536
162675	0.572
162725	0.580
162775	0.580
162825	0.564
162875	0.556
162925	0.560
162975	0.540
163025	0.516
163075	0.508
163125	0.528
163175	0.516
163225	0.516
163275	0.540
163325	0.560
163375	0.568
163425	0.548
163475	0.544
163525	0.540
163575	0.528
163625	0.520
163675	0.516
163725	0.544
163775	0.528
163825	0.516
163875	0.484
163925	0.484
163975	0.468
164025	0.472
164075	0.476
164125	0.500
164175	0.540
164225	0.548
164275	0.556
164325	0.588
164375	0.576
164425	0.556
164475	0.548
164525	0.572
164575	0.564
164625	0.588
164675	0.580
164725	0.576
164775	0.560
164825	0.560
164875	0.536
164925	0.516
164975	0.524
165025	0.532
165075	0.528
165125	0.560
165175	0.564
165225	0.576
165275	0.564
165325	0.536
165375	0.516
165425	0.512
165475	0.508
165525	0.480
165575	0.480
165625	0.472
165675	0.500
165725	0.488
165775	0.532
165825	0.580
165875	0.608
165925	0.616
165975	0.624
166025	0.592
166075	0.552
166125	0.532
166175	0.512
166225	0.512
166275	0.536
166325	0.508
166375	0.504
166425	0.524
166475	0.508
166525	0.508
166575	0.552
166625	0.564
166675	0.564
166725	0.560
166775	0.512
166825	0.500
166875	0.492
166925	0.460
166975	0.460
167025	0.480
167075	0.484
167125	0.480
167175	0.496
167225	0.520
167275	0.536
167325	0.528
167375	0.540
167425	0.540
167475	0.516
167525	0.512
167575	0.548
167625	0.528
167675	0.496
167725	0.520
167775	0.520
167825	0.504
167875	0.540
167925	0.576
167975	0.572
168025	0.604
168075	0.628
168125	0.616
168175	0.644
168225	0.656
168275	0.644
168325	0.624
168375	0.596
168425	0.572
168475	0.504
168525	0.472
168575	0.408
168625	0.404
168675	0.368
168725	0.388
168775	0.376
168825	0.416
168875	0.412
168925	0.412
168975	0.436
169025	0.468
169075	0.508
169125	0.536
169175	0.592
169225	0.600
169275	0.608
169325	0.584
169375	0.596
169425	0.588
169475	0.596
169525	0.584
169575	0.596
169625	0.592
169675	0.572
169725	0.564
169775	0.576
169825	0.540
169875	0.528
169925	0.516
169975	0.520
170025	0.504
170075	0.512
170125	0.544
170175	0.532
170225	0.536
170275	0.556
170325	0.584
170375	0.552
170425	0.600
170475	0.584
170525	0.556
170575	0.528
170625	0.504
170675	0.456
170725	0.440
170775	0.456
170825	0.468
170875	0.524
170925	0.568
170975	0.596
171025	0.596
171075	0.572
171125	0.540
171175	0.540
171225	0.548
171275	0.532
171325	0.576
171375	0.604
171425	0.556
171475	0.544
171525	0.552
171575	0.556
171625	0.536
171675	0.584
171725	0.580
171775	0.572
171825	0.544
171875	0.528
171925	0.496
171975	0.520
172025	0.532
172075	0.504
172125	0.480
172175	0.480
172225	0.444
172275	0.404
172325	0.404
172375	0.420
172425	0.420
172475	0.412
172525	0.424
172575	0.460
172625	0.456
172675	0.472
172725	0.468
172775	0.484
172825	0.464
172875	0.472
172925	0.480
172975	0.484
173025	0.500
173075	0.524
173125	0.548
173175	0.540
173225	0.568
173275	0.536
173325	0.516
173375	0.516
173425	0.504
173475	0.500
173525	0.516
173575	0.512
173625	0.480
173675	0.488
173725	0.464
173775	0.444
173825	0.436
173875	0.456
173925	0.452
173975	0.484
174025	0.520
174075	0.544
174125	0.544
174175	0.564
174225	0.548
174275	0.544
174325	0.536
174375	0.528
174425	0.492
174475	0.504
174525	0.472
174575	0.492
174625	0.520
174675	0.528
174725	0.488
174775	0.532
174825	0.528
174875	0.504
174925	0.512
174975	0.580
175025	0.556
175075	0.560
175125	0.556
175175	0.572
175225	0.528
175275	0.548
175325	0.556
175375	0.560
175425	0.544
175475	0.524
175525	0.532
175575	0.496
175625	0.488
175675	0.504
175725	0.548
175775	0.532
175825	0.536
175875	0.552
175925	0.560
175975	0.540
176025	0.528
176075	0.560
176125	0.564
176175	0.556
176225	0.556
176275	0.568
176325	0.556
176375	0.536
176425	0.504
176475	0.500
176525	0.480
176575	0.464
176625	0.500
176675	0.516
176725	0.524
176775	0.524
176825	0.560
176875	0.552
176925	0.548
176975	0.568
177025	0.584
177075	0.576
177125	0.560
177175	0.564
177225	0.532
177275	0.532
177325	0.524
177375	0.504
177425	0.524
177475	0.508
177525	0.472
177575	0.436
177625	0.468
177675	0.448
177725	0.476
177775	0.500
177825	0.516
177875	0.504
177925	0.504
177975	0.516
178025	0.512
178075	0.516
178125	0.508
178175	0.500
178225	0.496
178275	0.508
178325	0.524
178375	0.528
178425	0.524
178475	0.524
178525	0.516
178575	0.500
178625	0.484
178675	0.496
178725	0.504
178775	0.492
178825	0.512
178875	0.560
178925	0.568
178975	0.544
179025	0.556
179075	0.528
179125	0.512
179175	0.516
179225	0.524
179275	0.520
179325	0.516
179375	0.508
179425	0.512
179475	0.484
179525	0.528
179575	0.532
179625	0.508
179675	0.484
179725	0.520
179775	0.472
179825	0.492
179875	0.524
179925	0.540
179975	0.540
180025	0.584
180075	0.604
180125	0.604
180175	0.584
180225	0.580
180275	0.516
180325	0.508
180375	0.500
180425	0.524
180475	0.524
180525	0.560
180575	0.540
180625	0.552
180675	0.540
180725	0.544
180775	0.556
180825	0.548
180875	0.520
180925	0.528
180975	0.520
181025	0.520
181075	0.544
181125	0.572
181175	0.580
181225	0.592
181275	0.584
181325	0.576
181375	0.552
181425	0.560
181475	0.568
181525	0.588
181575	0.604
181625	0.628
181675	0.628
181725	0.604
181775	0.588
181825	0.560
181875	0.572
181925	0.532
181975	0.536
182025	0.504
182075	0.484
182125	0.448
182175	0.460
182225	0.448
182275	0.452
182325	0.432
182375	0.436
182425	0.444
182475	0.432
182525	0.456
182575	0.464
182625	0.456
182675	0.448
182725	0.464
182775	0.448
182825	0.476
182875	0.492
182925	0.508
182975	0.520
183025	0.544
183075	0.572
183125	0.568
183175	0.580
183225	0.548
183275	0.528
183325	0.508
183375	0.520
183425	0.492
183475	0.516
183525	0.512
183575	0.488
183625	0.460
183675	0.460
183725	0.452
183775	0.468
183825	0.492
183875	0.524
183925	0.548
183975	0.568
184025	0.576
184075	0.596
184125	0.608
184175	0.584
184225	0.580
184275	0.576
184325	0.588
184375	0.564
184425	0.584
184475	0.596
184525	0.616
184575	0.620
184625	0.624
184675	0.636
184725	0.628
184775	0.612
184825	0.576
184875	0.564
184925	0.536
184975	0.512
185025	0.472
185075	0.484
185125	0.484
185175	0.480
185225	0.500
185275	0.532
185325	0.528
185375	0.528
185425	0.516
185475	0.512
185525	0.512
185575	0.516
185625	0.528
185675	0.564
185725	0.564
185775	0.592
185825	0.576
185875	0.572
185925	0.560
185975	0.572
186025	0.552
186075	0.572
186125	0.552
186175	0.560
186225	0.552
186275	0.568
186325	0.564
186375	0.604
186425	0.592
186475	0.592
186525	0.572
186575	0.568
186625	0.564
186675	0.592
186725	0.604
186775	0.612
186825	0.636
186875	0.636
186925	0.592
186975	0.556
187025	0.540
187075	0.512
187125	0.488
187175	0.468
187225	0.476
187275	0.452
187325	0.472
187375	0.472
187425	0.520
187475	0.504
187525	0.524
187575	0.468
187625	0.508
187675	0.480
187725	0.528
187775	0.536
187825	0.564
187875	0.508
187925	0.532
187975	0.476
188025	0.464
188075	0.500
188125	0.520
188175	0.488
188225	0.520
188275	0.536
188325	0.484
188375	0.476
188425	0.508
188475	0.524
188525	0.512
188575	0.512
188625	0.528
188675	0.536
188725	0.496
188775	0.496
188825	0.524
188875	0.516
188925	0.488
188975	0.536
189025	0.540
189075	0.528
189125	0.544
189175	0.532
189225	0.504
189275	0.532
189325	0.548
189375	0.520
189425	0.564
189475	0.556
189525	0.520
189575	0.520
189625	0.504
189675	0.468
189725	0.444
189775	0.456
189825	0.432
189875	0.452
189925	0.476
189975	0.520
190025	0.524
190075	0.540
190125	0.560
190175	0.560
190225	0.544
190275	0.540
190325	0.564
190375	0.540
190425	0.560
190475	0.568
190525	0.596
190575	0.596
190625	0.604
190675	0.560
190725	0.548
190775	0.520
190825	0.496
190875	0.496
190925	0.528
190975	0.536
191025	0.516
191075	0.512
191125	0.508
191175	0.484
191225	0.476
191275	0.472
191325	0.484
191375	0.480
191425	0.456
191475	0.476
191525	0.528
191575	0.524
191625	0.556
191675	0.608
191725	0.580
191775	0.560
191825	0.580
191875	0.564
191925	0.548
191975	0.556
192025	0.564
192075	0.532
192125	0.512
192175	0.528
192225	0.568
192275	0.552
192325	0.580
192375	0.612
192425	0.616
192475	0.588
192525	0.608
192575	0.604
192625	0.612
192675	0.584
192725	0.600
192775	0.588
192825	0.588
192875	0.568
192925	0.580
192975	0.548
193025	0.516
193075	0.484
193125	0.488
193175	0.492
193225	0.536
193275	0.556
193325	0.588
193375	0.584
193425	0.580
193475	0.560
193525	0.596
193575	0.584
193625	0.588
193675	0.600
193725	0.620
193775	0.604
193825	0.604
193875	0.612
193925	0.572
193975	0.544
194025	0.536
194075	0.528
194125	0.548
194175	0.600
194225	0.624
194275	0.656
194325	0.652
194375	0.608
194425	0.556
194475	0.508
194525	0.468
194575	0.500
194625	0.496
194675	0.540
194725	0.568
194775	0.564
194825	0.540
194875	0.564
194925	0.556
194975	0.564
195025	0.584
195075	0.588
195125	0.600
195175	0.588
195225	0.592
195275	0.568
195325	0.572
195375	0.556
195425	0.576
195475	0.596
195525	0.604
195575	0.592
195625	0.604
195675	0.584
195725	0.552
195775	0.548
195825	0.556
195875	0.556
195925	0.548
195975	0.556
196025	0.572
196075	0.576
196125	0.576
196175	0.580
196225	0.556
196275	0.520
196325	0.500
196375	0.452
196425	0.432
196475	0.416
196525	0.420
196575	0.388
196625	0.392
196675	0.388
196725	0.344
196775	0.300
196825	0.312
196875	0.320
196925	0.328
196975	0.416
197025	0.436
197075	0.448
197125	0.456
197175	0.480
197225	0.448
197275	0.460
197325	0.452
197375	0.432
197425	0.436
197475	0.464
197525	0.508
197575	0.556
197625	0.584
197675	0.600
197725	0.604
197775	0.636
197825	0.648
197875	0.688
197925	0.672
197975	0.680
198025	0.660
198075	0.644
198125	0.652
198175	0.684
198225	0.684
198275	0.668
198325	0.648
198375	0.560
198425	0.492
198475	0.424
198525	0.372
198575	0.384
198625	0.444
198675	0.488
198725	0.544
198775	0.612
198825	0.628
198875	0.612
198925	0.612
198975	0.612
199025	0.584
199075	0.568
199125	0.568
199175	0.580
199225	0.576
199275	0.580
199325	0.548
199375	0.564
199425	0.536
199475	0.516
199525	0.528
199575	0.556
199625	0.528
199675	0.472
199725	0.468
199775	0.448
199825	0.436
199875	0.428
199925	0.444
199975	0.476
200025	0.472
200075	0.472
200125	0.500
200175	0.556
200225	0.564
200275	0.572
200325	0.608
200375	0.616
200425	0.596
200475	0.564
200525	0.596
200575	0.568
200625	0.536
200675	0.520
200725	0.516
200775	0.484
200825	0.488
200875	0.472
200925	0.472
200975	0.448
201025	0.436
201075	0.440
201125	0.472
201175	0.480
201225	0.520
201275	0.492
201325	0.464
201375	0.436
201425	0.428
201475	0.420
201525	0.456
201575	0.464
201625	0.508
201675	0.560
201725	0.556
201775	0.564
201825	0.592
201875	0.584
201925	0.560
201975	0.564
202025	0.544
202075	0.536
202125	0.544
202175	0.560
202225	0.572
202275	0.592
202325	0.596
202375	0.568
202425	0.524
202475	0.500
202525	0.504
202575	0.520
202625	0.536
202675	0.568
202725	0.612
202775	0.600
202825	0.584
202875	0.596
202925	0.616
202975	0.588
203025	0.612
203075	0.616
203125	0.604
203175	0.588
203225	0.588
203275	0.576
203325	0.592
203375	0.580
203425	0.568
203475	0.556
203525	0.544
203575	0.532
203625	0.536
203675	0.532
203725	0.560
203775	0.560
203825	0.520
203875	0.528
203925	0.528
203975	0.544
204025	0.588
204075	0.620
204125	0.604
204175	0.628
204225	0.636
204275	0.616
204325	0.604
204375	0.580
204425	0.540
204475	0.484
204525	0.448
204575	0.424
204625	0.408
204675	0.404
204725	0.384
204775	0.384
204825	0.396
204875	0.424
204925	0.432
204975	0.456
205025	0.476
205075	0.472
205125	0.484
205175	0.468
205225	0.472
205275	0.464
205325	0.480
205375	0.468
205425	0.472
205475	0.488
205525	0.472
205575	0.472
205625	0.492
205675	0.528
205725	0.480
205775	0.508
205825	0.512
205875	0.492
205925	0.448
205975	0.468
206025	0.476
206075	0.468
206125	0.456
206175	0.472
206225	0.460
206275	0.404
206325	0.384
206375	0.404
206425	0.388
206475	0.400
206525	0.432
206575	0.448
206625	0.432
206675	0.428
206725	0.444
206775	0.456
206825	0.432
206875	0.456
206925	0.464
206975	0.416
207025	0.392
207075	0.404
207125	0.388
207175	0.364
207225	0.416
207275	0.428
207325	0.444
207375	0.460
207425	0.460
207475	0.476
207525	0.480
207575	0.460
207625	0.452
207675	0.492
207725	0.472
207775	0.512
207825	0.532
207875	0.576
207925	0.624
207975	0.640
208025	0.640
208075	0.656
208125	0.672
208175	0.652
208225	0.684
208275	0.688
208325	0.700
208375	0.688
208425	0.684
208475	0.656
208525	0.648
208575	0.656
208625	0.612
208675	0.560
208725	0.536
208775	0.464
208825	0.432
208875	0.428
208925	0.452
208975	0.452
209025	0.484
209075	0.444
209125	0.452
209175	0.464
209225	0.456
209275	0.488
209325	0.520
209375	0.536
209425	0.496
209475	0.484
209525	0.456
209575	0.452
209625	0.432
209675	0.452
209725	0.508
209775	0.524
209825	0.532
209875	0.556
209925	0.568
209975	0.532
210025	0.516
210075	0.528
210125	0.496
210175	0.512
210225	0.516
210275	0.524
210325	0.484
210375	0.492
210425	0.500
210475	0.496
210525	0.496
210575	0.532
210625	0.548
210675	0.524
210725	0.516
210775	0.496
210825	0.476
210875	0.468
210925	0.468
210975	0.472
211025	0.480
211075	0.472
211125	0.444
211175	0.436
211225	0.432
211275	0.436
211325	0.448
211375	0.472
211425	0.500
211475	0.540
211525	0.524
211575	0.504
211625	0.484
211675	0.468
211725	0.440
211775	0.456
211825	0.500
211875	0.532
211925	0.524
211975	0.532
212025	0.548
212075	0.508
212125	0.504
212175	0.516
212225	0.500
212275	0.488
212325	0.508
212375	0.512
212425	0.520
212475	0.532
212525	0.528
212575	0.520
212625	0.496
212675	0.488
212725	0.484
212775	0.500
212825	0.516
212875	0.520
212925	0.488
212975	0.480
213025	0.444
213075	0.444
213125	0.460
213175	0.484
213225	0.504
213275	0.524
213325	0.516
213375	0.520
213425	0.556
213475	0.548
213525	0.552
213575	0.544
213625	0.544
213675	0.508
213725	0.504
213775	0.488
213825	0.492
213875	0.476
213925	0.488
213975	0.488
214025	0.472
214075	0.488
214125	0.488
214175	0.504
214225	0.508
214275	0.544
214325	0.544
214375	0.548
214425	0.532
214475	0.524
214525	0.512
214575	0.508
214625	0.492
214675	0.476
214725	0.472
214775	0.492
214825	0.452
214875	0.440
214925	0.444
214975	0.456
215025	0.448
215075	0.476
215125	0.508
215175	0.520
215225	0.528
215275	0.516
215325	0.536
215375	0.520
215425	0.528
215475	0.508
215525	0.520
215575	0.504
215625	0.512
215675	0.488
215725	0.500
215775	0.488
215825	0.496
215875	0.500
215925	0.544
215975	0.536
216025	0.536
216075	0.536
216125	0.552
216175	0.520
216225	0.532
216275	0.536
216325	0.528
216375	0.484
216425	0.504
216475	0.504
216525	0.508
216575	0.496
216625	0.524
216675	0.512
216725	0.504
216775	0.516
216825	0.540
216875	0.560
216925	0.536
216975	0.548
217025	0.536
217075	0.540
217125	0.500
217175	0.484
217225	0.476
217275	0.440
217325	0.424
217375	0.440
217425	0.496
217475	0.516
217525	0.548
217575	0.524
217625	0.544
217675	0.532
217725	0.520
217775	0.516
217825	0.528
217875	0.500
217925	0.492
217975	0.484
218025	0.504
218075	0.512
218125	0.536
218175	0.536
218225	0.484
218275	0.444
218325	0.460
218375	0.456
218425	0.456
218475	0.508
218525	0.532
218575	0.532
218625	0.540
218675	0.544
218725	0.536
218775	0.528
218825	0.496
218875	0.464
218925	0.436
218975	0.416
219025	0.452
219075	0.468
219125	0.440
219175	0.452
219225	0.456
219275	0.432
219325	0.444
219375	0.512
219425	0.516
219475	0.544
219525	0.552
219575	0.536
219625	0.516
219675	0.528
219725	0.520
219775	0.492
219825	0.516
219875	0.548
219925	0.552
219975	0.556
220025	0.560
220075	0.548
220125	0.496
220175	0.480
220225	0.488
220275	0.480
220325	0.464
220375	0.456
220425	0.440
220475	0.424
220525	0.460
220575	0.448
220625	0.456
220675	0.476
220725	0.492
220775	0.460
220825	0.508
220875	0.516
220925	0.512
220975	0.508
221025	0.552
221075	0.508
221125	0.500
221175	0.488
221225	0.508
221275	0.500
221325	0.528
221375	0.560
221425	0.564
221475	0.548
221525	0.552
221575	0.536
221625	0.524
221675	0.528
221725	0.516
221775	0.500
221825	0.504
221875	0.496
221925	0.504
221975	0.500
222025	0.492
222075	0.480
222125	0.492
222175	0.500
222225	0.536
222275	0.548
222325	0.564
222375	0.572
222425	0.540
222475	0.524
222525	0.492
222575	0.468
222625	0.464
222675	0.480
222725	0.460
222775	0.472
222825	0.512
222875	0.508
222925	0.520
222975	0.500
223025	0.552
223075	0.524
223125	0.540
223175	0.520
223225	0.548
223275	0.512
223325	0.544
223375	0.540
223425	0.568
223475	0.568
223525	0.568
223575	0.556
223625	0.564
223675	0.560
223725	0.560
223775	0.584
223825	0.592
223875	0.560
223925	0.576
223975	0.584
224025	0.556
224075	0.552
224125	0.544
224175	0.524
224225	0.572
224275	0.564
224325	0.568
224375	0.560
224425	0.552
224475	0.496
224525	0.496
224575	0.488
224625	0.504
224675	0.512
224725	0.488
224775	0.480
224825	0.468
224875	0.476
224925	0.452
224975	0.480
225025	0.484
225075	0.468
225125	0.468
225175	0.496
225225	0.492
225275	0.508
225325	0.528
225375	0.504
225425	0.476
225475	0.476
225525	0.472
225575	0.468
225625	0.472
225675	0.492
225725	0.488
225775	0.484
225825	0.464
225875	0.464
225925	0.464
225975	0.452
226025	0.428
226075	0.436
226125	0.420
226175	0.408
226225	0.388
226275	0.408
226325	0.404
226375	0.428
226425	0.440
226475	0.436
226525	0.424
226575	0.448
226625	0.424
226675	0.400
226725	0.460
226775	0.456
226825	0.424
226875	0.464
226925	0.484
226975	0.448
227025	0.440
227075	0.476
227125	0.448
227175	0.420
227225	0.392
227275	0.400
227325	0.364
227375	0.348
227425	0.372
227475	0.400
227525	0.396
227575	0.412
227625	0.416
227675	0.420
227725	0.416
227775	0.428
227825	0.428
227875	0.456
227925	0.452
227975	0.492
228025	0.500
228075	0.512
228125	0.508
228175	0.504
228225	0.488
228275	0.484
228325	0.480
228375	0.484
228425	0.488
228475	0.468
228525	0.496
228575	0.488
228625	0.496
228675	0.508
228725	0.548
228775	0.544
228825	0.572
228875	0.556
228925	0.540
228975	0.524
229025	0.484
229075	0.440
229125	0.440
229175	0.432
229225	0.400
229275	0.416
229325	0.452
229375	0.460
229425	0.460
229475	0.448
229525	0.428
229575	0.408
229625	0.372
229675	0.388
229725	0.444
229775	0.480
229825	0.484
229875	0.540
229925	0.560
229975	0.548
230025	0.540
230075	0.548
230125	0.560
230175	0.536
230225	0.516
230275	0.508
230325	0.504
230375	0.476
230425	0.472
230475	0.492
230525	0.500
230575	0.512
230625	0.504
230675	0.516
230725	0.496
230775	0.500
230825	0.500
230875	0.516
230925	0.528
230975	0.524
231025	0.496
231075	0.500
231125	0.492
231175	0.472
231225	0.540
231275	0.556
231325	0.544
231375	0.564
231425	0.580
231475	0.536
231525	0.560
231575	0.544
231625	0.580
231675	0.600
231725	0.612
231775	0.608
231825	0.656
231875	0.644
231925	0.628
231975	0.640
232025	0.648
232075	0.624
232125	0.604
232175	0.624
232225	0.620
232275	0.604
232325	0.620
232375	0.624
232425	0.604
232475	0.592
232525	0.596
232575	0.596
232625	0.588
232675	0.616
232725	0.632
232775	0.640
232825	0.656
232875	0.664
232925	0.652
232975	0.628
233025	0.620
233075	0.608
233125	0.628
233175	0.624
233225	0.624
233275	0.632
233325	0.612
233375	0.596
233425	0.560
233475	0.584
233525	0.584
233575	0.608
233625	0.568
233675	0.608
233725	0.576
233775	0.568
233825	0.572
233875	0.608
233925	0.600
233975	0.592
234025	0.624
234075	0.612
234125	0.608
234175	0.592
234225	0.616
234275	0.592
234325	0.548
234375	0.560
234425	0.568
234475	0.560
234525	0.576
234575	0.596
234625	0.556
234675	0.572
234725	0.588
234775	0.552
234825	0.544
234875	0.560
234925	0.520
234975	0.512
235025	0.536
235075	0.508
235125	0.460
235175	0.472
235225	0.460
235275	0.432
235325	0.460
235375	0.484
235425	0.508
235475	0.492
235525	0.516
235575	0.528
235625	0.560
235675	0.520
235725	0.540
235775	0.500
235825	0.508
235875	0.484
235925	0.484
235975	0.488
236025	0.528
236075	0.524
236125	0.516
236175	0.528
236225	0.516
236275	0.524
236325	0.508
236375	0.516
236425	0.528
236475	0.512
236525	0.480
236575	0.484
236625	0.488
236675	0.492
236725	0.472
236775	0.456
236825	0.452
236875	0.432
236925	0.388
236975	0.420
237025	0.448
237075	0.452
237125	0.440
237175	0.440
237225	0.416
237275	0.384
237325	0.392
237375	0.424
237425	0.456
237475	0.480
237525	0.512
237575	0.528
237625	0.520
237675	0.516
237725	0.504
237775	0.480
237825	0.432
237875	0.424
237925	0.444
237975	0.480
238025	0.532
238075	0.560
238125	0.596
238175	0.612
238225	0.652
238275	0.652
238325	0.696
238375	0.700
238425	0.688
238475	0.672
238525	0.688
238575	0.688
238625	0.704
238675	0.704
238725	0.704
238775	0.672
238825	0.652
238875	0.584
238925	0.560
238975	0.488
239025	0.412
239075	0.388
239125	0.384
239175	0.408
239225	0.432
239275	0.496
239325	0.508
239375	0.552
239425	0.532
239475	0.552
239525	0.572
239575	0.572
239625	0.584
239675	0.608
239725	0.592
239775	0.556
239825	0.540
239875	0.540
239925	0.520
239975	0.548
240025	0.568
240075	0.584
240125	0.564
240175	0.560
240225	0.556
240275	0.560
240325	0.532
240375	0.492
240425	0.492
240475	0.448
240525	0.436
240575	0.492
240625	0.544
240675	0.536
240725	0.520
240775	0.528
240825	0.460
240875	0.452
240925	0.448
240975	0.468
241025	0.464
241075	0.492
241125	0.508
241175	0.504
241225	0.508
241275	0.496
241325	0.508
241375	0.488
241425	0.512
241475	0.536
241525	0.536
241575	0.516
241625	0.516
241675	0.508
241725	0.484
241775	0.492
241825	0.484
241875	0.484
241925	0.476
241975	0.468
242025	0.488
242075	0.500
242125	0.488
242175	0.496
242225	0.504
242275	0.468
242325	0.444
242375	0.444
242425	0.424
242475	0.436
242525	0.456
242575	0.448
242625	0.456
242675	0.480
242725	0.496
242775	0.500
242825	0.552
242875	0.588
242925	0.600
242975	0.592
243025	0.592
243075	0.588
243125	0.568
243175	0.576
243225	0.568
243275	0.548
243325	0.524
243375	0.504
243425	0.492
243475	0.468
243525	0.492
243575	0.488
243625	0.516
243675	0.516
243725	0.532
243775	0.512
243825	0.548
243875	0.528
243925	0.512
243975	0.536
244025	0.552
244075	0.560
244125	0.588
244175	0.584
244225	0.580
244275	0.580
244325	0.568
244375	0.540
244425	0.548
244475	0.564
244525	0.572
244575	0.600
244625	0.600
244675	0.596
244725	0.580
244775	0.568
244825	0.532
244875	0.532
244925	0.524
244975	0.520
245025	0.536
245075	0.540
245125	0.528
245175	0.532
245225	0.540
245275	0.508
245325	0.508
245375	0.520
245425	0.528
245475	0.508
245525	0.516
245575	0.504
245625	0.508
245675	0.528
245725	0.536
245775	0.540
245825	0.556
245875	0.548
245925	0.512
245975	0.484
246025	0.464
246075	0.452
246125	0.468
246175	0.460
246225	0.504
246275	0.524
246325	0.480
246375	0.464
246425	0.500
246475	0.460
246525	0.460
246575	0.480
246625	0.428
246675	0.388
246725	0.408
246775	0.372
246825	0.364
246875	0.392
246925	0.416
246975	0.392
247025	0.408
247075	0.412
247125	0.436
247175	0.412
247225	0.400
247275	0.416
247325	0.412
247375	0.384
247425	0.368
247475	0.380
247525	0.372
247575	0.396
247625	0.400
247675	0.428
247725	0.412
247775	0.412
247825	0.436
247875	0.424
247925	0.408
247975	0.408
248025	0.388
248075	0.344
248125	0.360
248175	0.376
248225	0.412
248275	0.420
248325	0.408
248375	0.424
248425	0.456
248475	0.448
248525	0.456
248575	0.452
248625	0.464
248675	0.444
248725	0.464
248775	0.496
248825	0.496
248875	0.476
248925	0.468
248975	0.448
249025	0.412
249075	0.444
249125	0.464
249175	0.500
249225	0.524
249275	0.540
249325	0.548
249375	0.568
249425	0.536
249475	0.520
249525	0.548
249575	0.572
249625	0.532
249675	0.552
249725	0.564
249775	0.536
249825	0.512
249875	0.512
249925	0.512
249975	0.516
250025	0.516
250075	0.516
250125	0.532
250175	0.512
250225	0.472
250275	0.464
250325	0.456
250375	0.496
250425	0.500
250475	0.504
250525	0.524
250575	0.548
250625	0.512
250675	0.504
250725	0.524
250775	0.504
250825	0.512
250875	0.524
250925	0.532
250975	0.548
251025	0.556
251075	0.540
251125	0.532
251175	0.536
251225	0.552
251275	0.564
251325	0.564
251375	0.552
251425	0.540
251475	0.520
251525	0.504
251575	0.520
251625	0.528
251675	0.528
251725	0.520
251775	0.512
251825	0.496
251875	0.492
251925	0.512
251975	0.524
252025	0.532
252075	0.532
252125	0.552
252175	0.532
252225	0.520
252275	0.536
252325	0.532
252375	0.488
252425	0.500
252475	0.508
252525	0.500
252575	0.500
252625	0.516
252675	0.512
252725	0.508
252775	0.524
252825	0.544
252875	0.556
252925	0.572
252975	0.576
253025	0.540
253075	0.520
253125	0.512
253175	0.492
253225	0.472
253275	0.516
253325	0.516
253375	0.516
253425	0.524
253475	0.532
253525	0.504
253575	0.492
253625	0.484
253675	0.496
253725	0.512
253775	0.520
253825	0.508
253875	0.512
253925	0.472
253975	0.468
254025	0.468
254075	0.484
254125	0.508
254175	0.516
254225	0.500
254275	0.500
254325	0.496
254375	0.492
254425	0.484
254475	0.476
254525	0.452
254575	0.452
254625	0.428
254675	0.456
254725	0.440
254775	0.476
254825	0.468
254875	0.484
254925	0.484
254975	0.532
255025	0.516
255075	0.500
255125	0.512
255175	0.488
255225	0.476
255275	0.452
255325	0.468
255375	0.476
255425	0.508
255475	0.488
255525	0.508
255575	0.540
255625	0.524
255675	0.520
255725	0.512
255775	0.544
255825	0.528
255875	0.520
255925	0.524
255975	0.572
256025	0.528
256075	0.536
256125	0.540
256175	0.552
256225	0.536
256275	0.560
256325	0.544
256375	0.576
256425	0.536
256475	0.548
256525	0.556
256575	0.584
256625	0.556
256675	0.580
256725	0.540
256775	0.536
256825	0.512
256875	0.488
256925	0.476
256975	0.512
257025	0.508
257075	0.528
257125	0.560
257175	0.608
257225	0.608
257275	0.644
257325	0.636
257375	0.612
257425	0.584
257475	0.576
257525	0.576
257575	0.560
257625	0.564
257675	0.560
257725	0.564
257775	0.516
257825	0.524
257875	0.544
257925	0.544
257975	0.520
258025	0.536
258075	0.536
258125	0.528
258175	0.544
258225	0.572
258275	0.576
258325	0.596
258375	0.576
258425	0.544
258475	0.524
258525	0.500
258575	0.480
258625	0.500
258675	0.516
258725	0.532
258775	0.552
258825	0.580
258875	0.584
258925	0.580
258975	0.600
259025	0.600
259075	0.608
259125	0.592
259175	0.604
259225	0.608
259275	0.608
259325	0.604
259375	0.624
259425	0.624
259475	0.604
259525	0.580
259575	0.548
259625	0.536
259675	0.524
259725	0.548
259775	0.612
259825	0.624
259875	0.660
259925	0.668
259975	0.648
260025	0.620
260075	0.632
260125	0.596
260175	0.592
260225	0.568
260275	0.540
260325	0.536
260375	0.536
260425	0.532
260475	0.540
260525	0.528
260575	0.484
260625	0.436
260675	0.404
260725	0.356
260775	0.356
260825	0.348
260875	0.384
260925	0.380
260975	0.396
261025	0.436
261075	0.444
261125	0.456
261175	0.480
261225	0.500
261275	0.488
261325	0.520
261375	0.524
261425	0.544
261475	0.564
261525	0.576
261575	0.576
261625	0.568
261675	0.552
261725	0.564
261775	0.532
261825	0.544
261875	0.560
261925	0.568
261975	0.568
262025	0.592
262075	0.576
262125	0.572
262175	0.588
262225	0.540
262275	0.524
262325	0.560
262375	0.552
262425	0.524
262475	0.556
262525	0.580
262575	0.552
262625	0.572
262675	0.592
262725	0.596
262775	0.584
262825	0.604
262875	0.596
262925	0.584
262975	0.596
263025	0.604
263075	0.596
263125	0.580
263175	0.592
263225	0.596
263275	0.588
263325	0.584
263375	0.592
263425	0.604
263475	0.596
263525	0.612
263575	0.632
263625	0.632
263675	0.616
263725	0.596
263775	0.548
263825	0.508
263875	0.504
263925	0.464
263975	0.436
264025	0.440
264075	0.412
264125	0.368
264175	0.376
264225	0.392
264275	0.368
264325	0.380
264375	0.416
264425	0.428
264475	0.416
264525	0.448
264575	0.472
264625	0.484
264675	0.460
264725	0.488
264775	0.516
264825	0.544
264875	0.544
264925	0.592
264975	0.592
265025	0.560
265075	0.548
265125	0.544
265175	0.564
265225	0.556
265275	0.572
265325	0.548
265375	0.540
265425	0.504
265475	0.528
265525	0.496
265575	0.460
265625	0.448
265675	0.440
265725	0.396
265775	0.416
265825	0.452
265875	0.428
265925	0.420
265975	0.420
266025	0.392
266075	0.408
266125	0.428
266175	0.428
266225	0.428
266275	0.456
266325	0.440
266375	0.464
266425	0.480
266475	0.500
266525	0.500
266575	0.496
266625	0.496
266675	0.484
266725	0.484
266775	0.508
266825	0.516
266875	0.496
266925	0.516
266975	0.532
267025	0.500
267075	0.484
267125	0.484
267175	0.464
267225	0.404
267275	0.428
267325	0.432
267375	0.440
267425	0.416
267475	0.460
267525	0.400
267575	0.376
267625	0.372
267675	0.408
267725	0.420
267775	0.488
267825	0.520
267875	0.524
267925	0.536
267975	0.564
268025	0.556
268075	0.560
268125	0.576
268175	0.576
268225	0.548
268275	0.544
268325	0.544
268375	0.556
268425	0.564
268475	0.548
268525	0.560
268575	0.568
268625	0.540
268675	0.520
268725	0.508
268775	0.500
268825	0.500
268875	0.528
268925	0.536
268975	0.556
269025	0.556
269075	0.540
269125	0.516
269175	0.504
269225	0.508
269275	0.528
269325	0.544
269375	0.572
269425	0.584
269475	0.596
269525	0.572
269575	0.584
269625	0.572
269675	0.572
269725	0.560
269775	0.560
269825	0.544
269875	0.524
269925	0.512
269975	0.520
270025	0.516
270075	0.504
270125	0.512
270175	0.556
270225	0.532
270275	0.556
270325	0.548
270375	0.580
270425	0.540
270475	0.544
270525	0.528
270575	0.532
270625	0.488
270675	0.492
270725	0.488
270775	0.488
270825	0.488
270875	0.512
270925	0.512
270975	0.540
271025	0.532
271075	0.536
271125	0.512
271175	0.504
271225	0.472
271275	0.468
271325	0.460
271375	0.480
271425	0.476
271475	0.484
271525	0.476
271575	0.476
271625	0.472
271675	0.480
271725	0.492
271775	0.516
271825	0.524
271875	0.520
271925	0.512
271975	0.500
272025	0.488
272075	0.524
272125	0.532
272175	0.544
272225	0.536
272275	0.552
272325	0.524
272375	0.536
272425	0.564
272475	0.604
272525	0.576
272575	0.584
272625	0.556
272675	0.532
272725	0.508
272775	0.528
272825	0.532
272875	0.544
272925	0.556
272975	0.564
273025	0.568
273075	0.584
273125	0.560
273175	0.548
273225	0.576
273275	0.576
273325	0.592
273375	0.628
273425	0.648
273475	0.612
273525	0.600
273575	0.564
273625	0.568
273675	0.544
273725	0.556
273775	0.560
273825	0.544
273875	0.548
273925	0.556
273975	0.544
274025	0.540
274075	0.552
274125	0.516
274175	0.500
274225	0.500
274275	0.524
274325	0.516
274375	0.552
274425	0.540
274475	0.544
274525	0.520
274575	0.500
274625	0.500
274675	0.496
274725	0.476
274775	0.452
274825	0.452
274875	0.420
274925	0.444
274975	0.448
275025	0.476
275075	0.488
275125	0.484
275175	0.480
275225	0.480
275275	0.476
275325	0.484
275375	0.500
275425	0.516
275475	0.556
275525	0.572
275575	0.568
275625	0.560
275675	0.552
275725	0.512
275775	0.512
275825	0.528
275875	0.536
275925	0.512
275975	0.488
276025	0.444
276075	0.428
276125	0.396
276175	0.428
276225	0.444
276275	0.460
276325	0.440
276375	0.472
276425	0.448
276475	0.464
276525	0.484
276575	0.540
276625	0.568
276675	0.624
276725	0.656
276775	0.672
276825	0.652
276875	0.652
276925	0.648
276975	0.628
277025	0.620
277075	0.632
277125	0.612
277175	0.560
277225	0.560
277275	0.536
277325	0.512
277375	0.488
277425	0.512
277475	0.532
277525	0.532
277575	0.536
277625	0.548
277675	0.548
277725	0.520
277775	0.540
277825	0.556
277875	0.576
277925	0.588
277975	0.592
278025	0.600
278075	0.592
278125	0.584
278175	0.588
278225	0.580
278275	0.560
278325	0.564
278375	0.548
278425	0.532
278475	0.532
278525	0.536
278575	0.540
278625	0.548
278675	0.576
278725	0.568
278775	0.556
278825	0.528
278875	0.516
278925	0.500
278975	0.540
279025	0.556
279075	0.572
279125	0.544
279175	0.528
279225	0.488
279275	0.488
279325	0.480
279375	0.520
279425	0.496
279475	0.512
279525	0.504
279575	0.468
279625	0.476
279675	0.484
279725	0.504
279775	0.512
279825	0.556
279875	0.520
279925	0.528
279975	0.476
280025	0.488
280075	0.500
280125	0.516
280175	0.512
280225	0.540
280275	0.528
280325	0.496
280375	0.488
280425	0.492
280475	0.480
280525	0.492
280575	0.524
280625	0.540
280675	0.544
280725	0.544
280775	0.528
280825	0.508
280875	0.516
280925	0.508
280975	0.516
281025	0.508
281075	0.492
281125	0.492
281175	0.504
281225	0.532
281275	0.540
281325	0.564
281375	0.572
281425	0.580
281475	0.556
281525	0.596
281575	0.604
281625	0.620
281675	0.636
281725	0.656
281775	0.628
281825	0.640
281875	0.628
281925	0.628
281975	0.620
282025	0.624
282075	0.592
282125	0.592
282175	0.540
282225	0.484
282275	0.476
282325	0.448
282375	0.360
282425	0.368
282475	0.416
282525	0.400
282575	0.432
282625	0.508
282675	0.516
282725	0.472
282775	0.492
282825	0.492
282875	0.464
282925	0.440
282975	0.480
283025	0.460
283075	0.456
283125	0.448
283175	0.484
283225	0.480
283275	0.468
283325	0.464
283375	0.492
283425	0.464
283475	0.484
283525	0.516
283575	0.512
283625	0.504
283675	0.516
283725	0.484
283775	0.472
283825	0.496
283875	0.452
283925	0.480
283975	0.484
284025	0.472
284075	0.460
284125	0.508
284175	0.468
284225	0.476
284275	0.472
284325	0.464
284375	0.460
284425	0.504
284475	0.536
284525	0.560
284575	0.596
284625	0.624
284675	0.616
284725	0.596
284775	0.600
284825	0.592
284875	0.584
284925	0.576
284975	0.604
285025	0.588
285075	0.584
285125	0.540
285175	0.544
285225	0.504
285275	0.488
285325	0.460
285375	0.476
285425	0.460
285475	0.456
285525	0.472
285575	0.504
285625	0.528
285675	0.516
285725	0.516
285775	0.556
285825	0.524
285875	0.524
285925	0.540
285975	0.560
286025	0.524
286075	0.544
286125	0.516
286175	0.528
286225	0.508
286275	0.508
286325	0.496
286375	0.508
286425	0.516
286475	0.540
286525	0.576
286575	0.608
286625	0.640
286675	0.644
286725	0.636
286775	0.592
286825	0.548
286875	0.512
286925	0.484
286975	0.484
287025	0.516
287075	0.536
287125	0.520
287175	0.540
287225	0.576
287275	0.584
287325	0.596
287375	0.640
287425	0.628
287475	0.564
287525	0.528
287575	0.520
287625	0.496
287675	0.516
287725	0.544
287775	0.528
287825	0.516
287875	0.548
287925	0.556
287975	0.568
288025	0.600
288075	0.648
288125	0.632
288175	0.612
288225	0.620
288275	0.624
288325	0.620
288375	0.652
288425	0.644
288475	0.644
288525	0.656
288575	0.652
288625	0.632
288675	0.664
288725	0.668
288775	0.668
288825	0.628
288875	0.640
288925	0.620
288975	0.596
289025	0.604
289075	0.628
289125	0.640
289175	0.632
289225	0.640
289275	0.620
289325	0.628
289375	0.620
289425	0.636
289475	0.644
289525	0.652
289575	0.640
289625	0.620
289675	0.612
289725	0.620
289775	0.604
289825	0.632
289875	0.636
289925	0.604
289975	0.568
290025	0.516
290075	0.444
290125	0.412
290175	0.384
290225	0.368
290275	0.408
290325	0.428
290375	0.404
290425	0.428
290475	0.444
290525	0.476
290575	0.500
290625	0.544
290675	0.524
290725	0.500
290775	0.432
290825	0.444
290875	0.428
290925	0.484
290975	0.532
291025	0.584
291075	0.560
291125	0.572
291175	0.552
291225	0.488
291275	0.428
291325	0.376
291375	0.364
291425	0.360
291475	0.412
291525	0.464
291575	0.500
291625	0.500
291675	0.460
291725	0.432
291775	0.408
291825	0.376
291875	0.352
291925	0.400
291975	0.404
292025	0.420
292075	0.444
292125	0.472
292175	0.464
292225	0.452
292275	0.456
292325	0.476
292375	0.488
292425	0.496
292475	0.548
292525	0.552
292575	0.568
292625	0.564
292675	0.540
292725	0.516
292775	0.532
292825	0.540
292875	0.516
292925	0.560
292975	0.556
293025	0.544
293075	0.516
293125	0.508
293175	0.444
293225	0.452
293275	0.424
293325	0.420
293375	0.444
293425	0.504
293475	0.516
293525	0.520
293575	0.512
293625	0.472
293675	0.440
293725	0.416
293775	0.428
293825	0.420
293875	0.456
293925	0.452
293975	0.436
294025	0.432
294075	0.456
294125	0.436
294175	0.448
294225	0.460
294275	0.436
294325	0.440
294375	0.448
294425	0.424
294475	0.424
294525	0.464
294575	0.468
294625	0.464
294675	0.472
294725	0.464
294775	0.456
294825	0.448
294875	0.468
294925	0.504
294975	0.524
295025	0.500
295075	0.512
295125	0.520
295175	0.480
295225	0.456
295275	0.484
295325	0.480
295375	0.480
295425	0.504
295475	0.540
295525	0.528
295575	0.544
295625	0.536
295675	0.548
295725	0.504
295775	0.504
295825	0.476
295875	0.448
295925	0.420
295975	0.464
296025	0.496
296075	0.516
296125	0.520
296175	0.508
296225	0.492
296275	0.464
296325	0.460
296375	0.496
296425	0.512
296475	0.496
296525	0.500
296575	0.504
296625	0.496
296675	0.540
296725	0.580
296775	0.608
296825	0.600
296875	0.608
296925	0.572
296975	0.564
297025	0.544
297075	0.536
297125	0.536
297175	0.564
297225	0.560
297275	0.572
297325	0.596
297375	0.604
297425	0.624
297475	0.636
297525	0.652
297575	0.668
297625	0.680
297675	0.660
297725	0.648
297775	0.648
297825	0.608
297875	0.588
297925	0.544
297975	0.512
298025	0.456
298075	0.424
298125	0.412
298175	0.404
298225	0.372
298275	0.352
298325	0.368
298375	0.364
298425	0.376
298475	0.452
298525	0.492
298575	0.492
298625	0.484
298675	0.492
298725	0.480
298775	0.512
298825	0.532
298875	0.544
298925	0.560
298975	0.556
299025	0.528
299075	0.512
299125	0.536
299175	0.536
299225	0.536
299275	0.544
299325	0.584
299375	0.576
299425	0.580
299475	0.592
299525	0.592
299575	0.576
299625	0.532
299675	0.512
299725	0.496
299775	0.492
299825	0.516
299875	0.560
299925	0.592
299975	0.616
300025	0.612
300075	0.604
300125	0.568
300175	0.552
300225	0.560
300275	0.604
300325	0.580
300375	0.596
300425	0.580
300475	0.568
300525	0.520
300575	0.528
300625	0.552
300675	0.572
300725	0.540
300775	0.540
300825	0.540
300875	0.520
300925	0.516
300975	0.524
301025	0.528
301075	0.520
301125	0.512
301175	0.508
301225	0.512
301275	0.508
301325	0.524
301375	0.508
301425	0.552
301475	0.544
301525	0.572
301575	0.556
301625	0.604
301675	0.576
301725	0.596
301775	0.588
301825	0.576
301875	0.568
301925	0.584
301975	0.588
302025	0.564
302075	0.588
302125	0.564
302175	0.520
302225	0.500
302275	0.484
302325	0.452
302375	0.460
302425	0.440
302475	0.444
302525	0.444
302575	0.456
302625	0.428
302675	0.440
302725	0.432
302775	0.408
302825	0.372
302875	0.392
302925	0.384
302975	0.372
303025	0.396
303075	0.424
303125	0.388
303175	0.388
303225	0.396
303275	0.392
303325	0.396
303375	0.420
303425	0.440
303475	0.424
303525	0.464
303575	0.476
303625	0.480
303675	0.468
303725	0.484
303775	0.476
303825	0.468
303875	0.488
303925	0.496
303975	0.516
304025	0.512
304075	0.536
304125	0.536
304175	0.532
304225	0.520
304275	0.504
304325	0.488
304375	0.484
304425	0.508
304475	0.512
304525	0.520
304575	0.512
304625	0.500
304675	0.488
304725	0.476
304775	0.504
304825	0.512
304875	0.540
304925	0.572
304975	0.572
305025	0.528
305075	0.524
305125	0.496
305175	0.464
305225	0.484
305275	0.520
305325	0.516
305375	0.492
305425	0.464
305475	0.404
305525	0.364
305575	0.348
305625	0.368
305675	0.348
305725	0.352
305775	0.320
305825	0.300
305875	0.256
305925	0.244
305975	0.208
306025	0.204
306075	0.184
306125	0.196
306175	0.172
306225	0.168
306275	0.144
306325	0.128
306375	0.096
306425	0.100
306475	0.096
306525	0.088
306575	0.076
306625	0.064
306675	0.076
306725	0.100
306775	0.144
306825	0.168
306875	0.220
306925	0.240
306975	0.264
307025	0.252
307075	0.244
307125	0.200
307175	0.148
307225	0.116
307275	0.116
307325	0.140
307375	0.172
307425	0.232
307475	0.276
307525	0.252
307575	0.252
307625	0.228
307675	0.192
307725	0.140
307775	0.156
307825	0.124
307875	0.120
307925	0.120
307975	0.120
308025	0.100
308075	0.096
308125	0.108
308175	0.116
308225	0.152
308275	0.160
308325	0.160
308375	0.156
