Position	Percent G+C 1 .. 105486
125	0.096
175	0.096
225	0.100
275	0.096
325	0.088
375	0.088
425	0.080
475	0.060
525	0.048
575	0.040
625	0.060
675	0.052
725	0.044
775	0.052
825	0.052
875	0.028
925	0.040
975	0.048
1025	0.048
1075	0.052
1125	0.060
1175	0.064
1225	0.072
1275	0.148
1325	0.228
1375	0.304
1425	0.404
1475	0.460
1525	0.464
1575	0.448
1625	0.432
1675	0.412
1725	0.412
1775	0.384
1825	0.380
1875	0.364
1925	0.348
1975	0.320
2025	0.332
2075	0.336
2125	0.364
2175	0.384
2225	0.424
2275	0.420
2325	0.416
2375	0.416
2425	0.428
2475	0.424
2525	0.436
2575	0.432
2625	0.444
2675	0.376
2725	0.360
2775	0.364
2825	0.396
2875	0.408
2925	0.436
2975	0.432
3025	0.436
3075	0.424
3125	0.412
3175	0.420
3225	0.440
3275	0.444
3325	0.448
3375	0.472
3425	0.476
3475	0.496
3525	0.484
3575	0.496
3625	0.464
3675	0.460
3725	0.472
3775	0.476
3825	0.472
3875	0.456
3925	0.452
3975	0.432
4025	0.428
4075	0.416
4125	0.440
4175	0.468
4225	0.464
4275	0.460
4325	0.476
4375	0.468
4425	0.460
4475	0.448
4525	0.464
4575	0.464
4625	0.460
4675	0.456
4725	0.464
4775	0.444
4825	0.432
4875	0.436
4925	0.444
4975	0.452
5025	0.464
5075	0.448
5125	0.436
5175	0.408
5225	0.432
5275	0.440
5325	0.448
5375	0.452
5425	0.484
5475	0.424
5525	0.392
5575	0.380
5625	0.392
5675	0.364
5725	0.420
5775	0.424
5825	0.432
5875	0.444
5925	0.456
5975	0.424
6025	0.452
6075	0.468
6125	0.448
6175	0.472
6225	0.480
6275	0.468
6325	0.472
6375	0.508
6425	0.464
6475	0.488
6525	0.512
6575	0.500
6625	0.456
6675	0.492
6725	0.452
6775	0.428
6825	0.416
6875	0.416
6925	0.416
6975	0.444
7025	0.432
7075	0.424
7125	0.464
7175	0.456
7225	0.372
7275	0.332
7325	0.288
7375	0.232
7425	0.184
7475	0.196
7525	0.176
7575	0.180
7625	0.212
7675	0.240
7725	0.276
7775	0.356
7825	0.424
7875	0.424
7925	0.468
7975	0.520
8025	0.540
8075	0.548
8125	0.544
8175	0.516
8225	0.480
8275	0.472
8325	0.452
8375	0.456
8425	0.436
8475	0.428
8525	0.408
8575	0.392
8625	0.404
8675	0.436
8725	0.436
8775	0.452
8825	0.484
8875	0.480
8925	0.448
8975	0.440
9025	0.384
9075	0.380
9125	0.336
9175	0.352
9225	0.376
9275	0.416
9325	0.432
9375	0.484
9425	0.480
9475	0.456
9525	0.480
9575	0.468
9625	0.456
9675	0.452
9725	0.476
9775	0.468
9825	0.436
9875	0.420
9925	0.424
9975	0.416
10025	0.416
10075	0.428
10125	0.440
10175	0.428
10225	0.416
10275	0.388
10325	0.376
10375	0.384
10425	0.384
10475	0.392
10525	0.420
10575	0.444
10625	0.448
10675	0.468
10725	0.448
10775	0.436
10825	0.440
10875	0.424
10925	0.420
10975	0.472
11025	0.472
11075	0.436
11125	0.396
11175	0.396
11225	0.360
11275	0.352
11325	0.348
11375	0.376
11425	0.364
11475	0.352
11525	0.352
11575	0.372
11625	0.368
11675	0.360
11725	0.400
11775	0.384
11825	0.368
11875	0.376
11925	0.356
11975	0.324
12025	0.300
12075	0.304
12125	0.304
12175	0.308
12225	0.304
12275	0.328
12325	0.324
12375	0.328
12425	0.356
12475	0.360
12525	0.364
12575	0.372
12625	0.372
12675	0.372
12725	0.388
12775	0.376
12825	0.380
12875	0.352
12925	0.336
12975	0.328
13025	0.380
13075	0.384
13125	0.412
13175	0.452
13225	0.512
13275	0.516
13325	0.556
13375	0.600
13425	0.588
13475	0.548
13525	0.520
13575	0.504
13625	0.484
13675	0.452
13725	0.428
13775	0.440
13825	0.436
13875	0.420
13925	0.464
13975	0.484
14025	0.476
14075	0.484
14125	0.476
14175	0.472
14225	0.472
14275	0.464
14325	0.452
14375	0.440
14425	0.444
14475	0.412
14525	0.436
14575	0.416
14625	0.444
14675	0.416
14725	0.432
14775	0.408
14825	0.400
14875	0.392
14925	0.388
14975	0.376
15025	0.388
15075	0.400
15125	0.364
15175	0.352
15225	0.368
15275	0.356
15325	0.360
15375	0.396
15425	0.392
15475	0.392
15525	0.384
15575	0.360
15625	0.324
15675	0.344
15725	0.344
15775	0.348
15825	0.340
15875	0.348
15925	0.336
15975	0.312
16025	0.320
16075	0.348
16125	0.360
16175	0.400
16225	0.408
16275	0.408
16325	0.396
16375	0.392
16425	0.344
16475	0.360
16525	0.336
16575	0.348
16625	0.344
16675	0.332
16725	0.352
16775	0.364
16825	0.376
16875	0.384
16925	0.416
16975	0.388
17025	0.396
17075	0.388
17125	0.420
17175	0.460
17225	0.468
17275	0.496
17325	0.536
17375	0.560
17425	0.540
17475	0.548
17525	0.520
17575	0.500
17625	0.468
17675	0.460
17725	0.456
17775	0.436
17825	0.408
17875	0.360
17925	0.372
17975	0.356
18025	0.384
18075	0.396
18125	0.448
18175	0.432
18225	0.444
18275	0.444
18325	0.440
18375	0.408
18425	0.416
18475	0.436
18525	0.432
18575	0.444
18625	0.508
18675	0.540
18725	0.548
18775	0.580
18825	0.616
18875	0.572
18925	0.532
18975	0.524
19025	0.472
19075	0.412
19125	0.380
19175	0.368
19225	0.324
19275	0.308
19325	0.300
19375	0.320
19425	0.328
19475	0.372
19525	0.444
19575	0.484
19625	0.484
19675	0.496
19725	0.496
19775	0.496
19825	0.492
19875	0.500
19925	0.496
19975	0.492
20025	0.464
20075	0.460
20125	0.480
20175	0.484
20225	0.468
20275	0.472
20325	0.484
20375	0.484
20425	0.500
20475	0.536
20525	0.532
20575	0.512
20625	0.520
20675	0.500
20725	0.476
20775	0.460
20825	0.476
20875	0.436
20925	0.420
20975	0.400
21025	0.416
21075	0.428
21125	0.432
21175	0.416
21225	0.448
21275	0.452
21325	0.428
21375	0.424
21425	0.460
21475	0.416
21525	0.400
21575	0.388
21625	0.380
21675	0.376
21725	0.384
21775	0.408
21825	0.412
21875	0.436
21925	0.408
21975	0.432
22025	0.432
22075	0.444
22125	0.432
22175	0.448
22225	0.436
22275	0.424
22325	0.404
22375	0.412
22425	0.400
22475	0.392
22525	0.360
22575	0.380
22625	0.372
22675	0.384
22725	0.400
22775	0.420
22825	0.444
22875	0.468
22925	0.464
22975	0.468
23025	0.476
23075	0.424
23125	0.400
23175	0.412
23225	0.380
23275	0.372
23325	0.392
23375	0.400
23425	0.404
23475	0.436
23525	0.428
23575	0.428
23625	0.432
23675	0.412
23725	0.376
23775	0.392
23825	0.384
23875	0.340
23925	0.360
23975	0.372
24025	0.372
24075	0.416
24125	0.440
24175	0.436
24225	0.448
24275	0.468
24325	0.436
24375	0.448
24425	0.408
24475	0.400
24525	0.388
24575	0.400
24625	0.392
24675	0.460
24725	0.496
24775	0.520
24825	0.524
24875	0.540
24925	0.564
24975	0.568
25025	0.540
25075	0.516
25125	0.520
25175	0.472
25225	0.444
25275	0.488
25325	0.496
25375	0.512
25425	0.496
25475	0.484
25525	0.428
25575	0.400
25625	0.348
25675	0.388
25725	0.384
25775	0.392
25825	0.420
25875	0.416
25925	0.396
25975	0.416
26025	0.432
26075	0.432
26125	0.468
26175	0.460
26225	0.440
26275	0.436
26325	0.452
26375	0.460
26425	0.480
26475	0.492
26525	0.484
26575	0.488
26625	0.484
26675	0.452
26725	0.484
26775	0.480
26825	0.464
26875	0.448
26925	0.472
26975	0.452
27025	0.448
27075	0.468
27125	0.496
27175	0.492
27225	0.500
27275	0.484
27325	0.440
27375	0.432
27425	0.420
27475	0.416
27525	0.448
27575	0.468
27625	0.464
27675	0.468
27725	0.448
27775	0.428
27825	0.392
27875	0.368
27925	0.376
27975	0.388
28025	0.416
28075	0.448
28125	0.476
28175	0.508
28225	0.508
28275	0.492
28325	0.504
28375	0.476
28425	0.432
28475	0.420
28525	0.420
28575	0.404
28625	0.400
28675	0.416
28725	0.412
28775	0.400
28825	0.408
28875	0.436
28925	0.432
28975	0.452
29025	0.464
29075	0.456
29125	0.456
29175	0.432
29225	0.416
29275	0.420
29325	0.424
29375	0.424
29425	0.472
29475	0.456
29525	0.436
29575	0.404
29625	0.388
29675	0.348
29725	0.352
29775	0.344
29825	0.372
29875	0.364
29925	0.356
29975	0.372
30025	0.420
30075	0.404
30125	0.416
30175	0.436
30225	0.432
30275	0.404
30325	0.404
30375	0.392
30425	0.360
30475	0.380
30525	0.364
30575	0.360
30625	0.364
30675	0.352
30725	0.320
30775	0.308
30825	0.340
30875	0.344
30925	0.368
30975	0.400
31025	0.404
31075	0.368
31125	0.356
31175	0.360
31225	0.344
31275	0.356
31325	0.396
31375	0.420
31425	0.448
31475	0.452
31525	0.468
31575	0.464
31625	0.476
31675	0.484
31725	0.488
31775	0.484
31825	0.492
31875	0.484
31925	0.440
31975	0.404
32025	0.416
32075	0.396
32125	0.376
32175	0.368
32225	0.360
32275	0.340
32325	0.368
32375	0.360
32425	0.420
32475	0.464
32525	0.444
32575	0.400
32625	0.416
32675	0.400
32725	0.384
32775	0.392
32825	0.380
32875	0.368
32925	0.340
32975	0.336
33025	0.328
33075	0.388
33125	0.424
33175	0.444
33225	0.444
33275	0.484
33325	0.444
33375	0.444
33425	0.492
33475	0.524
33525	0.504
33575	0.524
33625	0.504
33675	0.440
33725	0.428
33775	0.432
33825	0.416
33875	0.412
33925	0.416
33975	0.400
34025	0.420
34075	0.432
34125	0.416
34175	0.432
34225	0.432
34275	0.436
34325	0.456
34375	0.476
34425	0.460
34475	0.492
34525	0.480
34575	0.492
34625	0.504
34675	0.520
34725	0.484
34775	0.492
34825	0.468
34875	0.460
34925	0.472
34975	0.472
35025	0.464
35075	0.464
35125	0.480
35175	0.464
35225	0.496
35275	0.508
35325	0.492
35375	0.460
35425	0.460
35475	0.440
35525	0.428
35575	0.452
35625	0.484
35675	0.460
35725	0.472
35775	0.484
35825	0.492
35875	0.456
35925	0.476
35975	0.464
36025	0.444
36075	0.420
36125	0.472
36175	0.472
36225	0.488
36275	0.528
36325	0.544
36375	0.508
36425	0.488
36475	0.488
36525	0.448
36575	0.444
36625	0.440
36675	0.464
36725	0.456
36775	0.480
36825	0.496
36875	0.504
36925	0.500
36975	0.508
37025	0.480
37075	0.456
37125	0.440
37175	0.452
37225	0.468
37275	0.492
37325	0.528
37375	0.544
37425	0.520
37475	0.512
37525	0.468
37575	0.396
37625	0.392
37675	0.408
37725	0.352
37775	0.380
37825	0.416
37875	0.420
37925	0.428
37975	0.456
38025	0.484
38075	0.460
38125	0.464
38175	0.448
38225	0.436
38275	0.404
38325	0.460
38375	0.468
38425	0.476
38475	0.512
38525	0.504
38575	0.468
38625	0.464
38675	0.460
38725	0.460
38775	0.468
38825	0.472
38875	0.448
38925	0.440
38975	0.388
39025	0.384
39075	0.368
39125	0.360
39175	0.348
39225	0.376
39275	0.384
39325	0.424
39375	0.448
39425	0.472
39475	0.476
39525	0.488
39575	0.448
39625	0.444
39675	0.448
39725	0.460
39775	0.432
39825	0.448
39875	0.444
39925	0.448
39975	0.456
40025	0.484
40075	0.480
40125	0.500
40175	0.488
40225	0.468
40275	0.468
40325	0.464
40375	0.448
40425	0.440
40475	0.488
40525	0.476
40575	0.480
40625	0.508
40675	0.504
40725	0.460
40775	0.468
40825	0.460
40875	0.424
40925	0.448
40975	0.448
41025	0.440
41075	0.456
41125	0.468
41175	0.460
41225	0.452
41275	0.468
41325	0.460
41375	0.428
41425	0.404
41475	0.436
41525	0.440
41575	0.436
41625	0.480
41675	0.504
41725	0.492
41775	0.476
41825	0.504
41875	0.488
41925	0.492
41975	0.508
42025	0.524
42075	0.516
42125	0.520
42175	0.512
42225	0.472
42275	0.452
42325	0.452
42375	0.472
42425	0.484
42475	0.500
42525	0.500
42575	0.496
42625	0.468
42675	0.452
42725	0.420
42775	0.428
42825	0.440
42875	0.440
42925	0.472
42975	0.492
43025	0.484
43075	0.472
43125	0.456
43175	0.392
43225	0.380
43275	0.372
43325	0.368
43375	0.396
43425	0.428
43475	0.432
43525	0.416
43575	0.404
43625	0.408
43675	0.416
43725	0.448
43775	0.488
43825	0.504
43875	0.488
43925	0.504
43975	0.504
44025	0.480
44075	0.468
44125	0.472
44175	0.440
44225	0.432
44275	0.428
44325	0.432
44375	0.440
44425	0.468
44475	0.468
44525	0.488
44575	0.484
44625	0.492
44675	0.500
44725	0.492
44775	0.508
44825	0.512
44875	0.516
44925	0.480
44975	0.500
45025	0.472
45075	0.472
45125	0.460
45175	0.464
45225	0.428
45275	0.428
45325	0.444
45375	0.452
45425	0.428
45475	0.464
45525	0.464
45575	0.480
45625	0.476
45675	0.524
45725	0.512
45775	0.524
45825	0.492
45875	0.508
45925	0.488
45975	0.484
46025	0.480
46075	0.480
46125	0.500
46175	0.512
46225	0.512
46275	0.484
46325	0.492
46375	0.468
46425	0.460
46475	0.452
46525	0.464
46575	0.472
46625	0.456
46675	0.452
46725	0.472
46775	0.484
46825	0.472
46875	0.456
46925	0.436
46975	0.424
47025	0.424
47075	0.400
47125	0.416
47175	0.424
47225	0.436
47275	0.436
47325	0.456
47375	0.444
47425	0.484
47475	0.460
47525	0.464
47575	0.468
47625	0.464
47675	0.456
47725	0.480
47775	0.492
47825	0.476
47875	0.484
47925	0.468
47975	0.460
48025	0.452
48075	0.460
48125	0.464
48175	0.464
48225	0.468
48275	0.464
48325	0.480
48375	0.480
48425	0.488
48475	0.480
48525	0.472
48575	0.456
48625	0.456
48675	0.472
48725	0.476
48775	0.448
48825	0.464
48875	0.464
48925	0.436
48975	0.428
49025	0.476
49075	0.452
49125	0.456
49175	0.484
49225	0.488
49275	0.484
49325	0.492
49375	0.508
49425	0.488
49475	0.496
49525	0.512
49575	0.508
49625	0.476
49675	0.480
49725	0.472
49775	0.448
49825	0.448
49875	0.476
49925	0.464
49975	0.456
50025	0.452
50075	0.464
50125	0.424
50175	0.440
50225	0.440
50275	0.428
50325	0.428
50375	0.452
50425	0.428
50475	0.436
50525	0.464
50575	0.468
50625	0.460
50675	0.464
50725	0.472
50775	0.472
50825	0.452
50875	0.444
50925	0.452
50975	0.440
51025	0.436
51075	0.432
51125	0.456
51175	0.468
51225	0.468
51275	0.472
51325	0.488
51375	0.488
51425	0.500
51475	0.504
51525	0.516
51575	0.520
51625	0.520
51675	0.516
51725	0.508
51775	0.488
51825	0.488
51875	0.488
51925	0.460
51975	0.468
52025	0.448
52075	0.448
52125	0.444
52175	0.448
52225	0.448
52275	0.448
52325	0.460
52375	0.468
52425	0.468
52475	0.460
52525	0.464
52575	0.452
52625	0.444
52675	0.440
52725	0.460
52775	0.472
52825	0.452
52875	0.428
52925	0.420
52975	0.404
53025	0.412
53075	0.420
53125	0.432
53175	0.448
53225	0.480
53275	0.456
53325	0.448
53375	0.452
53425	0.456
53475	0.428
53525	0.440
53575	0.424
53625	0.428
53675	0.408
53725	0.416
53775	0.408
53825	0.448
53875	0.456
53925	0.460
53975	0.440
54025	0.468
54075	0.448
54125	0.444
54175	0.444
54225	0.444
54275	0.428
54325	0.464
54375	0.464
54425	0.472
54475	0.476
54525	0.460
54575	0.440
54625	0.448
54675	0.448
54725	0.472
54775	0.480
54825	0.480
54875	0.456
54925	0.468
54975	0.424
55025	0.424
55075	0.428
55125	0.432
55175	0.428
55225	0.456
55275	0.456
55325	0.456
55375	0.484
55425	0.488
55475	0.472
55525	0.488
55575	0.484
55625	0.468
55675	0.448
55725	0.460
55775	0.444
55825	0.436
55875	0.440
55925	0.456
55975	0.428
56025	0.436
56075	0.452
56125	0.440
56175	0.436
56225	0.468
56275	0.460
56325	0.456
56375	0.452
56425	0.452
56475	0.448
56525	0.452
56575	0.464
56625	0.484
56675	0.488
56725	0.488
56775	0.476
56825	0.460
56875	0.444
56925	0.448
56975	0.460
57025	0.476
57075	0.464
57125	0.464
57175	0.464
57225	0.444
57275	0.448
57325	0.488
57375	0.500
57425	0.488
57475	0.508
57525	0.508
57575	0.440
57625	0.436
57675	0.436
57725	0.416
57775	0.396
57825	0.432
57875	0.416
57925	0.452
57975	0.476
58025	0.496
58075	0.500
58125	0.540
58175	0.532
58225	0.508
58275	0.528
58325	0.532
58375	0.504
58425	0.492
58475	0.512
58525	0.492
58575	0.492
58625	0.488
58675	0.448
58725	0.436
58775	0.420
58825	0.420
58875	0.416
58925	0.452
58975	0.472
59025	0.480
59075	0.460
59125	0.472
59175	0.480
59225	0.460
59275	0.460
59325	0.472
59375	0.472
59425	0.456
59475	0.460
59525	0.476
59575	0.468
59625	0.448
59675	0.448
59725	0.440
59775	0.412
59825	0.404
59875	0.452
59925	0.460
59975	0.492
60025	0.528
60075	0.520
60125	0.512
60175	0.512
60225	0.476
60275	0.476
60325	0.500
60375	0.468
60425	0.440
60475	0.448
60525	0.456
60575	0.448
60625	0.436
60675	0.436
60725	0.420
60775	0.372
60825	0.368
60875	0.360
60925	0.368
60975	0.396
61025	0.408
61075	0.420
61125	0.444
61175	0.472
61225	0.476
61275	0.492
61325	0.500
61375	0.492
61425	0.480
61475	0.472
61525	0.444
61575	0.436
61625	0.448
61675	0.440
61725	0.420
61775	0.424
61825	0.432
61875	0.412
61925	0.440
61975	0.448
62025	0.448
62075	0.444
62125	0.436
62175	0.424
62225	0.420
62275	0.424
62325	0.396
62375	0.444
62425	0.436
62475	0.448
62525	0.464
62575	0.496
62625	0.476
62675	0.480
62725	0.512
62775	0.516
62825	0.516
62875	0.524
62925	0.536
62975	0.516
63025	0.508
63075	0.528
63125	0.536
63175	0.532
63225	0.516
63275	0.540
63325	0.500
63375	0.508
63425	0.512
63475	0.524
63525	0.500
63575	0.516
63625	0.500
63675	0.512
63725	0.480
63775	0.456
63825	0.428
63875	0.420
63925	0.360
63975	0.380
64025	0.412
64075	0.428
64125	0.408
64175	0.428
64225	0.424
64275	0.408
64325	0.404
64375	0.424
64425	0.452
64475	0.444
64525	0.456
64575	0.484
64625	0.484
64675	0.476
64725	0.488
64775	0.484
64825	0.476
64875	0.464
64925	0.468
64975	0.460
65025	0.448
65075	0.448
65125	0.444
65175	0.416
65225	0.424
65275	0.408
65325	0.416
65375	0.416
65425	0.420
65475	0.408
65525	0.408
65575	0.380
65625	0.356
65675	0.356
65725	0.368
65775	0.380
65825	0.396
65875	0.412
65925	0.416
65975	0.416
66025	0.432
66075	0.404
66125	0.436
66175	0.428
66225	0.424
66275	0.436
66325	0.420
66375	0.416
66425	0.448
66475	0.472
66525	0.456
66575	0.500
66625	0.508
66675	0.508
66725	0.500
66775	0.532
66825	0.528
66875	0.480
66925	0.472
66975	0.464
67025	0.436
67075	0.428
67125	0.432
67175	0.424
67225	0.396
67275	0.408
67325	0.408
67375	0.472
67425	0.480
67475	0.524
67525	0.524
67575	0.544
67625	0.512
67675	0.504
67725	0.508
67775	0.492
67825	0.504
67875	0.468
67925	0.436
67975	0.372
68025	0.360
68075	0.300
68125	0.340
68175	0.384
68225	0.420
68275	0.396
68325	0.420
68375	0.408
68425	0.388
68475	0.428
68525	0.480
68575	0.468
68625	0.448
68675	0.444
68725	0.400
68775	0.396
68825	0.388
68875	0.392
68925	0.376
68975	0.376
69025	0.336
69075	0.336
69125	0.320
69175	0.328
69225	0.308
69275	0.308
69325	0.332
69375	0.368
69425	0.388
69475	0.408
69525	0.404
69575	0.416
69625	0.424
69675	0.408
69725	0.384
69775	0.380
69825	0.364
69875	0.328
69925	0.304
69975	0.332
70025	0.380
70075	0.384
70125	0.432
70175	0.472
70225	0.464
70275	0.452
70325	0.472
70375	0.444
70425	0.424
70475	0.432
70525	0.432
70575	0.428
70625	0.416
70675	0.436
70725	0.452
70775	0.452
70825	0.436
70875	0.464
70925	0.436
70975	0.384
71025	0.400
71075	0.408
71125	0.388
71175	0.392
71225	0.428
71275	0.416
71325	0.420
71375	0.412
71425	0.440
71475	0.460
71525	0.468
71575	0.480
71625	0.524
71675	0.532
71725	0.516
71775	0.492
71825	0.468
71875	0.448
71925	0.440
71975	0.432
72025	0.460
72075	0.476
72125	0.464
72175	0.468
72225	0.480
72275	0.448
72325	0.444
72375	0.468
72425	0.452
72475	0.460
72525	0.468
72575	0.468
72625	0.444
72675	0.464
72725	0.460
72775	0.476
72825	0.464
72875	0.456
72925	0.428
72975	0.408
73025	0.400
73075	0.408
73125	0.420
73175	0.432
73225	0.432
73275	0.448
73325	0.464
73375	0.460
73425	0.464
73475	0.464
73525	0.464
73575	0.424
73625	0.448
73675	0.468
73725	0.484
73775	0.468
73825	0.492
73875	0.492
73925	0.460
73975	0.452
74025	0.448
74075	0.440
74125	0.416
74175	0.428
74225	0.412
74275	0.412
74325	0.404
74375	0.416
74425	0.428
74475	0.468
74525	0.464
74575	0.476
74625	0.460
74675	0.444
74725	0.416
74775	0.384
74825	0.380
74875	0.388
74925	0.356
74975	0.344
75025	0.396
75075	0.368
75125	0.336
75175	0.368
75225	0.352
75275	0.316
75325	0.364
75375	0.412
75425	0.424
75475	0.452
75525	0.468
75575	0.448
75625	0.444
75675	0.436
75725	0.428
75775	0.440
75825	0.456
75875	0.448
75925	0.444
75975	0.468
76025	0.452
76075	0.456
76125	0.480
76175	0.476
76225	0.476
76275	0.484
76325	0.468
76375	0.436
76425	0.444
76475	0.452
76525	0.448
76575	0.476
76625	0.528
76675	0.540
76725	0.512
76775	0.532
76825	0.524
76875	0.480
76925	0.484
76975	0.488
77025	0.472
77075	0.444
77125	0.448
77175	0.420
77225	0.444
77275	0.420
77325	0.428
77375	0.440
77425	0.456
77475	0.428
77525	0.452
77575	0.456
77625	0.452
77675	0.452
77725	0.432
77775	0.440
77825	0.448
77875	0.444
77925	0.436
77975	0.480
78025	0.464
78075	0.456
78125	0.440
78175	0.456
78225	0.452
78275	0.460
78325	0.472
78375	0.472
78425	0.468
78475	0.444
78525	0.460
78575	0.460
78625	0.444
78675	0.440
78725	0.468
78775	0.460
78825	0.452
78875	0.484
78925	0.492
78975	0.488
79025	0.508
79075	0.540
79125	0.548
79175	0.560
79225	0.580
79275	0.576
79325	0.540
79375	0.540
79425	0.496
79475	0.464
79525	0.424
79575	0.424
79625	0.412
79675	0.452
79725	0.472
79775	0.492
79825	0.516
79875	0.524
79925	0.516
79975	0.500
80025	0.492
80075	0.480
80125	0.476
80175	0.456
80225	0.456
80275	0.456
80325	0.436
80375	0.436
80425	0.428
80475	0.432
80525	0.436
80575	0.448
80625	0.436
80675	0.472
80725	0.476
80775	0.496
80825	0.524
80875	0.524
80925	0.532
80975	0.548
81025	0.520
81075	0.496
81125	0.516
81175	0.488
81225	0.468
81275	0.488
81325	0.452
81375	0.428
81425	0.428
81475	0.416
81525	0.408
81575	0.436
81625	0.452
81675	0.432
81725	0.444
81775	0.424
81825	0.404
81875	0.400
81925	0.428
81975	0.460
82025	0.484
82075	0.504
82125	0.500
82175	0.512
82225	0.476
82275	0.500
82325	0.508
82375	0.524
82425	0.512
82475	0.504
82525	0.468
82575	0.452
82625	0.460
82675	0.436
82725	0.464
82775	0.492
82825	0.504
82875	0.528
82925	0.564
82975	0.532
83025	0.488
83075	0.460
83125	0.412
83175	0.376
83225	0.380
83275	0.416
83325	0.428
83375	0.460
83425	0.472
83475	0.488
83525	0.480
83575	0.488
83625	0.468
83675	0.468
83725	0.480
83775	0.456
83825	0.464
83875	0.472
83925	0.492
83975	0.480
84025	0.508
84075	0.496
84125	0.476
84175	0.444
84225	0.440
84275	0.456
84325	0.468
84375	0.472
84425	0.464
84475	0.460
84525	0.440
84575	0.436
84625	0.420
84675	0.464
84725	0.476
84775	0.484
84825	0.492
84875	0.504
84925	0.464
84975	0.464
85025	0.480
85075	0.452
85125	0.428
85175	0.412
85225	0.400
85275	0.376
85325	0.384
85375	0.404
85425	0.448
85475	0.484
85525	0.488
85575	0.508
85625	0.516
85675	0.528
85725	0.488
85775	0.496
85825	0.492
85875	0.496
85925	0.464
85975	0.488
86025	0.476
86075	0.460
86125	0.440
86175	0.444
86225	0.412
86275	0.408
86325	0.424
86375	0.452
86425	0.484
86475	0.496
86525	0.500
86575	0.492
86625	0.472
86675	0.452
86725	0.452
86775	0.464
86825	0.496
86875	0.508
86925	0.512
86975	0.524
87025	0.532
87075	0.516
87125	0.508
87175	0.480
87225	0.460
87275	0.376
87325	0.360
87375	0.372
87425	0.400
87475	0.416
87525	0.492
87575	0.516
87625	0.508
87675	0.492
87725	0.456
87775	0.412
87825	0.372
87875	0.344
87925	0.336
87975	0.340
88025	0.328
88075	0.328
88125	0.340
88175	0.368
88225	0.384
88275	0.380
88325	0.384
88375	0.416
88425	0.384
88475	0.388
88525	0.420
88575	0.432
88625	0.424
88675	0.456
88725	0.460
88775	0.508
88825	0.500
88875	0.484
88925	0.472
88975	0.452
89025	0.424
89075	0.440
89125	0.464
89175	0.452
89225	0.496
89275	0.496
89325	0.488
89375	0.484
89425	0.484
89475	0.464
89525	0.468
89575	0.480
89625	0.460
89675	0.472
89725	0.492
89775	0.496
89825	0.496
89875	0.516
89925	0.504
89975	0.500
90025	0.504
90075	0.488
90125	0.464
90175	0.472
90225	0.448
90275	0.440
90325	0.444
90375	0.424
90425	0.428
90475	0.448
90525	0.448
90575	0.464
90625	0.508
90675	0.520
90725	0.536
90775	0.524
90825	0.504
90875	0.500
90925	0.504
90975	0.460
91025	0.440
91075	0.428
91125	0.400
91175	0.404
91225	0.440
91275	0.472
91325	0.504
91375	0.532
91425	0.476
91475	0.424
91525	0.400
91575	0.376
91625	0.372
91675	0.408
91725	0.468
91775	0.488
91825	0.496
91875	0.492
91925	0.500
91975	0.480
92025	0.500
92075	0.500
92125	0.504
92175	0.520
92225	0.516
92275	0.508
92325	0.516
92375	0.508
92425	0.484
92475	0.480
92525	0.428
92575	0.440
92625	0.488
92675	0.480
92725	0.464
92775	0.492
92825	0.476
92875	0.464
92925	0.480
92975	0.484
93025	0.484
93075	0.464
93125	0.420
93175	0.420
93225	0.408
93275	0.372
93325	0.356
93375	0.328
93425	0.300
93475	0.320
93525	0.360
93575	0.388
93625	0.396
93675	0.416
93725	0.448
93775	0.420
93825	0.416
93875	0.468
93925	0.472
93975	0.428
94025	0.452
94075	0.464
94125	0.420
94175	0.392
94225	0.396
94275	0.396
94325	0.372
94375	0.404
94425	0.432
94475	0.440
94525	0.476
94575	0.484
94625	0.452
94675	0.432
94725	0.428
94775	0.416
94825	0.456
94875	0.476
94925	0.488
94975	0.500
95025	0.472
95075	0.472
95125	0.468
95175	0.452
95225	0.436
95275	0.428
95325	0.416
95375	0.412
95425	0.448
95475	0.484
95525	0.520
95575	0.500
95625	0.516
95675	0.508
95725	0.516
95775	0.492
95825	0.504
95875	0.492
95925	0.504
95975	0.480
96025	0.492
96075	0.508
96125	0.512
96175	0.488
96225	0.452
96275	0.424
96325	0.404
96375	0.424
96425	0.436
96475	0.460
96525	0.500
96575	0.520
96625	0.508
96675	0.504
96725	0.508
96775	0.504
96825	0.504
96875	0.484
96925	0.480
96975	0.492
97025	0.508
97075	0.456
97125	0.480
97175	0.508
97225	0.476
97275	0.456
97325	0.492
97375	0.500
97425	0.496
97475	0.516
97525	0.504
97575	0.488
97625	0.460
97675	0.436
97725	0.420
97775	0.444
97825	0.436
97875	0.464
97925	0.448
97975	0.472
98025	0.456
98075	0.460
98125	0.424
98175	0.424
98225	0.404
98275	0.380
98325	0.416
98375	0.460
98425	0.464
98475	0.480
98525	0.488
98575	0.452
98625	0.420
98675	0.436
98725	0.444
98775	0.420
98825	0.416
98875	0.404
98925	0.380
98975	0.376
99025	0.404
99075	0.408
99125	0.400
99175	0.432
99225	0.424
99275	0.424
99325	0.420
99375	0.436
99425	0.416
99475	0.408
99525	0.420
99575	0.448
99625	0.460
99675	0.472
99725	0.460
99775	0.440
99825	0.404
99875	0.396
99925	0.372
99975	0.368
100025	0.360
100075	0.388
100125	0.388
100175	0.400
100225	0.436
100275	0.444
100325	0.416
100375	0.428
100425	0.432
100475	0.428
100525	0.428
100575	0.440
100625	0.428
100675	0.440
100725	0.444
100775	0.444
100825	0.488
100875	0.500
100925	0.508
100975	0.508
101025	0.504
101075	0.476
101125	0.488
101175	0.468
101225	0.496
101275	0.524
101325	0.520
101375	0.536
101425	0.552
101475	0.512
101525	0.464
101575	0.480
101625	0.444
101675	0.384
101725	0.372
101775	0.384
101825	0.356
101875	0.348
101925	0.404
101975	0.396
102025	0.432
102075	0.436
102125	0.452
102175	0.444
102225	0.460
102275	0.440
102325	0.432
102375	0.428
102425	0.424
102475	0.400
102525	0.392
102575	0.408
102625	0.408
102675	0.416
102725	0.444
102775	0.476
102825	0.476
102875	0.484
102925	0.448
102975	0.452
103025	0.448
103075	0.460
103125	0.460
103175	0.488
103225	0.492
103275	0.460
103325	0.476
103375	0.480
103425	0.500
103475	0.480
103525	0.492
103575	0.432
103625	0.384
103675	0.320
103725	0.264
103775	0.192
103825	0.152
103875	0.108
103925	0.092
103975	0.080
104025	0.072
104075	0.088
104125	0.152
104175	0.176
104225	0.188
104275	0.192
104325	0.172
104375	0.124
104425	0.100
104475	0.096
104525	0.132
104575	0.124
104625	0.108
104675	0.092
104725	0.080
104775	0.056
104825	0.064
104875	0.064
104925	0.076
104975	0.088
105025	0.084
105075	0.112
105125	0.128
105175	0.128
105225	0.124
105275	0.116
105325	0.084
