Position	Percent G+C 1 .. 261881
125	0.200
175	0.168
225	0.152
275	0.112
325	0.092
375	0.092
425	0.100
475	0.108
525	0.112
575	0.104
625	0.084
675	0.100
725	0.092
775	0.108
825	0.120
875	0.116
925	0.104
975	0.108
1025	0.088
1075	0.072
1125	0.080
1175	0.060
1225	0.064
1275	0.080
1325	0.080
1375	0.084
1425	0.088
1475	0.104
1525	0.108
1575	0.124
1625	0.112
1675	0.152
1725	0.148
1775	0.152
1825	0.180
1875	0.200
1925	0.180
1975	0.160
2025	0.164
2075	0.144
2125	0.124
2175	0.128
2225	0.140
2275	0.148
2325	0.176
2375	0.208
2425	0.232
2475	0.236
2525	0.232
2575	0.204
2625	0.200
2675	0.192
2725	0.212
2775	0.220
2825	0.264
2875	0.300
2925	0.324
2975	0.332
3025	0.360
3075	0.360
3125	0.380
3175	0.428
3225	0.436
3275	0.448
3325	0.480
3375	0.480
3425	0.456
3475	0.460
3525	0.468
3575	0.440
3625	0.456
3675	0.472
3725	0.492
3775	0.476
3825	0.516
3875	0.500
3925	0.480
3975	0.492
4025	0.516
4075	0.488
4125	0.488
4175	0.504
4225	0.480
4275	0.464
4325	0.464
4375	0.496
4425	0.480
4475	0.508
4525	0.532
4575	0.548
4625	0.496
4675	0.520
4725	0.484
4775	0.452
4825	0.440
4875	0.472
4925	0.468
4975	0.488
5025	0.516
5075	0.512
5125	0.484
5175	0.492
5225	0.480
5275	0.472
5325	0.468
5375	0.504
5425	0.488
5475	0.492
5525	0.472
5575	0.484
5625	0.448
5675	0.440
5725	0.448
5775	0.432
5825	0.408
5875	0.424
5925	0.424
5975	0.420
6025	0.456
6075	0.480
6125	0.492
6175	0.496
6225	0.516
6275	0.504
6325	0.496
6375	0.484
6425	0.480
6475	0.464
6525	0.492
6575	0.524
6625	0.528
6675	0.532
6725	0.560
6775	0.548
6825	0.524
6875	0.500
6925	0.476
6975	0.436
7025	0.420
7075	0.388
7125	0.412
7175	0.456
7225	0.452
7275	0.452
7325	0.484
7375	0.492
7425	0.452
7475	0.464
7525	0.476
7575	0.468
7625	0.460
7675	0.464
7725	0.448
7775	0.448
7825	0.468
7875	0.468
7925	0.492
7975	0.512
8025	0.512
8075	0.484
8125	0.488
8175	0.476
8225	0.472
8275	0.480
8325	0.480
8375	0.468
8425	0.476
8475	0.488
8525	0.456
8575	0.444
8625	0.444
8675	0.444
8725	0.440
8775	0.448
8825	0.472
8875	0.496
8925	0.472
8975	0.472
9025	0.476
9075	0.492
9125	0.476
9175	0.484
9225	0.476
9275	0.484
9325	0.452
9375	0.444
9425	0.444
9475	0.436
9525	0.432
9575	0.444
9625	0.436
9675	0.452
9725	0.492
9775	0.512
9825	0.508
9875	0.516
9925	0.516
9975	0.500
10025	0.484
10075	0.500
10125	0.512
10175	0.516
10225	0.516
10275	0.520
10325	0.508
10375	0.504
10425	0.480
10475	0.480
10525	0.448
10575	0.436
10625	0.436
10675	0.452
10725	0.436
10775	0.428
10825	0.452
10875	0.456
10925	0.444
10975	0.476
11025	0.528
11075	0.512
11125	0.508
11175	0.504
11225	0.472
11275	0.456
11325	0.452
11375	0.452
11425	0.448
11475	0.464
11525	0.464
11575	0.468
11625	0.480
11675	0.504
11725	0.500
11775	0.500
11825	0.488
11875	0.484
11925	0.460
11975	0.476
12025	0.476
12075	0.512
12125	0.524
12175	0.544
12225	0.532
12275	0.532
12325	0.528
12375	0.492
12425	0.460
12475	0.436
12525	0.396
12575	0.380
12625	0.392
12675	0.416
12725	0.424
12775	0.428
12825	0.412
12875	0.416
12925	0.420
12975	0.424
13025	0.448
13075	0.456
13125	0.488
13175	0.496
13225	0.496
13275	0.520
13325	0.504
13375	0.476
13425	0.464
13475	0.488
13525	0.488
13575	0.512
13625	0.488
13675	0.472
13725	0.440
13775	0.436
13825	0.444
13875	0.448
13925	0.484
13975	0.516
14025	0.512
14075	0.528
14125	0.568
14175	0.548
14225	0.556
14275	0.580
14325	0.568
14375	0.560
14425	0.576
14475	0.572
14525	0.540
14575	0.532
14625	0.472
14675	0.436
14725	0.392
14775	0.392
14825	0.372
14875	0.376
14925	0.408
14975	0.436
15025	0.440
15075	0.456
15125	0.508
15175	0.500
15225	0.468
15275	0.504
15325	0.492
15375	0.460
15425	0.456
15475	0.464
15525	0.424
15575	0.440
15625	0.428
15675	0.412
15725	0.432
15775	0.444
15825	0.428
15875	0.468
15925	0.508
15975	0.504
16025	0.484
16075	0.488
16125	0.480
16175	0.452
16225	0.436
16275	0.448
16325	0.472
16375	0.476
16425	0.476
16475	0.500
16525	0.480
16575	0.460
16625	0.452
16675	0.476
16725	0.460
16775	0.448
16825	0.428
16875	0.428
16925	0.416
16975	0.420
17025	0.436
17075	0.488
17125	0.484
17175	0.488
17225	0.496
17275	0.508
17325	0.468
17375	0.456
17425	0.456
17475	0.456
17525	0.472
17575	0.524
17625	0.560
17675	0.544
17725	0.536
17775	0.532
17825	0.500
17875	0.480
17925	0.504
17975	0.480
18025	0.484
18075	0.484
18125	0.468
18175	0.460
18225	0.472
18275	0.476
18325	0.480
18375	0.508
18425	0.488
18475	0.508
18525	0.464
18575	0.472
18625	0.460
18675	0.428
18725	0.420
18775	0.448
18825	0.416
18875	0.368
18925	0.384
18975	0.376
19025	0.344
19075	0.340
19125	0.380
19175	0.400
19225	0.396
19275	0.432
19325	0.436
19375	0.432
19425	0.432
19475	0.456
19525	0.428
19575	0.428
19625	0.432
19675	0.424
19725	0.376
19775	0.400
19825	0.408
19875	0.388
19925	0.408
19975	0.448
20025	0.448
20075	0.460
20125	0.472
20175	0.480
20225	0.452
20275	0.452
20325	0.424
20375	0.412
20425	0.388
20475	0.380
20525	0.364
20575	0.388
20625	0.384
20675	0.400
20725	0.408
20775	0.416
20825	0.420
20875	0.412
20925	0.392
20975	0.404
21025	0.408
21075	0.392
21125	0.400
21175	0.384
21225	0.420
21275	0.436
21325	0.468
21375	0.508
21425	0.528
21475	0.500
21525	0.492
21575	0.504
21625	0.492
21675	0.508
21725	0.528
21775	0.512
21825	0.504
21875	0.536
21925	0.556
21975	0.576
22025	0.608
22075	0.584
22125	0.564
22175	0.564
22225	0.540
22275	0.500
22325	0.488
22375	0.468
22425	0.436
22475	0.392
22525	0.388
22575	0.380
22625	0.380
22675	0.372
22725	0.408
22775	0.432
22825	0.436
22875	0.448
22925	0.460
22975	0.456
23025	0.436
23075	0.428
23125	0.420
23175	0.400
23225	0.368
23275	0.392
23325	0.380
23375	0.372
23425	0.392
23475	0.412
23525	0.400
23575	0.408
23625	0.388
23675	0.364
23725	0.372
23775	0.388
23825	0.412
23875	0.452
23925	0.476
23975	0.484
24025	0.456
24075	0.420
24125	0.416
24175	0.436
24225	0.444
24275	0.456
24325	0.484
24375	0.488
24425	0.468
24475	0.456
24525	0.496
24575	0.516
24625	0.524
24675	0.524
24725	0.544
24775	0.536
24825	0.524
24875	0.512
24925	0.548
24975	0.544
25025	0.532
25075	0.532
25125	0.532
25175	0.508
25225	0.472
25275	0.488
25325	0.500
25375	0.504
25425	0.500
25475	0.528
25525	0.516
25575	0.500
25625	0.480
25675	0.496
25725	0.496
25775	0.484
25825	0.508
25875	0.544
25925	0.548
25975	0.544
26025	0.536
26075	0.520
26125	0.516
26175	0.496
26225	0.488
26275	0.496
26325	0.496
26375	0.488
26425	0.476
26475	0.480
26525	0.456
26575	0.456
26625	0.464
26675	0.472
26725	0.484
26775	0.508
26825	0.520
26875	0.536
26925	0.544
26975	0.536
27025	0.528
27075	0.504
27125	0.496
27175	0.492
27225	0.484
27275	0.500
27325	0.508
27375	0.488
27425	0.500
27475	0.532
27525	0.540
27575	0.552
27625	0.572
27675	0.564
27725	0.528
27775	0.492
27825	0.456
27875	0.440
27925	0.452
27975	0.456
28025	0.496
28075	0.540
28125	0.540
28175	0.540
28225	0.584
28275	0.596
28325	0.596
28375	0.604
28425	0.600
28475	0.600
28525	0.608
28575	0.620
28625	0.636
28675	0.652
28725	0.644
28775	0.648
28825	0.632
28875	0.620
28925	0.608
28975	0.584
29025	0.568
29075	0.576
29125	0.592
29175	0.588
29225	0.604
29275	0.580
29325	0.564
29375	0.528
29425	0.492
29475	0.452
29525	0.464
29575	0.472
29625	0.484
29675	0.496
29725	0.512
29775	0.496
29825	0.496
29875	0.512
29925	0.536
29975	0.584
30025	0.612
30075	0.620
30125	0.620
30175	0.628
30225	0.588
30275	0.560
30325	0.536
30375	0.532
30425	0.500
30475	0.528
30525	0.512
30575	0.524
30625	0.548
30675	0.592
30725	0.584
30775	0.608
30825	0.644
30875	0.608
30925	0.608
30975	0.632
31025	0.656
31075	0.652
31125	0.656
31175	0.632
31225	0.616
31275	0.596
31325	0.584
31375	0.552
31425	0.512
31475	0.504
31525	0.516
31575	0.456
31625	0.456
31675	0.480
31725	0.464
31775	0.408
31825	0.408
31875	0.420
31925	0.396
31975	0.380
32025	0.416
32075	0.464
32125	0.488
32175	0.548
32225	0.572
32275	0.568
32325	0.580
32375	0.584
32425	0.588
32475	0.600
32525	0.604
32575	0.580
32625	0.560
32675	0.548
32725	0.528
32775	0.520
32825	0.508
32875	0.532
32925	0.524
32975	0.512
33025	0.528
33075	0.548
33125	0.536
33175	0.532
33225	0.548
33275	0.500
33325	0.488
33375	0.492
33425	0.492
33475	0.488
33525	0.536
33575	0.564
33625	0.580
33675	0.560
33725	0.576
33775	0.564
33825	0.548
33875	0.536
33925	0.544
33975	0.540
34025	0.560
34075	0.568
34125	0.552
34175	0.560
34225	0.552
34275	0.548
34325	0.536
34375	0.496
34425	0.484
34475	0.452
34525	0.428
34575	0.432
34625	0.464
34675	0.484
34725	0.508
34775	0.512
34825	0.516
34875	0.504
34925	0.492
34975	0.512
35025	0.512
35075	0.500
35125	0.512
35175	0.536
35225	0.528
35275	0.524
35325	0.528
35375	0.520
35425	0.488
35475	0.468
35525	0.492
35575	0.492
35625	0.536
35675	0.540
35725	0.560
35775	0.540
35825	0.536
35875	0.504
35925	0.508
35975	0.488
36025	0.496
36075	0.544
36125	0.552
36175	0.580
36225	0.608
36275	0.636
36325	0.600
36375	0.588
36425	0.576
36475	0.548
36525	0.508
36575	0.480
36625	0.460
36675	0.452
36725	0.464
36775	0.452
36825	0.484
36875	0.516
36925	0.528
36975	0.528
37025	0.556
37075	0.540
37125	0.552
37175	0.560
37225	0.592
37275	0.568
37325	0.580
37375	0.592
37425	0.568
37475	0.556
37525	0.568
37575	0.580
37625	0.556
37675	0.568
37725	0.520
37775	0.496
37825	0.480
37875	0.460
37925	0.456
37975	0.480
38025	0.480
38075	0.468
38125	0.492
38175	0.508
38225	0.524
38275	0.548
38325	0.580
38375	0.576
38425	0.544
38475	0.516
38525	0.532
38575	0.516
38625	0.520
38675	0.528
38725	0.552
38775	0.532
38825	0.524
38875	0.516
38925	0.520
38975	0.500
39025	0.524
39075	0.504
39125	0.500
39175	0.480
39225	0.496
39275	0.484
39325	0.512
39375	0.528
39425	0.548
39475	0.564
39525	0.588
39575	0.600
39625	0.592
39675	0.624
39725	0.604
39775	0.592
39825	0.576
39875	0.576
39925	0.560
39975	0.564
40025	0.524
40075	0.516
40125	0.508
40175	0.500
40225	0.488
40275	0.532
40325	0.508
40375	0.476
40425	0.444
40475	0.440
40525	0.412
40575	0.420
40625	0.412
40675	0.424
40725	0.444
40775	0.444
40825	0.440
40875	0.476
40925	0.480
40975	0.484
41025	0.476
41075	0.480
41125	0.496
41175	0.496
41225	0.480
41275	0.476
41325	0.508
41375	0.508
41425	0.512
41475	0.504
41525	0.524
41575	0.516
41625	0.476
41675	0.464
41725	0.484
41775	0.480
41825	0.468
41875	0.464
41925	0.472
41975	0.448
42025	0.440
42075	0.416
42125	0.428
42175	0.428
42225	0.424
42275	0.432
42325	0.428
42375	0.428
42425	0.432
42475	0.428
42525	0.444
42575	0.488
42625	0.500
42675	0.500
42725	0.536
42775	0.512
42825	0.512
42875	0.520
42925	0.528
42975	0.512
43025	0.512
43075	0.496
43125	0.520
43175	0.508
43225	0.500
43275	0.516
43325	0.536
43375	0.516
43425	0.528
43475	0.536
43525	0.528
43575	0.476
43625	0.464
43675	0.424
43725	0.384
43775	0.364
43825	0.376
43875	0.384
43925	0.388
43975	0.400
44025	0.432
44075	0.436
44125	0.428
44175	0.432
44225	0.452
44275	0.452
44325	0.480
44375	0.476
44425	0.496
44475	0.520
44525	0.492
44575	0.492
44625	0.508
44675	0.516
44725	0.496
44775	0.536
44825	0.516
44875	0.512
44925	0.480
44975	0.492
45025	0.456
45075	0.440
45125	0.412
45175	0.448
45225	0.420
45275	0.396
45325	0.420
45375	0.424
45425	0.416
45475	0.456
45525	0.504
45575	0.528
45625	0.552
45675	0.564
45725	0.536
45775	0.528
45825	0.528
45875	0.532
45925	0.512
45975	0.516
46025	0.492
46075	0.452
46125	0.464
46175	0.476
46225	0.476
46275	0.520
46325	0.548
46375	0.524
46425	0.500
46475	0.492
46525	0.460
46575	0.440
46625	0.472
46675	0.496
46725	0.524
46775	0.556
46825	0.568
46875	0.532
46925	0.536
46975	0.504
47025	0.484
47075	0.480
47125	0.492
47175	0.484
47225	0.492
47275	0.480
47325	0.480
47375	0.480
47425	0.476
47475	0.480
47525	0.484
47575	0.480
47625	0.476
47675	0.468
47725	0.468
47775	0.460
47825	0.432
47875	0.432
47925	0.468
47975	0.476
48025	0.512
48075	0.508
48125	0.520
48175	0.516
48225	0.496
48275	0.476
48325	0.512
48375	0.496
48425	0.480
48475	0.488
48525	0.500
48575	0.520
48625	0.548
48675	0.572
48725	0.620
48775	0.632
48825	0.612
48875	0.612
48925	0.612
48975	0.604
49025	0.592
49075	0.604
49125	0.608
49175	0.576
49225	0.552
49275	0.568
49325	0.580
49375	0.568
49425	0.580
49475	0.580
49525	0.584
49575	0.560
49625	0.528
49675	0.528
49725	0.520
49775	0.468
49825	0.468
49875	0.476
49925	0.456
49975	0.436
50025	0.428
50075	0.440
50125	0.428
50175	0.404
50225	0.392
50275	0.408
50325	0.380
50375	0.380
50425	0.404
50475	0.460
50525	0.496
50575	0.504
50625	0.504
50675	0.520
50725	0.500
50775	0.508
50825	0.564
50875	0.628
50925	0.648
50975	0.692
51025	0.696
51075	0.656
51125	0.648
51175	0.648
51225	0.632
51275	0.620
51325	0.652
51375	0.644
51425	0.632
51475	0.624
51525	0.608
51575	0.540
51625	0.500
51675	0.488
51725	0.448
51775	0.432
51825	0.456
51875	0.468
51925	0.448
51975	0.420
52025	0.408
52075	0.420
52125	0.424
52175	0.428
52225	0.460
52275	0.468
52325	0.464
52375	0.480
52425	0.496
52475	0.540
52525	0.584
52575	0.616
52625	0.608
52675	0.608
52725	0.608
52775	0.604
52825	0.584
52875	0.560
52925	0.548
52975	0.528
53025	0.516
53075	0.540
53125	0.568
53175	0.600
53225	0.580
53275	0.556
53325	0.520
53375	0.536
53425	0.536
53475	0.592
53525	0.632
53575	0.652
53625	0.648
53675	0.644
53725	0.648
53775	0.624
53825	0.616
53875	0.620
53925	0.616
53975	0.572
54025	0.600
54075	0.608
54125	0.596
54175	0.608
54225	0.628
54275	0.600
54325	0.564
54375	0.572
54425	0.564
54475	0.560
54525	0.564
54575	0.588
54625	0.572
54675	0.576
54725	0.564
54775	0.568
54825	0.560
54875	0.576
54925	0.576
54975	0.584
55025	0.604
55075	0.628
55125	0.628
55175	0.620
55225	0.624
55275	0.592
55325	0.608
55375	0.588
55425	0.572
55475	0.572
55525	0.604
55575	0.560
55625	0.536
55675	0.560
55725	0.536
55775	0.516
55825	0.532
55875	0.540
55925	0.520
55975	0.512
56025	0.484
56075	0.464
56125	0.452
56175	0.432
56225	0.436
56275	0.452
56325	0.468
56375	0.512
56425	0.524
56475	0.512
56525	0.516
56575	0.516
56625	0.508
56675	0.528
56725	0.544
56775	0.544
56825	0.548
56875	0.544
56925	0.528
56975	0.556
57025	0.560
57075	0.540
57125	0.520
57175	0.536
57225	0.520
57275	0.512
57325	0.556
57375	0.580
57425	0.576
57475	0.552
57525	0.560
57575	0.540
57625	0.544
57675	0.524
57725	0.544
57775	0.556
57825	0.544
57875	0.528
57925	0.532
57975	0.516
58025	0.504
58075	0.516
58125	0.532
58175	0.520
58225	0.512
58275	0.488
58325	0.492
58375	0.460
58425	0.448
58475	0.444
58525	0.424
58575	0.388
58625	0.384
58675	0.380
58725	0.412
58775	0.452
58825	0.432
58875	0.428
58925	0.452
58975	0.424
59025	0.420
59075	0.484
59125	0.504
59175	0.532
59225	0.540
59275	0.528
59325	0.508
59375	0.504
59425	0.484
59475	0.484
59525	0.492
59575	0.480
59625	0.496
59675	0.500
59725	0.520
59775	0.504
59825	0.516
59875	0.492
59925	0.484
59975	0.452
60025	0.476
60075	0.444
60125	0.440
60175	0.432
60225	0.448
60275	0.428
60325	0.460
60375	0.484
60425	0.496
60475	0.480
60525	0.484
60575	0.476
60625	0.468
60675	0.468
60725	0.488
60775	0.488
60825	0.488
60875	0.484
60925	0.480
60975	0.472
61025	0.472
61075	0.476
61125	0.464
61175	0.464
61225	0.472
61275	0.488
61325	0.492
61375	0.492
61425	0.448
61475	0.400
61525	0.352
61575	0.324
61625	0.348
61675	0.404
61725	0.456
61775	0.508
61825	0.548
61875	0.556
61925	0.560
61975	0.584
62025	0.608
62075	0.608
62125	0.628
62175	0.624
62225	0.628
62275	0.584
62325	0.580
62375	0.572
62425	0.564
62475	0.552
62525	0.584
62575	0.572
62625	0.568
62675	0.560
62725	0.520
62775	0.500
62825	0.500
62875	0.468
62925	0.436
62975	0.440
63025	0.432
63075	0.432
63125	0.428
63175	0.436
63225	0.424
63275	0.440
63325	0.420
63375	0.416
63425	0.460
63475	0.516
63525	0.528
63575	0.568
63625	0.576
63675	0.560
63725	0.492
63775	0.496
63825	0.492
63875	0.500
63925	0.480
63975	0.536
64025	0.516
64075	0.516
64125	0.540
64175	0.568
64225	0.540
64275	0.528
64325	0.516
64375	0.492
64425	0.504
64475	0.524
64525	0.528
64575	0.520
64625	0.524
64675	0.496
64725	0.488
64775	0.496
64825	0.500
64875	0.512
64925	0.520
64975	0.520
65025	0.504
65075	0.500
65125	0.508
65175	0.532
65225	0.532
65275	0.544
65325	0.544
65375	0.524
65425	0.540
65475	0.556
65525	0.580
65575	0.592
65625	0.600
65675	0.568
65725	0.564
65775	0.552
65825	0.564
65875	0.544
65925	0.528
65975	0.504
66025	0.480
66075	0.456
66125	0.468
66175	0.488
66225	0.492
66275	0.512
66325	0.528
66375	0.536
66425	0.512
66475	0.516
66525	0.504
66575	0.484
66625	0.444
66675	0.464
66725	0.480
66775	0.476
66825	0.452
66875	0.472
66925	0.468
66975	0.460
67025	0.452
67075	0.460
67125	0.432
67175	0.448
67225	0.444
67275	0.452
67325	0.456
67375	0.488
67425	0.460
67475	0.436
67525	0.408
67575	0.416
67625	0.416
67675	0.428
67725	0.432
67775	0.456
67825	0.452
67875	0.440
67925	0.392
67975	0.376
68025	0.328
68075	0.312
68125	0.332
68175	0.380
68225	0.404
68275	0.464
68325	0.528
68375	0.520
68425	0.504
68475	0.504
68525	0.512
68575	0.492
68625	0.460
68675	0.472
68725	0.464
68775	0.460
68825	0.436
68875	0.444
68925	0.444
68975	0.472
69025	0.464
69075	0.480
69125	0.532
69175	0.532
69225	0.532
69275	0.528
69325	0.508
69375	0.444
69425	0.384
69475	0.388
69525	0.416
69575	0.424
69625	0.472
69675	0.544
69725	0.532
69775	0.492
69825	0.512
69875	0.528
69925	0.520
69975	0.528
70025	0.520
70075	0.496
70125	0.476
70175	0.468
70225	0.436
70275	0.436
70325	0.436
70375	0.452
70425	0.460
70475	0.476
70525	0.516
70575	0.488
70625	0.464
70675	0.460
70725	0.464
70775	0.436
70825	0.484
70875	0.508
70925	0.504
70975	0.492
71025	0.488
71075	0.476
71125	0.432
71175	0.408
71225	0.400
71275	0.412
71325	0.400
71375	0.432
71425	0.488
71475	0.496
71525	0.484
71575	0.480
71625	0.448
71675	0.388
71725	0.388
71775	0.408
71825	0.408
71875	0.384
71925	0.400
71975	0.420
72025	0.388
72075	0.388
72125	0.472
72175	0.492
72225	0.480
72275	0.528
72325	0.560
72375	0.544
72425	0.548
72475	0.552
72525	0.544
72575	0.528
72625	0.512
72675	0.508
72725	0.508
72775	0.476
72825	0.472
72875	0.504
72925	0.492
72975	0.504
73025	0.524
73075	0.516
73125	0.472
73175	0.468
73225	0.448
73275	0.436
73325	0.452
73375	0.472
73425	0.480
73475	0.480
73525	0.496
73575	0.504
73625	0.484
73675	0.472
73725	0.488
73775	0.464
73825	0.416
73875	0.416
73925	0.448
73975	0.436
74025	0.416
74075	0.444
74125	0.436
74175	0.404
74225	0.408
74275	0.452
74325	0.452
74375	0.464
74425	0.484
74475	0.492
74525	0.508
74575	0.520
74625	0.512
74675	0.520
74725	0.516
74775	0.484
74825	0.464
74875	0.496
74925	0.476
74975	0.468
75025	0.472
75075	0.492
75125	0.496
75175	0.508
75225	0.508
75275	0.524
75325	0.520
75375	0.528
75425	0.544
75475	0.564
75525	0.580
75575	0.604
75625	0.580
75675	0.604
75725	0.624
75775	0.584
75825	0.556
75875	0.588
75925	0.560
75975	0.536
76025	0.544
76075	0.560
76125	0.504
76175	0.484
76225	0.496
76275	0.508
76325	0.508
76375	0.560
76425	0.576
76475	0.544
76525	0.512
76575	0.480
76625	0.464
76675	0.432
76725	0.420
76775	0.452
76825	0.464
76875	0.440
76925	0.468
76975	0.488
77025	0.484
77075	0.468
77125	0.468
77175	0.452
77225	0.468
77275	0.452
77325	0.492
77375	0.516
77425	0.540
77475	0.532
77525	0.564
77575	0.560
77625	0.560
77675	0.512
77725	0.508
77775	0.476
77825	0.440
77875	0.408
77925	0.424
77975	0.400
78025	0.404
78075	0.404
78125	0.420
78175	0.436
78225	0.456
78275	0.480
78325	0.488
78375	0.484
78425	0.480
78475	0.444
78525	0.400
78575	0.404
78625	0.380
78675	0.360
78725	0.384
78775	0.424
78825	0.432
78875	0.476
78925	0.468
78975	0.468
79025	0.448
79075	0.468
79125	0.444
79175	0.468
79225	0.460
79275	0.432
79325	0.388
79375	0.328
79425	0.296
79475	0.316
79525	0.348
79575	0.368
79625	0.444
79675	0.468
79725	0.472
79775	0.496
79825	0.516
79875	0.500
79925	0.520
79975	0.496
80025	0.496
80075	0.484
80125	0.500
80175	0.512
80225	0.524
80275	0.508
80325	0.516
80375	0.484
80425	0.468
80475	0.496
80525	0.516
80575	0.520
80625	0.556
80675	0.560
80725	0.536
80775	0.536
80825	0.500
80875	0.500
80925	0.512
80975	0.512
81025	0.472
81075	0.464
81125	0.448
81175	0.420
81225	0.440
81275	0.472
81325	0.504
81375	0.488
81425	0.508
81475	0.492
81525	0.504
81575	0.520
81625	0.568
81675	0.600
81725	0.624
81775	0.620
81825	0.652
81875	0.644
81925	0.628
81975	0.644
82025	0.660
82075	0.640
82125	0.644
82175	0.660
82225	0.644
82275	0.644
82325	0.616
82375	0.624
82425	0.580
82475	0.560
82525	0.556
82575	0.544
82625	0.524
82675	0.524
82725	0.556
82775	0.540
82825	0.568
82875	0.580
82925	0.608
82975	0.584
83025	0.532
83075	0.512
83125	0.496
83175	0.500
83225	0.484
83275	0.512
83325	0.548
83375	0.556
83425	0.524
83475	0.520
83525	0.512
83575	0.456
83625	0.452
83675	0.476
83725	0.492
83775	0.524
83825	0.556
83875	0.540
83925	0.532
83975	0.508
84025	0.516
84075	0.520
84125	0.532
84175	0.544
84225	0.576
84275	0.568
84325	0.564
84375	0.572
84425	0.576
84475	0.568
84525	0.564
84575	0.564
84625	0.552
84675	0.528
84725	0.524
84775	0.544
84825	0.536
84875	0.524
84925	0.516
84975	0.532
85025	0.488
85075	0.456
85125	0.484
85175	0.484
85225	0.448
85275	0.432
85325	0.468
85375	0.432
85425	0.436
85475	0.404
85525	0.424
85575	0.412
85625	0.424
85675	0.448
85725	0.520
85775	0.504
85825	0.528
85875	0.548
85925	0.536
85975	0.520
86025	0.572
86075	0.584
86125	0.568
86175	0.576
86225	0.580
86275	0.556
86325	0.536
86375	0.528
86425	0.548
86475	0.576
86525	0.580
86575	0.560
86625	0.560
86675	0.516
86725	0.496
86775	0.472
86825	0.492
86875	0.484
86925	0.476
86975	0.448
87025	0.468
87075	0.456
87125	0.456
87175	0.492
87225	0.512
87275	0.532
87325	0.532
87375	0.556
87425	0.568
87475	0.564
87525	0.548
87575	0.588
87625	0.604
87675	0.584
87725	0.552
87775	0.544
87825	0.516
87875	0.520
87925	0.532
87975	0.544
88025	0.532
88075	0.512
88125	0.484
88175	0.436
88225	0.424
88275	0.416
88325	0.436
88375	0.404
88425	0.404
88475	0.456
88525	0.484
88575	0.484
88625	0.484
88675	0.484
88725	0.452
88775	0.432
88825	0.428
88875	0.448
88925	0.460
88975	0.492
89025	0.508
89075	0.488
89125	0.500
89175	0.524
89225	0.512
89275	0.548
89325	0.584
89375	0.592
89425	0.616
89475	0.628
89525	0.612
89575	0.608
89625	0.596
89675	0.584
89725	0.572
89775	0.556
89825	0.552
89875	0.592
89925	0.592
89975	0.596
90025	0.596
90075	0.600
90125	0.556
90175	0.552
90225	0.544
90275	0.544
90325	0.536
90375	0.584
90425	0.588
90475	0.604
90525	0.640
90575	0.640
90625	0.624
90675	0.628
90725	0.600
90775	0.584
90825	0.584
90875	0.600
90925	0.600
90975	0.616
91025	0.604
91075	0.576
91125	0.524
91175	0.464
91225	0.428
91275	0.404
91325	0.388
91375	0.364
91425	0.376
91475	0.392
91525	0.372
91575	0.396
91625	0.468
91675	0.504
91725	0.516
91775	0.560
91825	0.596
91875	0.588
91925	0.600
91975	0.604
92025	0.596
92075	0.600
92125	0.600
92175	0.600
92225	0.592
92275	0.616
92325	0.600
92375	0.608
92425	0.568
92475	0.584
92525	0.564
92575	0.584
92625	0.568
92675	0.596
92725	0.612
92775	0.608
92825	0.600
92875	0.612
92925	0.628
92975	0.596
93025	0.624
93075	0.616
93125	0.620
93175	0.612
93225	0.656
93275	0.640
93325	0.628
93375	0.584
93425	0.580
93475	0.540
93525	0.532
93575	0.580
93625	0.612
93675	0.596
93725	0.592
93775	0.600
93825	0.532
93875	0.516
93925	0.524
93975	0.528
94025	0.532
94075	0.552
94125	0.544
94175	0.520
94225	0.520
94275	0.484
94325	0.476
94375	0.456
94425	0.464
94475	0.472
94525	0.484
94575	0.504
94625	0.564
94675	0.580
94725	0.576
94775	0.588
94825	0.560
94875	0.504
94925	0.504
94975	0.500
95025	0.488
95075	0.480
95125	0.476
95175	0.472
95225	0.472
95275	0.488
95325	0.520
95375	0.572
95425	0.532
95475	0.520
95525	0.512
95575	0.508
95625	0.468
95675	0.492
95725	0.508
95775	0.512
95825	0.496
95875	0.532
95925	0.576
95975	0.580
96025	0.588
96075	0.580
96125	0.584
96175	0.572
96225	0.564
96275	0.572
96325	0.600
96375	0.588
96425	0.592
96475	0.612
96525	0.600
96575	0.600
96625	0.572
96675	0.524
96725	0.488
96775	0.444
96825	0.396
96875	0.420
96925	0.464
96975	0.480
97025	0.516
97075	0.580
97125	0.568
97175	0.564
97225	0.596
97275	0.596
97325	0.580
97375	0.576
97425	0.568
97475	0.560
97525	0.576
97575	0.584
97625	0.592
97675	0.604
97725	0.612
97775	0.628
97825	0.656
97875	0.668
97925	0.664
97975	0.660
98025	0.628
98075	0.604
98125	0.604
98175	0.588
98225	0.560
98275	0.524
98325	0.512
98375	0.504
98425	0.516
98475	0.508
98525	0.552
98575	0.536
98625	0.500
98675	0.484
98725	0.452
98775	0.440
98825	0.448
98875	0.464
98925	0.448
98975	0.472
99025	0.468
99075	0.488
99125	0.496
99175	0.524
99225	0.544
99275	0.576
99325	0.552
99375	0.600
99425	0.624
99475	0.620
99525	0.628
99575	0.668
99625	0.624
99675	0.588
99725	0.596
99775	0.584
99825	0.536
99875	0.536
99925	0.544
99975	0.544
100025	0.528
100075	0.544
100125	0.560
100175	0.576
100225	0.568
100275	0.564
100325	0.596
100375	0.580
100425	0.588
100475	0.580
100525	0.600
100575	0.600
100625	0.632
100675	0.620
100725	0.632
100775	0.608
100825	0.576
100875	0.524
100925	0.488
100975	0.476
101025	0.468
101075	0.460
101125	0.456
101175	0.440
101225	0.424
101275	0.388
101325	0.376
101375	0.364
101425	0.412
101475	0.464
101525	0.512
101575	0.536
101625	0.580
101675	0.568
101725	0.536
101775	0.520
101825	0.524
101875	0.520
101925	0.532
101975	0.540
102025	0.548
102075	0.544
102125	0.496
102175	0.480
102225	0.488
102275	0.480
102325	0.460
102375	0.520
102425	0.532
102475	0.520
102525	0.544
102575	0.564
102625	0.556
102675	0.544
102725	0.544
102775	0.536
102825	0.520
102875	0.512
102925	0.524
102975	0.512
103025	0.512
103075	0.524
103125	0.508
103175	0.492
103225	0.492
103275	0.456
103325	0.448
103375	0.480
103425	0.480
103475	0.492
103525	0.516
103575	0.540
103625	0.516
103675	0.516
103725	0.500
103775	0.520
103825	0.520
103875	0.544
103925	0.560
103975	0.552
104025	0.544
104075	0.524
104125	0.520
104175	0.536
104225	0.552
104275	0.544
104325	0.532
104375	0.512
104425	0.488
104475	0.496
104525	0.504
104575	0.496
104625	0.496
104675	0.476
104725	0.472
104775	0.480
104825	0.488
104875	0.480
104925	0.496
104975	0.508
105025	0.500
105075	0.488
105125	0.484
105175	0.476
105225	0.460
105275	0.444
105325	0.460
105375	0.480
105425	0.488
105475	0.472
105525	0.460
105575	0.452
105625	0.432
105675	0.420
105725	0.452
105775	0.484
105825	0.508
105875	0.548
105925	0.576
105975	0.564
106025	0.564
106075	0.552
106125	0.532
106175	0.512
106225	0.524
106275	0.508
106325	0.516
106375	0.512
106425	0.520
106475	0.520
106525	0.524
106575	0.520
106625	0.532
106675	0.512
106725	0.516
106775	0.532
106825	0.532
106875	0.528
106925	0.532
106975	0.492
107025	0.464
107075	0.432
107125	0.396
107175	0.392
107225	0.408
107275	0.436
107325	0.464
107375	0.516
107425	0.556
107475	0.588
107525	0.600
107575	0.620
107625	0.612
107675	0.612
107725	0.600
107775	0.584
107825	0.568
107875	0.560
107925	0.536
107975	0.532
108025	0.524
108075	0.540
108125	0.536
108175	0.548
108225	0.556
108275	0.564
108325	0.544
108375	0.560
108425	0.580
108475	0.564
108525	0.564
108575	0.596
108625	0.600
108675	0.576
108725	0.600
108775	0.592
108825	0.580
108875	0.556
108925	0.560
108975	0.540
109025	0.536
109075	0.528
109125	0.520
109175	0.500
109225	0.492
109275	0.508
109325	0.516
109375	0.560
109425	0.568
109475	0.584
109525	0.564
109575	0.540
109625	0.500
109675	0.492
109725	0.500
109775	0.516
109825	0.524
109875	0.536
109925	0.540
109975	0.512
110025	0.520
110075	0.492
110125	0.500
110175	0.520
110225	0.544
110275	0.552
110325	0.608
110375	0.620
110425	0.608
110475	0.600
110525	0.560
110575	0.520
110625	0.456
110675	0.456
110725	0.452
110775	0.452
110825	0.448
110875	0.480
110925	0.448
110975	0.452
111025	0.456
111075	0.464
111125	0.464
111175	0.476
111225	0.472
111275	0.472
111325	0.484
111375	0.492
111425	0.488
111475	0.476
111525	0.468
111575	0.468
111625	0.456
111675	0.464
111725	0.472
111775	0.480
111825	0.448
111875	0.448
111925	0.492
111975	0.484
112025	0.464
112075	0.492
112125	0.484
112175	0.420
112225	0.408
112275	0.436
112325	0.412
112375	0.424
112425	0.460
112475	0.476
112525	0.464
112575	0.456
112625	0.472
112675	0.432
112725	0.412
112775	0.424
112825	0.452
112875	0.408
112925	0.456
112975	0.480
113025	0.476
113075	0.476
113125	0.516
113175	0.496
113225	0.500
113275	0.516
113325	0.504
113375	0.480
113425	0.464
113475	0.444
113525	0.408
113575	0.412
113625	0.420
113675	0.424
113725	0.440
113775	0.460
113825	0.484
113875	0.516
113925	0.520
113975	0.524
114025	0.524
114075	0.480
114125	0.448
114175	0.480
114225	0.444
114275	0.452
114325	0.516
114375	0.544
114425	0.536
114475	0.592
114525	0.596
114575	0.568
114625	0.544
114675	0.528
114725	0.504
114775	0.496
114825	0.468
114875	0.448
114925	0.460
114975	0.452
115025	0.452
115075	0.476
115125	0.496
115175	0.456
115225	0.468
115275	0.468
115325	0.452
115375	0.452
115425	0.464
115475	0.468
115525	0.420
115575	0.416
115625	0.408
115675	0.416
115725	0.380
115775	0.420
115825	0.428
115875	0.452
115925	0.460
115975	0.488
116025	0.480
116075	0.456
116125	0.444
116175	0.436
116225	0.412
116275	0.416
116325	0.412
116375	0.400
116425	0.412
116475	0.436
116525	0.416
116575	0.448
116625	0.492
116675	0.484
116725	0.496
116775	0.536
116825	0.532
116875	0.488
116925	0.484
116975	0.460
117025	0.436
117075	0.432
117125	0.452
117175	0.452
117225	0.452
117275	0.472
117325	0.480
117375	0.460
117425	0.452
117475	0.452
117525	0.436
117575	0.448
117625	0.476
117675	0.500
117725	0.500
117775	0.524
117825	0.520
117875	0.508
117925	0.528
117975	0.520
118025	0.500
118075	0.512
118125	0.512
118175	0.504
118225	0.512
118275	0.508
118325	0.484
118375	0.468
118425	0.444
118475	0.444
118525	0.440
118575	0.444
118625	0.452
118675	0.448
118725	0.444
118775	0.424
118825	0.416
118875	0.416
118925	0.412
118975	0.404
119025	0.416
119075	0.400
119125	0.404
119175	0.436
119225	0.448
119275	0.472
119325	0.492
119375	0.516
119425	0.476
119475	0.476
119525	0.480
119575	0.508
119625	0.508
119675	0.532
119725	0.556
119775	0.552
119825	0.508
119875	0.464
119925	0.444
119975	0.420
120025	0.408
120075	0.436
120125	0.440
120175	0.444
120225	0.452
120275	0.440
120325	0.424
120375	0.432
120425	0.420
120475	0.420
120525	0.452
120575	0.472
120625	0.476
120675	0.524
120725	0.512
120775	0.484
120825	0.444
120875	0.460
120925	0.464
120975	0.476
121025	0.496
121075	0.512
121125	0.500
121175	0.480
121225	0.432
121275	0.428
121325	0.432
121375	0.432
121425	0.432
121475	0.496
121525	0.512
121575	0.480
121625	0.468
121675	0.476
121725	0.448
121775	0.388
121825	0.404
121875	0.400
121925	0.376
121975	0.372
122025	0.408
122075	0.448
122125	0.468
122175	0.496
122225	0.532
122275	0.552
122325	0.548
122375	0.548
122425	0.520
122475	0.500
122525	0.480
122575	0.432
122625	0.396
122675	0.396
122725	0.404
122775	0.432
122825	0.476
122875	0.488
122925	0.524
122975	0.540
123025	0.520
123075	0.504
123125	0.524
123175	0.488
123225	0.468
123275	0.432
123325	0.412
123375	0.380
123425	0.372
123475	0.340
123525	0.328
123575	0.344
123625	0.376
123675	0.384
123725	0.404
123775	0.484
123825	0.488
123875	0.476
123925	0.468
123975	0.480
124025	0.452
124075	0.444
124125	0.420
124175	0.436
124225	0.424
124275	0.400
124325	0.380
124375	0.408
124425	0.404
124475	0.412
124525	0.440
124575	0.488
124625	0.496
124675	0.492
124725	0.476
124775	0.440
124825	0.412
124875	0.380
124925	0.384
124975	0.392
125025	0.404
125075	0.444
125125	0.480
125175	0.480
125225	0.476
125275	0.524
125325	0.456
125375	0.416
125425	0.400
125475	0.408
125525	0.364
125575	0.376
125625	0.408
125675	0.448
125725	0.444
125775	0.492
125825	0.512
125875	0.488
125925	0.460
125975	0.468
126025	0.412
126075	0.396
126125	0.388
126175	0.384
126225	0.336
126275	0.368
126325	0.376
126375	0.400
126425	0.408
126475	0.452
126525	0.408
126575	0.408
126625	0.388
126675	0.388
126725	0.396
126775	0.440
126825	0.476
126875	0.512
126925	0.504
126975	0.496
127025	0.484
127075	0.468
127125	0.440
127175	0.416
127225	0.404
127275	0.396
127325	0.396
127375	0.416
127425	0.456
127475	0.464
127525	0.472
127575	0.492
127625	0.492
127675	0.468
127725	0.448
127775	0.436
127825	0.428
127875	0.408
127925	0.392
127975	0.408
128025	0.432
128075	0.444
128125	0.496
128175	0.516
128225	0.532
128275	0.504
128325	0.504
128375	0.448
128425	0.468
128475	0.460
128525	0.460
128575	0.404
128625	0.412
128675	0.400
128725	0.368
128775	0.376
128825	0.420
128875	0.436
128925	0.428
128975	0.468
129025	0.452
129075	0.416
129125	0.412
129175	0.432
129225	0.424
129275	0.464
129325	0.516
129375	0.544
129425	0.540
129475	0.536
129525	0.520
129575	0.488
129625	0.452
129675	0.436
129725	0.452
129775	0.452
129825	0.464
129875	0.468
129925	0.500
129975	0.468
130025	0.480
130075	0.492
130125	0.500
130175	0.472
130225	0.520
130275	0.504
130325	0.464
130375	0.452
130425	0.444
130475	0.416
130525	0.400
130575	0.412
130625	0.396
130675	0.412
130725	0.392
130775	0.384
130825	0.380
130875	0.388
130925	0.400
130975	0.452
131025	0.468
131075	0.464
131125	0.508
131175	0.492
131225	0.468
131275	0.480
131325	0.488
131375	0.464
131425	0.504
131475	0.516
131525	0.540
131575	0.544
131625	0.536
131675	0.500
131725	0.468
131775	0.404
131825	0.408
131875	0.380
131925	0.360
131975	0.368
132025	0.404
132075	0.408
132125	0.444
132175	0.456
132225	0.464
132275	0.476
132325	0.464
132375	0.436
132425	0.464
132475	0.472
132525	0.436
132575	0.444
132625	0.476
132675	0.456
132725	0.428
132775	0.484
132825	0.496
132875	0.496
132925	0.500
132975	0.524
133025	0.516
133075	0.500
133125	0.492
133175	0.488
133225	0.468
133275	0.448
133325	0.452
133375	0.464
133425	0.456
133475	0.452
133525	0.420
133575	0.392
133625	0.344
133675	0.332
133725	0.352
133775	0.392
133825	0.444
133875	0.512
133925	0.568
133975	0.572
134025	0.556
134075	0.552
134125	0.568
134175	0.564
134225	0.588
134275	0.624
134325	0.620
134375	0.588
134425	0.572
134475	0.548
134525	0.544
134575	0.564
134625	0.564
134675	0.564
134725	0.576
134775	0.564
134825	0.528
134875	0.524
134925	0.520
134975	0.520
135025	0.504
135075	0.520
135125	0.532
135175	0.528
135225	0.508
135275	0.524
135325	0.504
135375	0.468
135425	0.476
135475	0.488
135525	0.504
135575	0.544
135625	0.568
135675	0.576
135725	0.588
135775	0.568
135825	0.572
135875	0.584
135925	0.592
135975	0.584
136025	0.616
136075	0.592
136125	0.580
136175	0.600
136225	0.604
136275	0.544
136325	0.548
136375	0.572
136425	0.544
136475	0.544
136525	0.568
136575	0.532
136625	0.496
136675	0.484
136725	0.476
136775	0.516
136825	0.520
136875	0.556
136925	0.552
136975	0.548
137025	0.520
137075	0.556
137125	0.544
137175	0.552
137225	0.568
137275	0.564
137325	0.560
137375	0.552
137425	0.572
137475	0.560
137525	0.564
137575	0.568
137625	0.584
137675	0.548
137725	0.540
137775	0.524
137825	0.460
137875	0.412
137925	0.420
137975	0.424
138025	0.444
138075	0.500
138125	0.548
138175	0.540
138225	0.544
138275	0.516
138325	0.520
138375	0.492
138425	0.496
138475	0.504
138525	0.496
138575	0.496
138625	0.480
138675	0.520
138725	0.508
138775	0.528
138825	0.532
138875	0.560
138925	0.520
138975	0.516
139025	0.504
139075	0.480
139125	0.452
139175	0.456
139225	0.428
139275	0.436
139325	0.436
139375	0.456
139425	0.460
139475	0.500
139525	0.500
139575	0.504
139625	0.516
139675	0.492
139725	0.492
139775	0.496
139825	0.496
139875	0.492
139925	0.508
139975	0.496
140025	0.492
140075	0.492
140125	0.476
140175	0.468
140225	0.452
140275	0.460
140325	0.428
140375	0.456
140425	0.472
140475	0.488
140525	0.472
140575	0.484
140625	0.464
140675	0.456
140725	0.460
140775	0.488
140825	0.496
140875	0.452
140925	0.444
140975	0.424
141025	0.404
141075	0.408
141125	0.432
141175	0.424
141225	0.440
141275	0.440
141325	0.428
141375	0.436
141425	0.468
141475	0.440
141525	0.440
141575	0.460
141625	0.448
141675	0.380
141725	0.384
141775	0.380
141825	0.340
141875	0.364
141925	0.440
141975	0.456
142025	0.456
142075	0.504
142125	0.492
142175	0.440
142225	0.400
142275	0.408
142325	0.388
142375	0.400
142425	0.432
142475	0.456
142525	0.440
142575	0.416
142625	0.384
142675	0.376
142725	0.396
142775	0.408
142825	0.444
142875	0.476
142925	0.512
142975	0.516
143025	0.500
143075	0.484
143125	0.484
143175	0.472
143225	0.472
143275	0.508
143325	0.548
143375	0.536
143425	0.532
143475	0.536
143525	0.508
143575	0.476
143625	0.492
143675	0.452
143725	0.444
143775	0.464
143825	0.440
143875	0.428
143925	0.488
143975	0.496
144025	0.484
144075	0.536
144125	0.548
144175	0.516
144225	0.508
144275	0.492
144325	0.488
144375	0.492
144425	0.500
144475	0.508
144525	0.540
144575	0.512
144625	0.496
144675	0.504
144725	0.504
144775	0.504
144825	0.516
144875	0.512
144925	0.512
144975	0.528
145025	0.528
145075	0.496
145125	0.472
145175	0.448
145225	0.400
145275	0.344
145325	0.360
145375	0.360
145425	0.348
145475	0.368
145525	0.376
145575	0.360
145625	0.372
145675	0.380
145725	0.376
145775	0.404
145825	0.452
145875	0.476
145925	0.488
145975	0.520
146025	0.528
146075	0.488
146125	0.472
146175	0.484
146225	0.464
146275	0.484
146325	0.468
146375	0.480
146425	0.424
146475	0.436
146525	0.408
146575	0.444
146625	0.432
146675	0.480
146725	0.508
146775	0.516
146825	0.524
146875	0.556
146925	0.556
146975	0.520
147025	0.504
147075	0.504
147125	0.468
147175	0.436
147225	0.436
147275	0.456
147325	0.448
147375	0.464
147425	0.512
147475	0.488
147525	0.456
147575	0.416
147625	0.412
147675	0.388
147725	0.428
147775	0.428
147825	0.460
147875	0.452
147925	0.488
147975	0.456
148025	0.492
148075	0.484
148125	0.496
148175	0.436
148225	0.452
148275	0.432
148325	0.444
148375	0.432
148425	0.452
148475	0.456
148525	0.480
148575	0.508
148625	0.516
148675	0.536
148725	0.512
148775	0.500
148825	0.480
148875	0.492
148925	0.492
148975	0.504
149025	0.488
149075	0.492
149125	0.504
149175	0.484
149225	0.492
149275	0.508
149325	0.496
149375	0.484
149425	0.512
149475	0.508
149525	0.500
149575	0.524
149625	0.544
149675	0.524
149725	0.552
149775	0.596
149825	0.580
149875	0.564
149925	0.564
149975	0.548
150025	0.520
150075	0.508
150125	0.488
150175	0.480
150225	0.476
150275	0.480
150325	0.484
150375	0.492
150425	0.516
150475	0.536
150525	0.552
150575	0.588
150625	0.608
150675	0.620
150725	0.572
150775	0.580
150825	0.572
150875	0.564
150925	0.536
150975	0.568
151025	0.548
151075	0.516
151125	0.516
151175	0.512
151225	0.524
151275	0.508
151325	0.528
151375	0.544
151425	0.568
151475	0.552
151525	0.580
151575	0.592
151625	0.576
151675	0.556
151725	0.580
151775	0.552
151825	0.532
151875	0.512
151925	0.500
151975	0.472
152025	0.472
152075	0.484
152125	0.520
152175	0.536
152225	0.516
152275	0.532
152325	0.528
152375	0.496
152425	0.500
152475	0.516
152525	0.492
152575	0.476
152625	0.496
152675	0.492
152725	0.512
152775	0.496
152825	0.524
152875	0.508
152925	0.496
152975	0.496
153025	0.540
153075	0.524
153125	0.532
153175	0.548
153225	0.520
153275	0.500
153325	0.488
153375	0.476
153425	0.472
153475	0.472
153525	0.472
153575	0.488
153625	0.480
153675	0.488
153725	0.472
153775	0.476
153825	0.472
153875	0.480
153925	0.480
153975	0.516
154025	0.528
154075	0.536
154125	0.540
154175	0.516
154225	0.516
154275	0.512
154325	0.508
154375	0.512
154425	0.520
154475	0.516
154525	0.496
154575	0.492
154625	0.512
154675	0.516
154725	0.524
154775	0.520
154825	0.512
154875	0.504
154925	0.496
154975	0.496
155025	0.512
155075	0.520
155125	0.500
155175	0.528
155225	0.528
155275	0.512
155325	0.540
155375	0.552
155425	0.524
155475	0.492
155525	0.488
155575	0.472
155625	0.460
155675	0.476
155725	0.500
155775	0.520
155825	0.516
155875	0.536
155925	0.524
155975	0.512
156025	0.512
156075	0.512
156125	0.520
156175	0.532
156225	0.556
156275	0.548
156325	0.524
156375	0.484
156425	0.448
156475	0.408
156525	0.380
156575	0.352
156625	0.332
156675	0.344
156725	0.344
156775	0.360
156825	0.392
156875	0.432
156925	0.468
156975	0.484
157025	0.472
157075	0.520
157125	0.512
157175	0.500
157225	0.528
157275	0.536
157325	0.512
157375	0.524
157425	0.536
157475	0.516
157525	0.528
157575	0.512
157625	0.480
157675	0.460
157725	0.460
157775	0.480
157825	0.476
157875	0.504
157925	0.480
157975	0.468
158025	0.456
158075	0.460
158125	0.436
158175	0.428
158225	0.456
158275	0.472
158325	0.464
158375	0.516
158425	0.556
158475	0.536
158525	0.512
158575	0.512
158625	0.484
158675	0.472
158725	0.484
158775	0.496
158825	0.492
158875	0.500
158925	0.516
158975	0.516
159025	0.532
159075	0.536
159125	0.524
159175	0.520
159225	0.524
159275	0.484
159325	0.496
159375	0.500
159425	0.496
159475	0.472
159525	0.496
159575	0.476
159625	0.468
159675	0.480
159725	0.472
159775	0.472
159825	0.472
159875	0.472
159925	0.432
159975	0.404
160025	0.364
160075	0.372
160125	0.352
160175	0.340
160225	0.380
160275	0.400
160325	0.380
160375	0.416
160425	0.444
160475	0.460
160525	0.468
160575	0.500
160625	0.500
160675	0.520
160725	0.500
160775	0.512
160825	0.472
160875	0.440
160925	0.420
160975	0.436
161025	0.380
161075	0.424
161125	0.440
161175	0.452
161225	0.428
161275	0.496
161325	0.496
161375	0.484
161425	0.484
161475	0.496
161525	0.496
161575	0.472
161625	0.468
161675	0.456
161725	0.432
161775	0.404
161825	0.400
161875	0.396
161925	0.392
161975	0.412
162025	0.432
162075	0.432
162125	0.440
162175	0.460
162225	0.460
162275	0.472
162325	0.512
162375	0.560
162425	0.576
162475	0.568
162525	0.544
162575	0.512
162625	0.496
162675	0.524
162725	0.584
162775	0.600
162825	0.640
162875	0.644
162925	0.608
162975	0.576
163025	0.592
163075	0.572
163125	0.564
163175	0.568
163225	0.568
163275	0.548
163325	0.532
163375	0.544
163425	0.536
163475	0.536
163525	0.560
163575	0.576
163625	0.568
163675	0.576
163725	0.576
163775	0.544
163825	0.524
163875	0.500
163925	0.520
163975	0.512
164025	0.516
164075	0.536
164125	0.576
164175	0.544
164225	0.560
164275	0.576
164325	0.596
164375	0.556
164425	0.544
164475	0.528
164525	0.520
164575	0.500
164625	0.520
164675	0.540
164725	0.560
164775	0.576
164825	0.584
164875	0.568
164925	0.576
164975	0.548
165025	0.536
165075	0.504
165125	0.532
165175	0.536
165225	0.572
165275	0.568
165325	0.608
165375	0.608
165425	0.600
165475	0.568
165525	0.568
165575	0.512
165625	0.476
165675	0.460
165725	0.464
165775	0.468
165825	0.528
165875	0.540
165925	0.520
165975	0.540
166025	0.524
166075	0.476
166125	0.488
166175	0.492
166225	0.456
166275	0.444
166325	0.472
166375	0.444
166425	0.464
166475	0.476
166525	0.516
166575	0.504
166625	0.544
166675	0.564
166725	0.588
166775	0.568
166825	0.596
166875	0.584
166925	0.568
166975	0.560
167025	0.588
167075	0.584
167125	0.604
167175	0.584
167225	0.584
167275	0.512
167325	0.468
167375	0.428
167425	0.428
167475	0.380
167525	0.392
167575	0.416
167625	0.412
167675	0.400
167725	0.452
167775	0.464
167825	0.464
167875	0.456
167925	0.524
167975	0.524
168025	0.552
168075	0.572
168125	0.588
168175	0.528
168225	0.516
168275	0.532
168325	0.500
168375	0.524
168425	0.528
168475	0.496
168525	0.448
168575	0.476
168625	0.444
168675	0.464
168725	0.468
168775	0.476
168825	0.448
168875	0.472
168925	0.468
168975	0.500
169025	0.496
169075	0.516
169125	0.504
169175	0.504
169225	0.488
169275	0.504
169325	0.496
169375	0.492
169425	0.484
169475	0.512
169525	0.488
169575	0.500
169625	0.500
169675	0.488
169725	0.436
169775	0.444
169825	0.420
169875	0.428
169925	0.452
169975	0.480
170025	0.488
170075	0.492
170125	0.500
170175	0.504
170225	0.520
170275	0.524
170325	0.516
170375	0.516
170425	0.500
170475	0.492
170525	0.488
170575	0.496
170625	0.492
170675	0.464
170725	0.468
170775	0.452
170825	0.460
170875	0.444
170925	0.460
170975	0.448
171025	0.472
171075	0.468
171125	0.472
171175	0.492
171225	0.492
171275	0.504
171325	0.512
171375	0.520
171425	0.496
171475	0.480
171525	0.472
171575	0.444
171625	0.452
171675	0.444
171725	0.452
171775	0.440
171825	0.468
171875	0.476
171925	0.484
171975	0.480
172025	0.484
172075	0.476
172125	0.464
172175	0.480
172225	0.484
172275	0.496
172325	0.528
172375	0.532
172425	0.528
172475	0.552
172525	0.512
172575	0.488
172625	0.468
172675	0.408
172725	0.356
172775	0.352
172825	0.324
172875	0.328
172925	0.400
172975	0.460
173025	0.504
173075	0.548
173125	0.584
173175	0.596
173225	0.596
173275	0.584
173325	0.588
173375	0.592
173425	0.600
173475	0.612
173525	0.628
173575	0.628
173625	0.624
173675	0.616
173725	0.604
173775	0.596
173825	0.572
173875	0.560
173925	0.560
173975	0.544
174025	0.572
174075	0.596
174125	0.588
174175	0.588
174225	0.604
174275	0.580
174325	0.580
174375	0.584
174425	0.592
174475	0.588
174525	0.588
174575	0.536
174625	0.488
174675	0.468
174725	0.476
174775	0.452
174825	0.496
174875	0.540
174925	0.528
174975	0.512
175025	0.528
175075	0.512
175125	0.512
175175	0.548
175225	0.548
175275	0.568
175325	0.568
175375	0.596
175425	0.580
175475	0.572
175525	0.532
175575	0.536
175625	0.500
175675	0.488
175725	0.488
175775	0.504
175825	0.492
175875	0.500
175925	0.496
175975	0.504
176025	0.504
176075	0.508
176125	0.500
176175	0.504
176225	0.492
176275	0.496
176325	0.492
176375	0.488
176425	0.472
176475	0.456
176525	0.444
176575	0.424
176625	0.388
176675	0.388
176725	0.392
176775	0.376
176825	0.404
176875	0.428
176925	0.432
176975	0.424
177025	0.460
177075	0.456
177125	0.472
177175	0.504
177225	0.512
177275	0.460
177325	0.464
177375	0.456
177425	0.444
177475	0.452
177525	0.492
177575	0.496
177625	0.476
177675	0.468
177725	0.468
177775	0.488
177825	0.476
177875	0.504
177925	0.520
177975	0.536
178025	0.544
178075	0.552
178125	0.548
178175	0.536
178225	0.532
178275	0.512
178325	0.516
178375	0.540
178425	0.564
178475	0.556
178525	0.556
178575	0.532
178625	0.552
178675	0.508
178725	0.500
178775	0.500
178825	0.512
178875	0.464
178925	0.468
178975	0.464
179025	0.420
179075	0.448
179125	0.476
179175	0.488
179225	0.484
179275	0.512
179325	0.512
179375	0.480
179425	0.456
179475	0.440
179525	0.424
179575	0.380
179625	0.384
179675	0.392
179725	0.400
179775	0.396
179825	0.360
179875	0.376
179925	0.376
179975	0.400
180025	0.412
180075	0.456
180125	0.412
180175	0.396
180225	0.360
180275	0.340
180325	0.336
180375	0.352
180425	0.348
180475	0.352
180525	0.376
180575	0.368
180625	0.344
180675	0.348
180725	0.348
180775	0.344
180825	0.340
180875	0.376
180925	0.396
180975	0.424
181025	0.428
181075	0.428
181125	0.384
181175	0.396
181225	0.396
181275	0.416
181325	0.432
181375	0.492
181425	0.492
181475	0.496
181525	0.468
181575	0.484
181625	0.480
181675	0.472
181725	0.460
181775	0.464
181825	0.464
181875	0.428
181925	0.412
181975	0.384
182025	0.376
182075	0.368
182125	0.376
182175	0.404
182225	0.412
182275	0.420
182325	0.444
182375	0.472
182425	0.476
182475	0.520
182525	0.504
182575	0.480
182625	0.452
182675	0.444
182725	0.432
182775	0.476
182825	0.460
182875	0.468
182925	0.448
182975	0.448
183025	0.432
183075	0.460
183125	0.464
183175	0.500
183225	0.496
183275	0.512
183325	0.496
183375	0.496
183425	0.460
183475	0.476
183525	0.492
183575	0.504
183625	0.532
183675	0.540
183725	0.536
183775	0.524
183825	0.532
183875	0.540
183925	0.552
183975	0.540
184025	0.532
184075	0.532
184125	0.512
184175	0.536
184225	0.560
184275	0.568
184325	0.552
184375	0.544
184425	0.508
184475	0.504
184525	0.468
184575	0.460
184625	0.452
184675	0.452
184725	0.436
184775	0.468
184825	0.488
184875	0.488
184925	0.476
184975	0.472
185025	0.456
185075	0.464
185125	0.472
185175	0.480
185225	0.460
185275	0.468
185325	0.440
185375	0.428
185425	0.440
185475	0.456
185525	0.428
185575	0.428
185625	0.436
185675	0.456
185725	0.452
185775	0.448
185825	0.488
185875	0.496
185925	0.480
185975	0.504
186025	0.532
186075	0.512
186125	0.508
186175	0.516
186225	0.496
186275	0.508
186325	0.488
186375	0.480
186425	0.464
186475	0.460
186525	0.456
186575	0.460
186625	0.488
186675	0.484
186725	0.500
186775	0.488
186825	0.508
186875	0.480
186925	0.484
186975	0.468
187025	0.460
187075	0.436
187125	0.440
187175	0.436
187225	0.444
187275	0.436
187325	0.440
187375	0.428
187425	0.444
187475	0.452
187525	0.492
187575	0.484
187625	0.512
187675	0.516
187725	0.508
187775	0.476
187825	0.488
187875	0.504
187925	0.500
187975	0.524
188025	0.540
188075	0.556
188125	0.560
188175	0.568
188225	0.564
188275	0.556
188325	0.552
188375	0.508
188425	0.500
188475	0.480
188525	0.484
188575	0.496
188625	0.516
188675	0.524
188725	0.548
188775	0.552
188825	0.556
188875	0.564
188925	0.548
188975	0.536
189025	0.532
189075	0.536
189125	0.524
189175	0.524
189225	0.508
189275	0.496
189325	0.472
189375	0.488
189425	0.504
189475	0.524
189525	0.540
189575	0.532
189625	0.528
189675	0.512
189725	0.524
189775	0.508
189825	0.504
189875	0.504
189925	0.492
189975	0.484
190025	0.480
190075	0.484
190125	0.468
190175	0.472
190225	0.444
190275	0.436
190325	0.440
190375	0.440
190425	0.444
190475	0.444
190525	0.436
190575	0.412
190625	0.396
190675	0.392
190725	0.380
190775	0.416
190825	0.436
190875	0.432
190925	0.452
190975	0.492
191025	0.476
191075	0.488
191125	0.512
191175	0.516
191225	0.492
191275	0.496
191325	0.476
191375	0.472
191425	0.456
191475	0.500
191525	0.480
191575	0.492
191625	0.512
191675	0.500
191725	0.460
191775	0.476
191825	0.464
191875	0.424
191925	0.444
191975	0.492
192025	0.504
192075	0.500
192125	0.536
192175	0.540
192225	0.488
192275	0.476
192325	0.492
192375	0.468
192425	0.444
192475	0.452
192525	0.408
192575	0.404
192625	0.408
192675	0.436
192725	0.428
192775	0.480
192825	0.468
192875	0.492
192925	0.468
192975	0.464
193025	0.440
193075	0.480
193125	0.476
193175	0.480
193225	0.512
193275	0.544
193325	0.516
193375	0.508
193425	0.516
193475	0.492
193525	0.492
193575	0.524
193625	0.508
193675	0.520
193725	0.524
193775	0.532
193825	0.512
193875	0.528
193925	0.516
193975	0.516
194025	0.500
194075	0.512
194125	0.528
194175	0.528
194225	0.524
194275	0.520
194325	0.484
194375	0.464
194425	0.460
194475	0.464
194525	0.476
194575	0.504
194625	0.488
194675	0.464
194725	0.452
194775	0.468
194825	0.468
194875	0.468
194925	0.456
194975	0.444
195025	0.388
195075	0.376
195125	0.392
195175	0.428
195225	0.420
195275	0.456
195325	0.432
195375	0.400
195425	0.384
195475	0.388
195525	0.368
195575	0.396
195625	0.420
195675	0.428
195725	0.448
195775	0.432
195825	0.416
195875	0.404
195925	0.388
195975	0.380
196025	0.404
196075	0.440
196125	0.448
196175	0.468
196225	0.476
196275	0.464
196325	0.432
196375	0.440
196425	0.428
196475	0.440
196525	0.440
196575	0.448
196625	0.460
196675	0.464
196725	0.468
196775	0.476
196825	0.472
196875	0.420
196925	0.428
196975	0.404
197025	0.428
197075	0.436
197125	0.512
197175	0.544
197225	0.548
197275	0.524
197325	0.516
197375	0.456
197425	0.432
197475	0.432
197525	0.464
197575	0.484
197625	0.500
197675	0.488
197725	0.492
197775	0.432
197825	0.404
197875	0.404
197925	0.388
197975	0.336
198025	0.364
198075	0.376
198125	0.352
198175	0.352
198225	0.432
198275	0.436
198325	0.464
198375	0.516
198425	0.560
198475	0.548
198525	0.564
198575	0.548
198625	0.544
198675	0.564
198725	0.580
198775	0.576
198825	0.576
198875	0.580
198925	0.564
198975	0.560
199025	0.580
199075	0.576
199125	0.576
199175	0.580
199225	0.564
199275	0.540
199325	0.564
199375	0.572
199425	0.572
199475	0.588
199525	0.624
199575	0.616
199625	0.616
199675	0.612
199725	0.600
199775	0.560
199825	0.512
199875	0.504
199925	0.488
199975	0.520
200025	0.536
200075	0.564
200125	0.544
200175	0.520
200225	0.476
200275	0.480
200325	0.472
200375	0.456
200425	0.484
200475	0.492
200525	0.488
200575	0.520
200625	0.548
200675	0.476
200725	0.480
200775	0.492
200825	0.468
200875	0.464
200925	0.532
200975	0.516
201025	0.476
201075	0.484
201125	0.488
201175	0.488
201225	0.472
201275	0.508
201325	0.520
201375	0.504
201425	0.508
201475	0.548
201525	0.548
201575	0.524
201625	0.548
201675	0.540
201725	0.544
201775	0.532
201825	0.572
201875	0.564
201925	0.572
201975	0.596
202025	0.588
202075	0.560
202125	0.520
202175	0.488
202225	0.436
202275	0.424
202325	0.428
202375	0.460
202425	0.460
202475	0.452
202525	0.464
202575	0.456
202625	0.436
202675	0.432
202725	0.448
202775	0.440
202825	0.452
202875	0.448
202925	0.472
202975	0.484
203025	0.488
203075	0.472
203125	0.524
203175	0.536
203225	0.520
203275	0.536
203325	0.516
203375	0.476
203425	0.472
203475	0.504
203525	0.496
203575	0.520
203625	0.556
203675	0.556
203725	0.532
203775	0.516
203825	0.532
203875	0.504
203925	0.492
203975	0.492
204025	0.508
204075	0.488
204125	0.504
204175	0.492
204225	0.488
204275	0.504
204325	0.504
204375	0.484
204425	0.552
204475	0.584
204525	0.584
204575	0.576
204625	0.576
204675	0.512
204725	0.468
204775	0.456
204825	0.452
204875	0.448
204925	0.444
204975	0.440
205025	0.408
205075	0.416
205125	0.396
205175	0.396
205225	0.396
205275	0.424
205325	0.400
205375	0.404
205425	0.404
205475	0.420
205525	0.412
205575	0.456
205625	0.504
205675	0.508
205725	0.508
205775	0.496
205825	0.464
205875	0.424
205925	0.412
205975	0.412
206025	0.420
206075	0.436
206125	0.456
206175	0.488
206225	0.484
206275	0.500
206325	0.492
206375	0.496
206425	0.500
206475	0.480
206525	0.476
206575	0.464
206625	0.456
206675	0.452
206725	0.488
206775	0.496
206825	0.520
206875	0.532
206925	0.516
206975	0.484
207025	0.452
207075	0.460
207125	0.444
207175	0.432
207225	0.424
207275	0.416
207325	0.364
207375	0.348
207425	0.364
207475	0.376
207525	0.392
207575	0.408
207625	0.432
207675	0.408
207725	0.408
207775	0.412
207825	0.436
207875	0.388
207925	0.408
207975	0.420
208025	0.412
208075	0.408
208125	0.444
208175	0.444
208225	0.428
208275	0.432
208325	0.452
208375	0.468
208425	0.492
208475	0.536
208525	0.556
208575	0.588
208625	0.568
208675	0.544
208725	0.556
208775	0.576
208825	0.508
208875	0.524
208925	0.540
208975	0.480
209025	0.464
209075	0.476
209125	0.472
209175	0.452
209225	0.480
209275	0.488
209325	0.472
209375	0.444
209425	0.432
209475	0.412
209525	0.408
209575	0.424
209625	0.476
209675	0.512
209725	0.536
209775	0.552
209825	0.576
209875	0.556
209925	0.568
209975	0.580
210025	0.572
210075	0.572
210125	0.584
210175	0.580
210225	0.588
210275	0.596
210325	0.592
210375	0.564
210425	0.556
210475	0.532
210525	0.504
210575	0.496
210625	0.508
210675	0.504
210725	0.520
210775	0.516
210825	0.496
210875	0.492
210925	0.508
210975	0.492
211025	0.484
211075	0.500
211125	0.508
211175	0.496
211225	0.480
211275	0.488
211325	0.468
211375	0.440
211425	0.432
211475	0.436
211525	0.440
211575	0.464
211625	0.468
211675	0.508
211725	0.540
211775	0.560
211825	0.580
211875	0.632
211925	0.596
211975	0.564
212025	0.516
212075	0.492
212125	0.456
212175	0.436
212225	0.428
212275	0.428
212325	0.436
212375	0.428
212425	0.432
212475	0.468
212525	0.488
212575	0.448
212625	0.488
212675	0.484
212725	0.452
212775	0.448
212825	0.484
212875	0.452
212925	0.456
212975	0.472
213025	0.480
213075	0.476
213125	0.488
213175	0.496
213225	0.468
213275	0.472
213325	0.476
213375	0.468
213425	0.464
213475	0.496
213525	0.484
213575	0.484
213625	0.484
213675	0.512
213725	0.512
213775	0.524
213825	0.508
213875	0.524
213925	0.464
213975	0.432
214025	0.416
214075	0.420
214125	0.392
214175	0.436
214225	0.444
214275	0.460
214325	0.492
214375	0.524
214425	0.516
214475	0.548
214525	0.552
214575	0.536
214625	0.524
214675	0.528
214725	0.488
214775	0.472
214825	0.472
214875	0.444
214925	0.448
214975	0.452
215025	0.436
215075	0.388
215125	0.384
215175	0.356
215225	0.368
215275	0.384
215325	0.408
215375	0.444
215425	0.456
215475	0.444
215525	0.420
215575	0.412
215625	0.392
215675	0.388
215725	0.416
215775	0.448
215825	0.464
215875	0.464
215925	0.436
215975	0.452
216025	0.440
216075	0.448
216125	0.464
216175	0.504
216225	0.488
216275	0.512
216325	0.500
216375	0.484
216425	0.476
216475	0.448
216525	0.404
216575	0.392
216625	0.372
216675	0.356
216725	0.364
216775	0.376
216825	0.392
216875	0.388
216925	0.416
216975	0.420
217025	0.448
217075	0.444
217125	0.452
217175	0.452
217225	0.448
217275	0.440
217325	0.444
217375	0.488
217425	0.488
217475	0.496
217525	0.504
217575	0.528
217625	0.520
217675	0.536
217725	0.564
217775	0.548
217825	0.536
217875	0.536
217925	0.520
217975	0.496
218025	0.504
218075	0.500
218125	0.504
218175	0.508
218225	0.504
218275	0.504
218325	0.480
218375	0.464
218425	0.448
218475	0.396
218525	0.328
218575	0.272
218625	0.212
218675	0.212
218725	0.228
218775	0.300
218825	0.344
218875	0.396
218925	0.400
218975	0.448
219025	0.448
219075	0.504
219125	0.552
219175	0.624
219225	0.656
219275	0.708
219325	0.716
219375	0.656
219425	0.612
219475	0.588
219525	0.488
219575	0.448
219625	0.524
219675	0.536
219725	0.532
219775	0.580
219825	0.592
219875	0.556
219925	0.532
219975	0.532
220025	0.540
220075	0.528
220125	0.512
220175	0.496
220225	0.500
220275	0.488
220325	0.488
220375	0.460
220425	0.468
220475	0.480
220525	0.500
220575	0.484
220625	0.500
220675	0.508
220725	0.484
220775	0.456
220825	0.484
220875	0.480
220925	0.452
220975	0.468
221025	0.520
221075	0.560
221125	0.572
221175	0.584
221225	0.568
221275	0.564
221325	0.532
221375	0.548
221425	0.584
221475	0.604
221525	0.576
221575	0.556
221625	0.556
221675	0.564
221725	0.564
221775	0.556
221825	0.572
221875	0.568
221925	0.532
221975	0.488
222025	0.484
222075	0.464
222125	0.460
222175	0.472
222225	0.492
222275	0.508
222325	0.532
222375	0.544
222425	0.544
222475	0.564
222525	0.576
222575	0.608
222625	0.576
222675	0.552
222725	0.512
222775	0.492
222825	0.496
222875	0.516
222925	0.544
222975	0.556
223025	0.540
223075	0.528
223125	0.552
223175	0.584
223225	0.624
223275	0.608
223325	0.572
223375	0.544
223425	0.480
223475	0.512
223525	0.544
223575	0.552
223625	0.544
223675	0.588
223725	0.544
223775	0.532
223825	0.512
223875	0.556
223925	0.536
223975	0.532
224025	0.524
224075	0.544
224125	0.488
224175	0.492
224225	0.476
224275	0.508
224325	0.484
224375	0.492
224425	0.456
224475	0.448
224525	0.416
224575	0.420
224625	0.420
224675	0.488
224725	0.516
224775	0.528
224825	0.528
224875	0.516
224925	0.496
224975	0.496
225025	0.500
225075	0.516
225125	0.532
225175	0.484
225225	0.428
225275	0.396
225325	0.376
225375	0.412
225425	0.448
225475	0.552
225525	0.620
225575	0.680
225625	0.680
225675	0.704
225725	0.676
225775	0.688
225825	0.668
225875	0.640
225925	0.624
225975	0.592
226025	0.572
226075	0.528
226125	0.524
226175	0.528
226225	0.544
226275	0.532
226325	0.580
226375	0.612
226425	0.624
226475	0.616
226525	0.620
226575	0.572
226625	0.512
226675	0.464
226725	0.424
226775	0.380
226825	0.400
226875	0.436
226925	0.440
226975	0.480
227025	0.528
227075	0.576
227125	0.628
227175	0.684
227225	0.720
227275	0.684
227325	0.636
227375	0.620
227425	0.540
227475	0.456
227525	0.492
227575	0.544
227625	0.524
227675	0.556
227725	0.588
227775	0.576
227825	0.536
227875	0.528
227925	0.552
227975	0.536
228025	0.524
228075	0.512
228125	0.488
228175	0.480
228225	0.492
228275	0.472
228325	0.468
228375	0.488
228425	0.488
228475	0.476
228525	0.496
228575	0.492
228625	0.500
228675	0.472
228725	0.472
228775	0.468
228825	0.484
228875	0.448
228925	0.480
228975	0.552
229025	0.584
229075	0.564
229125	0.584
229175	0.568
229225	0.544
229275	0.508
229325	0.560
229375	0.580
229425	0.592
229475	0.576
229525	0.564
229575	0.564
229625	0.576
229675	0.568
229725	0.564
229775	0.580
229825	0.560
229875	0.516
229925	0.472
229975	0.460
230025	0.468
230075	0.444
230125	0.480
230175	0.520
230225	0.536
230275	0.536
230325	0.556
230375	0.560
230425	0.568
230475	0.580
230525	0.604
230575	0.564
230625	0.524
230675	0.496
230725	0.500
230775	0.508
230825	0.532
230875	0.556
230925	0.552
230975	0.520
231025	0.520
231075	0.564
231125	0.584
231175	0.620
231225	0.600
231275	0.544
231325	0.512
231375	0.500
231425	0.532
231475	0.540
231525	0.556
231575	0.564
231625	0.564
231675	0.524
231725	0.528
231775	0.548
231825	0.556
231875	0.540
231925	0.532
231975	0.532
232025	0.512
232075	0.484
232125	0.492
232175	0.496
232225	0.504
232275	0.496
232325	0.480
232375	0.436
232425	0.432
232475	0.404
232525	0.392
232575	0.440
232625	0.532
232675	0.500
232725	0.548
232775	0.544
232825	0.520
232875	0.468
232925	0.524
232975	0.484
233025	0.516
233075	0.504
233125	0.476
233175	0.404
233225	0.400
233275	0.388
233325	0.432
233375	0.468
233425	0.580
233475	0.648
233525	0.700
233575	0.692
233625	0.708
233675	0.688
233725	0.692
233775	0.656
233825	0.612
233875	0.604
233925	0.580
233975	0.528
234025	0.516
234075	0.544
234125	0.540
234175	0.540
234225	0.572
234275	0.596
234325	0.620
234375	0.628
234425	0.616
234475	0.592
234525	0.552
234575	0.476
234625	0.452
234675	0.400
234725	0.388
234775	0.400
234825	0.444
234875	0.440
234925	0.504
234975	0.552
235025	0.620
235075	0.656
235125	0.704
235175	0.720
235225	0.656
235275	0.616
235325	0.592
235375	0.500
235425	0.448
235475	0.520
235525	0.540
235575	0.528
235625	0.576
235675	0.580
235725	0.564
235775	0.536
235825	0.524
235875	0.536
235925	0.544
235975	0.516
236025	0.492
236075	0.504
236125	0.496
236175	0.488
236225	0.460
236275	0.472
236325	0.480
236375	0.484
236425	0.468
236475	0.500
236525	0.500
236575	0.492
236625	0.468
236675	0.500
236725	0.476
236775	0.460
236825	0.460
236875	0.508
236925	0.552
236975	0.580
237025	0.580
237075	0.580
237125	0.572
237175	0.536
237225	0.532
237275	0.576
237325	0.604
237375	0.572
237425	0.560
237475	0.560
237525	0.568
237575	0.564
237625	0.560
237675	0.564
237725	0.572
237775	0.540
237825	0.492
237875	0.492
237925	0.468
237975	0.456
238025	0.464
238075	0.484
238125	0.504
238175	0.528
238225	0.544
238275	0.544
238325	0.556
238375	0.572
238425	0.600
238475	0.592
238525	0.552
238575	0.528
238625	0.492
238675	0.504
238725	0.500
238775	0.540
238825	0.552
238875	0.548
238925	0.532
238975	0.544
239025	0.592
239075	0.608
239125	0.608
239175	0.572
239225	0.548
239275	0.484
239325	0.512
239375	0.540
239425	0.552
239475	0.540
239525	0.584
239575	0.552
239625	0.536
239675	0.520
239725	0.564
239775	0.536
239825	0.532
239875	0.520
239925	0.528
239975	0.488
240025	0.488
240075	0.484
240125	0.504
240175	0.496
240225	0.508
240275	0.464
240325	0.444
240375	0.420
240425	0.416
240475	0.408
240525	0.476
240575	0.520
240625	0.520
240675	0.528
240725	0.516
240775	0.500
240825	0.492
240875	0.512
240925	0.516
240975	0.544
241025	0.492
241075	0.432
241125	0.400
241175	0.380
241225	0.392
241275	0.436
241325	0.540
241375	0.604
241425	0.672
241475	0.680
241525	0.708
241575	0.684
241625	0.688
241675	0.668
241725	0.648
241775	0.624
241825	0.596
241875	0.576
241925	0.540
241975	0.524
242025	0.528
242075	0.536
242125	0.532
242175	0.572
242225	0.612
242275	0.628
242325	0.624
242375	0.620
242425	0.580
242475	0.512
242525	0.460
242575	0.428
242625	0.388
242675	0.400
242725	0.440
242775	0.444
242825	0.480
242875	0.520
242925	0.564
242975	0.624
243025	0.672
243075	0.708
243125	0.684
243175	0.636
243225	0.616
243275	0.560
243325	0.464
243375	0.496
243425	0.540
243475	0.524
243525	0.540
243575	0.588
243625	0.576
243675	0.536
243725	0.528
243775	0.552
243825	0.536
243875	0.520
243925	0.520
243975	0.500
244025	0.488
244075	0.492
244125	0.472
244175	0.460
244225	0.480
244275	0.496
244325	0.480
244375	0.504
244425	0.496
244475	0.500
244525	0.456
244575	0.468
244625	0.468
244675	0.488
244725	0.452
244775	0.492
244825	0.540
244875	0.580
244925	0.568
244975	0.588
245025	0.560
245075	0.564
245125	0.516
245175	0.556
245225	0.572
245275	0.596
245325	0.556
245375	0.560
245425	0.560
245475	0.572
245525	0.564
245575	0.564
245625	0.572
245675	0.564
245725	0.520
245775	0.480
245825	0.476
245875	0.476
245925	0.448
245975	0.480
246025	0.520
246075	0.528
246125	0.532
246175	0.552
246225	0.552
246275	0.560
246325	0.576
246375	0.600
246425	0.568
246475	0.544
246525	0.500
246575	0.496
246625	0.512
246675	0.536
246725	0.544
246775	0.552
246825	0.528
246875	0.516
246925	0.552
246975	0.580
247025	0.624
247075	0.600
247125	0.556
247175	0.520
247225	0.496
247275	0.528
247325	0.540
247375	0.552
247425	0.556
247475	0.568
247525	0.528
247575	0.532
247625	0.544
247675	0.568
247725	0.540
247775	0.532
247825	0.524
247875	0.508
247925	0.480
247975	0.504
248025	0.496
248075	0.504
248125	0.500
248175	0.480
248225	0.436
248275	0.428
248325	0.416
248375	0.400
248425	0.436
248475	0.516
248525	0.500
248575	0.548
248625	0.540
248675	0.520
248725	0.472
248775	0.524
248825	0.480
248875	0.512
248925	0.500
248975	0.484
249025	0.404
249075	0.404
249125	0.384
249175	0.428
249225	0.460
249275	0.572
249325	0.636
249375	0.696
249425	0.692
249475	0.708
249525	0.692
249575	0.692
249625	0.668
249675	0.616
249725	0.608
249775	0.588
249825	0.536
249875	0.512
249925	0.548
249975	0.540
250025	0.536
250075	0.560
250125	0.592
250175	0.616
250225	0.628
250275	0.612
250325	0.592
250375	0.552
250425	0.488
250475	0.456
250525	0.408
250575	0.400
250625	0.408
250675	0.440
250725	0.432
250775	0.488
250825	0.540
250875	0.604
250925	0.648
250975	0.696
251025	0.736
251075	0.668
251125	0.624
251175	0.608
251225	0.516
251275	0.440
251325	0.508
251375	0.544
251425	0.524
251475	0.568
251525	0.580
251575	0.568
251625	0.532
251675	0.520
251725	0.540
251775	0.548
251825	0.520
251875	0.500
251925	0.496
251975	0.496
252025	0.496
252075	0.460
252125	0.472
252175	0.484
252225	0.484
252275	0.464
252325	0.504
252375	0.492
252425	0.492
252475	0.468
252525	0.492
252575	0.476
252625	0.464
252675	0.452
252725	0.500
252775	0.560
252825	0.576
252875	0.576
252925	0.596
252975	0.576
253025	0.532
253075	0.520
253125	0.580
253175	0.588
253225	0.576
253275	0.564
253325	0.564
253375	0.560
253425	0.564
253475	0.560
253525	0.568
253575	0.572
253625	0.548
253675	0.508
253725	0.484
253775	0.460
253825	0.464
253875	0.456
253925	0.476
253975	0.516
254025	0.536
254075	0.540
254125	0.552
254175	0.564
254225	0.572
254275	0.588
254325	0.596
254375	0.556
254425	0.516
254475	0.496
254525	0.504
254575	0.508
254625	0.536
254675	0.564
254725	0.548
254775	0.532
254825	0.544
254875	0.584
254925	0.600
254975	0.604
255025	0.576
255075	0.532
255125	0.500
255175	0.504
255225	0.536
255275	0.548
255325	0.552
255375	0.568
255425	0.552
255475	0.532
255525	0.532
255575	0.560
255625	0.552
255675	0.536
255725	0.528
255775	0.516
255825	0.492
255875	0.472
255925	0.484
255975	0.496
256025	0.504
256075	0.504
256125	0.480
256175	0.448
256225	0.420
256275	0.408
256325	0.404
256375	0.464
256425	0.524
256475	0.516
256525	0.544
256575	0.532
256625	0.504
256675	0.484
256725	0.520
256775	0.500
256825	0.536
256875	0.496
256925	0.444
256975	0.404
257025	0.384
257075	0.380
257125	0.432
257175	0.520
257225	0.596
257275	0.668
257325	0.688
257375	0.700
257425	0.692
257475	0.688
257525	0.668
257575	0.652
257625	0.628
257675	0.592
257725	0.580
257775	0.536
257825	0.528
257875	0.536
257925	0.536
257975	0.532
258025	0.572
258075	0.596
258125	0.616
258175	0.620
258225	0.616
258275	0.584
258325	0.520
258375	0.460
258425	0.436
258475	0.388
258525	0.396
258575	0.432
258625	0.448
258675	0.472
258725	0.516
258775	0.564
258825	0.620
258875	0.664
258925	0.716
258975	0.688
259025	0.636
259075	0.552
259125	0.480
259175	0.384
259225	0.356
259275	0.372
259325	0.400
259375	0.428
259425	0.428
259475	0.488
259525	0.440
259575	0.392
259625	0.372
259675	0.352
259725	0.288
259775	0.300
259825	0.332
259875	0.344
259925	0.376
259975	0.380
260025	0.344
260075	0.320
260125	0.276
260175	0.240
260225	0.232
260275	0.220
260325	0.208
260375	0.196
260425	0.176
260475	0.176
260525	0.220
260575	0.228
260625	0.240
260675	0.236
260725	0.204
260775	0.168
260825	0.144
260875	0.112
260925	0.112
260975	0.108
261025	0.096
261075	0.092
261125	0.128
261175	0.140
261225	0.140
261275	0.152
261325	0.144
261375	0.112
261425	0.104
261475	0.100
261525	0.076
261575	0.084
261625	0.116
261675	0.132
261725	0.152
