Position	Percent G+C 1 .. 328624
125	0.048
175	0.048
225	0.036
275	0.028
325	0.028
375	0.032
425	0.044
475	0.040
525	0.040
575	0.024
625	0.028
675	0.032
725	0.032
775	0.028
825	0.032
875	0.032
925	0.016
975	0.016
1025	0.016
1075	0.024
1125	0.024
1175	0.032
1225	0.036
1275	0.104
1325	0.184
1375	0.240
1425	0.288
1475	0.284
1525	0.220
1575	0.132
1625	0.068
1675	0.016
1725	0.020
1775	0.024
1825	0.024
1875	0.040
1925	0.040
1975	0.044
2025	0.044
2075	0.068
2125	0.100
2175	0.180
2225	0.296
2275	0.380
2325	0.440
2375	0.472
2425	0.476
2475	0.424
2525	0.456
2575	0.476
2625	0.492
2675	0.488
2725	0.492
2775	0.452
2825	0.424
2875	0.436
2925	0.464
2975	0.500
3025	0.544
3075	0.576
3125	0.580
3175	0.536
3225	0.524
3275	0.504
3325	0.496
3375	0.460
3425	0.504
3475	0.504
3525	0.476
3575	0.464
3625	0.472
3675	0.460
3725	0.452
3775	0.456
3825	0.436
3875	0.432
3925	0.404
3975	0.404
4025	0.408
4075	0.448
4125	0.464
4175	0.504
4225	0.504
4275	0.512
4325	0.496
4375	0.488
4425	0.488
4475	0.484
4525	0.468
4575	0.456
4625	0.460
4675	0.444
4725	0.412
4775	0.432
4825	0.460
4875	0.488
4925	0.496
4975	0.556
5025	0.536
5075	0.516
5125	0.500
5175	0.480
5225	0.440
5275	0.460
5325	0.460
5375	0.428
5425	0.408
5475	0.408
5525	0.368
5575	0.324
5625	0.340
5675	0.364
5725	0.396
5775	0.428
5825	0.484
5875	0.480
5925	0.476
5975	0.456
6025	0.444
6075	0.408
6125	0.416
6175	0.436
6225	0.412
6275	0.408
6325	0.444
6375	0.444
6425	0.440
6475	0.460
6525	0.472
6575	0.444
6625	0.452
6675	0.420
6725	0.416
6775	0.428
6825	0.432
6875	0.440
6925	0.484
6975	0.520
7025	0.504
7075	0.492
7125	0.464
7175	0.440
7225	0.412
7275	0.416
7325	0.416
7375	0.408
7425	0.408
7475	0.384
7525	0.396
7575	0.416
7625	0.456
7675	0.452
7725	0.464
7775	0.456
7825	0.456
7875	0.452
7925	0.484
7975	0.492
8025	0.492
8075	0.488
8125	0.480
8175	0.436
8225	0.416
8275	0.428
8325	0.464
8375	0.452
8425	0.472
8475	0.456
8525	0.424
8575	0.384
8625	0.372
8675	0.352
8725	0.376
8775	0.388
8825	0.412
8875	0.404
8925	0.428
8975	0.464
9025	0.488
9075	0.448
9125	0.464
9175	0.472
9225	0.448
9275	0.424
9325	0.444
9375	0.456
9425	0.436
9475	0.420
9525	0.408
9575	0.400
9625	0.408
9675	0.372
9725	0.352
9775	0.324
9825	0.292
9875	0.232
9925	0.216
9975	0.180
10025	0.160
10075	0.132
10125	0.108
10175	0.108
10225	0.136
10275	0.120
10325	0.136
10375	0.132
10425	0.108
10475	0.088
10525	0.108
10575	0.096
10625	0.128
10675	0.164
10725	0.196
10775	0.228
10825	0.244
10875	0.248
10925	0.248
10975	0.264
11025	0.252
11075	0.300
11125	0.328
11175	0.368
11225	0.340
11275	0.416
11325	0.444
11375	0.460
11425	0.468
11475	0.504
11525	0.460
11575	0.404
11625	0.428
11675	0.428
11725	0.420
11775	0.408
11825	0.448
11875	0.396
11925	0.364
11975	0.380
12025	0.376
12075	0.360
12125	0.384
12175	0.432
12225	0.444
12275	0.468
12325	0.480
12375	0.468
12425	0.432
12475	0.424
12525	0.420
12575	0.420
12625	0.444
12675	0.456
12725	0.468
12775	0.468
12825	0.460
12875	0.436
12925	0.460
12975	0.444
13025	0.440
13075	0.436
13125	0.444
13175	0.432
13225	0.396
13275	0.404
13325	0.388
13375	0.396
13425	0.400
13475	0.468
13525	0.440
13575	0.468
13625	0.480
13675	0.484
13725	0.476
13775	0.540
13825	0.552
13875	0.564
13925	0.588
13975	0.576
14025	0.532
14075	0.544
14125	0.528
14175	0.496
14225	0.488
14275	0.532
14325	0.508
14375	0.512
14425	0.520
14475	0.532
14525	0.504
14575	0.512
14625	0.504
14675	0.488
14725	0.448
14775	0.428
14825	0.436
14875	0.420
14925	0.440
14975	0.476
15025	0.464
15075	0.416
15125	0.440
15175	0.440
15225	0.428
15275	0.456
15325	0.480
15375	0.412
15425	0.356
15475	0.352
15525	0.320
15575	0.316
15625	0.364
15675	0.400
15725	0.416
15775	0.476
15825	0.476
15875	0.492
15925	0.484
15975	0.464
16025	0.436
16075	0.444
16125	0.460
16175	0.468
16225	0.436
16275	0.444
16325	0.436
16375	0.396
16425	0.380
16475	0.448
16525	0.424
16575	0.424
16625	0.420
16675	0.464
16725	0.448
16775	0.448
16825	0.456
16875	0.448
16925	0.448
16975	0.436
17025	0.440
17075	0.436
17125	0.452
17175	0.444
17225	0.436
17275	0.472
17325	0.504
17375	0.496
17425	0.472
17475	0.492
17525	0.456
17575	0.456
17625	0.472
17675	0.480
17725	0.448
17775	0.468
17825	0.468
17875	0.464
17925	0.468
17975	0.504
18025	0.508
18075	0.456
18125	0.468
18175	0.452
18225	0.444
18275	0.424
18325	0.480
18375	0.492
18425	0.508
18475	0.496
18525	0.504
18575	0.464
18625	0.424
18675	0.412
18725	0.408
18775	0.376
18825	0.384
18875	0.404
18925	0.400
18975	0.396
19025	0.428
19075	0.432
19125	0.440
19175	0.464
19225	0.472
19275	0.468
19325	0.464
19375	0.436
19425	0.412
19475	0.416
19525	0.432
19575	0.432
19625	0.456
19675	0.468
19725	0.488
19775	0.476
19825	0.472
19875	0.468
19925	0.460
19975	0.440
20025	0.432
20075	0.416
20125	0.420
20175	0.432
20225	0.444
20275	0.452
20325	0.476
20375	0.488
20425	0.468
20475	0.480
20525	0.476
20575	0.496
20625	0.496
20675	0.544
20725	0.508
20775	0.528
20825	0.516
20875	0.516
20925	0.476
20975	0.536
21025	0.508
21075	0.504
21125	0.492
21175	0.488
21225	0.420
21275	0.420
21325	0.404
21375	0.392
21425	0.384
21475	0.444
21525	0.472
21575	0.504
21625	0.564
21675	0.628
21725	0.612
21775	0.596
21825	0.592
21875	0.572
21925	0.560
21975	0.564
22025	0.588
22075	0.584
22125	0.576
22175	0.568
22225	0.556
22275	0.544
22325	0.544
22375	0.556
22425	0.536
22475	0.516
22525	0.496
22575	0.492
22625	0.444
22675	0.464
22725	0.460
22775	0.480
22825	0.476
22875	0.524
22925	0.492
22975	0.496
23025	0.504
23075	0.524
23125	0.504
23175	0.508
23225	0.520
23275	0.484
23325	0.440
23375	0.428
23425	0.452
23475	0.460
23525	0.484
23575	0.544
23625	0.556
23675	0.560
23725	0.552
23775	0.576
23825	0.528
23875	0.544
23925	0.540
23975	0.544
24025	0.484
24075	0.512
24125	0.496
24175	0.484
24225	0.496
24275	0.524
24325	0.512
24375	0.488
24425	0.488
24475	0.456
24525	0.436
24575	0.408
24625	0.376
24675	0.360
24725	0.368
24775	0.352
24825	0.376
24875	0.408
24925	0.404
24975	0.400
25025	0.448
25075	0.444
25125	0.452
25175	0.476
25225	0.484
25275	0.504
25325	0.480
25375	0.476
25425	0.476
25475	0.504
25525	0.492
25575	0.540
25625	0.564
25675	0.564
25725	0.516
25775	0.496
25825	0.508
25875	0.496
25925	0.484
25975	0.512
26025	0.524
26075	0.484
26125	0.492
26175	0.500
26225	0.536
26275	0.536
26325	0.560
26375	0.576
26425	0.576
26475	0.552
26525	0.568
26575	0.552
26625	0.536
26675	0.524
26725	0.516
26775	0.508
26825	0.524
26875	0.516
26925	0.548
26975	0.540
27025	0.544
27075	0.540
27125	0.520
27175	0.492
27225	0.492
27275	0.468
27325	0.436
27375	0.472
27425	0.472
27475	0.436
27525	0.416
27575	0.408
27625	0.380
27675	0.396
27725	0.444
27775	0.464
27825	0.504
27875	0.512
27925	0.508
27975	0.500
28025	0.496
28075	0.468
28125	0.468
28175	0.480
28225	0.496
28275	0.520
28325	0.560
28375	0.564
28425	0.548
28475	0.528
28525	0.496
28575	0.464
28625	0.456
28675	0.440
28725	0.460
28775	0.468
28825	0.476
28875	0.480
28925	0.488
28975	0.476
29025	0.476
29075	0.476
29125	0.484
29175	0.504
29225	0.516
29275	0.528
29325	0.524
29375	0.512
29425	0.500
29475	0.488
29525	0.468
29575	0.496
29625	0.500
29675	0.500
29725	0.488
29775	0.512
29825	0.496
29875	0.476
29925	0.476
29975	0.452
30025	0.428
30075	0.428
30125	0.468
30175	0.460
30225	0.476
30275	0.468
30325	0.448
30375	0.420
30425	0.392
30475	0.392
30525	0.420
30575	0.452
30625	0.444
30675	0.460
30725	0.460
30775	0.440
30825	0.360
30875	0.336
30925	0.348
30975	0.332
31025	0.332
31075	0.372
31125	0.388
31175	0.360
31225	0.376
31275	0.384
31325	0.404
31375	0.376
31425	0.368
31475	0.368
31525	0.380
31575	0.364
31625	0.416
31675	0.440
31725	0.444
31775	0.440
31825	0.440
31875	0.468
31925	0.476
31975	0.472
32025	0.452
32075	0.456
32125	0.420
32175	0.412
32225	0.436
32275	0.448
32325	0.456
32375	0.452
32425	0.452
32475	0.440
32525	0.444
32575	0.436
32625	0.436
32675	0.440
32725	0.452
32775	0.480
32825	0.524
32875	0.560
32925	0.568
32975	0.552
33025	0.544
33075	0.516
33125	0.520
33175	0.528
33225	0.512
33275	0.508
33325	0.508
33375	0.484
33425	0.496
33475	0.528
33525	0.524
33575	0.496
33625	0.480
33675	0.464
33725	0.448
33775	0.456
33825	0.492
33875	0.520
33925	0.528
33975	0.536
34025	0.508
34075	0.508
34125	0.504
34175	0.492
34225	0.488
34275	0.512
34325	0.496
34375	0.492
34425	0.484
34475	0.472
34525	0.468
34575	0.468
34625	0.452
34675	0.452
34725	0.480
34775	0.488
34825	0.504
34875	0.504
34925	0.480
34975	0.472
35025	0.436
35075	0.392
35125	0.392
35175	0.396
35225	0.376
35275	0.384
35325	0.404
35375	0.396
35425	0.432
35475	0.420
35525	0.408
35575	0.388
35625	0.420
35675	0.408
35725	0.424
35775	0.456
35825	0.476
35875	0.452
35925	0.472
35975	0.456
36025	0.432
36075	0.448
36125	0.460
36175	0.424
36225	0.460
36275	0.484
36325	0.464
36375	0.424
36425	0.428
36475	0.420
36525	0.380
36575	0.372
36625	0.376
36675	0.372
36725	0.344
36775	0.380
36825	0.392
36875	0.416
36925	0.424
36975	0.436
37025	0.444
37075	0.432
37125	0.424
37175	0.424
37225	0.448
37275	0.432
37325	0.448
37375	0.472
37425	0.484
37475	0.488
37525	0.508
37575	0.532
37625	0.524
37675	0.520
37725	0.504
37775	0.492
37825	0.468
37875	0.468
37925	0.460
37975	0.448
38025	0.440
38075	0.464
38125	0.484
38175	0.484
38225	0.504
38275	0.524
38325	0.496
38375	0.452
38425	0.440
38475	0.428
38525	0.452
38575	0.448
38625	0.476
38675	0.504
38725	0.484
38775	0.416
38825	0.424
38875	0.432
38925	0.428
38975	0.428
39025	0.452
39075	0.452
39125	0.408
39175	0.396
39225	0.404
39275	0.364
39325	0.364
39375	0.352
39425	0.336
39475	0.320
39525	0.368
39575	0.356
39625	0.376
39675	0.384
39725	0.416
39775	0.392
39825	0.380
39875	0.348
39925	0.324
39975	0.272
40025	0.268
40075	0.272
40125	0.308
40175	0.348
40225	0.368
40275	0.380
40325	0.368
40375	0.360
40425	0.380
40475	0.416
40525	0.428
40575	0.508
40625	0.540
40675	0.492
40725	0.460
40775	0.464
40825	0.424
40875	0.408
40925	0.444
40975	0.468
41025	0.460
41075	0.484
41125	0.488
41175	0.484
41225	0.484
41275	0.488
41325	0.484
41375	0.472
41425	0.464
41475	0.472
41525	0.452
41575	0.428
41625	0.444
41675	0.444
41725	0.440
41775	0.456
41825	0.460
41875	0.468
41925	0.488
41975	0.476
42025	0.484
42075	0.468
42125	0.440
42175	0.432
42225	0.444
42275	0.412
42325	0.456
42375	0.472
42425	0.452
42475	0.440
42525	0.452
42575	0.416
42625	0.380
42675	0.364
42725	0.352
42775	0.332
42825	0.332
42875	0.356
42925	0.380
42975	0.392
43025	0.424
43075	0.440
43125	0.424
43175	0.408
43225	0.376
43275	0.356
43325	0.336
43375	0.352
43425	0.360
43475	0.412
43525	0.436
43575	0.416
43625	0.420
43675	0.440
43725	0.448
43775	0.436
43825	0.472
43875	0.488
43925	0.480
43975	0.468
44025	0.492
44075	0.468
44125	0.440
44175	0.416
44225	0.388
44275	0.364
44325	0.368
44375	0.356
44425	0.412
44475	0.432
44525	0.412
44575	0.432
44625	0.452
44675	0.428
44725	0.408
44775	0.436
44825	0.444
44875	0.460
44925	0.464
44975	0.468
45025	0.464
45075	0.432
45125	0.452
45175	0.452
45225	0.456
45275	0.472
45325	0.492
45375	0.492
45425	0.484
45475	0.520
45525	0.536
45575	0.544
45625	0.548
45675	0.572
45725	0.544
45775	0.516
45825	0.508
45875	0.480
45925	0.460
45975	0.464
46025	0.464
46075	0.476
46125	0.488
46175	0.492
46225	0.496
46275	0.488
46325	0.484
46375	0.500
46425	0.484
46475	0.484
46525	0.476
46575	0.460
46625	0.428
46675	0.412
46725	0.376
46775	0.384
46825	0.388
46875	0.400
46925	0.416
46975	0.452
47025	0.460
47075	0.484
47125	0.504
47175	0.516
47225	0.520
47275	0.556
47325	0.540
47375	0.528
47425	0.548
47475	0.576
47525	0.560
47575	0.592
47625	0.600
47675	0.608
47725	0.608
47775	0.600
47825	0.600
47875	0.584
47925	0.572
47975	0.552
48025	0.564
48075	0.532
48125	0.544
48175	0.524
48225	0.492
48275	0.424
48325	0.408
48375	0.400
48425	0.396
48475	0.428
48525	0.472
48575	0.476
48625	0.448
48675	0.448
48725	0.424
48775	0.440
48825	0.472
48875	0.500
48925	0.508
48975	0.512
49025	0.508
49075	0.464
49125	0.456
49175	0.476
49225	0.472
49275	0.460
49325	0.444
49375	0.448
49425	0.420
49475	0.424
49525	0.404
49575	0.420
49625	0.428
49675	0.400
49725	0.408
49775	0.440
49825	0.448
49875	0.428
49925	0.476
49975	0.488
50025	0.468
50075	0.480
50125	0.476
50175	0.448
50225	0.436
50275	0.444
50325	0.448
50375	0.452
50425	0.452
50475	0.456
50525	0.448
50575	0.452
50625	0.468
50675	0.492
50725	0.468
50775	0.464
50825	0.456
50875	0.416
50925	0.376
50975	0.384
51025	0.408
51075	0.420
51125	0.452
51175	0.500
51225	0.528
51275	0.532
51325	0.536
51375	0.536
51425	0.560
51475	0.572
51525	0.572
51575	0.556
51625	0.560
51675	0.540
51725	0.520
51775	0.516
51825	0.512
51875	0.516
51925	0.520
51975	0.524
52025	0.516
52075	0.540
52125	0.544
52175	0.528
52225	0.528
52275	0.520
52325	0.504
52375	0.504
52425	0.524
52475	0.528
52525	0.544
52575	0.564
52625	0.564
52675	0.544
52725	0.548
52775	0.568
52825	0.544
52875	0.544
52925	0.536
52975	0.536
53025	0.536
53075	0.540
53125	0.524
53175	0.536
53225	0.516
53275	0.472
53325	0.496
53375	0.520
53425	0.520
53475	0.544
53525	0.552
53575	0.548
53625	0.536
53675	0.564
53725	0.540
53775	0.560
53825	0.544
53875	0.508
53925	0.460
53975	0.464
54025	0.464
54075	0.456
54125	0.488
54175	0.516
54225	0.536
54275	0.532
54325	0.560
54375	0.572
54425	0.548
54475	0.524
54525	0.508
54575	0.452
54625	0.452
54675	0.436
54725	0.436
54775	0.428
54825	0.460
54875	0.452
54925	0.456
54975	0.468
55025	0.464
55075	0.480
55125	0.492
55175	0.548
55225	0.568
55275	0.584
55325	0.580
55375	0.592
55425	0.552
55475	0.532
55525	0.568
55575	0.556
55625	0.552
55675	0.564
55725	0.564
55775	0.524
55825	0.500
55875	0.472
55925	0.448
55975	0.416
56025	0.416
56075	0.412
56125	0.420
56175	0.440
56225	0.468
56275	0.476
56325	0.492
56375	0.504
56425	0.520
56475	0.492
56525	0.488
56575	0.500
56625	0.476
56675	0.464
56725	0.492
56775	0.496
56825	0.448
56875	0.452
56925	0.400
56975	0.360
57025	0.336
57075	0.348
57125	0.336
57175	0.352
57225	0.384
57275	0.380
57325	0.360
57375	0.376
57425	0.400
57475	0.372
57525	0.376
57575	0.396
57625	0.404
57675	0.400
57725	0.440
57775	0.464
57825	0.488
57875	0.472
57925	0.460
57975	0.444
58025	0.440
58075	0.448
58125	0.444
58175	0.440
58225	0.408
58275	0.400
58325	0.388
58375	0.364
58425	0.388
58475	0.424
58525	0.456
58575	0.476
58625	0.504
58675	0.524
58725	0.492
58775	0.436
58825	0.404
58875	0.420
58925	0.392
58975	0.440
59025	0.456
59075	0.480
59125	0.468
59175	0.472
59225	0.456
59275	0.484
59325	0.464
59375	0.448
59425	0.432
59475	0.424
59525	0.404
59575	0.400
59625	0.404
59675	0.404
59725	0.400
59775	0.420
59825	0.456
59875	0.508
59925	0.540
59975	0.572
60025	0.560
60075	0.576
60125	0.496
60175	0.480
60225	0.460
60275	0.480
60325	0.468
60375	0.496
60425	0.472
60475	0.496
60525	0.476
60575	0.480
60625	0.528
60675	0.564
60725	0.552
60775	0.536
60825	0.508
60875	0.448
60925	0.428
60975	0.400
61025	0.412
61075	0.408
61125	0.416
61175	0.392
61225	0.372
61275	0.400
61325	0.420
61375	0.420
61425	0.456
61475	0.480
61525	0.436
61575	0.436
61625	0.440
61675	0.404
61725	0.388
61775	0.336
61825	0.304
61875	0.300
61925	0.332
61975	0.340
62025	0.392
62075	0.416
62125	0.468
62175	0.484
62225	0.488
62275	0.480
62325	0.492
62375	0.456
62425	0.412
62475	0.424
62525	0.436
62575	0.404
62625	0.400
62675	0.416
62725	0.396
62775	0.400
62825	0.412
62875	0.432
62925	0.400
62975	0.396
63025	0.424
63075	0.416
63125	0.368
63175	0.404
63225	0.424
63275	0.380
63325	0.400
63375	0.428
63425	0.428
63475	0.432
63525	0.496
63575	0.508
63625	0.520
63675	0.520
63725	0.516
63775	0.488
63825	0.456
63875	0.440
63925	0.452
63975	0.452
64025	0.424
64075	0.428
64125	0.436
64175	0.408
64225	0.380
64275	0.384
64325	0.356
64375	0.356
64425	0.352
64475	0.344
64525	0.336
64575	0.360
64625	0.356
64675	0.376
64725	0.420
64775	0.456
64825	0.460
64875	0.448
64925	0.448
64975	0.424
65025	0.392
65075	0.384
65125	0.372
65175	0.352
65225	0.364
65275	0.376
65325	0.396
65375	0.440
65425	0.464
65475	0.484
65525	0.500
65575	0.488
65625	0.496
65675	0.516
65725	0.500
65775	0.504
65825	0.512
65875	0.500
65925	0.468
65975	0.488
66025	0.496
66075	0.504
66125	0.496
66175	0.500
66225	0.516
66275	0.500
66325	0.472
66375	0.472
66425	0.492
66475	0.456
66525	0.476
66575	0.508
66625	0.500
66675	0.492
66725	0.520
66775	0.496
66825	0.472
66875	0.440
66925	0.408
66975	0.356
67025	0.328
67075	0.316
67125	0.348
67175	0.376
67225	0.404
67275	0.420
67325	0.464
67375	0.456
67425	0.444
67475	0.456
67525	0.456
67575	0.432
67625	0.452
67675	0.476
67725	0.460
67775	0.456
67825	0.440
67875	0.444
67925	0.432
67975	0.404
68025	0.404
68075	0.420
68125	0.408
68175	0.424
68225	0.460
68275	0.484
68325	0.492
68375	0.480
68425	0.440
68475	0.412
68525	0.388
68575	0.356
68625	0.360
68675	0.376
68725	0.408
68775	0.440
68825	0.460
68875	0.448
68925	0.432
68975	0.424
69025	0.420
69075	0.408
69125	0.440
69175	0.452
69225	0.448
69275	0.444
69325	0.464
69375	0.452
69425	0.468
69475	0.444
69525	0.416
69575	0.408
69625	0.396
69675	0.368
69725	0.392
69775	0.424
69825	0.440
69875	0.440
69925	0.468
69975	0.460
70025	0.444
70075	0.424
70125	0.444
70175	0.436
70225	0.432
70275	0.428
70325	0.440
70375	0.412
70425	0.412
70475	0.416
70525	0.416
70575	0.416
70625	0.440
70675	0.440
70725	0.448
70775	0.440
70825	0.428
70875	0.416
70925	0.420
70975	0.444
71025	0.436
71075	0.460
71125	0.468
71175	0.448
71225	0.424
71275	0.456
71325	0.424
71375	0.440
71425	0.440
71475	0.436
71525	0.412
71575	0.420
71625	0.372
71675	0.396
71725	0.388
71775	0.388
71825	0.412
71875	0.428
71925	0.424
71975	0.448
72025	0.448
72075	0.432
72125	0.456
72175	0.448
72225	0.440
72275	0.460
72325	0.480
72375	0.472
72425	0.484
72475	0.476
72525	0.460
72575	0.440
72625	0.436
72675	0.432
72725	0.420
72775	0.428
72825	0.432
72875	0.432
72925	0.432
72975	0.448
73025	0.464
73075	0.456
73125	0.460
73175	0.460
73225	0.460
73275	0.448
73325	0.468
73375	0.488
73425	0.468
73475	0.484
73525	0.480
73575	0.436
73625	0.436
73675	0.468
73725	0.464
73775	0.452
73825	0.484
73875	0.480
73925	0.484
73975	0.480
74025	0.508
74075	0.536
74125	0.516
74175	0.528
74225	0.544
74275	0.540
74325	0.532
74375	0.520
74425	0.532
74475	0.552
74525	0.588
74575	0.568
74625	0.584
74675	0.548
74725	0.512
74775	0.488
74825	0.524
74875	0.540
74925	0.564
74975	0.588
75025	0.580
75075	0.556
75125	0.576
75175	0.568
75225	0.564
75275	0.572
75325	0.580
75375	0.576
75425	0.576
75475	0.572
75525	0.592
75575	0.600
75625	0.584
75675	0.572
75725	0.560
75775	0.544
75825	0.544
75875	0.540
75925	0.552
75975	0.552
76025	0.548
76075	0.536
76125	0.552
76175	0.540
76225	0.528
76275	0.536
76325	0.528
76375	0.496
76425	0.500
76475	0.516
76525	0.520
76575	0.520
76625	0.528
76675	0.528
76725	0.504
76775	0.480
76825	0.484
76875	0.460
76925	0.444
76975	0.436
77025	0.424
77075	0.392
77125	0.372
77175	0.356
77225	0.380
77275	0.364
77325	0.348
77375	0.376
77425	0.392
77475	0.364
77525	0.388
77575	0.440
77625	0.432
77675	0.436
77725	0.448
77775	0.432
77825	0.416
77875	0.432
77925	0.448
77975	0.456
78025	0.488
78075	0.492
78125	0.504
78175	0.504
78225	0.488
78275	0.480
78325	0.452
78375	0.448
78425	0.420
78475	0.436
78525	0.420
78575	0.440
78625	0.428
78675	0.436
78725	0.436
78775	0.424
78825	0.420
78875	0.440
78925	0.432
78975	0.440
79025	0.436
79075	0.456
79125	0.436
79175	0.436
79225	0.444
79275	0.452
79325	0.416
79375	0.408
79425	0.420
79475	0.396
79525	0.388
79575	0.424
79625	0.444
79675	0.444
79725	0.424
79775	0.416
79825	0.396
79875	0.412
79925	0.432
79975	0.464
80025	0.496
80075	0.504
80125	0.516
80175	0.524
80225	0.512
80275	0.496
80325	0.512
80375	0.464
80425	0.412
80475	0.420
80525	0.428
80575	0.416
80625	0.432
80675	0.464
80725	0.460
80775	0.452
80825	0.488
80875	0.488
80925	0.488
80975	0.520
81025	0.548
81075	0.516
81125	0.508
81175	0.508
81225	0.484
81275	0.432
81325	0.436
81375	0.472
81425	0.440
81475	0.436
81525	0.456
81575	0.432
81625	0.408
81675	0.424
81725	0.444
81775	0.452
81825	0.448
81875	0.452
81925	0.440
81975	0.404
82025	0.412
82075	0.428
82125	0.424
82175	0.432
82225	0.464
82275	0.468
82325	0.472
82375	0.480
82425	0.496
82475	0.472
82525	0.468
82575	0.456
82625	0.424
82675	0.420
82725	0.440
82775	0.432
82825	0.448
82875	0.464
82925	0.444
82975	0.428
83025	0.416
83075	0.416
83125	0.412
83175	0.400
83225	0.424
83275	0.448
83325	0.448
83375	0.452
83425	0.492
83475	0.504
83525	0.504
83575	0.500
83625	0.508
83675	0.496
83725	0.476
83775	0.464
83825	0.460
83875	0.444
83925	0.448
83975	0.432
84025	0.412
84075	0.420
84125	0.440
84175	0.432
84225	0.428
84275	0.448
84325	0.448
84375	0.456
84425	0.488
84475	0.500
84525	0.520
84575	0.508
84625	0.480
84675	0.468
84725	0.468
84775	0.456
84825	0.468
84875	0.500
84925	0.488
84975	0.512
85025	0.524
85075	0.532
85125	0.508
85175	0.472
85225	0.436
85275	0.424
85325	0.400
85375	0.396
85425	0.436
85475	0.468
85525	0.448
85575	0.428
85625	0.444
85675	0.456
85725	0.460
85775	0.464
85825	0.504
85875	0.516
85925	0.540
85975	0.500
86025	0.504
86075	0.512
86125	0.496
86175	0.436
86225	0.436
86275	0.460
86325	0.436
86375	0.424
86425	0.448
86475	0.484
86525	0.500
86575	0.512
86625	0.516
86675	0.516
86725	0.488
86775	0.456
86825	0.484
86875	0.492
86925	0.496
86975	0.512
87025	0.544
87075	0.508
87125	0.508
87175	0.500
87225	0.508
87275	0.492
87325	0.488
87375	0.500
87425	0.520
87475	0.516
87525	0.512
87575	0.516
87625	0.488
87675	0.468
87725	0.464
87775	0.448
87825	0.452
87875	0.472
87925	0.484
87975	0.480
88025	0.492
88075	0.468
88125	0.448
88175	0.424
88225	0.408
88275	0.400
88325	0.384
88375	0.396
88425	0.416
88475	0.432
88525	0.448
88575	0.484
88625	0.508
88675	0.520
88725	0.548
88775	0.540
88825	0.588
88875	0.588
88925	0.584
88975	0.596
89025	0.608
89075	0.564
89125	0.560
89175	0.544
89225	0.516
89275	0.504
89325	0.532
89375	0.508
89425	0.488
89475	0.448
89525	0.464
89575	0.468
89625	0.476
89675	0.492
89725	0.556
89775	0.532
89825	0.484
89875	0.484
89925	0.472
89975	0.452
90025	0.460
90075	0.492
90125	0.480
90175	0.488
90225	0.472
90275	0.476
90325	0.460
90375	0.452
90425	0.476
90475	0.500
90525	0.512
90575	0.520
90625	0.520
90675	0.516
90725	0.512
90775	0.524
90825	0.520
90875	0.524
90925	0.528
90975	0.532
91025	0.500
91075	0.492
91125	0.516
91175	0.528
91225	0.516
91275	0.524
91325	0.544
91375	0.560
91425	0.552
91475	0.556
91525	0.568
91575	0.520
91625	0.500
91675	0.460
91725	0.432
91775	0.384
91825	0.412
91875	0.384
91925	0.404
91975	0.424
92025	0.432
92075	0.440
92125	0.456
92175	0.444
92225	0.436
92275	0.428
92325	0.380
92375	0.364
92425	0.376
92475	0.348
92525	0.384
92575	0.384
92625	0.388
92675	0.356
92725	0.384
92775	0.372
92825	0.392
92875	0.428
92925	0.480
92975	0.476
93025	0.480
93075	0.500
93125	0.500
93175	0.472
93225	0.488
93275	0.492
93325	0.472
93375	0.428
93425	0.444
93475	0.428
93525	0.432
93575	0.436
93625	0.420
93675	0.404
93725	0.408
93775	0.404
93825	0.400
93875	0.412
93925	0.392
93975	0.388
94025	0.400
94075	0.416
94125	0.460
94175	0.464
94225	0.460
94275	0.440
94325	0.412
94375	0.392
94425	0.404
94475	0.396
94525	0.392
94575	0.432
94625	0.436
94675	0.440
94725	0.444
94775	0.448
94825	0.444
94875	0.432
94925	0.432
94975	0.424
95025	0.428
95075	0.428
95125	0.428
95175	0.400
95225	0.424
95275	0.464
95325	0.456
95375	0.460
95425	0.520
95475	0.528
95525	0.496
95575	0.504
95625	0.520
95675	0.496
95725	0.472
95775	0.448
95825	0.428
95875	0.412
95925	0.420
95975	0.448
96025	0.472
96075	0.492
96125	0.504
96175	0.500
96225	0.500
96275	0.488
96325	0.476
96375	0.488
96425	0.496
96475	0.492
96525	0.500
96575	0.520
96625	0.512
96675	0.528
96725	0.540
96775	0.532
96825	0.532
96875	0.528
96925	0.508
96975	0.484
97025	0.504
97075	0.512
97125	0.532
97175	0.512
97225	0.532
97275	0.544
97325	0.524
97375	0.512
97425	0.516
97475	0.468
97525	0.452
97575	0.440
97625	0.448
97675	0.456
97725	0.476
97775	0.476
97825	0.492
97875	0.476
97925	0.492
97975	0.488
98025	0.460
98075	0.452
98125	0.464
98175	0.452
98225	0.476
98275	0.508
98325	0.524
98375	0.512
98425	0.492
98475	0.456
98525	0.452
98575	0.452
98625	0.464
98675	0.476
98725	0.516
98775	0.484
98825	0.456
98875	0.440
98925	0.416
98975	0.392
99025	0.400
99075	0.424
99125	0.440
99175	0.480
99225	0.508
99275	0.536
99325	0.528
99375	0.508
99425	0.496
99475	0.500
99525	0.484
99575	0.500
99625	0.504
99675	0.504
99725	0.468
99775	0.488
99825	0.496
99875	0.500
99925	0.496
99975	0.508
100025	0.492
100075	0.476
100125	0.460
100175	0.452
100225	0.448
100275	0.444
100325	0.432
100375	0.456
100425	0.472
100475	0.464
100525	0.444
100575	0.464
100625	0.444
100675	0.436
100725	0.432
100775	0.436
100825	0.420
100875	0.448
100925	0.444
100975	0.456
101025	0.464
101075	0.468
101125	0.428
101175	0.444
101225	0.456
101275	0.476
101325	0.464
101375	0.476
101425	0.484
101475	0.476
101525	0.460
101575	0.448
101625	0.468
101675	0.448
101725	0.428
101775	0.436
101825	0.464
101875	0.420
101925	0.388
101975	0.400
102025	0.380
102075	0.356
102125	0.376
102175	0.440
102225	0.396
102275	0.408
102325	0.424
102375	0.428
102425	0.392
102475	0.440
102525	0.412
102575	0.428
102625	0.416
102675	0.416
102725	0.392
102775	0.428
102825	0.408
102875	0.432
102925	0.428
102975	0.464
103025	0.456
103075	0.460
103125	0.460
103175	0.512
103225	0.508
103275	0.520
103325	0.532
103375	0.512
103425	0.476
103475	0.472
103525	0.444
103575	0.392
103625	0.384
103675	0.368
103725	0.364
103775	0.400
103825	0.456
103875	0.472
103925	0.460
103975	0.452
104025	0.448
104075	0.448
104125	0.476
104175	0.500
104225	0.516
104275	0.508
104325	0.508
104375	0.488
104425	0.480
104475	0.484
104525	0.476
104575	0.440
104625	0.432
104675	0.440
104725	0.432
104775	0.432
104825	0.452
104875	0.448
104925	0.440
104975	0.408
105025	0.396
105075	0.376
105125	0.372
105175	0.400
105225	0.456
105275	0.488
105325	0.528
105375	0.544
105425	0.532
105475	0.524
105525	0.532
105575	0.544
105625	0.564
105675	0.596
105725	0.592
105775	0.604
105825	0.584
105875	0.544
105925	0.508
105975	0.472
106025	0.448
106075	0.436
106125	0.464
106175	0.460
106225	0.496
106275	0.524
106325	0.512
106375	0.500
106425	0.508
106475	0.512
106525	0.448
106575	0.476
106625	0.488
106675	0.480
106725	0.436
106775	0.464
106825	0.472
106875	0.464
106925	0.472
106975	0.528
107025	0.536
107075	0.536
107125	0.524
107175	0.524
107225	0.484
107275	0.492
107325	0.464
107375	0.492
107425	0.472
107475	0.480
107525	0.448
107575	0.436
107625	0.408
107675	0.408
107725	0.380
107775	0.400
107825	0.416
107875	0.408
107925	0.396
107975	0.400
108025	0.372
108075	0.372
108125	0.384
108175	0.400
108225	0.432
108275	0.460
108325	0.432
108375	0.464
108425	0.488
108475	0.452
108525	0.432
108575	0.452
108625	0.416
108675	0.388
108725	0.416
108775	0.428
108825	0.424
108875	0.420
108925	0.420
108975	0.412
109025	0.396
109075	0.396
109125	0.400
109175	0.412
109225	0.404
109275	0.408
109325	0.408
109375	0.404
109425	0.392
109475	0.404
109525	0.380
109575	0.360
109625	0.356
109675	0.332
109725	0.356
109775	0.380
109825	0.400
109875	0.420
109925	0.444
109975	0.416
110025	0.396
110075	0.392
110125	0.404
110175	0.412
110225	0.412
110275	0.436
110325	0.444
110375	0.412
110425	0.404
110475	0.392
110525	0.388
110575	0.392
110625	0.412
110675	0.428
110725	0.436
110775	0.428
110825	0.424
110875	0.420
110925	0.428
110975	0.448
111025	0.472
111075	0.464
111125	0.440
111175	0.408
111225	0.384
111275	0.396
111325	0.400
111375	0.428
111425	0.460
111475	0.468
111525	0.460
111575	0.484
111625	0.476
111675	0.432
111725	0.412
111775	0.376
111825	0.352
111875	0.360
111925	0.356
111975	0.388
112025	0.432
112075	0.444
112125	0.416
112175	0.468
112225	0.444
112275	0.412
112325	0.416
112375	0.440
112425	0.428
112475	0.440
112525	0.436
112575	0.416
112625	0.424
112675	0.424
112725	0.444
112775	0.468
112825	0.476
112875	0.452
112925	0.456
112975	0.464
113025	0.484
113075	0.504
113125	0.524
113175	0.504
113225	0.496
113275	0.464
113325	0.456
113375	0.432
113425	0.468
113475	0.464
113525	0.440
113575	0.432
113625	0.452
113675	0.404
113725	0.376
113775	0.428
113825	0.440
113875	0.452
113925	0.480
113975	0.492
114025	0.472
114075	0.456
114125	0.440
114175	0.420
114225	0.408
114275	0.404
114325	0.388
114375	0.392
114425	0.396
114475	0.404
114525	0.416
114575	0.448
114625	0.432
114675	0.452
114725	0.444
114775	0.428
114825	0.420
114875	0.432
114925	0.408
114975	0.424
115025	0.440
115075	0.460
115125	0.424
115175	0.428
115225	0.436
115275	0.448
115325	0.388
115375	0.416
115425	0.400
115475	0.384
115525	0.348
115575	0.372
115625	0.356
115675	0.356
115725	0.368
115775	0.392
115825	0.404
115875	0.420
115925	0.440
115975	0.436
116025	0.448
116075	0.472
116125	0.512
116175	0.488
116225	0.488
116275	0.476
116325	0.456
116375	0.400
116425	0.420
116475	0.408
116525	0.416
116575	0.420
116625	0.464
116675	0.492
116725	0.504
116775	0.488
116825	0.484
116875	0.488
116925	0.464
116975	0.492
117025	0.488
117075	0.484
117125	0.484
117175	0.508
117225	0.500
117275	0.488
117325	0.484
117375	0.444
117425	0.416
117475	0.364
117525	0.360
117575	0.348
117625	0.356
117675	0.384
117725	0.404
117775	0.412
117825	0.452
117875	0.456
117925	0.424
117975	0.448
118025	0.452
118075	0.420
118125	0.452
118175	0.456
118225	0.456
118275	0.440
118325	0.472
118375	0.456
118425	0.464
118475	0.432
118525	0.444
118575	0.388
118625	0.360
118675	0.368
118725	0.416
118775	0.416
118825	0.424
118875	0.448
118925	0.440
118975	0.408
119025	0.412
119075	0.436
119125	0.424
119175	0.432
119225	0.444
119275	0.444
119325	0.440
119375	0.408
119425	0.400
119475	0.408
119525	0.400
119575	0.424
119625	0.476
119675	0.464
119725	0.440
119775	0.452
119825	0.432
119875	0.432
119925	0.444
119975	0.440
120025	0.444
120075	0.476
120125	0.464
120175	0.488
120225	0.520
120275	0.520
120325	0.520
120375	0.520
120425	0.524
120475	0.504
120525	0.488
120575	0.456
120625	0.468
120675	0.416
120725	0.412
120775	0.444
120825	0.456
120875	0.436
120925	0.456
120975	0.416
121025	0.392
121075	0.360
121125	0.372
121175	0.360
121225	0.384
121275	0.384
121325	0.404
121375	0.380
121425	0.364
121475	0.400
121525	0.408
121575	0.400
121625	0.440
121675	0.476
121725	0.460
121775	0.472
121825	0.488
121875	0.480
121925	0.492
121975	0.512
122025	0.516
122075	0.488
122125	0.488
122175	0.488
122225	0.464
122275	0.448
122325	0.468
122375	0.448
122425	0.448
122475	0.472
122525	0.472
122575	0.496
122625	0.516
122675	0.508
122725	0.504
122775	0.516
122825	0.484
122875	0.472
122925	0.468
122975	0.464
123025	0.448
123075	0.460
123125	0.460
123175	0.448
123225	0.444
123275	0.428
123325	0.424
123375	0.428
123425	0.428
123475	0.424
123525	0.424
123575	0.412
123625	0.388
123675	0.376
123725	0.360
123775	0.364
123825	0.352
123875	0.372
123925	0.392
123975	0.400
124025	0.392
124075	0.412
124125	0.404
124175	0.400
124225	0.424
124275	0.444
124325	0.448
124375	0.468
124425	0.484
124475	0.472
124525	0.464
124575	0.468
124625	0.480
124675	0.496
124725	0.484
124775	0.508
124825	0.508
124875	0.464
124925	0.432
124975	0.408
125025	0.392
125075	0.360
125125	0.384
125175	0.372
125225	0.392
125275	0.396
125325	0.416
125375	0.424
125425	0.416
125475	0.400
125525	0.380
125575	0.376
125625	0.372
125675	0.380
125725	0.392
125775	0.424
125825	0.452
125875	0.452
125925	0.456
125975	0.484
126025	0.476
126075	0.448
126125	0.440
126175	0.476
126225	0.464
126275	0.440
126325	0.444
126375	0.452
126425	0.444
126475	0.440
126525	0.464
126575	0.488
126625	0.468
126675	0.460
126725	0.472
126775	0.456
126825	0.452
126875	0.460
126925	0.472
126975	0.468
127025	0.476
127075	0.460
127125	0.480
127175	0.464
127225	0.448
127275	0.452
127325	0.444
127375	0.416
127425	0.420
127475	0.432
127525	0.432
127575	0.436
127625	0.444
127675	0.460
127725	0.468
127775	0.472
127825	0.488
127875	0.480
127925	0.448
127975	0.452
128025	0.448
128075	0.440
128125	0.460
128175	0.480
128225	0.476
128275	0.468
128325	0.468
128375	0.444
128425	0.460
128475	0.464
128525	0.496
128575	0.460
128625	0.456
128675	0.440
128725	0.432
128775	0.396
128825	0.440
128875	0.496
128925	0.492
128975	0.496
129025	0.488
129075	0.448
129125	0.392
129175	0.372
129225	0.332
129275	0.332
129325	0.352
129375	0.376
129425	0.396
129475	0.408
129525	0.416
129575	0.404
129625	0.424
129675	0.424
129725	0.432
129775	0.444
129825	0.480
129875	0.452
129925	0.472
129975	0.508
130025	0.524
130075	0.544
130125	0.528
130175	0.512
130225	0.484
130275	0.476
130325	0.436
130375	0.484
130425	0.464
130475	0.476
130525	0.492
130575	0.508
130625	0.496
130675	0.504
130725	0.500
130775	0.472
130825	0.492
130875	0.496
130925	0.496
130975	0.492
131025	0.504
131075	0.480
131125	0.456
131175	0.432
131225	0.412
131275	0.380
131325	0.364
131375	0.392
131425	0.424
131475	0.448
131525	0.476
131575	0.496
131625	0.456
131675	0.476
131725	0.492
131775	0.472
131825	0.488
131875	0.504
131925	0.476
131975	0.460
132025	0.476
132075	0.452
132125	0.464
132175	0.464
132225	0.440
132275	0.428
132325	0.432
132375	0.436
132425	0.436
132475	0.460
132525	0.440
132575	0.452
132625	0.444
132675	0.436
132725	0.436
132775	0.460
132825	0.436
132875	0.448
132925	0.480
132975	0.476
133025	0.480
133075	0.484
133125	0.468
133175	0.444
133225	0.448
133275	0.448
133325	0.432
133375	0.428
133425	0.420
133475	0.420
133525	0.460
133575	0.472
133625	0.480
133675	0.508
133725	0.508
133775	0.468
133825	0.460
133875	0.448
133925	0.416
133975	0.420
134025	0.440
134075	0.476
134125	0.472
134175	0.516
134225	0.524
134275	0.512
134325	0.512
134375	0.532
134425	0.492
134475	0.500
134525	0.500
134575	0.488
134625	0.484
134675	0.488
134725	0.464
134775	0.464
134825	0.456
134875	0.472
134925	0.476
134975	0.480
135025	0.480
135075	0.476
135125	0.448
135175	0.468
135225	0.460
135275	0.472
135325	0.488
135375	0.500
135425	0.524
135475	0.516
135525	0.504
135575	0.500
135625	0.484
135675	0.428
135725	0.432
135775	0.416
135825	0.424
135875	0.456
135925	0.472
135975	0.464
136025	0.484
136075	0.468
136125	0.452
136175	0.428
136225	0.412
136275	0.412
136325	0.424
136375	0.412
136425	0.436
136475	0.452
136525	0.436
136575	0.392
136625	0.376
136675	0.368
136725	0.396
136775	0.400
136825	0.432
136875	0.468
136925	0.488
136975	0.460
137025	0.488
137075	0.508
137125	0.488
137175	0.468
137225	0.464
137275	0.456
137325	0.480
137375	0.472
137425	0.480
137475	0.512
137525	0.488
137575	0.460
137625	0.492
137675	0.480
137725	0.472
137775	0.476
137825	0.472
137875	0.472
137925	0.468
137975	0.496
138025	0.500
138075	0.508
138125	0.496
138175	0.492
138225	0.444
138275	0.456
138325	0.424
138375	0.404
138425	0.456
138475	0.464
138525	0.464
138575	0.480
138625	0.496
138675	0.464
138725	0.484
138775	0.464
138825	0.456
138875	0.428
138925	0.428
138975	0.400
139025	0.388
139075	0.368
139125	0.380
139175	0.396
139225	0.412
139275	0.444
139325	0.472
139375	0.508
139425	0.488
139475	0.476
139525	0.488
139575	0.496
139625	0.464
139675	0.496
139725	0.516
139775	0.496
139825	0.480
139875	0.492
139925	0.464
139975	0.448
140025	0.444
140075	0.492
140125	0.492
140175	0.488
140225	0.500
140275	0.504
140325	0.468
140375	0.484
140425	0.484
140475	0.496
140525	0.508
140575	0.504
140625	0.496
140675	0.496
140725	0.484
140775	0.472
140825	0.472
140875	0.472
140925	0.480
140975	0.456
141025	0.456
141075	0.464
141125	0.460
141175	0.444
141225	0.460
141275	0.456
141325	0.440
141375	0.436
141425	0.448
141475	0.468
141525	0.448
141575	0.460
141625	0.464
141675	0.472
141725	0.452
141775	0.492
141825	0.500
141875	0.516
141925	0.520
141975	0.540
142025	0.528
142075	0.500
142125	0.472
142175	0.504
142225	0.504
142275	0.504
142325	0.524
142375	0.540
142425	0.516
142475	0.504
142525	0.500
142575	0.512
142625	0.500
142675	0.472
142725	0.488
142775	0.476
142825	0.460
142875	0.484
142925	0.508
142975	0.508
143025	0.516
143075	0.508
143125	0.508
143175	0.488
143225	0.488
143275	0.476
143325	0.476
143375	0.452
143425	0.452
143475	0.428
143525	0.448
143575	0.480
143625	0.472
143675	0.512
143725	0.508
143775	0.520
143825	0.500
143875	0.532
143925	0.508
143975	0.508
144025	0.488
144075	0.492
144125	0.476
144175	0.464
144225	0.484
144275	0.516
144325	0.512
144375	0.520
144425	0.536
144475	0.496
144525	0.444
144575	0.436
144625	0.424
144675	0.392
144725	0.408
144775	0.440
144825	0.444
144875	0.432
144925	0.436
144975	0.432
145025	0.408
145075	0.400
145125	0.400
145175	0.384
145225	0.408
145275	0.420
145325	0.436
145375	0.444
145425	0.484
145475	0.460
145525	0.456
145575	0.404
145625	0.384
145675	0.376
145725	0.412
145775	0.404
145825	0.432
145875	0.472
145925	0.488
145975	0.484
146025	0.488
146075	0.504
146125	0.496
146175	0.484
146225	0.468
146275	0.476
146325	0.456
146375	0.484
146425	0.480
146475	0.472
146525	0.472
146575	0.512
146625	0.488
146675	0.484
146725	0.500
146775	0.512
146825	0.528
146875	0.536
146925	0.528
146975	0.504
147025	0.504
147075	0.504
147125	0.524
147175	0.532
147225	0.552
147275	0.532
147325	0.504
147375	0.476
147425	0.496
147475	0.504
147525	0.544
147575	0.560
147625	0.576
147675	0.556
147725	0.572
147775	0.536
147825	0.508
147875	0.488
147925	0.484
147975	0.484
148025	0.492
148075	0.508
148125	0.492
148175	0.484
148225	0.472
148275	0.484
148325	0.476
148375	0.476
148425	0.516
148475	0.532
148525	0.540
148575	0.540
148625	0.572
148675	0.568
148725	0.532
148775	0.536
148825	0.556
148875	0.528
148925	0.540
148975	0.560
149025	0.552
149075	0.548
149125	0.560
149175	0.552
149225	0.536
149275	0.536
149325	0.532
149375	0.528
149425	0.524
149475	0.540
149525	0.536
149575	0.520
149625	0.544
149675	0.512
149725	0.504
149775	0.472
149825	0.480
149875	0.444
149925	0.464
149975	0.448
150025	0.484
150075	0.508
150125	0.540
150175	0.524
150225	0.528
150275	0.484
150325	0.448
150375	0.432
150425	0.448
150475	0.432
150525	0.476
150575	0.496
150625	0.504
150675	0.512
150725	0.532
150775	0.504
150825	0.484
150875	0.464
150925	0.464
150975	0.472
151025	0.492
151075	0.508
151125	0.520
151175	0.484
151225	0.436
151275	0.392
151325	0.400
151375	0.388
151425	0.424
151475	0.464
151525	0.492
151575	0.468
151625	0.504
151675	0.484
151725	0.464
151775	0.432
151825	0.440
151875	0.436
151925	0.460
151975	0.504
152025	0.540
152075	0.532
152125	0.500
152175	0.472
152225	0.440
152275	0.420
152325	0.440
152375	0.448
152425	0.444
152475	0.468
152525	0.500
152575	0.476
152625	0.444
152675	0.448
152725	0.476
152775	0.468
152825	0.492
152875	0.524
152925	0.540
152975	0.512
153025	0.544
153075	0.532
153125	0.564
153175	0.552
153225	0.552
153275	0.520
153325	0.528
153375	0.484
153425	0.496
153475	0.464
153525	0.472
153575	0.460
153625	0.472
153675	0.464
153725	0.468
153775	0.464
153825	0.448
153875	0.392
153925	0.368
153975	0.388
154025	0.372
154075	0.360
154125	0.384
154175	0.380
154225	0.348
154275	0.364
154325	0.400
154375	0.464
154425	0.500
154475	0.540
154525	0.516
154575	0.544
154625	0.508
154675	0.500
154725	0.496
154775	0.504
154825	0.468
154875	0.492
154925	0.480
154975	0.492
155025	0.488
155075	0.480
155125	0.416
155175	0.416
155225	0.392
155275	0.364
155325	0.344
155375	0.372
155425	0.372
155475	0.404
155525	0.436
155575	0.460
155625	0.484
155675	0.512
155725	0.444
155775	0.440
155825	0.444
155875	0.412
155925	0.372
155975	0.420
156025	0.440
156075	0.424
156125	0.452
156175	0.468
156225	0.452
156275	0.440
156325	0.440
156375	0.424
156425	0.404
156475	0.376
156525	0.356
156575	0.360
156625	0.356
156675	0.368
156725	0.436
156775	0.452
156825	0.440
156875	0.444
156925	0.468
156975	0.416
157025	0.424
157075	0.436
157125	0.448
157175	0.444
157225	0.448
157275	0.436
157325	0.456
157375	0.448
157425	0.444
157475	0.460
157525	0.488
157575	0.492
157625	0.496
157675	0.492
157725	0.464
157775	0.452
157825	0.432
157875	0.404
157925	0.380
157975	0.400
158025	0.400
158075	0.396
158125	0.424
158175	0.440
158225	0.432
158275	0.440
158325	0.452
158375	0.460
158425	0.476
158475	0.480
158525	0.468
158575	0.464
158625	0.444
158675	0.432
158725	0.444
158775	0.428
158825	0.436
158875	0.464
158925	0.464
158975	0.468
159025	0.508
159075	0.500
159125	0.516
159175	0.516
159225	0.520
159275	0.484
159325	0.476
159375	0.464
159425	0.464
159475	0.460
159525	0.472
159575	0.488
159625	0.452
159675	0.448
159725	0.452
159775	0.436
159825	0.420
159875	0.428
159925	0.436
159975	0.440
160025	0.452
160075	0.464
160125	0.464
160175	0.464
160225	0.456
160275	0.480
160325	0.476
160375	0.488
160425	0.496
160475	0.484
160525	0.472
160575	0.484
160625	0.468
160675	0.444
160725	0.448
160775	0.444
160825	0.440
160875	0.424
160925	0.436
160975	0.412
161025	0.392
161075	0.396
161125	0.416
161175	0.420
161225	0.448
161275	0.480
161325	0.448
161375	0.456
161425	0.452
161475	0.472
161525	0.472
161575	0.476
161625	0.472
161675	0.464
161725	0.452
161775	0.444
161825	0.444
161875	0.452
161925	0.472
161975	0.448
162025	0.444
162075	0.456
162125	0.468
162175	0.444
162225	0.432
162275	0.428
162325	0.416
162375	0.400
162425	0.420
162475	0.444
162525	0.412
162575	0.412
162625	0.416
162675	0.404
162725	0.400
162775	0.424
162825	0.448
162875	0.448
162925	0.460
162975	0.476
163025	0.476
163075	0.484
163125	0.484
163175	0.480
163225	0.464
163275	0.480
163325	0.456
163375	0.444
163425	0.432
163475	0.432
163525	0.440
163575	0.464
163625	0.476
163675	0.508
163725	0.524
163775	0.500
163825	0.496
163875	0.508
163925	0.496
163975	0.488
164025	0.484
164075	0.464
164125	0.432
164175	0.408
164225	0.376
164275	0.368
164325	0.340
164375	0.364
164425	0.384
164475	0.424
164525	0.448
164575	0.512
164625	0.500
164675	0.504
164725	0.512
164775	0.516
164825	0.504
164875	0.516
164925	0.528
164975	0.504
165025	0.508
165075	0.556
165125	0.544
165175	0.548
165225	0.556
165275	0.560
165325	0.504
165375	0.504
165425	0.488
165475	0.468
165525	0.464
165575	0.468
165625	0.484
165675	0.476
165725	0.512
165775	0.496
165825	0.500
165875	0.488
165925	0.496
165975	0.496
166025	0.488
166075	0.464
166125	0.472
166175	0.492
166225	0.472
166275	0.500
166325	0.524
166375	0.532
166425	0.504
166475	0.516
166525	0.512
166575	0.516
166625	0.496
166675	0.492
166725	0.484
166775	0.476
166825	0.456
166875	0.448
166925	0.452
166975	0.424
167025	0.424
167075	0.404
167125	0.420
167175	0.420
167225	0.460
167275	0.448
167325	0.480
167375	0.492
167425	0.492
167475	0.480
167525	0.500
167575	0.496
167625	0.468
167675	0.452
167725	0.440
167775	0.452
167825	0.436
167875	0.440
167925	0.484
167975	0.488
168025	0.448
168075	0.468
168125	0.460
168175	0.436
168225	0.424
168275	0.436
168325	0.408
168375	0.400
168425	0.372
168475	0.392
168525	0.380
168575	0.404
168625	0.432
168675	0.460
168725	0.428
168775	0.432
168825	0.432
168875	0.396
168925	0.396
168975	0.416
169025	0.464
169075	0.436
169125	0.456
169175	0.412
169225	0.432
169275	0.404
169325	0.404
169375	0.388
169425	0.412
169475	0.388
169525	0.368
169575	0.404
169625	0.412
169675	0.404
169725	0.404
169775	0.416
169825	0.412
169875	0.432
169925	0.460
169975	0.496
170025	0.500
170075	0.468
170125	0.448
170175	0.464
170225	0.448
170275	0.452
170325	0.472
170375	0.488
170425	0.492
170475	0.488
170525	0.464
170575	0.476
170625	0.472
170675	0.440
170725	0.432
170775	0.460
170825	0.444
170875	0.440
170925	0.428
170975	0.436
171025	0.432
171075	0.432
171125	0.420
171175	0.452
171225	0.440
171275	0.420
171325	0.412
171375	0.432
171425	0.432
171475	0.472
171525	0.484
171575	0.508
171625	0.508
171675	0.460
171725	0.408
171775	0.380
171825	0.344
171875	0.356
171925	0.392
171975	0.420
172025	0.440
172075	0.472
172125	0.444
172175	0.428
172225	0.404
172275	0.396
172325	0.388
172375	0.424
172425	0.420
172475	0.452
172525	0.444
172575	0.456
172625	0.456
172675	0.484
172725	0.468
172775	0.484
172825	0.476
172875	0.448
172925	0.428
172975	0.432
173025	0.452
173075	0.436
173125	0.412
173175	0.448
173225	0.428
173275	0.416
173325	0.412
173375	0.420
173425	0.384
173475	0.416
173525	0.420
173575	0.440
173625	0.460
173675	0.472
173725	0.452
173775	0.440
173825	0.408
173875	0.428
173925	0.444
173975	0.436
174025	0.456
174075	0.488
174125	0.512
174175	0.492
174225	0.504
174275	0.508
174325	0.508
174375	0.488
174425	0.492
174475	0.508
174525	0.464
174575	0.456
174625	0.420
174675	0.404
174725	0.376
174775	0.400
174825	0.404
174875	0.404
174925	0.420
174975	0.420
175025	0.408
175075	0.380
175125	0.400
175175	0.420
175225	0.440
175275	0.464
175325	0.484
175375	0.492
175425	0.452
175475	0.452
175525	0.424
175575	0.404
175625	0.384
175675	0.388
175725	0.368
175775	0.380
175825	0.420
175875	0.432
175925	0.440
175975	0.448
176025	0.456
176075	0.460
176125	0.448
176175	0.468
176225	0.492
176275	0.488
176325	0.456
176375	0.464
176425	0.452
176475	0.452
176525	0.468
176575	0.476
176625	0.472
176675	0.452
176725	0.440
176775	0.392
176825	0.392
176875	0.384
176925	0.384
176975	0.348
177025	0.344
177075	0.368
177125	0.356
177175	0.376
177225	0.384
177275	0.408
177325	0.420
177375	0.460
177425	0.460
177475	0.488
177525	0.516
177575	0.472
177625	0.472
177675	0.480
177725	0.460
177775	0.448
177825	0.464
177875	0.456
177925	0.456
177975	0.452
178025	0.428
178075	0.432
178125	0.440
178175	0.420
178225	0.432
178275	0.444
178325	0.428
178375	0.416
178425	0.452
178475	0.448
178525	0.452
178575	0.480
178625	0.496
178675	0.468
178725	0.464
178775	0.476
178825	0.460
178875	0.432
178925	0.440
178975	0.440
179025	0.468
179075	0.472
179125	0.488
179175	0.476
179225	0.496
179275	0.488
179325	0.488
179375	0.512
179425	0.508
179475	0.484
179525	0.456
179575	0.440
179625	0.404
179675	0.424
179725	0.440
179775	0.464
179825	0.500
179875	0.520
179925	0.512
179975	0.548
180025	0.536
180075	0.524
180125	0.520
180175	0.540
180225	0.528
180275	0.516
180325	0.512
180375	0.488
180425	0.464
180475	0.452
180525	0.452
180575	0.452
180625	0.456
180675	0.444
180725	0.420
180775	0.428
180825	0.412
180875	0.424
180925	0.440
180975	0.464
181025	0.472
181075	0.468
181125	0.448
181175	0.436
181225	0.444
181275	0.412
181325	0.432
181375	0.448
181425	0.456
181475	0.472
181525	0.480
181575	0.488
181625	0.488
181675	0.496
181725	0.456
181775	0.432
181825	0.404
181875	0.440
181925	0.428
181975	0.440
182025	0.460
182075	0.472
182125	0.460
182175	0.460
182225	0.464
182275	0.492
182325	0.496
182375	0.484
182425	0.500
182475	0.492
182525	0.512
182575	0.528
182625	0.512
182675	0.504
182725	0.512
182775	0.480
182825	0.472
182875	0.476
182925	0.472
182975	0.444
183025	0.444
183075	0.424
183125	0.440
183175	0.448
183225	0.476
183275	0.484
183325	0.516
183375	0.496
183425	0.512
183475	0.492
183525	0.488
183575	0.480
183625	0.504
183675	0.492
183725	0.520
183775	0.532
183825	0.532
183875	0.512
183925	0.484
183975	0.464
184025	0.440
184075	0.436
184125	0.436
184175	0.472
184225	0.492
184275	0.520
184325	0.536
184375	0.580
184425	0.592
184475	0.576
184525	0.564
184575	0.576
184625	0.548
184675	0.508
184725	0.508
184775	0.500
184825	0.476
184875	0.480
184925	0.516
184975	0.524
185025	0.528
185075	0.536
185125	0.516
185175	0.480
185225	0.472
185275	0.480
185325	0.440
185375	0.428
185425	0.440
185475	0.440
185525	0.452
185575	0.504
185625	0.516
185675	0.520
185725	0.536
185775	0.536
185825	0.524
185875	0.548
185925	0.576
185975	0.564
186025	0.560
186075	0.564
186125	0.568
186175	0.544
186225	0.564
186275	0.528
186325	0.508
186375	0.480
186425	0.492
186475	0.468
186525	0.504
186575	0.524
186625	0.520
186675	0.516
186725	0.512
186775	0.480
186825	0.436
186875	0.456
186925	0.444
186975	0.464
187025	0.492
187075	0.524
187125	0.536
187175	0.532
187225	0.516
187275	0.476
187325	0.472
187375	0.456
187425	0.476
187475	0.472
187525	0.492
187575	0.508
187625	0.528
187675	0.500
187725	0.528
187775	0.540
187825	0.548
187875	0.528
187925	0.516
187975	0.484
188025	0.480
188075	0.460
188125	0.456
188175	0.492
188225	0.520
188275	0.516
188325	0.496
188375	0.508
188425	0.512
188475	0.512
188525	0.556
188575	0.564
188625	0.536
188675	0.528
188725	0.532
188775	0.508
188825	0.528
188875	0.528
188925	0.544
188975	0.540
189025	0.520
189075	0.536
189125	0.572
189175	0.564
189225	0.560
189275	0.592
189325	0.588
189375	0.576
189425	0.576
189475	0.580
189525	0.544
189575	0.492
189625	0.464
189675	0.428
189725	0.400
189775	0.412
189825	0.460
189875	0.504
189925	0.548
189975	0.572
190025	0.584
190075	0.576
190125	0.572
190175	0.572
190225	0.540
190275	0.508
190325	0.492
190375	0.460
190425	0.416
190475	0.440
190525	0.472
190575	0.476
190625	0.512
190675	0.548
190725	0.540
190775	0.520
190825	0.520
190875	0.488
190925	0.472
190975	0.452
191025	0.436
191075	0.424
191125	0.436
191175	0.420
191225	0.436
191275	0.460
191325	0.480
191375	0.456
191425	0.440
191475	0.452
191525	0.480
191575	0.468
191625	0.484
191675	0.544
191725	0.556
191775	0.516
191825	0.524
191875	0.548
191925	0.520
191975	0.512
192025	0.548
192075	0.552
192125	0.532
192175	0.528
192225	0.524
192275	0.508
192325	0.492
192375	0.512
192425	0.520
192475	0.508
192525	0.500
192575	0.500
192625	0.468
192675	0.476
192725	0.484
192775	0.456
192825	0.456
192875	0.460
192925	0.440
192975	0.452
193025	0.492
193075	0.512
193125	0.532
193175	0.560
193225	0.532
193275	0.512
193325	0.532
193375	0.536
193425	0.504
193475	0.524
193525	0.496
193575	0.440
193625	0.412
193675	0.432
193725	0.400
193775	0.412
193825	0.440
193875	0.448
193925	0.416
193975	0.432
194025	0.440
194075	0.428
194125	0.404
194175	0.436
194225	0.476
194275	0.488
194325	0.488
194375	0.504
194425	0.464
194475	0.408
194525	0.396
194575	0.408
194625	0.396
194675	0.412
194725	0.420
194775	0.404
194825	0.380
194875	0.364
194925	0.356
194975	0.336
195025	0.348
195075	0.364
195125	0.384
195175	0.380
195225	0.376
195275	0.384
195325	0.404
195375	0.420
195425	0.464
195475	0.508
195525	0.520
195575	0.520
195625	0.544
195675	0.528
195725	0.536
195775	0.540
195825	0.528
195875	0.508
195925	0.508
195975	0.496
196025	0.512
196075	0.484
196125	0.472
196175	0.468
196225	0.440
196275	0.396
196325	0.404
196375	0.416
196425	0.416
196475	0.436
196525	0.448
196575	0.476
196625	0.480
196675	0.496
196725	0.504
196775	0.508
196825	0.496
196875	0.492
196925	0.492
196975	0.480
197025	0.488
197075	0.508
197125	0.524
197175	0.532
197225	0.552
197275	0.544
197325	0.508
197375	0.528
197425	0.524
197475	0.512
197525	0.496
197575	0.500
197625	0.476
197675	0.476
197725	0.484
197775	0.512
197825	0.508
197875	0.480
197925	0.468
197975	0.456
198025	0.432
198075	0.428
198125	0.452
198175	0.452
198225	0.468
198275	0.496
198325	0.504
198375	0.516
198425	0.520
198475	0.536
198525	0.552
198575	0.548
198625	0.536
198675	0.524
198725	0.520
198775	0.468
198825	0.436
198875	0.400
198925	0.384
198975	0.336
199025	0.364
199075	0.424
199125	0.468
199175	0.508
199225	0.576
199275	0.596
199325	0.584
199375	0.588
199425	0.592
199475	0.572
199525	0.560
199575	0.572
199625	0.572
199675	0.548
199725	0.532
199775	0.532
199825	0.508
199875	0.520
199925	0.524
199975	0.516
200025	0.516
200075	0.516
200125	0.484
200175	0.480
200225	0.492
200275	0.460
200325	0.488
200375	0.520
200425	0.500
200475	0.492
200525	0.512
200575	0.492
200625	0.456
200675	0.484
200725	0.500
200775	0.524
200825	0.536
200875	0.540
200925	0.532
200975	0.496
201025	0.496
201075	0.500
201125	0.492
201175	0.496
201225	0.512
201275	0.480
201325	0.464
201375	0.504
201425	0.516
201475	0.520
201525	0.552
201575	0.540
201625	0.508
201675	0.504
201725	0.492
201775	0.452
201825	0.460
201875	0.476
201925	0.468
201975	0.508
202025	0.536
202075	0.552
202125	0.540
202175	0.560
202225	0.524
202275	0.492
202325	0.484
202375	0.460
202425	0.432
202475	0.432
202525	0.436
202575	0.428
202625	0.436
202675	0.440
202725	0.436
202775	0.436
202825	0.432
202875	0.440
202925	0.444
202975	0.432
203025	0.444
203075	0.444
203125	0.460
203175	0.448
203225	0.472
203275	0.468
203325	0.468
203375	0.428
203425	0.412
203475	0.416
203525	0.448
203575	0.448
203625	0.468
203675	0.508
203725	0.480
203775	0.452
203825	0.460
203875	0.436
203925	0.388
203975	0.420
204025	0.440
204075	0.452
204125	0.496
204175	0.536
204225	0.520
204275	0.500
204325	0.480
204375	0.464
204425	0.440
204475	0.432
204525	0.444
204575	0.448
204625	0.432
204675	0.456
204725	0.464
204775	0.448
204825	0.444
204875	0.436
204925	0.400
204975	0.404
205025	0.392
205075	0.376
205125	0.368
205175	0.368
205225	0.336
205275	0.348
205325	0.384
205375	0.392
205425	0.420
205475	0.436
205525	0.456
205575	0.436
205625	0.480
205675	0.480
205725	0.508
205775	0.492
205825	0.516
205875	0.508
205925	0.520
205975	0.500
206025	0.500
206075	0.500
206125	0.500
206175	0.504
206225	0.504
206275	0.520
206325	0.528
206375	0.536
206425	0.524
206475	0.536
206525	0.532
206575	0.508
206625	0.500
206675	0.492
206725	0.472
206775	0.448
206825	0.424
206875	0.408
206925	0.384
206975	0.392
207025	0.396
207075	0.396
207125	0.384
207175	0.408
207225	0.412
207275	0.396
207325	0.444
207375	0.464
207425	0.480
207475	0.500
207525	0.532
207575	0.516
207625	0.528
207675	0.508
207725	0.504
207775	0.512
207825	0.516
207875	0.488
207925	0.484
207975	0.472
208025	0.476
208075	0.456
208125	0.456
208175	0.424
208225	0.404
208275	0.376
208325	0.388
208375	0.396
208425	0.444
208475	0.476
208525	0.456
208575	0.444
208625	0.448
208675	0.432
208725	0.392
208775	0.432
208825	0.468
208875	0.492
208925	0.528
208975	0.592
209025	0.612
209075	0.600
209125	0.616
209175	0.616
209225	0.596
209275	0.572
209325	0.584
209375	0.552
209425	0.552
209475	0.544
209525	0.564
209575	0.520
209625	0.508
209675	0.476
209725	0.480
209775	0.420
209825	0.404
209875	0.428
209925	0.424
209975	0.416
210025	0.464
210075	0.516
210125	0.512
210175	0.532
210225	0.520
210275	0.532
210325	0.532
210375	0.568
210425	0.600
210475	0.648
210525	0.668
210575	0.700
210625	0.668
210675	0.628
210725	0.612
210775	0.584
210825	0.552
210875	0.568
210925	0.584
210975	0.604
211025	0.632
211075	0.668
211125	0.668
211175	0.652
211225	0.664
211275	0.672
211325	0.644
211375	0.640
211425	0.668
211475	0.660
211525	0.652
211575	0.644
211625	0.600
211675	0.584
211725	0.512
211775	0.464
211825	0.436
211875	0.456
211925	0.408
211975	0.436
212025	0.428
212075	0.440
212125	0.412
212175	0.464
212225	0.456
212275	0.472
212325	0.476
212375	0.516
212425	0.512
212475	0.540
212525	0.556
212575	0.564
212625	0.564
212675	0.564
212725	0.576
212775	0.572
212825	0.548
212875	0.552
212925	0.552
212975	0.532
213025	0.516
213075	0.568
213125	0.580
213175	0.572
213225	0.552
213275	0.540
213325	0.484
213375	0.468
213425	0.476
213475	0.484
213525	0.528
213575	0.540
213625	0.532
213675	0.532
213725	0.532
213775	0.520
213825	0.536
213875	0.524
213925	0.528
213975	0.512
214025	0.496
214075	0.460
214125	0.456
214175	0.436
214225	0.444
214275	0.460
214325	0.516
214375	0.552
214425	0.572
214475	0.596
214525	0.588
214575	0.576
214625	0.532
214675	0.544
214725	0.532
214775	0.528
214825	0.504
214875	0.540
214925	0.492
214975	0.452
215025	0.416
215075	0.400
215125	0.396
215175	0.392
215225	0.420
215275	0.432
215325	0.444
215375	0.428
215425	0.456
215475	0.476
215525	0.480
215575	0.484
215625	0.472
215675	0.472
215725	0.468
215775	0.476
215825	0.476
215875	0.524
215925	0.508
215975	0.516
216025	0.508
216075	0.504
216125	0.468
216175	0.476
216225	0.460
216275	0.484
216325	0.504
216375	0.508
216425	0.512
216475	0.520
216525	0.524
216575	0.520
216625	0.520
216675	0.524
216725	0.516
216775	0.500
216825	0.488
216875	0.492
216925	0.512
216975	0.484
217025	0.488
217075	0.492
217125	0.480
217175	0.480
217225	0.524
217275	0.544
217325	0.544
217375	0.564
217425	0.528
217475	0.496
217525	0.480
217575	0.452
217625	0.428
217675	0.424
217725	0.452
217775	0.440
217825	0.484
217875	0.476
217925	0.512
217975	0.512
218025	0.504
218075	0.492
218125	0.524
218175	0.504
218225	0.488
218275	0.528
218325	0.508
218375	0.504
218425	0.488
218475	0.488
218525	0.472
218575	0.508
218625	0.500
218675	0.504
218725	0.512
218775	0.508
218825	0.496
218875	0.508
218925	0.520
218975	0.508
219025	0.476
219075	0.456
219125	0.440
219175	0.444
219225	0.452
219275	0.468
219325	0.492
219375	0.496
219425	0.488
219475	0.464
219525	0.496
219575	0.468
219625	0.440
219675	0.476
219725	0.488
219775	0.456
219825	0.456
219875	0.476
219925	0.436
219975	0.448
220025	0.480
220075	0.496
220125	0.480
220175	0.484
220225	0.480
220275	0.452
220325	0.460
220375	0.492
220425	0.496
220475	0.472
220525	0.484
220575	0.468
220625	0.456
220675	0.464
220725	0.488
220775	0.484
220825	0.472
220875	0.484
220925	0.476
220975	0.484
221025	0.492
221075	0.520
221125	0.504
221175	0.516
221225	0.556
221275	0.540
221325	0.544
221375	0.536
221425	0.528
221475	0.456
221525	0.444
221575	0.428
221625	0.396
221675	0.368
221725	0.408
221775	0.432
221825	0.420
221875	0.488
221925	0.512
221975	0.516
222025	0.512
222075	0.560
222125	0.528
222175	0.516
222225	0.484
222275	0.452
222325	0.412
222375	0.420
222425	0.440
222475	0.440
222525	0.460
222575	0.472
222625	0.448
222675	0.408
222725	0.416
222775	0.440
222825	0.416
222875	0.408
222925	0.452
222975	0.456
223025	0.432
223075	0.440
223125	0.460
223175	0.444
223225	0.444
223275	0.448
223325	0.436
223375	0.448
223425	0.456
223475	0.456
223525	0.464
223575	0.484
223625	0.444
223675	0.436
223725	0.448
223775	0.448
223825	0.428
223875	0.476
223925	0.468
223975	0.456
224025	0.444
224075	0.476
224125	0.440
224175	0.420
224225	0.408
224275	0.412
224325	0.368
224375	0.392
224425	0.408
224475	0.428
224525	0.412
224575	0.440
224625	0.452
224675	0.464
224725	0.448
224775	0.484
224825	0.476
224875	0.460
224925	0.444
224975	0.456
225025	0.432
225075	0.432
225125	0.460
225175	0.452
225225	0.444
225275	0.412
225325	0.440
225375	0.420
225425	0.416
225475	0.424
225525	0.452
225575	0.420
225625	0.412
225675	0.448
225725	0.428
225775	0.436
225825	0.464
225875	0.464
225925	0.480
225975	0.480
226025	0.476
226075	0.448
226125	0.464
226175	0.444
226225	0.476
226275	0.464
226325	0.460
226375	0.436
226425	0.404
226475	0.396
226525	0.400
226575	0.420
226625	0.416
226675	0.452
226725	0.436
226775	0.444
226825	0.452
226875	0.472
226925	0.460
226975	0.472
227025	0.472
227075	0.460
227125	0.448
227175	0.456
227225	0.436
227275	0.416
227325	0.420
227375	0.416
227425	0.388
227475	0.388
227525	0.384
227575	0.400
227625	0.408
227675	0.436
227725	0.436
227775	0.484
227825	0.476
227875	0.476
227925	0.480
227975	0.520
228025	0.516
228075	0.536
228125	0.556
228175	0.564
228225	0.556
228275	0.524
228325	0.488
228375	0.480
228425	0.464
228475	0.420
228525	0.412
228575	0.420
228625	0.408
228675	0.412
228725	0.472
228775	0.492
228825	0.480
228875	0.476
228925	0.500
228975	0.464
229025	0.456
229075	0.472
229125	0.476
229175	0.468
229225	0.500
229275	0.548
229325	0.544
229375	0.576
229425	0.608
229475	0.576
229525	0.532
229575	0.552
229625	0.560
229675	0.532
229725	0.544
229775	0.556
229825	0.548
229875	0.544
229925	0.560
229975	0.588
230025	0.628
230075	0.660
230125	0.664
230175	0.688
230225	0.704
230275	0.704
230325	0.704
230375	0.724
230425	0.696
230475	0.684
230525	0.668
230575	0.656
230625	0.640
230675	0.584
230725	0.536
230775	0.496
230825	0.460
230875	0.404
230925	0.400
230975	0.420
231025	0.440
231075	0.456
231125	0.496
231175	0.560
231225	0.568
231275	0.564
231325	0.556
231375	0.544
231425	0.504
231475	0.492
231525	0.480
231575	0.480
231625	0.472
231675	0.488
231725	0.488
231775	0.492
231825	0.496
231875	0.516
231925	0.512
231975	0.504
232025	0.492
232075	0.480
232125	0.452
232175	0.444
232225	0.436
232275	0.456
232325	0.480
232375	0.484
232425	0.500
232475	0.516
232525	0.508
232575	0.500
232625	0.496
232675	0.468
232725	0.456
232775	0.480
232825	0.488
232875	0.492
232925	0.520
232975	0.560
233025	0.584
233075	0.584
233125	0.616
233175	0.628
233225	0.596
233275	0.596
233325	0.584
233375	0.564
233425	0.552
233475	0.576
233525	0.556
233575	0.572
233625	0.552
233675	0.524
233725	0.480
233775	0.416
233825	0.380
233875	0.396
233925	0.420
233975	0.464
234025	0.552
234075	0.600
234125	0.624
234175	0.628
234225	0.640
234275	0.612
234325	0.588
234375	0.576
234425	0.580
234475	0.556
234525	0.556
234575	0.568
234625	0.592
234675	0.600
234725	0.604
234775	0.628
234825	0.632
234875	0.612
234925	0.608
234975	0.616
235025	0.584
235075	0.576
235125	0.568
235175	0.512
235225	0.472
235275	0.464
235325	0.460
235375	0.488
235425	0.532
235475	0.564
235525	0.600
235575	0.612
235625	0.596
235675	0.588
235725	0.580
235775	0.544
235825	0.472
235875	0.428
235925	0.396
235975	0.384
236025	0.380
236075	0.400
236125	0.404
236175	0.436
236225	0.452
236275	0.480
236325	0.516
236375	0.552
236425	0.576
236475	0.596
236525	0.600
236575	0.596
236625	0.588
236675	0.600
236725	0.584
236775	0.576
236825	0.600
236875	0.608
236925	0.580
236975	0.560
237025	0.560
237075	0.552
237125	0.556
237175	0.544
237225	0.572
237275	0.580
237325	0.568
237375	0.584
237425	0.600
237475	0.604
237525	0.620
237575	0.616
237625	0.596
237675	0.604
237725	0.584
237775	0.556
237825	0.580
237875	0.572
237925	0.604
237975	0.624
238025	0.640
238075	0.600
238125	0.600
238175	0.572
238225	0.544
238275	0.520
238325	0.564
238375	0.556
238425	0.520
238475	0.520
238525	0.528
238575	0.508
238625	0.544
238675	0.564
238725	0.600
238775	0.612
238825	0.600
238875	0.588
238925	0.548
238975	0.540
239025	0.536
239075	0.536
239125	0.508
239175	0.500
239225	0.464
239275	0.456
239325	0.452
239375	0.448
239425	0.472
239475	0.476
239525	0.464
239575	0.516
239625	0.508
239675	0.552
239725	0.568
239775	0.576
239825	0.536
239875	0.536
239925	0.508
239975	0.484
240025	0.464
240075	0.440
240125	0.440
240175	0.452
240225	0.448
240275	0.452
240325	0.464
240375	0.440
240425	0.420
240475	0.428
240525	0.400
240575	0.392
240625	0.420
240675	0.444
240725	0.456
240775	0.504
240825	0.532
240875	0.560
240925	0.580
240975	0.624
241025	0.632
241075	0.644
241125	0.640
241175	0.616
241225	0.596
241275	0.604
241325	0.612
241375	0.624
241425	0.604
241475	0.596
241525	0.612
241575	0.620
241625	0.652
241675	0.696
241725	0.728
241775	0.692
241825	0.648
241875	0.548
241925	0.492
241975	0.428
242025	0.444
242075	0.448
242125	0.464
242175	0.480
242225	0.476
242275	0.436
242325	0.444
242375	0.480
242425	0.452
242475	0.432
242525	0.448
242575	0.420
242625	0.396
242675	0.408
242725	0.440
242775	0.456
242825	0.488
242875	0.512
242925	0.532
242975	0.556
243025	0.544
243075	0.552
243125	0.560
243175	0.572
243225	0.552
243275	0.576
243325	0.556
243375	0.536
243425	0.512
243475	0.524
243525	0.516
243575	0.528
243625	0.540
243675	0.552
243725	0.572
243775	0.552
243825	0.524
243875	0.536
243925	0.560
243975	0.516
244025	0.492
244075	0.480
244125	0.452
244175	0.440
244225	0.464
244275	0.492
244325	0.544
244375	0.556
244425	0.564
244475	0.552
244525	0.540
244575	0.512
244625	0.516
244675	0.516
244725	0.528
244775	0.508
244825	0.492
244875	0.472
244925	0.444
244975	0.428
245025	0.464
245075	0.468
245125	0.472
245175	0.444
245225	0.420
245275	0.408
245325	0.412
245375	0.388
245425	0.420
245475	0.476
245525	0.476
245575	0.492
245625	0.504
245675	0.484
245725	0.448
245775	0.428
245825	0.420
245875	0.416
245925	0.428
245975	0.428
246025	0.436
246075	0.448
246125	0.472
246175	0.468
246225	0.464
246275	0.500
246325	0.488
246375	0.508
246425	0.552
246475	0.604
246525	0.588
246575	0.636
246625	0.636
246675	0.644
246725	0.636
246775	0.632
246825	0.592
246875	0.576
246925	0.540
246975	0.552
247025	0.564
247075	0.572
247125	0.584
247175	0.624
247225	0.588
247275	0.596
247325	0.600
247375	0.588
247425	0.552
247475	0.584
247525	0.592
247575	0.592
247625	0.612
247675	0.616
247725	0.620
247775	0.604
247825	0.608
247875	0.612
247925	0.632
247975	0.612
248025	0.620
248075	0.620
248125	0.608
248175	0.604
248225	0.616
248275	0.612
248325	0.572
248375	0.552
248425	0.488
248475	0.460
248525	0.448
248575	0.512
248625	0.540
248675	0.604
248725	0.620
248775	0.628
248825	0.612
248875	0.568
248925	0.556
248975	0.552
249025	0.564
249075	0.556
249125	0.588
249175	0.608
249225	0.588
249275	0.600
249325	0.604
249375	0.632
249425	0.640
249475	0.680
249525	0.684
249575	0.688
249625	0.692
249675	0.696
249725	0.708
249775	0.712
249825	0.720
249875	0.708
249925	0.676
249975	0.648
250025	0.604
250075	0.540
250125	0.516
250175	0.504
250225	0.504
250275	0.532
250325	0.588
250375	0.560
250425	0.560
250475	0.552
250525	0.528
250575	0.508
250625	0.544
250675	0.540
250725	0.548
250775	0.524
250825	0.476
250875	0.468
250925	0.504
250975	0.484
251025	0.512
251075	0.576
251125	0.600
251175	0.576
251225	0.580
251275	0.596
251325	0.588
251375	0.564
251425	0.568
251475	0.564
251525	0.536
251575	0.532
251625	0.520
251675	0.528
251725	0.540
251775	0.564
251825	0.564
251875	0.596
251925	0.588
251975	0.600
252025	0.608
252075	0.584
252125	0.564
252175	0.548
252225	0.532
252275	0.512
252325	0.520
252375	0.508
252425	0.524
252475	0.524
252525	0.524
252575	0.520
252625	0.532
252675	0.528
252725	0.528
252775	0.520
252825	0.540
252875	0.536
252925	0.548
252975	0.544
253025	0.568
253075	0.532
253125	0.520
253175	0.508
253225	0.524
253275	0.492
253325	0.560
253375	0.564
253425	0.548
253475	0.540
253525	0.544
253575	0.500
253625	0.516
253675	0.520
253725	0.492
253775	0.488
253825	0.480
253875	0.456
253925	0.464
253975	0.480
254025	0.500
254075	0.516
254125	0.556
254175	0.572
254225	0.608
254275	0.604
254325	0.608
254375	0.580
254425	0.556
254475	0.540
254525	0.536
254575	0.544
254625	0.584
254675	0.612
254725	0.588
254775	0.588
254825	0.572
254875	0.548
254925	0.520
254975	0.528
255025	0.528
255075	0.524
255125	0.516
255175	0.516
255225	0.528
255275	0.516
255325	0.536
255375	0.540
255425	0.560
255475	0.560
255525	0.560
255575	0.516
255625	0.500
255675	0.496
255725	0.488
255775	0.504
255825	0.504
255875	0.504
255925	0.484
255975	0.464
256025	0.436
256075	0.444
256125	0.460
256175	0.460
256225	0.488
256275	0.528
256325	0.580
256375	0.596
256425	0.624
256475	0.612
256525	0.616
256575	0.596
256625	0.592
256675	0.572
256725	0.560
256775	0.536
256825	0.540
256875	0.544
256925	0.560
256975	0.592
257025	0.624
257075	0.632
257125	0.628
257175	0.640
257225	0.640
257275	0.644
257325	0.624
257375	0.648
257425	0.640
257475	0.636
257525	0.636
257575	0.648
257625	0.604
257675	0.604
257725	0.628
257775	0.608
257825	0.608
257875	0.632
257925	0.644
257975	0.604
258025	0.584
258075	0.532
258125	0.520
258175	0.508
258225	0.520
258275	0.544
258325	0.576
258375	0.576
258425	0.568
258475	0.564
258525	0.556
258575	0.540
258625	0.536
258675	0.524
258725	0.532
258775	0.536
258825	0.572
258875	0.564
258925	0.564
258975	0.536
259025	0.528
259075	0.504
259125	0.492
259175	0.524
259225	0.552
259275	0.560
259325	0.576
259375	0.608
259425	0.616
259475	0.620
259525	0.596
259575	0.596
259625	0.576
259675	0.536
259725	0.516
259775	0.540
259825	0.540
259875	0.524
259925	0.508
259975	0.528
260025	0.548
260075	0.532
260125	0.532
260175	0.540
260225	0.528
260275	0.488
260325	0.488
260375	0.476
260425	0.464
260475	0.440
260525	0.456
260575	0.472
260625	0.504
260675	0.536
260725	0.528
260775	0.504
260825	0.484
260875	0.488
260925	0.472
260975	0.488
261025	0.472
261075	0.476
261125	0.464
261175	0.444
261225	0.436
261275	0.452
261325	0.460
261375	0.440
261425	0.456
261475	0.464
261525	0.468
261575	0.472
261625	0.484
261675	0.496
261725	0.496
261775	0.452
261825	0.416
261875	0.396
261925	0.352
261975	0.316
262025	0.332
262075	0.332
262125	0.332
262175	0.336
262225	0.316
262275	0.364
262325	0.416
262375	0.440
262425	0.448
262475	0.480
262525	0.516
262575	0.512
262625	0.520
262675	0.572
262725	0.652
262775	0.612
262825	0.564
262875	0.552
262925	0.512
262975	0.476
263025	0.472
263075	0.500
263125	0.496
263175	0.520
263225	0.524
263275	0.544
263325	0.520
263375	0.532
263425	0.500
263475	0.476
263525	0.460
263575	0.480
263625	0.504
263675	0.544
263725	0.520
263775	0.516
263825	0.508
263875	0.500
263925	0.480
263975	0.528
264025	0.516
264075	0.512
264125	0.496
264175	0.500
264225	0.460
264275	0.448
264325	0.460
264375	0.468
264425	0.444
264475	0.488
264525	0.512
264575	0.556
264625	0.556
264675	0.592
264725	0.548
264775	0.500
264825	0.440
264875	0.476
264925	0.492
264975	0.496
265025	0.556
265075	0.604
265125	0.568
265175	0.556
265225	0.588
265275	0.576
265325	0.576
265375	0.596
265425	0.588
265475	0.592
265525	0.604
265575	0.592
265625	0.588
265675	0.568
265725	0.580
265775	0.560
265825	0.568
265875	0.556
265925	0.584
265975	0.556
266025	0.576
266075	0.580
266125	0.588
266175	0.608
266225	0.628
266275	0.636
266325	0.628
266375	0.592
266425	0.532
266475	0.520
266525	0.504
266575	0.452
266625	0.440
266675	0.460
266725	0.444
266775	0.444
266825	0.456
266875	0.476
266925	0.460
266975	0.416
267025	0.392
267075	0.404
267125	0.424
267175	0.452
267225	0.512
267275	0.540
267325	0.576
267375	0.592
267425	0.560
267475	0.536
267525	0.520
267575	0.500
267625	0.460
267675	0.472
267725	0.500
267775	0.532
267825	0.532
267875	0.548
267925	0.592
267975	0.584
268025	0.572
268075	0.560
268125	0.580
268175	0.516
268225	0.500
268275	0.484
268325	0.488
268375	0.468
268425	0.500
268475	0.520
268525	0.548
268575	0.568
268625	0.576
268675	0.580
268725	0.600
268775	0.580
268825	0.604
268875	0.580
268925	0.556
268975	0.520
269025	0.468
269075	0.400
269125	0.408
269175	0.408
269225	0.384
269275	0.420
269325	0.420
269375	0.404
269425	0.416
269475	0.444
269525	0.460
269575	0.464
269625	0.484
269675	0.496
269725	0.492
269775	0.476
269825	0.480
269875	0.468
269925	0.464
269975	0.460
270025	0.436
270075	0.460
270125	0.476
270175	0.500
270225	0.496
270275	0.536
270325	0.532
270375	0.536
270425	0.508
270475	0.544
270525	0.544
270575	0.524
270625	0.508
270675	0.520
270725	0.508
270775	0.508
270825	0.548
270875	0.564
270925	0.580
270975	0.596
271025	0.600
271075	0.588
271125	0.576
271175	0.556
271225	0.524
271275	0.528
271325	0.500
271375	0.484
271425	0.488
271475	0.492
271525	0.488
271575	0.520
271625	0.572
271675	0.572
271725	0.584
271775	0.560
271825	0.508
271875	0.480
271925	0.484
271975	0.512
272025	0.564
272075	0.616
272125	0.656
272175	0.648
272225	0.608
272275	0.612
272325	0.596
272375	0.600
272425	0.608
272475	0.624
272525	0.604
272575	0.624
272625	0.600
272675	0.588
272725	0.600
272775	0.588
272825	0.584
272875	0.580
272925	0.584
272975	0.560
273025	0.540
273075	0.520
273125	0.460
273175	0.436
273225	0.428
273275	0.436
273325	0.412
273375	0.416
273425	0.460
273475	0.460
273525	0.488
273575	0.500
273625	0.548
273675	0.536
273725	0.532
273775	0.532
273825	0.540
273875	0.528
273925	0.524
273975	0.544
274025	0.520
274075	0.528
274125	0.524
274175	0.536
274225	0.508
274275	0.496
274325	0.500
274375	0.508
274425	0.500
274475	0.536
274525	0.564
274575	0.568
274625	0.568
274675	0.564
274725	0.552
274775	0.536
274825	0.536
274875	0.540
274925	0.556
274975	0.544
275025	0.532
275075	0.512
275125	0.524
275175	0.508
275225	0.524
275275	0.520
275325	0.532
275375	0.544
275425	0.568
275475	0.556
275525	0.584
275575	0.596
275625	0.588
275675	0.588
275725	0.620
275775	0.620
275825	0.624
275875	0.620
275925	0.612
275975	0.588
276025	0.564
276075	0.536
276125	0.516
276175	0.528
276225	0.516
276275	0.552
276325	0.548
276375	0.560
276425	0.508
276475	0.512
276525	0.464
276575	0.484
276625	0.444
276675	0.464
276725	0.460
276775	0.480
276825	0.492
276875	0.532
276925	0.556
276975	0.580
277025	0.596
277075	0.580
277125	0.560
277175	0.548
277225	0.516
277275	0.504
277325	0.508
277375	0.500
277425	0.468
277475	0.464
277525	0.428
277575	0.388
277625	0.384
277675	0.400
277725	0.400
277775	0.424
277825	0.436
277875	0.464
277925	0.456
277975	0.464
278025	0.500
278075	0.524
278125	0.524
278175	0.544
278225	0.536
278275	0.500
278325	0.500
278375	0.512
278425	0.520
278475	0.532
278525	0.552
278575	0.580
278625	0.584
278675	0.584
278725	0.616
278775	0.628
278825	0.620
278875	0.608
278925	0.616
278975	0.600
279025	0.596
279075	0.572
279125	0.576
279175	0.540
279225	0.548
279275	0.520
279325	0.508
279375	0.484
279425	0.516
279475	0.508
279525	0.520
279575	0.552
279625	0.556
279675	0.512
279725	0.496
279775	0.500
279825	0.464
279875	0.444
279925	0.444
279975	0.392
280025	0.376
280075	0.396
280125	0.400
280175	0.400
280225	0.420
280275	0.448
280325	0.460
280375	0.456
280425	0.488
280475	0.548
280525	0.528
280575	0.528
280625	0.552
280675	0.528
280725	0.496
280775	0.500
280825	0.472
280875	0.456
280925	0.472
280975	0.484
281025	0.484
281075	0.500
281125	0.508
281175	0.504
281225	0.496
281275	0.488
281325	0.484
281375	0.492
281425	0.488
281475	0.492
281525	0.500
281575	0.508
281625	0.528
281675	0.532
281725	0.552
281775	0.576
281825	0.572
281875	0.572
281925	0.552
281975	0.492
282025	0.464
282075	0.480
282125	0.476
282175	0.516
282225	0.540
282275	0.516
282325	0.504
282375	0.492
282425	0.500
282475	0.548
282525	0.580
282575	0.564
282625	0.568
282675	0.552
282725	0.472
282775	0.480
282825	0.488
282875	0.492
282925	0.488
282975	0.536
283025	0.520
283075	0.500
283125	0.460
283175	0.444
283225	0.444
283275	0.444
283325	0.476
283375	0.504
283425	0.516
283475	0.528
283525	0.512
283575	0.508
283625	0.552
283675	0.528
283725	0.508
283775	0.544
283825	0.588
283875	0.568
283925	0.636
283975	0.684
284025	0.704
284075	0.680
284125	0.688
284175	0.660
284225	0.640
284275	0.636
284325	0.636
284375	0.624
284425	0.604
284475	0.608
284525	0.616
284575	0.612
284625	0.632
284675	0.636
284725	0.608
284775	0.544
284825	0.528
284875	0.484
284925	0.456
284975	0.476
285025	0.496
285075	0.520
285125	0.528
285175	0.576
285225	0.588
285275	0.628
285325	0.596
285375	0.584
285425	0.608
285475	0.608
285525	0.592
285575	0.608
285625	0.632
285675	0.604
285725	0.544
285775	0.480
285825	0.464
285875	0.456
285925	0.400
285975	0.400
286025	0.456
286075	0.448
286125	0.436
286175	0.460
286225	0.468
286275	0.408
286325	0.400
286375	0.380
286425	0.368
286475	0.364
286525	0.404
286575	0.428
286625	0.420
286675	0.444
286725	0.496
286775	0.504
286825	0.532
286875	0.580
286925	0.596
286975	0.588
287025	0.592
287075	0.588
287125	0.576
287175	0.568
287225	0.560
287275	0.560
287325	0.520
287375	0.528
287425	0.524
287475	0.516
287525	0.512
287575	0.536
287625	0.536
287675	0.532
287725	0.524
287775	0.556
287825	0.544
287875	0.552
287925	0.560
287975	0.576
288025	0.552
288075	0.544
288125	0.552
288175	0.560
288225	0.556
288275	0.556
288325	0.572
288375	0.560
288425	0.568
288475	0.564
288525	0.560
288575	0.560
288625	0.576
288675	0.556
288725	0.564
288775	0.564
288825	0.556
288875	0.540
288925	0.552
288975	0.548
289025	0.556
289075	0.556
289125	0.556
289175	0.556
289225	0.540
289275	0.536
289325	0.548
289375	0.544
289425	0.540
289475	0.556
289525	0.564
289575	0.556
289625	0.548
289675	0.544
289725	0.540
289775	0.532
289825	0.544
289875	0.552
289925	0.540
289975	0.564
290025	0.568
290075	0.576
290125	0.576
290175	0.580
290225	0.560
290275	0.536
290325	0.504
290375	0.500
290425	0.488
290475	0.480
290525	0.512
290575	0.532
290625	0.532
290675	0.556
290725	0.568
290775	0.520
290825	0.508
290875	0.492
290925	0.468
290975	0.476
291025	0.500
291075	0.488
291125	0.436
291175	0.448
291225	0.452
291275	0.472
291325	0.500
291375	0.556
291425	0.556
291475	0.528
291525	0.524
291575	0.512
291625	0.508
291675	0.500
291725	0.488
291775	0.472
291825	0.448
291875	0.448
291925	0.444
291975	0.488
292025	0.500
292075	0.504
292125	0.492
292175	0.508
292225	0.468
292275	0.428
292325	0.432
292375	0.432
292425	0.452
292475	0.480
292525	0.504
292575	0.500
292625	0.520
292675	0.492
292725	0.472
292775	0.452
292825	0.472
292875	0.476
292925	0.476
292975	0.484
293025	0.512
293075	0.512
293125	0.512
293175	0.528
293225	0.520
293275	0.496
293325	0.488
293375	0.472
293425	0.436
293475	0.400
293525	0.408
293575	0.392
293625	0.392
293675	0.412
293725	0.432
293775	0.440
293825	0.468
293875	0.464
293925	0.480
293975	0.504
294025	0.512
294075	0.520
294125	0.556
294175	0.560
294225	0.576
294275	0.548
294325	0.508
294375	0.488
294425	0.472
294475	0.460
294525	0.492
294575	0.492
294625	0.488
294675	0.472
294725	0.480
294775	0.468
294825	0.508
294875	0.528
294925	0.536
294975	0.508
295025	0.512
295075	0.488
295125	0.480
295175	0.488
295225	0.520
295275	0.532
295325	0.528
295375	0.512
295425	0.516
295475	0.496
295525	0.476
295575	0.492
295625	0.508
295675	0.508
295725	0.512
295775	0.508
295825	0.496
295875	0.496
295925	0.496
295975	0.500
296025	0.508
296075	0.528
296125	0.504
296175	0.508
296225	0.492
296275	0.508
296325	0.472
296375	0.504
296425	0.500
296475	0.528
296525	0.520
296575	0.528
296625	0.508
296675	0.492
296725	0.452
296775	0.440
296825	0.416
296875	0.392
296925	0.400
296975	0.444
297025	0.428
297075	0.464
297125	0.476
297175	0.484
297225	0.460
297275	0.488
297325	0.504
297375	0.516
297425	0.528
297475	0.520
297525	0.532
297575	0.536
297625	0.560
297675	0.576
297725	0.624
297775	0.616
297825	0.624
297875	0.616
297925	0.620
297975	0.588
298025	0.572
298075	0.592
298125	0.556
298175	0.512
298225	0.508
298275	0.504
298325	0.452
298375	0.476
298425	0.520
298475	0.520
298525	0.516
298575	0.476
298625	0.420
298675	0.360
298725	0.360
298775	0.392
298825	0.416
298875	0.476
298925	0.504
298975	0.520
299025	0.512
299075	0.540
299125	0.552
299175	0.576
299225	0.560
299275	0.584
299325	0.604
299375	0.600
299425	0.596
299475	0.600
299525	0.576
299575	0.568
299625	0.536
299675	0.528
299725	0.532
299775	0.532
299825	0.540
299875	0.572
299925	0.580
299975	0.548
300025	0.536
300075	0.508
300125	0.528
300175	0.524
300225	0.560
300275	0.572
300325	0.576
300375	0.556
300425	0.548
300475	0.548
300525	0.568
300575	0.584
300625	0.568
300675	0.588
300725	0.628
300775	0.600
300825	0.592
300875	0.644
300925	0.616
300975	0.580
301025	0.596
301075	0.620
301125	0.592
301175	0.592
301225	0.588
301275	0.600
301325	0.580
301375	0.556
301425	0.560
301475	0.552
301525	0.532
301575	0.516
301625	0.516
301675	0.524
301725	0.536
301775	0.516
301825	0.504
301875	0.528
301925	0.508
301975	0.472
302025	0.444
302075	0.440
302125	0.412
302175	0.400
302225	0.408
302275	0.428
302325	0.444
302375	0.428
302425	0.456
302475	0.480
302525	0.488
302575	0.504
302625	0.548
302675	0.536
302725	0.540
302775	0.552
302825	0.544
302875	0.516
302925	0.520
302975	0.508
303025	0.532
303075	0.532
303125	0.560
303175	0.576
303225	0.580
303275	0.572
303325	0.572
303375	0.548
303425	0.516
303475	0.484
303525	0.472
303575	0.480
303625	0.480
303675	0.488
303725	0.504
303775	0.520
303825	0.512
303875	0.520
303925	0.516
303975	0.508
304025	0.452
304075	0.456
304125	0.452
304175	0.480
304225	0.484
304275	0.544
304325	0.544
304375	0.548
304425	0.552
304475	0.544
304525	0.528
304575	0.488
304625	0.484
304675	0.440
304725	0.468
304775	0.452
304825	0.452
304875	0.436
304925	0.444
304975	0.436
305025	0.424
305075	0.448
305125	0.444
305175	0.452
305225	0.448
305275	0.444
305325	0.472
305375	0.488
305425	0.468
305475	0.500
305525	0.548
305575	0.528
305625	0.544
305675	0.532
305725	0.480
305775	0.428
305825	0.388
305875	0.344
305925	0.364
305975	0.352
306025	0.408
306075	0.428
306125	0.456
306175	0.504
306225	0.548
306275	0.524
306325	0.568
306375	0.580
306425	0.572
306475	0.588
306525	0.592
306575	0.588
306625	0.592
306675	0.580
306725	0.560
306775	0.568
306825	0.544
306875	0.552
306925	0.580
306975	0.584
307025	0.580
307075	0.568
307125	0.556
307175	0.516
307225	0.524
307275	0.528
307325	0.524
307375	0.524
307425	0.532
307475	0.512
307525	0.500
307575	0.500
307625	0.480
307675	0.468
307725	0.464
307775	0.452
307825	0.468
307875	0.504
307925	0.516
307975	0.532
308025	0.564
308075	0.580
308125	0.552
308175	0.548
308225	0.576
308275	0.556
308325	0.556
308375	0.576
308425	0.576
308475	0.548
308525	0.544
308575	0.520
308625	0.504
308675	0.496
308725	0.464
308775	0.436
308825	0.416
308875	0.372
308925	0.360
308975	0.376
309025	0.392
309075	0.428
309125	0.456
309175	0.488
309225	0.508
309275	0.540
309325	0.556
309375	0.560
309425	0.536
309475	0.508
309525	0.472
309575	0.472
309625	0.492
309675	0.516
309725	0.536
309775	0.568
309825	0.540
309875	0.540
309925	0.532
309975	0.528
310025	0.512
310075	0.512
310125	0.484
310175	0.440
310225	0.380
310275	0.316
310325	0.256
310375	0.196
310425	0.188
310475	0.232
310525	0.296
310575	0.364
310625	0.464
310675	0.512
310725	0.512
310775	0.504
310825	0.492
310875	0.468
310925	0.480
310975	0.484
311025	0.512
311075	0.536
311125	0.540
311175	0.512
311225	0.532
311275	0.504
311325	0.480
311375	0.476
311425	0.492
311475	0.484
311525	0.476
311575	0.464
311625	0.460
311675	0.440
311725	0.452
311775	0.460
311825	0.488
311875	0.508
311925	0.536
311975	0.496
312025	0.512
312075	0.488
312125	0.460
312175	0.436
312225	0.460
312275	0.452
312325	0.440
312375	0.444
312425	0.480
312475	0.488
312525	0.484
312575	0.504
312625	0.508
312675	0.472
312725	0.464
312775	0.468
312825	0.464
312875	0.448
312925	0.452
312975	0.472
313025	0.480
313075	0.496
313125	0.492
313175	0.520
313225	0.508
313275	0.484
313325	0.488
313375	0.492
313425	0.448
313475	0.424
313525	0.460
313575	0.436
313625	0.476
313675	0.484
313725	0.508
313775	0.500
313825	0.520
313875	0.524
313925	0.544
313975	0.532
314025	0.492
314075	0.500
314125	0.480
314175	0.468
314225	0.452
314275	0.480
314325	0.432
314375	0.416
314425	0.424
314475	0.448
314525	0.448
314575	0.480
314625	0.516
314675	0.520
314725	0.540
314775	0.552
314825	0.556
314875	0.556
314925	0.564
314975	0.536
315025	0.552
315075	0.548
315125	0.552
315175	0.564
315225	0.596
315275	0.572
315325	0.572
315375	0.564
315425	0.540
315475	0.548
315525	0.584
315575	0.600
315625	0.604
315675	0.624
315725	0.580
315775	0.496
315825	0.448
315875	0.412
315925	0.368
315975	0.372
316025	0.380
316075	0.380
316125	0.368
316175	0.404
316225	0.428
316275	0.476
316325	0.556
316375	0.620
316425	0.616
316475	0.632
316525	0.656
316575	0.620
316625	0.620
316675	0.656
316725	0.640
316775	0.628
316825	0.660
316875	0.660
316925	0.628
316975	0.656
317025	0.672
317075	0.600
317125	0.568
317175	0.612
317225	0.588
317275	0.548
317325	0.604
317375	0.600
317425	0.552
317475	0.544
317525	0.552
317575	0.512
317625	0.472
317675	0.444
317725	0.428
317775	0.432
317825	0.432
317875	0.460
317925	0.464
317975	0.492
318025	0.508
318075	0.544
318125	0.564
318175	0.600
318225	0.608
318275	0.620
318325	0.632
318375	0.632
318425	0.608
318475	0.564
318525	0.556
318575	0.512
318625	0.484
318675	0.472
318725	0.500
318775	0.436
318825	0.444
318875	0.452
318925	0.468
318975	0.468
319025	0.492
319075	0.496
319125	0.484
319175	0.472
319225	0.440
319275	0.464
319325	0.488
319375	0.520
319425	0.520
319475	0.528
319525	0.496
319575	0.464
319625	0.456
319675	0.464
319725	0.464
319775	0.464
319825	0.436
319875	0.436
319925	0.440
319975	0.444
320025	0.464
320075	0.476
320125	0.476
320175	0.456
320225	0.472
320275	0.472
320325	0.488
320375	0.496
320425	0.516
320475	0.520
320525	0.512
320575	0.524
320625	0.512
320675	0.496
320725	0.472
320775	0.480
320825	0.484
320875	0.488
320925	0.528
320975	0.532
321025	0.552
321075	0.540
321125	0.548
321175	0.524
321225	0.528
321275	0.504
321325	0.504
321375	0.536
321425	0.564
321475	0.572
321525	0.604
321575	0.616
321625	0.604
321675	0.596
321725	0.592
321775	0.548
321825	0.528
321875	0.492
321925	0.484
321975	0.452
322025	0.456
322075	0.476
322125	0.488
322175	0.448
322225	0.480
322275	0.476
322325	0.440
322375	0.416
322425	0.444
322475	0.420
322525	0.436
322575	0.452
322625	0.472
322675	0.468
322725	0.484
322775	0.472
322825	0.488
322875	0.484
322925	0.492
322975	0.492
323025	0.484
323075	0.476
323125	0.456
323175	0.432
323225	0.436
323275	0.448
323325	0.448
323375	0.464
323425	0.488
323475	0.488
323525	0.512
323575	0.508
323625	0.496
323675	0.476
323725	0.480
323775	0.464
323825	0.480
323875	0.516
323925	0.520
323975	0.516
324025	0.484
324075	0.472
324125	0.440
324175	0.448
324225	0.468
324275	0.476
324325	0.472
324375	0.492
324425	0.480
324475	0.452
324525	0.460
324575	0.456
324625	0.436
324675	0.440
324725	0.448
324775	0.456
324825	0.444
324875	0.452
324925	0.456
324975	0.436
325025	0.420
325075	0.452
325125	0.432
325175	0.424
325225	0.404
325275	0.416
325325	0.388
325375	0.416
325425	0.400
325475	0.396
325525	0.388
325575	0.388
325625	0.372
325675	0.408
325725	0.456
325775	0.452
325825	0.472
325875	0.476
325925	0.468
325975	0.476
326025	0.496
326075	0.468
326125	0.484
326175	0.460
326225	0.424
326275	0.412
326325	0.392
326375	0.332
326425	0.268
326475	0.192
326525	0.104
326575	0.052
326625	0.020
326675	0.028
326725	0.048
326775	0.052
326825	0.056
326875	0.052
326925	0.044
326975	0.036
327025	0.032
327075	0.028
327125	0.020
327175	0.012
327225	0.000
327275	0.004
327325	0.012
327375	0.016
327425	0.020
327475	0.028
327525	0.024
327575	0.028
327625	0.028
327675	0.028
327725	0.024
327775	0.032
327825	0.028
327875	0.028
327925	0.024
327975	0.020
328025	0.020
328075	0.016
328125	0.016
328175	0.016
328225	0.016
328275	0.008
328325	0.016
328375	0.012
328425	0.012
328475	0.012
