Position	Percent G+C 1 .. 20949
125	0.076
175	0.116
225	0.140
275	0.148
325	0.168
375	0.168
425	0.160
475	0.172
525	0.204
575	0.196
625	0.188
675	0.172
725	0.148
775	0.116
825	0.112
875	0.148
925	0.160
975	0.160
1025	0.164
1075	0.156
1125	0.116
1175	0.116
1225	0.108
1275	0.080
1325	0.064
1375	0.064
1425	0.044
1475	0.040
1525	0.044
1575	0.040
1625	0.028
1675	0.024
1725	0.020
1775	0.032
1825	0.040
1875	0.048
1925	0.044
1975	0.040
2025	0.028
2075	0.024
2125	0.028
2175	0.032
2225	0.032
2275	0.036
2325	0.040
2375	0.036
2425	0.044
2475	0.060
2525	0.076
2575	0.084
2625	0.100
2675	0.132
2725	0.196
2775	0.240
2825	0.280
2875	0.340
2925	0.396
2975	0.388
3025	0.404
3075	0.424
3125	0.428
3175	0.396
3225	0.428
3275	0.432
3325	0.468
3375	0.480
3425	0.468
3475	0.420
3525	0.404
3575	0.384
3625	0.360
3675	0.364
3725	0.388
3775	0.404
3825	0.424
3875	0.420
3925	0.464
3975	0.468
4025	0.472
4075	0.452
4125	0.488
4175	0.464
4225	0.472
4275	0.468
4325	0.464
4375	0.444
4425	0.472
4475	0.460
4525	0.456
4575	0.448
4625	0.464
4675	0.460
4725	0.488
4775	0.504
4825	0.516
4875	0.524
4925	0.516
4975	0.492
5025	0.460
5075	0.460
5125	0.428
5175	0.408
5225	0.436
5275	0.452
5325	0.456
5375	0.456
5425	0.468
5475	0.452
5525	0.464
5575	0.456
5625	0.460
5675	0.444
5725	0.420
5775	0.364
5825	0.324
5875	0.312
5925	0.320
5975	0.344
6025	0.388
6075	0.428
6125	0.432
6175	0.452
6225	0.456
6275	0.456
6325	0.480
6375	0.508
6425	0.504
6475	0.500
6525	0.516
6575	0.500
6625	0.508
6675	0.516
6725	0.520
6775	0.512
6825	0.492
6875	0.468
6925	0.452
6975	0.444
7025	0.444
7075	0.476
7125	0.492
7175	0.476
7225	0.492
7275	0.496
7325	0.464
7375	0.464
7425	0.476
7475	0.460
7525	0.452
7575	0.468
7625	0.432
7675	0.460
7725	0.444
7775	0.440
7825	0.428
7875	0.448
7925	0.436
7975	0.436
8025	0.456
8075	0.440
8125	0.416
8175	0.396
8225	0.368
8275	0.344
8325	0.376
8375	0.368
8425	0.348
8475	0.376
8525	0.388
8575	0.384
8625	0.420
8675	0.420
8725	0.420
8775	0.424
8825	0.420
8875	0.404
8925	0.444
8975	0.464
9025	0.468
9075	0.492
9125	0.540
9175	0.532
9225	0.532
9275	0.540
9325	0.520
9375	0.496
9425	0.512
9475	0.496
9525	0.488
9575	0.496
9625	0.484
9675	0.500
9725	0.508
9775	0.496
9825	0.524
9875	0.544
9925	0.520
9975	0.516
10025	0.536
10075	0.484
10125	0.440
10175	0.424
10225	0.444
10275	0.424
10325	0.400
10375	0.380
10425	0.364
10475	0.328
10525	0.332
10575	0.360
10625	0.400
10675	0.412
10725	0.432
10775	0.436
10825	0.452
10875	0.440
10925	0.476
10975	0.488
11025	0.504
11075	0.476
11125	0.496
11175	0.476
11225	0.472
11275	0.448
11325	0.492
11375	0.496
11425	0.484
11475	0.488
11525	0.496
11575	0.468
11625	0.444
11675	0.436
11725	0.392
11775	0.388
11825	0.376
11875	0.388
11925	0.388
11975	0.444
12025	0.448
12075	0.444
12125	0.444
12175	0.452
12225	0.420
12275	0.408
12325	0.408
12375	0.396
12425	0.384
12475	0.340
12525	0.320
12575	0.320
12625	0.324
12675	0.336
12725	0.388
12775	0.400
12825	0.412
12875	0.448
12925	0.464
12975	0.452
13025	0.436
13075	0.432
13125	0.420
13175	0.432
13225	0.440
13275	0.460
13325	0.480
13375	0.472
13425	0.448
13475	0.432
13525	0.420
13575	0.388
13625	0.388
13675	0.396
13725	0.404
13775	0.424
13825	0.460
13875	0.432
13925	0.408
13975	0.380
14025	0.372
14075	0.352
14125	0.364
14175	0.360
14225	0.364
14275	0.344
14325	0.352
14375	0.344
14425	0.328
14475	0.368
14525	0.376
14575	0.364
14625	0.384
14675	0.408
14725	0.400
14775	0.416
14825	0.408
14875	0.396
14925	0.404
14975	0.364
15025	0.340
15075	0.328
15125	0.312
15175	0.336
15225	0.376
15275	0.404
15325	0.424
15375	0.452
15425	0.444
15475	0.428
15525	0.440
15575	0.476
15625	0.472
15675	0.456
15725	0.432
15775	0.408
15825	0.352
15875	0.332
15925	0.340
15975	0.392
16025	0.416
16075	0.436
16125	0.468
16175	0.476
16225	0.472
16275	0.468
16325	0.460
16375	0.400
16425	0.376
16475	0.348
16525	0.320
16575	0.316
16625	0.376
16675	0.376
16725	0.396
16775	0.448
16825	0.480
16875	0.500
16925	0.536
16975	0.560
17025	0.544
17075	0.532
17125	0.500
17175	0.480
17225	0.456
17275	0.456
17325	0.460
17375	0.444
17425	0.432
17475	0.436
17525	0.416
17575	0.428
17625	0.456
17675	0.468
17725	0.484
17775	0.496
17825	0.504
17875	0.496
17925	0.520
17975	0.500
18025	0.508
18075	0.480
18125	0.484
18175	0.492
18225	0.512
18275	0.476
18325	0.508
18375	0.520
18425	0.492
18475	0.476
18525	0.504
18575	0.492
18625	0.480
18675	0.476
18725	0.472
18775	0.448
18825	0.412
18875	0.368
18925	0.328
18975	0.344
19025	0.364
19075	0.372
19125	0.420
19175	0.468
19225	0.452
19275	0.444
19325	0.436
19375	0.412
19425	0.320
19475	0.248
19525	0.184
19575	0.120
19625	0.044
19675	0.040
19725	0.032
19775	0.012
19825	0.024
19875	0.024
19925	0.020
19975	0.024
20025	0.024
20075	0.016
20125	0.016
20175	0.020
20225	0.012
20275	0.012
20325	0.016
20375	0.016
20425	0.016
20475	0.012
20525	0.016
20575	0.016
20625	0.016
20675	0.020
20725	0.028
20775	0.032
