\BOOKMARK [0][-]{chapter.1}{\376\377\000D\000a\000t\000a\000\040\000a\000n\000d\000\040\000M\000e\000t\000h\000o\000d\000o\000l\000o\000g\000y}{}% 1
\BOOKMARK [1][-]{section.1.1}{\376\377\000M\000e\000t\000h\000o\000d\000o\000l\000o\000g\000y\000\040\000O\000v\000e\000r\000v\000i\000e\000w}{chapter.1}% 2
\BOOKMARK [1][-]{section.1.2}{\376\377\000S\000e\000q\000u\000e\000n\000c\000e\000\040\000P\000r\000o\000c\000e\000s\000s\000i\000n\000g\000\040\000a\000n\000d\000\040\000A\000s\000s\000e\000m\000b\000l\000y\000\040\000W\000o\000r\000k\000f\000l\000o\000w}{chapter.1}% 3
\BOOKMARK [1][-]{section.1.3}{\376\377\000S\000e\000q\000u\000e\000n\000c\000e\000\040\000P\000r\000e\000-\000p\000r\000o\000c\000e\000s\000s\000i\000n\000g\000\040\000a\000n\000d\000\040\000A\000s\000s\000e\000m\000b\000l\000y}{chapter.1}% 4
\BOOKMARK [1][-]{section.1.4}{\376\377\000O\000v\000e\000r\000v\000i\000e\000w\000\040\000o\000f\000\040\000G\000e\000n\000e\000\040\000P\000r\000e\000d\000i\000c\000t\000i\000o\000n\000\040\000a\000n\000d\000\040\000F\000u\000r\000t\000h\000e\000r\000\040\000P\000r\000o\000c\000e\000s\000s\000i\000n\000g}{chapter.1}% 5
\BOOKMARK [1][-]{section.1.5}{\376\377\000S\000e\000l\000e\000c\000t\000i\000o\000n\000\040\000o\000f\000\040\000D\000a\000t\000a\000s\000e\000t\000s\000\040\000f\000r\000o\000m\000\040\000N\000C\000B\000I}{chapter.1}% 6
\BOOKMARK [1][-]{section.1.6}{\376\377\000G\000e\000n\000e\000\040\000P\000r\000e\000d\000i\000c\000t\000i\000o\000n\000\040\000U\000s\000i\000n\000g\000\040\000G\000e\000n\000e\000M\000a\000r\000k\000-\000E\000S}{chapter.1}% 7
\BOOKMARK [1][-]{section.1.7}{\376\377\000G\000e\000n\000e\000\040\000P\000r\000e\000d\000i\000c\000t\000i\000o\000n\000\040\000U\000s\000i\000n\000g\000\040\000B\000r\000a\000k\000e\000r\0002}{chapter.1}% 8
\BOOKMARK [1][-]{section.1.8}{\376\377\000S\000t\000a\000t\000i\000s\000t\000i\000c\000a\000l\000\040\000A\000n\000a\000l\000y\000s\000i\000s\000\040\000o\000f\000\040\000C\000D\000S\000\040\000L\000e\000n\000g\000t\000h\000s}{chapter.1}% 9
\BOOKMARK [1][-]{section.1.9}{\376\377\000O\000v\000e\000r\000v\000i\000e\000w\000\040\000o\000f\000\040\000E\000v\000a\000l\000u\000a\000t\000i\000o\000n\000\040\000a\000n\000d\000\040\000V\000a\000l\000i\000d\000a\000t\000i\000o\000n\000\040\000o\000f\000\040\000G\000e\000n\000e\000\040\000P\000r\000e\000d\000i\000c\000t\000i\000o\000n\000s}{chapter.1}% 10
\BOOKMARK [1][-]{section.1.10}{\376\377\000E\000v\000a\000l\000u\000a\000t\000i\000n\000g\000\040\000G\000e\000n\000e\000-\000F\000i\000n\000d\000e\000r\000\040\000P\000e\000r\000f\000o\000r\000m\000a\000n\000c\000e\000\040\000U\000s\000i\000n\000g\000\040\000B\000U\000S\000C\000O}{chapter.1}% 11
\BOOKMARK [1][-]{section.1.11}{\376\377\000F\000u\000n\000c\000t\000i\000o\000n\000a\000l\000\040\000A\000n\000n\000o\000t\000a\000t\000i\000o\000n\000\040\000U\000s\000i\000n\000g\000\040\000I\000n\000t\000e\000r\000P\000r\000o\000S\000c\000a\000n}{chapter.1}% 12
\BOOKMARK [1][-]{section.1.12}{\376\377\000G\000r\000o\000u\000n\000d\000-\000t\000r\000u\000t\000h\000i\000n\000g\000\040\000w\000i\000t\000h\000\040\000B\000L\000A\000S\000T}{chapter.1}% 13
\BOOKMARK [1][-]{section.1.13}{\376\377\000R\000e\000g\000i\000o\000n\000\040\000I\000d\000e\000n\000t\000i\000f\000i\000c\000a\000t\000i\000o\000n\000\040\000O\000v\000e\000r\000v\000i\000e\000w}{chapter.1}% 14
\BOOKMARK [1][-]{section.1.14}{\376\377\000R\000e\000g\000i\000o\000n\000\040\000I\000d\000e\000n\000t\000i\000f\000i\000c\000a\000t\000i\000o\000n\000\040\000A\000l\000g\000o\000r\000i\000t\000h\000m}{chapter.1}% 15
\BOOKMARK [1][-]{section.1.15}{\376\377\000G\000e\000n\000e\000\040\000p\000r\000e\000d\000i\000c\000t\000i\000o\000n\000s\000\040\000i\000n\000\040\000A\000T\000-\000r\000i\000c\000h\000\040\000G\000e\000n\000o\000m\000i\000c\000\040\000S\000e\000q\000u\000e\000n\000c\000e}{chapter.1}% 16
\BOOKMARK [1][-]{section.1.16}{\376\377\000V\000i\000s\000u\000a\000l\000i\000z\000a\000t\000i\000o\000n\000\040\000o\000f\000\040\000I\000d\000e\000n\000t\000i\000f\000i\000e\000d\000\040\000R\000e\000g\000i\000o\000n\000s}{chapter.1}% 17
\BOOKMARK [0][-]{chapter.2}{\376\377\000R\000e\000s\000u\000l\000t\000s\000\040\000a\000n\000d\000\040\000D\000i\000s\000c\000u\000s\000s\000i\000o\000n}{}% 18
\BOOKMARK [1][-]{section.2.1}{\376\377\000O\000v\000e\000r\000v\000i\000e\000w}{chapter.2}% 19
\BOOKMARK [1][-]{section.2.2}{\376\377\000A\000s\000s\000e\000m\000b\000l\000i\000e\000s\000\040\000o\000f\000\040\000D\000C\0001\000\040\000a\000n\000d\000\040\000T\000s\000t\000h\0002\0000}{chapter.2}% 20
\BOOKMARK [1][-]{section.2.3}{\376\377\000I\000n\000s\000t\000a\000l\000l\000a\000t\000i\000o\000n\000\040\000a\000n\000d\000\040\000P\000r\000o\000f\000i\000l\000i\000n\000g\000\040\000G\000e\000n\000e\000\040\000F\000i\000n\000d\000i\000n\000g\000\040\000T\000o\000o\000l\000s}{chapter.2}% 21
\BOOKMARK [1][-]{section.2.4}{\376\377\000I\000n\000i\000t\000i\000a\000l\000\040\000G\000e\000n\000e\000\040\000F\000i\000n\000d\000i\000n\000g\000\040\000R\000e\000s\000u\000l\000t\000s}{chapter.2}% 22
\BOOKMARK [1][-]{section.2.5}{\376\377\000D\000i\000s\000t\000r\000i\000b\000u\000t\000i\000o\000n\000\040\000o\000f\000\040\000P\000r\000e\000d\000i\000c\000t\000e\000d\000\040\000C\000o\000d\000i\000n\000g\000\040\000S\000e\000q\000u\000e\000n\000c\000e\000\040\000L\000e\000n\000g\000t\000h\000s}{chapter.2}% 23
\BOOKMARK [1][-]{section.2.6}{\376\377\000B\000U\000S\000C\000O\000\040\000R\000e\000s\000u\000l\000t\000s}{chapter.2}% 24
\BOOKMARK [1][-]{section.2.7}{\376\377\000R\000e\000g\000i\000o\000n\000\040\000I\000d\000e\000n\000t\000i\000f\000i\000c\000a\000t\000i\000o\000n}{chapter.2}% 25
\BOOKMARK [1][-]{section.2.8}{\376\377\000I\000n\000t\000e\000r\000P\000r\000o\000S\000c\000a\000n\000\040\000a\000s\000\040\000S\000u\000p\000p\000o\000r\000t\000i\000n\000g\000\040\000E\000v\000i\000d\000e\000n\000c\000e\000\040\000f\000o\000r\000\040\000P\000r\000e\000d\000i\000c\000t\000e\000d\000\040\000G\000e\000n\000e\000s}{chapter.2}% 26
\BOOKMARK [1][-]{section.2.9}{\376\377\000B\000L\000A\000S\000T\000\040\000R\000e\000s\000u\000l\000t\000s}{chapter.2}% 27
\BOOKMARK [1][-]{section.2.10}{\376\377\000G\000e\000n\000e\000s\000\040\000i\000n\000\040\000R\000e\000g\000i\000o\000n\000s\000\040\000o\000f\000\040\000A\000n\000o\000m\000a\000l\000o\000u\000s\000\040\000G\000C\000\040\000C\000o\000n\000t\000e\000n\000t}{chapter.2}% 28
\BOOKMARK [0][-]{chapter.3}{\376\377\000C\000o\000n\000c\000l\000u\000s\000i\000o\000n\000s}{}% 29
\BOOKMARK [1][-]{section.3.1}{\376\377\000S\000e\000l\000e\000c\000t\000i\000o\000n\000\040\000o\000f\000\040\000G\000e\000n\000e\000\040\000F\000i\000n\000d\000i\000n\000g\000\040\000T\000o\000o\000l}{chapter.3}% 30
\BOOKMARK [1][-]{section.3.2}{\376\377\000F\000u\000t\000u\000r\000e\000\040\000W\000o\000r\000k}{chapter.3}% 31
\BOOKMARK [0][-]{section*.31}{\376\377\000R\000e\000f\000e\000r\000e\000n\000c\000e\000s}{}% 32
