Position	Percent G+C 1 .. 332586
125	0.088
175	0.120
225	0.136
275	0.136
325	0.148
375	0.140
425	0.108
475	0.096
525	0.136
575	0.188
625	0.228
675	0.308
725	0.396
775	0.416
825	0.444
875	0.448
925	0.432
975	0.420
1025	0.416
1075	0.384
1125	0.420
1175	0.436
1225	0.452
1275	0.464
1325	0.488
1375	0.476
1425	0.484
1475	0.476
1525	0.460
1575	0.448
1625	0.456
1675	0.432
1725	0.412
1775	0.428
1825	0.416
1875	0.384
1925	0.400
1975	0.416
2025	0.420
2075	0.420
2125	0.432
2175	0.444
2225	0.444
2275	0.432
2325	0.460
2375	0.444
2425	0.416
2475	0.420
2525	0.440
2575	0.416
2625	0.432
2675	0.476
2725	0.452
2775	0.440
2825	0.444
2875	0.460
2925	0.420
2975	0.452
3025	0.460
3075	0.456
3125	0.452
3175	0.468
3225	0.472
3275	0.436
3325	0.416
3375	0.428
3425	0.440
3475	0.412
3525	0.420
3575	0.444
3625	0.412
3675	0.396
3725	0.428
3775	0.460
3825	0.516
3875	0.560
3925	0.560
3975	0.532
4025	0.552
4075	0.520
4125	0.488
4175	0.512
4225	0.540
4275	0.516
4325	0.524
4375	0.536
4425	0.528
4475	0.520
4525	0.488
4575	0.460
4625	0.424
4675	0.384
4725	0.356
4775	0.380
4825	0.332
4875	0.292
4925	0.236
4975	0.164
5025	0.096
5075	0.120
5125	0.200
5175	0.296
5225	0.400
5275	0.488
5325	0.528
5375	0.544
5425	0.536
5475	0.520
5525	0.504
5575	0.524
5625	0.504
5675	0.488
5725	0.492
5775	0.524
5825	0.500
5875	0.520
5925	0.528
5975	0.532
6025	0.532
6075	0.528
6125	0.500
6175	0.512
6225	0.512
6275	0.488
6325	0.512
6375	0.516
6425	0.508
6475	0.516
6525	0.512
6575	0.500
6625	0.516
6675	0.556
6725	0.528
6775	0.524
6825	0.504
6875	0.512
6925	0.452
6975	0.464
7025	0.476
7075	0.496
7125	0.500
7175	0.528
7225	0.512
7275	0.520
7325	0.504
7375	0.472
7425	0.480
7475	0.488
7525	0.476
7575	0.476
7625	0.464
7675	0.444
7725	0.436
7775	0.428
7825	0.460
7875	0.516
7925	0.532
7975	0.552
8025	0.556
8075	0.556
8125	0.520
8175	0.508
8225	0.516
8275	0.500
8325	0.468
8375	0.492
8425	0.492
8475	0.484
8525	0.508
8575	0.516
8625	0.476
8675	0.496
8725	0.504
8775	0.520
8825	0.532
8875	0.560
8925	0.552
8975	0.512
9025	0.476
9075	0.432
9125	0.416
9175	0.420
9225	0.476
9275	0.488
9325	0.516
9375	0.524
9425	0.492
9475	0.444
9525	0.420
9575	0.408
9625	0.400
9675	0.420
9725	0.444
9775	0.496
9825	0.512
9875	0.524
9925	0.544
9975	0.544
10025	0.512
10075	0.508
10125	0.472
10175	0.444
10225	0.452
10275	0.460
10325	0.472
10375	0.496
10425	0.488
10475	0.484
10525	0.488
10575	0.484
10625	0.484
10675	0.484
10725	0.468
10775	0.476
10825	0.460
10875	0.444
10925	0.408
10975	0.324
11025	0.228
11075	0.160
11125	0.116
11175	0.084
11225	0.104
11275	0.136
11325	0.192
11375	0.236
11425	0.308
11475	0.380
11525	0.424
11575	0.444
11625	0.456
11675	0.456
11725	0.440
11775	0.436
11825	0.416
11875	0.388
11925	0.368
11975	0.368
12025	0.344
12075	0.308
12125	0.268
12175	0.216
12225	0.160
12275	0.124
12325	0.124
12375	0.128
12425	0.144
12475	0.140
12525	0.124
12575	0.104
12625	0.124
12675	0.108
12725	0.124
12775	0.156
12825	0.168
12875	0.164
12925	0.172
12975	0.148
13025	0.148
13075	0.180
13125	0.172
13175	0.160
13225	0.152
13275	0.140
13325	0.108
13375	0.100
13425	0.112
13475	0.132
13525	0.120
13575	0.104
13625	0.100
13675	0.080
13725	0.064
13775	0.056
13825	0.064
13875	0.072
13925	0.104
13975	0.104
14025	0.100
14075	0.100
14125	0.096
14175	0.084
14225	0.088
14275	0.088
14325	0.072
14375	0.072
14425	0.068
14475	0.064
14525	0.072
14575	0.088
14625	0.092
14675	0.100
14725	0.132
14775	0.124
14825	0.112
14875	0.092
14925	0.080
14975	0.056
15025	0.056
15075	0.068
15125	0.080
15175	0.076
15225	0.080
15275	0.080
15325	0.068
15375	0.084
15425	0.092
15475	0.100
15525	0.096
15575	0.116
15625	0.100
15675	0.092
15725	0.100
15775	0.124
15825	0.132
15875	0.144
15925	0.180
15975	0.188
16025	0.196
16075	0.200
16125	0.180
16175	0.140
16225	0.112
16275	0.088
16325	0.048
16375	0.048
16425	0.084
16475	0.092
16525	0.092
16575	0.116
16625	0.160
16675	0.172
16725	0.204
16775	0.276
16825	0.348
16875	0.384
16925	0.392
16975	0.416
17025	0.436
17075	0.416
17125	0.436
17175	0.492
17225	0.524
17275	0.528
17325	0.556
17375	0.536
17425	0.512
17475	0.476
17525	0.468
17575	0.448
17625	0.448
17675	0.452
17725	0.508
17775	0.516
17825	0.516
17875	0.552
17925	0.536
17975	0.492
18025	0.488
18075	0.512
18125	0.472
18175	0.492
18225	0.504
18275	0.516
18325	0.516
18375	0.528
18425	0.532
18475	0.524
18525	0.528
18575	0.512
18625	0.512
18675	0.504
18725	0.528
18775	0.516
18825	0.552
18875	0.576
18925	0.604
18975	0.592
19025	0.608
19075	0.624
19125	0.652
19175	0.644
19225	0.668
19275	0.688
19325	0.652
19375	0.620
19425	0.608
19475	0.584
19525	0.500
19575	0.452
19625	0.436
19675	0.392
19725	0.356
19775	0.372
19825	0.396
19875	0.380
19925	0.420
19975	0.440
20025	0.496
20075	0.492
20125	0.500
20175	0.488
20225	0.508
20275	0.460
20325	0.448
20375	0.464
20425	0.468
20475	0.480
20525	0.488
20575	0.508
20625	0.500
20675	0.512
20725	0.464
20775	0.468
20825	0.484
20875	0.504
20925	0.520
20975	0.560
21025	0.560
21075	0.552
21125	0.528
21175	0.532
21225	0.524
21275	0.544
21325	0.536
21375	0.528
21425	0.504
21475	0.520
21525	0.496
21575	0.492
21625	0.500
21675	0.512
21725	0.524
21775	0.528
21825	0.540
21875	0.556
21925	0.524
21975	0.512
22025	0.520
22075	0.532
22125	0.540
22175	0.548
22225	0.552
22275	0.536
22325	0.544
22375	0.548
22425	0.572
22475	0.552
22525	0.576
22575	0.564
22625	0.512
22675	0.484
22725	0.504
22775	0.500
22825	0.532
22875	0.588
22925	0.620
22975	0.616
23025	0.640
23075	0.612
23125	0.588
23175	0.576
23225	0.544
23275	0.500
23325	0.496
23375	0.520
23425	0.524
23475	0.552
23525	0.580
23575	0.584
23625	0.564
23675	0.556
23725	0.532
23775	0.536
23825	0.524
23875	0.540
23925	0.560
23975	0.556
24025	0.544
24075	0.560
24125	0.552
24175	0.532
24225	0.548
24275	0.564
24325	0.552
24375	0.568
24425	0.568
24475	0.576
24525	0.572
24575	0.576
24625	0.528
24675	0.492
24725	0.492
24775	0.496
24825	0.508
24875	0.536
24925	0.592
24975	0.596
25025	0.588
25075	0.572
25125	0.580
25175	0.596
25225	0.600
25275	0.584
25325	0.552
25375	0.508
25425	0.452
25475	0.440
25525	0.424
25575	0.468
25625	0.472
25675	0.476
25725	0.460
25775	0.456
25825	0.452
25875	0.480
25925	0.496
25975	0.532
26025	0.544
26075	0.544
26125	0.532
26175	0.552
26225	0.520
26275	0.544
26325	0.548
26375	0.544
26425	0.520
26475	0.532
26525	0.516
26575	0.472
26625	0.488
26675	0.496
26725	0.484
26775	0.484
26825	0.508
26875	0.508
26925	0.544
26975	0.592
27025	0.624
27075	0.648
27125	0.604
27175	0.552
27225	0.500
27275	0.428
27325	0.404
27375	0.428
27425	0.444
27475	0.468
27525	0.540
27575	0.548
27625	0.564
27675	0.576
27725	0.564
27775	0.564
27825	0.584
27875	0.604
27925	0.604
27975	0.616
28025	0.592
28075	0.540
28125	0.528
28175	0.488
28225	0.464
28275	0.444
28325	0.480
28375	0.488
28425	0.508
28475	0.508
28525	0.512
28575	0.512
28625	0.484
28675	0.492
28725	0.512
28775	0.516
28825	0.516
28875	0.544
28925	0.552
28975	0.560
29025	0.576
29075	0.568
29125	0.548
29175	0.532
29225	0.520
29275	0.524
29325	0.524
29375	0.512
29425	0.496
29475	0.476
29525	0.444
29575	0.464
29625	0.468
29675	0.504
29725	0.516
29775	0.520
29825	0.468
29875	0.472
29925	0.472
29975	0.500
30025	0.528
30075	0.568
30125	0.548
30175	0.500
30225	0.448
30275	0.388
30325	0.364
30375	0.372
30425	0.392
30475	0.424
30525	0.448
30575	0.444
30625	0.436
30675	0.456
30725	0.472
30775	0.492
30825	0.504
30875	0.520
30925	0.512
30975	0.468
31025	0.480
31075	0.480
31125	0.496
31175	0.484
31225	0.500
31275	0.480
31325	0.452
31375	0.416
31425	0.424
31475	0.416
31525	0.388
31575	0.428
31625	0.460
31675	0.436
31725	0.432
31775	0.456
31825	0.428
31875	0.412
31925	0.428
31975	0.436
32025	0.448
32075	0.460
32125	0.456
32175	0.428
32225	0.408
32275	0.392
32325	0.364
32375	0.368
32425	0.380
32475	0.380
32525	0.396
32575	0.424
32625	0.412
32675	0.396
32725	0.400
32775	0.380
32825	0.368
32875	0.368
32925	0.388
32975	0.412
33025	0.432
33075	0.472
33125	0.472
33175	0.472
33225	0.452
33275	0.460
33325	0.456
33375	0.448
33425	0.472
33475	0.480
33525	0.452
33575	0.460
33625	0.500
33675	0.504
33725	0.524
33775	0.528
33825	0.508
33875	0.528
33925	0.496
33975	0.480
34025	0.496
34075	0.484
34125	0.432
34175	0.464
34225	0.464
34275	0.472
34325	0.476
34375	0.508
34425	0.500
34475	0.476
34525	0.488
34575	0.492
34625	0.480
34675	0.476
34725	0.488
34775	0.436
34825	0.408
34875	0.396
34925	0.380
34975	0.388
35025	0.380
35075	0.392
35125	0.380
35175	0.412
35225	0.440
35275	0.456
35325	0.460
35375	0.420
35425	0.344
35475	0.292
35525	0.292
35575	0.312
35625	0.352
35675	0.420
35725	0.452
35775	0.484
35825	0.460
35875	0.480
35925	0.468
35975	0.472
36025	0.460
36075	0.468
36125	0.484
36175	0.468
36225	0.480
36275	0.468
36325	0.484
36375	0.468
36425	0.496
36475	0.468
36525	0.484
36575	0.484
36625	0.500
36675	0.480
36725	0.468
36775	0.464
36825	0.460
36875	0.484
36925	0.500
36975	0.516
37025	0.512
37075	0.516
37125	0.480
37175	0.484
37225	0.508
37275	0.512
37325	0.492
37375	0.508
37425	0.496
37475	0.488
37525	0.472
37575	0.484
37625	0.460
37675	0.476
37725	0.460
37775	0.464
37825	0.460
37875	0.480
37925	0.480
37975	0.484
38025	0.484
38075	0.504
38125	0.492
38175	0.508
38225	0.520
38275	0.528
38325	0.504
38375	0.500
38425	0.444
38475	0.420
38525	0.432
38575	0.436
38625	0.448
38675	0.480
38725	0.520
38775	0.488
38825	0.472
38875	0.468
38925	0.456
38975	0.408
39025	0.404
39075	0.392
39125	0.384
39175	0.340
39225	0.344
39275	0.324
39325	0.352
39375	0.328
39425	0.368
39475	0.400
39525	0.436
39575	0.436
39625	0.460
39675	0.476
39725	0.452
39775	0.460
39825	0.480
39875	0.488
39925	0.460
39975	0.472
40025	0.476
40075	0.452
40125	0.436
40175	0.468
40225	0.472
40275	0.476
40325	0.492
40375	0.504
40425	0.508
40475	0.508
40525	0.496
40575	0.492
40625	0.476
40675	0.464
40725	0.432
40775	0.448
40825	0.452
40875	0.484
40925	0.480
40975	0.528
41025	0.536
41075	0.504
41125	0.496
41175	0.484
41225	0.452
41275	0.436
41325	0.456
41375	0.460
41425	0.460
41475	0.480
41525	0.492
41575	0.516
41625	0.504
41675	0.536
41725	0.548
41775	0.544
41825	0.540
41875	0.544
41925	0.524
41975	0.492
42025	0.492
42075	0.460
42125	0.448
42175	0.468
42225	0.488
42275	0.468
42325	0.484
42375	0.484
42425	0.460
42475	0.472
42525	0.484
42575	0.500
42625	0.516
42675	0.512
42725	0.492
42775	0.488
42825	0.484
42875	0.492
42925	0.504
42975	0.508
43025	0.512
43075	0.492
43125	0.480
43175	0.480
43225	0.464
43275	0.468
43325	0.480
43375	0.472
43425	0.468
43475	0.492
43525	0.472
43575	0.432
43625	0.440
43675	0.460
43725	0.444
43775	0.476
43825	0.516
43875	0.504
43925	0.472
43975	0.488
44025	0.456
44075	0.432
44125	0.456
44175	0.468
44225	0.444
44275	0.456
44325	0.464
44375	0.448
44425	0.464
44475	0.464
44525	0.476
44575	0.484
44625	0.484
44675	0.472
44725	0.484
44775	0.460
44825	0.432
44875	0.416
44925	0.416
44975	0.440
45025	0.448
45075	0.504
45125	0.536
45175	0.520
45225	0.480
45275	0.488
45325	0.456
45375	0.432
45425	0.424
45475	0.444
45525	0.436
45575	0.444
45625	0.428
45675	0.476
45725	0.464
45775	0.472
45825	0.464
45875	0.464
45925	0.444
45975	0.464
46025	0.476
46075	0.488
46125	0.520
46175	0.512
46225	0.500
46275	0.476
46325	0.484
46375	0.476
46425	0.472
46475	0.476
46525	0.504
46575	0.508
46625	0.492
46675	0.492
46725	0.480
46775	0.456
46825	0.428
46875	0.432
46925	0.436
46975	0.424
47025	0.432
47075	0.436
47125	0.432
47175	0.436
47225	0.440
47275	0.396
47325	0.368
47375	0.348
47425	0.348
47475	0.368
47525	0.408
47575	0.424
47625	0.460
47675	0.488
47725	0.472
47775	0.456
47825	0.472
47875	0.468
47925	0.428
47975	0.448
48025	0.488
48075	0.496
48125	0.496
48175	0.512
48225	0.516
48275	0.492
48325	0.492
48375	0.508
48425	0.504
48475	0.508
48525	0.484
48575	0.460
48625	0.436
48675	0.416
48725	0.400
48775	0.396
48825	0.404
48875	0.400
48925	0.404
48975	0.412
49025	0.416
49075	0.428
49125	0.436
49175	0.456
49225	0.460
49275	0.448
49325	0.420
49375	0.420
49425	0.404
49475	0.388
49525	0.416
49575	0.448
49625	0.436
49675	0.456
49725	0.460
49775	0.452
49825	0.440
49875	0.452
49925	0.448
49975	0.460
50025	0.464
50075	0.464
50125	0.464
50175	0.436
50225	0.440
50275	0.432
50325	0.424
50375	0.424
50425	0.472
50475	0.416
50525	0.440
50575	0.436
50625	0.448
50675	0.432
50725	0.484
50775	0.476
50825	0.472
50875	0.468
50925	0.428
50975	0.416
51025	0.416
51075	0.452
51125	0.444
51175	0.500
51225	0.480
51275	0.496
51325	0.488
51375	0.492
51425	0.464
51475	0.472
51525	0.488
51575	0.488
51625	0.468
51675	0.448
51725	0.456
51775	0.444
51825	0.440
51875	0.460
51925	0.488
51975	0.480
52025	0.488
52075	0.488
52125	0.516
52175	0.520
52225	0.544
52275	0.524
52325	0.532
52375	0.516
52425	0.552
52475	0.532
52525	0.556
52575	0.568
52625	0.568
52675	0.528
52725	0.532
52775	0.520
52825	0.488
52875	0.476
52925	0.480
52975	0.476
53025	0.460
53075	0.480
53125	0.480
53175	0.472
53225	0.472
53275	0.468
53325	0.472
53375	0.472
53425	0.476
53475	0.488
53525	0.520
53575	0.520
53625	0.540
53675	0.556
53725	0.560
53775	0.556
53825	0.552
53875	0.552
53925	0.548
53975	0.544
54025	0.536
54075	0.512
54125	0.508
54175	0.496
54225	0.500
54275	0.492
54325	0.508
54375	0.500
54425	0.520
54475	0.508
54525	0.512
54575	0.528
54625	0.548
54675	0.560
54725	0.560
54775	0.568
54825	0.572
54875	0.568
54925	0.536
54975	0.548
55025	0.540
55075	0.524
55125	0.492
55175	0.452
55225	0.428
55275	0.412
55325	0.420
55375	0.396
55425	0.416
55475	0.428
55525	0.404
55575	0.372
55625	0.404
55675	0.428
55725	0.428
55775	0.460
55825	0.500
55875	0.508
55925	0.500
55975	0.496
56025	0.492
56075	0.488
56125	0.492
56175	0.472
56225	0.464
56275	0.484
56325	0.484
56375	0.480
56425	0.508
56475	0.536
56525	0.524
56575	0.496
56625	0.492
56675	0.476
56725	0.444
56775	0.412
56825	0.416
56875	0.412
56925	0.380
56975	0.400
57025	0.416
57075	0.432
57125	0.416
57175	0.432
57225	0.436
57275	0.456
57325	0.428
57375	0.444
57425	0.448
57475	0.440
57525	0.448
57575	0.472
57625	0.476
57675	0.508
57725	0.516
57775	0.520
57825	0.500
57875	0.472
57925	0.448
57975	0.404
58025	0.308
58075	0.288
58125	0.292
58175	0.292
58225	0.340
58275	0.416
58325	0.440
58375	0.452
58425	0.440
58475	0.420
58525	0.408
58575	0.408
58625	0.428
58675	0.424
58725	0.436
58775	0.436
58825	0.432
58875	0.432
58925	0.500
58975	0.528
59025	0.552
59075	0.608
59125	0.608
59175	0.604
59225	0.588
59275	0.592
59325	0.560
59375	0.560
59425	0.508
59475	0.516
59525	0.512
59575	0.504
59625	0.500
59675	0.516
59725	0.496
59775	0.492
59825	0.520
59875	0.512
59925	0.508
59975	0.492
60025	0.504
60075	0.480
60125	0.472
60175	0.476
60225	0.480
60275	0.456
60325	0.440
60375	0.484
60425	0.488
60475	0.496
60525	0.508
60575	0.520
60625	0.472
60675	0.468
60725	0.484
60775	0.480
60825	0.472
60875	0.460
60925	0.452
60975	0.432
61025	0.412
61075	0.412
61125	0.436
61175	0.448
61225	0.472
61275	0.472
61325	0.468
61375	0.492
61425	0.480
61475	0.456
61525	0.460
61575	0.464
61625	0.448
61675	0.452
61725	0.484
61775	0.504
61825	0.492
61875	0.480
61925	0.480
61975	0.444
62025	0.388
62075	0.416
62125	0.432
62175	0.420
62225	0.428
62275	0.468
62325	0.452
62375	0.432
62425	0.428
62475	0.440
62525	0.440
62575	0.424
62625	0.420
62675	0.460
62725	0.444
62775	0.468
62825	0.492
62875	0.520
62925	0.508
62975	0.544
63025	0.564
63075	0.596
63125	0.616
63175	0.632
63225	0.636
63275	0.632
63325	0.620
63375	0.624
63425	0.616
63475	0.596
63525	0.572
63575	0.560
63625	0.520
63675	0.484
63725	0.484
63775	0.468
63825	0.472
63875	0.488
63925	0.504
63975	0.496
64025	0.528
64075	0.528
64125	0.532
64175	0.516
64225	0.472
64275	0.460
64325	0.472
64375	0.472
64425	0.484
64475	0.536
64525	0.492
64575	0.468
64625	0.472
64675	0.472
64725	0.448
64775	0.508
64825	0.524
64875	0.492
64925	0.492
64975	0.484
65025	0.476
65075	0.464
65125	0.452
65175	0.456
65225	0.492
65275	0.472
65325	0.436
65375	0.456
65425	0.456
65475	0.424
65525	0.384
65575	0.404
65625	0.400
65675	0.420
65725	0.424
65775	0.440
65825	0.428
65875	0.420
65925	0.396
65975	0.420
66025	0.476
66075	0.488
66125	0.492
66175	0.488
66225	0.460
66275	0.420
66325	0.408
66375	0.400
66425	0.408
66475	0.428
66525	0.420
66575	0.420
66625	0.460
66675	0.472
66725	0.468
66775	0.480
66825	0.484
66875	0.444
66925	0.400
66975	0.404
67025	0.408
67075	0.428
67125	0.440
67175	0.476
67225	0.484
67275	0.464
67325	0.452
67375	0.452
67425	0.444
67475	0.452
67525	0.468
67575	0.488
67625	0.464
67675	0.464
67725	0.428
67775	0.420
67825	0.412
67875	0.428
67925	0.408
67975	0.404
68025	0.396
68075	0.380
68125	0.408
68175	0.416
68225	0.424
68275	0.436
68325	0.432
68375	0.428
68425	0.428
68475	0.448
68525	0.476
68575	0.508
68625	0.492
68675	0.488
68725	0.444
68775	0.404
68825	0.372
68875	0.364
68925	0.384
68975	0.408
69025	0.404
69075	0.400
69125	0.404
69175	0.388
69225	0.392
69275	0.376
69325	0.376
69375	0.348
69425	0.388
69475	0.392
69525	0.408
69575	0.420
69625	0.476
69675	0.420
69725	0.428
69775	0.464
69825	0.472
69875	0.444
69925	0.464
69975	0.456
70025	0.444
70075	0.448
70125	0.452
70175	0.500
70225	0.520
70275	0.528
70325	0.556
70375	0.548
70425	0.524
70475	0.524
70525	0.540
70575	0.544
70625	0.544
70675	0.520
70725	0.504
70775	0.460
70825	0.456
70875	0.460
70925	0.468
70975	0.464
71025	0.480
71075	0.444
71125	0.480
71175	0.524
71225	0.516
71275	0.520
71325	0.544
71375	0.560
71425	0.508
71475	0.504
71525	0.488
71575	0.460
71625	0.392
71675	0.392
71725	0.396
71775	0.392
71825	0.408
71875	0.440
71925	0.436
71975	0.440
72025	0.452
72075	0.448
72125	0.476
72175	0.504
72225	0.488
72275	0.480
72325	0.484
72375	0.436
72425	0.412
72475	0.432
72525	0.424
72575	0.420
72625	0.476
72675	0.512
72725	0.520
72775	0.556
72825	0.540
72875	0.500
72925	0.484
72975	0.476
73025	0.476
73075	0.496
73125	0.488
73175	0.492
73225	0.492
73275	0.452
73325	0.432
73375	0.424
73425	0.428
73475	0.432
73525	0.468
73575	0.488
73625	0.484
73675	0.456
73725	0.448
73775	0.416
73825	0.396
73875	0.440
73925	0.440
73975	0.448
74025	0.480
74075	0.496
74125	0.472
74175	0.464
74225	0.436
74275	0.392
74325	0.404
74375	0.416
74425	0.428
74475	0.432
74525	0.480
74575	0.512
74625	0.500
74675	0.516
74725	0.564
74775	0.532
74825	0.460
74875	0.448
74925	0.456
74975	0.444
75025	0.440
75075	0.452
75125	0.468
75175	0.436
75225	0.436
75275	0.448
75325	0.464
75375	0.424
75425	0.432
75475	0.416
75525	0.408
75575	0.424
75625	0.432
75675	0.436
75725	0.448
75775	0.480
75825	0.444
75875	0.456
75925	0.464
75975	0.448
76025	0.424
76075	0.464
76125	0.448
76175	0.424
76225	0.432
76275	0.456
76325	0.436
76375	0.464
76425	0.456
76475	0.440
76525	0.440
76575	0.448
76625	0.484
76675	0.496
76725	0.508
76775	0.508
76825	0.492
76875	0.456
76925	0.472
76975	0.468
77025	0.444
77075	0.440
77125	0.436
77175	0.444
77225	0.464
77275	0.484
77325	0.504
77375	0.512
77425	0.508
77475	0.508
77525	0.496
77575	0.496
77625	0.480
77675	0.484
77725	0.472
77775	0.480
77825	0.488
77875	0.468
77925	0.484
77975	0.488
78025	0.456
78075	0.440
78125	0.492
78175	0.480
78225	0.488
78275	0.524
78325	0.520
78375	0.524
78425	0.484
78475	0.452
78525	0.436
78575	0.436
78625	0.404
78675	0.424
78725	0.440
78775	0.424
78825	0.428
78875	0.448
78925	0.444
78975	0.444
79025	0.456
79075	0.436
79125	0.420
79175	0.416
79225	0.416
79275	0.424
79325	0.460
79375	0.472
79425	0.488
79475	0.504
79525	0.484
79575	0.444
79625	0.460
79675	0.472
79725	0.460
79775	0.484
79825	0.520
79875	0.488
79925	0.476
79975	0.476
80025	0.480
80075	0.440
80125	0.432
80175	0.428
80225	0.404
80275	0.396
80325	0.408
80375	0.448
80425	0.456
80475	0.492
80525	0.508
80575	0.528
80625	0.508
80675	0.508
80725	0.480
80775	0.440
80825	0.424
80875	0.408
80925	0.392
80975	0.400
81025	0.436
81075	0.460
81125	0.476
81175	0.484
81225	0.492
81275	0.492
81325	0.472
81375	0.424
81425	0.432
81475	0.436
81525	0.420
81575	0.440
81625	0.496
81675	0.520
81725	0.500
81775	0.500
81825	0.484
81875	0.484
81925	0.444
81975	0.456
82025	0.476
82075	0.484
82125	0.488
82175	0.500
82225	0.516
82275	0.504
82325	0.492
82375	0.468
82425	0.480
82475	0.460
82525	0.444
82575	0.428
82625	0.436
82675	0.416
82725	0.392
82775	0.400
82825	0.428
82875	0.376
82925	0.352
82975	0.376
83025	0.388
83075	0.380
83125	0.456
83175	0.500
83225	0.540
83275	0.552
83325	0.564
83375	0.532
83425	0.520
83475	0.516
83525	0.508
83575	0.500
83625	0.524
83675	0.564
83725	0.544
83775	0.560
83825	0.576
83875	0.540
83925	0.492
83975	0.512
84025	0.496
84075	0.488
84125	0.504
84175	0.500
84225	0.460
84275	0.440
84325	0.432
84375	0.436
84425	0.456
84475	0.460
84525	0.476
84575	0.500
84625	0.528
84675	0.512
84725	0.524
84775	0.540
84825	0.516
84875	0.476
84925	0.476
84975	0.444
85025	0.420
85075	0.416
85125	0.440
85175	0.460
85225	0.484
85275	0.480
85325	0.476
85375	0.460
85425	0.464
85475	0.416
85525	0.416
85575	0.428
85625	0.424
85675	0.420
85725	0.472
85775	0.488
85825	0.456
85875	0.460
85925	0.440
85975	0.432
86025	0.416
86075	0.448
86125	0.476
86175	0.504
86225	0.512
86275	0.532
86325	0.500
86375	0.464
86425	0.456
86475	0.460
86525	0.440
86575	0.464
86625	0.496
86675	0.500
86725	0.512
86775	0.548
86825	0.560
86875	0.552
86925	0.572
86975	0.588
87025	0.584
87075	0.560
87125	0.524
87175	0.508
87225	0.448
87275	0.412
87325	0.420
87375	0.448
87425	0.416
87475	0.432
87525	0.440
87575	0.416
87625	0.420
87675	0.428
87725	0.456
87775	0.424
87825	0.428
87875	0.424
87925	0.424
87975	0.400
88025	0.412
88075	0.428
88125	0.424
88175	0.436
88225	0.468
88275	0.476
88325	0.492
88375	0.512
88425	0.500
88475	0.476
88525	0.492
88575	0.496
88625	0.476
88675	0.492
88725	0.500
88775	0.508
88825	0.512
88875	0.512
88925	0.504
88975	0.512
89025	0.488
89075	0.488
89125	0.484
89175	0.484
89225	0.488
89275	0.508
89325	0.480
89375	0.476
89425	0.472
89475	0.428
89525	0.432
89575	0.436
89625	0.440
89675	0.452
89725	0.472
89775	0.468
89825	0.472
89875	0.496
89925	0.468
89975	0.488
90025	0.500
90075	0.500
90125	0.460
90175	0.448
90225	0.448
90275	0.440
90325	0.428
90375	0.436
90425	0.436
90475	0.400
90525	0.356
90575	0.364
90625	0.364
90675	0.376
90725	0.388
90775	0.428
90825	0.472
90875	0.484
90925	0.500
90975	0.504
91025	0.496
91075	0.464
91125	0.480
91175	0.496
91225	0.504
91275	0.508
91325	0.496
91375	0.488
91425	0.488
91475	0.492
91525	0.476
91575	0.480
91625	0.484
91675	0.456
91725	0.448
91775	0.472
91825	0.520
91875	0.496
91925	0.496
91975	0.472
92025	0.456
92075	0.396
92125	0.404
92175	0.420
92225	0.412
92275	0.392
92325	0.400
92375	0.400
92425	0.408
92475	0.448
92525	0.456
92575	0.504
92625	0.508
92675	0.496
92725	0.484
92775	0.516
92825	0.488
92875	0.504
92925	0.472
92975	0.468
93025	0.452
93075	0.468
93125	0.452
93175	0.468
93225	0.456
93275	0.448
93325	0.428
93375	0.412
93425	0.392
93475	0.396
93525	0.404
93575	0.388
93625	0.376
93675	0.412
93725	0.416
93775	0.416
93825	0.424
93875	0.460
93925	0.452
93975	0.480
94025	0.488
94075	0.500
94125	0.480
94175	0.464
94225	0.440
94275	0.436
94325	0.448
94375	0.456
94425	0.496
94475	0.508
94525	0.532
94575	0.528
94625	0.516
94675	0.516
94725	0.536
94775	0.528
94825	0.520
94875	0.544
94925	0.532
94975	0.500
95025	0.488
95075	0.480
95125	0.448
95175	0.440
95225	0.416
95275	0.400
95325	0.416
95375	0.472
95425	0.500
95475	0.552
95525	0.576
95575	0.552
95625	0.500
95675	0.492
95725	0.456
95775	0.432
95825	0.432
95875	0.472
95925	0.452
95975	0.472
96025	0.484
96075	0.472
96125	0.448
96175	0.456
96225	0.456
96275	0.480
96325	0.508
96375	0.528
96425	0.544
96475	0.516
96525	0.492
96575	0.504
96625	0.500
96675	0.480
96725	0.528
96775	0.520
96825	0.520
96875	0.512
96925	0.524
96975	0.504
97025	0.492
97075	0.468
97125	0.468
97175	0.436
97225	0.420
97275	0.436
97325	0.436
97375	0.420
97425	0.456
97475	0.472
97525	0.480
97575	0.480
97625	0.516
97675	0.528
97725	0.540
97775	0.504
97825	0.468
97875	0.396
97925	0.340
97975	0.344
98025	0.384
98075	0.404
98125	0.452
98175	0.488
98225	0.492
98275	0.460
98325	0.472
98375	0.456
98425	0.448
98475	0.404
98525	0.420
98575	0.412
98625	0.428
98675	0.448
98725	0.456
98775	0.456
98825	0.488
98875	0.492
98925	0.480
98975	0.476
99025	0.464
99075	0.452
99125	0.436
99175	0.436
99225	0.448
99275	0.452
99325	0.456
99375	0.460
99425	0.456
99475	0.456
99525	0.476
99575	0.488
99625	0.496
99675	0.512
99725	0.516
99775	0.504
99825	0.476
99875	0.456
99925	0.428
99975	0.416
100025	0.444
100075	0.456
100125	0.480
100175	0.480
100225	0.500
100275	0.464
100325	0.432
100375	0.436
100425	0.464
100475	0.456
100525	0.444
100575	0.464
100625	0.472
100675	0.440
100725	0.436
100775	0.444
100825	0.452
100875	0.468
100925	0.476
100975	0.456
101025	0.476
101075	0.484
101125	0.480
101175	0.488
101225	0.492
101275	0.508
101325	0.504
101375	0.448
101425	0.436
101475	0.444
101525	0.444
101575	0.428
101625	0.488
101675	0.504
101725	0.512
101775	0.488
101825	0.512
101875	0.472
101925	0.456
101975	0.436
102025	0.432
102075	0.432
102125	0.432
102175	0.420
102225	0.448
102275	0.440
102325	0.420
102375	0.440
102425	0.460
102475	0.436
102525	0.432
102575	0.440
102625	0.456
102675	0.468
102725	0.460
102775	0.516
102825	0.484
102875	0.448
102925	0.444
102975	0.468
103025	0.452
103075	0.480
103125	0.484
103175	0.488
103225	0.492
103275	0.476
103325	0.484
103375	0.496
103425	0.480
103475	0.480
103525	0.472
103575	0.452
103625	0.460
103675	0.468
103725	0.472
103775	0.484
103825	0.516
103875	0.480
103925	0.484
103975	0.476
104025	0.448
104075	0.428
104125	0.464
104175	0.472
104225	0.468
104275	0.512
104325	0.504
104375	0.496
104425	0.500
104475	0.504
104525	0.488
104575	0.484
104625	0.464
104675	0.444
104725	0.440
104775	0.432
104825	0.448
104875	0.452
104925	0.440
104975	0.420
105025	0.428
105075	0.416
105125	0.404
105175	0.420
105225	0.456
105275	0.424
105325	0.432
105375	0.456
105425	0.444
105475	0.420
105525	0.432
105575	0.416
105625	0.408
105675	0.444
105725	0.452
105775	0.464
105825	0.472
105875	0.476
105925	0.468
105975	0.484
106025	0.480
106075	0.480
106125	0.476
106175	0.460
106225	0.448
106275	0.472
106325	0.500
106375	0.520
106425	0.500
106475	0.536
106525	0.512
106575	0.520
106625	0.504
106675	0.528
106725	0.476
106775	0.452
106825	0.420
106875	0.432
106925	0.404
106975	0.444
107025	0.492
107075	0.520
107125	0.516
107175	0.560
107225	0.524
107275	0.492
107325	0.448
107375	0.424
107425	0.384
107475	0.368
107525	0.360
107575	0.356
107625	0.372
107675	0.396
107725	0.432
107775	0.440
107825	0.488
107875	0.500
107925	0.520
107975	0.524
108025	0.548
108075	0.556
108125	0.560
108175	0.516
108225	0.496
108275	0.492
108325	0.500
108375	0.496
108425	0.488
108475	0.484
108525	0.468
108575	0.440
108625	0.436
108675	0.464
108725	0.488
108775	0.524
108825	0.528
108875	0.516
108925	0.492
108975	0.456
109025	0.408
109075	0.396
109125	0.416
109175	0.480
109225	0.532
109275	0.596
109325	0.608
109375	0.572
109425	0.508
109475	0.496
109525	0.464
109575	0.448
109625	0.448
109675	0.432
109725	0.424
109775	0.416
109825	0.412
109875	0.416
109925	0.440
109975	0.416
110025	0.420
110075	0.448
110125	0.464
110175	0.476
110225	0.472
110275	0.460
110325	0.428
110375	0.416
110425	0.412
110475	0.428
110525	0.432
110575	0.440
110625	0.484
110675	0.472
110725	0.440
110775	0.452
110825	0.472
110875	0.436
110925	0.460
110975	0.520
111025	0.512
111075	0.448
111125	0.444
111175	0.416
111225	0.384
111275	0.364
111325	0.408
111375	0.424
111425	0.424
111475	0.428
111525	0.436
111575	0.440
111625	0.448
111675	0.484
111725	0.480
111775	0.480
111825	0.480
111875	0.460
111925	0.428
111975	0.444
112025	0.436
112075	0.456
112125	0.448
112175	0.460
112225	0.456
112275	0.440
112325	0.404
112375	0.436
112425	0.452
112475	0.444
112525	0.484
112575	0.492
112625	0.520
112675	0.512
112725	0.508
112775	0.512
112825	0.508
112875	0.448
112925	0.460
112975	0.452
113025	0.440
113075	0.448
113125	0.456
113175	0.448
113225	0.468
113275	0.472
113325	0.464
113375	0.464
113425	0.464
113475	0.468
113525	0.488
113575	0.508
113625	0.500
113675	0.524
113725	0.528
113775	0.516
113825	0.540
113875	0.564
113925	0.528
113975	0.516
114025	0.532
114075	0.488
114125	0.484
114175	0.512
114225	0.528
114275	0.532
114325	0.516
114375	0.496
114425	0.480
114475	0.456
114525	0.440
114575	0.476
114625	0.492
114675	0.500
114725	0.512
114775	0.492
114825	0.484
114875	0.500
114925	0.476
114975	0.460
115025	0.480
115075	0.508
115125	0.516
115175	0.540
115225	0.552
115275	0.532
115325	0.508
115375	0.492
115425	0.504
115475	0.508
115525	0.508
115575	0.528
115625	0.504
115675	0.452
115725	0.468
115775	0.464
115825	0.428
115875	0.444
115925	0.496
115975	0.500
116025	0.520
116075	0.548
116125	0.556
116175	0.560
116225	0.544
116275	0.544
116325	0.548
116375	0.556
116425	0.528
116475	0.540
116525	0.548
116575	0.544
116625	0.560
116675	0.576
116725	0.584
116775	0.584
116825	0.588
116875	0.568
116925	0.568
116975	0.512
117025	0.496
117075	0.472
117125	0.452
117175	0.436
117225	0.448
117275	0.468
117325	0.480
117375	0.496
117425	0.488
117475	0.512
117525	0.488
117575	0.436
117625	0.412
117675	0.408
117725	0.408
117775	0.360
117825	0.400
117875	0.408
117925	0.420
117975	0.428
118025	0.484
118075	0.504
118125	0.520
118175	0.520
118225	0.508
118275	0.512
118325	0.496
118375	0.496
118425	0.496
118475	0.492
118525	0.468
118575	0.476
118625	0.480
118675	0.468
118725	0.492
118775	0.524
118825	0.528
118875	0.520
118925	0.520
118975	0.508
119025	0.488
119075	0.476
119125	0.480
119175	0.500
119225	0.500
119275	0.532
119325	0.544
119375	0.520
119425	0.516
119475	0.516
119525	0.468
119575	0.464
119625	0.472
119675	0.456
119725	0.464
119775	0.484
119825	0.484
119875	0.512
119925	0.536
119975	0.564
120025	0.556
120075	0.576
120125	0.564
120175	0.528
120225	0.492
120275	0.536
120325	0.524
120375	0.528
120425	0.564
120475	0.572
120525	0.528
120575	0.520
120625	0.544
120675	0.548
120725	0.568
120775	0.588
120825	0.584
120875	0.560
120925	0.532
120975	0.488
121025	0.456
121075	0.472
121125	0.464
121175	0.472
121225	0.488
121275	0.508
121325	0.520
121375	0.536
121425	0.544
121475	0.520
121525	0.528
121575	0.500
121625	0.504
121675	0.516
121725	0.560
121775	0.576
121825	0.584
121875	0.568
121925	0.584
121975	0.564
122025	0.564
122075	0.568
122125	0.576
122175	0.580
122225	0.568
122275	0.552
122325	0.552
122375	0.552
122425	0.512
122475	0.520
122525	0.512
122575	0.524
122625	0.508
122675	0.504
122725	0.504
122775	0.532
122825	0.496
122875	0.492
122925	0.504
122975	0.496
123025	0.472
123075	0.496
123125	0.500
123175	0.504
123225	0.488
123275	0.500
123325	0.480
123375	0.496
123425	0.496
123475	0.516
123525	0.520
123575	0.548
123625	0.576
123675	0.592
123725	0.612
123775	0.604
123825	0.600
123875	0.540
123925	0.528
123975	0.488
124025	0.492
124075	0.472
124125	0.528
124175	0.536
124225	0.564
124275	0.564
124325	0.604
124375	0.580
124425	0.560
124475	0.556
124525	0.544
124575	0.536
124625	0.560
124675	0.572
124725	0.556
124775	0.556
124825	0.504
124875	0.460
124925	0.460
124975	0.496
125025	0.468
125075	0.444
125125	0.424
125175	0.408
125225	0.380
125275	0.408
125325	0.472
125375	0.512
125425	0.528
125475	0.552
125525	0.556
125575	0.552
125625	0.516
125675	0.508
125725	0.512
125775	0.496
125825	0.488
125875	0.496
125925	0.516
125975	0.512
126025	0.488
126075	0.464
126125	0.492
126175	0.460
126225	0.424
126275	0.428
126325	0.444
126375	0.448
126425	0.424
126475	0.432
126525	0.476
126575	0.476
126625	0.460
126675	0.488
126725	0.508
126775	0.504
126825	0.540
126875	0.544
126925	0.552
126975	0.540
127025	0.536
127075	0.480
127125	0.464
127175	0.456
127225	0.456
127275	0.428
127325	0.452
127375	0.492
127425	0.524
127475	0.516
127525	0.548
127575	0.560
127625	0.532
127675	0.520
127725	0.540
127775	0.504
127825	0.472
127875	0.480
127925	0.468
127975	0.476
128025	0.496
128075	0.532
128125	0.536
128175	0.548
128225	0.544
128275	0.576
128325	0.552
128375	0.532
128425	0.528
128475	0.524
128525	0.484
128575	0.516
128625	0.540
128675	0.532
128725	0.488
128775	0.504
128825	0.468
128875	0.452
128925	0.436
128975	0.460
129025	0.436
129075	0.444
129125	0.444
129175	0.460
129225	0.448
129275	0.456
129325	0.428
129375	0.408
129425	0.396
129475	0.392
129525	0.388
129575	0.396
129625	0.384
129675	0.360
129725	0.352
129775	0.352
129825	0.372
129875	0.376
129925	0.424
129975	0.464
130025	0.472
130075	0.488
130125	0.500
130175	0.488
130225	0.496
130275	0.488
130325	0.476
130375	0.504
130425	0.524
130475	0.504
130525	0.516
130575	0.544
130625	0.524
130675	0.488
130725	0.496
130775	0.504
130825	0.476
130875	0.500
130925	0.528
130975	0.536
131025	0.544
131075	0.552
131125	0.552
131175	0.560
131225	0.536
131275	0.500
131325	0.488
131375	0.484
131425	0.440
131475	0.448
131525	0.436
131575	0.452
131625	0.428
131675	0.428
131725	0.408
131775	0.432
131825	0.388
131875	0.388
131925	0.380
131975	0.376
132025	0.364
132075	0.412
132125	0.436
132175	0.468
132225	0.520
132275	0.556
132325	0.524
132375	0.500
132425	0.524
132475	0.528
132525	0.512
132575	0.536
132625	0.548
132675	0.496
132725	0.460
132775	0.472
132825	0.468
132875	0.480
132925	0.508
132975	0.528
133025	0.524
133075	0.520
133125	0.508
133175	0.520
133225	0.516
133275	0.504
133325	0.508
133375	0.488
133425	0.460
133475	0.460
133525	0.480
133575	0.476
133625	0.520
133675	0.524
133725	0.492
133775	0.464
133825	0.460
133875	0.448
133925	0.472
133975	0.480
134025	0.524
134075	0.524
134125	0.516
134175	0.500
134225	0.524
134275	0.488
134325	0.480
134375	0.460
134425	0.440
134475	0.408
134525	0.408
134575	0.400
134625	0.424
134675	0.436
134725	0.456
134775	0.480
134825	0.504
134875	0.508
134925	0.512
134975	0.524
135025	0.500
135075	0.476
135125	0.432
135175	0.420
135225	0.400
135275	0.400
135325	0.380
135375	0.404
135425	0.424
135475	0.432
135525	0.448
135575	0.488
135625	0.488
135675	0.496
135725	0.496
135775	0.488
135825	0.484
135875	0.484
135925	0.480
135975	0.488
136025	0.496
136075	0.496
136125	0.500
136175	0.476
136225	0.488
136275	0.492
136325	0.508
136375	0.488
136425	0.528
136475	0.520
136525	0.520
136575	0.508
136625	0.520
136675	0.504
136725	0.480
136775	0.456
136825	0.420
136875	0.404
136925	0.372
136975	0.360
137025	0.356
137075	0.372
137125	0.384
137175	0.420
137225	0.464
137275	0.488
137325	0.504
137375	0.552
137425	0.540
137475	0.524
137525	0.520
137575	0.532
137625	0.508
137675	0.532
137725	0.540
137775	0.564
137825	0.556
137875	0.528
137925	0.488
137975	0.480
138025	0.428
138075	0.428
138125	0.468
138175	0.504
138225	0.492
138275	0.548
138325	0.544
138375	0.516
138425	0.476
138475	0.496
138525	0.448
138575	0.444
138625	0.448
138675	0.468
138725	0.488
138775	0.516
138825	0.536
138875	0.540
138925	0.552
138975	0.528
139025	0.520
139075	0.504
139125	0.512
139175	0.508
139225	0.512
139275	0.528
139325	0.516
139375	0.488
139425	0.496
139475	0.512
139525	0.488
139575	0.500
139625	0.532
139675	0.512
139725	0.492
139775	0.508
139825	0.520
139875	0.512
139925	0.524
139975	0.528
140025	0.528
140075	0.504
140125	0.492
140175	0.444
140225	0.416
140275	0.400
140325	0.396
140375	0.360
140425	0.400
140475	0.420
140525	0.436
140575	0.444
140625	0.500
140675	0.500
140725	0.508
140775	0.504
140825	0.540
140875	0.508
140925	0.516
140975	0.528
141025	0.520
141075	0.508
141125	0.544
141175	0.548
141225	0.524
141275	0.544
141325	0.548
141375	0.528
141425	0.528
141475	0.540
141525	0.516
141575	0.496
141625	0.484
141675	0.456
141725	0.424
141775	0.432
141825	0.416
141875	0.448
141925	0.464
141975	0.476
142025	0.464
142075	0.468
142125	0.460
142175	0.468
142225	0.464
142275	0.472
142325	0.488
142375	0.492
142425	0.468
142475	0.500
142525	0.516
142575	0.508
142625	0.464
142675	0.480
142725	0.452
142775	0.456
142825	0.424
142875	0.416
142925	0.392
142975	0.396
143025	0.356
143075	0.392
143125	0.448
143175	0.472
143225	0.484
143275	0.512
143325	0.496
143375	0.448
143425	0.432
143475	0.432
143525	0.400
143575	0.396
143625	0.440
143675	0.476
143725	0.452
143775	0.492
143825	0.528
143875	0.532
143925	0.524
143975	0.568
144025	0.580
144075	0.572
144125	0.552
144175	0.536
144225	0.536
144275	0.536
144325	0.540
144375	0.556
144425	0.584
144475	0.580
144525	0.560
144575	0.560
144625	0.552
144675	0.540
144725	0.540
144775	0.536
144825	0.500
144875	0.492
144925	0.480
144975	0.452
145025	0.456
145075	0.508
145125	0.500
145175	0.476
145225	0.480
145275	0.480
145325	0.448
145375	0.460
145425	0.508
145475	0.532
145525	0.532
145575	0.544
145625	0.548
145675	0.548
145725	0.516
145775	0.504
145825	0.488
145875	0.492
145925	0.480
145975	0.496
146025	0.504
146075	0.488
146125	0.472
146175	0.464
146225	0.476
146275	0.464
146325	0.496
146375	0.512
146425	0.512
146475	0.504
146525	0.512
146575	0.524
146625	0.516
146675	0.500
146725	0.508
146775	0.512
146825	0.512
146875	0.492
146925	0.480
146975	0.468
147025	0.472
147075	0.444
147125	0.432
147175	0.444
147225	0.444
147275	0.440
147325	0.440
147375	0.488
147425	0.508
147475	0.460
147525	0.444
147575	0.448
147625	0.428
147675	0.420
147725	0.476
147775	0.504
147825	0.492
147875	0.476
147925	0.448
147975	0.428
148025	0.416
148075	0.420
148125	0.408
148175	0.412
148225	0.448
148275	0.444
148325	0.456
148375	0.464
148425	0.484
148475	0.472
148525	0.464
148575	0.452
148625	0.440
148675	0.460
148725	0.480
148775	0.484
148825	0.496
148875	0.516
148925	0.488
148975	0.444
149025	0.456
149075	0.456
149125	0.480
149175	0.516
149225	0.544
149275	0.516
149325	0.508
149375	0.504
149425	0.496
149475	0.500
149525	0.532
149575	0.560
149625	0.560
149675	0.552
149725	0.536
149775	0.544
149825	0.544
149875	0.580
149925	0.588
149975	0.588
150025	0.556
150075	0.568
150125	0.564
150175	0.568
150225	0.576
150275	0.620
150325	0.612
150375	0.584
150425	0.572
150475	0.580
150525	0.584
150575	0.576
150625	0.584
150675	0.592
150725	0.584
150775	0.552
150825	0.528
150875	0.512
150925	0.492
150975	0.460
151025	0.448
151075	0.452
151125	0.444
151175	0.440
151225	0.464
151275	0.492
151325	0.504
151375	0.484
151425	0.476
151475	0.448
151525	0.420
151575	0.388
151625	0.408
151675	0.440
151725	0.492
151775	0.516
151825	0.560
151875	0.588
151925	0.576
151975	0.540
152025	0.540
152075	0.516
152125	0.512
152175	0.528
152225	0.540
152275	0.544
152325	0.548
152375	0.532
152425	0.520
152475	0.520
152525	0.504
152575	0.520
152625	0.512
152675	0.512
152725	0.504
152775	0.516
152825	0.492
152875	0.492
152925	0.504
152975	0.516
153025	0.496
153075	0.500
153125	0.532
153175	0.524
153225	0.508
153275	0.520
153325	0.536
153375	0.512
153425	0.520
153475	0.500
153525	0.484
153575	0.476
153625	0.476
153675	0.476
153725	0.504
153775	0.528
153825	0.532
153875	0.536
153925	0.532
153975	0.552
154025	0.560
154075	0.564
154125	0.564
154175	0.560
154225	0.552
154275	0.524
154325	0.512
154375	0.484
154425	0.476
154475	0.472
154525	0.492
154575	0.448
154625	0.436
154675	0.412
154725	0.380
154775	0.356
154825	0.384
154875	0.400
154925	0.396
154975	0.400
155025	0.404
155075	0.396
155125	0.404
155175	0.436
155225	0.480
155275	0.488
155325	0.532
155375	0.560
155425	0.568
155475	0.556
155525	0.592
155575	0.596
155625	0.584
155675	0.592
155725	0.584
155775	0.536
155825	0.488
155875	0.468
155925	0.448
155975	0.424
156025	0.388
156075	0.424
156125	0.452
156175	0.464
156225	0.508
156275	0.584
156325	0.576
156375	0.580
156425	0.588
156475	0.564
156525	0.560
156575	0.584
156625	0.576
156675	0.568
156725	0.576
156775	0.556
156825	0.556
156875	0.564
156925	0.556
156975	0.560
157025	0.568
157075	0.552
157125	0.524
157175	0.496
157225	0.468
157275	0.432
157325	0.432
157375	0.456
157425	0.492
157475	0.524
157525	0.568
157575	0.584
157625	0.600
157675	0.608
157725	0.580
157775	0.568
157825	0.524
157875	0.516
157925	0.524
157975	0.532
158025	0.504
158075	0.536
158125	0.536
158175	0.528
158225	0.520
158275	0.540
158325	0.528
158375	0.492
158425	0.452
158475	0.452
158525	0.440
158575	0.400
158625	0.408
158675	0.440
158725	0.448
158775	0.468
158825	0.536
158875	0.520
158925	0.532
158975	0.560
159025	0.572
159075	0.556
159125	0.604
159175	0.600
159225	0.596
159275	0.576
159325	0.596
159375	0.576
159425	0.548
159475	0.520
159525	0.500
159575	0.472
159625	0.456
159675	0.436
159725	0.428
159775	0.464
159825	0.452
159875	0.464
159925	0.512
159975	0.516
160025	0.524
160075	0.496
160125	0.480
160175	0.452
160225	0.440
160275	0.400
160325	0.400
160375	0.384
160425	0.372
160475	0.400
160525	0.436
160575	0.472
160625	0.516
160675	0.540
160725	0.536
160775	0.532
160825	0.540
160875	0.520
160925	0.512
160975	0.540
161025	0.524
161075	0.508
161125	0.532
161175	0.568
161225	0.528
161275	0.516
161325	0.532
161375	0.528
161425	0.480
161475	0.496
161525	0.504
161575	0.500
161625	0.500
161675	0.528
161725	0.536
161775	0.544
161825	0.520
161875	0.524
161925	0.508
161975	0.496
162025	0.508
162075	0.520
162125	0.516
162175	0.528
162225	0.536
162275	0.524
162325	0.560
162375	0.552
162425	0.568
162475	0.576
162525	0.604
162575	0.600
162625	0.596
162675	0.572
162725	0.580
162775	0.564
162825	0.552
162875	0.584
162925	0.584
162975	0.584
163025	0.592
163075	0.600
163125	0.568
163175	0.576
163225	0.520
163275	0.500
163325	0.500
163375	0.528
163425	0.516
163475	0.564
163525	0.544
163575	0.480
163625	0.424
163675	0.392
163725	0.372
163775	0.388
163825	0.428
163875	0.420
163925	0.432
163975	0.432
164025	0.448
164075	0.444
164125	0.508
164175	0.556
164225	0.528
164275	0.504
164325	0.516
164375	0.484
164425	0.464
164475	0.504
164525	0.516
164575	0.488
164625	0.508
164675	0.500
164725	0.512
164775	0.512
164825	0.564
164875	0.568
164925	0.596
164975	0.572
165025	0.568
165075	0.544
165125	0.548
165175	0.528
165225	0.528
165275	0.524
165325	0.532
165375	0.520
165425	0.512
165475	0.536
165525	0.552
165575	0.544
165625	0.520
165675	0.528
165725	0.520
165775	0.516
165825	0.532
165875	0.532
165925	0.524
165975	0.508
166025	0.488
166075	0.480
166125	0.504
166175	0.516
166225	0.528
166275	0.556
166325	0.540
166375	0.540
166425	0.532
166475	0.516
166525	0.496
166575	0.508
166625	0.492
166675	0.476
166725	0.476
166775	0.476
166825	0.460
166875	0.456
166925	0.456
166975	0.464
167025	0.480
167075	0.468
167125	0.480
167175	0.468
167225	0.468
167275	0.476
167325	0.508
167375	0.496
167425	0.536
167475	0.540
167525	0.504
167575	0.480
167625	0.476
167675	0.488
167725	0.496
167775	0.520
167825	0.524
167875	0.568
167925	0.548
167975	0.544
168025	0.572
168075	0.588
168125	0.568
168175	0.592
168225	0.596
168275	0.552
168325	0.544
168375	0.524
168425	0.508
168475	0.512
168525	0.508
168575	0.536
168625	0.552
168675	0.540
168725	0.504
168775	0.512
168825	0.480
168875	0.472
168925	0.484
168975	0.504
169025	0.516
169075	0.532
169125	0.540
169175	0.520
169225	0.504
169275	0.512
169325	0.504
169375	0.516
169425	0.544
169475	0.576
169525	0.560
169575	0.556
169625	0.544
169675	0.532
169725	0.520
169775	0.524
169825	0.548
169875	0.536
169925	0.524
169975	0.504
170025	0.468
170075	0.432
170125	0.424
170175	0.424
170225	0.432
170275	0.436
170325	0.452
170375	0.468
170425	0.460
170475	0.476
170525	0.532
170575	0.564
170625	0.584
170675	0.584
170725	0.564
170775	0.540
170825	0.484
170875	0.464
170925	0.472
170975	0.484
171025	0.516
171075	0.556
171125	0.532
171175	0.552
171225	0.552
171275	0.528
171325	0.516
171375	0.560
171425	0.536
171475	0.552
171525	0.540
171575	0.544
171625	0.508
171675	0.500
171725	0.472
171775	0.476
171825	0.448
171875	0.452
171925	0.464
171975	0.488
172025	0.472
172075	0.508
172125	0.508
172175	0.496
172225	0.480
172275	0.492
172325	0.472
172375	0.468
172425	0.464
172475	0.468
172525	0.440
172575	0.472
172625	0.480
172675	0.508
172725	0.496
172775	0.520
172825	0.492
172875	0.504
172925	0.504
172975	0.520
173025	0.520
173075	0.532
173125	0.488
173175	0.492
173225	0.476
173275	0.464
173325	0.432
173375	0.452
173425	0.444
173475	0.456
173525	0.472
173575	0.480
173625	0.508
173675	0.500
173725	0.492
173775	0.484
173825	0.472
173875	0.460
173925	0.476
173975	0.480
174025	0.492
174075	0.536
174125	0.536
174175	0.540
174225	0.560
174275	0.564
174325	0.552
174375	0.568
174425	0.548
174475	0.544
174525	0.556
174575	0.544
174625	0.500
174675	0.500
174725	0.444
174775	0.408
174825	0.412
174875	0.420
174925	0.416
174975	0.432
175025	0.444
175075	0.416
175125	0.420
175175	0.412
175225	0.420
175275	0.440
175325	0.436
175375	0.412
175425	0.428
175475	0.456
175525	0.408
175575	0.452
175625	0.500
175675	0.520
175725	0.528
175775	0.572
175825	0.548
175875	0.532
175925	0.508
175975	0.484
176025	0.496
176075	0.528
176125	0.560
176175	0.552
176225	0.556
176275	0.528
176325	0.520
176375	0.500
176425	0.532
176475	0.516
176525	0.504
176575	0.496
176625	0.512
176675	0.468
176725	0.492
176775	0.524
176825	0.528
176875	0.520
176925	0.536
176975	0.512
177025	0.496
177075	0.504
177125	0.516
177175	0.524
177225	0.528
177275	0.548
177325	0.536
177375	0.520
177425	0.532
177475	0.556
177525	0.544
177575	0.552
177625	0.548
177675	0.544
177725	0.492
177775	0.456
177825	0.448
177875	0.412
177925	0.404
177975	0.420
178025	0.424
178075	0.416
178125	0.428
178175	0.424
178225	0.448
178275	0.464
178325	0.464
178375	0.476
178425	0.504
178475	0.488
178525	0.488
178575	0.476
178625	0.460
178675	0.432
178725	0.448
178775	0.452
178825	0.452
178875	0.428
178925	0.408
178975	0.400
179025	0.424
179075	0.412
179125	0.448
179175	0.480
179225	0.512
179275	0.472
179325	0.496
179375	0.500
179425	0.488
179475	0.460
179525	0.472
179575	0.456
179625	0.456
179675	0.460
179725	0.448
179775	0.476
179825	0.488
179875	0.492
179925	0.500
179975	0.516
180025	0.460
180075	0.460
180125	0.440
180175	0.412
180225	0.400
180275	0.428
180325	0.424
180375	0.444
180425	0.456
180475	0.456
180525	0.444
180575	0.448
180625	0.460
180675	0.476
180725	0.476
180775	0.488
180825	0.496
180875	0.472
180925	0.480
180975	0.528
181025	0.580
181075	0.584
181125	0.584
181175	0.572
181225	0.532
181275	0.496
181325	0.484
181375	0.480
181425	0.468
181475	0.488
181525	0.468
181575	0.452
181625	0.448
181675	0.448
181725	0.428
181775	0.436
181825	0.476
181875	0.500
181925	0.524
181975	0.544
182025	0.564
182075	0.548
182125	0.568
182175	0.560
182225	0.572
182275	0.584
182325	0.592
182375	0.552
182425	0.552
182475	0.536
182525	0.504
182575	0.488
182625	0.512
182675	0.496
182725	0.488
182775	0.492
182825	0.508
182875	0.500
182925	0.508
182975	0.488
183025	0.468
183075	0.440
183125	0.428
183175	0.432
183225	0.432
183275	0.444
183325	0.460
183375	0.472
183425	0.476
183475	0.516
183525	0.548
183575	0.560
183625	0.576
183675	0.584
183725	0.580
183775	0.576
183825	0.552
183875	0.540
183925	0.528
183975	0.476
184025	0.428
184075	0.436
184125	0.416
184175	0.380
184225	0.416
184275	0.420
184325	0.396
184375	0.388
184425	0.376
184475	0.380
184525	0.384
184575	0.412
184625	0.420
184675	0.460
184725	0.432
184775	0.424
184825	0.404
184875	0.372
184925	0.368
184975	0.400
185025	0.428
185075	0.420
185125	0.484
185175	0.496
185225	0.468
185275	0.432
185325	0.436
185375	0.424
185425	0.416
185475	0.432
185525	0.464
185575	0.444
185625	0.452
185675	0.460
185725	0.456
185775	0.448
185825	0.472
185875	0.440
185925	0.408
185975	0.388
186025	0.396
186075	0.416
186125	0.408
186175	0.416
186225	0.440
186275	0.464
186325	0.448
186375	0.472
186425	0.472
186475	0.488
186525	0.476
186575	0.504
186625	0.512
186675	0.528
186725	0.500
186775	0.496
186825	0.496
186875	0.508
186925	0.496
186975	0.492
187025	0.500
187075	0.512
187125	0.484
187175	0.484
187225	0.508
187275	0.480
187325	0.468
187375	0.484
187425	0.496
187475	0.504
187525	0.544
187575	0.552
187625	0.540
187675	0.552
187725	0.520
187775	0.480
187825	0.460
187875	0.440
187925	0.412
187975	0.424
188025	0.424
188075	0.420
188125	0.444
188175	0.500
188225	0.516
188275	0.564
188325	0.596
188375	0.624
188425	0.596
188475	0.584
188525	0.552
188575	0.524
188625	0.512
188675	0.520
188725	0.536
188775	0.528
188825	0.516
188875	0.508
188925	0.492
188975	0.480
189025	0.496
189075	0.500
189125	0.464
189175	0.464
189225	0.460
189275	0.444
189325	0.432
189375	0.468
189425	0.468
189475	0.472
189525	0.500
189575	0.548
189625	0.548
189675	0.536
189725	0.532
189775	0.532
189825	0.496
189875	0.484
189925	0.484
189975	0.472
190025	0.436
190075	0.436
190125	0.444
190175	0.428
190225	0.448
190275	0.456
190325	0.452
190375	0.460
190425	0.488
190475	0.484
190525	0.468
190575	0.456
190625	0.440
190675	0.424
190725	0.444
190775	0.456
190825	0.464
190875	0.484
190925	0.452
190975	0.444
191025	0.436
191075	0.428
191125	0.428
191175	0.444
191225	0.420
191275	0.448
191325	0.468
191375	0.452
191425	0.496
191475	0.484
191525	0.480
191575	0.504
191625	0.520
191675	0.480
191725	0.476
191775	0.452
191825	0.440
191875	0.404
191925	0.392
191975	0.380
192025	0.348
192075	0.324
192125	0.340
192175	0.348
192225	0.376
192275	0.404
192325	0.396
192375	0.376
192425	0.384
192475	0.364
192525	0.360
192575	0.364
192625	0.372
192675	0.384
192725	0.380
192775	0.404
192825	0.408
192875	0.404
192925	0.404
192975	0.440
193025	0.420
193075	0.424
193125	0.452
193175	0.452
193225	0.448
193275	0.488
193325	0.496
193375	0.500
193425	0.508
193475	0.520
193525	0.500
193575	0.516
193625	0.516
193675	0.496
193725	0.488
193775	0.480
193825	0.464
193875	0.452
193925	0.472
193975	0.480
194025	0.512
194075	0.544
194125	0.548
194175	0.548
194225	0.568
194275	0.564
194325	0.540
194375	0.536
194425	0.544
194475	0.548
194525	0.524
194575	0.532
194625	0.528
194675	0.488
194725	0.444
194775	0.468
194825	0.464
194875	0.492
194925	0.524
194975	0.552
195025	0.552
195075	0.552
195125	0.544
195175	0.564
195225	0.544
195275	0.564
195325	0.556
195375	0.568
195425	0.564
195475	0.568
195525	0.516
195575	0.496
195625	0.444
195675	0.420
195725	0.424
195775	0.412
195825	0.464
195875	0.520
195925	0.556
195975	0.560
196025	0.612
196075	0.600
196125	0.576
196175	0.560
196225	0.564
196275	0.544
196325	0.504
196375	0.480
196425	0.460
196475	0.472
196525	0.476
196575	0.512
196625	0.532
196675	0.564
196725	0.572
196775	0.576
196825	0.592
196875	0.604
196925	0.600
196975	0.572
197025	0.564
197075	0.508
197125	0.504
197175	0.496
197225	0.504
197275	0.508
197325	0.512
197375	0.516
197425	0.500
197475	0.480
197525	0.452
197575	0.484
197625	0.484
197675	0.476
197725	0.488
197775	0.516
197825	0.520
197875	0.536
197925	0.552
197975	0.536
198025	0.544
198075	0.536
198125	0.512
198175	0.536
198225	0.548
198275	0.544
198325	0.540
198375	0.568
198425	0.548
198475	0.548
198525	0.540
198575	0.560
198625	0.516
198675	0.516
198725	0.528
198775	0.528
198825	0.536
198875	0.548
198925	0.568
198975	0.584
199025	0.576
199075	0.536
199125	0.524
199175	0.492
199225	0.460
199275	0.472
199325	0.516
199375	0.556
199425	0.544
199475	0.560
199525	0.568
199575	0.588
199625	0.596
199675	0.664
199725	0.668
199775	0.660
199825	0.632
199875	0.632
199925	0.616
199975	0.616
200025	0.644
200075	0.632
200125	0.612
200175	0.624
200225	0.588
200275	0.544
200325	0.524
200375	0.508
200425	0.472
200475	0.496
200525	0.500
200575	0.532
200625	0.540
200675	0.572
200725	0.588
200775	0.604
200825	0.600
200875	0.624
200925	0.616
200975	0.624
201025	0.628
201075	0.616
201125	0.604
201175	0.608
201225	0.568
201275	0.576
201325	0.568
201375	0.572
201425	0.548
201475	0.596
201525	0.592
201575	0.596
201625	0.596
201675	0.604
201725	0.596
201775	0.600
201825	0.592
201875	0.576
201925	0.568
201975	0.560
202025	0.548
202075	0.520
202125	0.504
202175	0.500
202225	0.468
202275	0.440
202325	0.464
202375	0.484
202425	0.448
202475	0.440
202525	0.456
202575	0.432
202625	0.376
202675	0.384
202725	0.408
202775	0.404
202825	0.408
202875	0.472
202925	0.468
202975	0.428
203025	0.408
203075	0.392
203125	0.344
203175	0.348
203225	0.360
203275	0.384
203325	0.404
203375	0.440
203425	0.436
203475	0.412
203525	0.384
203575	0.380
203625	0.352
203675	0.372
203725	0.428
203775	0.464
203825	0.488
203875	0.520
203925	0.536
203975	0.548
204025	0.540
204075	0.544
204125	0.504
204175	0.500
204225	0.484
204275	0.464
204325	0.460
204375	0.492
204425	0.512
204475	0.528
204525	0.600
204575	0.648
204625	0.652
204675	0.616
204725	0.596
204775	0.544
204825	0.496
204875	0.520
204925	0.548
204975	0.524
205025	0.496
205075	0.464
205125	0.436
205175	0.388
205225	0.376
205275	0.364
205325	0.380
205375	0.352
205425	0.392
205475	0.424
205525	0.460
205575	0.484
205625	0.504
205675	0.468
205725	0.456
205775	0.432
205825	0.424
205875	0.408
205925	0.452
205975	0.452
206025	0.484
206075	0.500
206125	0.524
206175	0.524
206225	0.548
206275	0.564
206325	0.568
206375	0.568
206425	0.568
206475	0.564
206525	0.532
206575	0.516
206625	0.532
206675	0.524
206725	0.560
206775	0.604
206825	0.640
206875	0.640
206925	0.664
206975	0.612
207025	0.592
207075	0.544
207125	0.528
207175	0.432
207225	0.432
207275	0.432
207325	0.464
207375	0.492
207425	0.544
207475	0.544
207525	0.556
207575	0.544
207625	0.540
207675	0.572
207725	0.600
207775	0.580
207825	0.576
207875	0.564
207925	0.544
207975	0.548
208025	0.572
208075	0.556
208125	0.556
208175	0.548
208225	0.536
208275	0.496
208325	0.508
208375	0.516
208425	0.540
208475	0.540
208525	0.560
208575	0.548
208625	0.524
208675	0.508
208725	0.508
208775	0.496
208825	0.496
208875	0.472
208925	0.484
208975	0.476
209025	0.504
209075	0.508
209125	0.544
209175	0.516
209225	0.484
209275	0.472
209325	0.476
209375	0.468
209425	0.464
209475	0.492
209525	0.456
209575	0.460
209625	0.464
209675	0.512
209725	0.512
209775	0.524
209825	0.512
209875	0.520
209925	0.520
209975	0.536
210025	0.524
210075	0.556
210125	0.556
210175	0.508
210225	0.480
210275	0.500
210325	0.496
210375	0.480
210425	0.476
210475	0.520
210525	0.524
210575	0.512
210625	0.520
210675	0.560
210725	0.540
210775	0.536
210825	0.544
210875	0.564
210925	0.548
210975	0.544
211025	0.560
211075	0.548
211125	0.508
211175	0.500
211225	0.504
211275	0.468
211325	0.440
211375	0.456
211425	0.472
211475	0.468
211525	0.492
211575	0.508
211625	0.520
211675	0.512
211725	0.516
211775	0.504
211825	0.512
211875	0.496
211925	0.488
211975	0.464
212025	0.452
212075	0.424
212125	0.404
212175	0.408
212225	0.420
212275	0.452
212325	0.464
212375	0.500
212425	0.512
212475	0.532
212525	0.548
212575	0.592
212625	0.596
212675	0.600
212725	0.604
212775	0.616
212825	0.596
212875	0.620
212925	0.632
212975	0.620
213025	0.608
213075	0.628
213125	0.560
213175	0.528
213225	0.536
213275	0.516
213325	0.460
213375	0.500
213425	0.500
213475	0.464
213525	0.444
213575	0.484
213625	0.500
213675	0.512
213725	0.532
213775	0.548
213825	0.528
213875	0.472
213925	0.440
213975	0.412
214025	0.404
214075	0.420
214125	0.460
214175	0.500
214225	0.544
214275	0.552
214325	0.540
214375	0.524
214425	0.516
214475	0.512
214525	0.564
214575	0.580
214625	0.588
214675	0.600
214725	0.600
214775	0.556
214825	0.536
214875	0.492
214925	0.436
214975	0.384
215025	0.368
215075	0.364
215125	0.388
215175	0.420
215225	0.448
215275	0.472
215325	0.496
215375	0.532
215425	0.552
215475	0.528
215525	0.508
215575	0.484
215625	0.452
215675	0.408
215725	0.424
215775	0.412
215825	0.404
215875	0.400
215925	0.424
215975	0.436
216025	0.456
216075	0.476
216125	0.488
216175	0.488
216225	0.468
216275	0.424
216325	0.420
216375	0.420
216425	0.412
216475	0.412
216525	0.444
216575	0.436
216625	0.424
216675	0.396
216725	0.436
216775	0.432
216825	0.456
216875	0.468
216925	0.544
216975	0.516
217025	0.532
217075	0.520
217125	0.540
217175	0.492
217225	0.516
217275	0.536
217325	0.532
217375	0.500
217425	0.512
217475	0.488
217525	0.492
217575	0.512
217625	0.556
217675	0.576
217725	0.624
217775	0.616
217825	0.644
217875	0.608
217925	0.592
217975	0.572
218025	0.572
218075	0.552
218125	0.588
218175	0.596
218225	0.596
218275	0.584
218325	0.572
218375	0.540
218425	0.492
218475	0.460
218525	0.420
218575	0.388
218625	0.384
218675	0.392
218725	0.420
218775	0.452
218825	0.476
218875	0.468
218925	0.500
218975	0.508
219025	0.536
219075	0.536
219125	0.556
219175	0.564
219225	0.552
219275	0.540
219325	0.556
219375	0.580
219425	0.568
219475	0.564
219525	0.580
219575	0.588
219625	0.584
219675	0.596
219725	0.628
219775	0.592
219825	0.556
219875	0.516
219925	0.496
219975	0.464
220025	0.496
220075	0.544
220125	0.568
220175	0.564
220225	0.560
220275	0.552
220325	0.480
220375	0.452
220425	0.448
220475	0.440
220525	0.408
220575	0.444
220625	0.460
220675	0.484
220725	0.516
220775	0.532
220825	0.520
220875	0.532
220925	0.548
220975	0.540
221025	0.552
221075	0.564
221125	0.572
221175	0.580
221225	0.556
221275	0.532
221325	0.548
221375	0.548
221425	0.540
221475	0.584
221525	0.608
221575	0.616
221625	0.616
221675	0.612
221725	0.572
221775	0.548
221825	0.532
221875	0.536
221925	0.520
221975	0.552
222025	0.568
222075	0.532
222125	0.492
222175	0.504
222225	0.496
222275	0.516
222325	0.544
222375	0.592
222425	0.580
222475	0.548
222525	0.528
222575	0.528
222625	0.476
222675	0.448
222725	0.472
222775	0.456
222825	0.436
222875	0.480
222925	0.528
222975	0.536
223025	0.560
223075	0.580
223125	0.556
223175	0.528
223225	0.528
223275	0.488
223325	0.464
223375	0.436
223425	0.400
223475	0.368
223525	0.372
223575	0.388
223625	0.416
223675	0.488
223725	0.500
223775	0.540
223825	0.548
223875	0.572
223925	0.552
223975	0.580
224025	0.588
224075	0.592
224125	0.548
224175	0.560
224225	0.564
224275	0.532
224325	0.508
224375	0.552
224425	0.552
224475	0.524
224525	0.516
224575	0.560
224625	0.512
224675	0.492
224725	0.520
224775	0.544
224825	0.504
224875	0.540
224925	0.568
224975	0.540
225025	0.500
225075	0.484
225125	0.452
225175	0.432
225225	0.428
225275	0.464
225325	0.504
225375	0.524
225425	0.496
225475	0.488
225525	0.460
225575	0.440
225625	0.416
225675	0.416
225725	0.416
225775	0.448
225825	0.448
225875	0.432
225925	0.440
225975	0.456
226025	0.444
226075	0.444
226125	0.496
226175	0.484
226225	0.464
226275	0.440
226325	0.400
226375	0.396
226425	0.432
226475	0.440
226525	0.424
226575	0.464
226625	0.472
226675	0.428
226725	0.420
226775	0.444
226825	0.436
226875	0.440
226925	0.480
226975	0.504
227025	0.540
227075	0.580
227125	0.568
227175	0.544
227225	0.520
227275	0.492
227325	0.488
227375	0.500
227425	0.496
227475	0.548
227525	0.572
227575	0.556
227625	0.540
227675	0.572
227725	0.548
227775	0.536
227825	0.548
227875	0.564
227925	0.552
227975	0.560
228025	0.572
228075	0.560
228125	0.556
228175	0.564
228225	0.556
228275	0.560
228325	0.576
228375	0.592
228425	0.596
228475	0.568
228525	0.552
228575	0.536
228625	0.508
228675	0.508
228725	0.540
228775	0.560
228825	0.560
228875	0.556
228925	0.528
228975	0.516
229025	0.480
229075	0.472
229125	0.468
229175	0.444
229225	0.436
229275	0.404
229325	0.380
229375	0.356
229425	0.384
229475	0.388
229525	0.440
229575	0.472
229625	0.504
229675	0.516
229725	0.512
229775	0.504
229825	0.472
229875	0.444
229925	0.448
229975	0.460
230025	0.464
230075	0.488
230125	0.528
230175	0.512
230225	0.500
230275	0.496
230325	0.508
230375	0.492
230425	0.516
230475	0.536
230525	0.524
230575	0.500
230625	0.464
230675	0.420
230725	0.360
230775	0.368
230825	0.384
230875	0.416
230925	0.444
230975	0.500
231025	0.480
231075	0.472
231125	0.504
231175	0.520
231225	0.520
231275	0.528
231325	0.548
231375	0.492
231425	0.488
231475	0.488
231525	0.468
231575	0.468
231625	0.484
231675	0.444
231725	0.420
231775	0.440
231825	0.444
231875	0.448
231925	0.476
231975	0.480
232025	0.496
232075	0.492
232125	0.508
232175	0.472
232225	0.464
232275	0.444
232325	0.416
232375	0.412
232425	0.440
232475	0.428
232525	0.448
232575	0.436
232625	0.452
232675	0.428
232725	0.452
232775	0.440
232825	0.420
232875	0.384
232925	0.388
232975	0.364
233025	0.384
233075	0.408
233125	0.424
233175	0.432
233225	0.448
233275	0.428
233325	0.444
233375	0.452
233425	0.480
233475	0.488
233525	0.484
233575	0.472
233625	0.492
233675	0.472
233725	0.484
233775	0.512
233825	0.516
233875	0.516
233925	0.544
233975	0.548
234025	0.548
234075	0.568
234125	0.568
234175	0.560
234225	0.540
234275	0.516
234325	0.504
234375	0.436
234425	0.424
234475	0.420
234525	0.420
234575	0.448
234625	0.496
234675	0.488
234725	0.524
234775	0.520
234825	0.468
234875	0.464
234925	0.492
234975	0.460
235025	0.452
235075	0.448
235125	0.452
235175	0.420
235225	0.404
235275	0.448
235325	0.456
235375	0.436
235425	0.424
235475	0.436
235525	0.396
235575	0.396
235625	0.392
235675	0.360
235725	0.344
235775	0.340
235825	0.392
235875	0.408
235925	0.484
235975	0.492
236025	0.512
236075	0.492
236125	0.500
236175	0.484
236225	0.512
236275	0.512
236325	0.528
236375	0.532
236425	0.540
236475	0.552
236525	0.552
236575	0.520
236625	0.504
236675	0.516
236725	0.488
236775	0.480
236825	0.476
236875	0.484
236925	0.472
236975	0.476
237025	0.456
237075	0.468
237125	0.460
237175	0.452
237225	0.448
237275	0.484
237325	0.500
237375	0.496
237425	0.480
237475	0.484
237525	0.472
237575	0.464
237625	0.468
237675	0.464
237725	0.464
237775	0.468
237825	0.452
237875	0.468
237925	0.488
237975	0.488
238025	0.508
238075	0.504
238125	0.480
238175	0.480
238225	0.488
238275	0.472
238325	0.476
238375	0.468
238425	0.484
238475	0.492
238525	0.496
238575	0.516
238625	0.536
238675	0.512
238725	0.504
238775	0.516
238825	0.528
238875	0.544
238925	0.540
238975	0.520
239025	0.500
239075	0.460
239125	0.440
239175	0.456
239225	0.456
239275	0.452
239325	0.472
239375	0.492
239425	0.480
239475	0.468
239525	0.452
239575	0.464
239625	0.456
239675	0.468
239725	0.484
239775	0.532
239825	0.512
239875	0.528
239925	0.512
239975	0.536
240025	0.484
240075	0.484
240125	0.456
240175	0.460
240225	0.428
240275	0.448
240325	0.464
240375	0.460
240425	0.464
240475	0.468
240525	0.472
240575	0.440
240625	0.448
240675	0.464
240725	0.492
240775	0.516
240825	0.548
240875	0.560
240925	0.528
240975	0.508
241025	0.488
241075	0.476
241125	0.460
241175	0.468
241225	0.460
241275	0.432
241325	0.380
241375	0.344
241425	0.360
241475	0.376
241525	0.380
241575	0.412
241625	0.440
241675	0.404
241725	0.404
241775	0.416
241825	0.464
241875	0.476
241925	0.500
241975	0.472
242025	0.508
242075	0.484
242125	0.468
242175	0.488
242225	0.500
242275	0.476
242325	0.484
242375	0.508
242425	0.484
242475	0.476
242525	0.464
242575	0.444
242625	0.436
242675	0.432
242725	0.452
242775	0.468
242825	0.480
242875	0.488
242925	0.504
242975	0.504
243025	0.500
243075	0.512
243125	0.508
243175	0.492
243225	0.476
243275	0.456
243325	0.436
243375	0.448
243425	0.456
243475	0.428
243525	0.432
243575	0.436
243625	0.436
243675	0.420
243725	0.472
243775	0.456
243825	0.428
243875	0.416
243925	0.416
243975	0.408
244025	0.428
244075	0.440
244125	0.444
244175	0.476
244225	0.492
244275	0.468
244325	0.480
244375	0.472
244425	0.444
244475	0.396
244525	0.412
244575	0.416
244625	0.404
244675	0.396
244725	0.420
244775	0.456
244825	0.452
244875	0.484
244925	0.504
244975	0.504
245025	0.468
245075	0.464
245125	0.448
245175	0.456
245225	0.460
245275	0.484
245325	0.476
245375	0.480
245425	0.468
245475	0.456
245525	0.460
245575	0.480
245625	0.452
245675	0.472
245725	0.508
245775	0.492
245825	0.492
245875	0.548
245925	0.544
245975	0.516
246025	0.492
246075	0.484
246125	0.464
246175	0.416
246225	0.400
246275	0.428
246325	0.424
246375	0.400
246425	0.448
246475	0.488
246525	0.472
246575	0.476
246625	0.464
246675	0.464
246725	0.440
246775	0.452
246825	0.460
246875	0.464
246925	0.440
246975	0.444
247025	0.444
247075	0.436
247125	0.444
247175	0.460
247225	0.460
247275	0.472
247325	0.504
247375	0.540
247425	0.540
247475	0.556
247525	0.552
247575	0.516
247625	0.500
247675	0.516
247725	0.516
247775	0.508
247825	0.536
247875	0.544
247925	0.528
247975	0.528
248025	0.548
248075	0.540
248125	0.488
248175	0.456
248225	0.424
248275	0.416
248325	0.408
248375	0.456
248425	0.488
248475	0.544
248525	0.548
248575	0.524
248625	0.524
248675	0.512
248725	0.452
248775	0.404
248825	0.432
248875	0.428
248925	0.448
248975	0.488
249025	0.536
249075	0.532
249125	0.496
249175	0.496
249225	0.516
249275	0.508
249325	0.520
249375	0.516
249425	0.484
249475	0.456
249525	0.456
249575	0.404
249625	0.420
249675	0.452
249725	0.424
249775	0.404
249825	0.428
249875	0.456
249925	0.416
249975	0.400
250025	0.384
250075	0.376
250125	0.328
250175	0.336
250225	0.360
250275	0.368
250325	0.328
250375	0.348
250425	0.364
250475	0.380
250525	0.392
250575	0.440
250625	0.436
250675	0.424
250725	0.424
250775	0.456
250825	0.464
250875	0.500
250925	0.504
250975	0.508
251025	0.468
251075	0.476
251125	0.452
251175	0.480
251225	0.480
251275	0.496
251325	0.512
251375	0.516
251425	0.512
251475	0.524
251525	0.516
251575	0.476
251625	0.492
251675	0.476
251725	0.428
251775	0.444
251825	0.480
251875	0.484
251925	0.508
251975	0.560
252025	0.536
252075	0.500
252125	0.464
252175	0.456
252225	0.432
252275	0.460
252325	0.500
252375	0.524
252425	0.524
252475	0.524
252525	0.520
252575	0.480
252625	0.492
252675	0.472
252725	0.448
252775	0.428
252825	0.456
252875	0.436
252925	0.456
252975	0.464
253025	0.476
253075	0.472
253125	0.456
253175	0.456
253225	0.480
253275	0.472
253325	0.456
253375	0.448
253425	0.460
253475	0.472
253525	0.480
253575	0.504
253625	0.528
253675	0.508
253725	0.468
253775	0.488
253825	0.504
253875	0.504
253925	0.488
253975	0.508
254025	0.504
254075	0.480
254125	0.468
254175	0.500
254225	0.508
254275	0.508
254325	0.488
254375	0.488
254425	0.472
254475	0.464
254525	0.468
254575	0.488
254625	0.500
254675	0.476
254725	0.476
254775	0.480
254825	0.488
254875	0.504
254925	0.548
254975	0.584
255025	0.596
255075	0.628
255125	0.644
255175	0.660
255225	0.640
255275	0.628
255325	0.588
255375	0.564
255425	0.568
255475	0.532
255525	0.520
255575	0.516
255625	0.508
255675	0.480
255725	0.528
255775	0.540
255825	0.548
255875	0.580
255925	0.568
255975	0.548
256025	0.532
256075	0.500
256125	0.436
256175	0.432
256225	0.436
256275	0.448
256325	0.472
256375	0.500
256425	0.488
256475	0.492
256525	0.460
256575	0.464
256625	0.472
256675	0.500
256725	0.492
256775	0.516
256825	0.536
256875	0.536
256925	0.524
256975	0.524
257025	0.524
257075	0.504
257125	0.500
257175	0.496
257225	0.472
257275	0.456
257325	0.440
257375	0.412
257425	0.372
257475	0.380
257525	0.372
257575	0.380
257625	0.372
257675	0.380
257725	0.384
257775	0.388
257825	0.396
257875	0.440
257925	0.452
257975	0.432
258025	0.440
258075	0.432
258125	0.428
258175	0.456
258225	0.448
258275	0.436
258325	0.436
258375	0.432
258425	0.432
258475	0.428
258525	0.436
258575	0.448
258625	0.452
258675	0.444
258725	0.480
258775	0.496
258825	0.496
258875	0.480
258925	0.468
258975	0.464
259025	0.464
259075	0.480
259125	0.508
259175	0.524
259225	0.520
259275	0.504
259325	0.492
259375	0.452
259425	0.440
259475	0.452
259525	0.452
259575	0.456
259625	0.488
259675	0.516
259725	0.524
259775	0.552
259825	0.556
259875	0.560
259925	0.552
259975	0.548
260025	0.540
260075	0.520
260125	0.520
260175	0.516
260225	0.536
260275	0.500
260325	0.500
260375	0.504
260425	0.508
260475	0.508
260525	0.528
260575	0.556
260625	0.552
260675	0.548
260725	0.516
260775	0.524
260825	0.500
260875	0.496
260925	0.512
260975	0.524
261025	0.528
261075	0.540
261125	0.544
261175	0.508
261225	0.468
261275	0.452
261325	0.388
261375	0.348
261425	0.344
261475	0.348
261525	0.360
261575	0.376
261625	0.384
261675	0.404
261725	0.412
261775	0.392
261825	0.408
261875	0.440
261925	0.440
261975	0.444
262025	0.464
262075	0.476
262125	0.464
262175	0.452
262225	0.444
262275	0.436
262325	0.464
262375	0.456
262425	0.480
262475	0.528
262525	0.544
262575	0.524
262625	0.508
262675	0.488
262725	0.464
262775	0.444
262825	0.444
262875	0.468
262925	0.484
262975	0.476
263025	0.472
263075	0.440
263125	0.452
263175	0.484
263225	0.484
263275	0.472
263325	0.488
263375	0.468
263425	0.392
263475	0.408
263525	0.468
263575	0.496
263625	0.532
263675	0.600
263725	0.600
263775	0.588
263825	0.616
263875	0.608
263925	0.580
263975	0.580
264025	0.556
264075	0.516
264125	0.512
264175	0.536
264225	0.540
264275	0.544
264325	0.548
264375	0.540
264425	0.532
264475	0.544
264525	0.548
264575	0.564
264625	0.532
264675	0.508
264725	0.500
264775	0.524
264825	0.504
264875	0.560
264925	0.564
264975	0.556
265025	0.540
265075	0.560
265125	0.536
265175	0.556
265225	0.560
265275	0.560
265325	0.552
265375	0.548
265425	0.528
265475	0.524
265525	0.536
265575	0.528
265625	0.536
265675	0.556
265725	0.556
265775	0.536
265825	0.548
265875	0.552
265925	0.536
265975	0.548
266025	0.548
266075	0.556
266125	0.560
266175	0.588
266225	0.556
266275	0.564
266325	0.512
266375	0.460
266425	0.408
266475	0.408
266525	0.388
266575	0.420
266625	0.460
266675	0.472
266725	0.464
266775	0.468
266825	0.440
266875	0.424
266925	0.436
266975	0.476
267025	0.460
267075	0.476
267125	0.476
267175	0.476
267225	0.436
267275	0.440
267325	0.440
267375	0.440
267425	0.476
267475	0.524
267525	0.548
267575	0.556
267625	0.548
267675	0.540
267725	0.508
267775	0.504
267825	0.488
267875	0.488
267925	0.464
267975	0.440
268025	0.424
268075	0.436
268125	0.452
268175	0.436
268225	0.468
268275	0.480
268325	0.468
268375	0.472
268425	0.484
268475	0.492
268525	0.496
268575	0.500
268625	0.524
268675	0.512
268725	0.500
268775	0.488
268825	0.496
268875	0.464
268925	0.468
268975	0.468
269025	0.476
269075	0.496
269125	0.524
269175	0.528
269225	0.512
269275	0.512
269325	0.496
269375	0.488
269425	0.500
269475	0.488
269525	0.476
269575	0.468
269625	0.460
269675	0.464
269725	0.480
269775	0.480
269825	0.488
269875	0.456
269925	0.436
269975	0.424
270025	0.468
270075	0.472
270125	0.460
270175	0.460
270225	0.504
270275	0.460
270325	0.432
270375	0.472
270425	0.432
270475	0.404
270525	0.396
270575	0.404
270625	0.388
270675	0.444
270725	0.436
270775	0.432
270825	0.468
270875	0.472
270925	0.444
270975	0.460
271025	0.460
271075	0.424
271125	0.420
271175	0.424
271225	0.436
271275	0.456
271325	0.504
271375	0.516
271425	0.508
271475	0.504
271525	0.496
271575	0.424
271625	0.404
271675	0.412
271725	0.400
271775	0.424
271825	0.444
271875	0.456
271925	0.476
271975	0.492
272025	0.480
272075	0.484
272125	0.484
272175	0.480
272225	0.460
272275	0.436
272325	0.428
272375	0.420
272425	0.416
272475	0.420
272525	0.436
272575	0.464
272625	0.492
272675	0.508
272725	0.504
272775	0.476
272825	0.472
272875	0.476
272925	0.432
272975	0.444
273025	0.472
273075	0.456
273125	0.428
273175	0.480
273225	0.464
273275	0.460
273325	0.484
273375	0.492
273425	0.464
273475	0.476
273525	0.492
273575	0.484
273625	0.460
273675	0.468
273725	0.460
273775	0.440
273825	0.428
273875	0.440
273925	0.444
273975	0.416
274025	0.420
274075	0.452
274125	0.452
274175	0.412
274225	0.432
274275	0.440
274325	0.392
274375	0.412
274425	0.452
274475	0.464
274525	0.516
274575	0.548
274625	0.544
274675	0.524
274725	0.524
274775	0.460
274825	0.460
274875	0.452
274925	0.468
274975	0.488
275025	0.516
275075	0.528
275125	0.528
275175	0.500
275225	0.484
275275	0.464
275325	0.464
275375	0.464
275425	0.492
275475	0.496
275525	0.480
275575	0.468
275625	0.496
275675	0.496
275725	0.460
275775	0.456
275825	0.424
275875	0.388
275925	0.376
275975	0.388
276025	0.412
276075	0.428
276125	0.420
276175	0.420
276225	0.444
276275	0.436
276325	0.448
276375	0.464
276425	0.460
276475	0.420
276525	0.408
276575	0.392
276625	0.380
276675	0.404
276725	0.432
276775	0.456
276825	0.476
276875	0.496
276925	0.484
276975	0.488
277025	0.480
277075	0.460
277125	0.448
277175	0.456
277225	0.456
277275	0.464
277325	0.488
277375	0.532
277425	0.520
277475	0.540
277525	0.548
277575	0.548
277625	0.508
277675	0.508
277725	0.488
277775	0.472
277825	0.448
277875	0.444
277925	0.448
277975	0.456
278025	0.476
278075	0.464
278125	0.480
278175	0.500
278225	0.504
278275	0.484
278325	0.484
278375	0.476
278425	0.448
278475	0.440
278525	0.444
278575	0.460
278625	0.472
278675	0.476
278725	0.508
278775	0.508
278825	0.516
278875	0.516
278925	0.516
278975	0.500
279025	0.500
279075	0.492
279125	0.456
279175	0.452
279225	0.436
279275	0.432
279325	0.452
279375	0.492
279425	0.512
279475	0.516
279525	0.520
279575	0.488
279625	0.480
279675	0.484
279725	0.464
279775	0.444
279825	0.456
279875	0.448
279925	0.420
279975	0.436
280025	0.448
280075	0.468
280125	0.480
280175	0.496
280225	0.472
280275	0.484
280325	0.484
280375	0.452
280425	0.460
280475	0.488
280525	0.484
280575	0.468
280625	0.488
280675	0.480
280725	0.500
280775	0.504
280825	0.508
280875	0.516
280925	0.516
280975	0.504
281025	0.488
281075	0.484
281125	0.500
281175	0.492
281225	0.476
281275	0.492
281325	0.516
281375	0.500
281425	0.520
281475	0.564
281525	0.552
281575	0.544
281625	0.552
281675	0.544
281725	0.520
281775	0.540
281825	0.516
281875	0.504
281925	0.480
281975	0.468
282025	0.428
282075	0.420
282125	0.400
282175	0.448
282225	0.424
282275	0.440
282325	0.460
282375	0.484
282425	0.460
282475	0.488
282525	0.488
282575	0.492
282625	0.496
282675	0.500
282725	0.508
282775	0.516
282825	0.536
282875	0.560
282925	0.576
282975	0.564
283025	0.540
283075	0.516
283125	0.468
283175	0.444
283225	0.456
283275	0.480
283325	0.488
283375	0.480
283425	0.456
283475	0.408
283525	0.388
283575	0.384
283625	0.424
283675	0.428
283725	0.468
283775	0.496
283825	0.492
283875	0.476
283925	0.500
283975	0.500
284025	0.504
284075	0.492
284125	0.480
284175	0.460
284225	0.456
284275	0.444
284325	0.420
284375	0.420
284425	0.440
284475	0.412
284525	0.416
284575	0.456
284625	0.436
284675	0.408
284725	0.416
284775	0.412
284825	0.388
284875	0.412
284925	0.428
284975	0.436
285025	0.432
285075	0.456
285125	0.476
285175	0.460
285225	0.476
285275	0.480
285325	0.460
285375	0.420
285425	0.428
285475	0.420
285525	0.432
285575	0.444
285625	0.444
285675	0.436
285725	0.408
285775	0.400
285825	0.408
285875	0.436
285925	0.452
285975	0.468
286025	0.444
286075	0.460
286125	0.432
286175	0.428
286225	0.424
286275	0.464
286325	0.456
286375	0.488
286425	0.476
286475	0.480
286525	0.460
286575	0.432
286625	0.440
286675	0.460
286725	0.468
286775	0.428
286825	0.440
286875	0.436
286925	0.404
286975	0.404
287025	0.452
287075	0.428
287125	0.436
287175	0.476
287225	0.480
287275	0.504
287325	0.544
287375	0.528
287425	0.508
287475	0.504
287525	0.444
287575	0.400
287625	0.392
287675	0.384
287725	0.364
287775	0.396
287825	0.424
287875	0.432
287925	0.428
287975	0.464
288025	0.464
288075	0.484
288125	0.472
288175	0.488
288225	0.460
288275	0.448
288325	0.404
288375	0.420
288425	0.420
288475	0.440
288525	0.428
288575	0.444
288625	0.444
288675	0.464
288725	0.464
288775	0.476
288825	0.504
288875	0.524
288925	0.524
288975	0.524
289025	0.556
289075	0.556
289125	0.528
289175	0.524
289225	0.516
289275	0.492
289325	0.476
289375	0.472
289425	0.460
289475	0.444
289525	0.436
289575	0.428
289625	0.448
289675	0.464
289725	0.504
289775	0.516
289825	0.556
289875	0.544
289925	0.528
289975	0.504
290025	0.532
290075	0.492
290125	0.488
290175	0.496
290225	0.516
290275	0.480
290325	0.480
290375	0.476
290425	0.472
290475	0.456
290525	0.448
290575	0.424
290625	0.424
290675	0.432
290725	0.412
290775	0.420
290825	0.444
290875	0.424
290925	0.384
290975	0.400
291025	0.396
291075	0.404
291125	0.424
291175	0.448
291225	0.444
291275	0.472
291325	0.488
291375	0.520
291425	0.544
291475	0.556
291525	0.544
291575	0.540
291625	0.532
291675	0.520
291725	0.508
291775	0.516
291825	0.524
291875	0.520
291925	0.520
291975	0.556
292025	0.540
292075	0.524
292125	0.516
292175	0.512
292225	0.460
292275	0.448
292325	0.448
292375	0.440
292425	0.380
292475	0.392
292525	0.408
292575	0.380
292625	0.368
292675	0.412
292725	0.432
292775	0.420
292825	0.436
292875	0.456
292925	0.456
292975	0.436
293025	0.444
293075	0.468
293125	0.448
293175	0.480
293225	0.496
293275	0.492
293325	0.472
293375	0.480
293425	0.464
293475	0.444
293525	0.480
293575	0.484
293625	0.472
293675	0.444
293725	0.440
293775	0.396
293825	0.360
293875	0.380
293925	0.404
293975	0.412
294025	0.424
294075	0.456
294125	0.444
294175	0.424
294225	0.420
294275	0.416
294325	0.396
294375	0.392
294425	0.400
294475	0.408
294525	0.408
294575	0.448
294625	0.460
294675	0.480
294725	0.472
294775	0.440
294825	0.392
294875	0.384
294925	0.376
294975	0.384
295025	0.412
295075	0.432
295125	0.436
295175	0.432
295225	0.456
295275	0.480
295325	0.468
295375	0.472
295425	0.488
295475	0.492
295525	0.500
295575	0.520
295625	0.520
295675	0.512
295725	0.488
295775	0.464
295825	0.452
295875	0.448
295925	0.436
295975	0.420
296025	0.408
296075	0.424
296125	0.424
296175	0.404
296225	0.396
296275	0.392
296325	0.388
296375	0.392
296425	0.392
296475	0.412
296525	0.412
296575	0.376
296625	0.380
296675	0.380
296725	0.392
296775	0.384
296825	0.376
296875	0.336
296925	0.360
296975	0.344
297025	0.368
297075	0.408
297125	0.436
297175	0.452
297225	0.472
297275	0.468
297325	0.460
297375	0.460
297425	0.456
297475	0.412
297525	0.404
297575	0.404
297625	0.404
297675	0.380
297725	0.372
297775	0.376
297825	0.372
297875	0.396
297925	0.436
297975	0.456
298025	0.456
298075	0.484
298125	0.460
298175	0.420
298225	0.392
298275	0.388
298325	0.392
298375	0.396
298425	0.428
298475	0.448
298525	0.444
298575	0.436
298625	0.444
298675	0.424
298725	0.440
298775	0.440
298825	0.432
298875	0.392
298925	0.376
298975	0.376
299025	0.380
299075	0.344
299125	0.384
299175	0.400
299225	0.372
299275	0.360
299325	0.408
299375	0.436
299425	0.484
299475	0.528
299525	0.556
299575	0.568
299625	0.524
299675	0.496
299725	0.508
299775	0.520
299825	0.516
299875	0.552
299925	0.528
299975	0.496
300025	0.500
300075	0.492
300125	0.476
300175	0.508
300225	0.568
300275	0.548
300325	0.540
300375	0.536
300425	0.512
300475	0.456
300525	0.468
300575	0.480
300625	0.476
300675	0.508
300725	0.548
300775	0.540
300825	0.512
300875	0.484
300925	0.456
300975	0.412
301025	0.384
301075	0.388
301125	0.448
301175	0.464
301225	0.432
301275	0.364
301325	0.304
301375	0.204
301425	0.108
301475	0.064
301525	0.092
301575	0.072
301625	0.060
301675	0.112
301725	0.208
301775	0.264
301825	0.344
301875	0.408
301925	0.412
301975	0.384
302025	0.384
302075	0.372
302125	0.368
302175	0.392
302225	0.384
302275	0.412
302325	0.420
302375	0.420
302425	0.404
302475	0.436
302525	0.408
302575	0.396
302625	0.444
302675	0.468
302725	0.464
302775	0.476
302825	0.480
302875	0.448
302925	0.448
302975	0.444
303025	0.436
303075	0.484
303125	0.480
303175	0.472
303225	0.476
303275	0.468
303325	0.456
303375	0.488
303425	0.496
303475	0.496
303525	0.504
303575	0.464
303625	0.444
303675	0.432
303725	0.436
303775	0.448
303825	0.480
303875	0.464
303925	0.480
303975	0.484
304025	0.472
304075	0.472
304125	0.476
304175	0.480
304225	0.472
304275	0.472
304325	0.492
304375	0.516
304425	0.528
304475	0.544
304525	0.532
304575	0.488
304625	0.492
304675	0.456
304725	0.444
304775	0.444
304825	0.468
304875	0.448
304925	0.468
304975	0.484
305025	0.492
305075	0.492
305125	0.520
305175	0.508
305225	0.512
305275	0.548
305325	0.524
305375	0.512
305425	0.528
305475	0.484
305525	0.432
305575	0.420
305625	0.404
305675	0.408
305725	0.444
305775	0.436
305825	0.460
305875	0.480
305925	0.472
305975	0.460
306025	0.508
306075	0.544
306125	0.532
306175	0.536
306225	0.536
306275	0.536
306325	0.520
306375	0.524
306425	0.512
306475	0.536
306525	0.516
306575	0.488
306625	0.468
306675	0.456
306725	0.444
306775	0.408
306825	0.404
306875	0.424
306925	0.444
306975	0.420
307025	0.464
307075	0.456
307125	0.444
307175	0.468
307225	0.476
307275	0.480
307325	0.512
307375	0.536
307425	0.540
307475	0.568
307525	0.612
307575	0.644
307625	0.664
307675	0.652
307725	0.672
307775	0.656
307825	0.656
307875	0.648
307925	0.640
307975	0.636
308025	0.632
308075	0.632
308125	0.628
308175	0.608
308225	0.596
308275	0.564
308325	0.548
308375	0.544
308425	0.568
308475	0.584
308525	0.624
308575	0.600
308625	0.580
308675	0.572
308725	0.548
308775	0.532
308825	0.568
308875	0.576
308925	0.552
308975	0.568
309025	0.576
309075	0.564
309125	0.572
309175	0.584
309225	0.580
309275	0.540
309325	0.516
309375	0.468
309425	0.472
309475	0.476
309525	0.504
309575	0.476
309625	0.520
309675	0.520
309725	0.504
309775	0.488
309825	0.512
309875	0.480
309925	0.464
309975	0.472
310025	0.484
310075	0.516
310125	0.516
310175	0.520
310225	0.504
310275	0.496
310325	0.484
310375	0.536
310425	0.544
310475	0.556
310525	0.556
310575	0.552
310625	0.516
310675	0.520
310725	0.512
310775	0.500
310825	0.496
310875	0.496
310925	0.512
310975	0.520
311025	0.556
311075	0.552
311125	0.552
311175	0.524
311225	0.504
311275	0.496
311325	0.500
311375	0.504
311425	0.544
311475	0.540
311525	0.504
311575	0.500
311625	0.504
311675	0.484
311725	0.520
311775	0.512
311825	0.540
311875	0.544
311925	0.516
311975	0.480
312025	0.508
312075	0.480
312125	0.484
312175	0.500
312225	0.512
312275	0.516
312325	0.552
312375	0.552
312425	0.552
312475	0.544
312525	0.544
312575	0.508
312625	0.496
312675	0.512
312725	0.524
312775	0.536
312825	0.556
312875	0.568
312925	0.572
312975	0.572
313025	0.556
313075	0.564
313125	0.584
313175	0.588
313225	0.608
313275	0.604
313325	0.584
313375	0.552
313425	0.548
313475	0.564
313525	0.608
313575	0.624
313625	0.652
313675	0.640
313725	0.612
313775	0.572
313825	0.564
313875	0.556
313925	0.548
313975	0.548
314025	0.560
314075	0.520
314125	0.472
314175	0.420
314225	0.392
314275	0.364
314325	0.388
314375	0.384
314425	0.412
314475	0.396
314525	0.384
314575	0.372
314625	0.376
314675	0.392
314725	0.428
314775	0.468
314825	0.488
314875	0.512
314925	0.524
314975	0.504
315025	0.476
315075	0.472
315125	0.480
315175	0.464
315225	0.464
315275	0.476
315325	0.468
315375	0.456
315425	0.452
315475	0.460
315525	0.456
315575	0.464
315625	0.476
315675	0.484
315725	0.480
315775	0.480
315825	0.468
315875	0.452
315925	0.480
315975	0.496
316025	0.492
316075	0.508
316125	0.512
316175	0.504
316225	0.508
316275	0.512
316325	0.520
316375	0.540
316425	0.504
316475	0.496
316525	0.496
316575	0.472
316625	0.436
316675	0.436
316725	0.416
316775	0.428
316825	0.424
316875	0.456
316925	0.480
316975	0.472
317025	0.460
317075	0.456
317125	0.428
317175	0.424
317225	0.440
317275	0.432
317325	0.460
317375	0.464
317425	0.440
317475	0.400
317525	0.416
317575	0.404
317625	0.416
317675	0.420
317725	0.460
317775	0.464
317825	0.440
317875	0.424
317925	0.432
317975	0.424
318025	0.404
318075	0.396
318125	0.396
318175	0.384
318225	0.376
318275	0.376
318325	0.396
318375	0.396
318425	0.412
318475	0.424
318525	0.432
318575	0.440
318625	0.460
318675	0.456
318725	0.480
318775	0.480
318825	0.464
318875	0.440
318925	0.432
318975	0.416
319025	0.436
319075	0.468
319125	0.484
319175	0.496
319225	0.484
319275	0.476
319325	0.480
319375	0.472
319425	0.464
319475	0.496
319525	0.476
319575	0.480
319625	0.476
319675	0.488
319725	0.476
319775	0.500
319825	0.488
319875	0.520
319925	0.512
319975	0.516
320025	0.492
320075	0.496
320125	0.476
320175	0.512
320225	0.504
320275	0.536
320325	0.516
320375	0.508
320425	0.476
320475	0.488
320525	0.460
320575	0.448
320625	0.476
320675	0.492
320725	0.476
320775	0.464
320825	0.492
320875	0.480
320925	0.452
320975	0.424
321025	0.444
321075	0.456
321125	0.436
321175	0.432
321225	0.444
321275	0.416
321325	0.376
321375	0.352
321425	0.368
321475	0.372
321525	0.388
321575	0.396
321625	0.420
321675	0.432
321725	0.448
321775	0.456
321825	0.460
321875	0.444
321925	0.424
321975	0.400
322025	0.392
322075	0.396
322125	0.396
322175	0.380
322225	0.384
322275	0.400
322325	0.416
322375	0.436
322425	0.460
322475	0.456
322525	0.436
322575	0.452
322625	0.476
322675	0.504
322725	0.520
322775	0.524
322825	0.516
322875	0.508
322925	0.488
322975	0.460
323025	0.488
323075	0.496
323125	0.528
323175	0.544
323225	0.612
323275	0.616
323325	0.616
323375	0.600
323425	0.592
323475	0.576
323525	0.588
323575	0.556
323625	0.556
323675	0.548
323725	0.520
323775	0.464
323825	0.456
323875	0.420
323925	0.408
323975	0.400
324025	0.400
324075	0.404
324125	0.420
324175	0.432
324225	0.428
324275	0.444
324325	0.460
324375	0.444
324425	0.440
324475	0.440
324525	0.464
324575	0.464
324625	0.484
324675	0.496
324725	0.536
324775	0.524
324825	0.540
324875	0.556
324925	0.556
324975	0.552
325025	0.556
325075	0.516
325125	0.476
325175	0.452
325225	0.424
325275	0.404
325325	0.400
325375	0.412
325425	0.428
325475	0.444
325525	0.436
325575	0.440
325625	0.440
325675	0.436
325725	0.412
325775	0.388
325825	0.396
325875	0.404
325925	0.412
325975	0.412
326025	0.440
326075	0.460
326125	0.468
326175	0.456
326225	0.464
326275	0.464
326325	0.436
326375	0.456
326425	0.452
326475	0.484
326525	0.492
326575	0.512
326625	0.476
326675	0.484
326725	0.464
326775	0.472
326825	0.452
326875	0.456
326925	0.452
326975	0.436
327025	0.420
327075	0.424
327125	0.412
327175	0.432
327225	0.468
327275	0.460
327325	0.452
327375	0.448
327425	0.436
327475	0.400
327525	0.392
327575	0.400
327625	0.408
327675	0.428
327725	0.432
327775	0.464
327825	0.460
327875	0.460
327925	0.412
327975	0.408
328025	0.396
328075	0.400
328125	0.408
328175	0.432
328225	0.464
328275	0.460
328325	0.456
328375	0.436
328425	0.432
328475	0.396
328525	0.404
328575	0.428
328625	0.460
328675	0.464
328725	0.476
328775	0.468
328825	0.456
328875	0.460
328925	0.456
328975	0.480
329025	0.496
329075	0.484
329125	0.452
329175	0.448
329225	0.432
329275	0.396
329325	0.400
329375	0.424
329425	0.428
329475	0.416
329525	0.444
329575	0.444
329625	0.416
329675	0.432
329725	0.448
329775	0.444
329825	0.416
329875	0.440
329925	0.404
329975	0.352
330025	0.284
330075	0.300
330125	0.256
330175	0.236
330225	0.212
330275	0.224
330325	0.196
330375	0.168
330425	0.144
330475	0.152
330525	0.144
330575	0.132
330625	0.120
330675	0.120
330725	0.108
330775	0.128
330825	0.132
330875	0.152
330925	0.156
330975	0.160
331025	0.148
331075	0.216
331125	0.284
331175	0.328
331225	0.416
331275	0.532
331325	0.552
331375	0.556
331425	0.596
331475	0.572
331525	0.524
331575	0.516
331625	0.504
331675	0.496
331725	0.516
331775	0.536
331825	0.520
331875	0.528
331925	0.532
331975	0.528
332025	0.528
332075	0.524
332125	0.528
332175	0.556
332225	0.580
332275	0.592
332325	0.588
332375	0.576
332425	0.544
