Position	Percent G+C 1 .. 111678
125	0.072
175	0.060
225	0.076
275	0.084
325	0.096
375	0.112
425	0.120
475	0.120
525	0.116
575	0.148
625	0.152
675	0.144
725	0.120
775	0.104
825	0.060
875	0.044
925	0.020
975	0.032
1025	0.036
1075	0.036
1125	0.032
1175	0.032
1225	0.020
1275	0.016
1325	0.020
1375	0.060
1425	0.088
1475	0.116
1525	0.132
1575	0.148
1625	0.112
1675	0.148
1725	0.196
1775	0.224
1825	0.300
1875	0.364
1925	0.392
1975	0.376
2025	0.424
2075	0.412
2125	0.412
2175	0.396
2225	0.408
2275	0.352
2325	0.340
2375	0.328
2425	0.348
2475	0.344
2525	0.396
2575	0.420
2625	0.460
2675	0.476
2725	0.516
2775	0.544
2825	0.556
2875	0.572
2925	0.588
2975	0.576
3025	0.568
3075	0.568
3125	0.540
3175	0.512
3225	0.512
3275	0.512
3325	0.516
3375	0.532
3425	0.524
3475	0.532
3525	0.512
3575	0.484
3625	0.492
3675	0.488
3725	0.468
3775	0.476
3825	0.496
3875	0.488
3925	0.500
3975	0.544
4025	0.564
4075	0.576
4125	0.588
4175	0.584
4225	0.580
4275	0.596
4325	0.588
4375	0.556
4425	0.580
4475	0.568
4525	0.552
4575	0.536
4625	0.560
4675	0.544
4725	0.540
4775	0.540
4825	0.540
4875	0.544
4925	0.556
4975	0.560
5025	0.556
5075	0.560
5125	0.552
5175	0.552
5225	0.524
5275	0.516
5325	0.520
5375	0.520
5425	0.512
5475	0.548
5525	0.560
5575	0.568
5625	0.560
5675	0.552
5725	0.544
5775	0.544
5825	0.532
5875	0.528
5925	0.536
5975	0.524
6025	0.508
6075	0.524
6125	0.540
6175	0.552
6225	0.552
6275	0.584
6325	0.580
6375	0.580
6425	0.572
6475	0.576
6525	0.552
6575	0.544
6625	0.544
6675	0.528
6725	0.544
6775	0.520
6825	0.532
6875	0.500
6925	0.496
6975	0.468
7025	0.472
7075	0.456
7125	0.468
7175	0.484
7225	0.476
7275	0.472
7325	0.460
7375	0.500
7425	0.468
7475	0.480
7525	0.480
7575	0.480
7625	0.452
7675	0.472
7725	0.484
7775	0.512
7825	0.560
7875	0.576
7925	0.596
7975	0.576
8025	0.544
8075	0.500
8125	0.448
8175	0.412
8225	0.424
8275	0.452
8325	0.460
8375	0.508
8425	0.560
8475	0.572
8525	0.576
8575	0.608
8625	0.564
8675	0.520
8725	0.512
8775	0.488
8825	0.448
8875	0.492
8925	0.508
8975	0.524
9025	0.552
9075	0.560
9125	0.548
9175	0.560
9225	0.536
9275	0.528
9325	0.544
9375	0.560
9425	0.540
9475	0.540
9525	0.532
9575	0.508
9625	0.480
9675	0.500
9725	0.488
9775	0.448
9825	0.448
9875	0.464
9925	0.472
9975	0.480
10025	0.548
10075	0.576
10125	0.560
10175	0.528
10225	0.512
10275	0.472
10325	0.440
10375	0.448
10425	0.424
10475	0.428
10525	0.424
10575	0.400
10625	0.412
10675	0.412
10725	0.436
10775	0.452
10825	0.496
10875	0.488
10925	0.508
10975	0.508
11025	0.504
11075	0.492
11125	0.488
11175	0.512
11225	0.476
11275	0.488
11325	0.500
11375	0.496
11425	0.500
11475	0.536
11525	0.544
11575	0.524
11625	0.532
11675	0.512
11725	0.488
11775	0.472
11825	0.500
11875	0.508
11925	0.516
11975	0.512
12025	0.524
12075	0.512
12125	0.492
12175	0.496
12225	0.516
12275	0.488
12325	0.480
12375	0.472
12425	0.444
12475	0.476
12525	0.492
12575	0.500
12625	0.516
12675	0.536
12725	0.508
12775	0.524
12825	0.552
12875	0.576
12925	0.580
12975	0.608
13025	0.584
13075	0.564
13125	0.556
13175	0.568
13225	0.564
13275	0.596
13325	0.612
13375	0.624
13425	0.624
13475	0.624
13525	0.616
13575	0.612
13625	0.616
13675	0.624
13725	0.592
13775	0.584
13825	0.548
13875	0.476
13925	0.416
13975	0.388
14025	0.352
14075	0.344
14125	0.376
14175	0.376
14225	0.384
14275	0.384
14325	0.420
14375	0.456
14425	0.504
14475	0.540
14525	0.568
14575	0.556
14625	0.544
14675	0.532
14725	0.520
14775	0.536
14825	0.552
14875	0.544
14925	0.576
14975	0.596
15025	0.592
15075	0.576
15125	0.556
15175	0.512
15225	0.480
15275	0.464
15325	0.496
15375	0.520
15425	0.528
15475	0.536
15525	0.548
15575	0.520
15625	0.524
15675	0.548
15725	0.568
15775	0.568
15825	0.588
15875	0.572
15925	0.592
15975	0.584
16025	0.604
16075	0.588
16125	0.592
16175	0.568
16225	0.576
16275	0.568
16325	0.564
16375	0.580
16425	0.544
16475	0.520
16525	0.476
16575	0.444
16625	0.424
16675	0.452
16725	0.468
16775	0.492
16825	0.524
16875	0.484
16925	0.436
16975	0.424
17025	0.412
17075	0.376
17125	0.432
17175	0.500
17225	0.552
17275	0.544
17325	0.560
17375	0.544
17425	0.508
17475	0.460
17525	0.460
17575	0.472
17625	0.472
17675	0.476
17725	0.496
17775	0.516
17825	0.524
17875	0.536
17925	0.568
17975	0.556
18025	0.548
18075	0.528
18125	0.528
18175	0.492
18225	0.492
18275	0.488
18325	0.460
18375	0.420
18425	0.428
18475	0.424
18525	0.428
18575	0.460
18625	0.492
18675	0.488
18725	0.484
18775	0.496
18825	0.508
18875	0.508
18925	0.508
18975	0.496
19025	0.476
19075	0.468
19125	0.468
19175	0.468
19225	0.480
19275	0.492
19325	0.524
19375	0.528
19425	0.552
19475	0.560
19525	0.548
19575	0.544
19625	0.528
19675	0.516
19725	0.508
19775	0.524
19825	0.540
19875	0.564
19925	0.548
19975	0.576
20025	0.596
20075	0.568
20125	0.560
20175	0.588
20225	0.556
20275	0.528
20325	0.508
20375	0.516
20425	0.500
20475	0.444
20525	0.432
20575	0.444
20625	0.444
20675	0.464
20725	0.540
20775	0.564
20825	0.580
20875	0.584
20925	0.576
20975	0.580
21025	0.584
21075	0.576
21125	0.560
21175	0.552
21225	0.504
21275	0.476
21325	0.444
21375	0.400
21425	0.404
21475	0.452
21525	0.460
21575	0.492
21625	0.500
21675	0.464
21725	0.432
21775	0.424
21825	0.424
21875	0.456
21925	0.472
21975	0.480
22025	0.524
22075	0.536
22125	0.564
22175	0.576
22225	0.572
22275	0.524
22325	0.456
22375	0.432
22425	0.416
22475	0.408
22525	0.424
22575	0.424
22625	0.396
22675	0.392
22725	0.424
22775	0.436
22825	0.484
22875	0.528
22925	0.548
22975	0.512
23025	0.520
23075	0.548
23125	0.532
23175	0.536
23225	0.592
23275	0.624
23325	0.628
23375	0.624
23425	0.624
23475	0.612
23525	0.564
23575	0.540
23625	0.552
23675	0.560
23725	0.512
23775	0.516
23825	0.508
23875	0.536
23925	0.512
23975	0.556
24025	0.596
24075	0.596
24125	0.544
24175	0.568
24225	0.532
24275	0.480
24325	0.460
24375	0.480
24425	0.444
24475	0.452
24525	0.444
24575	0.444
24625	0.416
24675	0.424
24725	0.436
24775	0.448
24825	0.444
24875	0.448
24925	0.456
24975	0.448
25025	0.472
25075	0.520
25125	0.552
25175	0.560
25225	0.592
25275	0.600
25325	0.588
25375	0.596
25425	0.608
25475	0.576
25525	0.572
25575	0.580
25625	0.568
25675	0.572
25725	0.580
25775	0.572
25825	0.572
25875	0.564
25925	0.572
25975	0.588
26025	0.568
26075	0.568
26125	0.576
26175	0.568
26225	0.556
26275	0.552
26325	0.524
26375	0.496
26425	0.468
26475	0.480
26525	0.512
26575	0.532
26625	0.560
26675	0.584
26725	0.584
26775	0.564
26825	0.580
26875	0.568
26925	0.552
26975	0.532
27025	0.548
27075	0.528
27125	0.536
27175	0.548
27225	0.560
27275	0.568
27325	0.572
27375	0.568
27425	0.536
27475	0.564
27525	0.540
27575	0.548
27625	0.556
27675	0.576
27725	0.544
27775	0.568
27825	0.568
27875	0.580
27925	0.612
27975	0.616
28025	0.596
28075	0.556
28125	0.536
28175	0.528
28225	0.532
28275	0.536
28325	0.564
28375	0.584
28425	0.568
28475	0.564
28525	0.552
28575	0.556
28625	0.552
28675	0.560
28725	0.532
28775	0.540
28825	0.524
28875	0.496
28925	0.488
28975	0.504
29025	0.520
29075	0.504
29125	0.524
29175	0.544
29225	0.572
29275	0.564
29325	0.588
29375	0.592
29425	0.576
29475	0.548
29525	0.540
29575	0.516
29625	0.484
29675	0.456
29725	0.452
29775	0.428
29825	0.428
29875	0.436
29925	0.440
29975	0.436
30025	0.420
30075	0.424
30125	0.420
30175	0.412
30225	0.428
30275	0.452
30325	0.436
30375	0.436
30425	0.444
30475	0.412
30525	0.396
30575	0.424
30625	0.408
30675	0.416
30725	0.436
30775	0.480
30825	0.472
30875	0.480
30925	0.472
30975	0.472
31025	0.488
31075	0.480
31125	0.520
31175	0.548
31225	0.552
31275	0.512
31325	0.520
31375	0.488
31425	0.492
31475	0.492
31525	0.500
31575	0.516
31625	0.508
31675	0.492
31725	0.508
31775	0.508
31825	0.488
31875	0.508
31925	0.516
31975	0.524
32025	0.532
32075	0.540
32125	0.548
32175	0.536
32225	0.512
32275	0.520
32325	0.516
32375	0.532
32425	0.536
32475	0.564
32525	0.584
32575	0.600
32625	0.592
32675	0.592
32725	0.548
32775	0.496
32825	0.492
32875	0.480
32925	0.496
32975	0.504
33025	0.512
33075	0.524
33125	0.500
33175	0.484
33225	0.496
33275	0.492
33325	0.500
33375	0.512
33425	0.488
33475	0.500
33525	0.540
33575	0.536
33625	0.580
33675	0.616
33725	0.604
33775	0.604
33825	0.572
33875	0.556
33925	0.524
33975	0.512
34025	0.480
34075	0.472
34125	0.452
34175	0.488
34225	0.476
34275	0.472
34325	0.488
34375	0.476
34425	0.448
34475	0.472
34525	0.468
34575	0.468
34625	0.472
34675	0.456
34725	0.436
34775	0.424
34825	0.392
34875	0.380
34925	0.396
34975	0.384
35025	0.396
35075	0.404
35125	0.432
35175	0.428
35225	0.428
35275	0.424
35325	0.436
35375	0.424
35425	0.436
35475	0.472
35525	0.480
35575	0.480
35625	0.460
35675	0.472
35725	0.464
35775	0.496
35825	0.508
35875	0.516
35925	0.524
35975	0.520
36025	0.496
36075	0.492
36125	0.504
36175	0.464
36225	0.452
36275	0.432
36325	0.396
36375	0.392
36425	0.416
36475	0.404
36525	0.452
36575	0.520
36625	0.548
36675	0.528
36725	0.548
36775	0.524
36825	0.480
36875	0.472
36925	0.496
36975	0.496
37025	0.492
37075	0.528
37125	0.536
37175	0.516
37225	0.528
37275	0.504
37325	0.492
37375	0.452
37425	0.484
37475	0.476
37525	0.496
37575	0.488
37625	0.500
37675	0.468
37725	0.460
37775	0.468
37825	0.464
37875	0.460
37925	0.504
37975	0.500
38025	0.484
38075	0.488
38125	0.508
38175	0.448
38225	0.448
38275	0.440
38325	0.408
38375	0.372
38425	0.384
38475	0.392
38525	0.420
38575	0.472
38625	0.484
38675	0.472
38725	0.504
38775	0.500
38825	0.504
38875	0.524
38925	0.548
38975	0.556
39025	0.560
39075	0.540
39125	0.548
39175	0.572
39225	0.536
39275	0.552
39325	0.552
39375	0.560
39425	0.552
39475	0.560
39525	0.556
39575	0.560
39625	0.552
39675	0.540
39725	0.552
39775	0.532
39825	0.544
39875	0.544
39925	0.556
39975	0.544
40025	0.536
40075	0.520
40125	0.504
40175	0.476
40225	0.464
40275	0.472
40325	0.468
40375	0.468
40425	0.476
40475	0.504
40525	0.464
40575	0.460
40625	0.448
40675	0.420
40725	0.392
40775	0.432
40825	0.432
40875	0.448
40925	0.464
40975	0.500
41025	0.500
41075	0.516
41125	0.524
41175	0.580
41225	0.560
41275	0.588
41325	0.600
41375	0.588
41425	0.544
41475	0.560
41525	0.520
41575	0.500
41625	0.512
41675	0.512
41725	0.484
41775	0.512
41825	0.520
41875	0.532
41925	0.588
41975	0.604
42025	0.596
42075	0.616
42125	0.624
42175	0.580
42225	0.568
42275	0.572
42325	0.544
42375	0.544
42425	0.536
42475	0.532
42525	0.524
42575	0.524
42625	0.492
42675	0.464
42725	0.452
42775	0.408
42825	0.380
42875	0.392
42925	0.432
42975	0.468
43025	0.488
43075	0.500
43125	0.496
43175	0.492
43225	0.488
43275	0.504
43325	0.516
43375	0.524
43425	0.528
43475	0.524
43525	0.552
43575	0.556
43625	0.556
43675	0.584
43725	0.556
43775	0.508
43825	0.512
43875	0.480
43925	0.424
43975	0.428
44025	0.464
44075	0.460
44125	0.464
44175	0.456
44225	0.460
44275	0.432
44325	0.424
44375	0.424
44425	0.444
44475	0.460
44525	0.460
44575	0.460
44625	0.420
44675	0.448
44725	0.436
44775	0.448
44825	0.424
44875	0.496
44925	0.508
44975	0.500
45025	0.512
45075	0.552
45125	0.528
45175	0.496
45225	0.508
45275	0.500
45325	0.488
45375	0.484
45425	0.468
45475	0.476
45525	0.468
45575	0.456
45625	0.468
45675	0.468
45725	0.472
45775	0.476
45825	0.520
45875	0.524
45925	0.536
45975	0.524
46025	0.524
46075	0.492
46125	0.488
46175	0.472
46225	0.472
46275	0.420
46325	0.396
46375	0.388
46425	0.384
46475	0.352
46525	0.380
46575	0.412
46625	0.432
46675	0.452
46725	0.492
46775	0.516
46825	0.520
46875	0.516
46925	0.516
46975	0.516
47025	0.520
47075	0.532
47125	0.516
47175	0.512
47225	0.520
47275	0.492
47325	0.480
47375	0.480
47425	0.504
47475	0.484
47525	0.528
47575	0.508
47625	0.524
47675	0.528
47725	0.536
47775	0.544
47825	0.560
47875	0.552
47925	0.512
47975	0.516
48025	0.484
48075	0.460
48125	0.460
48175	0.488
48225	0.484
48275	0.472
48325	0.452
48375	0.432
48425	0.408
48475	0.372
48525	0.392
48575	0.436
48625	0.452
48675	0.456
48725	0.456
48775	0.460
48825	0.468
48875	0.460
48925	0.492
48975	0.532
49025	0.524
49075	0.528
49125	0.572
49175	0.556
49225	0.540
49275	0.544
49325	0.528
49375	0.512
49425	0.500
49475	0.508
49525	0.508
49575	0.508
49625	0.508
49675	0.500
49725	0.504
49775	0.496
49825	0.500
49875	0.484
49925	0.504
49975	0.484
50025	0.488
50075	0.476
50125	0.476
50175	0.472
50225	0.496
50275	0.480
50325	0.472
50375	0.480
50425	0.488
50475	0.500
50525	0.504
50575	0.516
50625	0.508
50675	0.500
50725	0.496
50775	0.500
50825	0.528
50875	0.524
50925	0.520
50975	0.524
51025	0.556
51075	0.524
51125	0.532
51175	0.536
51225	0.516
51275	0.504
51325	0.496
51375	0.484
51425	0.468
51475	0.428
51525	0.412
51575	0.432
51625	0.456
51675	0.472
51725	0.484
51775	0.516
51825	0.520
51875	0.516
51925	0.536
51975	0.572
52025	0.540
52075	0.548
52125	0.552
52175	0.544
52225	0.532
52275	0.540
52325	0.524
52375	0.524
52425	0.516
52475	0.520
52525	0.484
52575	0.488
52625	0.440
52675	0.420
52725	0.400
52775	0.436
52825	0.456
52875	0.492
52925	0.500
52975	0.496
53025	0.496
53075	0.480
53125	0.492
53175	0.508
53225	0.564
53275	0.564
53325	0.564
53375	0.548
53425	0.540
53475	0.532
53525	0.524
53575	0.508
53625	0.496
53675	0.488
53725	0.464
53775	0.456
53825	0.460
53875	0.480
53925	0.496
53975	0.492
54025	0.508
54075	0.496
54125	0.464
54175	0.460
54225	0.452
54275	0.436
54325	0.472
54375	0.496
54425	0.504
54475	0.540
54525	0.548
54575	0.524
54625	0.516
54675	0.512
54725	0.528
54775	0.548
54825	0.580
54875	0.604
54925	0.600
54975	0.572
55025	0.564
55075	0.536
55125	0.512
55175	0.532
55225	0.548
55275	0.548
55325	0.532
55375	0.528
55425	0.492
55475	0.464
55525	0.444
55575	0.428
55625	0.424
55675	0.416
55725	0.432
55775	0.476
55825	0.520
55875	0.524
55925	0.532
55975	0.512
56025	0.460
56075	0.424
56125	0.404
56175	0.428
56225	0.420
56275	0.452
56325	0.476
56375	0.544
56425	0.552
56475	0.568
56525	0.564
56575	0.560
56625	0.540
56675	0.520
56725	0.508
56775	0.484
56825	0.496
56875	0.488
56925	0.492
56975	0.512
57025	0.512
57075	0.504
57125	0.496
57175	0.504
57225	0.488
57275	0.480
57325	0.480
57375	0.472
57425	0.464
57475	0.480
57525	0.492
57575	0.508
57625	0.504
57675	0.488
57725	0.456
57775	0.456
57825	0.448
57875	0.444
57925	0.460
57975	0.432
58025	0.444
58075	0.444
58125	0.448
58175	0.440
58225	0.488
58275	0.504
58325	0.500
58375	0.508
58425	0.508
58475	0.528
58525	0.520
58575	0.504
58625	0.496
58675	0.500
58725	0.476
58775	0.472
58825	0.480
58875	0.504
58925	0.484
58975	0.496
59025	0.516
59075	0.520
59125	0.476
59175	0.488
59225	0.456
59275	0.396
59325	0.380
59375	0.376
59425	0.340
59475	0.336
59525	0.344
59575	0.364
59625	0.388
59675	0.400
59725	0.388
59775	0.428
59825	0.412
59875	0.388
59925	0.416
59975	0.444
60025	0.424
60075	0.412
60125	0.468
60175	0.460
60225	0.472
60275	0.488
60325	0.500
60375	0.496
60425	0.520
60475	0.508
60525	0.512
60575	0.544
60625	0.512
60675	0.484
60725	0.512
60775	0.500
60825	0.468
60875	0.476
60925	0.512
60975	0.484
61025	0.488
61075	0.484
61125	0.488
61175	0.472
61225	0.480
61275	0.456
61325	0.472
61375	0.472
61425	0.460
61475	0.468
61525	0.492
61575	0.468
61625	0.464
61675	0.456
61725	0.456
61775	0.448
61825	0.488
61875	0.496
61925	0.500
61975	0.512
62025	0.532
62075	0.508
62125	0.520
62175	0.540
62225	0.532
62275	0.528
62325	0.544
62375	0.540
62425	0.552
62475	0.544
62525	0.536
62575	0.520
62625	0.524
62675	0.512
62725	0.512
62775	0.548
62825	0.568
62875	0.556
62925	0.564
62975	0.560
63025	0.540
63075	0.548
63125	0.584
63175	0.572
63225	0.596
63275	0.588
63325	0.568
63375	0.540
63425	0.540
63475	0.508
63525	0.496
63575	0.472
63625	0.472
63675	0.456
63725	0.436
63775	0.432
63825	0.464
63875	0.468
63925	0.452
63975	0.492
64025	0.464
64075	0.392
64125	0.352
64175	0.364
64225	0.352
64275	0.400
64325	0.472
64375	0.532
64425	0.536
64475	0.540
64525	0.512
64575	0.516
64625	0.480
64675	0.516
64725	0.508
64775	0.520
64825	0.496
64875	0.500
64925	0.468
64975	0.456
65025	0.420
65075	0.436
65125	0.440
65175	0.440
65225	0.484
65275	0.552
65325	0.552
65375	0.552
65425	0.564
65475	0.528
65525	0.500
65575	0.484
65625	0.464
65675	0.448
65725	0.452
65775	0.420
65825	0.408
65875	0.432
65925	0.456
65975	0.448
66025	0.480
66075	0.492
66125	0.488
66175	0.472
66225	0.484
66275	0.472
66325	0.468
66375	0.460
66425	0.464
66475	0.468
66525	0.492
66575	0.504
66625	0.512
66675	0.504
66725	0.508
66775	0.480
66825	0.468
66875	0.452
66925	0.452
66975	0.452
67025	0.472
67075	0.492
67125	0.492
67175	0.488
67225	0.476
67275	0.480
67325	0.492
67375	0.496
67425	0.516
67475	0.504
67525	0.496
67575	0.456
67625	0.480
67675	0.468
67725	0.476
67775	0.468
67825	0.500
67875	0.464
67925	0.448
67975	0.456
68025	0.468
68075	0.452
68125	0.460
68175	0.488
68225	0.484
68275	0.500
68325	0.500
68375	0.504
68425	0.488
68475	0.496
68525	0.436
68575	0.432
68625	0.444
68675	0.444
68725	0.424
68775	0.444
68825	0.464
68875	0.444
68925	0.424
68975	0.444
69025	0.460
69075	0.432
69125	0.436
69175	0.456
69225	0.444
69275	0.404
69325	0.392
69375	0.384
69425	0.388
69475	0.388
69525	0.432
69575	0.444
69625	0.472
69675	0.492
69725	0.504
69775	0.512
69825	0.536
69875	0.532
69925	0.520
69975	0.500
70025	0.488
70075	0.480
70125	0.488
70175	0.484
70225	0.492
70275	0.500
70325	0.504
70375	0.496
70425	0.504
70475	0.508
70525	0.476
70575	0.484
70625	0.480
70675	0.468
70725	0.460
70775	0.480
70825	0.476
70875	0.472
70925	0.472
70975	0.480
71025	0.488
71075	0.480
71125	0.472
71175	0.496
71225	0.524
71275	0.524
71325	0.548
71375	0.572
71425	0.516
71475	0.488
71525	0.484
71575	0.448
71625	0.416
71675	0.440
71725	0.428
71775	0.412
71825	0.408
71875	0.440
71925	0.460
71975	0.472
72025	0.484
72075	0.496
72125	0.480
72175	0.464
72225	0.460
72275	0.480
72325	0.456
72375	0.444
72425	0.460
72475	0.472
72525	0.432
72575	0.484
72625	0.484
72675	0.448
72725	0.440
72775	0.444
72825	0.408
72875	0.412
72925	0.440
72975	0.480
73025	0.492
73075	0.512
73125	0.532
73175	0.512
73225	0.496
73275	0.524
73325	0.544
73375	0.568
73425	0.600
73475	0.564
73525	0.524
73575	0.468
73625	0.412
73675	0.388
73725	0.412
73775	0.424
73825	0.448
73875	0.476
73925	0.464
73975	0.456
74025	0.492
74075	0.496
74125	0.532
74175	0.536
74225	0.556
74275	0.536
74325	0.540
74375	0.496
74425	0.484
74475	0.456
74525	0.484
74575	0.496
74625	0.480
74675	0.520
74725	0.532
74775	0.504
74825	0.480
74875	0.512
74925	0.484
74975	0.520
75025	0.516
75075	0.532
75125	0.524
75175	0.556
75225	0.520
75275	0.520
75325	0.536
75375	0.532
75425	0.512
75475	0.540
75525	0.560
75575	0.552
75625	0.564
75675	0.592
75725	0.556
75775	0.544
75825	0.544
75875	0.540
75925	0.524
75975	0.548
76025	0.540
76075	0.536
76125	0.528
76175	0.520
76225	0.508
76275	0.496
76325	0.476
76375	0.488
76425	0.488
76475	0.488
76525	0.500
76575	0.528
76625	0.536
76675	0.544
76725	0.536
76775	0.548
76825	0.536
76875	0.528
76925	0.508
76975	0.516
77025	0.520
77075	0.536
77125	0.532
77175	0.572
77225	0.564
77275	0.548
77325	0.520
77375	0.512
77425	0.468
77475	0.468
77525	0.432
77575	0.420
77625	0.404
77675	0.424
77725	0.420
77775	0.452
77825	0.484
77875	0.536
77925	0.560
77975	0.580
78025	0.624
78075	0.648
78125	0.656
78175	0.680
78225	0.712
78275	0.688
78325	0.696
78375	0.668
78425	0.632
78475	0.592
78525	0.588
78575	0.512
78625	0.444
78675	0.408
78725	0.404
78775	0.408
78825	0.424
78875	0.460
78925	0.480
78975	0.468
79025	0.452
79075	0.448
79125	0.452
79175	0.436
79225	0.424
79275	0.424
79325	0.440
79375	0.460
79425	0.480
79475	0.504
79525	0.528
79575	0.536
79625	0.532
79675	0.552
79725	0.560
79775	0.548
79825	0.576
79875	0.584
79925	0.592
79975	0.572
80025	0.568
80075	0.544
80125	0.548
80175	0.520
80225	0.548
80275	0.564
80325	0.524
80375	0.508
80425	0.492
80475	0.448
80525	0.404
80575	0.420
80625	0.432
80675	0.416
80725	0.432
80775	0.428
80825	0.480
80875	0.484
80925	0.516
80975	0.548
81025	0.564
81075	0.524
81125	0.492
81175	0.480
81225	0.444
81275	0.440
81325	0.428
81375	0.412
81425	0.400
81475	0.380
81525	0.368
81575	0.368
81625	0.404
81675	0.436
81725	0.476
81775	0.512
81825	0.536
81875	0.544
81925	0.544
81975	0.528
82025	0.496
82075	0.472
82125	0.468
82175	0.488
82225	0.500
82275	0.520
82325	0.536
82375	0.536
82425	0.508
82475	0.528
82525	0.524
82575	0.520
82625	0.516
82675	0.516
82725	0.472
82775	0.420
82825	0.416
82875	0.400
82925	0.384
82975	0.392
83025	0.420
83075	0.416
83125	0.392
83175	0.384
83225	0.368
83275	0.356
83325	0.360
83375	0.404
83425	0.456
83475	0.492
83525	0.540
83575	0.568
83625	0.584
83675	0.564
83725	0.580
83775	0.588
83825	0.572
83875	0.544
83925	0.532
83975	0.520
84025	0.500
84075	0.500
84125	0.520
84175	0.532
84225	0.472
84275	0.448
84325	0.444
84375	0.404
84425	0.396
84475	0.444
84525	0.476
84575	0.476
84625	0.524
84675	0.524
84725	0.532
84775	0.540
84825	0.548
84875	0.528
84925	0.540
84975	0.548
85025	0.556
85075	0.556
85125	0.544
85175	0.540
85225	0.532
85275	0.516
85325	0.528
85375	0.556
85425	0.576
85475	0.552
85525	0.564
85575	0.560
85625	0.532
85675	0.512
85725	0.548
85775	0.532
85825	0.528
85875	0.540
85925	0.528
85975	0.532
86025	0.512
86075	0.484
86125	0.464
86175	0.472
86225	0.448
86275	0.460
86325	0.472
86375	0.484
86425	0.484
86475	0.512
86525	0.524
86575	0.552
86625	0.552
86675	0.520
86725	0.516
86775	0.524
86825	0.504
86875	0.500
86925	0.544
86975	0.556
87025	0.560
87075	0.580
87125	0.616
87175	0.608
87225	0.596
87275	0.584
87325	0.576
87375	0.584
87425	0.608
87475	0.592
87525	0.612
87575	0.580
87625	0.544
87675	0.528
87725	0.536
87775	0.512
87825	0.508
87875	0.476
87925	0.436
87975	0.392
88025	0.388
88075	0.428
88125	0.460
88175	0.500
88225	0.520
88275	0.520
88325	0.516
88375	0.528
88425	0.536
88475	0.580
88525	0.604
88575	0.588
88625	0.588
88675	0.552
88725	0.520
88775	0.520
88825	0.516
88875	0.504
88925	0.540
88975	0.524
89025	0.488
89075	0.496
89125	0.500
89175	0.480
89225	0.492
89275	0.508
89325	0.504
89375	0.488
89425	0.452
89475	0.448
89525	0.464
89575	0.468
89625	0.488
89675	0.516
89725	0.516
89775	0.488
89825	0.488
89875	0.500
89925	0.508
89975	0.528
90025	0.540
90075	0.544
90125	0.528
90175	0.528
90225	0.504
90275	0.484
90325	0.468
90375	0.472
90425	0.476
90475	0.488
90525	0.496
90575	0.492
90625	0.460
90675	0.456
90725	0.444
90775	0.476
90825	0.480
90875	0.536
90925	0.552
90975	0.572
91025	0.556
91075	0.568
91125	0.540
91175	0.500
91225	0.488
91275	0.488
91325	0.484
91375	0.468
91425	0.476
91475	0.492
91525	0.460
91575	0.432
91625	0.448
91675	0.448
91725	0.444
91775	0.472
91825	0.484
91875	0.448
91925	0.444
91975	0.428
92025	0.444
92075	0.448
92125	0.480
92175	0.488
92225	0.484
92275	0.472
92325	0.464
92375	0.456
92425	0.468
92475	0.468
92525	0.456
92575	0.500
92625	0.488
92675	0.484
92725	0.508
92775	0.504
92825	0.468
92875	0.492
92925	0.468
92975	0.452
93025	0.468
93075	0.496
93125	0.460
93175	0.468
93225	0.464
93275	0.452
93325	0.416
93375	0.444
93425	0.448
93475	0.456
93525	0.452
93575	0.448
93625	0.396
93675	0.396
93725	0.384
93775	0.376
93825	0.396
93875	0.452
93925	0.460
93975	0.488
94025	0.508
94075	0.496
94125	0.480
94175	0.472
94225	0.444
94275	0.424
94325	0.408
94375	0.408
94425	0.380
94475	0.388
94525	0.388
94575	0.416
94625	0.420
94675	0.480
94725	0.452
94775	0.468
94825	0.460
94875	0.460
94925	0.456
94975	0.492
95025	0.492
95075	0.504
95125	0.508
95175	0.488
95225	0.504
95275	0.488
95325	0.492
95375	0.496
95425	0.520
95475	0.500
95525	0.520
95575	0.548
95625	0.560
95675	0.556
95725	0.572
95775	0.604
95825	0.576
95875	0.568
95925	0.548
95975	0.540
96025	0.492
96075	0.448
96125	0.452
96175	0.472
96225	0.428
96275	0.428
96325	0.420
96375	0.396
96425	0.348
96475	0.372
96525	0.408
96575	0.444
96625	0.480
96675	0.500
96725	0.516
96775	0.504
96825	0.524
96875	0.528
96925	0.556
96975	0.556
97025	0.544
97075	0.528
97125	0.496
97175	0.468
97225	0.436
97275	0.436
97325	0.460
97375	0.476
97425	0.488
97475	0.508
97525	0.520
97575	0.512
97625	0.520
97675	0.552
97725	0.572
97775	0.544
97825	0.528
97875	0.540
97925	0.492
97975	0.484
98025	0.516
98075	0.520
98125	0.492
98175	0.504
98225	0.508
98275	0.492
98325	0.476
98375	0.476
98425	0.476
98475	0.456
98525	0.464
98575	0.480
98625	0.468
98675	0.448
98725	0.472
98775	0.460
98825	0.428
98875	0.452
98925	0.480
98975	0.464
99025	0.464
99075	0.480
99125	0.460
99175	0.468
99225	0.472
99275	0.460
99325	0.484
99375	0.496
99425	0.476
99475	0.480
99525	0.504
99575	0.484
99625	0.496
99675	0.524
99725	0.508
99775	0.488
99825	0.512
99875	0.512
99925	0.496
99975	0.512
100025	0.524
100075	0.504
100125	0.492
100175	0.496
100225	0.500
100275	0.504
100325	0.492
100375	0.476
100425	0.468
100475	0.484
100525	0.496
100575	0.512
100625	0.520
100675	0.504
100725	0.460
100775	0.432
100825	0.420
100875	0.416
100925	0.416
100975	0.440
101025	0.468
101075	0.484
101125	0.504
101175	0.520
101225	0.528
101275	0.500
101325	0.528
101375	0.492
101425	0.488
101475	0.472
101525	0.488
101575	0.460
101625	0.476
101675	0.472
101725	0.464
101775	0.460
101825	0.456
101875	0.452
101925	0.444
101975	0.448
102025	0.448
102075	0.472
102125	0.480
102175	0.488
102225	0.468
102275	0.452
102325	0.428
102375	0.436
102425	0.460
102475	0.476
102525	0.496
102575	0.508
102625	0.508
102675	0.480
102725	0.476
102775	0.476
102825	0.480
102875	0.464
102925	0.488
102975	0.512
103025	0.504
103075	0.500
103125	0.516
103175	0.496
103225	0.472
103275	0.480
103325	0.468
103375	0.484
103425	0.480
103475	0.464
103525	0.448
103575	0.420
103625	0.352
103675	0.300
103725	0.292
103775	0.284
103825	0.324
103875	0.376
103925	0.440
103975	0.492
104025	0.524
104075	0.508
104125	0.512
104175	0.528
104225	0.524
104275	0.508
104325	0.520
104375	0.528
104425	0.548
104475	0.552
104525	0.556
104575	0.556
104625	0.540
104675	0.496
104725	0.468
104775	0.452
104825	0.428
104875	0.428
104925	0.440
104975	0.448
105025	0.476
105075	0.480
105125	0.476
105175	0.460
105225	0.448
105275	0.432
105325	0.432
105375	0.436
105425	0.448
105475	0.452
105525	0.456
105575	0.492
105625	0.500
105675	0.484
105725	0.496
105775	0.468
105825	0.448
105875	0.464
105925	0.460
105975	0.472
106025	0.480
106075	0.480
106125	0.472
106175	0.480
106225	0.460
106275	0.492
106325	0.488
106375	0.492
106425	0.516
106475	0.520
106525	0.496
106575	0.508
106625	0.484
106675	0.476
106725	0.484
106775	0.476
106825	0.460
106875	0.440
106925	0.460
106975	0.444
107025	0.468
107075	0.496
107125	0.516
107175	0.508
107225	0.528
107275	0.508
107325	0.480
107375	0.500
107425	0.480
107475	0.488
107525	0.500
107575	0.500
107625	0.496
107675	0.508
107725	0.496
107775	0.508
107825	0.512
107875	0.504
107925	0.492
107975	0.484
108025	0.476
108075	0.464
108125	0.464
108175	0.452
108225	0.464
108275	0.480
108325	0.500
108375	0.516
108425	0.540
108475	0.520
108525	0.512
108575	0.496
108625	0.492
108675	0.476
108725	0.484
108775	0.476
108825	0.512
108875	0.504
108925	0.520
108975	0.496
109025	0.468
109075	0.432
109125	0.416
109175	0.396
109225	0.436
109275	0.460
109325	0.460
109375	0.472
109425	0.508
109475	0.512
109525	0.504
109575	0.524
109625	0.512
109675	0.484
109725	0.476
109775	0.504
109825	0.476
109875	0.452
109925	0.380
109975	0.296
110025	0.196
110075	0.132
110125	0.072
110175	0.052
110225	0.036
110275	0.032
110325	0.028
110375	0.036
110425	0.040
110475	0.040
110525	0.048
110575	0.056
110625	0.072
110675	0.072
110725	0.080
110775	0.088
110825	0.092
110875	0.080
110925	0.096
110975	0.104
111025	0.080
111075	0.060
111125	0.048
111175	0.028
111225	0.024
111275	0.056
111325	0.080
111375	0.092
111425	0.092
111475	0.088
111525	0.060
