Position	Percent G+C 1 .. 245639
125	0.096
175	0.104
225	0.116
275	0.132
325	0.176
375	0.204
425	0.184
475	0.152
525	0.128
575	0.088
625	0.056
675	0.060
725	0.056
775	0.052
825	0.048
875	0.040
925	0.052
975	0.072
1025	0.068
1075	0.076
1125	0.068
1175	0.044
1225	0.028
1275	0.024
1325	0.008
1375	0.012
1425	0.016
1475	0.024
1525	0.036
1575	0.040
1625	0.048
1675	0.048
1725	0.044
1775	0.052
1825	0.068
1875	0.064
1925	0.068
1975	0.068
2025	0.052
2075	0.056
2125	0.084
2175	0.108
2225	0.184
2275	0.260
2325	0.320
2375	0.380
2425	0.432
2475	0.432
2525	0.448
2575	0.460
2625	0.444
2675	0.444
2725	0.468
2775	0.468
2825	0.468
2875	0.472
2925	0.504
2975	0.492
3025	0.496
3075	0.504
3125	0.512
3175	0.484
3225	0.476
3275	0.476
3325	0.476
3375	0.472
3425	0.476
3475	0.460
3525	0.484
3575	0.484
3625	0.492
3675	0.492
3725	0.516
3775	0.480
3825	0.468
3875	0.460
3925	0.456
3975	0.444
4025	0.440
4075	0.428
4125	0.432
4175	0.448
4225	0.464
4275	0.468
4325	0.464
4375	0.444
4425	0.440
4475	0.428
4525	0.432
4575	0.464
4625	0.488
4675	0.480
4725	0.492
4775	0.496
4825	0.488
4875	0.480
4925	0.468
4975	0.460
5025	0.456
5075	0.464
5125	0.452
5175	0.456
5225	0.444
5275	0.452
5325	0.424
5375	0.444
5425	0.468
5475	0.460
5525	0.436
5575	0.440
5625	0.432
5675	0.424
5725	0.424
5775	0.460
5825	0.492
5875	0.496
5925	0.508
5975	0.516
6025	0.484
6075	0.452
6125	0.436
6175	0.396
6225	0.428
6275	0.444
6325	0.444
6375	0.444
6425	0.456
6475	0.412
6525	0.408
6575	0.416
6625	0.416
6675	0.416
6725	0.424
6775	0.424
6825	0.408
6875	0.416
6925	0.424
6975	0.416
7025	0.400
7075	0.404
7125	0.392
7175	0.400
7225	0.416
7275	0.420
7325	0.444
7375	0.452
7425	0.452
7475	0.464
7525	0.472
7575	0.460
7625	0.460
7675	0.476
7725	0.480
7775	0.488
7825	0.480
7875	0.500
7925	0.476
7975	0.468
8025	0.496
8075	0.504
8125	0.480
8175	0.488
8225	0.480
8275	0.464
8325	0.452
8375	0.468
8425	0.452
8475	0.476
8525	0.464
8575	0.472
8625	0.460
8675	0.464
8725	0.444
8775	0.444
8825	0.460
8875	0.452
8925	0.464
8975	0.460
9025	0.468
9075	0.432
9125	0.436
9175	0.444
9225	0.444
9275	0.416
9325	0.444
9375	0.464
9425	0.472
9475	0.472
9525	0.488
9575	0.476
9625	0.472
9675	0.440
9725	0.456
9775	0.436
9825	0.432
9875	0.440
9925	0.480
9975	0.468
10025	0.488
10075	0.504
10125	0.508
10175	0.484
10225	0.484
10275	0.500
10325	0.524
10375	0.508
10425	0.508
10475	0.500
10525	0.504
10575	0.464
10625	0.476
10675	0.480
10725	0.520
10775	0.524
10825	0.556
10875	0.548
10925	0.532
10975	0.516
11025	0.500
11075	0.480
11125	0.492
11175	0.500
11225	0.500
11275	0.496
11325	0.492
11375	0.488
11425	0.504
11475	0.492
11525	0.500
11575	0.500
11625	0.508
11675	0.516
11725	0.528
11775	0.520
11825	0.540
11875	0.532
11925	0.504
11975	0.480
12025	0.456
12075	0.432
12125	0.420
12175	0.436
12225	0.448
12275	0.452
12325	0.480
12375	0.468
12425	0.472
12475	0.444
12525	0.460
12575	0.412
12625	0.420
12675	0.400
12725	0.424
12775	0.424
12825	0.456
12875	0.448
12925	0.436
12975	0.408
13025	0.400
13075	0.404
13125	0.436
13175	0.440
13225	0.464
13275	0.492
13325	0.472
13375	0.452
13425	0.452
13475	0.484
13525	0.468
13575	0.460
13625	0.460
13675	0.484
13725	0.460
13775	0.464
13825	0.460
13875	0.456
13925	0.436
13975	0.416
14025	0.432
14075	0.444
14125	0.428
14175	0.452
14225	0.464
14275	0.440
14325	0.444
14375	0.476
14425	0.476
14475	0.508
14525	0.528
14575	0.580
14625	0.620
14675	0.608
14725	0.588
14775	0.576
14825	0.548
14875	0.504
14925	0.492
14975	0.488
15025	0.504
15075	0.504
15125	0.512
15175	0.532
15225	0.540
15275	0.512
15325	0.500
15375	0.492
15425	0.476
15475	0.460
15525	0.460
15575	0.448
15625	0.448
15675	0.460
15725	0.460
15775	0.456
15825	0.452
15875	0.424
15925	0.424
15975	0.464
16025	0.512
16075	0.540
16125	0.604
16175	0.568
16225	0.540
16275	0.524
16325	0.496
16375	0.468
16425	0.496
16475	0.508
16525	0.484
16575	0.520
16625	0.524
16675	0.520
16725	0.504
16775	0.484
16825	0.456
16875	0.412
16925	0.372
16975	0.316
17025	0.320
17075	0.308
17125	0.316
17175	0.352
17225	0.408
17275	0.440
17325	0.456
17375	0.480
17425	0.508
17475	0.536
17525	0.528
17575	0.544
17625	0.540
17675	0.544
17725	0.528
17775	0.512
17825	0.528
17875	0.528
17925	0.520
17975	0.508
18025	0.544
18075	0.504
18125	0.532
18175	0.528
18225	0.576
18275	0.592
18325	0.624
18375	0.592
18425	0.596
18475	0.556
18525	0.528
18575	0.496
18625	0.512
18675	0.492
18725	0.504
18775	0.496
18825	0.524
18875	0.516
18925	0.552
18975	0.576
19025	0.612
19075	0.616
19125	0.624
19175	0.592
19225	0.556
19275	0.504
19325	0.500
19375	0.508
19425	0.512
19475	0.524
19525	0.528
19575	0.520
19625	0.516
19675	0.504
19725	0.464
19775	0.428
19825	0.356
19875	0.276
19925	0.232
19975	0.224
20025	0.280
20075	0.364
20125	0.436
20175	0.484
20225	0.528
20275	0.500
20325	0.488
20375	0.488
20425	0.512
20475	0.512
20525	0.520
20575	0.520
20625	0.504
20675	0.480
20725	0.452
20775	0.444
20825	0.428
20875	0.420
20925	0.412
20975	0.412
21025	0.404
21075	0.400
21125	0.400
21175	0.412
21225	0.432
21275	0.448
21325	0.468
21375	0.492
21425	0.480
21475	0.484
21525	0.480
21575	0.484
21625	0.468
21675	0.472
21725	0.472
21775	0.484
21825	0.464
21875	0.464
21925	0.476
21975	0.476
22025	0.452
22075	0.480
22125	0.472
22175	0.480
22225	0.456
22275	0.456
22325	0.436
22375	0.456
22425	0.444
22475	0.476
22525	0.528
22575	0.524
22625	0.552
22675	0.560
22725	0.540
22775	0.520
22825	0.528
22875	0.516
22925	0.496
22975	0.492
23025	0.472
23075	0.468
23125	0.472
23175	0.476
23225	0.508
23275	0.532
23325	0.536
23375	0.524
23425	0.516
23475	0.488
23525	0.460
23575	0.472
23625	0.484
23675	0.508
23725	0.520
23775	0.556
23825	0.540
23875	0.504
23925	0.504
23975	0.540
24025	0.532
24075	0.520
24125	0.528
24175	0.532
24225	0.484
24275	0.464
24325	0.452
24375	0.452
24425	0.444
24475	0.436
24525	0.448
24575	0.480
24625	0.480
24675	0.456
24725	0.448
24775	0.456
24825	0.468
24875	0.480
24925	0.492
24975	0.504
25025	0.488
25075	0.472
25125	0.456
25175	0.476
25225	0.500
25275	0.516
25325	0.496
25375	0.504
25425	0.480
25475	0.444
25525	0.376
25575	0.360
25625	0.352
25675	0.348
25725	0.368
25775	0.408
25825	0.448
25875	0.464
25925	0.472
25975	0.480
26025	0.480
26075	0.480
26125	0.460
26175	0.472
26225	0.460
26275	0.508
26325	0.516
26375	0.508
26425	0.500
26475	0.508
26525	0.484
26575	0.476
26625	0.492
26675	0.508
26725	0.500
26775	0.464
26825	0.452
26875	0.428
26925	0.384
26975	0.364
27025	0.364
27075	0.396
27125	0.428
27175	0.440
27225	0.468
27275	0.492
27325	0.444
27375	0.444
27425	0.480
27475	0.452
27525	0.456
27575	0.464
27625	0.480
27675	0.476
27725	0.500
27775	0.500
27825	0.500
27875	0.488
27925	0.464
27975	0.472
28025	0.460
28075	0.476
28125	0.452
28175	0.484
28225	0.492
28275	0.476
28325	0.448
28375	0.440
28425	0.424
28475	0.436
28525	0.464
28575	0.488
28625	0.516
28675	0.492
28725	0.460
28775	0.448
28825	0.448
28875	0.444
28925	0.456
28975	0.464
29025	0.468
29075	0.464
29125	0.476
29175	0.464
29225	0.444
29275	0.452
29325	0.464
29375	0.452
29425	0.468
29475	0.476
29525	0.480
29575	0.492
29625	0.484
29675	0.500
29725	0.500
29775	0.496
29825	0.484
29875	0.480
29925	0.472
29975	0.488
30025	0.496
30075	0.504
30125	0.524
30175	0.504
30225	0.480
30275	0.456
30325	0.400
30375	0.376
30425	0.404
30475	0.424
30525	0.436
30575	0.476
30625	0.504
30675	0.496
30725	0.496
30775	0.488
30825	0.504
30875	0.516
30925	0.516
30975	0.532
31025	0.548
31075	0.536
31125	0.528
31175	0.524
31225	0.500
31275	0.524
31325	0.532
31375	0.520
31425	0.528
31475	0.516
31525	0.496
31575	0.500
31625	0.504
31675	0.500
31725	0.528
31775	0.528
31825	0.512
31875	0.520
31925	0.532
31975	0.524
32025	0.512
32075	0.500
32125	0.508
32175	0.496
32225	0.500
32275	0.504
32325	0.524
32375	0.516
32425	0.496
32475	0.472
32525	0.484
32575	0.488
32625	0.476
32675	0.504
32725	0.524
32775	0.512
32825	0.520
32875	0.512
32925	0.520
32975	0.528
33025	0.524
33075	0.516
33125	0.552
33175	0.528
33225	0.532
33275	0.556
33325	0.560
33375	0.532
33425	0.560
33475	0.536
33525	0.564
33575	0.564
33625	0.584
33675	0.564
33725	0.600
33775	0.552
33825	0.552
33875	0.536
33925	0.504
33975	0.428
34025	0.396
34075	0.368
34125	0.364
34175	0.412
34225	0.484
34275	0.528
34325	0.540
34375	0.552
34425	0.548
34475	0.524
34525	0.516
34575	0.504
34625	0.488
34675	0.504
34725	0.528
34775	0.556
34825	0.580
34875	0.608
34925	0.572
34975	0.568
35025	0.548
35075	0.556
35125	0.548
35175	0.552
35225	0.544
35275	0.560
35325	0.552
35375	0.540
35425	0.528
35475	0.496
35525	0.484
35575	0.476
35625	0.476
35675	0.480
35725	0.508
35775	0.460
35825	0.440
35875	0.444
35925	0.436
35975	0.432
36025	0.440
36075	0.420
36125	0.400
36175	0.408
36225	0.416
36275	0.464
36325	0.516
36375	0.532
36425	0.528
36475	0.536
36525	0.516
36575	0.524
36625	0.512
36675	0.532
36725	0.516
36775	0.528
36825	0.504
36875	0.536
36925	0.564
36975	0.580
37025	0.560
37075	0.584
37125	0.528
37175	0.444
37225	0.448
37275	0.440
37325	0.412
37375	0.448
37425	0.496
37475	0.460
37525	0.476
37575	0.488
37625	0.480
37675	0.484
37725	0.508
37775	0.508
37825	0.496
37875	0.512
37925	0.528
37975	0.512
38025	0.524
38075	0.536
38125	0.524
38175	0.532
38225	0.536
38275	0.520
38325	0.520
38375	0.536
38425	0.532
38475	0.528
38525	0.556
38575	0.548
38625	0.536
38675	0.532
38725	0.576
38775	0.572
38825	0.600
38875	0.616
38925	0.600
38975	0.556
39025	0.532
39075	0.516
39125	0.504
39175	0.492
39225	0.492
39275	0.500
39325	0.504
39375	0.500
39425	0.500
39475	0.512
39525	0.480
39575	0.476
39625	0.480
39675	0.500
39725	0.488
39775	0.524
39825	0.532
39875	0.520
39925	0.528
39975	0.540
40025	0.536
40075	0.504
40125	0.532
40175	0.508
40225	0.492
40275	0.472
40325	0.492
40375	0.468
40425	0.460
40475	0.488
40525	0.512
40575	0.504
40625	0.512
40675	0.540
40725	0.504
40775	0.500
40825	0.496
40875	0.492
40925	0.468
40975	0.480
41025	0.496
41075	0.488
41125	0.504
41175	0.516
41225	0.516
41275	0.516
41325	0.540
41375	0.536
41425	0.540
41475	0.568
41525	0.552
41575	0.560
41625	0.536
41675	0.524
41725	0.516
41775	0.508
41825	0.504
41875	0.520
41925	0.516
41975	0.516
42025	0.520
42075	0.516
42125	0.524
42175	0.548
42225	0.544
42275	0.536
42325	0.524
42375	0.504
42425	0.488
42475	0.480
42525	0.460
42575	0.484
42625	0.504
42675	0.524
42725	0.528
42775	0.544
42825	0.528
42875	0.524
42925	0.524
42975	0.528
43025	0.536
43075	0.552
43125	0.536
43175	0.544
43225	0.536
43275	0.548
43325	0.524
43375	0.540
43425	0.540
43475	0.560
43525	0.564
43575	0.572
43625	0.564
43675	0.572
43725	0.572
43775	0.580
43825	0.588
43875	0.604
43925	0.580
43975	0.568
44025	0.588
44075	0.604
44125	0.600
44175	0.604
44225	0.624
44275	0.612
44325	0.600
44375	0.580
44425	0.516
44475	0.452
44525	0.444
44575	0.440
44625	0.492
44675	0.544
44725	0.588
44775	0.576
44825	0.544
44875	0.492
44925	0.472
44975	0.456
45025	0.432
45075	0.488
45125	0.512
45175	0.556
45225	0.572
45275	0.548
45325	0.520
45375	0.516
45425	0.512
45475	0.532
45525	0.584
45575	0.568
45625	0.552
45675	0.564
45725	0.536
45775	0.536
45825	0.544
45875	0.568
45925	0.564
45975	0.564
46025	0.544
46075	0.552
46125	0.528
46175	0.464
46225	0.436
46275	0.420
46325	0.404
46375	0.396
46425	0.408
46475	0.448
46525	0.456
46575	0.444
46625	0.456
46675	0.468
46725	0.452
46775	0.436
46825	0.444
46875	0.460
46925	0.440
46975	0.452
47025	0.484
47075	0.488
47125	0.448
47175	0.456
47225	0.464
47275	0.476
47325	0.504
47375	0.520
47425	0.552
47475	0.556
47525	0.536
47575	0.504
47625	0.528
47675	0.528
47725	0.524
47775	0.528
47825	0.532
47875	0.508
47925	0.468
47975	0.428
48025	0.444
48075	0.472
48125	0.468
48175	0.500
48225	0.524
48275	0.492
48325	0.460
48375	0.456
48425	0.424
48475	0.412
48525	0.416
48575	0.416
48625	0.456
48675	0.488
48725	0.468
48775	0.480
48825	0.468
48875	0.452
48925	0.440
48975	0.456
49025	0.452
49075	0.460
49125	0.440
49175	0.452
49225	0.468
49275	0.496
49325	0.496
49375	0.508
49425	0.504
49475	0.540
49525	0.540
49575	0.564
49625	0.544
49675	0.556
49725	0.536
49775	0.516
49825	0.508
49875	0.544
49925	0.544
49975	0.544
50025	0.516
50075	0.532
50125	0.492
50175	0.480
50225	0.448
50275	0.484
50325	0.480
50375	0.544
50425	0.532
50475	0.552
50525	0.580
50575	0.608
50625	0.564
50675	0.572
50725	0.600
50775	0.580
50825	0.564
50875	0.568
50925	0.560
50975	0.552
51025	0.576
51075	0.568
51125	0.572
51175	0.568
51225	0.552
51275	0.512
51325	0.528
51375	0.532
51425	0.548
51475	0.528
51525	0.496
51575	0.452
51625	0.428
51675	0.448
51725	0.460
51775	0.472
51825	0.496
51875	0.492
51925	0.480
51975	0.496
52025	0.508
52075	0.504
52125	0.512
52175	0.476
52225	0.464
52275	0.496
52325	0.508
52375	0.544
52425	0.596
52475	0.580
52525	0.556
52575	0.552
52625	0.520
52675	0.512
52725	0.548
52775	0.556
52825	0.544
52875	0.552
52925	0.568
52975	0.544
53025	0.568
53075	0.580
53125	0.592
53175	0.600
53225	0.624
53275	0.624
53325	0.596
53375	0.576
53425	0.516
53475	0.476
53525	0.448
53575	0.476
53625	0.496
53675	0.544
53725	0.568
53775	0.596
53825	0.592
53875	0.600
53925	0.584
53975	0.592
54025	0.580
54075	0.592
54125	0.576
54175	0.568
54225	0.564
54275	0.552
54325	0.552
54375	0.556
54425	0.564
54475	0.572
54525	0.604
54575	0.604
54625	0.588
54675	0.588
54725	0.592
54775	0.572
54825	0.560
54875	0.568
54925	0.596
54975	0.572
55025	0.568
55075	0.576
55125	0.604
55175	0.584
55225	0.588
55275	0.580
55325	0.576
55375	0.564
55425	0.528
55475	0.532
55525	0.540
55575	0.536
55625	0.536
55675	0.568
55725	0.592
55775	0.600
55825	0.608
55875	0.600
55925	0.588
55975	0.568
56025	0.548
56075	0.508
56125	0.476
56175	0.460
56225	0.416
56275	0.416
56325	0.416
56375	0.404
56425	0.408
56475	0.428
56525	0.404
56575	0.376
56625	0.376
56675	0.360
56725	0.344
56775	0.348
56825	0.396
56875	0.428
56925	0.472
56975	0.516
57025	0.524
57075	0.516
57125	0.464
57175	0.440
57225	0.444
57275	0.440
57325	0.448
57375	0.476
57425	0.492
57475	0.472
57525	0.448
57575	0.456
57625	0.464
57675	0.448
57725	0.408
57775	0.436
57825	0.412
57875	0.380
57925	0.356
57975	0.392
58025	0.408
58075	0.452
58125	0.512
58175	0.560
58225	0.576
58275	0.580
58325	0.556
58375	0.564
58425	0.568
58475	0.556
58525	0.568
58575	0.560
58625	0.564
58675	0.564
58725	0.564
58775	0.556
58825	0.600
58875	0.624
58925	0.628
58975	0.644
59025	0.636
59075	0.588
59125	0.528
59175	0.524
59225	0.532
59275	0.512
59325	0.520
59375	0.552
59425	0.516
59475	0.492
59525	0.508
59575	0.500
59625	0.468
59675	0.484
59725	0.456
59775	0.440
59825	0.448
59875	0.456
59925	0.444
59975	0.456
60025	0.472
60075	0.480
60125	0.508
60175	0.544
60225	0.568
60275	0.556
60325	0.560
60375	0.548
60425	0.524
60475	0.520
60525	0.516
60575	0.464
60625	0.424
60675	0.416
60725	0.384
60775	0.404
60825	0.440
60875	0.448
60925	0.460
60975	0.476
61025	0.476
61075	0.488
61125	0.532
61175	0.516
61225	0.540
61275	0.532
61325	0.512
61375	0.500
61425	0.508
61475	0.476
61525	0.460
61575	0.456
61625	0.460
61675	0.484
61725	0.512
61775	0.532
61825	0.528
61875	0.520
61925	0.508
61975	0.516
62025	0.504
62075	0.548
62125	0.552
62175	0.548
62225	0.560
62275	0.584
62325	0.576
62375	0.556
62425	0.552
62475	0.536
62525	0.496
62575	0.492
62625	0.512
62675	0.536
62725	0.532
62775	0.564
62825	0.560
62875	0.572
62925	0.552
62975	0.552
63025	0.532
63075	0.524
63125	0.496
63175	0.524
63225	0.536
63275	0.536
63325	0.540
63375	0.556
63425	0.540
63475	0.484
63525	0.488
63575	0.456
63625	0.432
63675	0.388
63725	0.408
63775	0.400
63825	0.444
63875	0.476
63925	0.524
63975	0.524
64025	0.536
64075	0.516
64125	0.428
64175	0.392
64225	0.392
64275	0.400
64325	0.388
64375	0.452
64425	0.472
64475	0.492
64525	0.480
64575	0.484
64625	0.488
64675	0.476
64725	0.480
64775	0.476
64825	0.512
64875	0.520
64925	0.548
64975	0.524
65025	0.540
65075	0.520
65125	0.508
65175	0.496
65225	0.520
65275	0.520
65325	0.520
65375	0.532
65425	0.516
65475	0.524
65525	0.532
65575	0.536
65625	0.528
65675	0.528
65725	0.508
65775	0.484
65825	0.464
65875	0.492
65925	0.492
65975	0.460
66025	0.456
66075	0.468
66125	0.420
66175	0.404
66225	0.424
66275	0.440
66325	0.416
66375	0.428
66425	0.424
66475	0.436
66525	0.404
66575	0.436
66625	0.456
66675	0.484
66725	0.480
66775	0.500
66825	0.480
66875	0.448
66925	0.424
66975	0.436
67025	0.448
67075	0.472
67125	0.448
67175	0.464
67225	0.448
67275	0.448
67325	0.412
67375	0.428
67425	0.424
67475	0.412
67525	0.404
67575	0.404
67625	0.392
67675	0.384
67725	0.392
67775	0.404
67825	0.396
67875	0.408
67925	0.432
67975	0.452
68025	0.428
68075	0.440
68125	0.440
68175	0.408
68225	0.396
68275	0.408
68325	0.412
68375	0.428
68425	0.440
68475	0.464
68525	0.468
68575	0.476
68625	0.476
68675	0.484
68725	0.460
68775	0.476
68825	0.484
68875	0.496
68925	0.504
68975	0.508
69025	0.516
69075	0.528
69125	0.532
69175	0.528
69225	0.544
69275	0.500
69325	0.464
69375	0.464
69425	0.476
69475	0.464
69525	0.476
69575	0.508
69625	0.508
69675	0.480
69725	0.456
69775	0.460
69825	0.448
69875	0.440
69925	0.460
69975	0.496
70025	0.500
70075	0.496
70125	0.512
70175	0.504
70225	0.480
70275	0.468
70325	0.468
70375	0.440
70425	0.444
70475	0.496
70525	0.516
70575	0.508
70625	0.508
70675	0.516
70725	0.480
70775	0.476
70825	0.512
70875	0.544
70925	0.544
70975	0.544
71025	0.532
71075	0.500
71125	0.448
71175	0.452
71225	0.472
71275	0.476
71325	0.468
71375	0.520
71425	0.520
71475	0.504
71525	0.504
71575	0.496
71625	0.476
71675	0.452
71725	0.428
71775	0.408
71825	0.432
71875	0.428
71925	0.428
71975	0.432
72025	0.464
72075	0.444
72125	0.468
72175	0.476
72225	0.480
72275	0.472
72325	0.516
72375	0.504
72425	0.512
72475	0.536
72525	0.528
72575	0.520
72625	0.508
72675	0.508
72725	0.508
72775	0.524
72825	0.496
72875	0.512
72925	0.496
72975	0.460
73025	0.468
73075	0.484
73125	0.488
73175	0.488
73225	0.484
73275	0.432
73325	0.428
73375	0.400
73425	0.392
73475	0.436
73525	0.488
73575	0.484
73625	0.492
73675	0.504
73725	0.464
73775	0.416
73825	0.380
73875	0.368
73925	0.372
73975	0.396
74025	0.416
74075	0.456
74125	0.500
74175	0.500
74225	0.484
74275	0.508
74325	0.500
74375	0.472
74425	0.484
74475	0.480
74525	0.452
74575	0.468
74625	0.460
74675	0.464
74725	0.500
74775	0.540
74825	0.520
74875	0.560
74925	0.576
74975	0.564
75025	0.560
75075	0.600
75125	0.608
75175	0.596
75225	0.608
75275	0.580
75325	0.548
75375	0.512
75425	0.516
75475	0.492
75525	0.488
75575	0.488
75625	0.476
75675	0.456
75725	0.448
75775	0.480
75825	0.476
75875	0.444
75925	0.416
75975	0.396
76025	0.368
76075	0.332
76125	0.352
76175	0.356
76225	0.360
76275	0.320
76325	0.336
76375	0.312
76425	0.284
76475	0.300
76525	0.352
76575	0.384
76625	0.440
76675	0.500
76725	0.500
76775	0.524
76825	0.516
76875	0.500
76925	0.480
76975	0.492
77025	0.476
77075	0.460
77125	0.464
77175	0.448
77225	0.440
77275	0.448
77325	0.480
77375	0.472
77425	0.508
77475	0.508
77525	0.492
77575	0.484
77625	0.504
77675	0.492
77725	0.516
77775	0.512
77825	0.516
77875	0.492
77925	0.484
77975	0.476
78025	0.460
78075	0.428
78125	0.460
78175	0.476
78225	0.456
78275	0.472
78325	0.500
78375	0.476
78425	0.456
78475	0.472
78525	0.452
78575	0.444
78625	0.440
78675	0.472
78725	0.460
78775	0.464
78825	0.496
78875	0.496
78925	0.460
78975	0.396
79025	0.408
79075	0.364
79125	0.348
79175	0.368
79225	0.436
79275	0.432
79325	0.476
79375	0.492
79425	0.516
79475	0.532
79525	0.536
79575	0.508
79625	0.504
79675	0.464
79725	0.444
79775	0.436
79825	0.400
79875	0.400
79925	0.408
79975	0.428
80025	0.432
80075	0.464
80125	0.488
80175	0.460
80225	0.428
80275	0.448
80325	0.444
80375	0.400
80425	0.412
80475	0.416
80525	0.396
80575	0.396
80625	0.452
80675	0.468
80725	0.472
80775	0.456
80825	0.484
80875	0.468
80925	0.468
80975	0.484
81025	0.508
81075	0.496
81125	0.476
81175	0.480
81225	0.464
81275	0.468
81325	0.444
81375	0.456
81425	0.484
81475	0.496
81525	0.492
81575	0.508
81625	0.504
81675	0.472
81725	0.460
81775	0.472
81825	0.460
81875	0.448
81925	0.456
81975	0.500
82025	0.492
82075	0.508
82125	0.516
82175	0.516
82225	0.496
82275	0.492
82325	0.488
82375	0.512
82425	0.512
82475	0.500
82525	0.500
82575	0.496
82625	0.488
82675	0.492
82725	0.504
82775	0.488
82825	0.500
82875	0.520
82925	0.528
82975	0.516
83025	0.516
83075	0.524
83125	0.488
83175	0.488
83225	0.488
83275	0.508
83325	0.512
83375	0.524
83425	0.488
83475	0.488
83525	0.492
83575	0.492
83625	0.480
83675	0.536
83725	0.508
83775	0.500
83825	0.488
83875	0.492
83925	0.448
83975	0.488
84025	0.488
84075	0.484
84125	0.512
84175	0.532
84225	0.520
84275	0.536
84325	0.520
84375	0.476
84425	0.472
84475	0.472
84525	0.452
84575	0.456
84625	0.440
84675	0.416
84725	0.376
84775	0.364
84825	0.368
84875	0.376
84925	0.392
84975	0.412
85025	0.408
85075	0.392
85125	0.420
85175	0.404
85225	0.412
85275	0.436
85325	0.468
85375	0.456
85425	0.464
85475	0.468
85525	0.440
85575	0.424
85625	0.416
85675	0.428
85725	0.428
85775	0.464
85825	0.452
85875	0.476
85925	0.460
85975	0.416
86025	0.376
86075	0.380
86125	0.396
86175	0.412
86225	0.428
86275	0.448
86325	0.464
86375	0.468
86425	0.472
86475	0.532
86525	0.552
86575	0.560
86625	0.544
86675	0.556
86725	0.536
86775	0.536
86825	0.536
86875	0.540
86925	0.536
86975	0.536
87025	0.528
87075	0.504
87125	0.528
87175	0.516
87225	0.488
87275	0.488
87325	0.500
87375	0.440
87425	0.420
87475	0.424
87525	0.380
87575	0.356
87625	0.376
87675	0.376
87725	0.368
87775	0.392
87825	0.432
87875	0.424
87925	0.444
87975	0.460
88025	0.496
88075	0.480
88125	0.520
88175	0.528
88225	0.556
88275	0.548
88325	0.540
88375	0.524
88425	0.528
88475	0.496
88525	0.476
88575	0.492
88625	0.488
88675	0.500
88725	0.524
88775	0.540
88825	0.532
88875	0.520
88925	0.500
88975	0.500
89025	0.516
89075	0.512
89125	0.516
89175	0.532
89225	0.528
89275	0.516
89325	0.520
89375	0.536
89425	0.524
89475	0.520
89525	0.512
89575	0.496
89625	0.452
89675	0.440
89725	0.424
89775	0.420
89825	0.424
89875	0.440
89925	0.448
89975	0.448
90025	0.440
90075	0.432
90125	0.416
90175	0.376
90225	0.340
90275	0.352
90325	0.392
90375	0.448
90425	0.508
90475	0.564
90525	0.584
90575	0.572
90625	0.552
90675	0.536
90725	0.540
90775	0.528
90825	0.532
90875	0.536
90925	0.540
90975	0.536
91025	0.520
91075	0.520
91125	0.508
91175	0.492
91225	0.480
91275	0.480
91325	0.480
91375	0.484
91425	0.484
91475	0.484
91525	0.484
91575	0.476
91625	0.476
91675	0.484
91725	0.508
91775	0.540
91825	0.520
91875	0.540
91925	0.548
91975	0.516
92025	0.476
92075	0.472
92125	0.456
92175	0.456
92225	0.432
92275	0.436
92325	0.456
92375	0.420
92425	0.416
92475	0.432
92525	0.416
92575	0.400
92625	0.400
92675	0.372
92725	0.388
92775	0.360
92825	0.372
92875	0.376
92925	0.392
92975	0.384
93025	0.448
93075	0.452
93125	0.492
93175	0.500
93225	0.520
93275	0.504
93325	0.508
93375	0.504
93425	0.500
93475	0.488
93525	0.484
93575	0.464
93625	0.420
93675	0.424
93725	0.444
93775	0.416
93825	0.412
93875	0.448
93925	0.464
93975	0.460
94025	0.492
94075	0.492
94125	0.464
94175	0.416
94225	0.388
94275	0.384
94325	0.408
94375	0.412
94425	0.436
94475	0.460
94525	0.452
94575	0.448
94625	0.468
94675	0.444
94725	0.440
94775	0.452
94825	0.456
94875	0.460
94925	0.476
94975	0.472
95025	0.472
95075	0.464
95125	0.456
95175	0.456
95225	0.428
95275	0.408
95325	0.376
95375	0.356
95425	0.372
95475	0.380
95525	0.400
95575	0.436
95625	0.444
95675	0.424
95725	0.468
95775	0.456
95825	0.452
95875	0.444
95925	0.476
95975	0.496
96025	0.504
96075	0.484
96125	0.524
96175	0.500
96225	0.432
96275	0.416
96325	0.444
96375	0.448
96425	0.452
96475	0.464
96525	0.496
96575	0.492
96625	0.480
96675	0.480
96725	0.484
96775	0.476
96825	0.484
96875	0.476
96925	0.468
96975	0.472
97025	0.452
97075	0.424
97125	0.440
97175	0.460
97225	0.444
97275	0.464
97325	0.464
97375	0.436
97425	0.424
97475	0.448
97525	0.408
97575	0.408
97625	0.368
97675	0.332
97725	0.316
97775	0.348
97825	0.368
97875	0.440
97925	0.488
97975	0.512
98025	0.528
98075	0.536
98125	0.540
98175	0.528
98225	0.544
98275	0.564
98325	0.560
98375	0.544
98425	0.568
98475	0.540
98525	0.528
98575	0.532
98625	0.544
98675	0.516
98725	0.532
98775	0.540
98825	0.540
98875	0.524
98925	0.564
98975	0.568
99025	0.568
99075	0.544
99125	0.544
99175	0.496
99225	0.472
99275	0.452
99325	0.468
99375	0.464
99425	0.468
99475	0.484
99525	0.492
99575	0.472
99625	0.484
99675	0.488
99725	0.452
99775	0.424
99825	0.412
99875	0.412
99925	0.432
99975	0.444
100025	0.448
100075	0.476
100125	0.464
100175	0.448
100225	0.432
100275	0.448
100325	0.456
100375	0.420
100425	0.428
100475	0.460
100525	0.476
100575	0.492
100625	0.528
100675	0.540
100725	0.560
100775	0.548
100825	0.516
100875	0.512
100925	0.496
100975	0.480
101025	0.472
101075	0.508
101125	0.520
101175	0.544
101225	0.536
101275	0.536
101325	0.528
101375	0.524
101425	0.488
101475	0.496
101525	0.512
101575	0.516
101625	0.532
101675	0.576
101725	0.556
101775	0.572
101825	0.568
101875	0.548
101925	0.504
101975	0.488
102025	0.468
102075	0.460
102125	0.488
102175	0.512
102225	0.540
102275	0.524
102325	0.504
102375	0.464
102425	0.448
102475	0.440
102525	0.464
102575	0.480
102625	0.488
102675	0.496
102725	0.536
102775	0.504
102825	0.512
102875	0.532
102925	0.540
102975	0.520
103025	0.548
103075	0.524
103125	0.496
103175	0.496
103225	0.500
103275	0.492
103325	0.520
103375	0.544
103425	0.540
103475	0.536
103525	0.508
103575	0.492
103625	0.480
103675	0.476
103725	0.452
103775	0.476
103825	0.464
103875	0.460
103925	0.452
103975	0.452
104025	0.444
104075	0.480
104125	0.472
104175	0.456
104225	0.452
104275	0.460
104325	0.424
104375	0.416
104425	0.400
104475	0.420
104525	0.404
104575	0.396
104625	0.428
104675	0.444
104725	0.432
104775	0.464
104825	0.476
104875	0.452
104925	0.488
104975	0.504
105025	0.456
105075	0.444
105125	0.440
105175	0.432
105225	0.428
105275	0.408
105325	0.436
105375	0.452
105425	0.448
105475	0.464
105525	0.512
105575	0.480
105625	0.456
105675	0.432
105725	0.412
105775	0.392
105825	0.420
105875	0.436
105925	0.420
105975	0.416
106025	0.432
106075	0.404
106125	0.400
106175	0.400
106225	0.400
106275	0.380
106325	0.400
106375	0.416
106425	0.452
106475	0.460
106525	0.468
106575	0.472
106625	0.484
106675	0.464
106725	0.464
106775	0.504
106825	0.492
106875	0.468
106925	0.484
106975	0.472
107025	0.436
107075	0.436
107125	0.448
107175	0.428
107225	0.472
107275	0.480
107325	0.484
107375	0.456
107425	0.460
107475	0.408
107525	0.408
107575	0.400
107625	0.424
107675	0.448
107725	0.480
107775	0.468
107825	0.476
107875	0.468
107925	0.440
107975	0.432
108025	0.464
108075	0.460
108125	0.472
108175	0.468
108225	0.432
108275	0.420
108325	0.440
108375	0.416
108425	0.428
108475	0.448
108525	0.436
108575	0.400
108625	0.428
108675	0.444
108725	0.444
108775	0.440
108825	0.460
108875	0.460
108925	0.464
108975	0.480
109025	0.488
109075	0.472
109125	0.464
109175	0.488
109225	0.468
109275	0.464
109325	0.488
109375	0.480
109425	0.444
109475	0.472
109525	0.452
109575	0.432
109625	0.424
109675	0.428
109725	0.424
109775	0.400
109825	0.376
109875	0.368
109925	0.368
109975	0.364
110025	0.400
110075	0.424
110125	0.480
110175	0.464
110225	0.436
110275	0.436
110325	0.460
110375	0.420
110425	0.416
110475	0.432
110525	0.480
110575	0.492
110625	0.496
110675	0.524
110725	0.524
110775	0.476
110825	0.484
110875	0.488
110925	0.440
110975	0.452
111025	0.468
111075	0.424
111125	0.428
111175	0.492
111225	0.476
111275	0.468
111325	0.488
111375	0.484
111425	0.480
111475	0.488
111525	0.496
111575	0.468
111625	0.448
111675	0.424
111725	0.424
111775	0.408
111825	0.432
111875	0.460
111925	0.468
111975	0.460
112025	0.484
112075	0.480
112125	0.456
112175	0.464
112225	0.464
112275	0.440
112325	0.436
112375	0.464
112425	0.444
112475	0.468
112525	0.492
112575	0.492
112625	0.488
112675	0.512
112725	0.480
112775	0.464
112825	0.452
112875	0.472
112925	0.468
112975	0.464
113025	0.448
113075	0.472
113125	0.428
113175	0.428
113225	0.452
113275	0.480
113325	0.472
113375	0.484
113425	0.488
113475	0.508
113525	0.504
113575	0.536
113625	0.552
113675	0.564
113725	0.540
113775	0.544
113825	0.528
113875	0.524
113925	0.504
113975	0.508
114025	0.504
114075	0.496
114125	0.488
114175	0.480
114225	0.448
114275	0.444
114325	0.416
114375	0.420
114425	0.412
114475	0.440
114525	0.444
114575	0.444
114625	0.452
114675	0.448
114725	0.468
114775	0.460
114825	0.520
114875	0.536
114925	0.564
114975	0.544
115025	0.564
115075	0.528
115125	0.496
115175	0.460
115225	0.468
115275	0.452
115325	0.464
115375	0.464
115425	0.496
115475	0.500
115525	0.500
115575	0.516
115625	0.532
115675	0.532
115725	0.520
115775	0.512
115825	0.480
115875	0.464
115925	0.436
115975	0.452
116025	0.452
116075	0.484
116125	0.496
116175	0.504
116225	0.500
116275	0.512
116325	0.488
116375	0.500
116425	0.504
116475	0.484
116525	0.484
116575	0.504
116625	0.456
116675	0.476
116725	0.472
116775	0.456
116825	0.444
116875	0.488
116925	0.492
116975	0.484
117025	0.496
117075	0.480
117125	0.452
117175	0.440
117225	0.456
117275	0.452
117325	0.468
117375	0.484
117425	0.476
117475	0.472
117525	0.448
117575	0.424
117625	0.416
117675	0.400
117725	0.396
117775	0.416
117825	0.432
117875	0.448
117925	0.460
117975	0.452
118025	0.448
118075	0.436
118125	0.440
118175	0.436
118225	0.444
118275	0.436
118325	0.456
118375	0.440
118425	0.440
118475	0.440
118525	0.456
118575	0.424
118625	0.408
118675	0.400
118725	0.400
118775	0.388
118825	0.372
118875	0.384
118925	0.400
118975	0.420
119025	0.456
119075	0.488
119125	0.504
119175	0.532
119225	0.560
119275	0.564
119325	0.528
119375	0.528
119425	0.476
119475	0.428
119525	0.396
119575	0.448
119625	0.420
119675	0.424
119725	0.444
119775	0.440
119825	0.432
119875	0.436
119925	0.460
119975	0.432
120025	0.448
120075	0.440
120125	0.428
120175	0.428
120225	0.432
120275	0.416
120325	0.440
120375	0.496
120425	0.504
120475	0.544
120525	0.588
120575	0.564
120625	0.532
120675	0.536
120725	0.536
120775	0.516
120825	0.548
120875	0.540
120925	0.512
120975	0.504
121025	0.520
121075	0.456
121125	0.452
121175	0.460
121225	0.472
121275	0.448
121325	0.500
121375	0.508
121425	0.528
121475	0.496
121525	0.504
121575	0.512
121625	0.500
121675	0.488
121725	0.512
121775	0.516
121825	0.540
121875	0.568
121925	0.568
121975	0.572
122025	0.564
122075	0.552
122125	0.564
122175	0.580
122225	0.560
122275	0.556
122325	0.560
122375	0.528
122425	0.516
122475	0.528
122525	0.564
122575	0.544
122625	0.572
122675	0.584
122725	0.560
122775	0.516
122825	0.500
122875	0.516
122925	0.508
122975	0.536
123025	0.524
123075	0.532
123125	0.500
123175	0.484
123225	0.468
123275	0.468
123325	0.444
123375	0.436
123425	0.452
123475	0.456
123525	0.472
123575	0.500
123625	0.540
123675	0.548
123725	0.532
123775	0.528
123825	0.496
123875	0.448
123925	0.428
123975	0.416
124025	0.424
124075	0.420
124125	0.396
124175	0.380
124225	0.408
124275	0.400
124325	0.440
124375	0.472
124425	0.468
124475	0.460
124525	0.448
124575	0.444
124625	0.464
124675	0.488
124725	0.500
124775	0.516
124825	0.476
124875	0.444
124925	0.428
124975	0.396
125025	0.376
125075	0.400
125125	0.416
125175	0.432
125225	0.440
125275	0.456
125325	0.476
125375	0.476
125425	0.476
125475	0.492
125525	0.512
125575	0.472
125625	0.452
125675	0.428
125725	0.412
125775	0.408
125825	0.436
125875	0.456
125925	0.484
125975	0.524
126025	0.508
126075	0.504
126125	0.500
126175	0.492
126225	0.444
126275	0.440
126325	0.444
126375	0.436
126425	0.456
126475	0.444
126525	0.460
126575	0.468
126625	0.472
126675	0.456
126725	0.476
126775	0.440
126825	0.436
126875	0.416
126925	0.424
126975	0.452
127025	0.468
127075	0.476
127125	0.528
127175	0.528
127225	0.512
127275	0.556
127325	0.536
127375	0.508
127425	0.528
127475	0.536
127525	0.508
127575	0.524
127625	0.528
127675	0.512
127725	0.508
127775	0.520
127825	0.520
127875	0.536
127925	0.536
127975	0.528
128025	0.500
128075	0.484
128125	0.460
128175	0.448
128225	0.448
128275	0.456
128325	0.464
128375	0.460
128425	0.460
128475	0.500
128525	0.516
128575	0.536
128625	0.560
128675	0.576
128725	0.568
128775	0.580
128825	0.544
128875	0.564
128925	0.544
128975	0.528
129025	0.512
129075	0.544
129125	0.520
129175	0.528
129225	0.528
129275	0.532
129325	0.512
129375	0.504
129425	0.524
129475	0.524
129525	0.548
129575	0.548
129625	0.564
129675	0.536
129725	0.540
129775	0.524
129825	0.532
129875	0.536
129925	0.536
129975	0.520
130025	0.528
130075	0.540
130125	0.512
130175	0.552
130225	0.528
130275	0.508
130325	0.528
130375	0.548
130425	0.516
130475	0.548
130525	0.564
130575	0.556
130625	0.568
130675	0.588
130725	0.588
130775	0.596
130825	0.576
130875	0.584
130925	0.552
130975	0.556
131025	0.560
131075	0.576
131125	0.536
131175	0.552
131225	0.560
131275	0.564
131325	0.524
131375	0.536
131425	0.524
131475	0.500
131525	0.484
131575	0.488
131625	0.496
131675	0.508
131725	0.524
131775	0.528
131825	0.540
131875	0.552
131925	0.572
131975	0.568
132025	0.568
132075	0.604
132125	0.608
132175	0.596
132225	0.604
132275	0.564
132325	0.516
132375	0.468
132425	0.424
132475	0.416
132525	0.464
132575	0.472
132625	0.484
132675	0.524
132725	0.516
132775	0.472
132825	0.444
132875	0.460
132925	0.440
132975	0.420
133025	0.444
133075	0.472
133125	0.444
133175	0.436
133225	0.484
133275	0.472
133325	0.480
133375	0.488
133425	0.504
133475	0.476
133525	0.472
133575	0.452
133625	0.472
133675	0.480
133725	0.480
133775	0.508
133825	0.520
133875	0.492
133925	0.468
133975	0.492
134025	0.468
134075	0.480
134125	0.508
134175	0.524
134225	0.492
134275	0.488
134325	0.476
134375	0.468
134425	0.464
134475	0.484
134525	0.480
134575	0.476
134625	0.464
134675	0.468
134725	0.456
134775	0.468
134825	0.496
134875	0.536
134925	0.524
134975	0.516
135025	0.496
135075	0.480
135125	0.452
135175	0.484
135225	0.484
135275	0.492
135325	0.468
135375	0.468
135425	0.432
135475	0.428
135525	0.424
135575	0.424
135625	0.444
135675	0.460
135725	0.440
135775	0.420
135825	0.404
135875	0.356
135925	0.332
135975	0.368
136025	0.384
136075	0.372
136125	0.388
136175	0.384
136225	0.348
136275	0.348
136325	0.400
136375	0.380
136425	0.356
136475	0.356
136525	0.336
136575	0.320
136625	0.356
136675	0.356
136725	0.348
136775	0.352
136825	0.312
136875	0.244
136925	0.256
136975	0.252
137025	0.228
137075	0.276
137125	0.320
137175	0.348
137225	0.404
137275	0.484
137325	0.504
137375	0.528
137425	0.576
137475	0.600
137525	0.604
137575	0.612
137625	0.636
137675	0.612
137725	0.596
137775	0.560
137825	0.544
137875	0.536
137925	0.540
137975	0.528
138025	0.552
138075	0.560
138125	0.556
138175	0.552
138225	0.560
138275	0.544
138325	0.540
138375	0.520
138425	0.512
138475	0.512
138525	0.512
138575	0.484
138625	0.508
138675	0.492
138725	0.476
138775	0.468
138825	0.492
138875	0.472
138925	0.492
138975	0.520
139025	0.572
139075	0.576
139125	0.600
139175	0.604
139225	0.596
139275	0.556
139325	0.568
139375	0.572
139425	0.580
139475	0.580
139525	0.588
139575	0.572
139625	0.552
139675	0.560
139725	0.532
139775	0.532
139825	0.532
139875	0.520
139925	0.520
139975	0.536
140025	0.524
140075	0.536
140125	0.544
140175	0.520
140225	0.500
140275	0.524
140325	0.516
140375	0.528
140425	0.540
140475	0.560
140525	0.536
140575	0.540
140625	0.536
140675	0.520
140725	0.516
140775	0.516
140825	0.496
140875	0.492
140925	0.532
140975	0.544
141025	0.552
141075	0.568
141125	0.568
141175	0.548
141225	0.544
141275	0.548
141325	0.556
141375	0.560
141425	0.548
141475	0.544
141525	0.552
141575	0.548
141625	0.568
141675	0.576
141725	0.588
141775	0.584
141825	0.580
141875	0.548
141925	0.504
141975	0.484
142025	0.460
142075	0.456
142125	0.432
142175	0.440
142225	0.416
142275	0.412
142325	0.384
142375	0.424
142425	0.444
142475	0.496
142525	0.520
142575	0.544
142625	0.536
142675	0.564
142725	0.540
142775	0.540
142825	0.544
142875	0.540
142925	0.532
142975	0.532
143025	0.516
143075	0.528
143125	0.544
143175	0.524
143225	0.520
143275	0.524
143325	0.512
143375	0.488
143425	0.484
143475	0.472
143525	0.480
143575	0.480
143625	0.464
143675	0.492
143725	0.512
143775	0.508
143825	0.492
143875	0.536
143925	0.508
143975	0.480
144025	0.464
144075	0.468
144125	0.452
144175	0.456
144225	0.496
144275	0.536
144325	0.568
144375	0.552
144425	0.564
144475	0.560
144525	0.536
144575	0.484
144625	0.452
144675	0.436
144725	0.388
144775	0.348
144825	0.380
144875	0.412
144925	0.432
144975	0.476
145025	0.516
145075	0.512
145125	0.516
145175	0.508
145225	0.480
145275	0.484
145325	0.484
145375	0.484
145425	0.452
145475	0.456
145525	0.448
145575	0.452
145625	0.456
145675	0.456
145725	0.468
145775	0.452
145825	0.452
145875	0.456
145925	0.496
145975	0.496
146025	0.512
146075	0.484
146125	0.504
146175	0.488
146225	0.484
146275	0.516
146325	0.520
146375	0.492
146425	0.516
146475	0.508
146525	0.464
146575	0.484
146625	0.480
146675	0.456
146725	0.472
146775	0.496
146825	0.508
146875	0.524
146925	0.512
146975	0.480
147025	0.448
147075	0.412
147125	0.388
147175	0.380
147225	0.376
147275	0.360
147325	0.388
147375	0.420
147425	0.444
147475	0.472
147525	0.512
147575	0.480
147625	0.484
147675	0.472
147725	0.484
147775	0.500
147825	0.568
147875	0.576
147925	0.616
147975	0.624
148025	0.616
148075	0.576
148125	0.568
148175	0.548
148225	0.544
148275	0.584
148325	0.588
148375	0.564
148425	0.556
148475	0.548
148525	0.508
148575	0.512
148625	0.524
148675	0.536
148725	0.532
148775	0.548
148825	0.524
148875	0.512
148925	0.492
148975	0.500
149025	0.452
149075	0.452
149125	0.444
149175	0.440
149225	0.452
149275	0.492
149325	0.512
149375	0.524
149425	0.576
149475	0.556
149525	0.548
149575	0.552
149625	0.556
149675	0.520
149725	0.544
149775	0.556
149825	0.556
149875	0.584
149925	0.600
149975	0.592
150025	0.600
150075	0.592
150125	0.544
150175	0.536
150225	0.532
150275	0.508
150325	0.496
150375	0.540
150425	0.536
150475	0.504
150525	0.496
150575	0.476
150625	0.440
150675	0.424
150725	0.448
150775	0.436
150825	0.428
150875	0.424
150925	0.420
150975	0.440
151025	0.456
151075	0.484
151125	0.504
151175	0.500
151225	0.492
151275	0.496
151325	0.512
151375	0.524
151425	0.532
151475	0.516
151525	0.556
151575	0.540
151625	0.544
151675	0.556
151725	0.536
151775	0.496
151825	0.504
151875	0.516
151925	0.516
151975	0.568
152025	0.604
152075	0.568
152125	0.560
152175	0.572
152225	0.580
152275	0.540
152325	0.584
152375	0.572
152425	0.580
152475	0.536
152525	0.532
152575	0.520
152625	0.500
152675	0.472
152725	0.500
152775	0.548
152825	0.588
152875	0.604
152925	0.612
152975	0.616
153025	0.572
153075	0.512
153125	0.524
153175	0.500
153225	0.476
153275	0.452
153325	0.492
153375	0.496
153425	0.528
153475	0.544
153525	0.568
153575	0.544
153625	0.540
153675	0.540
153725	0.532
153775	0.560
153825	0.600
153875	0.580
153925	0.584
153975	0.592
154025	0.580
154075	0.548
154125	0.572
154175	0.556
154225	0.528
154275	0.540
154325	0.544
154375	0.520
154425	0.548
154475	0.568
154525	0.532
154575	0.536
154625	0.552
154675	0.536
154725	0.548
154775	0.572
154825	0.564
154875	0.560
154925	0.556
154975	0.564
155025	0.552
155075	0.572
155125	0.576
155175	0.584
155225	0.568
155275	0.580
155325	0.552
155375	0.544
155425	0.568
155475	0.544
155525	0.548
155575	0.548
155625	0.548
155675	0.528
155725	0.556
155775	0.544
155825	0.556
155875	0.560
155925	0.552
155975	0.528
156025	0.512
156075	0.512
156125	0.492
156175	0.496
156225	0.540
156275	0.572
156325	0.552
156375	0.528
156425	0.500
156475	0.444
156525	0.392
156575	0.384
156625	0.392
156675	0.328
156725	0.336
156775	0.348
156825	0.356
156875	0.360
156925	0.392
156975	0.360
157025	0.372
157075	0.372
157125	0.372
157175	0.376
157225	0.424
157275	0.424
157325	0.472
157375	0.504
157425	0.580
157475	0.588
157525	0.608
157575	0.588
157625	0.584
157675	0.512
157725	0.500
157775	0.488
157825	0.508
157875	0.500
157925	0.544
157975	0.560
158025	0.600
158075	0.580
158125	0.600
158175	0.616
158225	0.628
158275	0.620
158325	0.632
158375	0.620
158425	0.632
158475	0.636
158525	0.628
158575	0.624
158625	0.644
158675	0.644
158725	0.632
158775	0.600
158825	0.568
158875	0.552
158925	0.516
158975	0.492
159025	0.512
159075	0.520
159125	0.508
159175	0.476
159225	0.496
159275	0.444
159325	0.428
159375	0.384
159425	0.416
159475	0.400
159525	0.428
159575	0.460
159625	0.512
159675	0.480
159725	0.412
159775	0.396
159825	0.356
159875	0.376
159925	0.408
159975	0.444
160025	0.468
160075	0.476
160125	0.420
160175	0.436
160225	0.464
160275	0.452
160325	0.484
160375	0.520
160425	0.496
160475	0.472
160525	0.436
160575	0.380
160625	0.384
160675	0.388
160725	0.412
160775	0.452
160825	0.496
160875	0.484
160925	0.508
160975	0.544
161025	0.544
161075	0.564
161125	0.572
161175	0.552
161225	0.536
161275	0.556
161325	0.556
161375	0.564
161425	0.584
161475	0.564
161525	0.552
161575	0.524
161625	0.516
161675	0.488
161725	0.516
161775	0.528
161825	0.548
161875	0.548
161925	0.556
161975	0.552
162025	0.544
162075	0.536
162125	0.512
162175	0.504
162225	0.488
162275	0.492
162325	0.504
162375	0.508
162425	0.520
162475	0.520
162525	0.500
162575	0.492
162625	0.496
162675	0.488
162725	0.508
162775	0.536
162825	0.524
162875	0.532
162925	0.564
162975	0.528
163025	0.536
163075	0.536
163125	0.536
163175	0.500
163225	0.516
163275	0.484
163325	0.496
163375	0.508
163425	0.512
163475	0.516
163525	0.532
163575	0.516
163625	0.540
163675	0.568
163725	0.608
163775	0.620
163825	0.632
163875	0.612
163925	0.608
163975	0.580
164025	0.588
164075	0.636
164125	0.656
164175	0.668
164225	0.676
164275	0.636
164325	0.548
164375	0.496
164425	0.496
164475	0.504
164525	0.536
164575	0.588
164625	0.604
164675	0.584
164725	0.520
164775	0.496
164825	0.488
164875	0.508
164925	0.488
164975	0.476
165025	0.464
165075	0.472
165125	0.452
165175	0.492
165225	0.544
165275	0.560
165325	0.536
165375	0.544
165425	0.524
165475	0.524
165525	0.528
165575	0.532
165625	0.528
165675	0.504
165725	0.496
165775	0.504
165825	0.524
165875	0.520
165925	0.556
165975	0.572
166025	0.568
166075	0.588
166125	0.596
166175	0.552
166225	0.544
166275	0.536
166325	0.480
166375	0.476
166425	0.488
166475	0.492
166525	0.508
166575	0.544
166625	0.524
166675	0.524
166725	0.516
166775	0.508
166825	0.480
166875	0.504
166925	0.524
166975	0.520
167025	0.512
167075	0.560
167125	0.568
167175	0.568
167225	0.564
167275	0.596
167325	0.556
167375	0.544
167425	0.564
167475	0.604
167525	0.596
167575	0.612
167625	0.604
167675	0.584
167725	0.572
167775	0.572
167825	0.576
167875	0.556
167925	0.536
167975	0.524
168025	0.516
168075	0.476
168125	0.516
168175	0.504
168225	0.480
168275	0.488
168325	0.516
168375	0.520
168425	0.560
168475	0.596
168525	0.592
168575	0.588
168625	0.576
168675	0.580
168725	0.552
168775	0.548
168825	0.564
168875	0.584
168925	0.596
168975	0.616
169025	0.632
169075	0.636
169125	0.608
169175	0.584
169225	0.556
169275	0.524
169325	0.516
169375	0.492
169425	0.492
169475	0.500
169525	0.496
169575	0.488
169625	0.484
169675	0.452
169725	0.424
169775	0.412
169825	0.420
169875	0.376
169925	0.408
169975	0.428
170025	0.436
170075	0.424
170125	0.512
170175	0.500
170225	0.484
170275	0.496
170325	0.468
170375	0.444
170425	0.424
170475	0.428
170525	0.400
170575	0.432
170625	0.432
170675	0.440
170725	0.460
170775	0.468
170825	0.452
170875	0.456
170925	0.456
170975	0.456
171025	0.504
171075	0.504
171125	0.520
171175	0.528
171225	0.552
171275	0.552
171325	0.564
171375	0.580
171425	0.584
171475	0.560
171525	0.540
171575	0.520
171625	0.488
171675	0.488
171725	0.480
171775	0.480
171825	0.524
171875	0.524
171925	0.528
171975	0.564
172025	0.576
172075	0.548
172125	0.576
172175	0.596
172225	0.584
172275	0.580
172325	0.588
172375	0.560
172425	0.556
172475	0.556
172525	0.552
172575	0.544
172625	0.552
172675	0.552
172725	0.524
172775	0.532
172825	0.540
172875	0.540
172925	0.532
172975	0.532
173025	0.532
173075	0.512
173125	0.520
173175	0.532
173225	0.536
173275	0.488
173325	0.508
173375	0.508
173425	0.508
173475	0.532
173525	0.544
173575	0.560
173625	0.576
173675	0.556
173725	0.540
173775	0.552
173825	0.560
173875	0.536
173925	0.536
173975	0.556
174025	0.580
174075	0.560
174125	0.576
174175	0.568
174225	0.552
174275	0.536
174325	0.564
174375	0.560
174425	0.556
174475	0.532
174525	0.536
174575	0.516
174625	0.476
174675	0.464
174725	0.468
174775	0.444
174825	0.424
174875	0.392
174925	0.384
174975	0.408
175025	0.448
175075	0.404
175125	0.400
175175	0.400
175225	0.408
175275	0.344
175325	0.368
175375	0.416
175425	0.456
175475	0.428
175525	0.432
175575	0.444
175625	0.468
175675	0.468
175725	0.496
175775	0.544
175825	0.544
175875	0.544
175925	0.524
175975	0.512
176025	0.480
176075	0.488
176125	0.468
176175	0.496
176225	0.516
176275	0.540
176325	0.552
176375	0.564
176425	0.548
176475	0.516
176525	0.484
176575	0.484
176625	0.464
176675	0.476
176725	0.508
176775	0.520
176825	0.500
176875	0.512
176925	0.456
176975	0.464
177025	0.464
177075	0.476
177125	0.460
177175	0.476
177225	0.420
177275	0.412
177325	0.408
177375	0.400
177425	0.396
177475	0.376
177525	0.380
177575	0.400
177625	0.400
177675	0.400
177725	0.428
177775	0.456
177825	0.416
177875	0.432
177925	0.412
177975	0.424
178025	0.384
178075	0.420
178125	0.428
178175	0.476
178225	0.464
178275	0.452
178325	0.444
178375	0.452
178425	0.452
178475	0.500
178525	0.556
178575	0.592
178625	0.604
178675	0.612
178725	0.604
178775	0.616
178825	0.616
178875	0.608
178925	0.628
178975	0.636
179025	0.628
179075	0.612
179125	0.628
179175	0.612
179225	0.592
179275	0.564
179325	0.560
179375	0.560
179425	0.556
179475	0.548
179525	0.568
179575	0.552
179625	0.540
179675	0.528
179725	0.532
179775	0.532
179825	0.540
179875	0.548
179925	0.556
179975	0.504
180025	0.452
180075	0.424
180125	0.392
180175	0.396
180225	0.464
180275	0.524
180325	0.544
180375	0.576
180425	0.568
180475	0.508
180525	0.496
180575	0.492
180625	0.472
180675	0.480
180725	0.516
180775	0.500
180825	0.516
180875	0.532
180925	0.520
180975	0.552
181025	0.556
181075	0.540
181125	0.540
181175	0.552
181225	0.516
181275	0.528
181325	0.528
181375	0.512
181425	0.476
181475	0.500
181525	0.512
181575	0.496
181625	0.488
181675	0.492
181725	0.488
181775	0.468
181825	0.492
181875	0.516
181925	0.544
181975	0.544
182025	0.556
182075	0.544
182125	0.556
182175	0.560
182225	0.524
182275	0.492
182325	0.468
182375	0.428
182425	0.412
182475	0.420
182525	0.444
182575	0.484
182625	0.508
182675	0.516
182725	0.504
182775	0.512
182825	0.504
182875	0.480
182925	0.456
182975	0.488
183025	0.500
183075	0.520
183125	0.544
183175	0.540
183225	0.544
183275	0.512
183325	0.500
183375	0.508
183425	0.536
183475	0.488
183525	0.476
183575	0.464
183625	0.456
183675	0.452
183725	0.480
183775	0.504
183825	0.528
183875	0.524
183925	0.544
183975	0.552
184025	0.544
184075	0.524
184125	0.552
184175	0.524
184225	0.524
184275	0.528
184325	0.556
184375	0.548
184425	0.572
184475	0.588
184525	0.632
184575	0.600
184625	0.584
184675	0.588
184725	0.592
184775	0.552
184825	0.552
184875	0.564
184925	0.564
184975	0.556
185025	0.560
185075	0.572
185125	0.576
185175	0.572
185225	0.564
185275	0.556
185325	0.540
185375	0.504
185425	0.480
185475	0.492
185525	0.476
185575	0.448
185625	0.448
185675	0.456
185725	0.448
185775	0.496
185825	0.532
185875	0.540
185925	0.548
185975	0.556
186025	0.528
186075	0.536
186125	0.544
186175	0.528
186225	0.496
186275	0.464
186325	0.436
186375	0.408
186425	0.376
186475	0.356
186525	0.360
186575	0.368
186625	0.400
186675	0.420
186725	0.444
186775	0.452
186825	0.468
186875	0.440
186925	0.476
186975	0.516
187025	0.512
187075	0.508
187125	0.548
187175	0.520
187225	0.468
187275	0.464
187325	0.424
187375	0.380
187425	0.384
187475	0.380
187525	0.388
187575	0.404
187625	0.420
187675	0.428
187725	0.420
187775	0.448
187825	0.496
187875	0.464
187925	0.464
187975	0.512
188025	0.504
188075	0.492
188125	0.564
188175	0.584
188225	0.536
188275	0.512
188325	0.532
188375	0.484
188425	0.468
188475	0.512
188525	0.524
188575	0.492
188625	0.468
188675	0.468
188725	0.456
188775	0.448
188825	0.412
188875	0.436
188925	0.456
188975	0.452
189025	0.464
189075	0.492
189125	0.500
189175	0.484
189225	0.520
189275	0.528
189325	0.520
189375	0.540
189425	0.540
189475	0.516
189525	0.536
189575	0.532
189625	0.516
189675	0.512
189725	0.532
189775	0.520
189825	0.540
189875	0.540
189925	0.544
189975	0.524
190025	0.496
190075	0.500
190125	0.508
190175	0.496
190225	0.492
190275	0.532
190325	0.544
190375	0.532
190425	0.528
190475	0.516
190525	0.500
190575	0.488
190625	0.496
190675	0.520
190725	0.576
190775	0.580
190825	0.584
190875	0.592
190925	0.604
190975	0.568
191025	0.580
191075	0.572
191125	0.592
191175	0.592
191225	0.604
191275	0.592
191325	0.608
191375	0.588
191425	0.572
191475	0.588
191525	0.600
191575	0.588
191625	0.584
191675	0.588
191725	0.596
191775	0.572
191825	0.536
191875	0.536
191925	0.512
191975	0.472
192025	0.460
192075	0.492
192125	0.464
192175	0.480
192225	0.488
192275	0.492
192325	0.492
192375	0.504
192425	0.508
192475	0.508
192525	0.496
192575	0.500
192625	0.488
192675	0.492
192725	0.456
192775	0.472
192825	0.472
192875	0.488
192925	0.488
192975	0.520
193025	0.496
193075	0.492
193125	0.504
193175	0.484
193225	0.488
193275	0.500
193325	0.496
193375	0.496
193425	0.496
193475	0.452
193525	0.480
193575	0.496
193625	0.476
193675	0.500
193725	0.516
193775	0.500
193825	0.476
193875	0.492
193925	0.484
193975	0.504
194025	0.520
194075	0.516
194125	0.500
194175	0.500
194225	0.512
194275	0.516
194325	0.556
194375	0.588
194425	0.564
194475	0.556
194525	0.524
194575	0.496
194625	0.484
194675	0.504
194725	0.484
194775	0.500
194825	0.496
194875	0.488
194925	0.492
194975	0.496
195025	0.492
195075	0.532
195125	0.524
195175	0.504
195225	0.544
195275	0.572
195325	0.556
195375	0.572
195425	0.568
195475	0.564
195525	0.568
195575	0.556
195625	0.556
195675	0.584
195725	0.552
195775	0.508
195825	0.484
195875	0.484
195925	0.492
195975	0.488
196025	0.508
196075	0.544
196125	0.536
196175	0.528
196225	0.556
196275	0.568
196325	0.560
196375	0.580
196425	0.580
196475	0.560
196525	0.540
196575	0.568
196625	0.604
196675	0.604
196725	0.616
196775	0.624
196825	0.624
196875	0.604
196925	0.604
196975	0.580
197025	0.596
197075	0.560
197125	0.532
197175	0.532
197225	0.552
197275	0.544
197325	0.552
197375	0.536
197425	0.552
197475	0.560
197525	0.536
197575	0.540
197625	0.580
197675	0.560
197725	0.556
197775	0.560
197825	0.528
197875	0.488
197925	0.468
197975	0.428
198025	0.420
198075	0.428
198125	0.400
198175	0.404
198225	0.420
198275	0.404
198325	0.376
198375	0.368
198425	0.368
198475	0.396
198525	0.432
198575	0.488
198625	0.532
198675	0.552
198725	0.544
198775	0.556
198825	0.536
198875	0.548
198925	0.536
198975	0.552
199025	0.568
199075	0.584
199125	0.572
199175	0.584
199225	0.584
199275	0.560
199325	0.556
199375	0.580
199425	0.584
199475	0.564
199525	0.580
199575	0.580
199625	0.576
199675	0.572
199725	0.580
199775	0.588
199825	0.592
199875	0.592
199925	0.600
199975	0.608
200025	0.596
200075	0.600
200125	0.552
200175	0.488
200225	0.468
200275	0.456
200325	0.452
200375	0.476
200425	0.504
200475	0.488
200525	0.484
200575	0.448
200625	0.456
200675	0.436
200725	0.424
200775	0.420
200825	0.420
200875	0.388
200925	0.412
200975	0.424
201025	0.372
201075	0.336
201125	0.324
201175	0.304
201225	0.284
201275	0.328
201325	0.380
201375	0.420
201425	0.464
201475	0.508
201525	0.512
201575	0.516
201625	0.556
201675	0.544
201725	0.548
201775	0.580
201825	0.568
201875	0.512
201925	0.520
201975	0.464
202025	0.436
202075	0.464
202125	0.504
202175	0.492
202225	0.520
202275	0.508
202325	0.500
202375	0.496
202425	0.492
202475	0.492
202525	0.500
202575	0.516
202625	0.512
202675	0.504
202725	0.516
202775	0.540
202825	0.528
202875	0.512
202925	0.524
202975	0.552
203025	0.540
203075	0.572
203125	0.600
203175	0.628
203225	0.652
203275	0.664
203325	0.616
203375	0.572
203425	0.576
203475	0.540
203525	0.556
203575	0.592
203625	0.616
203675	0.580
203725	0.524
203775	0.496
203825	0.440
203875	0.460
203925	0.472
203975	0.492
204025	0.472
204075	0.496
204125	0.472
204175	0.472
204225	0.508
204275	0.516
204325	0.508
204375	0.480
204425	0.440
204475	0.396
204525	0.400
204575	0.412
204625	0.420
204675	0.456
204725	0.484
204775	0.504
204825	0.532
204875	0.564
204925	0.572
204975	0.524
205025	0.488
205075	0.492
205125	0.472
205175	0.468
205225	0.524
205275	0.552
205325	0.488
205375	0.476
205425	0.472
205475	0.456
205525	0.396
205575	0.360
205625	0.368
205675	0.372
205725	0.372
205775	0.416
205825	0.472
205875	0.484
205925	0.476
205975	0.508
206025	0.536
206075	0.556
206125	0.564
206175	0.608
206225	0.596
206275	0.612
206325	0.620
206375	0.624
206425	0.588
206475	0.588
206525	0.552
206575	0.544
206625	0.544
206675	0.536
206725	0.524
206775	0.528
206825	0.532
206875	0.536
206925	0.544
206975	0.576
207025	0.592
207075	0.588
207125	0.596
207175	0.628
207225	0.636
207275	0.672
207325	0.696
207375	0.696
207425	0.696
207475	0.684
207525	0.656
207575	0.660
207625	0.668
207675	0.636
207725	0.620
207775	0.580
207825	0.544
207875	0.496
207925	0.472
207975	0.460
208025	0.480
208075	0.476
208125	0.536
208175	0.552
208225	0.596
208275	0.604
208325	0.632
208375	0.572
208425	0.580
208475	0.572
208525	0.580
208575	0.544
208625	0.576
208675	0.616
208725	0.600
208775	0.612
208825	0.656
208875	0.664
208925	0.660
208975	0.644
209025	0.628
209075	0.604
209125	0.592
209175	0.556
209225	0.556
209275	0.544
209325	0.544
209375	0.532
209425	0.508
209475	0.492
209525	0.492
209575	0.472
209625	0.464
209675	0.504
209725	0.552
209775	0.568
209825	0.632
209875	0.664
209925	0.652
209975	0.636
210025	0.628
210075	0.628
210125	0.620
210175	0.628
210225	0.636
210275	0.628
210325	0.556
210375	0.564
210425	0.536
210475	0.488
210525	0.476
210575	0.500
210625	0.464
210675	0.440
210725	0.468
210775	0.488
210825	0.504
210875	0.516
210925	0.552
210975	0.544
211025	0.532
211075	0.488
211125	0.504
211175	0.524
211225	0.520
211275	0.528
211325	0.548
211375	0.532
211425	0.520
211475	0.516
211525	0.516
211575	0.508
211625	0.488
211675	0.500
211725	0.500
211775	0.500
211825	0.516
211875	0.524
211925	0.480
211975	0.492
212025	0.452
212075	0.456
212125	0.472
212175	0.504
212225	0.504
212275	0.552
212325	0.548
212375	0.544
212425	0.536
212475	0.532
212525	0.488
212575	0.460
212625	0.452
212675	0.476
212725	0.460
212775	0.480
212825	0.476
212875	0.480
212925	0.460
212975	0.456
213025	0.448
213075	0.476
213125	0.468
213175	0.472
213225	0.496
213275	0.504
213325	0.516
213375	0.532
213425	0.540
213475	0.544
213525	0.564
213575	0.548
213625	0.544
213675	0.528
213725	0.508
213775	0.476
213825	0.488
213875	0.484
213925	0.488
213975	0.496
214025	0.520
214075	0.544
214125	0.540
214175	0.548
214225	0.596
214275	0.600
214325	0.588
214375	0.608
214425	0.604
214475	0.580
214525	0.568
214575	0.528
214625	0.508
214675	0.504
214725	0.524
214775	0.532
214825	0.544
214875	0.560
214925	0.584
214975	0.552
215025	0.544
215075	0.560
215125	0.560
215175	0.548
215225	0.552
215275	0.560
215325	0.556
215375	0.540
215425	0.536
215475	0.524
215525	0.476
215575	0.464
215625	0.468
215675	0.396
215725	0.384
215775	0.400
215825	0.404
215875	0.380
215925	0.416
215975	0.412
216025	0.364
216075	0.348
216125	0.356
216175	0.380
216225	0.408
216275	0.492
216325	0.552
216375	0.608
216425	0.652
216475	0.680
216525	0.672
216575	0.612
216625	0.556
216675	0.520
216725	0.492
216775	0.488
216825	0.536
216875	0.576
216925	0.588
216975	0.584
217025	0.584
217075	0.552
217125	0.540
217175	0.524
217225	0.508
217275	0.488
217325	0.504
217375	0.496
217425	0.488
217475	0.508
217525	0.484
217575	0.496
217625	0.516
217675	0.528
217725	0.492
217775	0.560
217825	0.580
217875	0.588
217925	0.600
217975	0.640
218025	0.584
218075	0.532
218125	0.496
218175	0.484
218225	0.452
218275	0.472
218325	0.456
218375	0.460
218425	0.488
218475	0.488
218525	0.456
218575	0.468
218625	0.500
218675	0.484
218725	0.512
218775	0.556
218825	0.544
218875	0.504
218925	0.516
218975	0.508
219025	0.500
219075	0.540
219125	0.556
219175	0.552
219225	0.548
219275	0.532
219325	0.480
219375	0.468
219425	0.456
219475	0.468
219525	0.492
219575	0.528
219625	0.516
219675	0.524
219725	0.532
219775	0.564
219825	0.592
219875	0.632
219925	0.612
219975	0.612
220025	0.572
220075	0.552
220125	0.536
220175	0.540
220225	0.548
220275	0.572
220325	0.568
220375	0.580
220425	0.616
220475	0.604
220525	0.604
220575	0.600
220625	0.536
220675	0.524
220725	0.552
220775	0.544
220825	0.536
220875	0.588
220925	0.576
220975	0.544
221025	0.516
221075	0.508
221125	0.492
221175	0.476
221225	0.468
221275	0.480
221325	0.484
221375	0.476
221425	0.476
221475	0.512
221525	0.504
221575	0.500
221625	0.504
221675	0.528
221725	0.516
221775	0.524
221825	0.512
221875	0.524
221925	0.496
221975	0.500
222025	0.492
222075	0.508
222125	0.516
222175	0.520
222225	0.520
222275	0.552
222325	0.588
222375	0.604
222425	0.636
222475	0.580
222525	0.576
222575	0.540
222625	0.516
222675	0.492
222725	0.504
222775	0.460
222825	0.440
222875	0.428
222925	0.392
222975	0.380
223025	0.372
223075	0.392
223125	0.396
223175	0.412
223225	0.420
223275	0.484
223325	0.504
223375	0.532
223425	0.564
223475	0.624
223525	0.592
223575	0.580
223625	0.576
223675	0.552
223725	0.512
223775	0.504
223825	0.500
223875	0.488
223925	0.484
223975	0.480
224025	0.472
224075	0.484
224125	0.460
224175	0.452
224225	0.444
224275	0.464
224325	0.432
224375	0.472
224425	0.496
224475	0.532
224525	0.516
224575	0.548
224625	0.536
224675	0.520
224725	0.484
224775	0.504
224825	0.500
224875	0.516
224925	0.544
224975	0.544
225025	0.540
225075	0.564
225125	0.556
225175	0.540
225225	0.552
225275	0.572
225325	0.544
225375	0.544
225425	0.556
225475	0.552
225525	0.516
225575	0.564
225625	0.580
225675	0.572
225725	0.592
225775	0.632
225825	0.576
225875	0.560
225925	0.548
225975	0.552
226025	0.508
226075	0.504
226125	0.484
226175	0.500
226225	0.496
226275	0.520
226325	0.508
226375	0.536
226425	0.544
226475	0.528
226525	0.528
226575	0.556
226625	0.504
226675	0.436
226725	0.416
226775	0.388
226825	0.388
226875	0.412
226925	0.440
226975	0.456
227025	0.464
227075	0.476
227125	0.456
227175	0.472
227225	0.484
227275	0.496
227325	0.456
227375	0.480
227425	0.480
227475	0.480
227525	0.464
227575	0.504
227625	0.504
227675	0.500
227725	0.484
227775	0.496
227825	0.460
227875	0.476
227925	0.492
227975	0.520
228025	0.540
228075	0.572
228125	0.564
228175	0.576
228225	0.536
228275	0.536
228325	0.532
228375	0.528
228425	0.536
228475	0.576
228525	0.568
228575	0.588
228625	0.592
228675	0.552
228725	0.532
228775	0.520
228825	0.480
228875	0.468
228925	0.480
228975	0.480
229025	0.496
229075	0.496
229125	0.496
229175	0.496
229225	0.496
229275	0.492
229325	0.480
229375	0.480
229425	0.496
229475	0.508
229525	0.516
229575	0.564
229625	0.604
229675	0.568
229725	0.536
229775	0.540
229825	0.496
229875	0.460
229925	0.464
229975	0.460
230025	0.388
230075	0.400
230125	0.356
230175	0.360
230225	0.404
230275	0.452
230325	0.436
230375	0.484
230425	0.504
230475	0.496
230525	0.532
230575	0.560
230625	0.552
230675	0.512
230725	0.504
230775	0.464
230825	0.476
230875	0.488
230925	0.508
230975	0.496
231025	0.496
231075	0.480
231125	0.480
231175	0.508
231225	0.516
231275	0.528
231325	0.528
231375	0.532
231425	0.532
231475	0.524
231525	0.508
231575	0.500
231625	0.492
231675	0.476
231725	0.488
231775	0.516
231825	0.520
231875	0.516
231925	0.500
231975	0.488
232025	0.488
232075	0.504
232125	0.496
232175	0.512
232225	0.540
232275	0.520
232325	0.524
232375	0.556
232425	0.560
232475	0.548
232525	0.580
232575	0.576
232625	0.540
232675	0.552
232725	0.572
232775	0.540
232825	0.520
232875	0.544
232925	0.540
232975	0.512
233025	0.520
233075	0.532
233125	0.536
233175	0.520
233225	0.532
233275	0.540
233325	0.564
233375	0.548
233425	0.548
233475	0.540
233525	0.520
233575	0.460
233625	0.436
233675	0.452
233725	0.448
233775	0.464
233825	0.504
233875	0.512
233925	0.484
233975	0.496
234025	0.500
234075	0.500
234125	0.520
234175	0.508
234225	0.488
234275	0.508
234325	0.508
234375	0.504
234425	0.524
234475	0.520
234525	0.456
234575	0.448
234625	0.464
234675	0.468
234725	0.476
234775	0.520
234825	0.532
234875	0.544
234925	0.532
234975	0.568
235025	0.576
235075	0.592
235125	0.588
235175	0.604
235225	0.560
235275	0.552
235325	0.540
235375	0.524
235425	0.520
235475	0.536
235525	0.540
235575	0.512
235625	0.528
235675	0.532
235725	0.532
235775	0.524
235825	0.536
235875	0.520
235925	0.492
235975	0.452
236025	0.432
236075	0.408
236125	0.384
236175	0.388
236225	0.428
236275	0.428
236325	0.436
236375	0.452
236425	0.444
236475	0.436
236525	0.456
236575	0.472
236625	0.480
236675	0.504
236725	0.508
236775	0.512
236825	0.512
236875	0.504
236925	0.504
236975	0.516
237025	0.516
237075	0.528
237125	0.540
237175	0.564
237225	0.564
237275	0.552
237325	0.560
237375	0.564
237425	0.536
237475	0.516
237525	0.508
237575	0.480
237625	0.460
237675	0.492
237725	0.504
237775	0.500
237825	0.484
237875	0.424
237925	0.360
237975	0.324
238025	0.360
238075	0.400
238125	0.464
238175	0.504
238225	0.552
238275	0.532
238325	0.524
238375	0.552
238425	0.576
238475	0.600
238525	0.612
238575	0.620
238625	0.604
238675	0.604
238725	0.552
238775	0.564
238825	0.580
238875	0.552
238925	0.528
238975	0.560
239025	0.552
239075	0.512
239125	0.536
239175	0.528
239225	0.512
239275	0.496
239325	0.492
239375	0.484
239425	0.496
239475	0.488
239525	0.476
239575	0.488
239625	0.484
239675	0.468
239725	0.476
239775	0.508
239825	0.528
239875	0.540
239925	0.564
239975	0.564
240025	0.564
240075	0.552
240125	0.548
240175	0.548
240225	0.536
240275	0.512
240325	0.508
240375	0.504
240425	0.496
240475	0.516
240525	0.532
240575	0.516
240625	0.504
240675	0.488
240725	0.440
240775	0.396
240825	0.416
240875	0.428
240925	0.404
240975	0.392
241025	0.436
241075	0.392
241125	0.376
241175	0.400
241225	0.432
241275	0.400
241325	0.428
241375	0.408
241425	0.404
241475	0.424
241525	0.416
241575	0.428
241625	0.444
241675	0.440
241725	0.428
241775	0.464
241825	0.416
241875	0.380
241925	0.352
241975	0.324
242025	0.328
242075	0.376
242125	0.436
242175	0.464
242225	0.480
242275	0.436
242325	0.396
242375	0.376
242425	0.348
242475	0.348
242525	0.364
242575	0.376
242625	0.404
242675	0.472
242725	0.496
242775	0.500
242825	0.496
242875	0.452
242925	0.396
242975	0.360
243025	0.344
243075	0.340
243125	0.320
243175	0.312
243225	0.352
243275	0.352
243325	0.364
243375	0.408
243425	0.436
243475	0.428
243525	0.428
243575	0.444
243625	0.448
243675	0.472
243725	0.432
243775	0.432
243825	0.416
243875	0.388
243925	0.368
243975	0.376
244025	0.348
244075	0.348
244125	0.384
244175	0.396
244225	0.400
244275	0.472
244325	0.528
244375	0.556
244425	0.556
244475	0.596
244525	0.572
244575	0.524
244625	0.516
244675	0.508
244725	0.496
244775	0.508
244825	0.536
244875	0.512
244925	0.516
244975	0.524
245025	0.524
245075	0.528
245125	0.532
245175	0.536
245225	0.560
245275	0.584
245325	0.596
245375	0.584
245425	0.576
245475	0.544
