Position	Percent G+C 1 .. 284823
125	0.112
175	0.124
225	0.116
275	0.108
325	0.076
375	0.096
425	0.120
475	0.120
525	0.136
575	0.160
625	0.172
675	0.160
725	0.196
775	0.192
825	0.172
875	0.156
925	0.212
975	0.236
1025	0.300
1075	0.372
1125	0.468
1175	0.476
1225	0.492
1275	0.512
1325	0.504
1375	0.444
1425	0.404
1475	0.392
1525	0.352
1575	0.388
1625	0.404
1675	0.416
1725	0.452
1775	0.436
1825	0.404
1875	0.404
1925	0.424
1975	0.364
2025	0.376
2075	0.364
2125	0.352
2175	0.304
2225	0.348
2275	0.368
2325	0.360
2375	0.400
2425	0.444
2475	0.392
2525	0.368
2575	0.416
2625	0.396
2675	0.392
2725	0.448
2775	0.496
2825	0.464
2875	0.492
2925	0.484
2975	0.460
3025	0.420
3075	0.452
3125	0.404
3175	0.368
3225	0.356
3275	0.328
3325	0.268
3375	0.268
3425	0.320
3475	0.336
3525	0.364
3575	0.392
3625	0.404
3675	0.408
3725	0.384
3775	0.420
3825	0.436
3875	0.480
3925	0.476
3975	0.532
4025	0.524
4075	0.516
4125	0.492
4175	0.456
4225	0.384
4275	0.356
4325	0.372
4375	0.352
4425	0.388
4475	0.408
4525	0.420
4575	0.396
4625	0.396
4675	0.424
4725	0.416
4775	0.432
4825	0.412
4875	0.460
4925	0.428
4975	0.420
5025	0.404
5075	0.420
5125	0.356
5175	0.340
5225	0.348
5275	0.336
5325	0.340
5375	0.396
5425	0.412
5475	0.448
5525	0.480
5575	0.488
5625	0.472
5675	0.468
5725	0.472
5775	0.476
5825	0.480
5875	0.452
5925	0.440
5975	0.476
6025	0.460
6075	0.452
6125	0.488
6175	0.516
6225	0.452
6275	0.424
6325	0.412
6375	0.376
6425	0.384
6475	0.388
6525	0.428
6575	0.452
6625	0.484
6675	0.480
6725	0.488
6775	0.456
6825	0.472
6875	0.408
6925	0.348
6975	0.288
7025	0.280
7075	0.236
7125	0.224
7175	0.224
7225	0.228
7275	0.188
7325	0.148
7375	0.140
7425	0.116
7475	0.108
7525	0.112
7575	0.124
7625	0.132
7675	0.128
7725	0.140
7775	0.148
7825	0.160
7875	0.168
7925	0.176
7975	0.160
8025	0.172
8075	0.152
8125	0.148
8175	0.200
8225	0.216
8275	0.216
8325	0.216
8375	0.236
8425	0.204
8475	0.220
8525	0.284
8575	0.376
8625	0.404
8675	0.452
8725	0.504
8775	0.496
8825	0.504
8875	0.500
8925	0.524
8975	0.532
9025	0.536
9075	0.516
9125	0.516
9175	0.516
9225	0.508
9275	0.492
9325	0.500
9375	0.520
9425	0.488
9475	0.452
9525	0.464
9575	0.412
9625	0.404
9675	0.396
9725	0.436
9775	0.432
9825	0.464
9875	0.452
9925	0.432
9975	0.404
10025	0.384
10075	0.412
10125	0.440
10175	0.480
10225	0.504
10275	0.532
10325	0.516
10375	0.516
10425	0.536
10475	0.540
10525	0.540
10575	0.540
10625	0.544
10675	0.532
10725	0.540
10775	0.544
10825	0.532
10875	0.504
10925	0.508
10975	0.500
11025	0.484
11075	0.472
11125	0.488
11175	0.452
11225	0.396
11275	0.364
11325	0.360
11375	0.320
11425	0.320
11475	0.324
11525	0.292
11575	0.256
11625	0.224
11675	0.212
11725	0.180
11775	0.184
11825	0.184
11875	0.172
11925	0.120
11975	0.132
12025	0.120
12075	0.088
12125	0.096
12175	0.108
12225	0.100
12275	0.100
12325	0.120
12375	0.140
12425	0.140
12475	0.128
12525	0.124
12575	0.136
12625	0.108
12675	0.104
12725	0.100
12775	0.088
12825	0.076
12875	0.120
12925	0.116
12975	0.128
13025	0.140
13075	0.132
13125	0.084
13175	0.100
13225	0.088
13275	0.084
13325	0.072
13375	0.080
13425	0.084
13475	0.080
13525	0.072
13575	0.072
13625	0.084
13675	0.056
13725	0.092
13775	0.088
13825	0.108
13875	0.088
13925	0.108
13975	0.092
14025	0.120
14075	0.104
14125	0.112
14175	0.112
14225	0.100
14275	0.076
14325	0.096
14375	0.128
14425	0.136
14475	0.144
14525	0.168
14575	0.160
14625	0.140
14675	0.132
14725	0.132
14775	0.124
14825	0.104
14875	0.100
14925	0.132
14975	0.156
15025	0.184
15075	0.240
15125	0.312
15175	0.352
15225	0.376
15275	0.416
15325	0.464
15375	0.424
15425	0.388
15475	0.384
15525	0.368
15575	0.356
15625	0.380
15675	0.432
15725	0.444
15775	0.476
15825	0.476
15875	0.476
15925	0.460
15975	0.504
16025	0.508
16075	0.504
16125	0.524
16175	0.548
16225	0.516
16275	0.528
16325	0.532
16375	0.524
16425	0.524
16475	0.520
16525	0.496
16575	0.496
16625	0.496
16675	0.488
16725	0.516
16775	0.524
16825	0.532
16875	0.552
16925	0.532
16975	0.524
17025	0.504
17075	0.496
17125	0.484
17175	0.488
17225	0.472
17275	0.476
17325	0.456
17375	0.472
17425	0.500
17475	0.520
17525	0.504
17575	0.544
17625	0.532
17675	0.516
17725	0.488
17775	0.532
17825	0.504
17875	0.516
17925	0.480
17975	0.508
18025	0.484
18075	0.480
18125	0.476
18175	0.516
18225	0.504
18275	0.516
18325	0.536
18375	0.556
18425	0.528
18475	0.552
18525	0.564
18575	0.552
18625	0.536
18675	0.544
18725	0.520
18775	0.504
18825	0.500
18875	0.500
18925	0.504
18975	0.496
19025	0.488
19075	0.480
19125	0.460
19175	0.468
19225	0.468
19275	0.440
19325	0.444
19375	0.436
19425	0.424
19475	0.424
19525	0.464
19575	0.472
19625	0.460
19675	0.472
19725	0.464
19775	0.448
19825	0.440
19875	0.464
19925	0.468
19975	0.476
20025	0.456
20075	0.448
20125	0.448
20175	0.432
20225	0.400
20275	0.416
20325	0.448
20375	0.420
20425	0.452
20475	0.488
20525	0.468
20575	0.448
20625	0.472
20675	0.448
20725	0.464
20775	0.504
20825	0.544
20875	0.548
20925	0.556
20975	0.568
21025	0.560
21075	0.544
21125	0.548
21175	0.544
21225	0.532
21275	0.564
21325	0.540
21375	0.556
21425	0.544
21475	0.540
21525	0.496
21575	0.532
21625	0.524
21675	0.528
21725	0.504
21775	0.508
21825	0.456
21875	0.408
21925	0.440
21975	0.452
22025	0.444
22075	0.492
22125	0.536
22175	0.464
22225	0.432
22275	0.416
22325	0.368
22375	0.348
22425	0.392
22475	0.412
22525	0.432
22575	0.444
22625	0.452
22675	0.452
22725	0.448
22775	0.452
22825	0.480
22875	0.468
22925	0.448
22975	0.444
23025	0.436
23075	0.420
23125	0.420
23175	0.428
23225	0.448
23275	0.448
23325	0.424
23375	0.440
23425	0.456
23475	0.448
23525	0.448
23575	0.452
23625	0.456
23675	0.432
23725	0.432
23775	0.440
23825	0.464
23875	0.456
23925	0.472
23975	0.480
24025	0.480
24075	0.464
24125	0.464
24175	0.452
24225	0.456
24275	0.460
24325	0.464
24375	0.452
24425	0.480
24475	0.472
24525	0.484
24575	0.484
24625	0.512
24675	0.480
24725	0.488
24775	0.464
24825	0.472
24875	0.444
24925	0.456
24975	0.460
25025	0.460
25075	0.452
25125	0.464
25175	0.476
25225	0.488
25275	0.472
25325	0.484
25375	0.484
25425	0.472
25475	0.468
25525	0.492
25575	0.464
25625	0.480
25675	0.460
25725	0.448
25775	0.452
25825	0.476
25875	0.444
25925	0.464
25975	0.460
26025	0.452
26075	0.460
26125	0.472
26175	0.464
26225	0.480
26275	0.496
26325	0.472
26375	0.464
26425	0.464
26475	0.464
26525	0.472
26575	0.496
26625	0.524
26675	0.540
26725	0.540
26775	0.528
26825	0.528
26875	0.528
26925	0.544
26975	0.528
27025	0.524
27075	0.544
27125	0.532
27175	0.504
27225	0.512
27275	0.504
27325	0.480
27375	0.492
27425	0.496
27475	0.484
27525	0.480
27575	0.456
27625	0.452
27675	0.448
27725	0.456
27775	0.472
27825	0.500
27875	0.476
27925	0.484
27975	0.472
28025	0.460
28075	0.448
28125	0.452
28175	0.428
28225	0.420
28275	0.440
28325	0.436
28375	0.436
28425	0.452
28475	0.456
28525	0.440
28575	0.440
28625	0.416
28675	0.388
28725	0.412
28775	0.404
28825	0.420
28875	0.428
28925	0.444
28975	0.400
29025	0.380
29075	0.356
29125	0.376
29175	0.372
29225	0.420
29275	0.476
29325	0.504
29375	0.500
29425	0.528
29475	0.480
29525	0.460
29575	0.436
29625	0.428
29675	0.404
29725	0.436
29775	0.412
29825	0.420
29875	0.440
29925	0.472
29975	0.480
30025	0.480
30075	0.460
30125	0.460
30175	0.460
30225	0.444
30275	0.468
30325	0.508
30375	0.492
30425	0.492
30475	0.488
30525	0.488
30575	0.472
30625	0.480
30675	0.444
30725	0.464
30775	0.444
30825	0.408
30875	0.392
30925	0.420
30975	0.396
31025	0.400
31075	0.432
31125	0.452
31175	0.448
31225	0.468
31275	0.464
31325	0.484
31375	0.472
31425	0.488
31475	0.480
31525	0.512
31575	0.504
31625	0.508
31675	0.488
31725	0.512
31775	0.504
31825	0.500
31875	0.500
31925	0.500
31975	0.480
32025	0.472
32075	0.460
32125	0.464
32175	0.480
32225	0.468
32275	0.460
32325	0.472
32375	0.484
32425	0.476
32475	0.496
32525	0.500
32575	0.496
32625	0.492
32675	0.500
32725	0.508
32775	0.508
32825	0.524
32875	0.516
32925	0.508
32975	0.492
33025	0.508
33075	0.476
33125	0.484
33175	0.504
33225	0.500
33275	0.480
33325	0.508
33375	0.508
33425	0.496
33475	0.492
33525	0.476
33575	0.444
33625	0.424
33675	0.416
33725	0.432
33775	0.440
33825	0.480
33875	0.500
33925	0.500
33975	0.480
34025	0.480
34075	0.464
34125	0.456
34175	0.444
34225	0.468
34275	0.488
34325	0.496
34375	0.492
34425	0.488
34475	0.484
34525	0.480
34575	0.464
34625	0.484
34675	0.484
34725	0.476
34775	0.488
34825	0.500
34875	0.488
34925	0.516
34975	0.520
35025	0.496
35075	0.456
35125	0.460
35175	0.456
35225	0.432
35275	0.444
35325	0.476
35375	0.480
35425	0.468
35475	0.516
35525	0.544
35575	0.544
35625	0.536
35675	0.496
35725	0.448
35775	0.376
35825	0.372
35875	0.376
35925	0.440
35975	0.460
36025	0.500
36075	0.500
36125	0.476
36175	0.472
36225	0.500
36275	0.488
36325	0.464
36375	0.464
36425	0.444
36475	0.428
36525	0.452
36575	0.488
36625	0.520
36675	0.524
36725	0.512
36775	0.524
36825	0.520
36875	0.516
36925	0.532
36975	0.544
37025	0.532
37075	0.560
37125	0.560
37175	0.564
37225	0.552
37275	0.528
37325	0.516
37375	0.512
37425	0.476
37475	0.476
37525	0.472
37575	0.468
37625	0.448
37675	0.436
37725	0.412
37775	0.416
37825	0.388
37875	0.400
37925	0.408
37975	0.448
38025	0.448
38075	0.476
38125	0.488
38175	0.516
38225	0.512
38275	0.560
38325	0.560
38375	0.560
38425	0.568
38475	0.572
38525	0.560
38575	0.560
38625	0.548
38675	0.520
38725	0.472
38775	0.464
38825	0.428
38875	0.432
38925	0.432
38975	0.476
39025	0.452
39075	0.468
39125	0.460
39175	0.460
39225	0.444
39275	0.472
39325	0.460
39375	0.476
39425	0.460
39475	0.448
39525	0.424
39575	0.468
39625	0.452
39675	0.452
39725	0.460
39775	0.460
39825	0.436
39875	0.440
39925	0.480
39975	0.480
40025	0.504
40075	0.496
40125	0.476
40175	0.456
40225	0.444
40275	0.428
40325	0.444
40375	0.484
40425	0.460
40475	0.468
40525	0.448
40575	0.448
40625	0.440
40675	0.480
40725	0.472
40775	0.508
40825	0.484
40875	0.452
40925	0.436
40975	0.456
41025	0.420
41075	0.436
41125	0.464
41175	0.464
41225	0.460
41275	0.484
41325	0.484
41375	0.484
41425	0.468
41475	0.464
41525	0.472
41575	0.472
41625	0.472
41675	0.496
41725	0.528
41775	0.488
41825	0.480
41875	0.472
41925	0.428
41975	0.364
42025	0.348
42075	0.324
42125	0.332
42175	0.332
42225	0.348
42275	0.396
42325	0.420
42375	0.424
42425	0.464
42475	0.468
42525	0.440
42575	0.420
42625	0.400
42675	0.396
42725	0.384
42775	0.420
42825	0.452
42875	0.456
42925	0.460
42975	0.484
43025	0.472
43075	0.428
43125	0.428
43175	0.396
43225	0.368
43275	0.352
43325	0.364
43375	0.372
43425	0.416
43475	0.440
43525	0.464
43575	0.496
43625	0.464
43675	0.404
43725	0.408
43775	0.376
43825	0.352
43875	0.360
43925	0.388
43975	0.412
44025	0.428
44075	0.416
44125	0.420
44175	0.428
44225	0.376
44275	0.344
44325	0.384
44375	0.416
44425	0.408
44475	0.460
44525	0.512
44575	0.520
44625	0.512
44675	0.524
44725	0.488
44775	0.480
44825	0.472
44875	0.480
44925	0.476
44975	0.520
45025	0.520
45075	0.532
45125	0.524
45175	0.564
45225	0.560
45275	0.552
45325	0.516
45375	0.504
45425	0.456
45475	0.424
45525	0.424
45575	0.424
45625	0.452
45675	0.488
45725	0.504
45775	0.532
45825	0.560
45875	0.544
45925	0.516
45975	0.504
46025	0.468
46075	0.456
46125	0.460
46175	0.476
46225	0.480
46275	0.512
46325	0.532
46375	0.520
46425	0.496
46475	0.528
46525	0.492
46575	0.468
46625	0.468
46675	0.504
46725	0.488
46775	0.508
46825	0.504
46875	0.528
46925	0.512
46975	0.504
47025	0.476
47075	0.460
47125	0.452
47175	0.460
47225	0.460
47275	0.488
47325	0.516
47375	0.488
47425	0.504
47475	0.496
47525	0.504
47575	0.484
47625	0.516
47675	0.480
47725	0.492
47775	0.492
47825	0.480
47875	0.468
47925	0.476
47975	0.472
48025	0.472
48075	0.488
48125	0.504
48175	0.504
48225	0.480
48275	0.488
48325	0.492
48375	0.484
48425	0.492
48475	0.516
48525	0.500
48575	0.524
48625	0.524
48675	0.532
48725	0.528
48775	0.520
48825	0.500
48875	0.480
48925	0.472
48975	0.452
49025	0.424
49075	0.400
49125	0.400
49175	0.408
49225	0.428
49275	0.448
49325	0.476
49375	0.512
49425	0.524
49475	0.524
49525	0.524
49575	0.520
49625	0.500
49675	0.456
49725	0.456
49775	0.504
49825	0.472
49875	0.460
49925	0.496
49975	0.504
50025	0.472
50075	0.540
50125	0.588
50175	0.572
50225	0.572
50275	0.600
50325	0.568
50375	0.544
50425	0.532
50475	0.532
50525	0.480
50575	0.464
50625	0.468
50675	0.476
50725	0.480
50775	0.512
50825	0.532
50875	0.496
50925	0.488
50975	0.496
51025	0.488
51075	0.484
51125	0.512
51175	0.528
51225	0.520
51275	0.520
51325	0.524
51375	0.524
51425	0.508
51475	0.452
51525	0.432
51575	0.404
51625	0.416
51675	0.432
51725	0.468
51775	0.428
51825	0.436
51875	0.412
51925	0.384
51975	0.392
52025	0.456
52075	0.472
52125	0.476
52175	0.524
52225	0.528
52275	0.544
52325	0.552
52375	0.524
52425	0.500
52475	0.520
52525	0.492
52575	0.468
52625	0.488
52675	0.504
52725	0.500
52775	0.524
52825	0.540
52875	0.524
52925	0.496
52975	0.472
53025	0.456
53075	0.456
53125	0.504
53175	0.540
53225	0.540
53275	0.544
53325	0.540
53375	0.508
53425	0.492
53475	0.492
53525	0.480
53575	0.480
53625	0.484
53675	0.496
53725	0.508
53775	0.524
53825	0.508
53875	0.516
53925	0.488
53975	0.472
54025	0.472
54075	0.492
54125	0.492
54175	0.468
54225	0.492
54275	0.500
54325	0.480
54375	0.448
54425	0.460
54475	0.444
54525	0.424
54575	0.464
54625	0.468
54675	0.516
54725	0.528
54775	0.528
54825	0.508
54875	0.536
54925	0.504
54975	0.484
55025	0.508
55075	0.508
55125	0.512
55175	0.516
55225	0.524
55275	0.508
55325	0.504
55375	0.484
55425	0.504
55475	0.528
55525	0.504
55575	0.532
55625	0.552
55675	0.552
55725	0.536
55775	0.532
55825	0.472
55875	0.464
55925	0.440
55975	0.428
56025	0.444
56075	0.464
56125	0.436
56175	0.416
56225	0.424
56275	0.452
56325	0.480
56375	0.516
56425	0.552
56475	0.548
56525	0.540
56575	0.508
56625	0.516
56675	0.504
56725	0.512
56775	0.516
56825	0.532
56875	0.520
56925	0.520
56975	0.540
57025	0.552
57075	0.592
57125	0.600
57175	0.628
57225	0.620
57275	0.592
57325	0.540
57375	0.544
57425	0.536
57475	0.536
57525	0.536
57575	0.556
57625	0.536
57675	0.544
57725	0.540
57775	0.532
57825	0.524
57875	0.520
57925	0.492
57975	0.480
58025	0.516
58075	0.496
58125	0.492
58175	0.488
58225	0.500
58275	0.448
58325	0.488
58375	0.492
58425	0.496
58475	0.484
58525	0.508
58575	0.496
58625	0.512
58675	0.520
58725	0.528
58775	0.556
58825	0.556
58875	0.536
58925	0.536
58975	0.540
59025	0.528
59075	0.532
59125	0.540
59175	0.536
59225	0.524
59275	0.504
59325	0.496
59375	0.468
59425	0.448
59475	0.464
59525	0.440
59575	0.460
59625	0.468
59675	0.476
59725	0.448
59775	0.468
59825	0.432
59875	0.424
59925	0.428
59975	0.452
60025	0.456
60075	0.436
60125	0.452
60175	0.452
60225	0.404
60275	0.424
60325	0.464
60375	0.472
60425	0.484
60475	0.536
60525	0.500
60575	0.512
60625	0.512
60675	0.508
60725	0.476
60775	0.504
60825	0.488
60875	0.500
60925	0.484
60975	0.484
61025	0.484
61075	0.500
61125	0.472
61175	0.456
61225	0.488
61275	0.488
61325	0.452
61375	0.416
61425	0.424
61475	0.416
61525	0.416
61575	0.456
61625	0.536
61675	0.544
61725	0.496
61775	0.472
61825	0.444
61875	0.420
61925	0.444
61975	0.472
62025	0.468
62075	0.468
62125	0.452
62175	0.440
62225	0.448
62275	0.448
62325	0.440
62375	0.472
62425	0.472
62475	0.476
62525	0.504
62575	0.524
62625	0.504
62675	0.492
62725	0.496
62775	0.480
62825	0.476
62875	0.460
62925	0.480
62975	0.444
63025	0.460
63075	0.440
63125	0.464
63175	0.468
63225	0.500
63275	0.488
63325	0.496
63375	0.448
63425	0.412
63475	0.392
63525	0.360
63575	0.372
63625	0.392
63675	0.424
63725	0.436
63775	0.484
63825	0.488
63875	0.500
63925	0.492
63975	0.532
64025	0.524
64075	0.496
64125	0.504
64175	0.492
64225	0.452
64275	0.448
64325	0.464
64375	0.464
64425	0.464
64475	0.476
64525	0.456
64575	0.444
64625	0.416
64675	0.408
64725	0.404
64775	0.404
64825	0.432
64875	0.468
64925	0.500
64975	0.496
65025	0.520
65075	0.512
65125	0.520
65175	0.524
65225	0.512
65275	0.508
65325	0.488
65375	0.500
65425	0.504
65475	0.508
65525	0.508
65575	0.508
65625	0.496
65675	0.468
65725	0.476
65775	0.460
65825	0.500
65875	0.460
65925	0.468
65975	0.464
66025	0.468
66075	0.412
66125	0.420
66175	0.444
66225	0.464
66275	0.468
66325	0.476
66375	0.464
66425	0.428
66475	0.424
66525	0.412
66575	0.420
66625	0.476
66675	0.484
66725	0.428
66775	0.420
66825	0.428
66875	0.412
66925	0.420
66975	0.456
67025	0.456
67075	0.468
67125	0.448
67175	0.464
67225	0.480
67275	0.516
67325	0.516
67375	0.512
67425	0.500
67475	0.480
67525	0.448
67575	0.416
67625	0.412
67675	0.384
67725	0.368
67775	0.360
67825	0.372
67875	0.432
67925	0.492
67975	0.504
68025	0.520
68075	0.544
68125	0.508
68175	0.468
68225	0.476
68275	0.524
68325	0.528
68375	0.544
68425	0.576
68475	0.588
68525	0.536
68575	0.520
68625	0.508
68675	0.476
68725	0.468
68775	0.484
68825	0.500
68875	0.492
68925	0.472
68975	0.468
69025	0.468
69075	0.440
69125	0.436
69175	0.460
69225	0.472
69275	0.476
69325	0.480
69375	0.488
69425	0.484
69475	0.476
69525	0.484
69575	0.496
69625	0.488
69675	0.476
69725	0.480
69775	0.464
69825	0.456
69875	0.460
69925	0.472
69975	0.484
70025	0.508
70075	0.532
70125	0.528
70175	0.540
70225	0.552
70275	0.532
70325	0.532
70375	0.540
70425	0.524
70475	0.464
70525	0.456
70575	0.448
70625	0.460
70675	0.420
70725	0.424
70775	0.444
70825	0.416
70875	0.416
70925	0.440
70975	0.448
71025	0.424
71075	0.468
71125	0.464
71175	0.488
71225	0.544
71275	0.564
71325	0.552
71375	0.532
71425	0.532
71475	0.504
71525	0.500
71575	0.472
71625	0.468
71675	0.456
71725	0.440
71775	0.436
71825	0.460
71875	0.460
71925	0.468
71975	0.464
72025	0.456
72075	0.444
72125	0.464
72175	0.468
72225	0.500
72275	0.504
72325	0.504
72375	0.504
72425	0.508
72475	0.480
72525	0.464
72575	0.444
72625	0.412
72675	0.376
72725	0.372
72775	0.372
72825	0.372
72875	0.400
72925	0.416
72975	0.416
73025	0.420
73075	0.444
73125	0.448
73175	0.476
73225	0.500
73275	0.512
73325	0.472
73375	0.444
73425	0.448
73475	0.452
73525	0.468
73575	0.508
73625	0.500
73675	0.468
73725	0.448
73775	0.412
73825	0.400
73875	0.428
73925	0.436
73975	0.464
74025	0.480
74075	0.492
74125	0.468
74175	0.452
74225	0.424
74275	0.448
74325	0.436
74375	0.460
74425	0.468
74475	0.492
74525	0.472
74575	0.484
74625	0.484
74675	0.496
74725	0.460
74775	0.496
74825	0.504
74875	0.500
74925	0.484
74975	0.492
75025	0.448
75075	0.412
75125	0.372
75175	0.400
75225	0.396
75275	0.376
75325	0.388
75375	0.412
75425	0.392
75475	0.380
75525	0.380
75575	0.392
75625	0.428
75675	0.424
75725	0.428
75775	0.472
75825	0.460
75875	0.420
75925	0.412
75975	0.396
76025	0.376
76075	0.376
76125	0.352
76175	0.336
76225	0.364
76275	0.360
76325	0.360
76375	0.392
76425	0.424
76475	0.432
76525	0.412
76575	0.416
76625	0.444
76675	0.448
76725	0.440
76775	0.460
76825	0.456
76875	0.436
76925	0.424
76975	0.436
77025	0.472
77075	0.472
77125	0.476
77175	0.480
77225	0.468
77275	0.420
77325	0.436
77375	0.416
77425	0.420
77475	0.428
77525	0.444
77575	0.440
77625	0.452
77675	0.444
77725	0.456
77775	0.440
77825	0.440
77875	0.452
77925	0.476
77975	0.460
78025	0.464
78075	0.444
78125	0.448
78175	0.424
78225	0.440
78275	0.432
78325	0.440
78375	0.404
78425	0.388
78475	0.392
78525	0.436
78575	0.452
78625	0.480
78675	0.476
78725	0.460
78775	0.456
78825	0.448
78875	0.440
78925	0.460
78975	0.452
79025	0.436
79075	0.440
79125	0.420
79175	0.424
79225	0.440
79275	0.448
79325	0.460
79375	0.460
79425	0.452
79475	0.464
79525	0.460
79575	0.440
79625	0.428
79675	0.444
79725	0.436
79775	0.448
79825	0.436
79875	0.480
79925	0.468
79975	0.444
80025	0.436
80075	0.456
80125	0.448
80175	0.432
80225	0.460
80275	0.444
80325	0.460
80375	0.472
80425	0.488
80475	0.468
80525	0.448
80575	0.416
80625	0.384
80675	0.392
80725	0.400
80775	0.432
80825	0.460
80875	0.496
80925	0.500
80975	0.516
81025	0.516
81075	0.512
81125	0.512
81175	0.516
81225	0.496
81275	0.488
81325	0.476
81375	0.476
81425	0.464
81475	0.456
81525	0.476
81575	0.488
81625	0.472
81675	0.480
81725	0.484
81775	0.472
81825	0.460
81875	0.452
81925	0.452
81975	0.448
82025	0.440
82075	0.448
82125	0.448
82175	0.432
82225	0.436
82275	0.436
82325	0.432
82375	0.432
82425	0.412
82475	0.436
82525	0.428
82575	0.440
82625	0.436
82675	0.464
82725	0.464
82775	0.456
82825	0.416
82875	0.428
82925	0.432
82975	0.400
83025	0.424
83075	0.436
83125	0.436
83175	0.432
83225	0.428
83275	0.436
83325	0.452
83375	0.484
83425	0.488
83475	0.524
83525	0.508
83575	0.508
83625	0.456
83675	0.448
83725	0.460
83775	0.440
83825	0.432
83875	0.456
83925	0.464
83975	0.420
84025	0.472
84075	0.480
84125	0.452
84175	0.440
84225	0.444
84275	0.424
84325	0.432
84375	0.460
84425	0.488
84475	0.500
84525	0.524
84575	0.508
84625	0.508
84675	0.496
84725	0.500
84775	0.456
84825	0.448
84875	0.448
84925	0.420
84975	0.404
85025	0.416
85075	0.404
85125	0.416
85175	0.412
85225	0.392
85275	0.384
85325	0.384
85375	0.332
85425	0.328
85475	0.324
85525	0.324
85575	0.332
85625	0.316
85675	0.364
85725	0.380
85775	0.352
85825	0.344
85875	0.368
85925	0.328
85975	0.300
86025	0.324
86075	0.340
86125	0.368
86175	0.344
86225	0.360
86275	0.356
86325	0.348
86375	0.312
86425	0.348
86475	0.372
86525	0.360
86575	0.352
86625	0.352
86675	0.340
86725	0.328
86775	0.352
86825	0.376
86875	0.396
86925	0.372
86975	0.344
87025	0.316
87075	0.304
87125	0.284
87175	0.316
87225	0.328
87275	0.336
87325	0.308
87375	0.296
87425	0.296
87475	0.296
87525	0.288
87575	0.308
87625	0.340
87675	0.344
87725	0.348
87775	0.356
87825	0.372
87875	0.396
87925	0.412
87975	0.420
88025	0.432
88075	0.432
88125	0.424
88175	0.424
88225	0.432
88275	0.404
88325	0.380
88375	0.380
88425	0.332
88475	0.328
88525	0.364
88575	0.396
88625	0.384
88675	0.412
88725	0.432
88775	0.428
88825	0.420
88875	0.424
88925	0.404
88975	0.380
89025	0.384
89075	0.376
89125	0.360
89175	0.388
89225	0.384
89275	0.368
89325	0.360
89375	0.356
89425	0.356
89475	0.348
89525	0.324
89575	0.332
89625	0.364
89675	0.340
89725	0.372
89775	0.404
89825	0.412
89875	0.420
89925	0.456
89975	0.464
90025	0.480
90075	0.508
90125	0.492
90175	0.484
90225	0.476
90275	0.468
90325	0.448
90375	0.440
90425	0.460
90475	0.476
90525	0.496
90575	0.500
90625	0.500
90675	0.448
90725	0.396
90775	0.344
90825	0.332
90875	0.352
90925	0.368
90975	0.388
91025	0.444
91075	0.444
91125	0.452
91175	0.492
91225	0.520
91275	0.512
91325	0.520
91375	0.524
91425	0.512
91475	0.504
91525	0.508
91575	0.504
91625	0.476
91675	0.456
91725	0.440
91775	0.424
91825	0.424
91875	0.440
91925	0.464
91975	0.480
92025	0.484
92075	0.492
92125	0.492
92175	0.472
92225	0.440
92275	0.420
92325	0.420
92375	0.404
92425	0.408
92475	0.436
92525	0.456
92575	0.456
92625	0.444
92675	0.468
92725	0.472
92775	0.480
92825	0.480
92875	0.492
92925	0.464
92975	0.440
93025	0.436
93075	0.416
93125	0.416
93175	0.440
93225	0.452
93275	0.452
93325	0.476
93375	0.492
93425	0.452
93475	0.464
93525	0.440
93575	0.412
93625	0.392
93675	0.396
93725	0.384
93775	0.392
93825	0.388
93875	0.364
93925	0.404
93975	0.372
94025	0.376
94075	0.380
94125	0.412
94175	0.380
94225	0.436
94275	0.444
94325	0.428
94375	0.428
94425	0.424
94475	0.380
94525	0.340
94575	0.368
94625	0.376
94675	0.388
94725	0.420
94775	0.464
94825	0.480
94875	0.472
94925	0.480
94975	0.464
95025	0.476
95075	0.468
95125	0.472
95175	0.448
95225	0.476
95275	0.476
95325	0.468
95375	0.436
95425	0.456
95475	0.444
95525	0.420
95575	0.412
95625	0.448
95675	0.444
95725	0.448
95775	0.452
95825	0.468
95875	0.452
95925	0.456
95975	0.444
96025	0.456
96075	0.448
96125	0.440
96175	0.432
96225	0.428
96275	0.428
96325	0.432
96375	0.464
96425	0.480
96475	0.460
96525	0.452
96575	0.444
96625	0.420
96675	0.360
96725	0.372
96775	0.376
96825	0.400
96875	0.416
96925	0.472
96975	0.468
97025	0.468
97075	0.464
97125	0.488
97175	0.480
97225	0.492
97275	0.488
97325	0.476
97375	0.476
97425	0.472
97475	0.480
97525	0.476
97575	0.492
97625	0.500
97675	0.500
97725	0.484
97775	0.484
97825	0.468
97875	0.436
97925	0.448
97975	0.464
98025	0.444
98075	0.436
98125	0.456
98175	0.428
98225	0.440
98275	0.468
98325	0.512
98375	0.496
98425	0.512
98475	0.520
98525	0.512
98575	0.492
98625	0.460
98675	0.484
98725	0.476
98775	0.488
98825	0.492
98875	0.528
98925	0.508
98975	0.508
99025	0.492
99075	0.484
99125	0.492
99175	0.496
99225	0.524
99275	0.508
99325	0.492
99375	0.468
99425	0.464
99475	0.420
99525	0.432
99575	0.444
99625	0.440
99675	0.444
99725	0.444
99775	0.444
99825	0.416
99875	0.404
99925	0.440
99975	0.440
100025	0.464
100075	0.488
100125	0.512
100175	0.488
100225	0.512
100275	0.508
100325	0.512
100375	0.500
100425	0.512
100475	0.484
100525	0.460
100575	0.440
100625	0.444
100675	0.436
100725	0.460
100775	0.464
100825	0.476
100875	0.504
100925	0.488
100975	0.484
101025	0.496
101075	0.512
101125	0.504
101175	0.516
101225	0.508
101275	0.508
101325	0.504
101375	0.492
101425	0.488
101475	0.448
101525	0.420
101575	0.392
101625	0.364
101675	0.360
101725	0.408
101775	0.416
101825	0.452
101875	0.492
101925	0.484
101975	0.456
102025	0.464
102075	0.440
102125	0.428
102175	0.420
102225	0.436
102275	0.456
102325	0.472
102375	0.472
102425	0.464
102475	0.480
102525	0.448
102575	0.388
102625	0.368
102675	0.344
102725	0.304
102775	0.300
102825	0.360
102875	0.344
102925	0.388
102975	0.404
103025	0.412
103075	0.408
103125	0.448
103175	0.464
103225	0.468
103275	0.512
103325	0.496
103375	0.500
103425	0.480
103475	0.480
103525	0.456
103575	0.480
103625	0.488
103675	0.504
103725	0.508
103775	0.504
103825	0.516
103875	0.512
103925	0.508
103975	0.524
104025	0.548
104075	0.556
104125	0.524
104175	0.516
104225	0.504
104275	0.488
104325	0.464
104375	0.484
104425	0.484
104475	0.492
104525	0.500
104575	0.492
104625	0.468
104675	0.456
104725	0.440
104775	0.424
104825	0.412
104875	0.432
104925	0.444
104975	0.444
105025	0.444
105075	0.468
105125	0.476
105175	0.480
105225	0.448
105275	0.428
105325	0.420
105375	0.424
105425	0.412
105475	0.440
105525	0.468
105575	0.448
105625	0.420
105675	0.404
105725	0.396
105775	0.340
105825	0.340
105875	0.364
105925	0.388
105975	0.400
106025	0.456
106075	0.472
106125	0.468
106175	0.452
106225	0.456
106275	0.420
106325	0.404
106375	0.396
106425	0.416
106475	0.408
106525	0.444
106575	0.444
106625	0.444
106675	0.440
106725	0.456
106775	0.440
106825	0.448
106875	0.424
106925	0.404
106975	0.392
107025	0.384
107075	0.396
107125	0.400
107175	0.436
107225	0.436
107275	0.452
107325	0.436
107375	0.444
107425	0.452
107475	0.484
107525	0.496
107575	0.492
107625	0.548
107675	0.560
107725	0.512
107775	0.496
107825	0.520
107875	0.464
107925	0.440
107975	0.464
108025	0.452
108075	0.416
108125	0.448
108175	0.424
108225	0.428
108275	0.444
108325	0.460
108375	0.448
108425	0.468
108475	0.452
108525	0.432
108575	0.464
108625	0.476
108675	0.484
108725	0.496
108775	0.536
108825	0.528
108875	0.496
108925	0.484
108975	0.480
109025	0.460
109075	0.460
109125	0.500
109175	0.496
109225	0.476
109275	0.484
109325	0.480
109375	0.432
109425	0.444
109475	0.448
109525	0.428
109575	0.408
109625	0.416
109675	0.400
109725	0.396
109775	0.384
109825	0.376
109875	0.348
109925	0.296
109975	0.300
110025	0.320
110075	0.360
110125	0.432
110175	0.516
110225	0.540
110275	0.548
110325	0.552
110375	0.548
110425	0.508
110475	0.520
110525	0.536
110575	0.540
110625	0.524
110675	0.548
110725	0.548
110775	0.516
110825	0.504
110875	0.508
110925	0.476
110975	0.444
111025	0.468
111075	0.460
111125	0.464
111175	0.480
111225	0.500
111275	0.488
111325	0.504
111375	0.488
111425	0.520
111475	0.520
111525	0.532
111575	0.528
111625	0.548
111675	0.520
111725	0.532
111775	0.488
111825	0.448
111875	0.424
111925	0.436
111975	0.424
112025	0.464
112075	0.476
112125	0.468
112175	0.440
112225	0.436
112275	0.428
112325	0.432
112375	0.456
112425	0.444
112475	0.412
112525	0.384
112575	0.380
112625	0.352
112675	0.376
112725	0.416
112775	0.472
112825	0.496
112875	0.524
112925	0.528
112975	0.500
113025	0.476
113075	0.472
113125	0.452
113175	0.452
113225	0.464
113275	0.448
113325	0.436
113375	0.440
113425	0.432
113475	0.408
113525	0.404
113575	0.424
113625	0.436
113675	0.448
113725	0.488
113775	0.484
113825	0.472
113875	0.476
113925	0.464
113975	0.452
114025	0.476
114075	0.472
114125	0.444
114175	0.468
114225	0.468
114275	0.480
114325	0.496
114375	0.524
114425	0.512
114475	0.512
114525	0.512
114575	0.480
114625	0.504
114675	0.524
114725	0.524
114775	0.532
114825	0.560
114875	0.536
114925	0.516
114975	0.520
115025	0.512
115075	0.488
115125	0.452
115175	0.444
115225	0.440
115275	0.424
115325	0.432
115375	0.444
115425	0.464
115475	0.480
115525	0.476
115575	0.476
115625	0.484
115675	0.472
115725	0.452
115775	0.444
115825	0.460
115875	0.444
115925	0.444
115975	0.452
116025	0.456
116075	0.468
116125	0.504
116175	0.496
116225	0.508
116275	0.512
116325	0.484
116375	0.472
116425	0.476
116475	0.448
116525	0.468
116575	0.492
116625	0.484
116675	0.480
116725	0.528
116775	0.516
116825	0.520
116875	0.544
116925	0.552
116975	0.508
117025	0.468
117075	0.448
117125	0.404
117175	0.412
117225	0.376
117275	0.404
117325	0.404
117375	0.408
117425	0.384
117475	0.400
117525	0.400
117575	0.392
117625	0.396
117675	0.424
117725	0.480
117775	0.504
117825	0.516
117875	0.516
117925	0.484
117975	0.436
118025	0.372
118075	0.356
118125	0.376
118175	0.388
118225	0.400
118275	0.452
118325	0.456
118375	0.416
118425	0.432
118475	0.436
118525	0.436
118575	0.408
118625	0.460
118675	0.428
118725	0.424
118775	0.408
118825	0.396
118875	0.408
118925	0.436
118975	0.432
119025	0.440
119075	0.496
119125	0.472
119175	0.468
119225	0.488
119275	0.484
119325	0.472
119375	0.448
119425	0.456
119475	0.460
119525	0.464
119575	0.488
119625	0.516
119675	0.504
119725	0.500
119775	0.500
119825	0.480
119875	0.484
119925	0.492
119975	0.480
120025	0.460
120075	0.452
120125	0.428
120175	0.392
120225	0.416
120275	0.448
120325	0.488
120375	0.544
120425	0.584
120475	0.584
120525	0.572
120575	0.512
120625	0.476
120675	0.476
120725	0.444
120775	0.444
120825	0.468
120875	0.460
120925	0.428
120975	0.408
121025	0.432
121075	0.416
121125	0.440
121175	0.440
121225	0.452
121275	0.408
121325	0.420
121375	0.404
121425	0.428
121475	0.416
121525	0.436
121575	0.440
121625	0.400
121675	0.372
121725	0.392
121775	0.396
121825	0.392
121875	0.416
121925	0.416
121975	0.420
122025	0.444
122075	0.468
122125	0.484
122175	0.508
122225	0.488
122275	0.468
122325	0.440
122375	0.432
122425	0.428
122475	0.476
122525	0.488
122575	0.504
122625	0.540
122675	0.516
122725	0.496
122775	0.476
122825	0.464
122875	0.420
122925	0.444
122975	0.432
123025	0.428
123075	0.444
123125	0.440
123175	0.416
123225	0.416
123275	0.408
123325	0.416
123375	0.412
123425	0.436
123475	0.440
123525	0.472
123575	0.440
123625	0.436
123675	0.432
123725	0.440
123775	0.404
123825	0.388
123875	0.392
123925	0.392
123975	0.392
124025	0.424
124075	0.452
124125	0.480
124175	0.476
124225	0.476
124275	0.464
124325	0.456
124375	0.436
124425	0.448
124475	0.452
124525	0.424
124575	0.412
124625	0.436
124675	0.432
124725	0.444
124775	0.476
124825	0.504
124875	0.492
124925	0.512
124975	0.508
125025	0.500
125075	0.496
125125	0.524
125175	0.484
125225	0.472
125275	0.468
125325	0.432
125375	0.372
125425	0.360
125475	0.344
125525	0.340
125575	0.380
125625	0.408
125675	0.464
125725	0.496
125775	0.500
125825	0.488
125875	0.508
125925	0.504
125975	0.492
126025	0.528
126075	0.512
126125	0.492
126175	0.492
126225	0.496
126275	0.452
126325	0.460
126375	0.472
126425	0.492
126475	0.480
126525	0.508
126575	0.504
126625	0.484
126675	0.456
126725	0.452
126775	0.448
126825	0.436
126875	0.424
126925	0.452
126975	0.468
127025	0.496
127075	0.528
127125	0.552
127175	0.520
127225	0.512
127275	0.448
127325	0.448
127375	0.460
127425	0.476
127475	0.484
127525	0.556
127575	0.548
127625	0.536
127675	0.536
127725	0.524
127775	0.504
127825	0.492
127875	0.500
127925	0.480
127975	0.480
128025	0.468
128075	0.500
128125	0.492
128175	0.496
128225	0.512
128275	0.512
128325	0.468
128375	0.500
128425	0.532
128475	0.520
128525	0.508
128575	0.556
128625	0.532
128675	0.500
128725	0.492
128775	0.500
128825	0.484
128875	0.456
128925	0.440
128975	0.460
129025	0.472
129075	0.472
129125	0.500
129175	0.516
129225	0.496
129275	0.488
129325	0.500
129375	0.516
129425	0.536
129475	0.552
129525	0.576
129575	0.568
129625	0.540
129675	0.540
129725	0.532
129775	0.492
129825	0.444
129875	0.460
129925	0.464
129975	0.488
130025	0.496
130075	0.544
130125	0.552
130175	0.536
130225	0.508
130275	0.516
130325	0.508
130375	0.468
130425	0.476
130475	0.472
130525	0.456
130575	0.476
130625	0.512
130675	0.500
130725	0.512
130775	0.516
130825	0.468
130875	0.444
130925	0.460
130975	0.468
131025	0.452
131075	0.476
131125	0.480
131175	0.424
131225	0.408
131275	0.424
131325	0.408
131375	0.388
131425	0.416
131475	0.396
131525	0.412
131575	0.412
131625	0.436
131675	0.460
131725	0.488
131775	0.496
131825	0.500
131875	0.504
131925	0.472
131975	0.464
132025	0.452
132075	0.472
132125	0.424
132175	0.436
132225	0.428
132275	0.404
132325	0.400
132375	0.436
132425	0.440
132475	0.448
132525	0.452
132575	0.456
132625	0.464
132675	0.476
132725	0.460
132775	0.456
132825	0.444
132875	0.424
132925	0.384
132975	0.384
133025	0.388
133075	0.384
133125	0.388
133175	0.396
133225	0.416
133275	0.408
133325	0.408
133375	0.404
133425	0.384
133475	0.364
133525	0.372
133575	0.404
133625	0.436
133675	0.448
133725	0.464
133775	0.452
133825	0.400
133875	0.388
133925	0.392
133975	0.392
134025	0.388
134075	0.396
134125	0.408
134175	0.416
134225	0.436
134275	0.440
134325	0.444
134375	0.444
134425	0.460
134475	0.464
134525	0.500
134575	0.516
134625	0.500
134675	0.480
134725	0.464
134775	0.452
134825	0.456
134875	0.432
134925	0.444
134975	0.456
135025	0.440
135075	0.412
135125	0.444
135175	0.452
135225	0.460
135275	0.484
135325	0.480
135375	0.468
135425	0.464
135475	0.452
135525	0.440
135575	0.460
135625	0.440
135675	0.452
135725	0.444
135775	0.448
135825	0.496
135875	0.536
135925	0.520
135975	0.524
136025	0.500
136075	0.452
136125	0.428
136175	0.432
136225	0.448
136275	0.468
136325	0.464
136375	0.488
136425	0.496
136475	0.472
136525	0.480
136575	0.488
136625	0.488
136675	0.476
136725	0.476
136775	0.460
136825	0.452
136875	0.432
136925	0.440
136975	0.436
137025	0.464
137075	0.488
137125	0.480
137175	0.468
137225	0.472
137275	0.408
137325	0.384
137375	0.408
137425	0.396
137475	0.380
137525	0.408
137575	0.424
137625	0.392
137675	0.408
137725	0.412
137775	0.400
137825	0.400
137875	0.428
137925	0.440
137975	0.436
138025	0.452
138075	0.436
138125	0.432
138175	0.436
138225	0.428
138275	0.444
138325	0.452
138375	0.456
138425	0.472
138475	0.496
138525	0.492
138575	0.504
138625	0.492
138675	0.464
138725	0.472
138775	0.492
138825	0.504
138875	0.496
138925	0.512
138975	0.512
139025	0.472
139075	0.448
139125	0.476
139175	0.484
139225	0.476
139275	0.500
139325	0.516
139375	0.476
139425	0.472
139475	0.484
139525	0.500
139575	0.500
139625	0.524
139675	0.516
139725	0.516
139775	0.504
139825	0.476
139875	0.476
139925	0.480
139975	0.492
140025	0.492
140075	0.524
140125	0.552
140175	0.548
140225	0.516
140275	0.532
140325	0.548
140375	0.536
140425	0.512
140475	0.532
140525	0.524
140575	0.508
140625	0.516
140675	0.532
140725	0.512
140775	0.496
140825	0.500
140875	0.484
140925	0.488
140975	0.504
141025	0.528
141075	0.516
141125	0.496
141175	0.508
141225	0.504
141275	0.480
141325	0.480
141375	0.496
141425	0.456
141475	0.428
141525	0.428
141575	0.432
141625	0.424
141675	0.456
141725	0.480
141775	0.468
141825	0.448
141875	0.468
141925	0.464
141975	0.468
142025	0.492
142075	0.520
142125	0.504
142175	0.504
142225	0.512
142275	0.520
142325	0.512
142375	0.516
142425	0.520
142475	0.524
142525	0.504
142575	0.496
142625	0.488
142675	0.468
142725	0.468
142775	0.504
142825	0.488
142875	0.512
142925	0.532
142975	0.512
143025	0.480
143075	0.488
143125	0.480
143175	0.472
143225	0.500
143275	0.496
143325	0.512
143375	0.496
143425	0.480
143475	0.448
143525	0.456
143575	0.452
143625	0.480
143675	0.492
143725	0.524
143775	0.520
143825	0.532
143875	0.528
143925	0.532
143975	0.524
144025	0.536
144075	0.524
144125	0.512
144175	0.500
144225	0.504
144275	0.508
144325	0.512
144375	0.504
144425	0.548
144475	0.524
144525	0.524
144575	0.504
144625	0.528
144675	0.500
144725	0.496
144775	0.484
144825	0.512
144875	0.480
144925	0.432
144975	0.428
145025	0.416
145075	0.408
145125	0.420
145175	0.464
145225	0.484
145275	0.496
145325	0.500
145375	0.500
145425	0.504
145475	0.504
145525	0.512
145575	0.496
145625	0.488
145675	0.492
145725	0.488
145775	0.480
145825	0.476
145875	0.468
145925	0.468
145975	0.476
146025	0.484
146075	0.472
146125	0.480
146175	0.480
146225	0.472
146275	0.460
146325	0.464
146375	0.464
146425	0.460
146475	0.440
146525	0.456
146575	0.480
146625	0.488
146675	0.472
146725	0.500
146775	0.484
146825	0.468
146875	0.460
146925	0.444
146975	0.424
147025	0.432
147075	0.432
147125	0.440
147175	0.476
147225	0.496
147275	0.488
147325	0.512
147375	0.500
147425	0.500
147475	0.512
147525	0.496
147575	0.480
147625	0.500
147675	0.500
147725	0.476
147775	0.508
147825	0.536
147875	0.532
147925	0.520
147975	0.536
148025	0.528
148075	0.492
148125	0.500
148175	0.508
148225	0.496
148275	0.476
148325	0.484
148375	0.476
148425	0.468
148475	0.468
148525	0.488
148575	0.500
148625	0.496
148675	0.496
148725	0.492
148775	0.480
148825	0.460
148875	0.452
148925	0.460
148975	0.476
149025	0.484
149075	0.484
149125	0.504
149175	0.500
149225	0.488
149275	0.484
149325	0.496
149375	0.496
149425	0.492
149475	0.504
149525	0.496
149575	0.468
149625	0.424
149675	0.440
149725	0.436
149775	0.452
149825	0.476
149875	0.492
149925	0.480
149975	0.480
150025	0.492
150075	0.484
150125	0.476
150175	0.460
150225	0.452
150275	0.420
150325	0.428
150375	0.448
150425	0.480
150475	0.476
150525	0.480
150575	0.484
150625	0.508
150675	0.488
150725	0.508
150775	0.508
150825	0.488
150875	0.476
150925	0.508
150975	0.472
151025	0.468
151075	0.472
151125	0.484
151175	0.452
151225	0.468
151275	0.476
151325	0.520
151375	0.512
151425	0.512
151475	0.520
151525	0.528
151575	0.508
151625	0.492
151675	0.500
151725	0.512
151775	0.532
151825	0.516
151875	0.552
151925	0.548
151975	0.532
152025	0.496
152075	0.500
152125	0.464
152175	0.472
152225	0.480
152275	0.484
152325	0.496
152375	0.520
152425	0.508
152475	0.488
152525	0.492
152575	0.476
152625	0.468
152675	0.480
152725	0.488
152775	0.484
152825	0.500
152875	0.484
152925	0.480
152975	0.476
153025	0.472
153075	0.468
153125	0.460
153175	0.440
153225	0.456
153275	0.468
153325	0.468
153375	0.480
153425	0.496
153475	0.500
153525	0.524
153575	0.520
153625	0.496
153675	0.484
153725	0.464
153775	0.436
153825	0.436
153875	0.476
153925	0.492
153975	0.508
154025	0.528
154075	0.532
154125	0.508
154175	0.528
154225	0.504
154275	0.496
154325	0.500
154375	0.508
154425	0.476
154475	0.488
154525	0.464
154575	0.444
154625	0.424
154675	0.440
154725	0.440
154775	0.444
154825	0.444
154875	0.456
154925	0.436
154975	0.424
155025	0.420
155075	0.432
155125	0.428
155175	0.440
155225	0.456
155275	0.468
155325	0.476
155375	0.488
155425	0.500
155475	0.500
155525	0.512
155575	0.504
155625	0.512
155675	0.508
155725	0.516
155775	0.516
155825	0.500
155875	0.488
155925	0.484
155975	0.480
156025	0.488
156075	0.504
156125	0.504
156175	0.512
156225	0.496
156275	0.484
156325	0.480
156375	0.496
156425	0.472
156475	0.488
156525	0.492
156575	0.480
156625	0.460
156675	0.496
156725	0.508
156775	0.512
156825	0.528
156875	0.540
156925	0.520
156975	0.492
157025	0.492
157075	0.480
157125	0.460
157175	0.472
157225	0.492
157275	0.484
157325	0.496
157375	0.508
157425	0.512
157475	0.508
157525	0.484
157575	0.480
157625	0.484
157675	0.464
157725	0.472
157775	0.496
157825	0.504
157875	0.512
157925	0.516
157975	0.488
158025	0.468
158075	0.472
158125	0.448
158175	0.444
158225	0.464
158275	0.464
158325	0.452
158375	0.488
158425	0.492
158475	0.472
158525	0.472
158575	0.452
158625	0.400
158675	0.372
158725	0.384
158775	0.400
158825	0.412
158875	0.444
158925	0.484
158975	0.504
159025	0.520
159075	0.524
159125	0.528
159175	0.508
159225	0.504
159275	0.496
159325	0.520
159375	0.528
159425	0.532
159475	0.516
159525	0.524
159575	0.520
159625	0.492
159675	0.468
159725	0.476
159775	0.420
159825	0.388
159875	0.396
159925	0.424
159975	0.396
160025	0.436
160075	0.436
160125	0.428
160175	0.396
160225	0.416
160275	0.376
160325	0.400
160375	0.412
160425	0.460
160475	0.456
160525	0.468
160575	0.444
160625	0.436
160675	0.416
160725	0.428
160775	0.428
160825	0.440
160875	0.436
160925	0.432
160975	0.416
161025	0.460
161075	0.464
161125	0.480
161175	0.468
161225	0.460
161275	0.448
161325	0.468
161375	0.472
161425	0.480
161475	0.520
161525	0.492
161575	0.460
161625	0.472
161675	0.480
161725	0.428
161775	0.408
161825	0.428
161875	0.416
161925	0.412
161975	0.448
162025	0.496
162075	0.488
162125	0.508
162175	0.520
162225	0.528
162275	0.512
162325	0.528
162375	0.524
162425	0.532
162475	0.516
162525	0.540
162575	0.552
162625	0.548
162675	0.576
162725	0.604
162775	0.636
162825	0.624
162875	0.624
162925	0.596
162975	0.564
163025	0.556
163075	0.540
163125	0.532
163175	0.548
163225	0.576
163275	0.524
163325	0.532
163375	0.524
163425	0.476
163475	0.416
163525	0.416
163575	0.396
163625	0.384
163675	0.368
163725	0.412
163775	0.424
163825	0.440
163875	0.472
163925	0.524
163975	0.536
164025	0.548
164075	0.552
164125	0.508
164175	0.480
164225	0.448
164275	0.432
164325	0.416
164375	0.440
164425	0.448
164475	0.476
164525	0.472
164575	0.468
164625	0.460
164675	0.472
164725	0.460
164775	0.456
164825	0.464
164875	0.464
164925	0.420
164975	0.416
165025	0.444
165075	0.440
165125	0.448
165175	0.452
165225	0.440
165275	0.440
165325	0.456
165375	0.468
165425	0.496
165475	0.468
165525	0.428
165575	0.396
165625	0.376
165675	0.384
165725	0.424
165775	0.440
165825	0.468
165875	0.480
165925	0.472
165975	0.492
166025	0.512
166075	0.504
166125	0.500
166175	0.512
166225	0.500
166275	0.512
166325	0.512
166375	0.516
166425	0.484
166475	0.496
166525	0.480
166575	0.508
166625	0.516
166675	0.536
166725	0.540
166775	0.544
166825	0.516
166875	0.516
166925	0.512
166975	0.492
167025	0.488
167075	0.488
167125	0.472
167175	0.468
167225	0.484
167275	0.488
167325	0.500
167375	0.524
167425	0.536
167475	0.528
167525	0.508
167575	0.500
167625	0.484
167675	0.488
167725	0.504
167775	0.520
167825	0.528
167875	0.528
167925	0.544
167975	0.532
168025	0.548
168075	0.544
168125	0.556
168175	0.528
168225	0.516
168275	0.520
168325	0.532
168375	0.520
168425	0.540
168475	0.564
168525	0.544
168575	0.540
168625	0.540
168675	0.524
168725	0.488
168775	0.484
168825	0.460
168875	0.472
168925	0.464
168975	0.484
169025	0.484
169075	0.500
169125	0.496
169175	0.508
169225	0.520
169275	0.536
169325	0.528
169375	0.540
169425	0.540
169475	0.536
169525	0.524
169575	0.524
169625	0.492
169675	0.476
169725	0.484
169775	0.496
169825	0.492
169875	0.500
169925	0.532
169975	0.508
170025	0.496
170075	0.512
170125	0.532
170175	0.512
170225	0.508
170275	0.492
170325	0.448
170375	0.400
170425	0.404
170475	0.416
170525	0.440
170575	0.484
170625	0.528
170675	0.524
170725	0.528
170775	0.512
170825	0.504
170875	0.500
170925	0.516
170975	0.528
171025	0.556
171075	0.572
171125	0.536
171175	0.528
171225	0.480
171275	0.444
171325	0.440
171375	0.488
171425	0.480
171475	0.504
171525	0.528
171575	0.516
171625	0.492
171675	0.516
171725	0.532
171775	0.512
171825	0.524
171875	0.532
171925	0.516
171975	0.508
172025	0.524
172075	0.524
172125	0.528
172175	0.528
172225	0.524
172275	0.520
172325	0.516
172375	0.508
172425	0.492
172475	0.484
172525	0.488
172575	0.484
172625	0.480
172675	0.496
172725	0.516
172775	0.504
172825	0.492
172875	0.468
172925	0.472
172975	0.444
173025	0.416
173075	0.424
173125	0.460
173175	0.416
173225	0.384
173275	0.396
173325	0.388
173375	0.364
173425	0.364
173475	0.392
173525	0.400
173575	0.368
173625	0.356
173675	0.380
173725	0.400
173775	0.416
173825	0.452
173875	0.464
173925	0.460
173975	0.436
174025	0.408
174075	0.400
174125	0.400
174175	0.388
174225	0.384
174275	0.404
174325	0.396
174375	0.404
174425	0.408
174475	0.416
174525	0.416
174575	0.440
174625	0.432
174675	0.436
174725	0.416
174775	0.448
174825	0.428
174875	0.424
174925	0.416
174975	0.436
175025	0.404
175075	0.416
175125	0.404
175175	0.420
175225	0.440
175275	0.428
175325	0.408
175375	0.396
175425	0.348
175475	0.328
175525	0.348
175575	0.352
175625	0.376
175675	0.404
175725	0.412
175775	0.416
175825	0.432
175875	0.452
175925	0.488
175975	0.496
176025	0.496
176075	0.500
176125	0.504
176175	0.492
176225	0.484
176275	0.468
176325	0.444
176375	0.408
176425	0.372
176475	0.348
176525	0.316
176575	0.308
176625	0.296
176675	0.316
176725	0.352
176775	0.360
176825	0.400
176875	0.444
176925	0.472
176975	0.484
177025	0.520
177075	0.528
177125	0.564
177175	0.576
177225	0.572
177275	0.604
177325	0.576
177375	0.536
177425	0.532
177475	0.540
177525	0.528
177575	0.552
177625	0.560
177675	0.532
177725	0.516
177775	0.500
177825	0.500
177875	0.500
177925	0.500
177975	0.488
178025	0.488
178075	0.448
178125	0.416
178175	0.440
178225	0.432
178275	0.428
178325	0.468
178375	0.504
178425	0.492
178475	0.508
178525	0.500
178575	0.496
178625	0.476
178675	0.476
178725	0.468
178775	0.480
178825	0.480
178875	0.480
178925	0.472
178975	0.488
179025	0.492
179075	0.472
179125	0.488
179175	0.488
179225	0.476
179275	0.472
179325	0.472
179375	0.480
179425	0.500
179475	0.500
179525	0.484
179575	0.488
179625	0.468
179675	0.444
179725	0.432
179775	0.456
179825	0.472
179875	0.488
179925	0.492
179975	0.516
180025	0.512
180075	0.496
180125	0.496
180175	0.508
180225	0.500
180275	0.484
180325	0.496
180375	0.488
180425	0.472
180475	0.480
180525	0.476
180575	0.468
180625	0.476
180675	0.488
180725	0.460
180775	0.500
180825	0.508
180875	0.496
180925	0.500
180975	0.512
181025	0.484
181075	0.480
181125	0.472
181175	0.472
181225	0.476
181275	0.480
181325	0.496
181375	0.516
181425	0.500
181475	0.504
181525	0.496
181575	0.480
181625	0.476
181675	0.484
181725	0.508
181775	0.500
181825	0.492
181875	0.480
181925	0.492
181975	0.456
182025	0.448
182075	0.460
182125	0.460
182175	0.460
182225	0.456
182275	0.464
182325	0.464
182375	0.476
182425	0.476
182475	0.504
182525	0.496
182575	0.484
182625	0.464
182675	0.484
182725	0.472
182775	0.480
182825	0.476
182875	0.488
182925	0.440
182975	0.436
183025	0.444
183075	0.452
183125	0.448
183175	0.488
183225	0.496
183275	0.504
183325	0.524
183375	0.548
183425	0.532
183475	0.524
183525	0.516
183575	0.512
183625	0.492
183675	0.496
183725	0.512
183775	0.496
183825	0.500
183875	0.496
183925	0.500
183975	0.480
184025	0.492
184075	0.476
184125	0.484
184175	0.488
184225	0.484
184275	0.484
184325	0.472
184375	0.476
184425	0.464
184475	0.488
184525	0.500
184575	0.492
184625	0.468
184675	0.456
184725	0.436
184775	0.420
184825	0.444
184875	0.456
184925	0.468
184975	0.476
185025	0.488
185075	0.492
185125	0.516
185175	0.492
185225	0.500
185275	0.496
185325	0.468
185375	0.444
185425	0.472
185475	0.472
185525	0.456
185575	0.488
185625	0.492
185675	0.472
185725	0.444
185775	0.448
185825	0.436
185875	0.420
185925	0.436
185975	0.460
186025	0.472
186075	0.472
186125	0.480
186175	0.480
186225	0.464
186275	0.468
186325	0.468
186375	0.484
186425	0.468
186475	0.500
186525	0.496
186575	0.500
186625	0.464
186675	0.468
186725	0.440
186775	0.420
186825	0.400
186875	0.412
186925	0.412
186975	0.424
187025	0.440
187075	0.464
187125	0.476
187175	0.484
187225	0.484
187275	0.460
187325	0.456
187375	0.464
187425	0.472
187475	0.456
187525	0.492
187575	0.472
187625	0.468
187675	0.464
187725	0.480
187775	0.476
187825	0.492
187875	0.496
187925	0.504
187975	0.508
188025	0.520
188075	0.500
188125	0.496
188175	0.472
188225	0.464
188275	0.428
188325	0.448
188375	0.464
188425	0.480
188475	0.492
188525	0.508
188575	0.516
188625	0.488
188675	0.500
188725	0.480
188775	0.496
188825	0.488
188875	0.508
188925	0.484
188975	0.496
189025	0.484
189075	0.480
189125	0.480
189175	0.476
189225	0.492
189275	0.484
189325	0.488
189375	0.484
189425	0.512
189475	0.492
189525	0.524
189575	0.516
189625	0.508
189675	0.488
189725	0.484
189775	0.468
189825	0.468
189875	0.464
189925	0.464
189975	0.460
190025	0.440
190075	0.460
190125	0.480
190175	0.460
190225	0.476
190275	0.476
190325	0.476
190375	0.468
190425	0.492
190475	0.472
190525	0.496
190575	0.504
190625	0.500
190675	0.508
190725	0.512
190775	0.492
190825	0.464
190875	0.472
190925	0.484
190975	0.488
191025	0.484
191075	0.480
191125	0.484
191175	0.444
191225	0.432
191275	0.448
191325	0.456
191375	0.468
191425	0.480
191475	0.512
191525	0.508
191575	0.520
191625	0.488
191675	0.492
191725	0.472
191775	0.472
191825	0.460
191875	0.480
191925	0.508
191975	0.512
192025	0.524
192075	0.528
192125	0.520
192175	0.488
192225	0.484
192275	0.468
192325	0.464
192375	0.464
192425	0.476
192475	0.492
192525	0.504
192575	0.512
192625	0.524
192675	0.528
192725	0.516
192775	0.496
192825	0.500
192875	0.488
192925	0.472
192975	0.476
193025	0.480
193075	0.452
193125	0.456
193175	0.460
193225	0.444
193275	0.464
193325	0.480
193375	0.464
193425	0.484
193475	0.504
193525	0.504
193575	0.504
193625	0.508
193675	0.500
193725	0.496
193775	0.480
193825	0.496
193875	0.512
193925	0.500
193975	0.508
194025	0.520
194075	0.528
194125	0.508
194175	0.516
194225	0.540
194275	0.556
194325	0.528
194375	0.516
194425	0.500
194475	0.448
194525	0.424
194575	0.440
194625	0.460
194675	0.456
194725	0.452
194775	0.452
194825	0.444
194875	0.452
194925	0.464
194975	0.504
195025	0.492
195075	0.500
195125	0.496
195175	0.496
195225	0.476
195275	0.484
195325	0.452
195375	0.468
195425	0.484
195475	0.472
195525	0.448
195575	0.460
195625	0.464
195675	0.464
195725	0.468
195775	0.508
195825	0.520
195875	0.512
195925	0.488
195975	0.456
196025	0.456
196075	0.460
196125	0.424
196175	0.436
196225	0.476
196275	0.448
196325	0.432
196375	0.460
196425	0.468
196475	0.472
196525	0.476
196575	0.504
196625	0.484
196675	0.508
196725	0.484
196775	0.472
196825	0.460
196875	0.452
196925	0.412
196975	0.420
197025	0.412
197075	0.392
197125	0.408
197175	0.448
197225	0.436
197275	0.480
197325	0.476
197375	0.488
197425	0.456
197475	0.512
197525	0.492
197575	0.500
197625	0.500
197675	0.520
197725	0.492
197775	0.472
197825	0.492
197875	0.472
197925	0.460
197975	0.428
198025	0.424
198075	0.372
198125	0.404
198175	0.400
198225	0.436
198275	0.480
198325	0.520
198375	0.476
198425	0.464
198475	0.424
198525	0.420
198575	0.416
198625	0.460
198675	0.488
198725	0.536
198775	0.544
198825	0.580
198875	0.568
198925	0.536
198975	0.512
199025	0.508
199075	0.500
199125	0.484
199175	0.500
199225	0.516
199275	0.504
199325	0.496
199375	0.484
199425	0.464
199475	0.432
199525	0.420
199575	0.420
199625	0.444
199675	0.484
199725	0.496
199775	0.500
199825	0.516
199875	0.496
199925	0.468
199975	0.476
200025	0.484
200075	0.468
200125	0.488
200175	0.496
200225	0.504
200275	0.508
200325	0.512
200375	0.496
200425	0.508
200475	0.496
200525	0.488
200575	0.468
200625	0.484
200675	0.460
200725	0.480
200775	0.492
200825	0.504
200875	0.512
200925	0.524
200975	0.512
201025	0.508
201075	0.480
201125	0.464
201175	0.472
201225	0.484
201275	0.472
201325	0.488
201375	0.528
201425	0.516
201475	0.480
201525	0.484
201575	0.496
201625	0.464
201675	0.464
201725	0.492
201775	0.512
201825	0.500
201875	0.488
201925	0.488
201975	0.484
202025	0.448
202075	0.456
202125	0.472
202175	0.480
202225	0.484
202275	0.520
202325	0.508
202375	0.512
202425	0.512
202475	0.500
202525	0.484
202575	0.484
202625	0.480
202675	0.496
202725	0.512
202775	0.524
202825	0.552
202875	0.544
202925	0.488
202975	0.492
203025	0.460
203075	0.432
203125	0.428
203175	0.476
203225	0.416
203275	0.428
203325	0.416
203375	0.408
203425	0.376
203475	0.416
203525	0.416
203575	0.428
203625	0.456
203675	0.448
203725	0.436
203775	0.432
203825	0.452
203875	0.432
203925	0.484
203975	0.516
204025	0.532
204075	0.532
204125	0.544
204175	0.528
204225	0.504
204275	0.484
204325	0.468
204375	0.460
204425	0.456
204475	0.476
204525	0.488
204575	0.472
204625	0.484
204675	0.464
204725	0.428
204775	0.444
204825	0.484
204875	0.468
204925	0.468
204975	0.480
205025	0.460
205075	0.436
205125	0.448
205175	0.432
205225	0.424
205275	0.420
205325	0.408
205375	0.388
205425	0.396
205475	0.396
205525	0.416
205575	0.444
205625	0.464
205675	0.460
205725	0.500
205775	0.484
205825	0.456
205875	0.448
205925	0.484
205975	0.464
206025	0.456
206075	0.480
206125	0.432
206175	0.396
206225	0.400
206275	0.416
206325	0.400
206375	0.416
206425	0.444
206475	0.456
206525	0.432
206575	0.448
206625	0.468
206675	0.476
206725	0.456
206775	0.464
206825	0.472
206875	0.472
206925	0.448
206975	0.460
207025	0.476
207075	0.440
207125	0.432
207175	0.448
207225	0.436
207275	0.424
207325	0.452
207375	0.488
207425	0.488
207475	0.456
207525	0.484
207575	0.472
207625	0.452
207675	0.472
207725	0.516
207775	0.512
207825	0.504
207875	0.520
207925	0.496
207975	0.520
208025	0.504
208075	0.492
208125	0.456
208175	0.464
208225	0.436
208275	0.444
208325	0.464
208375	0.468
208425	0.476
208475	0.460
208525	0.452
208575	0.448
208625	0.492
208675	0.476
208725	0.476
208775	0.444
208825	0.452
208875	0.396
208925	0.392
208975	0.432
209025	0.472
209075	0.440
209125	0.464
209175	0.456
209225	0.396
209275	0.368
209325	0.420
209375	0.436
209425	0.440
209475	0.456
209525	0.488
209575	0.460
209625	0.428
209675	0.388
209725	0.380
209775	0.360
209825	0.344
209875	0.348
209925	0.380
209975	0.388
210025	0.396
210075	0.392
210125	0.424
210175	0.488
210225	0.536
210275	0.600
210325	0.656
210375	0.692
210425	0.700
210475	0.680
210525	0.636
210575	0.620
210625	0.616
210675	0.540
210725	0.540
210775	0.540
210825	0.492
210875	0.440
210925	0.460
210975	0.468
211025	0.464
211075	0.508
211125	0.520
211175	0.508
211225	0.484
211275	0.472
211325	0.484
211375	0.476
211425	0.484
211475	0.492
211525	0.472
211575	0.412
211625	0.404
211675	0.428
211725	0.404
211775	0.388
211825	0.428
211875	0.452
211925	0.452
211975	0.464
212025	0.508
212075	0.516
212125	0.500
212175	0.468
212225	0.464
212275	0.420
212325	0.356
212375	0.336
212425	0.344
212475	0.360
212525	0.404
212575	0.500
212625	0.540
212675	0.564
212725	0.576
212775	0.564
212825	0.528
212875	0.524
212925	0.500
212975	0.480
213025	0.472
213075	0.468
213125	0.440
213175	0.416
213225	0.428
213275	0.428
213325	0.432
213375	0.416
213425	0.452
213475	0.456
213525	0.448
213575	0.468
213625	0.500
213675	0.452
213725	0.428
213775	0.436
213825	0.408
213875	0.380
213925	0.464
213975	0.492
214025	0.496
214075	0.492
214125	0.520
214175	0.488
214225	0.456
214275	0.472
214325	0.484
214375	0.480
214425	0.468
214475	0.504
214525	0.508
214575	0.488
214625	0.504
214675	0.532
214725	0.504
214775	0.492
214825	0.528
214875	0.512
214925	0.496
214975	0.524
215025	0.540
215075	0.528
215125	0.516
215175	0.492
215225	0.468
215275	0.428
215325	0.404
215375	0.416
215425	0.400
215475	0.384
215525	0.396
215575	0.432
215625	0.424
215675	0.472
215725	0.508
215775	0.528
215825	0.496
215875	0.508
215925	0.476
215975	0.468
216025	0.468
216075	0.464
216125	0.440
216175	0.476
216225	0.460
216275	0.452
216325	0.468
216375	0.512
216425	0.492
216475	0.496
216525	0.504
216575	0.500
216625	0.492
216675	0.468
216725	0.468
216775	0.456
216825	0.484
216875	0.492
216925	0.532
216975	0.560
217025	0.584
217075	0.568
217125	0.548
217175	0.524
217225	0.500
217275	0.464
217325	0.460
217375	0.460
217425	0.468
217475	0.512
217525	0.508
217575	0.500
217625	0.496
217675	0.496
217725	0.444
217775	0.452
217825	0.444
217875	0.436
217925	0.396
217975	0.420
218025	0.416
218075	0.420
218125	0.424
218175	0.460
218225	0.464
218275	0.484
218325	0.488
218375	0.512
218425	0.540
218475	0.504
218525	0.504
218575	0.516
218625	0.480
218675	0.456
218725	0.468
218775	0.468
218825	0.456
218875	0.432
218925	0.428
218975	0.456
219025	0.476
219075	0.488
219125	0.516
219175	0.536
219225	0.508
219275	0.480
219325	0.468
219375	0.492
219425	0.464
219475	0.500
219525	0.512
219575	0.536
219625	0.524
219675	0.548
219725	0.544
219775	0.568
219825	0.540
219875	0.552
219925	0.540
219975	0.536
220025	0.516
220075	0.508
220125	0.524
220175	0.520
220225	0.480
220275	0.472
220325	0.516
220375	0.500
220425	0.508
220475	0.536
220525	0.544
220575	0.512
220625	0.520
220675	0.520
220725	0.504
220775	0.488
220825	0.504
220875	0.508
220925	0.516
220975	0.552
221025	0.548
221075	0.532
221125	0.520
221175	0.520
221225	0.484
221275	0.476
221325	0.472
221375	0.440
221425	0.384
221475	0.360
221525	0.364
221575	0.348
221625	0.324
221675	0.368
221725	0.392
221775	0.368
221825	0.380
221875	0.440
221925	0.436
221975	0.408
222025	0.452
222075	0.464
222125	0.436
222175	0.408
222225	0.428
222275	0.396
222325	0.384
222375	0.420
222425	0.452
222475	0.480
222525	0.484
222575	0.512
222625	0.504
222675	0.524
222725	0.524
222775	0.520
222825	0.476
222875	0.452
222925	0.400
222975	0.372
223025	0.384
223075	0.376
223125	0.396
223175	0.436
223225	0.440
223275	0.436
223325	0.464
223375	0.468
223425	0.460
223475	0.480
223525	0.484
223575	0.512
223625	0.520
223675	0.540
223725	0.548
223775	0.568
223825	0.544
223875	0.512
223925	0.508
223975	0.504
224025	0.460
224075	0.444
224125	0.468
224175	0.464
224225	0.456
224275	0.492
224325	0.500
224375	0.500
224425	0.476
224475	0.464
224525	0.456
224575	0.444
224625	0.428
224675	0.424
224725	0.388
224775	0.384
224825	0.432
224875	0.456
224925	0.428
224975	0.444
225025	0.436
225075	0.392
225125	0.360
225175	0.396
225225	0.408
225275	0.404
225325	0.420
225375	0.392
225425	0.368
225475	0.364
225525	0.396
225575	0.408
225625	0.444
225675	0.464
225725	0.472
225775	0.456
225825	0.444
225875	0.440
225925	0.460
225975	0.452
226025	0.440
226075	0.420
226125	0.404
226175	0.364
226225	0.356
226275	0.364
226325	0.380
226375	0.404
226425	0.440
226475	0.484
226525	0.480
226575	0.480
226625	0.476
226675	0.448
226725	0.396
226775	0.404
226825	0.412
226875	0.420
226925	0.440
226975	0.464
227025	0.484
227075	0.460
227125	0.448
227175	0.432
227225	0.468
227275	0.416
227325	0.424
227375	0.428
227425	0.452
227475	0.432
227525	0.472
227575	0.492
227625	0.500
227675	0.476
227725	0.460
227775	0.456
227825	0.404
227875	0.396
227925	0.412
227975	0.368
228025	0.348
228075	0.404
228125	0.392
228175	0.364
228225	0.412
228275	0.432
228325	0.420
228375	0.440
228425	0.460
228475	0.460
228525	0.460
228575	0.472
228625	0.480
228675	0.484
228725	0.492
228775	0.492
228825	0.496
228875	0.488
228925	0.484
228975	0.484
229025	0.492
229075	0.488
229125	0.488
229175	0.476
229225	0.468
229275	0.472
229325	0.472
229375	0.460
229425	0.504
229475	0.524
229525	0.532
229575	0.528
229625	0.536
229675	0.496
229725	0.484
229775	0.464
229825	0.464
229875	0.456
229925	0.480
229975	0.492
230025	0.480
230075	0.488
230125	0.500
230175	0.524
230225	0.508
230275	0.544
230325	0.544
230375	0.552
230425	0.536
230475	0.512
230525	0.508
230575	0.492
230625	0.496
230675	0.492
230725	0.524
230775	0.520
230825	0.528
230875	0.524
230925	0.520
230975	0.496
231025	0.500
231075	0.480
231125	0.492
231175	0.496
231225	0.520
231275	0.488
231325	0.484
231375	0.460
231425	0.460
231475	0.440
231525	0.464
231575	0.472
231625	0.464
231675	0.436
231725	0.464
231775	0.472
231825	0.480
231875	0.476
231925	0.472
231975	0.448
232025	0.396
232075	0.404
232125	0.412
232175	0.404
232225	0.384
232275	0.408
232325	0.396
232375	0.400
232425	0.396
232475	0.436
232525	0.440
232575	0.464
232625	0.464
232675	0.548
232725	0.556
232775	0.604
232825	0.616
232875	0.640
232925	0.620
232975	0.624
233025	0.604
233075	0.596
233125	0.616
233175	0.584
233225	0.564
233275	0.552
233325	0.540
233375	0.500
233425	0.524
233475	0.524
233525	0.524
233575	0.528
233625	0.536
233675	0.556
233725	0.560
233775	0.572
233825	0.568
233875	0.556
233925	0.512
233975	0.504
234025	0.480
234075	0.472
234125	0.488
234175	0.512
234225	0.524
234275	0.528
234325	0.536
234375	0.528
234425	0.504
234475	0.516
234525	0.532
234575	0.504
234625	0.488
234675	0.504
234725	0.504
234775	0.500
234825	0.504
234875	0.528
234925	0.508
234975	0.496
235025	0.488
235075	0.516
235125	0.476
235175	0.468
235225	0.456
235275	0.460
235325	0.464
235375	0.476
235425	0.496
235475	0.516
235525	0.524
235575	0.528
235625	0.564
235675	0.576
235725	0.568
235775	0.576
235825	0.580
235875	0.580
235925	0.560
235975	0.552
236025	0.556
236075	0.552
236125	0.544
236175	0.584
236225	0.576
236275	0.572
236325	0.568
236375	0.568
236425	0.540
236475	0.564
236525	0.544
236575	0.508
236625	0.476
236675	0.444
236725	0.400
236775	0.380
236825	0.388
236875	0.396
236925	0.420
236975	0.444
237025	0.476
237075	0.472
237125	0.448
237175	0.420
237225	0.420
237275	0.404
237325	0.420
237375	0.440
237425	0.480
237475	0.484
237525	0.476
237575	0.480
237625	0.480
237675	0.424
237725	0.424
237775	0.408
237825	0.412
237875	0.428
237925	0.480
237975	0.472
238025	0.492
238075	0.456
238125	0.456
238175	0.440
238225	0.444
238275	0.444
238325	0.460
238375	0.440
238425	0.424
238475	0.436
238525	0.452
238575	0.472
238625	0.496
238675	0.512
238725	0.540
238775	0.524
238825	0.524
238875	0.520
238925	0.536
238975	0.508
239025	0.500
239075	0.480
239125	0.460
239175	0.432
239225	0.404
239275	0.400
239325	0.396
239375	0.400
239425	0.376
239475	0.384
239525	0.436
239575	0.452
239625	0.460
239675	0.500
239725	0.500
239775	0.476
239825	0.472
239875	0.496
239925	0.520
239975	0.560
240025	0.564
240075	0.612
240125	0.640
240175	0.624
240225	0.624
240275	0.616
240325	0.612
240375	0.596
240425	0.604
240475	0.604
240525	0.612
240575	0.612
240625	0.588
240675	0.604
240725	0.612
240775	0.612
240825	0.604
240875	0.632
240925	0.628
240975	0.604
241025	0.624
241075	0.604
241125	0.596
241175	0.596
241225	0.624
241275	0.636
241325	0.624
241375	0.584
241425	0.544
241475	0.472
241525	0.392
241575	0.360
241625	0.312
241675	0.292
241725	0.264
241775	0.272
241825	0.316
241875	0.376
241925	0.416
241975	0.464
242025	0.528
242075	0.556
242125	0.568
242175	0.588
242225	0.620
242275	0.580
242325	0.540
242375	0.552
242425	0.544
242475	0.532
242525	0.544
242575	0.556
242625	0.540
242675	0.532
242725	0.536
242775	0.528
242825	0.540
242875	0.524
242925	0.504
242975	0.500
243025	0.500
243075	0.480
243125	0.504
243175	0.524
243225	0.500
243275	0.488
243325	0.484
243375	0.432
243425	0.424
243475	0.464
243525	0.476
243575	0.516
243625	0.580
243675	0.584
243725	0.544
243775	0.572
243825	0.540
243875	0.508
243925	0.500
243975	0.508
244025	0.472
244075	0.468
244125	0.472
244175	0.460
244225	0.448
244275	0.452
244325	0.420
244375	0.388
244425	0.356
244475	0.356
244525	0.324
244575	0.332
244625	0.360
244675	0.420
244725	0.440
244775	0.508
244825	0.552
244875	0.576
244925	0.588
244975	0.612
245025	0.620
245075	0.660
245125	0.680
245175	0.680
245225	0.700
245275	0.676
245325	0.640
245375	0.620
245425	0.620
245475	0.588
245525	0.604
245575	0.612
245625	0.600
245675	0.588
245725	0.588
245775	0.580
245825	0.572
245875	0.584
245925	0.600
245975	0.612
246025	0.604
246075	0.580
246125	0.588
246175	0.596
246225	0.592
246275	0.608
246325	0.632
246375	0.624
246425	0.620
246475	0.624
246525	0.620
246575	0.608
246625	0.612
246675	0.612
246725	0.612
246775	0.604
246825	0.636
246875	0.632
246925	0.612
246975	0.612
247025	0.632
247075	0.592
247125	0.588
247175	0.604
247225	0.600
247275	0.568
247325	0.576
247375	0.572
247425	0.564
247475	0.552
247525	0.576
247575	0.552
247625	0.524
247675	0.516
247725	0.496
247775	0.472
247825	0.504
247875	0.560
247925	0.532
247975	0.568
248025	0.580
248075	0.592
248125	0.552
248175	0.584
248225	0.572
248275	0.576
248325	0.560
248375	0.584
248425	0.588
248475	0.604
248525	0.616
248575	0.604
248625	0.596
248675	0.596
248725	0.608
248775	0.584
248825	0.612
248875	0.632
248925	0.596
248975	0.572
249025	0.568
249075	0.540
249125	0.544
249175	0.572
249225	0.580
249275	0.584
249325	0.612
249375	0.576
249425	0.572
249475	0.564
249525	0.568
249575	0.540
249625	0.588
249675	0.612
249725	0.640
249775	0.676
249825	0.692
249875	0.660
249925	0.652
249975	0.636
250025	0.596
250075	0.580
250125	0.576
250175	0.576
250225	0.592
250275	0.588
250325	0.592
250375	0.608
250425	0.604
250475	0.584
250525	0.608
250575	0.604
250625	0.612
250675	0.632
250725	0.636
250775	0.620
250825	0.636
250875	0.596
250925	0.556
250975	0.548
251025	0.552
251075	0.528
251125	0.572
251175	0.608
251225	0.596
251275	0.592
251325	0.628
251375	0.608
251425	0.580
251475	0.596
251525	0.596
251575	0.580
251625	0.572
251675	0.584
251725	0.600
251775	0.604
251825	0.616
251875	0.620
251925	0.616
251975	0.616
252025	0.612
252075	0.596
252125	0.584
252175	0.592
252225	0.560
252275	0.564
252325	0.580
252375	0.588
252425	0.584
252475	0.596
252525	0.628
252575	0.628
252625	0.652
252675	0.656
252725	0.672
252775	0.628
252825	0.616
252875	0.604
252925	0.612
252975	0.612
253025	0.620
253075	0.628
253125	0.624
253175	0.608
253225	0.588
253275	0.580
253325	0.556
253375	0.572
253425	0.588
253475	0.592
253525	0.600
253575	0.632
253625	0.604
253675	0.600
253725	0.612
253775	0.600
253825	0.588
253875	0.608
253925	0.612
253975	0.616
254025	0.640
254075	0.644
254125	0.640
254175	0.608
254225	0.584
254275	0.576
254325	0.584
254375	0.572
254425	0.588
254475	0.596
254525	0.596
254575	0.584
254625	0.588
254675	0.588
254725	0.600
254775	0.592
254825	0.608
254875	0.628
254925	0.644
254975	0.624
255025	0.636
255075	0.656
255125	0.648
255175	0.644
255225	0.648
255275	0.636
255325	0.604
255375	0.584
255425	0.568
255475	0.572
255525	0.564
255575	0.544
255625	0.516
255675	0.544
255725	0.524
255775	0.520
255825	0.548
255875	0.568
255925	0.536
255975	0.548
256025	0.584
256075	0.576
256125	0.580
256175	0.568
256225	0.520
256275	0.480
256325	0.476
256375	0.500
256425	0.520
256475	0.552
256525	0.556
256575	0.572
256625	0.568
256675	0.568
256725	0.584
256775	0.604
256825	0.564
256875	0.576
256925	0.544
256975	0.556
257025	0.528
257075	0.548
257125	0.524
257175	0.556
257225	0.556
257275	0.572
257325	0.564
257375	0.536
257425	0.528
257475	0.492
257525	0.472
257575	0.444
257625	0.460
257675	0.472
257725	0.480
257775	0.492
257825	0.516
257875	0.492
257925	0.480
257975	0.500
258025	0.524
258075	0.520
258125	0.524
258175	0.504
258225	0.468
258275	0.416
258325	0.420
258375	0.460
258425	0.496
258475	0.528
258525	0.584
258575	0.616
258625	0.628
258675	0.636
258725	0.664
258775	0.676
258825	0.680
258875	0.652
258925	0.648
258975	0.636
259025	0.628
259075	0.608
259125	0.636
259175	0.648
259225	0.656
259275	0.656
259325	0.652
259375	0.636
259425	0.612
259475	0.580
259525	0.556
259575	0.532
259625	0.512
259675	0.480
259725	0.452
259775	0.456
259825	0.440
259875	0.412
259925	0.436
259975	0.448
260025	0.448
260075	0.480
260125	0.500
260175	0.488
260225	0.520
260275	0.528
260325	0.524
260375	0.536
260425	0.556
260475	0.560
260525	0.548
260575	0.532
260625	0.552
260675	0.552
260725	0.520
260775	0.500
260825	0.508
260875	0.500
260925	0.484
260975	0.488
261025	0.476
261075	0.508
261125	0.480
261175	0.488
261225	0.452
261275	0.460
261325	0.432
261375	0.456
261425	0.468
261475	0.508
261525	0.532
261575	0.536
261625	0.544
261675	0.528
261725	0.548
261775	0.516
261825	0.520
261875	0.524
261925	0.520
261975	0.420
262025	0.392
262075	0.352
262125	0.324
262175	0.312
262225	0.396
262275	0.428
262325	0.440
262375	0.452
262425	0.448
262475	0.440
262525	0.432
262575	0.452
262625	0.448
262675	0.472
262725	0.496
262775	0.532
262825	0.512
262875	0.496
262925	0.480
262975	0.444
263025	0.424
263075	0.432
263125	0.424
263175	0.428
263225	0.420
263275	0.416
263325	0.424
263375	0.432
263425	0.420
263475	0.428
263525	0.444
263575	0.460
263625	0.476
263675	0.516
263725	0.540
263775	0.540
263825	0.552
263875	0.556
263925	0.528
263975	0.504
264025	0.512
264075	0.512
264125	0.504
264175	0.484
264225	0.520
264275	0.504
264325	0.488
264375	0.504
264425	0.532
264475	0.536
264525	0.528
264575	0.500
264625	0.480
264675	0.476
264725	0.432
264775	0.444
264825	0.448
264875	0.416
264925	0.412
264975	0.464
265025	0.460
265075	0.464
265125	0.496
265175	0.516
265225	0.452
265275	0.456
265325	0.456
265375	0.448
265425	0.412
265475	0.460
265525	0.476
265575	0.476
265625	0.480
265675	0.492
265725	0.476
265775	0.452
265825	0.456
265875	0.472
265925	0.484
265975	0.508
266025	0.488
266075	0.480
266125	0.440
266175	0.468
266225	0.452
266275	0.512
266325	0.520
266375	0.596
266425	0.564
266475	0.552
266525	0.544
266575	0.572
266625	0.532
266675	0.544
266725	0.584
266775	0.584
266825	0.556
266875	0.560
266925	0.560
266975	0.556
267025	0.532
267075	0.540
267125	0.552
267175	0.544
267225	0.508
267275	0.496
267325	0.480
267375	0.444
267425	0.416
267475	0.404
267525	0.400
267575	0.372
267625	0.380
267675	0.408
267725	0.380
267775	0.368
267825	0.400
267875	0.432
267925	0.432
267975	0.484
268025	0.536
268075	0.556
268125	0.544
268175	0.556
268225	0.584
268275	0.580
268325	0.596
268375	0.608
268425	0.632
268475	0.608
268525	0.596
268575	0.576
268625	0.568
268675	0.528
268725	0.508
268775	0.468
268825	0.448
268875	0.412
268925	0.420
268975	0.432
269025	0.472
269075	0.484
269125	0.488
269175	0.496
269225	0.508
269275	0.480
269325	0.468
269375	0.496
269425	0.476
269475	0.460
269525	0.472
269575	0.468
269625	0.452
269675	0.428
269725	0.396
269775	0.372
269825	0.352
269875	0.364
269925	0.352
269975	0.344
270025	0.380
270075	0.404
270125	0.400
270175	0.436
270225	0.472
270275	0.472
270325	0.500
270375	0.520
270425	0.544
270475	0.544
270525	0.552
270575	0.556
270625	0.532
270675	0.532
270725	0.548
270775	0.580
270825	0.580
270875	0.596
270925	0.620
270975	0.640
271025	0.612
271075	0.616
271125	0.620
271175	0.592
271225	0.588
271275	0.596
271325	0.576
271375	0.596
271425	0.600
271475	0.584
271525	0.592
271575	0.608
271625	0.580
271675	0.548
271725	0.564
271775	0.560
271825	0.532
271875	0.536
271925	0.544
271975	0.512
272025	0.484
272075	0.500
272125	0.508
272175	0.528
272225	0.552
272275	0.588
272325	0.604
272375	0.608
272425	0.640
272475	0.664
272525	0.672
272575	0.680
272625	0.684
272675	0.644
272725	0.624
272775	0.612
272825	0.584
272875	0.596
272925	0.628
272975	0.628
273025	0.604
273075	0.616
273125	0.592
273175	0.584
273225	0.588
273275	0.608
273325	0.592
273375	0.596
273425	0.564
273475	0.540
273525	0.540
273575	0.528
273625	0.488
273675	0.496
273725	0.504
273775	0.488
273825	0.512
273875	0.544
273925	0.552
273975	0.580
274025	0.600
274075	0.596
274125	0.608
274175	0.612
274225	0.588
274275	0.580
274325	0.576
274375	0.584
274425	0.572
274475	0.548
274525	0.540
274575	0.528
274625	0.500
274675	0.504
274725	0.504
274775	0.512
274825	0.548
274875	0.564
274925	0.560
274975	0.576
275025	0.588
275075	0.580
275125	0.560
275175	0.564
275225	0.580
275275	0.564
275325	0.568
275375	0.604
275425	0.572
275475	0.564
275525	0.524
275575	0.496
275625	0.440
275675	0.436
275725	0.412
275775	0.384
275825	0.324
275875	0.308
275925	0.328
275975	0.316
276025	0.380
276075	0.444
276125	0.436
276175	0.432
276225	0.420
276275	0.392
276325	0.376
276375	0.408
276425	0.392
276475	0.428
276525	0.436
276575	0.436
276625	0.440
276675	0.468
276725	0.476
276775	0.472
276825	0.444
276875	0.440
276925	0.388
276975	0.312
277025	0.272
277075	0.268
277125	0.240
277175	0.232
277225	0.216
277275	0.200
277325	0.176
277375	0.140
277425	0.120
277475	0.128
277525	0.140
277575	0.140
277625	0.128
277675	0.136
277725	0.124
277775	0.108
277825	0.096
277875	0.116
277925	0.108
277975	0.128
278025	0.124
278075	0.152
278125	0.164
278175	0.184
278225	0.188
278275	0.192
278325	0.184
278375	0.168
278425	0.140
278475	0.120
278525	0.108
278575	0.096
278625	0.080
278675	0.076
278725	0.104
278775	0.096
278825	0.096
278875	0.124
278925	0.128
278975	0.104
279025	0.100
279075	0.088
279125	0.076
279175	0.080
279225	0.068
279275	0.080
279325	0.092
279375	0.080
279425	0.076
279475	0.084
279525	0.084
279575	0.076
279625	0.084
279675	0.068
279725	0.060
279775	0.064
279825	0.076
279875	0.072
279925	0.100
279975	0.100
280025	0.108
280075	0.112
280125	0.108
280175	0.096
280225	0.140
280275	0.120
280325	0.116
280375	0.128
280425	0.132
280475	0.096
280525	0.108
280575	0.104
280625	0.092
280675	0.088
280725	0.108
280775	0.120
280825	0.120
280875	0.128
280925	0.124
280975	0.116
281025	0.092
281075	0.104
281125	0.100
281175	0.100
281225	0.100
281275	0.104
281325	0.108
281375	0.108
281425	0.124
281475	0.124
281525	0.132
281575	0.112
281625	0.104
281675	0.096
281725	0.084
281775	0.080
281825	0.072
281875	0.080
281925	0.080
281975	0.076
282025	0.072
282075	0.084
282125	0.092
282175	0.092
282225	0.108
282275	0.112
282325	0.112
282375	0.116
282425	0.140
282475	0.116
282525	0.124
282575	0.124
282625	0.140
282675	0.124
282725	0.148
282775	0.144
282825	0.136
282875	0.108
282925	0.108
282975	0.116
283025	0.116
283075	0.128
283125	0.136
283175	0.132
283225	0.176
283275	0.224
283325	0.240
283375	0.248
283425	0.272
283475	0.216
283525	0.164
283575	0.148
283625	0.140
283675	0.108
283725	0.092
283775	0.088
283825	0.084
283875	0.084
283925	0.080
283975	0.084
284025	0.088
284075	0.084
284125	0.080
284175	0.096
284225	0.096
284275	0.096
284325	0.096
284375	0.112
284425	0.096
284475	0.104
284525	0.104
284575	0.104
284625	0.072
284675	0.072
