Position	Percent G+C 1 .. 368013
125	0.308
175	0.312
225	0.308
275	0.324
325	0.316
375	0.312
425	0.316
475	0.296
525	0.252
575	0.260
625	0.256
675	0.252
725	0.296
775	0.336
825	0.336
875	0.344
925	0.308
975	0.284
1025	0.276
1075	0.280
1125	0.284
1175	0.308
1225	0.300
1275	0.300
1325	0.316
1375	0.320
1425	0.328
1475	0.348
1525	0.360
1575	0.320
1625	0.296
1675	0.288
1725	0.256
1775	0.260
1825	0.280
1875	0.304
1925	0.304
1975	0.320
2025	0.308
2075	0.332
2125	0.336
2175	0.360
2225	0.372
2275	0.384
2325	0.388
2375	0.384
2425	0.384
2475	0.392
2525	0.380
2575	0.340
2625	0.344
2675	0.312
2725	0.328
2775	0.336
2825	0.356
2875	0.336
2925	0.324
2975	0.304
3025	0.284
3075	0.284
3125	0.268
3175	0.268
3225	0.264
3275	0.268
3325	0.264
3375	0.304
3425	0.316
3475	0.340
3525	0.384
3575	0.384
3625	0.400
3675	0.432
3725	0.456
3775	0.408
3825	0.392
3875	0.380
3925	0.388
3975	0.328
4025	0.352
4075	0.380
4125	0.348
4175	0.284
4225	0.328
4275	0.324
4325	0.284
4375	0.304
4425	0.320
4475	0.284
4525	0.308
4575	0.352
4625	0.356
4675	0.372
4725	0.432
4775	0.440
4825	0.448
4875	0.472
4925	0.524
4975	0.516
5025	0.488
5075	0.488
5125	0.500
5175	0.480
5225	0.448
5275	0.452
5325	0.448
5375	0.448
5425	0.440
5475	0.448
5525	0.436
5575	0.456
5625	0.476
5675	0.460
5725	0.472
5775	0.488
5825	0.480
5875	0.424
5925	0.440
5975	0.456
6025	0.456
6075	0.456
6125	0.488
6175	0.504
6225	0.480
6275	0.484
6325	0.488
6375	0.476
6425	0.480
6475	0.460
6525	0.448
6575	0.412
6625	0.384
6675	0.324
6725	0.316
6775	0.336
6825	0.360
6875	0.388
6925	0.436
6975	0.456
7025	0.444
7075	0.444
7125	0.428
7175	0.404
7225	0.400
7275	0.396
7325	0.416
7375	0.404
7425	0.408
7475	0.428
7525	0.428
7575	0.408
7625	0.420
7675	0.420
7725	0.412
7775	0.436
7825	0.444
7875	0.464
7925	0.488
7975	0.464
8025	0.428
8075	0.412
8125	0.396
8175	0.372
8225	0.388
8275	0.404
8325	0.392
8375	0.424
8425	0.428
8475	0.428
8525	0.416
8575	0.456
8625	0.436
8675	0.420
8725	0.416
8775	0.432
8825	0.404
8875	0.412
8925	0.452
8975	0.444
9025	0.444
9075	0.464
9125	0.456
9175	0.448
9225	0.480
9275	0.484
9325	0.468
9375	0.444
9425	0.424
9475	0.372
9525	0.344
9575	0.324
9625	0.300
9675	0.280
9725	0.340
9775	0.388
9825	0.424
9875	0.472
9925	0.528
9975	0.520
10025	0.492
10075	0.468
10125	0.464
10175	0.432
10225	0.388
10275	0.396
10325	0.392
10375	0.400
10425	0.412
10475	0.464
10525	0.488
10575	0.528
10625	0.552
10675	0.540
10725	0.520
10775	0.508
10825	0.500
10875	0.472
10925	0.504
10975	0.504
11025	0.500
11075	0.500
11125	0.524
11175	0.480
11225	0.496
11275	0.472
11325	0.472
11375	0.480
11425	0.492
11475	0.508
11525	0.504
11575	0.476
11625	0.448
11675	0.448
11725	0.388
11775	0.432
11825	0.468
11875	0.476
11925	0.492
11975	0.528
12025	0.520
12075	0.480
12125	0.472
12175	0.472
12225	0.476
12275	0.468
12325	0.500
12375	0.488
12425	0.488
12475	0.468
12525	0.460
12575	0.412
12625	0.412
12675	0.400
12725	0.400
12775	0.396
12825	0.416
12875	0.396
12925	0.364
12975	0.348
13025	0.336
13075	0.344
13125	0.408
13175	0.456
13225	0.508
13275	0.552
13325	0.572
13375	0.568
13425	0.596
13475	0.596
13525	0.588
13575	0.612
13625	0.564
13675	0.524
13725	0.496
13775	0.504
13825	0.492
13875	0.528
13925	0.568
13975	0.600
14025	0.552
14075	0.528
14125	0.504
14175	0.448
14225	0.416
14275	0.448
14325	0.444
14375	0.468
14425	0.464
14475	0.472
14525	0.424
14575	0.444
14625	0.432
14675	0.464
14725	0.428
14775	0.476
14825	0.436
14875	0.432
14925	0.420
14975	0.464
15025	0.424
15075	0.452
15125	0.480
15175	0.488
15225	0.472
15275	0.512
15325	0.520
15375	0.492
15425	0.480
15475	0.476
15525	0.472
15575	0.448
15625	0.436
15675	0.436
15725	0.428
15775	0.432
15825	0.440
15875	0.480
15925	0.476
15975	0.488
16025	0.496
16075	0.496
16125	0.456
16175	0.484
16225	0.476
16275	0.468
16325	0.464
16375	0.456
16425	0.444
16475	0.440
16525	0.424
16575	0.412
16625	0.456
16675	0.448
16725	0.460
16775	0.460
16825	0.500
16875	0.464
16925	0.456
16975	0.472
17025	0.464
17075	0.452
17125	0.456
17175	0.448
17225	0.420
17275	0.444
17325	0.448
17375	0.472
17425	0.452
17475	0.444
17525	0.416
17575	0.392
17625	0.368
17675	0.428
17725	0.448
17775	0.480
17825	0.480
17875	0.480
17925	0.448
17975	0.456
18025	0.424
18075	0.444
18125	0.492
18175	0.504
18225	0.484
18275	0.512
18325	0.524
18375	0.476
18425	0.472
18475	0.516
18525	0.516
18575	0.488
18625	0.520
18675	0.536
18725	0.488
18775	0.476
18825	0.480
18875	0.444
18925	0.428
18975	0.432
19025	0.416
19075	0.412
19125	0.416
19175	0.420
19225	0.444
19275	0.496
19325	0.536
19375	0.568
19425	0.608
19475	0.628
19525	0.592
19575	0.580
19625	0.576
19675	0.544
19725	0.544
19775	0.572
19825	0.568
19875	0.580
19925	0.596
19975	0.600
20025	0.580
20075	0.592
20125	0.588
20175	0.600
20225	0.592
20275	0.612
20325	0.576
20375	0.548
20425	0.524
20475	0.472
20525	0.480
20575	0.476
20625	0.460
20675	0.432
20725	0.432
20775	0.396
20825	0.384
20875	0.388
20925	0.396
20975	0.404
21025	0.412
21075	0.428
21125	0.436
21175	0.428
21225	0.480
21275	0.452
21325	0.468
21375	0.484
21425	0.536
21475	0.536
21525	0.556
21575	0.540
21625	0.556
21675	0.528
21725	0.532
21775	0.564
21825	0.584
21875	0.560
21925	0.544
21975	0.520
22025	0.464
22075	0.444
22125	0.456
22175	0.476
22225	0.464
22275	0.484
22325	0.508
22375	0.496
22425	0.496
22475	0.480
22525	0.504
22575	0.504
22625	0.516
22675	0.496
22725	0.508
22775	0.480
22825	0.480
22875	0.484
22925	0.496
22975	0.548
23025	0.564
23075	0.544
23125	0.528
23175	0.532
23225	0.480
23275	0.484
23325	0.480
23375	0.504
23425	0.520
23475	0.536
23525	0.552
23575	0.612
23625	0.596
23675	0.564
23725	0.532
23775	0.532
23825	0.492
23875	0.488
23925	0.500
23975	0.508
24025	0.492
24075	0.468
24125	0.484
24175	0.504
24225	0.532
24275	0.532
24325	0.564
24375	0.564
24425	0.580
24475	0.588
24525	0.596
24575	0.608
24625	0.600
24675	0.596
24725	0.596
24775	0.612
24825	0.604
24875	0.620
24925	0.556
24975	0.536
25025	0.512
25075	0.544
25125	0.548
25175	0.612
25225	0.620
25275	0.624
25325	0.612
25375	0.604
25425	0.616
25475	0.636
25525	0.656
25575	0.592
25625	0.544
25675	0.480
25725	0.432
25775	0.396
25825	0.380
25875	0.384
25925	0.376
25975	0.380
26025	0.352
26075	0.348
26125	0.376
26175	0.392
26225	0.400
26275	0.424
26325	0.484
26375	0.500
26425	0.476
26475	0.484
26525	0.516
26575	0.504
26625	0.476
26675	0.492
26725	0.464
26775	0.444
26825	0.440
26875	0.452
26925	0.472
26975	0.500
27025	0.496
27075	0.504
27125	0.492
27175	0.496
27225	0.500
27275	0.540
27325	0.532
27375	0.560
27425	0.544
27475	0.556
27525	0.516
27575	0.536
27625	0.504
27675	0.512
27725	0.472
27775	0.500
27825	0.464
27875	0.468
27925	0.448
27975	0.480
28025	0.452
28075	0.452
28125	0.472
28175	0.480
28225	0.456
28275	0.456
28325	0.472
28375	0.436
28425	0.428
28475	0.460
28525	0.476
28575	0.440
28625	0.436
28675	0.468
28725	0.464
28775	0.448
28825	0.480
28875	0.524
28925	0.508
28975	0.476
29025	0.460
29075	0.460
29125	0.444
29175	0.456
29225	0.480
29275	0.488
29325	0.500
29375	0.492
29425	0.488
29475	0.480
29525	0.480
29575	0.484
29625	0.476
29675	0.464
29725	0.440
29775	0.420
29825	0.388
29875	0.408
29925	0.408
29975	0.432
30025	0.456
30075	0.472
30125	0.428
30175	0.420
30225	0.416
30275	0.420
30325	0.448
30375	0.500
30425	0.504
30475	0.508
30525	0.476
30575	0.428
30625	0.404
30675	0.428
30725	0.456
30775	0.516
30825	0.572
30875	0.576
30925	0.584
30975	0.548
31025	0.520
31075	0.504
31125	0.540
31175	0.540
31225	0.548
31275	0.564
31325	0.556
31375	0.516
31425	0.508
31475	0.528
31525	0.536
31575	0.552
31625	0.596
31675	0.592
31725	0.612
31775	0.580
31825	0.556
31875	0.516
31925	0.476
31975	0.388
32025	0.364
32075	0.364
32125	0.360
32175	0.400
32225	0.452
32275	0.496
32325	0.516
32375	0.520
32425	0.504
32475	0.508
32525	0.492
32575	0.500
32625	0.548
32675	0.580
32725	0.612
32775	0.644
32825	0.628
32875	0.596
32925	0.584
32975	0.564
33025	0.580
33075	0.584
33125	0.608
33175	0.616
33225	0.592
33275	0.536
33325	0.556
33375	0.544
33425	0.528
33475	0.548
33525	0.584
33575	0.592
33625	0.612
33675	0.636
33725	0.652
33775	0.664
33825	0.648
33875	0.592
33925	0.596
33975	0.576
34025	0.544
34075	0.528
34125	0.556
34175	0.548
34225	0.572
34275	0.560
34325	0.544
34375	0.516
34425	0.484
34475	0.452
34525	0.484
34575	0.496
34625	0.496
34675	0.516
34725	0.500
34775	0.476
34825	0.464
34875	0.484
34925	0.484
34975	0.524
35025	0.560
35075	0.536
35125	0.520
35175	0.508
35225	0.492
35275	0.496
35325	0.568
35375	0.616
35425	0.632
35475	0.640
35525	0.624
35575	0.600
35625	0.568
35675	0.540
35725	0.512
35775	0.508
35825	0.476
35875	0.456
35925	0.460
35975	0.500
36025	0.480
36075	0.508
36125	0.524
36175	0.556
36225	0.560
36275	0.576
36325	0.572
36375	0.576
36425	0.552
36475	0.520
36525	0.520
36575	0.496
36625	0.500
36675	0.508
36725	0.540
36775	0.544
36825	0.580
36875	0.564
36925	0.564
36975	0.528
37025	0.500
37075	0.488
37125	0.468
37175	0.412
37225	0.372
37275	0.372
37325	0.376
37375	0.392
37425	0.424
37475	0.464
37525	0.484
37575	0.488
37625	0.508
37675	0.532
37725	0.560
37775	0.552
37825	0.540
37875	0.528
37925	0.552
37975	0.520
38025	0.528
38075	0.524
38125	0.536
38175	0.520
38225	0.548
38275	0.540
38325	0.552
38375	0.560
38425	0.548
38475	0.536
38525	0.532
38575	0.532
38625	0.532
38675	0.532
38725	0.540
38775	0.540
38825	0.516
38875	0.504
38925	0.508
38975	0.496
39025	0.516
39075	0.544
39125	0.548
39175	0.512
39225	0.464
39275	0.448
39325	0.424
39375	0.420
39425	0.488
39475	0.524
39525	0.508
39575	0.500
39625	0.504
39675	0.472
39725	0.460
39775	0.464
39825	0.460
39875	0.432
39925	0.404
39975	0.400
40025	0.416
40075	0.440
40125	0.468
40175	0.496
40225	0.500
40275	0.452
40325	0.440
40375	0.428
40425	0.428
40475	0.452
40525	0.500
40575	0.488
40625	0.480
40675	0.468
40725	0.452
40775	0.472
40825	0.480
40875	0.496
40925	0.516
40975	0.524
41025	0.520
41075	0.540
41125	0.548
41175	0.536
41225	0.528
41275	0.488
41325	0.512
41375	0.520
41425	0.504
41475	0.520
41525	0.512
41575	0.464
41625	0.468
41675	0.488
41725	0.484
41775	0.524
41825	0.532
41875	0.520
41925	0.532
41975	0.504
42025	0.484
42075	0.516
42125	0.508
42175	0.512
42225	0.536
42275	0.524
42325	0.512
42375	0.504
42425	0.488
42475	0.500
42525	0.512
42575	0.508
42625	0.500
42675	0.492
42725	0.496
42775	0.512
42825	0.512
42875	0.528
42925	0.536
42975	0.512
43025	0.504
43075	0.484
43125	0.460
43175	0.456
43225	0.480
43275	0.472
43325	0.476
43375	0.492
43425	0.476
43475	0.456
43525	0.424
43575	0.412
43625	0.400
43675	0.428
43725	0.468
43775	0.516
43825	0.536
43875	0.548
43925	0.512
43975	0.504
44025	0.508
44075	0.528
44125	0.540
44175	0.556
44225	0.528
44275	0.524
44325	0.500
44375	0.516
44425	0.520
44475	0.528
44525	0.504
44575	0.512
44625	0.468
44675	0.464
44725	0.436
44775	0.472
44825	0.452
44875	0.448
44925	0.460
44975	0.484
45025	0.448
45075	0.488
45125	0.540
45175	0.552
45225	0.568
45275	0.576
45325	0.544
45375	0.508
45425	0.504
45475	0.476
45525	0.504
45575	0.516
45625	0.512
45675	0.496
45725	0.512
45775	0.480
45825	0.472
45875	0.492
45925	0.484
45975	0.484
46025	0.508
46075	0.540
46125	0.564
46175	0.560
46225	0.544
46275	0.576
46325	0.552
46375	0.532
46425	0.524
46475	0.540
46525	0.504
46575	0.488
46625	0.488
46675	0.500
46725	0.528
46775	0.532
46825	0.536
46875	0.512
46925	0.536
46975	0.516
47025	0.512
47075	0.476
47125	0.508
47175	0.472
47225	0.452
47275	0.436
47325	0.480
47375	0.468
47425	0.492
47475	0.488
47525	0.492
47575	0.484
47625	0.496
47675	0.504
47725	0.488
47775	0.500
47825	0.508
47875	0.504
47925	0.516
47975	0.560
48025	0.572
48075	0.552
48125	0.524
48175	0.504
48225	0.504
48275	0.480
48325	0.516
48375	0.548
48425	0.536
48475	0.512
48525	0.512
48575	0.508
48625	0.496
48675	0.492
48725	0.508
48775	0.536
48825	0.540
48875	0.560
48925	0.592
48975	0.588
49025	0.568
49075	0.588
49125	0.588
49175	0.584
49225	0.568
49275	0.596
49325	0.568
49375	0.560
49425	0.556
49475	0.556
49525	0.532
49575	0.524
49625	0.504
49675	0.484
49725	0.492
49775	0.536
49825	0.568
49875	0.564
49925	0.580
49975	0.580
50025	0.508
50075	0.500
50125	0.504
50175	0.496
50225	0.508
50275	0.512
50325	0.492
50375	0.492
50425	0.492
50475	0.464
50525	0.484
50575	0.472
50625	0.484
50675	0.536
50725	0.596
50775	0.624
50825	0.664
50875	0.676
50925	0.632
50975	0.576
51025	0.520
51075	0.472
51125	0.448
51175	0.472
51225	0.516
51275	0.544
51325	0.560
51375	0.580
51425	0.580
51475	0.572
51525	0.604
51575	0.612
51625	0.628
51675	0.620
51725	0.640
51775	0.620
51825	0.604
51875	0.560
51925	0.560
51975	0.524
52025	0.508
52075	0.492
52125	0.516
52175	0.516
52225	0.524
52275	0.516
52325	0.568
52375	0.548
52425	0.556
52475	0.560
52525	0.572
52575	0.548
52625	0.572
52675	0.540
52725	0.540
52775	0.556
52825	0.572
52875	0.584
52925	0.600
52975	0.580
53025	0.584
53075	0.588
53125	0.600
53175	0.616
53225	0.656
53275	0.644
53325	0.644
53375	0.616
53425	0.596
53475	0.564
53525	0.576
53575	0.556
53625	0.536
53675	0.520
53725	0.516
53775	0.480
53825	0.480
53875	0.476
53925	0.480
53975	0.460
54025	0.432
54075	0.416
54125	0.432
54175	0.416
54225	0.412
54275	0.452
54325	0.468
54375	0.460
54425	0.472
54475	0.492
54525	0.492
54575	0.496
54625	0.488
54675	0.504
54725	0.496
54775	0.460
54825	0.416
54875	0.432
54925	0.408
54975	0.396
55025	0.404
55075	0.448
55125	0.416
55175	0.420
55225	0.428
55275	0.456
55325	0.440
55375	0.476
55425	0.484
55475	0.492
55525	0.496
55575	0.504
55625	0.480
55675	0.464
55725	0.436
55775	0.436
55825	0.440
55875	0.448
55925	0.484
55975	0.516
56025	0.516
56075	0.504
56125	0.516
56175	0.460
56225	0.432
56275	0.436
56325	0.456
56375	0.464
56425	0.496
56475	0.532
56525	0.488
56575	0.440
56625	0.404
56675	0.396
56725	0.396
56775	0.440
56825	0.476
56875	0.496
56925	0.500
56975	0.468
57025	0.420
57075	0.428
57125	0.432
57175	0.440
57225	0.472
57275	0.500
57325	0.480
57375	0.456
57425	0.476
57475	0.476
57525	0.472
57575	0.496
57625	0.504
57675	0.488
57725	0.500
57775	0.504
57825	0.492
57875	0.520
57925	0.548
57975	0.572
58025	0.620
58075	0.648
58125	0.660
58175	0.672
58225	0.660
58275	0.660
58325	0.644
58375	0.652
58425	0.640
58475	0.652
58525	0.680
58575	0.700
58625	0.700
58675	0.716
58725	0.680
58775	0.616
58825	0.564
58875	0.560
58925	0.508
58975	0.480
59025	0.480
59075	0.500
59125	0.440
59175	0.436
59225	0.464
59275	0.452
59325	0.424
59375	0.468
59425	0.468
59475	0.452
59525	0.464
59575	0.516
59625	0.536
59675	0.576
59725	0.632
59775	0.656
59825	0.656
59875	0.652
59925	0.640
59975	0.612
60025	0.604
60075	0.592
60125	0.580
60175	0.588
60225	0.608
60275	0.596
60325	0.592
60375	0.604
60425	0.592
60475	0.536
60525	0.540
60575	0.564
60625	0.548
60675	0.544
60725	0.580
60775	0.592
60825	0.564
60875	0.580
60925	0.604
60975	0.616
61025	0.588
61075	0.560
61125	0.540
61175	0.508
61225	0.492
61275	0.500
61325	0.516
61375	0.504
61425	0.500
61475	0.540
61525	0.548
61575	0.552
61625	0.516
61675	0.484
61725	0.432
61775	0.428
61825	0.440
61875	0.484
61925	0.520
61975	0.516
62025	0.516
62075	0.524
62125	0.516
62175	0.528
62225	0.532
62275	0.496
62325	0.500
62375	0.488
62425	0.476
62475	0.472
62525	0.532
62575	0.548
62625	0.548
62675	0.552
62725	0.596
62775	0.588
62825	0.560
62875	0.612
62925	0.620
62975	0.628
63025	0.636
63075	0.656
63125	0.644
63175	0.644
63225	0.604
63275	0.608
63325	0.576
63375	0.496
63425	0.440
63475	0.416
63525	0.328
63575	0.276
63625	0.356
63675	0.400
63725	0.428
63775	0.488
63825	0.580
63875	0.552
63925	0.568
63975	0.604
64025	0.616
64075	0.608
64125	0.628
64175	0.636
64225	0.600
64275	0.596
64325	0.576
64375	0.596
64425	0.584
64475	0.592
64525	0.604
64575	0.632
64625	0.620
64675	0.632
64725	0.632
64775	0.652
64825	0.648
64875	0.636
64925	0.644
64975	0.636
65025	0.564
65075	0.544
65125	0.548
65175	0.548
65225	0.548
65275	0.616
65325	0.640
65375	0.644
65425	0.656
65475	0.636
65525	0.572
65575	0.528
65625	0.520
65675	0.480
65725	0.516
65775	0.568
65825	0.612
65875	0.584
65925	0.544
65975	0.508
66025	0.476
66075	0.448
66125	0.464
66175	0.516
66225	0.516
66275	0.544
66325	0.556
66375	0.564
66425	0.580
66475	0.620
66525	0.604
66575	0.616
66625	0.632
66675	0.612
66725	0.596
66775	0.608
66825	0.584
66875	0.584
66925	0.576
66975	0.584
67025	0.596
67075	0.608
67125	0.592
67175	0.572
67225	0.568
67275	0.552
67325	0.564
67375	0.572
67425	0.604
67475	0.600
67525	0.616
67575	0.604
67625	0.620
67675	0.612
67725	0.564
67775	0.508
67825	0.460
67875	0.416
67925	0.392
67975	0.424
68025	0.432
68075	0.452
68125	0.456
68175	0.480
68225	0.468
68275	0.452
68325	0.444
68375	0.448
68425	0.432
68475	0.432
68525	0.464
68575	0.476
68625	0.468
68675	0.480
68725	0.484
68775	0.468
68825	0.444
68875	0.452
68925	0.448
68975	0.460
69025	0.492
69075	0.524
69125	0.540
69175	0.536
69225	0.528
69275	0.512
69325	0.516
69375	0.500
69425	0.488
69475	0.500
69525	0.496
69575	0.488
69625	0.476
69675	0.484
69725	0.484
69775	0.504
69825	0.488
69875	0.472
69925	0.476
69975	0.460
70025	0.432
70075	0.452
70125	0.488
70175	0.456
70225	0.448
70275	0.436
70325	0.424
70375	0.376
70425	0.384
70475	0.384
70525	0.404
70575	0.400
70625	0.412
70675	0.416
70725	0.392
70775	0.376
70825	0.388
70875	0.392
70925	0.432
70975	0.464
71025	0.492
71075	0.480
71125	0.484
71175	0.488
71225	0.480
71275	0.460
71325	0.480
71375	0.492
71425	0.452
71475	0.440
71525	0.432
71575	0.416
71625	0.420
71675	0.424
71725	0.436
71775	0.440
71825	0.436
71875	0.436
71925	0.448
71975	0.464
72025	0.476
72075	0.484
72125	0.484
72175	0.468
72225	0.472
72275	0.484
72325	0.480
72375	0.496
72425	0.480
72475	0.460
72525	0.476
72575	0.460
72625	0.448
72675	0.504
72725	0.512
72775	0.480
72825	0.512
72875	0.516
72925	0.472
72975	0.496
73025	0.500
73075	0.492
73125	0.480
73175	0.528
73225	0.524
73275	0.520
73325	0.536
73375	0.552
73425	0.524
73475	0.544
73525	0.564
73575	0.548
73625	0.524
73675	0.556
73725	0.548
73775	0.560
73825	0.580
73875	0.616
73925	0.608
73975	0.596
74025	0.576
74075	0.548
74125	0.536
74175	0.516
74225	0.484
74275	0.492
74325	0.524
74375	0.524
74425	0.532
74475	0.572
74525	0.584
74575	0.580
74625	0.580
74675	0.600
74725	0.596
74775	0.572
74825	0.572
74875	0.572
74925	0.532
74975	0.488
75025	0.460
75075	0.412
75125	0.400
75175	0.420
75225	0.420
75275	0.444
75325	0.452
75375	0.452
75425	0.424
75475	0.460
75525	0.472
75575	0.468
75625	0.484
75675	0.496
75725	0.452
75775	0.420
75825	0.464
75875	0.440
75925	0.420
75975	0.460
76025	0.504
76075	0.452
76125	0.424
76175	0.432
76225	0.412
76275	0.388
76325	0.404
76375	0.452
76425	0.468
76475	0.456
76525	0.472
76575	0.504
76625	0.508
76675	0.500
76725	0.544
76775	0.516
76825	0.516
76875	0.500
76925	0.520
76975	0.496
77025	0.500
77075	0.508
77125	0.524
77175	0.536
77225	0.524
77275	0.528
77325	0.504
77375	0.496
77425	0.464
77475	0.452
77525	0.412
77575	0.384
77625	0.404
77675	0.412
77725	0.416
77775	0.476
77825	0.504
77875	0.464
77925	0.456
77975	0.488
78025	0.480
78075	0.456
78125	0.452
78175	0.468
78225	0.452
78275	0.424
78325	0.444
78375	0.460
78425	0.448
78475	0.476
78525	0.504
78575	0.524
78625	0.552
78675	0.568
78725	0.528
78775	0.536
78825	0.532
78875	0.512
78925	0.504
78975	0.492
79025	0.484
79075	0.472
79125	0.448
79175	0.448
79225	0.492
79275	0.480
79325	0.476
79375	0.488
79425	0.480
79475	0.460
79525	0.460
79575	0.484
79625	0.468
79675	0.480
79725	0.492
79775	0.500
79825	0.468
79875	0.480
79925	0.464
79975	0.460
80025	0.456
80075	0.464
80125	0.456
80175	0.456
80225	0.460
80275	0.472
80325	0.472
80375	0.488
80425	0.484
80475	0.468
80525	0.448
80575	0.456
80625	0.456
80675	0.480
80725	0.468
80775	0.488
80825	0.472
80875	0.472
80925	0.456
80975	0.480
81025	0.464
81075	0.448
81125	0.464
81175	0.472
81225	0.460
81275	0.436
81325	0.468
81375	0.424
81425	0.400
81475	0.392
81525	0.416
81575	0.412
81625	0.416
81675	0.428
81725	0.440
81775	0.412
81825	0.420
81875	0.436
81925	0.432
81975	0.468
82025	0.504
82075	0.496
82125	0.512
82175	0.540
82225	0.504
82275	0.492
82325	0.516
82375	0.488
82425	0.460
82475	0.456
82525	0.472
82575	0.424
82625	0.468
82675	0.476
82725	0.472
82775	0.448
82825	0.456
82875	0.428
82925	0.412
82975	0.432
83025	0.448
83075	0.452
83125	0.448
83175	0.452
83225	0.440
83275	0.412
83325	0.428
83375	0.448
83425	0.464
83475	0.472
83525	0.496
83575	0.484
83625	0.476
83675	0.488
83725	0.456
83775	0.464
83825	0.460
83875	0.456
83925	0.448
83975	0.464
84025	0.476
84075	0.496
84125	0.504
84175	0.512
84225	0.508
84275	0.464
84325	0.448
84375	0.456
84425	0.436
84475	0.428
84525	0.440
84575	0.408
84625	0.384
84675	0.380
84725	0.396
84775	0.416
84825	0.456
84875	0.500
84925	0.508
84975	0.540
85025	0.520
85075	0.512
85125	0.456
85175	0.468
85225	0.460
85275	0.456
85325	0.456
85375	0.464
85425	0.464
85475	0.424
85525	0.448
85575	0.452
85625	0.452
85675	0.428
85725	0.444
85775	0.420
85825	0.412
85875	0.432
85925	0.420
85975	0.404
86025	0.448
86075	0.452
86125	0.432
86175	0.444
86225	0.476
86275	0.448
86325	0.440
86375	0.452
86425	0.464
86475	0.460
86525	0.448
86575	0.456
86625	0.480
86675	0.472
86725	0.492
86775	0.492
86825	0.488
86875	0.456
86925	0.456
86975	0.424
87025	0.404
87075	0.388
87125	0.380
87175	0.360
87225	0.364
87275	0.424
87325	0.444
87375	0.436
87425	0.448
87475	0.440
87525	0.428
87575	0.428
87625	0.456
87675	0.472
87725	0.500
87775	0.492
87825	0.492
87875	0.488
87925	0.476
87975	0.448
88025	0.444
88075	0.444
88125	0.440
88175	0.452
88225	0.440
88275	0.420
88325	0.412
88375	0.444
88425	0.444
88475	0.452
88525	0.472
88575	0.456
88625	0.436
88675	0.440
88725	0.440
88775	0.424
88825	0.436
88875	0.404
88925	0.392
88975	0.404
89025	0.416
89075	0.464
89125	0.488
89175	0.480
89225	0.496
89275	0.512
89325	0.492
89375	0.492
89425	0.532
89475	0.516
89525	0.504
89575	0.496
89625	0.500
89675	0.488
89725	0.500
89775	0.480
89825	0.444
89875	0.456
89925	0.452
89975	0.436
90025	0.440
90075	0.496
90125	0.488
90175	0.492
90225	0.488
90275	0.544
90325	0.516
90375	0.500
90425	0.516
90475	0.532
90525	0.492
90575	0.484
90625	0.480
90675	0.476
90725	0.472
90775	0.472
90825	0.508
90875	0.548
90925	0.536
90975	0.556
91025	0.568
91075	0.560
91125	0.544
91175	0.564
91225	0.540
91275	0.528
91325	0.520
91375	0.516
91425	0.484
91475	0.500
91525	0.508
91575	0.516
91625	0.512
91675	0.524
91725	0.536
91775	0.540
91825	0.516
91875	0.536
91925	0.540
91975	0.532
92025	0.536
92075	0.556
92125	0.564
92175	0.568
92225	0.572
92275	0.576
92325	0.588
92375	0.564
92425	0.576
92475	0.564
92525	0.552
92575	0.552
92625	0.548
92675	0.496
92725	0.464
92775	0.436
92825	0.408
92875	0.392
92925	0.408
92975	0.420
93025	0.444
93075	0.464
93125	0.468
93175	0.452
93225	0.444
93275	0.456
93325	0.452
93375	0.476
93425	0.508
93475	0.560
93525	0.536
93575	0.532
93625	0.536
93675	0.516
93725	0.476
93775	0.484
93825	0.480
93875	0.464
93925	0.480
93975	0.492
94025	0.484
94075	0.460
94125	0.448
94175	0.440
94225	0.448
94275	0.460
94325	0.468
94375	0.436
94425	0.440
94475	0.444
94525	0.428
94575	0.452
94625	0.512
94675	0.532
94725	0.532
94775	0.572
94825	0.548
94875	0.528
94925	0.504
94975	0.500
95025	0.484
95075	0.532
95125	0.556
95175	0.572
95225	0.588
95275	0.592
95325	0.572
95375	0.540
95425	0.516
95475	0.528
95525	0.500
95575	0.476
95625	0.504
95675	0.520
95725	0.480
95775	0.496
95825	0.520
95875	0.532
95925	0.524
95975	0.516
96025	0.524
96075	0.528
96125	0.500
96175	0.524
96225	0.584
96275	0.568
96325	0.532
96375	0.492
96425	0.476
96475	0.444
96525	0.472
96575	0.496
96625	0.548
96675	0.568
96725	0.540
96775	0.532
96825	0.532
96875	0.484
96925	0.404
96975	0.400
97025	0.396
97075	0.404
97125	0.432
97175	0.480
97225	0.516
97275	0.524
97325	0.476
97375	0.464
97425	0.480
97475	0.492
97525	0.476
97575	0.500
97625	0.496
97675	0.472
97725	0.428
97775	0.428
97825	0.444
97875	0.484
97925	0.500
97975	0.532
98025	0.536
98075	0.544
98125	0.524
98175	0.516
98225	0.504
98275	0.500
98325	0.488
98375	0.476
98425	0.492
98475	0.512
98525	0.500
98575	0.480
98625	0.500
98675	0.504
98725	0.468
98775	0.480
98825	0.492
98875	0.468
98925	0.464
98975	0.460
99025	0.444
99075	0.452
99125	0.472
99175	0.432
99225	0.424
99275	0.456
99325	0.444
99375	0.448
99425	0.484
99475	0.496
99525	0.488
99575	0.492
99625	0.484
99675	0.464
99725	0.452
99775	0.424
99825	0.436
99875	0.444
99925	0.448
99975	0.468
100025	0.492
100075	0.464
100125	0.444
100175	0.436
100225	0.448
100275	0.440
100325	0.484
100375	0.516
100425	0.552
100475	0.560
100525	0.572
100575	0.564
100625	0.548
100675	0.532
100725	0.536
100775	0.520
100825	0.524
100875	0.544
100925	0.544
100975	0.572
101025	0.560
101075	0.508
101125	0.496
101175	0.460
101225	0.420
101275	0.420
101325	0.424
101375	0.440
101425	0.456
101475	0.460
101525	0.500
101575	0.524
101625	0.472
101675	0.492
101725	0.480
101775	0.480
101825	0.528
101875	0.548
101925	0.540
101975	0.540
102025	0.528
102075	0.460
102125	0.472
102175	0.500
102225	0.504
102275	0.520
102325	0.540
102375	0.564
102425	0.556
102475	0.548
102525	0.520
102575	0.544
102625	0.520
102675	0.512
102725	0.524
102775	0.536
102825	0.528
102875	0.540
102925	0.532
102975	0.540
103025	0.532
103075	0.500
103125	0.496
103175	0.484
103225	0.436
103275	0.408
103325	0.448
103375	0.440
103425	0.464
103475	0.492
103525	0.520
103575	0.520
103625	0.524
103675	0.520
103725	0.516
103775	0.528
103825	0.504
103875	0.504
103925	0.504
103975	0.516
104025	0.504
104075	0.504
104125	0.516
104175	0.500
104225	0.512
104275	0.512
104325	0.508
104375	0.476
104425	0.468
104475	0.464
104525	0.480
104575	0.500
104625	0.512
104675	0.536
104725	0.520
104775	0.524
104825	0.520
104875	0.524
104925	0.540
104975	0.548
105025	0.520
105075	0.480
105125	0.452
105175	0.444
105225	0.412
105275	0.420
105325	0.456
105375	0.496
105425	0.472
105475	0.484
105525	0.480
105575	0.464
105625	0.436
105675	0.444
105725	0.460
105775	0.472
105825	0.476
105875	0.500
105925	0.500
105975	0.516
106025	0.520
106075	0.560
106125	0.548
106175	0.532
106225	0.532
106275	0.508
106325	0.484
106375	0.520
106425	0.552
106475	0.528
106525	0.524
106575	0.516
106625	0.504
106675	0.492
106725	0.484
106775	0.500
106825	0.488
106875	0.468
106925	0.480
106975	0.472
107025	0.464
107075	0.512
107125	0.496
107175	0.480
107225	0.476
107275	0.472
107325	0.412
107375	0.444
107425	0.460
107475	0.484
107525	0.476
107575	0.528
107625	0.496
107675	0.476
107725	0.444
107775	0.464
107825	0.452
107875	0.464
107925	0.456
107975	0.456
108025	0.456
108075	0.416
108125	0.408
108175	0.400
108225	0.416
108275	0.428
108325	0.436
108375	0.436
108425	0.436
108475	0.428
108525	0.428
108575	0.428
108625	0.424
108675	0.448
108725	0.468
108775	0.456
108825	0.496
108875	0.488
108925	0.516
108975	0.504
109025	0.484
109075	0.464
109125	0.468
109175	0.428
109225	0.408
109275	0.376
109325	0.352
109375	0.356
109425	0.360
109475	0.384
109525	0.448
109575	0.476
109625	0.488
109675	0.488
109725	0.496
109775	0.472
109825	0.460
109875	0.440
109925	0.444
109975	0.468
110025	0.472
110075	0.472
110125	0.488
110175	0.460
110225	0.432
110275	0.428
110325	0.428
110375	0.412
110425	0.424
110475	0.428
110525	0.432
110575	0.404
110625	0.420
110675	0.436
110725	0.444
110775	0.456
110825	0.484
110875	0.500
110925	0.512
110975	0.516
111025	0.524
111075	0.524
111125	0.492
111175	0.452
111225	0.440
111275	0.424
111325	0.444
111375	0.460
111425	0.472
111475	0.488
111525	0.468
111575	0.440
111625	0.444
111675	0.472
111725	0.440
111775	0.448
111825	0.452
111875	0.432
111925	0.416
111975	0.432
112025	0.468
112075	0.504
112125	0.492
112175	0.476
112225	0.476
112275	0.436
112325	0.412
112375	0.456
112425	0.504
112475	0.512
112525	0.520
112575	0.496
112625	0.476
112675	0.468
112725	0.472
112775	0.476
112825	0.492
112875	0.476
112925	0.464
112975	0.432
113025	0.432
113075	0.456
113125	0.484
113175	0.492
113225	0.500
113275	0.508
113325	0.480
113375	0.468
113425	0.452
113475	0.432
113525	0.440
113575	0.436
113625	0.416
113675	0.428
113725	0.464
113775	0.420
113825	0.424
113875	0.468
113925	0.476
113975	0.476
114025	0.532
114075	0.544
114125	0.472
114175	0.432
114225	0.404
114275	0.352
114325	0.320
114375	0.392
114425	0.420
114475	0.444
114525	0.484
114575	0.512
114625	0.504
114675	0.512
114725	0.524
114775	0.496
114825	0.492
114875	0.472
114925	0.464
114975	0.476
115025	0.492
115075	0.508
115125	0.528
115175	0.516
115225	0.516
115275	0.528
115325	0.516
115375	0.488
115425	0.492
115475	0.472
115525	0.476
115575	0.484
115625	0.520
115675	0.544
115725	0.536
115775	0.540
115825	0.528
115875	0.520
115925	0.492
115975	0.536
116025	0.540
116075	0.572
116125	0.560
116175	0.580
116225	0.556
116275	0.532
116325	0.504
116375	0.500
116425	0.500
116475	0.496
116525	0.492
116575	0.492
116625	0.504
116675	0.496
116725	0.496
116775	0.504
116825	0.508
116875	0.516
116925	0.516
116975	0.524
117025	0.544
117075	0.544
117125	0.532
117175	0.524
117225	0.532
117275	0.528
117325	0.528
117375	0.512
117425	0.540
117475	0.520
117525	0.496
117575	0.472
117625	0.524
117675	0.508
117725	0.508
117775	0.532
117825	0.580
117875	0.508
117925	0.488
117975	0.508
118025	0.516
118075	0.480
118125	0.496
118175	0.488
118225	0.452
118275	0.432
118325	0.424
118375	0.400
118425	0.424
118475	0.444
118525	0.416
118575	0.420
118625	0.468
118675	0.476
118725	0.460
118775	0.476
118825	0.496
118875	0.524
118925	0.520
118975	0.536
119025	0.532
119075	0.532
119125	0.496
119175	0.484
119225	0.476
119275	0.480
119325	0.488
119375	0.496
119425	0.520
119475	0.548
119525	0.552
119575	0.560
119625	0.580
119675	0.556
119725	0.524
119775	0.540
119825	0.512
119875	0.512
119925	0.528
119975	0.532
120025	0.508
120075	0.524
120125	0.516
120175	0.508
120225	0.504
120275	0.512
120325	0.484
120375	0.464
120425	0.452
120475	0.464
120525	0.452
120575	0.464
120625	0.468
120675	0.472
120725	0.508
120775	0.536
120825	0.520
120875	0.500
120925	0.508
120975	0.456
121025	0.416
121075	0.424
121125	0.424
121175	0.416
121225	0.400
121275	0.412
121325	0.404
121375	0.412
121425	0.428
121475	0.448
121525	0.452
121575	0.468
121625	0.444
121675	0.424
121725	0.420
121775	0.444
121825	0.428
121875	0.428
121925	0.436
121975	0.416
122025	0.376
122075	0.372
122125	0.408
122175	0.428
122225	0.456
122275	0.484
122325	0.504
122375	0.508
122425	0.468
122475	0.460
122525	0.448
122575	0.452
122625	0.456
122675	0.480
122725	0.472
122775	0.460
122825	0.460
122875	0.476
122925	0.464
122975	0.488
123025	0.516
123075	0.524
123125	0.488
123175	0.512
123225	0.480
123275	0.476
123325	0.476
123375	0.508
123425	0.504
123475	0.524
123525	0.520
123575	0.504
123625	0.476
123675	0.456
123725	0.444
123775	0.456
123825	0.476
123875	0.492
123925	0.484
123975	0.508
124025	0.504
124075	0.492
124125	0.496
124175	0.484
124225	0.476
124275	0.472
124325	0.492
124375	0.476
124425	0.504
124475	0.512
124525	0.528
124575	0.524
124625	0.520
124675	0.540
124725	0.540
124775	0.500
124825	0.460
124875	0.444
124925	0.384
124975	0.340
125025	0.336
125075	0.360
125125	0.368
125175	0.424
125225	0.456
125275	0.464
125325	0.496
125375	0.492
125425	0.484
125475	0.500
125525	0.508
125575	0.488
125625	0.516
125675	0.512
125725	0.528
125775	0.536
125825	0.524
125875	0.484
125925	0.480
125975	0.464
126025	0.448
126075	0.452
126125	0.496
126175	0.496
126225	0.484
126275	0.472
126325	0.452
126375	0.448
126425	0.460
126475	0.452
126525	0.476
126575	0.500
126625	0.492
126675	0.472
126725	0.484
126775	0.484
126825	0.460
126875	0.456
126925	0.440
126975	0.420
127025	0.412
127075	0.432
127125	0.412
127175	0.444
127225	0.444
127275	0.444
127325	0.452
127375	0.508
127425	0.516
127475	0.544
127525	0.532
127575	0.480
127625	0.412
127675	0.424
127725	0.408
127775	0.444
127825	0.472
127875	0.488
127925	0.472
127975	0.456
128025	0.420
128075	0.404
128125	0.404
128175	0.372
128225	0.400
128275	0.416
128325	0.468
128375	0.500
128425	0.532
128475	0.548
128525	0.572
128575	0.568
128625	0.564
128675	0.608
128725	0.564
128775	0.536
128825	0.492
128875	0.480
128925	0.424
128975	0.452
129025	0.460
129075	0.468
129125	0.464
129175	0.440
129225	0.432
129275	0.424
129325	0.424
129375	0.396
129425	0.364
129475	0.336
129525	0.324
129575	0.328
129625	0.352
129675	0.408
129725	0.404
129775	0.424
129825	0.412
129875	0.432
129925	0.420
129975	0.436
130025	0.440
130075	0.480
130125	0.460
130175	0.468
130225	0.472
130275	0.468
130325	0.456
130375	0.440
130425	0.440
130475	0.448
130525	0.468
130575	0.452
130625	0.428
130675	0.396
130725	0.360
130775	0.328
130825	0.340
130875	0.384
130925	0.436
130975	0.456
131025	0.464
131075	0.444
131125	0.416
131175	0.404
131225	0.408
131275	0.400
131325	0.404
131375	0.424
131425	0.424
131475	0.444
131525	0.456
131575	0.476
131625	0.488
131675	0.480
131725	0.456
131775	0.472
131825	0.484
131875	0.508
131925	0.516
131975	0.544
132025	0.520
132075	0.512
132125	0.476
132175	0.484
132225	0.476
132275	0.496
132325	0.460
132375	0.444
132425	0.432
132475	0.392
132525	0.360
132575	0.396
132625	0.448
132675	0.444
132725	0.500
132775	0.552
132825	0.568
132875	0.572
132925	0.592
132975	0.584
133025	0.552
133075	0.532
133125	0.516
133175	0.496
133225	0.488
133275	0.496
133325	0.508
133375	0.500
133425	0.508
133475	0.500
133525	0.480
133575	0.452
133625	0.448
133675	0.448
133725	0.464
133775	0.472
133825	0.496
133875	0.500
133925	0.508
133975	0.496
134025	0.520
134075	0.512
134125	0.496
134175	0.496
134225	0.504
134275	0.508
134325	0.488
134375	0.512
134425	0.512
134475	0.516
134525	0.508
134575	0.532
134625	0.528
134675	0.532
134725	0.540
134775	0.512
134825	0.544
134875	0.548
134925	0.544
134975	0.548
135025	0.592
135075	0.584
135125	0.620
135175	0.628
135225	0.632
135275	0.608
135325	0.604
135375	0.564
135425	0.548
135475	0.528
135525	0.536
135575	0.516
135625	0.532
135675	0.568
135725	0.600
135775	0.612
135825	0.652
135875	0.624
135925	0.580
135975	0.560
136025	0.544
136075	0.532
136125	0.556
136175	0.596
136225	0.600
136275	0.608
136325	0.532
136375	0.500
136425	0.464
136475	0.444
136525	0.440
136575	0.492
136625	0.508
136675	0.492
136725	0.512
136775	0.484
136825	0.480
136875	0.464
136925	0.488
136975	0.464
137025	0.484
137075	0.452
137125	0.420
137175	0.432
137225	0.484
137275	0.456
137325	0.488
137375	0.532
137425	0.496
137475	0.452
137525	0.480
137575	0.476
137625	0.492
137675	0.512
137725	0.504
137775	0.508
137825	0.520
137875	0.504
137925	0.496
137975	0.492
138025	0.504
138075	0.484
138125	0.508
138175	0.532
138225	0.528
138275	0.520
138325	0.512
138375	0.512
138425	0.512
138475	0.528
138525	0.520
138575	0.544
138625	0.524
138675	0.520
138725	0.532
138775	0.536
138825	0.536
138875	0.516
138925	0.496
138975	0.480
139025	0.468
139075	0.468
139125	0.460
139175	0.492
139225	0.496
139275	0.484
139325	0.500
139375	0.540
139425	0.496
139475	0.492
139525	0.516
139575	0.488
139625	0.472
139675	0.468
139725	0.464
139775	0.420
139825	0.408
139875	0.404
139925	0.436
139975	0.424
140025	0.444
140075	0.444
140125	0.464
140175	0.456
140225	0.460
140275	0.468
140325	0.460
140375	0.460
140425	0.444
140475	0.436
140525	0.448
140575	0.476
140625	0.456
140675	0.464
140725	0.500
140775	0.492
140825	0.496
140875	0.528
140925	0.548
140975	0.524
141025	0.516
141075	0.512
141125	0.480
141175	0.472
141225	0.452
141275	0.484
141325	0.464
141375	0.468
141425	0.448
141475	0.484
141525	0.464
141575	0.468
141625	0.456
141675	0.432
141725	0.412
141775	0.424
141825	0.444
141875	0.460
141925	0.496
141975	0.516
142025	0.508
142075	0.516
142125	0.532
142175	0.544
142225	0.532
142275	0.528
142325	0.524
142375	0.520
142425	0.524
142475	0.512
142525	0.500
142575	0.484
142625	0.480
142675	0.468
142725	0.488
142775	0.508
142825	0.500
142875	0.488
142925	0.496
142975	0.492
143025	0.496
143075	0.480
143125	0.460
143175	0.452
143225	0.456
143275	0.420
143325	0.428
143375	0.420
143425	0.412
143475	0.400
143525	0.412
143575	0.404
143625	0.436
143675	0.436
143725	0.424
143775	0.396
143825	0.412
143875	0.400
143925	0.384
143975	0.412
144025	0.444
144075	0.440
144125	0.460
144175	0.484
144225	0.496
144275	0.524
144325	0.560
144375	0.548
144425	0.544
144475	0.532
144525	0.528
144575	0.500
144625	0.488
144675	0.504
144725	0.504
144775	0.468
144825	0.488
144875	0.520
144925	0.500
144975	0.508
145025	0.548
145075	0.512
145125	0.484
145175	0.480
145225	0.456
145275	0.448
145325	0.452
145375	0.492
145425	0.512
145475	0.528
145525	0.536
145575	0.552
145625	0.504
145675	0.488
145725	0.488
145775	0.460
145825	0.452
145875	0.468
145925	0.468
145975	0.456
146025	0.480
146075	0.500
146125	0.472
146175	0.476
146225	0.460
146275	0.460
146325	0.452
146375	0.484
146425	0.440
146475	0.428
146525	0.416
146575	0.416
146625	0.428
146675	0.456
146725	0.484
146775	0.468
146825	0.464
146875	0.472
146925	0.476
146975	0.488
147025	0.496
147075	0.496
147125	0.468
147175	0.480
147225	0.484
147275	0.484
147325	0.484
147375	0.492
147425	0.488
147475	0.484
147525	0.484
147575	0.472
147625	0.460
147675	0.476
147725	0.472
147775	0.488
147825	0.472
147875	0.480
147925	0.460
147975	0.432
148025	0.448
148075	0.476
148125	0.476
148175	0.492
148225	0.528
148275	0.492
148325	0.488
148375	0.452
148425	0.444
148475	0.428
148525	0.388
148575	0.384
148625	0.400
148675	0.388
148725	0.412
148775	0.472
148825	0.476
148875	0.500
148925	0.508
148975	0.500
149025	0.516
149075	0.516
149125	0.504
149175	0.508
149225	0.500
149275	0.452
149325	0.468
149375	0.472
149425	0.468
149475	0.444
149525	0.468
149575	0.428
149625	0.408
149675	0.404
149725	0.452
149775	0.436
149825	0.464
149875	0.468
149925	0.464
149975	0.408
150025	0.412
150075	0.416
150125	0.444
150175	0.440
150225	0.476
150275	0.492
150325	0.484
150375	0.468
150425	0.504
150475	0.508
150525	0.472
150575	0.484
150625	0.476
150675	0.400
150725	0.368
150775	0.388
150825	0.368
150875	0.416
150925	0.444
150975	0.480
151025	0.500
151075	0.528
151125	0.484
151175	0.500
151225	0.492
151275	0.480
151325	0.460
151375	0.456
151425	0.452
151475	0.452
151525	0.460
151575	0.444
151625	0.456
151675	0.444
151725	0.452
151775	0.452
151825	0.460
151875	0.448
151925	0.472
151975	0.452
152025	0.424
152075	0.432
152125	0.444
152175	0.464
152225	0.484
152275	0.508
152325	0.512
152375	0.508
152425	0.480
152475	0.444
152525	0.460
152575	0.468
152625	0.452
152675	0.444
152725	0.460
152775	0.448
152825	0.432
152875	0.476
152925	0.472
152975	0.472
153025	0.464
153075	0.448
153125	0.432
153175	0.444
153225	0.452
153275	0.440
153325	0.436
153375	0.424
153425	0.436
153475	0.400
153525	0.368
153575	0.380
153625	0.400
153675	0.420
153725	0.456
153775	0.472
153825	0.528
153875	0.520
153925	0.500
153975	0.476
154025	0.516
154075	0.484
154125	0.476
154175	0.476
154225	0.476
154275	0.464
154325	0.456
154375	0.464
154425	0.456
154475	0.472
154525	0.456
154575	0.480
154625	0.472
154675	0.468
154725	0.456
154775	0.452
154825	0.412
154875	0.404
154925	0.416
154975	0.440
155025	0.444
155075	0.444
155125	0.472
155175	0.448
155225	0.424
155275	0.444
155325	0.440
155375	0.420
155425	0.440
155475	0.436
155525	0.424
155575	0.452
155625	0.456
155675	0.464
155725	0.492
155775	0.488
155825	0.460
155875	0.468
155925	0.476
155975	0.460
156025	0.464
156075	0.468
156125	0.436
156175	0.416
156225	0.404
156275	0.384
156325	0.368
156375	0.376
156425	0.372
156475	0.360
156525	0.352
156575	0.356
156625	0.372
156675	0.368
156725	0.408
156775	0.472
156825	0.540
156875	0.568
156925	0.620
156975	0.620
157025	0.608
157075	0.592
157125	0.580
157175	0.564
157225	0.552
157275	0.556
157325	0.556
157375	0.552
157425	0.544
157475	0.584
157525	0.596
157575	0.572
157625	0.588
157675	0.580
157725	0.556
157775	0.536
157825	0.548
157875	0.528
157925	0.488
157975	0.484
158025	0.468
158075	0.444
158125	0.436
158175	0.492
158225	0.484
158275	0.488
158325	0.508
158375	0.496
158425	0.468
158475	0.468
158525	0.456
158575	0.428
158625	0.400
158675	0.416
158725	0.392
158775	0.408
158825	0.432
158875	0.492
158925	0.484
158975	0.540
159025	0.532
159075	0.536
159125	0.484
159175	0.476
159225	0.436
159275	0.436
159325	0.428
159375	0.392
159425	0.372
159475	0.364
159525	0.324
159575	0.292
159625	0.328
159675	0.328
159725	0.328
159775	0.376
159825	0.412
159875	0.444
159925	0.484
159975	0.512
160025	0.508
160075	0.516
160125	0.508
160175	0.496
160225	0.488
160275	0.508
160325	0.492
160375	0.468
160425	0.488
160475	0.492
160525	0.488
160575	0.476
160625	0.504
160675	0.492
160725	0.468
160775	0.460
160825	0.472
160875	0.492
160925	0.484
160975	0.508
161025	0.504
161075	0.504
161125	0.500
161175	0.520
161225	0.552
161275	0.572
161325	0.580
161375	0.572
161425	0.560
161475	0.532
161525	0.488
161575	0.488
161625	0.492
161675	0.480
161725	0.496
161775	0.520
161825	0.512
161875	0.500
161925	0.468
161975	0.460
162025	0.468
162075	0.468
162125	0.468
162175	0.508
162225	0.484
162275	0.484
162325	0.480
162375	0.472
162425	0.460
162475	0.476
162525	0.448
162575	0.428
162625	0.420
162675	0.432
162725	0.412
162775	0.432
162825	0.448
162875	0.492
162925	0.488
162975	0.480
163025	0.476
163075	0.472
163125	0.444
163175	0.460
163225	0.484
163275	0.468
163325	0.456
163375	0.468
163425	0.460
163475	0.464
163525	0.492
163575	0.512
163625	0.456
163675	0.452
163725	0.420
163775	0.392
163825	0.376
163875	0.412
163925	0.400
163975	0.404
164025	0.416
164075	0.412
164125	0.416
164175	0.400
164225	0.416
164275	0.384
164325	0.384
164375	0.408
164425	0.480
164475	0.496
164525	0.508
164575	0.516
164625	0.500
164675	0.448
164725	0.432
164775	0.424
164825	0.428
164875	0.396
164925	0.416
164975	0.412
165025	0.448
165075	0.476
165125	0.472
165175	0.440
165225	0.428
165275	0.392
165325	0.372
165375	0.404
165425	0.376
165475	0.396
165525	0.432
165575	0.432
165625	0.440
165675	0.472
165725	0.452
165775	0.440
165825	0.456
165875	0.476
165925	0.472
165975	0.464
166025	0.452
166075	0.432
166125	0.404
166175	0.392
166225	0.424
166275	0.432
166325	0.448
166375	0.452
166425	0.484
166475	0.476
166525	0.488
166575	0.492
166625	0.512
166675	0.508
166725	0.528
166775	0.520
166825	0.524
166875	0.504
166925	0.516
166975	0.512
167025	0.528
167075	0.524
167125	0.536
167175	0.512
167225	0.492
167275	0.468
167325	0.436
167375	0.416
167425	0.432
167475	0.452
167525	0.460
167575	0.500
167625	0.496
167675	0.448
167725	0.408
167775	0.408
167825	0.404
167875	0.416
167925	0.432
167975	0.448
168025	0.416
168075	0.404
168125	0.416
168175	0.416
168225	0.380
168275	0.404
168325	0.420
168375	0.412
168425	0.400
168475	0.448
168525	0.460
168575	0.416
168625	0.400
168675	0.452
168725	0.432
168775	0.424
168825	0.432
168875	0.440
168925	0.420
168975	0.432
169025	0.436
169075	0.452
169125	0.456
169175	0.456
169225	0.452
169275	0.436
169325	0.444
169375	0.444
169425	0.452
169475	0.460
169525	0.472
169575	0.436
169625	0.432
169675	0.412
169725	0.388
169775	0.392
169825	0.400
169875	0.392
169925	0.404
169975	0.428
170025	0.440
170075	0.460
170125	0.452
170175	0.456
170225	0.460
170275	0.436
170325	0.448
170375	0.472
170425	0.472
170475	0.468
170525	0.484
170575	0.484
170625	0.476
170675	0.468
170725	0.476
170775	0.484
170825	0.480
170875	0.480
170925	0.496
170975	0.508
171025	0.500
171075	0.480
171125	0.492
171175	0.504
171225	0.472
171275	0.476
171325	0.492
171375	0.500
171425	0.472
171475	0.472
171525	0.456
171575	0.456
171625	0.460
171675	0.472
171725	0.492
171775	0.512
171825	0.508
171875	0.504
171925	0.528
171975	0.532
172025	0.544
172075	0.560
172125	0.564
172175	0.556
172225	0.512
172275	0.492
172325	0.500
172375	0.496
172425	0.484
172475	0.536
172525	0.524
172575	0.480
172625	0.456
172675	0.440
172725	0.400
172775	0.424
172825	0.432
172875	0.452
172925	0.444
172975	0.452
173025	0.432
173075	0.428
173125	0.400
173175	0.440
173225	0.456
173275	0.460
173325	0.484
173375	0.532
173425	0.508
173475	0.488
173525	0.504
173575	0.500
173625	0.444
173675	0.412
173725	0.440
173775	0.428
173825	0.420
173875	0.460
173925	0.512
173975	0.488
174025	0.496
174075	0.480
174125	0.464
174175	0.440
174225	0.456
174275	0.452
174325	0.500
174375	0.496
174425	0.504
174475	0.484
174525	0.440
174575	0.396
174625	0.388
174675	0.368
174725	0.376
174775	0.420
174825	0.440
174875	0.424
174925	0.440
174975	0.448
175025	0.440
175075	0.460
175125	0.472
175175	0.480
175225	0.504
175275	0.492
175325	0.460
175375	0.468
175425	0.484
175475	0.448
175525	0.468
175575	0.472
175625	0.504
175675	0.484
175725	0.500
175775	0.480
175825	0.500
175875	0.476
175925	0.492
175975	0.488
176025	0.532
176075	0.532
176125	0.556
176175	0.552
176225	0.556
176275	0.544
176325	0.516
176375	0.476
176425	0.436
176475	0.412
176525	0.408
176575	0.424
176625	0.388
176675	0.408
176725	0.436
176775	0.424
176825	0.404
176875	0.444
176925	0.460
176975	0.428
177025	0.432
177075	0.444
177125	0.468
177175	0.460
177225	0.484
177275	0.504
177325	0.524
177375	0.520
177425	0.512
177475	0.512
177525	0.488
177575	0.460
177625	0.468
177675	0.480
177725	0.472
177775	0.444
177825	0.436
177875	0.408
177925	0.384
177975	0.380
178025	0.408
178075	0.448
178125	0.468
178175	0.488
178225	0.476
178275	0.464
178325	0.440
178375	0.412
178425	0.408
178475	0.440
178525	0.444
178575	0.416
178625	0.460
178675	0.460
178725	0.464
178775	0.460
178825	0.476
178875	0.428
178925	0.440
178975	0.440
179025	0.448
179075	0.444
179125	0.448
179175	0.428
179225	0.404
179275	0.416
179325	0.440
179375	0.460
179425	0.488
179475	0.520
179525	0.508
179575	0.520
179625	0.516
179675	0.508
179725	0.508
179775	0.524
179825	0.524
179875	0.516
179925	0.544
179975	0.536
180025	0.536
180075	0.524
180125	0.536
180175	0.500
180225	0.440
180275	0.408
180325	0.380
180375	0.356
180425	0.352
180475	0.384
180525	0.364
180575	0.372
180625	0.388
180675	0.376
180725	0.380
180775	0.404
180825	0.412
180875	0.420
180925	0.432
180975	0.444
181025	0.476
181075	0.508
181125	0.484
181175	0.480
181225	0.468
181275	0.472
181325	0.468
181375	0.500
181425	0.512
181475	0.532
181525	0.516
181575	0.516
181625	0.540
181675	0.544
181725	0.532
181775	0.548
181825	0.548
181875	0.524
181925	0.520
181975	0.520
182025	0.488
182075	0.448
182125	0.428
182175	0.444
182225	0.432
182275	0.452
182325	0.468
182375	0.496
182425	0.464
182475	0.480
182525	0.464
182575	0.456
182625	0.444
182675	0.464
182725	0.468
182775	0.500
182825	0.512
182875	0.500
182925	0.472
182975	0.468
183025	0.456
183075	0.444
183125	0.444
183175	0.472
183225	0.488
183275	0.464
183325	0.496
183375	0.496
183425	0.492
183475	0.500
183525	0.524
183575	0.492
183625	0.524
183675	0.548
183725	0.544
183775	0.548
183825	0.552
183875	0.548
183925	0.548
183975	0.504
184025	0.504
184075	0.528
184125	0.520
184175	0.492
184225	0.524
184275	0.516
184325	0.504
184375	0.500
184425	0.536
184475	0.540
184525	0.532
184575	0.560
184625	0.564
184675	0.532
184725	0.512
184775	0.536
184825	0.512
184875	0.512
184925	0.504
184975	0.528
185025	0.508
185075	0.528
185125	0.520
185175	0.504
185225	0.472
185275	0.480
185325	0.452
185375	0.456
185425	0.480
185475	0.504
185525	0.512
185575	0.528
185625	0.556
185675	0.560
185725	0.572
185775	0.552
185825	0.544
185875	0.496
185925	0.492
185975	0.484
186025	0.520
186075	0.536
186125	0.556
186175	0.540
186225	0.496
186275	0.432
186325	0.408
186375	0.384
186425	0.380
186475	0.404
186525	0.436
186575	0.448
186625	0.468
186675	0.468
186725	0.468
186775	0.456
186825	0.464
186875	0.456
186925	0.468
186975	0.456
187025	0.460
187075	0.440
187125	0.468
187175	0.464
187225	0.480
187275	0.488
187325	0.516
187375	0.484
187425	0.496
187475	0.492
187525	0.500
187575	0.488
187625	0.500
187675	0.504
187725	0.524
187775	0.516
187825	0.504
187875	0.496
187925	0.476
187975	0.472
188025	0.480
188075	0.460
188125	0.460
188175	0.472
188225	0.464
188275	0.456
188325	0.488
188375	0.484
188425	0.472
188475	0.428
188525	0.420
188575	0.424
188625	0.420
188675	0.416
188725	0.452
188775	0.432
188825	0.388
188875	0.376
188925	0.396
188975	0.412
189025	0.428
189075	0.480
189125	0.508
189175	0.524
189225	0.516
189275	0.528
189325	0.492
189375	0.476
189425	0.452
189475	0.456
189525	0.432
189575	0.456
189625	0.492
189675	0.492
189725	0.484
189775	0.508
189825	0.476
189875	0.448
189925	0.436
189975	0.432
190025	0.424
190075	0.436
190125	0.428
190175	0.424
190225	0.452
190275	0.472
190325	0.476
190375	0.484
190425	0.500
190475	0.488
190525	0.468
190575	0.476
190625	0.464
190675	0.436
190725	0.412
190775	0.416
190825	0.436
190875	0.468
190925	0.528
190975	0.548
191025	0.548
191075	0.508
191125	0.480
191175	0.484
191225	0.468
191275	0.444
191325	0.436
191375	0.432
191425	0.384
191475	0.384
191525	0.404
191575	0.404
191625	0.440
191675	0.456
191725	0.460
191775	0.464
191825	0.500
191875	0.472
191925	0.472
191975	0.484
192025	0.464
192075	0.420
192125	0.420
192175	0.420
192225	0.408
192275	0.420
192325	0.464
192375	0.484
192425	0.464
192475	0.460
192525	0.476
192575	0.464
192625	0.440
192675	0.476
192725	0.508
192775	0.508
192825	0.512
192875	0.508
192925	0.468
192975	0.416
193025	0.396
193075	0.356
193125	0.364
193175	0.364
193225	0.368
193275	0.360
193325	0.392
193375	0.388
193425	0.400
193475	0.420
193525	0.444
193575	0.436
193625	0.444
193675	0.468
193725	0.456
193775	0.432
193825	0.420
193875	0.448
193925	0.424
193975	0.456
194025	0.504
194075	0.516
194125	0.508
194175	0.536
194225	0.548
194275	0.552
194325	0.572
194375	0.556
194425	0.540
194475	0.520
194525	0.508
194575	0.496
194625	0.500
194675	0.524
194725	0.516
194775	0.504
194825	0.520
194875	0.520
194925	0.492
194975	0.492
195025	0.484
195075	0.468
195125	0.448
195175	0.440
195225	0.404
195275	0.412
195325	0.404
195375	0.408
195425	0.408
195475	0.448
195525	0.408
195575	0.408
195625	0.396
195675	0.372
195725	0.348
195775	0.352
195825	0.340
195875	0.360
195925	0.388
195975	0.400
196025	0.428
196075	0.436
196125	0.404
196175	0.412
196225	0.396
196275	0.392
196325	0.392
196375	0.428
196425	0.424
196475	0.480
196525	0.476
196575	0.532
196625	0.532
196675	0.532
196725	0.500
196775	0.516
196825	0.496
196875	0.492
196925	0.480
196975	0.476
197025	0.436
197075	0.400
197125	0.392
197175	0.392
197225	0.376
197275	0.384
197325	0.384
197375	0.384
197425	0.368
197475	0.372
197525	0.384
197575	0.368
197625	0.372
197675	0.412
197725	0.436
197775	0.440
197825	0.468
197875	0.472
197925	0.444
197975	0.432
198025	0.432
198075	0.404
198125	0.364
198175	0.396
198225	0.400
198275	0.412
198325	0.412
198375	0.448
198425	0.432
198475	0.420
198525	0.416
198575	0.456
198625	0.472
198675	0.432
198725	0.452
198775	0.432
198825	0.412
198875	0.408
198925	0.436
198975	0.428
199025	0.424
199075	0.432
199125	0.396
199175	0.424
199225	0.444
199275	0.468
199325	0.456
199375	0.480
199425	0.456
199475	0.432
199525	0.428
199575	0.416
199625	0.412
199675	0.436
199725	0.444
199775	0.448
199825	0.468
199875	0.468
199925	0.456
199975	0.424
200025	0.408
200075	0.412
200125	0.420
200175	0.424
200225	0.452
200275	0.468
200325	0.456
200375	0.444
200425	0.428
200475	0.416
200525	0.416
200575	0.392
200625	0.372
200675	0.380
200725	0.388
200775	0.388
200825	0.444
200875	0.484
200925	0.488
200975	0.452
201025	0.424
201075	0.404
201125	0.380
201175	0.388
201225	0.420
201275	0.440
201325	0.440
201375	0.468
201425	0.468
201475	0.472
201525	0.448
201575	0.448
201625	0.448
201675	0.420
201725	0.396
201775	0.424
201825	0.424
201875	0.392
201925	0.388
201975	0.408
202025	0.424
202075	0.416
202125	0.428
202175	0.440
202225	0.436
202275	0.400
202325	0.404
202375	0.396
202425	0.388
202475	0.388
202525	0.412
202575	0.384
202625	0.404
202675	0.408
202725	0.408
202775	0.400
202825	0.436
202875	0.436
202925	0.432
202975	0.436
203025	0.440
203075	0.440
203125	0.436
203175	0.468
203225	0.488
203275	0.496
203325	0.484
203375	0.480
203425	0.460
203475	0.424
203525	0.392
203575	0.400
203625	0.404
203675	0.368
203725	0.364
203775	0.376
203825	0.348
203875	0.300
203925	0.324
203975	0.332
204025	0.344
204075	0.384
204125	0.416
204175	0.444
204225	0.448
204275	0.436
204325	0.420
204375	0.440
204425	0.396
204475	0.388
204525	0.376
204575	0.376
204625	0.356
204675	0.388
204725	0.368
204775	0.368
204825	0.400
204875	0.408
204925	0.428
204975	0.476
205025	0.500
205075	0.448
205125	0.424
205175	0.396
205225	0.404
205275	0.416
205325	0.424
205375	0.468
205425	0.476
205475	0.468
205525	0.496
205575	0.520
205625	0.504
205675	0.516
205725	0.520
205775	0.512
205825	0.524
205875	0.516
205925	0.492
205975	0.452
206025	0.404
206075	0.356
206125	0.356
206175	0.340
206225	0.360
206275	0.336
206325	0.344
206375	0.364
206425	0.396
206475	0.396
206525	0.444
206575	0.448
206625	0.396
206675	0.408
206725	0.396
206775	0.372
206825	0.376
206875	0.420
206925	0.372
206975	0.392
207025	0.384
207075	0.364
207125	0.360
207175	0.372
207225	0.364
207275	0.364
207325	0.380
207375	0.372
207425	0.376
207475	0.360
207525	0.388
207575	0.404
207625	0.416
207675	0.436
207725	0.468
207775	0.460
207825	0.456
207875	0.460
207925	0.448
207975	0.428
208025	0.440
208075	0.464
208125	0.468
208175	0.464
208225	0.492
208275	0.508
208325	0.472
208375	0.484
208425	0.516
208475	0.496
208525	0.476
208575	0.492
208625	0.476
208675	0.436
208725	0.436
208775	0.428
208825	0.448
208875	0.448
208925	0.464
208975	0.484
209025	0.492
209075	0.464
209125	0.452
209175	0.436
209225	0.388
209275	0.340
209325	0.356
209375	0.360
209425	0.396
209475	0.440
209525	0.508
209575	0.500
209625	0.504
209675	0.504
209725	0.504
209775	0.500
209825	0.508
209875	0.512
209925	0.500
209975	0.500
210025	0.496
210075	0.508
210125	0.528
210175	0.576
210225	0.584
210275	0.580
210325	0.556
210375	0.544
210425	0.480
210475	0.448
210525	0.436
210575	0.444
210625	0.440
210675	0.452
210725	0.480
210775	0.488
210825	0.468
210875	0.476
210925	0.456
210975	0.464
211025	0.456
211075	0.484
211125	0.488
211175	0.512
211225	0.488
211275	0.500
211325	0.488
211375	0.476
211425	0.468
211475	0.456
211525	0.464
211575	0.476
211625	0.484
211675	0.468
211725	0.468
211775	0.428
211825	0.416
211875	0.408
211925	0.440
211975	0.464
212025	0.484
212075	0.504
212125	0.488
212175	0.484
212225	0.468
212275	0.468
212325	0.452
212375	0.440
212425	0.428
212475	0.464
212525	0.496
212575	0.492
212625	0.504
212675	0.512
212725	0.480
212775	0.432
212825	0.440
212875	0.464
212925	0.448
212975	0.436
213025	0.456
213075	0.456
213125	0.448
213175	0.456
213225	0.472
213275	0.468
213325	0.460
213375	0.464
213425	0.476
213475	0.468
213525	0.472
213575	0.496
213625	0.500
213675	0.496
213725	0.492
213775	0.500
213825	0.480
213875	0.428
213925	0.412
213975	0.428
214025	0.428
214075	0.424
214125	0.472
214175	0.484
214225	0.480
214275	0.500
214325	0.496
214375	0.508
214425	0.512
214475	0.520
214525	0.508
214575	0.524
214625	0.512
214675	0.512
214725	0.528
214775	0.528
214825	0.532
214875	0.520
214925	0.524
214975	0.508
215025	0.508
215075	0.480
215125	0.480
215175	0.448
215225	0.428
215275	0.420
215325	0.444
215375	0.448
215425	0.488
215475	0.504
215525	0.484
215575	0.496
215625	0.484
215675	0.496
215725	0.500
215775	0.520
215825	0.488
215875	0.500
215925	0.480
215975	0.460
216025	0.428
216075	0.432
216125	0.412
216175	0.388
216225	0.396
216275	0.432
216325	0.440
216375	0.440
216425	0.456
216475	0.472
216525	0.452
216575	0.468
216625	0.492
216675	0.508
216725	0.496
216775	0.508
216825	0.492
216875	0.484
216925	0.476
216975	0.484
217025	0.496
217075	0.500
217125	0.496
217175	0.476
217225	0.476
217275	0.472
217325	0.476
217375	0.460
217425	0.456
217475	0.472
217525	0.476
217575	0.436
217625	0.460
217675	0.492
217725	0.460
217775	0.432
217825	0.448
217875	0.440
217925	0.400
217975	0.396
218025	0.404
218075	0.412
218125	0.428
218175	0.460
218225	0.468
218275	0.492
218325	0.484
218375	0.420
218425	0.416
218475	0.420
218525	0.400
218575	0.392
218625	0.420
218675	0.412
218725	0.380
218775	0.344
218825	0.372
218875	0.380
218925	0.364
218975	0.384
219025	0.412
219075	0.404
219125	0.424
219175	0.484
219225	0.504
219275	0.504
219325	0.500
219375	0.500
219425	0.464
219475	0.464
219525	0.472
219575	0.484
219625	0.480
219675	0.488
219725	0.488
219775	0.500
219825	0.496
219875	0.516
219925	0.524
219975	0.528
220025	0.520
220075	0.520
220125	0.504
220175	0.472
220225	0.468
220275	0.464
220325	0.428
220375	0.416
220425	0.440
220475	0.440
220525	0.448
220575	0.488
220625	0.492
220675	0.456
220725	0.464
220775	0.460
220825	0.472
220875	0.492
220925	0.536
220975	0.512
221025	0.508
221075	0.504
221125	0.456
221175	0.408
221225	0.380
221275	0.376
221325	0.344
221375	0.380
221425	0.404
221475	0.416
221525	0.380
221575	0.396
221625	0.392
221675	0.376
221725	0.380
221775	0.460
221825	0.476
221875	0.492
221925	0.516
221975	0.532
222025	0.468
222075	0.440
222125	0.428
222175	0.424
222225	0.432
222275	0.460
222325	0.484
222375	0.476
222425	0.476
222475	0.468
222525	0.484
222575	0.500
222625	0.520
222675	0.516
222725	0.512
222775	0.476
222825	0.440
222875	0.420
222925	0.408
222975	0.408
223025	0.432
223075	0.452
223125	0.448
223175	0.488
223225	0.528
223275	0.548
223325	0.572
223375	0.608
223425	0.604
223475	0.616
223525	0.592
223575	0.560
223625	0.544
223675	0.564
223725	0.532
223775	0.536
223825	0.532
223875	0.532
223925	0.476
223975	0.492
224025	0.472
224075	0.480
224125	0.464
224175	0.468
224225	0.460
224275	0.484
224325	0.472
224375	0.460
224425	0.464
224475	0.436
224525	0.428
224575	0.440
224625	0.432
224675	0.436
224725	0.444
224775	0.428
224825	0.388
224875	0.400
224925	0.408
224975	0.408
225025	0.416
225075	0.420
225125	0.428
225175	0.408
225225	0.392
225275	0.380
225325	0.380
225375	0.356
225425	0.372
225475	0.388
225525	0.384
225575	0.424
225625	0.452
225675	0.484
225725	0.488
225775	0.520
225825	0.524
225875	0.540
225925	0.512
225975	0.536
226025	0.532
226075	0.524
226125	0.512
226175	0.532
226225	0.520
226275	0.540
226325	0.548
226375	0.572
226425	0.560
226475	0.560
226525	0.556
226575	0.568
226625	0.556
226675	0.568
226725	0.580
226775	0.568
226825	0.548
226875	0.548
226925	0.544
226975	0.556
227025	0.548
227075	0.532
227125	0.508
227175	0.464
227225	0.408
227275	0.372
227325	0.352
227375	0.360
227425	0.384
227475	0.404
227525	0.420
227575	0.396
227625	0.408
227675	0.412
227725	0.380
227775	0.392
227825	0.448
227875	0.428
227925	0.412
227975	0.428
228025	0.408
228075	0.412
228125	0.412
228175	0.412
228225	0.428
228275	0.440
228325	0.408
228375	0.428
228425	0.440
228475	0.420
228525	0.412
228575	0.424
228625	0.412
228675	0.416
228725	0.440
228775	0.476
228825	0.476
228875	0.480
228925	0.472
228975	0.464
229025	0.428
229075	0.456
229125	0.460
229175	0.464
229225	0.464
229275	0.504
229325	0.484
229375	0.476
229425	0.468
229475	0.448
229525	0.436
229575	0.456
229625	0.452
229675	0.472
229725	0.500
229775	0.500
229825	0.476
229875	0.496
229925	0.500
229975	0.508
230025	0.488
230075	0.492
230125	0.488
230175	0.492
230225	0.472
230275	0.488
230325	0.492
230375	0.460
230425	0.448
230475	0.460
230525	0.456
230575	0.468
230625	0.496
230675	0.488
230725	0.460
230775	0.452
230825	0.432
230875	0.412
230925	0.392
230975	0.408
231025	0.396
231075	0.368
231125	0.372
231175	0.404
231225	0.416
231275	0.448
231325	0.476
231375	0.460
231425	0.460
231475	0.468
231525	0.468
231575	0.500
231625	0.536
231675	0.516
231725	0.476
231775	0.460
231825	0.436
231875	0.440
231925	0.440
231975	0.472
232025	0.492
232075	0.492
232125	0.464
232175	0.484
232225	0.476
232275	0.452
232325	0.468
232375	0.476
232425	0.456
232475	0.448
232525	0.444
232575	0.428
232625	0.420
232675	0.444
232725	0.452
232775	0.452
232825	0.444
232875	0.456
232925	0.428
232975	0.408
233025	0.408
233075	0.428
233125	0.420
233175	0.452
233225	0.500
233275	0.524
233325	0.508
233375	0.480
233425	0.452
233475	0.420
233525	0.400
233575	0.392
233625	0.448
233675	0.468
233725	0.464
233775	0.464
233825	0.480
233875	0.456
233925	0.436
233975	0.464
234025	0.456
234075	0.432
234125	0.440
234175	0.424
234225	0.392
234275	0.420
234325	0.456
234375	0.444
234425	0.472
234475	0.500
234525	0.464
234575	0.436
234625	0.436
234675	0.440
234725	0.424
234775	0.456
234825	0.460
234875	0.436
234925	0.432
234975	0.420
235025	0.384
235075	0.380
235125	0.424
235175	0.428
235225	0.456
235275	0.492
235325	0.508
235375	0.492
235425	0.488
235475	0.468
235525	0.444
235575	0.428
235625	0.432
235675	0.428
235725	0.424
235775	0.408
235825	0.408
235875	0.408
235925	0.404
235975	0.416
236025	0.452
236075	0.464
236125	0.464
236175	0.472
236225	0.488
236275	0.500
236325	0.500
236375	0.532
236425	0.548
236475	0.556
236525	0.564
236575	0.588
236625	0.568
236675	0.576
236725	0.572
236775	0.556
236825	0.552
236875	0.552
236925	0.552
236975	0.524
237025	0.504
237075	0.476
237125	0.460
237175	0.432
237225	0.452
237275	0.456
237325	0.468
237375	0.480
237425	0.500
237475	0.504
237525	0.520
237575	0.524
237625	0.520
237675	0.492
237725	0.468
237775	0.460
237825	0.436
237875	0.432
237925	0.432
237975	0.440
238025	0.428
238075	0.432
238125	0.428
238175	0.448
238225	0.452
238275	0.492
238325	0.504
238375	0.500
238425	0.464
238475	0.464
238525	0.420
238575	0.408
238625	0.400
238675	0.452
238725	0.476
238775	0.468
238825	0.480
238875	0.528
238925	0.464
238975	0.420
239025	0.440
239075	0.460
239125	0.436
239175	0.476
239225	0.488
239275	0.500
239325	0.480
239375	0.440
239425	0.444
239475	0.432
239525	0.424
239575	0.436
239625	0.472
239675	0.456
239725	0.464
239775	0.464
239825	0.456
239875	0.456
239925	0.456
239975	0.472
240025	0.492
240075	0.500
240125	0.468
240175	0.468
240225	0.448
240275	0.428
240325	0.416
240375	0.432
240425	0.440
240475	0.432
240525	0.412
240575	0.392
240625	0.400
240675	0.420
240725	0.412
240775	0.452
240825	0.468
240875	0.480
240925	0.464
240975	0.520
241025	0.508
241075	0.500
241125	0.512
241175	0.520
241225	0.472
241275	0.480
241325	0.512
241375	0.508
241425	0.532
241475	0.564
241525	0.564
241575	0.532
241625	0.516
241675	0.492
241725	0.480
241775	0.476
241825	0.500
241875	0.508
241925	0.532
241975	0.536
242025	0.528
242075	0.512
242125	0.500
242175	0.444
242225	0.452
242275	0.460
242325	0.484
242375	0.488
242425	0.496
242475	0.472
242525	0.460
242575	0.452
242625	0.460
242675	0.480
242725	0.484
242775	0.500
242825	0.480
242875	0.448
242925	0.416
242975	0.416
243025	0.416
243075	0.412
243125	0.452
243175	0.504
243225	0.520
243275	0.524
243325	0.552
243375	0.556
243425	0.520
243475	0.536
243525	0.500
243575	0.500
243625	0.464
243675	0.460
243725	0.416
243775	0.408
243825	0.400
243875	0.404
243925	0.420
243975	0.444
244025	0.488
244075	0.484
244125	0.496
244175	0.484
244225	0.468
244275	0.452
244325	0.448
244375	0.464
244425	0.504
244475	0.516
244525	0.528
244575	0.536
244625	0.540
244675	0.492
244725	0.500
244775	0.508
244825	0.492
244875	0.460
244925	0.484
244975	0.476
245025	0.404
245075	0.392
245125	0.420
245175	0.420
245225	0.432
245275	0.492
245325	0.508
245375	0.488
245425	0.480
245475	0.456
245525	0.420
245575	0.404
245625	0.420
245675	0.420
245725	0.404
245775	0.420
245825	0.456
245875	0.420
245925	0.428
245975	0.452
246025	0.456
246075	0.416
246125	0.440
246175	0.416
246225	0.424
246275	0.424
246325	0.440
246375	0.464
246425	0.500
246475	0.476
246525	0.472
246575	0.476
246625	0.440
246675	0.416
246725	0.432
246775	0.428
246825	0.424
246875	0.424
246925	0.452
246975	0.424
247025	0.424
247075	0.440
247125	0.440
247175	0.408
247225	0.440
247275	0.464
247325	0.448
247375	0.440
247425	0.440
247475	0.472
247525	0.468
247575	0.480
247625	0.492
247675	0.488
247725	0.456
247775	0.448
247825	0.444
247875	0.444
247925	0.448
247975	0.420
248025	0.420
248075	0.420
248125	0.440
248175	0.476
248225	0.496
248275	0.476
248325	0.476
248375	0.460
248425	0.424
248475	0.396
248525	0.396
248575	0.388
248625	0.400
248675	0.392
248725	0.396
248775	0.392
248825	0.372
248875	0.344
248925	0.348
248975	0.360
249025	0.384
249075	0.404
249125	0.440
249175	0.472
249225	0.508
249275	0.500
249325	0.512
249375	0.488
249425	0.460
249475	0.432
249525	0.412
249575	0.396
249625	0.432
249675	0.416
249725	0.432
249775	0.444
249825	0.432
249875	0.388
249925	0.404
249975	0.392
250025	0.388
250075	0.376
250125	0.412
250175	0.404
250225	0.416
250275	0.444
250325	0.500
250375	0.468
250425	0.496
250475	0.512
250525	0.504
250575	0.476
250625	0.504
250675	0.480
250725	0.444
250775	0.440
250825	0.476
250875	0.468
250925	0.480
250975	0.508
251025	0.520
251075	0.488
251125	0.472
251175	0.488
251225	0.468
251275	0.472
251325	0.480
251375	0.492
251425	0.452
251475	0.448
251525	0.416
251575	0.400
251625	0.388
251675	0.400
251725	0.380
251775	0.372
251825	0.376
251875	0.384
251925	0.424
251975	0.444
252025	0.480
252075	0.468
252125	0.484
252175	0.468
252225	0.480
252275	0.452
252325	0.460
252375	0.452
252425	0.428
252475	0.436
252525	0.460
252575	0.464
252625	0.464
252675	0.500
252725	0.492
252775	0.472
252825	0.464
252875	0.468
252925	0.404
252975	0.396
253025	0.424
253075	0.472
253125	0.500
253175	0.568
253225	0.592
253275	0.612
253325	0.596
253375	0.564
253425	0.556
253475	0.552
253525	0.532
253575	0.512
253625	0.484
253675	0.448
253725	0.444
253775	0.444
253825	0.436
253875	0.480
253925	0.524
253975	0.536
254025	0.532
254075	0.528
254125	0.500
254175	0.464
254225	0.428
254275	0.396
254325	0.412
254375	0.396
254425	0.404
254475	0.408
254525	0.448
254575	0.440
254625	0.452
254675	0.468
254725	0.452
254775	0.428
254825	0.440
254875	0.460
254925	0.440
254975	0.436
255025	0.436
255075	0.416
255125	0.364
255175	0.384
255225	0.412
255275	0.412
255325	0.428
255375	0.440
255425	0.412
255475	0.388
255525	0.412
255575	0.416
255625	0.420
255675	0.416
255725	0.448
255775	0.428
255825	0.436
255875	0.476
255925	0.480
255975	0.456
256025	0.448
256075	0.420
256125	0.400
256175	0.384
256225	0.400
256275	0.408
256325	0.416
256375	0.412
256425	0.460
256475	0.468
256525	0.476
256575	0.496
256625	0.508
256675	0.520
256725	0.520
256775	0.516
256825	0.524
256875	0.528
256925	0.492
256975	0.492
257025	0.488
257075	0.444
257125	0.416
257175	0.428
257225	0.428
257275	0.412
257325	0.436
257375	0.464
257425	0.424
257475	0.408
257525	0.432
257575	0.428
257625	0.412
257675	0.448
257725	0.424
257775	0.396
257825	0.428
257875	0.436
257925	0.428
257975	0.476
258025	0.512
258075	0.480
258125	0.488
258175	0.516
258225	0.476
258275	0.460
258325	0.448
258375	0.412
258425	0.392
258475	0.420
258525	0.428
258575	0.428
258625	0.436
258675	0.436
258725	0.452
258775	0.468
258825	0.488
258875	0.504
258925	0.488
258975	0.468
259025	0.428
259075	0.404
259125	0.420
259175	0.448
259225	0.456
259275	0.468
259325	0.464
259375	0.476
259425	0.440
259475	0.444
259525	0.472
259575	0.488
259625	0.476
259675	0.524
259725	0.508
259775	0.460
259825	0.468
259875	0.428
259925	0.388
259975	0.376
260025	0.396
260075	0.380
260125	0.404
260175	0.416
260225	0.428
260275	0.440
260325	0.468
260375	0.468
260425	0.480
260475	0.492
260525	0.496
260575	0.492
260625	0.484
260675	0.480
260725	0.496
260775	0.484
260825	0.440
260875	0.448
260925	0.408
260975	0.384
261025	0.384
261075	0.420
261125	0.404
261175	0.420
261225	0.412
261275	0.420
261325	0.408
261375	0.384
261425	0.400
261475	0.424
261525	0.388
261575	0.384
261625	0.448
261675	0.460
261725	0.428
261775	0.460
261825	0.468
261875	0.432
261925	0.396
261975	0.412
262025	0.408
262075	0.412
262125	0.428
262175	0.480
262225	0.476
262275	0.472
262325	0.480
262375	0.492
262425	0.452
262475	0.472
262525	0.492
262575	0.488
262625	0.476
262675	0.500
262725	0.468
262775	0.468
262825	0.468
262875	0.460
262925	0.440
262975	0.460
263025	0.460
263075	0.476
263125	0.492
263175	0.508
263225	0.536
263275	0.512
263325	0.492
263375	0.504
263425	0.496
263475	0.444
263525	0.484
263575	0.496
263625	0.464
263675	0.500
263725	0.528
263775	0.508
263825	0.508
263875	0.516
263925	0.484
263975	0.480
264025	0.484
264075	0.476
264125	0.464
264175	0.480
264225	0.460
264275	0.420
264325	0.432
264375	0.464
264425	0.448
264475	0.484
264525	0.524
264575	0.512
264625	0.496
264675	0.500
264725	0.492
264775	0.508
264825	0.504
264875	0.520
264925	0.496
264975	0.472
265025	0.452
265075	0.488
265125	0.472
265175	0.484
265225	0.500
265275	0.456
265325	0.412
265375	0.408
265425	0.428
265475	0.424
265525	0.448
265575	0.432
265625	0.452
265675	0.440
265725	0.420
265775	0.432
265825	0.436
265875	0.432
265925	0.412
265975	0.412
266025	0.392
266075	0.436
266125	0.412
266175	0.424
266225	0.448
266275	0.460
266325	0.444
266375	0.448
266425	0.440
266475	0.436
266525	0.436
266575	0.420
266625	0.432
266675	0.480
266725	0.492
266775	0.492
266825	0.496
266875	0.484
266925	0.440
266975	0.428
267025	0.416
267075	0.408
267125	0.412
267175	0.428
267225	0.420
267275	0.428
267325	0.428
267375	0.412
267425	0.400
267475	0.424
267525	0.440
267575	0.460
267625	0.476
267675	0.516
267725	0.512
267775	0.500
267825	0.484
267875	0.492
267925	0.468
267975	0.464
268025	0.476
268075	0.484
268125	0.484
268175	0.480
268225	0.500
268275	0.516
268325	0.500
268375	0.508
268425	0.520
268475	0.488
268525	0.460
268575	0.476
268625	0.464
268675	0.428
268725	0.396
268775	0.416
268825	0.396
268875	0.416
268925	0.444
268975	0.488
269025	0.492
269075	0.524
269125	0.512
269175	0.504
269225	0.508
269275	0.488
269325	0.496
269375	0.472
269425	0.464
269475	0.468
269525	0.476
269575	0.472
269625	0.480
269675	0.480
269725	0.424
269775	0.384
269825	0.324
269875	0.320
269925	0.292
269975	0.328
270025	0.368
270075	0.420
270125	0.440
270175	0.484
270225	0.492
270275	0.480
270325	0.472
270375	0.436
270425	0.424
270475	0.412
270525	0.424
270575	0.420
270625	0.436
270675	0.448
270725	0.472
270775	0.456
270825	0.436
270875	0.412
270925	0.396
270975	0.380
271025	0.388
271075	0.432
271125	0.480
271175	0.472
271225	0.468
271275	0.472
271325	0.444
271375	0.412
271425	0.412
271475	0.408
271525	0.400
271575	0.388
271625	0.392
271675	0.416
271725	0.412
271775	0.420
271825	0.424
271875	0.440
271925	0.424
271975	0.448
272025	0.432
272075	0.436
272125	0.408
272175	0.408
272225	0.392
272275	0.388
272325	0.376
272375	0.400
272425	0.408
272475	0.412
272525	0.388
272575	0.392
272625	0.384
272675	0.344
272725	0.328
272775	0.380
272825	0.408
272875	0.428
272925	0.480
272975	0.496
273025	0.508
273075	0.500
273125	0.492
273175	0.492
273225	0.504
273275	0.484
273325	0.500
273375	0.512
273425	0.520
273475	0.512
273525	0.524
273575	0.532
273625	0.524
273675	0.528
273725	0.536
273775	0.520
273825	0.492
273875	0.500
273925	0.468
273975	0.472
274025	0.480
274075	0.484
274125	0.484
274175	0.500
274225	0.472
274275	0.468
274325	0.492
274375	0.480
274425	0.468
274475	0.484
274525	0.512
274575	0.496
274625	0.524
274675	0.544
274725	0.536
274775	0.508
274825	0.516
274875	0.528
274925	0.504
274975	0.512
275025	0.556
275075	0.548
275125	0.484
275175	0.516
275225	0.512
275275	0.456
275325	0.448
275375	0.504
275425	0.492
275475	0.508
275525	0.568
275575	0.576
275625	0.564
275675	0.564
275725	0.544
275775	0.504
275825	0.492
275875	0.500
275925	0.496
275975	0.488
276025	0.500
276075	0.516
276125	0.516
276175	0.512
276225	0.532
276275	0.548
276325	0.532
276375	0.516
276425	0.536
276475	0.532
276525	0.504
276575	0.520
276625	0.512
276675	0.492
276725	0.484
276775	0.496
276825	0.476
276875	0.456
276925	0.432
276975	0.384
277025	0.332
277075	0.336
277125	0.360
277175	0.388
277225	0.456
277275	0.488
277325	0.492
277375	0.512
277425	0.516
277475	0.516
277525	0.536
277575	0.568
277625	0.580
277675	0.576
277725	0.564
277775	0.536
277825	0.536
277875	0.496
277925	0.496
277975	0.504
278025	0.528
278075	0.520
278125	0.524
278175	0.516
278225	0.504
278275	0.504
278325	0.520
278375	0.536
278425	0.532
278475	0.504
278525	0.508
278575	0.484
278625	0.456
278675	0.448
278725	0.480
278775	0.476
278825	0.448
278875	0.472
278925	0.472
278975	0.472
279025	0.460
279075	0.504
279125	0.504
279175	0.500
279225	0.508
279275	0.532
279325	0.500
279375	0.468
279425	0.476
279475	0.456
279525	0.444
279575	0.480
279625	0.512
279675	0.536
279725	0.528
279775	0.520
279825	0.488
279875	0.480
279925	0.468
279975	0.480
280025	0.480
280075	0.480
280125	0.480
280175	0.484
280225	0.500
280275	0.492
280325	0.504
280375	0.492
280425	0.488
280475	0.460
280525	0.484
280575	0.472
280625	0.460
280675	0.440
280725	0.460
280775	0.404
280825	0.384
280875	0.400
280925	0.412
280975	0.428
281025	0.492
281075	0.532
281125	0.540
281175	0.544
281225	0.520
281275	0.520
281325	0.496
281375	0.484
281425	0.448
281475	0.460
281525	0.436
281575	0.452
281625	0.472
281675	0.512
281725	0.516
281775	0.496
281825	0.496
281875	0.508
281925	0.520
281975	0.516
282025	0.520
282075	0.524
282125	0.500
282175	0.500
282225	0.496
282275	0.520
282325	0.500
282375	0.520
282425	0.508
282475	0.508
282525	0.508
282575	0.492
282625	0.468
282675	0.464
282725	0.468
282775	0.492
282825	0.532
282875	0.524
282925	0.512
282975	0.500
283025	0.448
283075	0.440
283125	0.448
283175	0.464
283225	0.480
283275	0.500
283325	0.512
283375	0.532
283425	0.528
283475	0.520
283525	0.524
283575	0.516
283625	0.524
283675	0.532
283725	0.552
283775	0.540
283825	0.524
283875	0.488
283925	0.484
283975	0.472
284025	0.476
284075	0.448
284125	0.456
284175	0.464
284225	0.476
284275	0.472
284325	0.496
284375	0.504
284425	0.472
284475	0.444
284525	0.452
284575	0.464
284625	0.440
284675	0.472
284725	0.488
284775	0.484
284825	0.488
284875	0.500
284925	0.496
284975	0.492
285025	0.504
285075	0.472
285125	0.500
285175	0.492
285225	0.488
285275	0.484
285325	0.528
285375	0.524
285425	0.532
285475	0.528
285525	0.500
285575	0.464
285625	0.456
285675	0.444
285725	0.436
285775	0.468
285825	0.488
285875	0.488
285925	0.512
285975	0.532
286025	0.512
286075	0.496
286125	0.488
286175	0.452
286225	0.428
286275	0.440
286325	0.448
286375	0.436
286425	0.448
286475	0.432
286525	0.404
286575	0.408
286625	0.404
286675	0.396
286725	0.396
286775	0.396
286825	0.380
286875	0.376
286925	0.396
286975	0.380
287025	0.396
287075	0.388
287125	0.400
287175	0.384
287225	0.424
287275	0.428
287325	0.456
287375	0.464
287425	0.452
287475	0.464
287525	0.476
287575	0.468
287625	0.448
287675	0.488
287725	0.480
287775	0.480
287825	0.484
287875	0.484
287925	0.448
287975	0.452
288025	0.420
288075	0.408
288125	0.420
288175	0.432
288225	0.428
288275	0.408
288325	0.412
288375	0.408
288425	0.388
288475	0.388
288525	0.416
288575	0.424
288625	0.440
288675	0.456
288725	0.456
288775	0.448
288825	0.424
288875	0.408
288925	0.396
288975	0.388
289025	0.408
289075	0.424
289125	0.428
289175	0.424
289225	0.448
289275	0.452
289325	0.412
289375	0.396
289425	0.424
289475	0.396
289525	0.392
289575	0.440
289625	0.468
289675	0.472
289725	0.488
289775	0.488
289825	0.488
289875	0.460
289925	0.452
289975	0.448
290025	0.460
290075	0.456
290125	0.476
290175	0.480
290225	0.492
290275	0.464
290325	0.472
290375	0.476
290425	0.464
290475	0.408
290525	0.412
290575	0.404
290625	0.380
290675	0.360
290725	0.400
290775	0.400
290825	0.380
290875	0.392
290925	0.412
290975	0.420
291025	0.432
291075	0.460
291125	0.488
291175	0.484
291225	0.484
291275	0.488
291325	0.476
291375	0.448
291425	0.428
291475	0.416
291525	0.432
291575	0.460
291625	0.484
291675	0.508
291725	0.528
291775	0.532
291825	0.524
291875	0.536
291925	0.568
291975	0.560
292025	0.552
292075	0.560
292125	0.540
292175	0.524
292225	0.516
292275	0.516
292325	0.492
292375	0.452
292425	0.432
292475	0.424
292525	0.400
292575	0.384
292625	0.392
292675	0.392
292725	0.408
292775	0.384
292825	0.416
292875	0.432
292925	0.448
292975	0.436
293025	0.448
293075	0.432
293125	0.440
293175	0.428
293225	0.416
293275	0.460
293325	0.460
293375	0.460
293425	0.472
293475	0.480
293525	0.476
293575	0.480
293625	0.520
293675	0.520
293725	0.560
293775	0.556
293825	0.572
293875	0.564
293925	0.592
293975	0.572
294025	0.580
294075	0.592
294125	0.580
294175	0.572
294225	0.584
294275	0.608
294325	0.580
294375	0.560
294425	0.540
294475	0.496
294525	0.432
294575	0.436
294625	0.412
294675	0.392
294725	0.380
294775	0.380
294825	0.392
294875	0.416
294925	0.412
294975	0.432
295025	0.448
295075	0.400
295125	0.388
295175	0.396
295225	0.412
295275	0.436
295325	0.480
295375	0.500
295425	0.528
295475	0.540
295525	0.508
295575	0.512
295625	0.532
295675	0.524
295725	0.536
295775	0.552
295825	0.552
295875	0.532
295925	0.536
295975	0.520
296025	0.540
296075	0.528
296125	0.532
296175	0.492
296225	0.516
296275	0.468
296325	0.444
296375	0.396
296425	0.416
296475	0.404
296525	0.420
296575	0.424
296625	0.440
296675	0.436
296725	0.404
296775	0.380
296825	0.396
296875	0.400
296925	0.392
296975	0.420
297025	0.460
297075	0.444
297125	0.444
297175	0.428
297225	0.392
297275	0.368
297325	0.380
297375	0.392
297425	0.404
297475	0.428
297525	0.420
297575	0.404
297625	0.392
297675	0.412
297725	0.408
297775	0.428
297825	0.424
297875	0.432
297925	0.396
297975	0.400
298025	0.408
298075	0.428
298125	0.456
298175	0.500
298225	0.524
298275	0.472
298325	0.484
298375	0.480
298425	0.524
298475	0.528
298525	0.568
298575	0.560
298625	0.536
298675	0.484
298725	0.456
298775	0.472
298825	0.488
298875	0.512
298925	0.532
298975	0.532
299025	0.556
299075	0.556
299125	0.572
299175	0.544
299225	0.572
299275	0.552
299325	0.552
299375	0.548
299425	0.556
299475	0.540
299525	0.532
299575	0.516
299625	0.492
299675	0.516
299725	0.516
299775	0.540
299825	0.536
299875	0.516
299925	0.492
299975	0.492
300025	0.444
300075	0.440
300125	0.460
300175	0.484
300225	0.480
300275	0.528
300325	0.568
300375	0.592
300425	0.592
300475	0.576
300525	0.560
300575	0.516
300625	0.504
300675	0.492
300725	0.516
300775	0.520
300825	0.556
300875	0.548
300925	0.548
300975	0.512
301025	0.508
301075	0.488
301125	0.484
301175	0.464
301225	0.516
301275	0.492
301325	0.488
301375	0.468
301425	0.484
301475	0.456
301525	0.488
301575	0.476
301625	0.492
301675	0.484
301725	0.468
301775	0.428
301825	0.424
301875	0.420
301925	0.412
301975	0.404
302025	0.416
302075	0.432
302125	0.436
302175	0.436
302225	0.460
302275	0.496
302325	0.504
302375	0.512
302425	0.516
302475	0.560
302525	0.532
302575	0.544
302625	0.548
302675	0.540
302725	0.516
302775	0.532
302825	0.512
302875	0.520
302925	0.536
302975	0.540
303025	0.548
303075	0.552
303125	0.536
303175	0.540
303225	0.516
303275	0.496
303325	0.508
303375	0.520
303425	0.508
303475	0.504
303525	0.508
303575	0.496
303625	0.508
303675	0.520
303725	0.536
303775	0.536
303825	0.532
303875	0.524
303925	0.544
303975	0.544
304025	0.556
304075	0.580
304125	0.568
304175	0.560
304225	0.536
304275	0.536
304325	0.504
304375	0.536
304425	0.516
304475	0.540
304525	0.536
304575	0.564
304625	0.536
304675	0.564
304725	0.556
304775	0.536
304825	0.500
304875	0.448
304925	0.400
304975	0.392
305025	0.416
305075	0.432
305125	0.452
305175	0.492
305225	0.496
305275	0.488
305325	0.464
305375	0.480
305425	0.476
305475	0.492
305525	0.468
305575	0.484
305625	0.500
305675	0.508
305725	0.484
305775	0.520
305825	0.524
305875	0.532
305925	0.512
305975	0.508
306025	0.512
306075	0.524
306125	0.552
306175	0.576
306225	0.616
306275	0.632
306325	0.616
306375	0.588
306425	0.580
306475	0.564
306525	0.528
306575	0.528
306625	0.520
306675	0.512
306725	0.496
306775	0.504
306825	0.516
306875	0.532
306925	0.548
306975	0.576
307025	0.560
307075	0.608
307125	0.592
307175	0.552
307225	0.508
307275	0.516
307325	0.452
307375	0.444
307425	0.488
307475	0.488
307525	0.472
307575	0.496
307625	0.508
307675	0.504
307725	0.528
307775	0.536
307825	0.552
307875	0.572
307925	0.576
307975	0.580
308025	0.608
308075	0.580
308125	0.552
308175	0.528
308225	0.532
308275	0.520
308325	0.548
308375	0.556
308425	0.576
308475	0.568
308525	0.560
308575	0.536
308625	0.516
308675	0.516
308725	0.520
308775	0.500
308825	0.516
308875	0.528
308925	0.508
308975	0.504
309025	0.528
309075	0.532
309125	0.544
309175	0.568
309225	0.568
309275	0.556
309325	0.548
309375	0.536
309425	0.528
309475	0.496
309525	0.464
309575	0.440
309625	0.440
309675	0.436
309725	0.472
309775	0.532
309825	0.548
309875	0.568
309925	0.556
309975	0.552
310025	0.528
310075	0.548
310125	0.536
310175	0.556
310225	0.564
310275	0.568
310325	0.556
310375	0.560
310425	0.556
310475	0.528
310525	0.520
310575	0.528
310625	0.524
310675	0.524
310725	0.532
310775	0.560
310825	0.560
310875	0.576
310925	0.580
310975	0.596
311025	0.588
311075	0.580
311125	0.560
311175	0.548
311225	0.548
311275	0.528
311325	0.528
311375	0.536
311425	0.536
311475	0.544
311525	0.540
311575	0.524
311625	0.516
311675	0.512
311725	0.500
311775	0.528
311825	0.520
311875	0.548
311925	0.568
311975	0.584
312025	0.572
312075	0.604
312125	0.584
312175	0.580
312225	0.540
312275	0.540
312325	0.532
312375	0.504
312425	0.476
312475	0.440
312525	0.392
312575	0.376
312625	0.368
312675	0.364
312725	0.404
312775	0.412
312825	0.380
312875	0.376
312925	0.384
312975	0.420
313025	0.440
313075	0.444
313125	0.472
313175	0.496
313225	0.480
313275	0.500
313325	0.556
313375	0.548
313425	0.532
313475	0.516
313525	0.520
313575	0.492
313625	0.492
313675	0.496
313725	0.528
313775	0.528
313825	0.552
313875	0.544
313925	0.548
313975	0.540
314025	0.524
314075	0.512
314125	0.544
314175	0.532
314225	0.520
314275	0.532
314325	0.536
314375	0.524
314425	0.524
314475	0.532
314525	0.536
314575	0.524
314625	0.552
314675	0.576
314725	0.560
314775	0.572
314825	0.556
314875	0.532
314925	0.496
314975	0.512
315025	0.496
315075	0.528
315125	0.532
315175	0.564
315225	0.572
315275	0.564
315325	0.540
315375	0.508
315425	0.484
315475	0.496
315525	0.496
315575	0.508
315625	0.544
315675	0.564
315725	0.536
315775	0.548
315825	0.532
315875	0.540
315925	0.568
315975	0.560
316025	0.556
316075	0.588
316125	0.576
316175	0.556
316225	0.584
316275	0.588
316325	0.592
316375	0.608
316425	0.588
316475	0.564
316525	0.564
316575	0.564
316625	0.544
316675	0.552
316725	0.568
316775	0.560
316825	0.528
316875	0.516
316925	0.540
316975	0.524
317025	0.520
317075	0.544
317125	0.552
317175	0.532
317225	0.552
317275	0.568
317325	0.548
317375	0.556
317425	0.556
317475	0.560
317525	0.548
317575	0.536
317625	0.540
317675	0.528
317725	0.504
317775	0.508
317825	0.532
317875	0.540
317925	0.552
317975	0.572
318025	0.588
318075	0.604
318125	0.604
318175	0.600
318225	0.600
318275	0.604
318325	0.596
318375	0.576
318425	0.564
318475	0.552
318525	0.536
318575	0.516
318625	0.496
318675	0.476
318725	0.480
318775	0.448
318825	0.464
318875	0.512
318925	0.524
318975	0.512
319025	0.576
319075	0.552
319125	0.516
319175	0.512
319225	0.524
319275	0.504
319325	0.516
319375	0.520
319425	0.552
319475	0.548
319525	0.548
319575	0.568
319625	0.580
319675	0.564
319725	0.584
319775	0.568
319825	0.568
319875	0.576
319925	0.572
319975	0.564
320025	0.568
320075	0.528
320125	0.496
320175	0.500
320225	0.488
320275	0.492
320325	0.544
320375	0.564
320425	0.576
320475	0.596
320525	0.572
320575	0.556
320625	0.560
320675	0.548
320725	0.544
320775	0.564
320825	0.540
320875	0.508
320925	0.504
320975	0.432
321025	0.348
321075	0.312
321125	0.288
321175	0.240
321225	0.276
321275	0.324
321325	0.348
321375	0.380
321425	0.420
321475	0.428
321525	0.460
321575	0.460
321625	0.452
321675	0.440
321725	0.428
321775	0.424
321825	0.444
321875	0.452
321925	0.460
321975	0.496
322025	0.488
322075	0.496
322125	0.484
322175	0.464
322225	0.420
322275	0.404
322325	0.396
322375	0.404
322425	0.396
322475	0.396
322525	0.392
322575	0.368
322625	0.332
322675	0.340
322725	0.372
322775	0.344
322825	0.336
322875	0.340
322925	0.364
322975	0.344
323025	0.368
323075	0.356
323125	0.376
323175	0.376
323225	0.368
323275	0.372
323325	0.396
323375	0.384
323425	0.388
323475	0.416
323525	0.432
323575	0.424
323625	0.440
323675	0.432
323725	0.432
323775	0.424
323825	0.444
323875	0.472
323925	0.452
323975	0.444
324025	0.452
324075	0.456
324125	0.456
324175	0.488
324225	0.504
324275	0.508
324325	0.496
324375	0.472
324425	0.460
324475	0.472
324525	0.448
324575	0.432
324625	0.448
324675	0.476
324725	0.424
324775	0.464
324825	0.480
324875	0.476
324925	0.456
324975	0.468
325025	0.436
325075	0.440
325125	0.416
325175	0.440
325225	0.448
325275	0.460
325325	0.448
325375	0.480
325425	0.436
325475	0.448
325525	0.428
325575	0.428
325625	0.412
325675	0.440
325725	0.456
325775	0.488
325825	0.512
325875	0.528
325925	0.520
325975	0.500
326025	0.504
326075	0.504
326125	0.512
326175	0.508
326225	0.508
326275	0.504
326325	0.504
326375	0.480
326425	0.480
326475	0.472
326525	0.472
326575	0.480
326625	0.500
326675	0.508
326725	0.532
326775	0.540
326825	0.544
326875	0.528
326925	0.556
326975	0.540
327025	0.512
327075	0.492
327125	0.436
327175	0.360
327225	0.340
327275	0.348
327325	0.324
327375	0.372
327425	0.396
327475	0.408
327525	0.428
327575	0.448
327625	0.432
327675	0.448
327725	0.456
327775	0.452
327825	0.468
327875	0.500
327925	0.512
327975	0.508
328025	0.492
328075	0.500
328125	0.484
328175	0.484
328225	0.496
328275	0.508
328325	0.484
328375	0.516
328425	0.508
328475	0.476
328525	0.472
328575	0.492
328625	0.480
328675	0.484
328725	0.512
328775	0.508
328825	0.508
328875	0.504
328925	0.500
328975	0.512
329025	0.516
329075	0.516
329125	0.484
329175	0.472
329225	0.412
329275	0.380
329325	0.348
329375	0.372
329425	0.424
329475	0.448
329525	0.456
329575	0.456
329625	0.432
329675	0.396
329725	0.380
329775	0.404
329825	0.428
329875	0.448
329925	0.436
329975	0.468
330025	0.448
330075	0.436
330125	0.460
330175	0.468
330225	0.472
330275	0.496
330325	0.460
330375	0.428
330425	0.444
330475	0.444
330525	0.432
330575	0.464
330625	0.488
330675	0.464
330725	0.444
330775	0.456
330825	0.484
330875	0.468
330925	0.484
330975	0.508
331025	0.500
331075	0.476
331125	0.508
331175	0.500
331225	0.508
331275	0.504
331325	0.512
331375	0.484
331425	0.472
331475	0.472
331525	0.476
331575	0.472
331625	0.480
331675	0.500
331725	0.480
331775	0.492
331825	0.488
331875	0.476
331925	0.464
331975	0.480
332025	0.492
332075	0.508
332125	0.532
332175	0.536
332225	0.528
332275	0.488
332325	0.416
332375	0.372
332425	0.324
332475	0.308
332525	0.312
332575	0.344
332625	0.348
332675	0.368
332725	0.384
332775	0.396
332825	0.416
332875	0.428
332925	0.456
332975	0.440
333025	0.424
333075	0.436
333125	0.420
333175	0.416
333225	0.420
333275	0.460
333325	0.440
333375	0.428
333425	0.396
333475	0.404
333525	0.372
333575	0.416
333625	0.448
333675	0.472
333725	0.444
333775	0.436
333825	0.412
333875	0.436
333925	0.432
333975	0.456
334025	0.436
334075	0.412
334125	0.384
334175	0.368
334225	0.340
334275	0.372
334325	0.416
334375	0.436
334425	0.488
334475	0.520
334525	0.520
334575	0.504
334625	0.512
334675	0.476
334725	0.492
334775	0.480
334825	0.504
334875	0.500
334925	0.520
334975	0.520
335025	0.536
335075	0.508
335125	0.504
335175	0.524
335225	0.496
335275	0.520
335325	0.492
335375	0.488
335425	0.452
335475	0.468
335525	0.452
335575	0.488
335625	0.492
335675	0.504
335725	0.488
335775	0.480
335825	0.452
335875	0.464
335925	0.484
335975	0.508
336025	0.520
336075	0.524
336125	0.472
336175	0.428
336225	0.404
336275	0.384
336325	0.384
336375	0.436
336425	0.464
336475	0.468
336525	0.496
336575	0.496
336625	0.464
336675	0.436
336725	0.448
336775	0.412
336825	0.436
336875	0.468
336925	0.508
336975	0.484
337025	0.488
337075	0.468
337125	0.444
337175	0.428
337225	0.436
337275	0.440
337325	0.440
337375	0.436
337425	0.420
337475	0.444
337525	0.452
337575	0.444
337625	0.428
337675	0.436
337725	0.396
337775	0.376
337825	0.384
337875	0.428
337925	0.408
337975	0.416
338025	0.436
338075	0.452
338125	0.440
338175	0.488
338225	0.516
338275	0.500
338325	0.476
338375	0.464
338425	0.452
338475	0.428
338525	0.444
338575	0.464
338625	0.452
338675	0.464
338725	0.464
338775	0.484
338825	0.488
338875	0.500
338925	0.468
338975	0.500
339025	0.488
339075	0.520
339125	0.536
339175	0.548
339225	0.544
339275	0.548
339325	0.520
339375	0.516
339425	0.520
339475	0.520
339525	0.508
339575	0.508
339625	0.500
339675	0.492
339725	0.488
339775	0.480
339825	0.468
339875	0.460
339925	0.440
339975	0.432
340025	0.456
340075	0.444
340125	0.476
340175	0.520
340225	0.536
340275	0.536
340325	0.576
340375	0.568
340425	0.552
340475	0.544
340525	0.520
340575	0.500
340625	0.496
340675	0.492
340725	0.472
340775	0.508
340825	0.528
340875	0.556
340925	0.556
340975	0.576
341025	0.568
341075	0.536
341125	0.508
341175	0.504
341225	0.520
341275	0.488
341325	0.476
341375	0.444
341425	0.424
341475	0.364
341525	0.392
341575	0.388
341625	0.424
341675	0.452
341725	0.464
341775	0.404
341825	0.428
341875	0.380
341925	0.348
341975	0.360
342025	0.384
342075	0.376
342125	0.380
342175	0.428
342225	0.432
342275	0.456
342325	0.464
342375	0.512
342425	0.488
342475	0.504
342525	0.476
342575	0.468
342625	0.452
342675	0.460
342725	0.480
342775	0.500
342825	0.524
342875	0.504
342925	0.508
342975	0.472
343025	0.496
343075	0.484
343125	0.484
343175	0.480
343225	0.496
343275	0.508
343325	0.528
343375	0.520
343425	0.528
343475	0.540
343525	0.548
343575	0.536
343625	0.572
343675	0.572
343725	0.572
343775	0.524
343825	0.512
343875	0.508
343925	0.516
343975	0.496
344025	0.508
344075	0.528
344125	0.536
344175	0.520
344225	0.516
344275	0.516
344325	0.488
344375	0.504
344425	0.508
344475	0.524
344525	0.528
344575	0.544
344625	0.540
344675	0.552
344725	0.544
344775	0.552
344825	0.556
344875	0.516
344925	0.488
344975	0.484
345025	0.464
345075	0.452
345125	0.484
345175	0.480
345225	0.464
345275	0.456
345325	0.464
345375	0.452
345425	0.448
345475	0.456
345525	0.472
345575	0.452
345625	0.452
345675	0.488
345725	0.504
345775	0.512
345825	0.532
345875	0.536
345925	0.528
345975	0.524
346025	0.508
346075	0.484
346125	0.468
346175	0.480
346225	0.456
346275	0.460
346325	0.440
346375	0.452
346425	0.436
346475	0.468
346525	0.500
346575	0.528
346625	0.556
346675	0.588
346725	0.564
346775	0.512
346825	0.504
346875	0.476
346925	0.440
346975	0.456
347025	0.460
347075	0.452
347125	0.440
347175	0.444
347225	0.448
347275	0.464
347325	0.480
347375	0.496
347425	0.488
347475	0.460
347525	0.444
347575	0.416
347625	0.380
347675	0.368
347725	0.384
347775	0.392
347825	0.424
347875	0.460
347925	0.492
347975	0.496
348025	0.504
348075	0.508
348125	0.508
348175	0.516
348225	0.512
348275	0.476
348325	0.460
348375	0.456
348425	0.432
348475	0.432
348525	0.472
348575	0.484
348625	0.476
348675	0.484
348725	0.488
348775	0.472
348825	0.468
348875	0.476
348925	0.476
348975	0.468
349025	0.464
349075	0.480
349125	0.476
349175	0.448
349225	0.460
349275	0.476
349325	0.456
349375	0.440
349425	0.464
349475	0.476
349525	0.476
349575	0.484
349625	0.492
349675	0.464
349725	0.464
349775	0.460
349825	0.420
349875	0.432
349925	0.440
349975	0.428
350025	0.396
350075	0.460
350125	0.448
350175	0.444
350225	0.436
350275	0.452
350325	0.452
350375	0.448
350425	0.464
350475	0.460
350525	0.448
350575	0.412
350625	0.412
350675	0.408
350725	0.424
350775	0.448
350825	0.496
350875	0.500
350925	0.524
350975	0.488
351025	0.504
351075	0.468
351125	0.488
351175	0.488
351225	0.540
351275	0.532
351325	0.552
351375	0.544
351425	0.520
351475	0.520
351525	0.512
351575	0.508
351625	0.512
351675	0.536
351725	0.524
351775	0.532
351825	0.552
351875	0.560
351925	0.552
351975	0.540
352025	0.540
352075	0.484
352125	0.468
352175	0.420
352225	0.412
352275	0.448
352325	0.480
352375	0.500
352425	0.568
352475	0.608
352525	0.592
352575	0.612
352625	0.608
352675	0.584
352725	0.572
352775	0.540
352825	0.520
352875	0.516
352925	0.532
352975	0.528
353025	0.560
353075	0.564
353125	0.548
353175	0.532
353225	0.516
353275	0.488
353325	0.472
353375	0.472
353425	0.448
353475	0.444
353525	0.448
353575	0.448
353625	0.440
353675	0.444
353725	0.444
353775	0.456
353825	0.436
353875	0.444
353925	0.444
353975	0.436
354025	0.416
354075	0.444
354125	0.444
354175	0.464
354225	0.480
354275	0.496
354325	0.476
354375	0.488
354425	0.484
354475	0.500
354525	0.524
354575	0.532
354625	0.540
354675	0.524
354725	0.532
354775	0.492
354825	0.484
354875	0.460
354925	0.464
354975	0.428
355025	0.444
355075	0.480
355125	0.484
355175	0.484
355225	0.504
355275	0.524
355325	0.484
355375	0.480
355425	0.488
355475	0.464
355525	0.404
355575	0.416
355625	0.404
355675	0.384
355725	0.400
355775	0.416
355825	0.408
355875	0.396
355925	0.384
355975	0.328
356025	0.316
356075	0.320
356125	0.344
356175	0.380
356225	0.460
356275	0.484
356325	0.512
356375	0.524
356425	0.524
356475	0.492
356525	0.524
356575	0.528
356625	0.516
356675	0.512
356725	0.520
356775	0.532
356825	0.524
356875	0.544
356925	0.580
356975	0.584
357025	0.548
357075	0.536
357125	0.536
357175	0.512
357225	0.508
357275	0.484
357325	0.516
357375	0.532
357425	0.540
357475	0.540
357525	0.580
357575	0.556
357625	0.540
357675	0.508
357725	0.528
357775	0.524
357825	0.508
357875	0.516
357925	0.548
357975	0.516
358025	0.508
358075	0.512
358125	0.484
358175	0.436
358225	0.428
358275	0.412
358325	0.416
358375	0.396
358425	0.420
358475	0.416
358525	0.440
358575	0.464
358625	0.500
358675	0.504
358725	0.544
358775	0.528
358825	0.504
358875	0.504
358925	0.492
358975	0.432
359025	0.428
359075	0.424
359125	0.396
359175	0.404
359225	0.444
359275	0.444
359325	0.428
359375	0.436
359425	0.432
359475	0.436
359525	0.452
359575	0.472
359625	0.484
359675	0.492
359725	0.476
359775	0.456
359825	0.460
359875	0.464
359925	0.464
359975	0.468
360025	0.488
360075	0.500
360125	0.492
360175	0.500
360225	0.516
360275	0.536
360325	0.544
360375	0.552
360425	0.556
360475	0.552
360525	0.524
360575	0.508
360625	0.504
360675	0.480
360725	0.460
360775	0.436
360825	0.436
360875	0.436
360925	0.436
360975	0.428
361025	0.444
361075	0.452
361125	0.452
361175	0.436
361225	0.464
361275	0.468
361325	0.472
361375	0.472
361425	0.492
361475	0.512
361525	0.536
361575	0.508
361625	0.516
361675	0.516
361725	0.488
361775	0.456
361825	0.476
361875	0.428
361925	0.396
361975	0.392
362025	0.376
362075	0.344
362125	0.384
362175	0.412
362225	0.404
362275	0.428
362325	0.464
362375	0.464
362425	0.480
362475	0.512
362525	0.528
362575	0.520
362625	0.524
362675	0.508
362725	0.488
362775	0.488
362825	0.480
362875	0.496
362925	0.524
362975	0.556
363025	0.536
363075	0.528
363125	0.516
363175	0.500
363225	0.476
363275	0.504
363325	0.524
363375	0.500
363425	0.524
363475	0.512
363525	0.452
363575	0.404
363625	0.360
363675	0.308
363725	0.296
363775	0.292
363825	0.316
363875	0.376
363925	0.432
363975	0.448
364025	0.496
364075	0.496
364125	0.496
364175	0.472
364225	0.480
364275	0.484
364325	0.496
364375	0.488
364425	0.480
364475	0.476
364525	0.492
364575	0.488
364625	0.488
364675	0.484
364725	0.468
364775	0.428
364825	0.440
364875	0.464
364925	0.472
364975	0.472
365025	0.488
365075	0.456
365125	0.432
365175	0.428
365225	0.456
365275	0.460
365325	0.460
365375	0.464
365425	0.452
365475	0.428
365525	0.420
365575	0.424
365625	0.412
365675	0.424
365725	0.428
365775	0.436
365825	0.436
365875	0.404
365925	0.376
365975	0.352
366025	0.368
366075	0.352
366125	0.400
366175	0.420
366225	0.436
366275	0.412
366325	0.432
366375	0.404
366425	0.388
366475	0.372
366525	0.328
366575	0.312
366625	0.308
366675	0.280
366725	0.240
366775	0.216
366825	0.200
366875	0.184
366925	0.180
366975	0.192
367025	0.232
367075	0.216
367125	0.256
367175	0.296
367225	0.332
367275	0.332
367325	0.348
367375	0.296
367425	0.264
367475	0.232
367525	0.184
367575	0.164
367625	0.148
367675	0.124
367725	0.112
367775	0.148
367825	0.132
367875	0.152
