Position	Percent G+C 1 .. 343357
125	0.172
175	0.172
225	0.168
275	0.184
325	0.192
375	0.196
425	0.224
475	0.240
525	0.260
575	0.284
625	0.320
675	0.300
725	0.296
775	0.284
825	0.292
875	0.280
925	0.288
975	0.312
1025	0.328
1075	0.360
1125	0.368
1175	0.344
1225	0.296
1275	0.228
1325	0.160
1375	0.132
1425	0.132
1475	0.132
1525	0.152
1575	0.140
1625	0.128
1675	0.112
1725	0.112
1775	0.108
1825	0.108
1875	0.124
1925	0.124
1975	0.120
2025	0.152
2075	0.168
2125	0.156
2175	0.164
2225	0.156
2275	0.112
2325	0.112
2375	0.112
2425	0.108
2475	0.108
2525	0.124
2575	0.112
2625	0.132
2675	0.160
2725	0.160
2775	0.176
2825	0.180
2875	0.160
2925	0.140
2975	0.148
3025	0.140
3075	0.140
3125	0.168
3175	0.196
3225	0.212
3275	0.232
3325	0.240
3375	0.232
3425	0.200
3475	0.184
3525	0.188
3575	0.208
3625	0.240
3675	0.344
3725	0.432
3775	0.468
3825	0.508
3875	0.520
3925	0.496
3975	0.464
4025	0.444
4075	0.424
4125	0.432
4175	0.408
4225	0.416
4275	0.428
4325	0.440
4375	0.432
4425	0.436
4475	0.424
4525	0.420
4575	0.416
4625	0.408
4675	0.388
4725	0.384
4775	0.396
4825	0.408
4875	0.448
4925	0.500
4975	0.544
5025	0.540
5075	0.560
5125	0.560
5175	0.532
5225	0.520
5275	0.532
5325	0.512
5375	0.476
5425	0.496
5475	0.484
5525	0.492
5575	0.492
5625	0.512
5675	0.504
5725	0.536
5775	0.504
5825	0.484
5875	0.440
5925	0.420
5975	0.396
6025	0.408
6075	0.412
6125	0.440
6175	0.460
6225	0.436
6275	0.432
6325	0.448
6375	0.436
6425	0.420
6475	0.404
6525	0.400
6575	0.404
6625	0.384
6675	0.384
6725	0.416
6775	0.416
6825	0.400
6875	0.408
6925	0.424
6975	0.448
7025	0.448
7075	0.464
7125	0.496
7175	0.484
7225	0.456
7275	0.484
7325	0.512
7375	0.532
7425	0.552
7475	0.576
7525	0.564
7575	0.536
7625	0.516
7675	0.512
7725	0.516
7775	0.532
7825	0.536
7875	0.540
7925	0.548
7975	0.536
8025	0.512
8075	0.496
8125	0.532
8175	0.524
8225	0.512
8275	0.536
8325	0.556
8375	0.536
8425	0.552
8475	0.588
8525	0.588
8575	0.588
8625	0.576
8675	0.568
8725	0.552
8775	0.544
8825	0.516
8875	0.532
8925	0.536
8975	0.528
9025	0.500
9075	0.520
9125	0.512
9175	0.500
9225	0.500
9275	0.528
9325	0.528
9375	0.520
9425	0.512
9475	0.496
9525	0.516
9575	0.524
9625	0.528
9675	0.560
9725	0.592
9775	0.552
9825	0.532
9875	0.516
9925	0.500
9975	0.488
10025	0.500
10075	0.536
10125	0.528
10175	0.520
10225	0.516
10275	0.524
10325	0.532
10375	0.584
10425	0.596
10475	0.620
10525	0.612
10575	0.568
10625	0.540
10675	0.504
10725	0.476
10775	0.500
10825	0.540
10875	0.560
10925	0.588
10975	0.612
11025	0.608
11075	0.580
11125	0.568
11175	0.532
11225	0.476
11275	0.444
11325	0.416
11375	0.364
11425	0.380
11475	0.412
11525	0.416
11575	0.444
11625	0.488
11675	0.508
11725	0.488
11775	0.464
11825	0.472
11875	0.468
11925	0.468
11975	0.512
12025	0.560
12075	0.560
12125	0.560
12175	0.556
12225	0.544
12275	0.524
12325	0.524
12375	0.516
12425	0.512
12475	0.500
12525	0.512
12575	0.492
12625	0.488
12675	0.516
12725	0.496
12775	0.480
12825	0.504
12875	0.504
12925	0.492
12975	0.520
13025	0.536
13075	0.508
13125	0.524
13175	0.512
13225	0.484
13275	0.480
13325	0.500
13375	0.496
13425	0.492
13475	0.520
13525	0.524
13575	0.492
13625	0.464
13675	0.416
13725	0.392
13775	0.380
13825	0.424
13875	0.436
13925	0.472
13975	0.492
14025	0.516
14075	0.492
14125	0.508
14175	0.536
14225	0.508
14275	0.492
14325	0.488
14375	0.492
14425	0.504
14475	0.512
14525	0.500
14575	0.516
14625	0.512
14675	0.484
14725	0.496
14775	0.496
14825	0.484
14875	0.456
14925	0.448
14975	0.468
15025	0.468
15075	0.492
15125	0.524
15175	0.544
15225	0.540
15275	0.548
15325	0.524
15375	0.532
15425	0.520
15475	0.500
15525	0.472
15575	0.448
15625	0.420
15675	0.400
15725	0.392
15775	0.444
15825	0.492
15875	0.488
15925	0.512
15975	0.552
16025	0.500
16075	0.456
16125	0.452
16175	0.420
16225	0.400
16275	0.396
16325	0.428
16375	0.436
16425	0.472
16475	0.444
16525	0.464
16575	0.436
16625	0.396
16675	0.380
16725	0.396
16775	0.396
16825	0.416
16875	0.484
16925	0.512
16975	0.504
17025	0.500
17075	0.464
17125	0.436
17175	0.416
17225	0.428
17275	0.440
17325	0.480
17375	0.512
17425	0.520
17475	0.564
17525	0.572
17575	0.556
17625	0.512
17675	0.512
17725	0.460
17775	0.476
17825	0.476
17875	0.492
17925	0.504
17975	0.488
18025	0.444
18075	0.436
18125	0.444
18175	0.416
18225	0.452
18275	0.488
18325	0.488
18375	0.492
18425	0.492
18475	0.488
18525	0.520
18575	0.544
18625	0.552
18675	0.564
18725	0.548
18775	0.508
18825	0.508
18875	0.504
18925	0.508
18975	0.512
19025	0.504
19075	0.528
19125	0.512
19175	0.528
19225	0.536
19275	0.524
19325	0.500
19375	0.500
19425	0.480
19475	0.460
19525	0.476
19575	0.472
19625	0.480
19675	0.496
19725	0.512
19775	0.524
19825	0.528
19875	0.548
19925	0.532
19975	0.552
20025	0.552
20075	0.556
20125	0.536
20175	0.540
20225	0.520
20275	0.520
20325	0.524
20375	0.516
20425	0.524
20475	0.512
20525	0.500
20575	0.496
20625	0.504
20675	0.496
20725	0.500
20775	0.504
20825	0.492
20875	0.488
20925	0.488
20975	0.508
21025	0.532
21075	0.544
21125	0.564
21175	0.560
21225	0.576
21275	0.568
21325	0.564
21375	0.548
21425	0.532
21475	0.516
21525	0.492
21575	0.504
21625	0.520
21675	0.556
21725	0.560
21775	0.580
21825	0.592
21875	0.592
21925	0.576
21975	0.564
22025	0.564
22075	0.568
22125	0.576
22175	0.592
22225	0.564
22275	0.528
22325	0.528
22375	0.544
22425	0.520
22475	0.572
22525	0.636
22575	0.620
22625	0.600
22675	0.608
22725	0.608
22775	0.616
22825	0.648
22875	0.664
22925	0.696
22975	0.696
23025	0.668
23075	0.636
23125	0.644
23175	0.612
23225	0.624
23275	0.556
23325	0.500
23375	0.440
23425	0.432
23475	0.416
23525	0.468
23575	0.524
23625	0.528
23675	0.508
23725	0.484
23775	0.480
23825	0.460
23875	0.504
23925	0.536
23975	0.568
24025	0.580
24075	0.600
24125	0.580
24175	0.532
24225	0.500
24275	0.460
24325	0.448
24375	0.428
24425	0.436
24475	0.420
24525	0.424
24575	0.424
24625	0.456
24675	0.472
24725	0.492
24775	0.516
24825	0.528
24875	0.508
24925	0.520
24975	0.524
25025	0.528
25075	0.504
25125	0.488
25175	0.504
25225	0.484
25275	0.472
25325	0.496
25375	0.500
25425	0.496
25475	0.500
25525	0.508
25575	0.488
25625	0.508
25675	0.496
25725	0.520
25775	0.512
25825	0.528
25875	0.528
25925	0.548
25975	0.544
26025	0.540
26075	0.520
26125	0.516
26175	0.508
26225	0.516
26275	0.500
26325	0.508
26375	0.524
26425	0.532
26475	0.516
26525	0.556
26575	0.576
26625	0.544
26675	0.540
26725	0.540
26775	0.548
26825	0.572
26875	0.592
26925	0.604
26975	0.620
27025	0.620
27075	0.596
27125	0.612
27175	0.596
27225	0.588
27275	0.592
27325	0.600
27375	0.596
27425	0.612
27475	0.616
27525	0.616
27575	0.608
27625	0.596
27675	0.596
27725	0.584
27775	0.556
27825	0.536
27875	0.508
27925	0.492
27975	0.488
28025	0.492
28075	0.484
28125	0.476
28175	0.452
28225	0.456
28275	0.436
28325	0.448
28375	0.464
28425	0.484
28475	0.476
28525	0.500
28575	0.520
28625	0.548
28675	0.564
28725	0.592
28775	0.600
28825	0.600
28875	0.596
28925	0.568
28975	0.588
29025	0.592
29075	0.580
29125	0.564
29175	0.580
29225	0.532
29275	0.520
29325	0.548
29375	0.556
29425	0.564
29475	0.588
29525	0.588
29575	0.576
29625	0.580
29675	0.576
29725	0.572
29775	0.580
29825	0.532
29875	0.532
29925	0.536
29975	0.528
30025	0.508
30075	0.548
30125	0.548
30175	0.532
30225	0.540
30275	0.576
30325	0.584
30375	0.580
30425	0.600
30475	0.624
30525	0.604
30575	0.596
30625	0.596
30675	0.576
30725	0.556
30775	0.564
30825	0.572
30875	0.588
30925	0.608
30975	0.616
31025	0.616
31075	0.608
31125	0.588
31175	0.528
31225	0.496
31275	0.468
31325	0.420
31375	0.396
31425	0.416
31475	0.388
31525	0.360
31575	0.380
31625	0.372
31675	0.392
31725	0.396
31775	0.424
31825	0.432
31875	0.476
31925	0.420
31975	0.444
32025	0.424
32075	0.404
32125	0.368
32175	0.436
32225	0.424
32275	0.472
32325	0.512
32375	0.528
32425	0.492
32475	0.520
32525	0.504
32575	0.504
32625	0.508
32675	0.532
32725	0.528
32775	0.548
32825	0.540
32875	0.532
32925	0.540
32975	0.564
33025	0.540
33075	0.552
33125	0.576
33175	0.556
33225	0.540
33275	0.560
33325	0.556
33375	0.532
33425	0.540
33475	0.532
33525	0.532
33575	0.524
33625	0.520
33675	0.524
33725	0.536
33775	0.536
33825	0.548
33875	0.572
33925	0.580
33975	0.600
34025	0.580
34075	0.572
34125	0.560
34175	0.564
34225	0.532
34275	0.548
34325	0.576
34375	0.584
34425	0.580
34475	0.596
34525	0.592
34575	0.580
34625	0.580
34675	0.596
34725	0.600
34775	0.612
34825	0.600
34875	0.612
34925	0.592
34975	0.576
35025	0.548
35075	0.568
35125	0.564
35175	0.560
35225	0.556
35275	0.592
35325	0.548
35375	0.528
35425	0.524
35475	0.508
35525	0.468
35575	0.480
35625	0.484
35675	0.488
35725	0.496
35775	0.504
35825	0.512
35875	0.528
35925	0.512
35975	0.528
36025	0.536
36075	0.540
36125	0.508
36175	0.524
36225	0.520
36275	0.520
36325	0.500
36375	0.520
36425	0.528
36475	0.540
36525	0.540
36575	0.544
36625	0.544
36675	0.536
36725	0.548
36775	0.548
36825	0.536
36875	0.504
36925	0.500
36975	0.464
37025	0.464
37075	0.476
37125	0.512
37175	0.504
37225	0.472
37275	0.448
37325	0.396
37375	0.388
37425	0.416
37475	0.440
37525	0.472
37575	0.544
37625	0.568
37675	0.548
37725	0.588
37775	0.536
37825	0.468
37875	0.440
37925	0.424
37975	0.404
38025	0.444
38075	0.512
38125	0.528
38175	0.544
38225	0.512
38275	0.492
38325	0.468
38375	0.448
38425	0.452
38475	0.440
38525	0.412
38575	0.416
38625	0.432
38675	0.440
38725	0.456
38775	0.524
38825	0.536
38875	0.528
38925	0.520
38975	0.524
39025	0.500
39075	0.504
39125	0.496
39175	0.520
39225	0.552
39275	0.572
39325	0.580
39375	0.612
39425	0.592
39475	0.564
39525	0.528
39575	0.528
39625	0.524
39675	0.504
39725	0.496
39775	0.524
39825	0.504
39875	0.472
39925	0.460
39975	0.476
40025	0.488
40075	0.472
40125	0.484
40175	0.488
40225	0.492
40275	0.476
40325	0.496
40375	0.516
40425	0.544
40475	0.536
40525	0.544
40575	0.540
40625	0.512
40675	0.508
40725	0.556
40775	0.500
40825	0.488
40875	0.508
40925	0.496
40975	0.460
41025	0.496
41075	0.484
41125	0.468
41175	0.492
41225	0.492
41275	0.500
41325	0.500
41375	0.468
41425	0.420
41475	0.408
41525	0.400
41575	0.424
41625	0.452
41675	0.484
41725	0.536
41775	0.516
41825	0.512
41875	0.532
41925	0.544
41975	0.496
42025	0.528
42075	0.548
42125	0.516
42175	0.496
42225	0.516
42275	0.504
42325	0.472
42375	0.476
42425	0.484
42475	0.480
42525	0.504
42575	0.520
42625	0.544
42675	0.540
42725	0.496
42775	0.460
42825	0.440
42875	0.412
42925	0.404
42975	0.424
43025	0.432
43075	0.448
43125	0.484
43175	0.488
43225	0.488
43275	0.488
43325	0.500
43375	0.456
43425	0.444
43475	0.436
43525	0.380
43575	0.364
43625	0.392
43675	0.416
43725	0.388
43775	0.444
43825	0.448
43875	0.428
43925	0.412
43975	0.460
44025	0.448
44075	0.432
44125	0.440
44175	0.456
44225	0.496
44275	0.488
44325	0.504
44375	0.520
44425	0.528
44475	0.464
44525	0.500
44575	0.504
44625	0.508
44675	0.488
44725	0.524
44775	0.524
44825	0.492
44875	0.452
44925	0.464
44975	0.432
45025	0.408
45075	0.412
45125	0.432
45175	0.412
45225	0.436
45275	0.452
45325	0.456
45375	0.456
45425	0.464
45475	0.456
45525	0.444
45575	0.436
45625	0.436
45675	0.452
45725	0.456
45775	0.452
45825	0.500
45875	0.500
45925	0.492
45975	0.480
46025	0.500
46075	0.456
46125	0.452
46175	0.444
46225	0.448
46275	0.432
46325	0.428
46375	0.408
46425	0.416
46475	0.420
46525	0.416
46575	0.436
46625	0.456
46675	0.420
46725	0.396
46775	0.416
46825	0.408
46875	0.400
46925	0.460
46975	0.488
47025	0.444
47075	0.476
47125	0.516
47175	0.496
47225	0.488
47275	0.516
47325	0.488
47375	0.480
47425	0.476
47475	0.500
47525	0.508
47575	0.520
47625	0.528
47675	0.556
47725	0.544
47775	0.544
47825	0.568
47875	0.548
47925	0.532
47975	0.560
48025	0.604
48075	0.632
48125	0.648
48175	0.640
48225	0.608
48275	0.552
48325	0.500
48375	0.452
48425	0.448
48475	0.428
48525	0.440
48575	0.472
48625	0.528
48675	0.540
48725	0.524
48775	0.512
48825	0.420
48875	0.380
48925	0.348
48975	0.388
49025	0.380
49075	0.408
49125	0.400
49175	0.412
49225	0.396
49275	0.400
49325	0.408
49375	0.412
49425	0.420
49475	0.416
49525	0.428
49575	0.416
49625	0.416
49675	0.384
49725	0.392
49775	0.340
49825	0.352
49875	0.360
49925	0.360
49975	0.372
50025	0.440
50075	0.420
50125	0.408
50175	0.412
50225	0.408
50275	0.404
50325	0.452
50375	0.432
50425	0.412
50475	0.400
50525	0.396
50575	0.416
50625	0.476
50675	0.540
50725	0.564
50775	0.604
50825	0.612
50875	0.640
50925	0.660
50975	0.676
51025	0.676
51075	0.676
51125	0.640
51175	0.624
51225	0.620
51275	0.612
51325	0.600
51375	0.628
51425	0.652
51475	0.660
51525	0.648
51575	0.660
51625	0.652
51675	0.656
51725	0.652
51775	0.652
51825	0.632
51875	0.616
51925	0.584
51975	0.544
52025	0.540
52075	0.532
52125	0.540
52175	0.540
52225	0.560
52275	0.552
52325	0.544
52375	0.500
52425	0.476
52475	0.484
52525	0.484
52575	0.504
52625	0.556
52675	0.592
52725	0.608
52775	0.620
52825	0.636
52875	0.620
52925	0.616
52975	0.600
53025	0.608
53075	0.580
53125	0.592
53175	0.552
53225	0.540
53275	0.516
53325	0.500
53375	0.464
53425	0.488
53475	0.520
53525	0.516
53575	0.536
53625	0.536
53675	0.540
53725	0.524
53775	0.548
53825	0.548
53875	0.556
53925	0.524
53975	0.472
54025	0.472
54075	0.444
54125	0.444
54175	0.456
54225	0.484
54275	0.460
54325	0.484
54375	0.524
54425	0.584
54475	0.620
54525	0.628
54575	0.624
54625	0.604
54675	0.548
54725	0.504
54775	0.508
54825	0.524
54875	0.500
54925	0.504
54975	0.520
55025	0.516
55075	0.512
55125	0.508
55175	0.512
55225	0.516
55275	0.492
55325	0.500
55375	0.552
55425	0.560
55475	0.568
55525	0.608
55575	0.608
55625	0.608
55675	0.620
55725	0.600
55775	0.584
55825	0.568
55875	0.520
55925	0.516
55975	0.520
56025	0.532
56075	0.520
56125	0.544
56175	0.504
56225	0.500
56275	0.468
56325	0.444
56375	0.464
56425	0.452
56475	0.464
56525	0.444
56575	0.468
56625	0.432
56675	0.472
56725	0.480
56775	0.512
56825	0.524
56875	0.516
56925	0.508
56975	0.512
57025	0.520
57075	0.516
57125	0.556
57175	0.568
57225	0.552
57275	0.512
57325	0.500
57375	0.452
57425	0.460
57475	0.468
57525	0.468
57575	0.508
57625	0.532
57675	0.496
57725	0.464
57775	0.448
57825	0.432
57875	0.432
57925	0.464
57975	0.492
58025	0.520
58075	0.488
58125	0.472
58175	0.460
58225	0.460
58275	0.468
58325	0.456
58375	0.468
58425	0.472
58475	0.472
58525	0.504
58575	0.544
58625	0.524
58675	0.508
58725	0.492
58775	0.492
58825	0.484
58875	0.512
58925	0.532
58975	0.528
59025	0.536
59075	0.512
59125	0.496
59175	0.504
59225	0.480
59275	0.460
59325	0.464
59375	0.448
59425	0.428
59475	0.464
59525	0.460
59575	0.460
59625	0.480
59675	0.492
59725	0.480
59775	0.472
59825	0.492
59875	0.496
59925	0.488
59975	0.492
60025	0.488
60075	0.476
60125	0.472
60175	0.472
60225	0.500
60275	0.524
60325	0.520
60375	0.516
60425	0.500
60475	0.472
60525	0.448
60575	0.464
60625	0.476
60675	0.504
60725	0.504
60775	0.516
60825	0.520
60875	0.540
60925	0.540
60975	0.560
61025	0.580
61075	0.568
61125	0.552
61175	0.504
61225	0.480
61275	0.444
61325	0.492
61375	0.492
61425	0.536
61475	0.564
61525	0.568
61575	0.536
61625	0.556
61675	0.536
61725	0.520
61775	0.556
61825	0.556
61875	0.540
61925	0.576
61975	0.552
62025	0.532
62075	0.536
62125	0.528
62175	0.524
62225	0.544
62275	0.536
62325	0.536
62375	0.548
62425	0.536
62475	0.540
62525	0.548
62575	0.540
62625	0.552
62675	0.540
62725	0.556
62775	0.568
62825	0.564
62875	0.540
62925	0.548
62975	0.544
63025	0.524
63075	0.536
63125	0.520
63175	0.524
63225	0.508
63275	0.508
63325	0.520
63375	0.528
63425	0.496
63475	0.480
63525	0.484
63575	0.472
63625	0.440
63675	0.436
63725	0.468
63775	0.484
63825	0.496
63875	0.528
63925	0.568
63975	0.556
64025	0.548
64075	0.528
64125	0.560
64175	0.540
64225	0.544
64275	0.544
64325	0.564
64375	0.560
64425	0.572
64475	0.584
64525	0.584
64575	0.576
64625	0.552
64675	0.544
64725	0.532
64775	0.512
64825	0.496
64875	0.516
64925	0.496
64975	0.500
65025	0.536
65075	0.524
65125	0.528
65175	0.548
65225	0.576
65275	0.588
65325	0.608
65375	0.580
65425	0.584
65475	0.556
65525	0.500
65575	0.496
65625	0.488
65675	0.480
65725	0.464
65775	0.488
65825	0.500
65875	0.516
65925	0.548
65975	0.572
66025	0.572
66075	0.564
66125	0.548
66175	0.524
66225	0.536
66275	0.552
66325	0.532
66375	0.560
66425	0.544
66475	0.504
66525	0.464
66575	0.500
66625	0.480
66675	0.476
66725	0.492
66775	0.500
66825	0.480
66875	0.468
66925	0.472
66975	0.456
67025	0.456
67075	0.440
67125	0.480
67175	0.500
67225	0.520
67275	0.540
67325	0.568
67375	0.536
67425	0.532
67475	0.532
67525	0.520
67575	0.480
67625	0.488
67675	0.496
67725	0.480
67775	0.476
67825	0.488
67875	0.512
67925	0.508
67975	0.500
68025	0.512
68075	0.524
68125	0.508
68175	0.512
68225	0.532
68275	0.504
68325	0.492
68375	0.468
68425	0.436
68475	0.412
68525	0.408
68575	0.392
68625	0.404
68675	0.408
68725	0.420
68775	0.408
68825	0.428
68875	0.412
68925	0.404
68975	0.384
69025	0.412
69075	0.400
69125	0.400
69175	0.396
69225	0.416
69275	0.444
69325	0.496
69375	0.524
69425	0.588
69475	0.628
69525	0.612
69575	0.600
69625	0.608
69675	0.576
69725	0.536
69775	0.544
69825	0.532
69875	0.516
69925	0.512
69975	0.544
70025	0.520
70075	0.500
70125	0.516
70175	0.532
70225	0.500
70275	0.528
70325	0.560
70375	0.536
70425	0.524
70475	0.552
70525	0.540
70575	0.516
70625	0.520
70675	0.516
70725	0.524
70775	0.512
70825	0.524
70875	0.524
70925	0.520
70975	0.512
71025	0.540
71075	0.552
71125	0.568
71175	0.556
71225	0.544
71275	0.528
71325	0.516
71375	0.496
71425	0.520
71475	0.512
71525	0.488
71575	0.484
71625	0.496
71675	0.488
71725	0.484
71775	0.512
71825	0.520
71875	0.504
71925	0.500
71975	0.512
72025	0.492
72075	0.492
72125	0.496
72175	0.496
72225	0.492
72275	0.500
72325	0.500
72375	0.524
72425	0.556
72475	0.548
72525	0.556
72575	0.564
72625	0.556
72675	0.540
72725	0.556
72775	0.564
72825	0.540
72875	0.496
72925	0.476
72975	0.444
73025	0.444
73075	0.460
73125	0.496
73175	0.524
73225	0.508
73275	0.500
73325	0.484
73375	0.488
73425	0.480
73475	0.524
73525	0.504
73575	0.504
73625	0.512
73675	0.508
73725	0.504
73775	0.524
73825	0.532
73875	0.528
73925	0.516
73975	0.528
74025	0.524
74075	0.500
74125	0.504
74175	0.528
74225	0.528
74275	0.540
74325	0.572
74375	0.556
74425	0.516
74475	0.520
74525	0.516
74575	0.508
74625	0.532
74675	0.552
74725	0.536
74775	0.532
74825	0.532
74875	0.520
74925	0.536
74975	0.516
75025	0.528
75075	0.540
75125	0.544
75175	0.552
75225	0.560
75275	0.540
75325	0.528
75375	0.508
75425	0.484
75475	0.512
75525	0.532
75575	0.536
75625	0.544
75675	0.564
75725	0.576
75775	0.568
75825	0.576
75875	0.580
75925	0.580
75975	0.556
76025	0.552
76075	0.544
76125	0.524
76175	0.504
76225	0.516
76275	0.500
76325	0.496
76375	0.540
76425	0.536
76475	0.484
76525	0.480
76575	0.444
76625	0.404
76675	0.404
76725	0.452
76775	0.456
76825	0.480
76875	0.500
76925	0.504
76975	0.476
77025	0.484
77075	0.488
77125	0.468
77175	0.460
77225	0.472
77275	0.492
77325	0.500
77375	0.496
77425	0.548
77475	0.532
77525	0.488
77575	0.468
77625	0.488
77675	0.440
77725	0.476
77775	0.516
77825	0.548
77875	0.544
77925	0.588
77975	0.588
78025	0.604
78075	0.608
78125	0.620
78175	0.596
78225	0.608
78275	0.572
78325	0.536
78375	0.524
78425	0.468
78475	0.432
78525	0.456
78575	0.496
78625	0.492
78675	0.528
78725	0.516
78775	0.500
78825	0.488
78875	0.512
78925	0.544
78975	0.580
79025	0.604
79075	0.588
79125	0.596
79175	0.580
79225	0.560
79275	0.568
79325	0.576
79375	0.556
79425	0.556
79475	0.564
79525	0.524
79575	0.548
79625	0.548
79675	0.552
79725	0.568
79775	0.584
79825	0.560
79875	0.564
79925	0.564
79975	0.548
80025	0.556
80075	0.576
80125	0.580
80175	0.596
80225	0.588
80275	0.584
80325	0.568
80375	0.576
80425	0.536
80475	0.532
80525	0.524
80575	0.544
80625	0.544
80675	0.536
80725	0.540
80775	0.532
80825	0.524
80875	0.512
80925	0.560
80975	0.580
81025	0.560
81075	0.512
81125	0.472
81175	0.420
81225	0.384
81275	0.424
81325	0.432
81375	0.428
81425	0.420
81475	0.384
81525	0.340
81575	0.332
81625	0.368
81675	0.440
81725	0.512
81775	0.556
81825	0.620
81875	0.664
81925	0.636
81975	0.656
82025	0.672
82075	0.660
82125	0.648
82175	0.656
82225	0.660
82275	0.628
82325	0.628
82375	0.620
82425	0.628
82475	0.612
82525	0.628
82575	0.632
82625	0.632
82675	0.600
82725	0.576
82775	0.564
82825	0.568
82875	0.544
82925	0.552
82975	0.560
83025	0.540
83075	0.532
83125	0.532
83175	0.556
83225	0.568
83275	0.600
83325	0.576
83375	0.584
83425	0.540
83475	0.520
83525	0.536
83575	0.536
83625	0.528
83675	0.576
83725	0.576
83775	0.556
83825	0.544
83875	0.552
83925	0.520
83975	0.524
84025	0.512
84075	0.520
84125	0.524
84175	0.532
84225	0.548
84275	0.536
84325	0.560
84375	0.560
84425	0.536
84475	0.500
84525	0.524
84575	0.488
84625	0.456
84675	0.476
84725	0.488
84775	0.464
84825	0.480
84875	0.508
84925	0.488
84975	0.480
85025	0.492
85075	0.484
85125	0.464
85175	0.496
85225	0.500
85275	0.480
85325	0.488
85375	0.520
85425	0.484
85475	0.488
85525	0.524
85575	0.548
85625	0.532
85675	0.572
85725	0.596
85775	0.576
85825	0.552
85875	0.556
85925	0.540
85975	0.512
86025	0.508
86075	0.516
86125	0.508
86175	0.504
86225	0.520
86275	0.540
86325	0.536
86375	0.556
86425	0.556
86475	0.552
86525	0.532
86575	0.544
86625	0.520
86675	0.532
86725	0.532
86775	0.552
86825	0.548
86875	0.556
86925	0.560
86975	0.568
87025	0.576
87075	0.564
87125	0.540
87175	0.536
87225	0.524
87275	0.512
87325	0.544
87375	0.564
87425	0.548
87475	0.540
87525	0.516
87575	0.464
87625	0.416
87675	0.384
87725	0.376
87775	0.384
87825	0.388
87875	0.448
87925	0.496
87975	0.496
88025	0.512
88075	0.540
88125	0.540
88175	0.520
88225	0.536
88275	0.584
88325	0.604
88375	0.620
88425	0.652
88475	0.688
88525	0.660
88575	0.608
88625	0.552
88675	0.516
88725	0.492
88775	0.484
88825	0.516
88875	0.552
88925	0.592
88975	0.604
89025	0.564
89075	0.528
89125	0.508
89175	0.480
89225	0.472
89275	0.524
89325	0.576
89375	0.604
89425	0.584
89475	0.576
89525	0.540
89575	0.500
89625	0.492
89675	0.484
89725	0.480
89775	0.468
89825	0.476
89875	0.476
89925	0.464
89975	0.436
90025	0.452
90075	0.460
90125	0.460
90175	0.504
90225	0.516
90275	0.520
90325	0.548
90375	0.540
90425	0.524
90475	0.544
90525	0.548
90575	0.520
90625	0.508
90675	0.532
90725	0.512
90775	0.484
90825	0.440
90875	0.468
90925	0.456
90975	0.488
91025	0.524
91075	0.552
91125	0.552
91175	0.532
91225	0.512
91275	0.464
91325	0.444
91375	0.440
91425	0.492
91475	0.488
91525	0.516
91575	0.540
91625	0.536
91675	0.504
91725	0.516
91775	0.492
91825	0.488
91875	0.492
91925	0.476
91975	0.452
92025	0.468
92075	0.476
92125	0.452
92175	0.448
92225	0.464
92275	0.480
92325	0.488
92375	0.484
92425	0.480
92475	0.468
92525	0.452
92575	0.436
92625	0.440
92675	0.480
92725	0.512
92775	0.500
92825	0.492
92875	0.504
92925	0.496
92975	0.436
93025	0.472
93075	0.476
93125	0.464
93175	0.480
93225	0.500
93275	0.520
93325	0.544
93375	0.540
93425	0.460
93475	0.464
93525	0.428
93575	0.412
93625	0.424
93675	0.480
93725	0.496
93775	0.528
93825	0.552
93875	0.560
93925	0.580
93975	0.580
94025	0.580
94075	0.576
94125	0.592
94175	0.564
94225	0.560
94275	0.528
94325	0.512
94375	0.488
94425	0.508
94475	0.508
94525	0.520
94575	0.524
94625	0.544
94675	0.488
94725	0.456
94775	0.468
94825	0.476
94875	0.452
94925	0.496
94975	0.492
95025	0.504
95075	0.512
95125	0.556
95175	0.564
95225	0.616
95275	0.616
95325	0.632
95375	0.624
95425	0.648
95475	0.668
95525	0.656
95575	0.656
95625	0.660
95675	0.644
95725	0.608
95775	0.620
95825	0.608
95875	0.552
95925	0.552
95975	0.548
96025	0.508
96075	0.488
96125	0.508
96175	0.496
96225	0.536
96275	0.568
96325	0.560
96375	0.552
96425	0.532
96475	0.520
96525	0.488
96575	0.524
96625	0.544
96675	0.572
96725	0.572
96775	0.580
96825	0.592
96875	0.576
96925	0.564
96975	0.536
97025	0.552
97075	0.508
97125	0.512
97175	0.508
97225	0.528
97275	0.532
97325	0.544
97375	0.556
97425	0.540
97475	0.544
97525	0.524
97575	0.512
97625	0.508
97675	0.504
97725	0.488
97775	0.472
97825	0.464
97875	0.444
97925	0.484
97975	0.488
98025	0.500
98075	0.520
98125	0.540
98175	0.552
98225	0.572
98275	0.580
98325	0.612
98375	0.620
98425	0.588
98475	0.560
98525	0.576
98575	0.560
98625	0.552
98675	0.580
98725	0.528
98775	0.536
98825	0.508
98875	0.508
98925	0.472
98975	0.560
99025	0.568
99075	0.604
99125	0.600
99175	0.640
99225	0.620
99275	0.608
99325	0.552
99375	0.528
99425	0.500
99475	0.488
99525	0.476
99575	0.508
99625	0.540
99675	0.520
99725	0.520
99775	0.512
99825	0.536
99875	0.544
99925	0.584
99975	0.596
100025	0.608
100075	0.600
100125	0.584
100175	0.572
100225	0.568
100275	0.580
100325	0.580
100375	0.580
100425	0.588
100475	0.580
100525	0.572
100575	0.564
100625	0.580
100675	0.580
100725	0.592
100775	0.576
100825	0.576
100875	0.576
100925	0.564
100975	0.552
101025	0.580
101075	0.576
101125	0.576
101175	0.596
101225	0.612
101275	0.596
101325	0.592
101375	0.572
101425	0.568
101475	0.576
101525	0.584
101575	0.580
101625	0.596
101675	0.588
101725	0.572
101775	0.572
101825	0.584
101875	0.560
101925	0.568
101975	0.552
102025	0.536
102075	0.508
102125	0.512
102175	0.468
102225	0.460
102275	0.428
102325	0.404
102375	0.404
102425	0.424
102475	0.372
102525	0.352
102575	0.360
102625	0.332
102675	0.336
102725	0.356
102775	0.420
102825	0.460
102875	0.480
102925	0.464
102975	0.516
103025	0.500
103075	0.472
103125	0.472
103175	0.500
103225	0.496
103275	0.492
103325	0.516
103375	0.528
103425	0.528
103475	0.512
103525	0.496
103575	0.484
103625	0.480
103675	0.444
103725	0.456
103775	0.440
103825	0.432
103875	0.416
103925	0.404
103975	0.384
104025	0.388
104075	0.356
104125	0.384
104175	0.436
104225	0.468
104275	0.472
104325	0.500
104375	0.500
104425	0.492
104475	0.500
104525	0.536
104575	0.568
104625	0.560
104675	0.568
104725	0.572
104775	0.564
104825	0.556
104875	0.588
104925	0.588
104975	0.544
105025	0.528
105075	0.516
105125	0.480
105175	0.484
105225	0.512
105275	0.504
105325	0.504
105375	0.532
105425	0.532
105475	0.544
105525	0.560
105575	0.544
105625	0.504
105675	0.488
105725	0.472
105775	0.492
105825	0.512
105875	0.524
105925	0.504
105975	0.480
106025	0.480
106075	0.480
106125	0.460
106175	0.460
106225	0.456
106275	0.412
106325	0.424
106375	0.432
106425	0.432
106475	0.444
106525	0.464
106575	0.416
106625	0.404
106675	0.388
106725	0.408
106775	0.400
106825	0.432
106875	0.452
106925	0.468
106975	0.448
107025	0.476
107075	0.472
107125	0.456
107175	0.464
107225	0.420
107275	0.392
107325	0.364
107375	0.392
107425	0.372
107475	0.444
107525	0.460
107575	0.488
107625	0.476
107675	0.492
107725	0.472
107775	0.460
107825	0.428
107875	0.400
107925	0.380
107975	0.372
108025	0.364
108075	0.384
108125	0.416
108175	0.400
108225	0.384
108275	0.360
108325	0.368
108375	0.372
108425	0.396
108475	0.432
108525	0.468
108575	0.504
108625	0.512
108675	0.500
108725	0.452
108775	0.448
108825	0.408
108875	0.400
108925	0.408
108975	0.456
109025	0.460
109075	0.480
109125	0.488
109175	0.508
109225	0.480
109275	0.464
109325	0.452
109375	0.424
109425	0.428
109475	0.448
109525	0.488
109575	0.492
109625	0.500
109675	0.508
109725	0.520
109775	0.504
109825	0.508
109875	0.524
109925	0.492
109975	0.484
110025	0.476
110075	0.452
110125	0.448
110175	0.460
110225	0.460
110275	0.472
110325	0.488
110375	0.500
110425	0.500
110475	0.488
110525	0.496
110575	0.496
110625	0.480
110675	0.496
110725	0.516
110775	0.496
110825	0.524
110875	0.528
110925	0.516
110975	0.516
111025	0.512
111075	0.496
111125	0.456
111175	0.452
111225	0.440
111275	0.408
111325	0.400
111375	0.432
111425	0.432
111475	0.408
111525	0.456
111575	0.440
111625	0.460
111675	0.492
111725	0.500
111775	0.480
111825	0.520
111875	0.520
111925	0.504
111975	0.520
112025	0.528
112075	0.488
112125	0.472
112175	0.476
112225	0.468
112275	0.488
112325	0.528
112375	0.556
112425	0.540
112475	0.560
112525	0.536
112575	0.512
112625	0.488
112675	0.488
112725	0.500
112775	0.524
112825	0.552
112875	0.524
112925	0.496
112975	0.480
113025	0.476
113075	0.476
113125	0.488
113175	0.492
113225	0.484
113275	0.476
113325	0.468
113375	0.516
113425	0.544
113475	0.544
113525	0.552
113575	0.556
113625	0.540
113675	0.548
113725	0.548
113775	0.508
113825	0.476
113875	0.456
113925	0.448
113975	0.424
114025	0.464
114075	0.484
114125	0.500
114175	0.504
114225	0.536
114275	0.532
114325	0.504
114375	0.488
114425	0.500
114475	0.504
114525	0.496
114575	0.500
114625	0.512
114675	0.484
114725	0.460
114775	0.448
114825	0.448
114875	0.408
114925	0.436
114975	0.448
115025	0.452
115075	0.468
115125	0.500
115175	0.484
115225	0.464
115275	0.456
115325	0.460
115375	0.448
115425	0.456
115475	0.456
115525	0.464
115575	0.424
115625	0.412
115675	0.396
115725	0.420
115775	0.440
115825	0.444
115875	0.452
115925	0.464
115975	0.444
116025	0.396
116075	0.420
116125	0.424
116175	0.420
116225	0.428
116275	0.428
116325	0.420
116375	0.416
116425	0.392
116475	0.384
116525	0.424
116575	0.408
116625	0.412
116675	0.436
116725	0.436
116775	0.416
116825	0.432
116875	0.464
116925	0.464
116975	0.480
117025	0.512
117075	0.544
117125	0.520
117175	0.516
117225	0.512
117275	0.504
117325	0.496
117375	0.496
117425	0.492
117475	0.492
117525	0.456
117575	0.436
117625	0.444
117675	0.452
117725	0.464
117775	0.500
117825	0.516
117875	0.500
117925	0.496
117975	0.456
118025	0.436
118075	0.424
118125	0.432
118175	0.432
118225	0.440
118275	0.436
118325	0.468
118375	0.472
118425	0.452
118475	0.428
118525	0.412
118575	0.368
118625	0.364
118675	0.384
118725	0.424
118775	0.484
118825	0.484
118875	0.484
118925	0.496
118975	0.504
119025	0.456
119075	0.460
119125	0.460
119175	0.456
119225	0.436
119275	0.448
119325	0.464
119375	0.480
119425	0.504
119475	0.532
119525	0.532
119575	0.500
119625	0.496
119675	0.472
119725	0.460
119775	0.480
119825	0.492
119875	0.484
119925	0.488
119975	0.488
120025	0.460
120075	0.440
120125	0.412
120175	0.400
120225	0.404
120275	0.424
120325	0.460
120375	0.488
120425	0.500
120475	0.492
120525	0.472
120575	0.496
120625	0.500
120675	0.504
120725	0.532
120775	0.520
120825	0.500
120875	0.476
120925	0.464
120975	0.456
121025	0.484
121075	0.476
121125	0.492
121175	0.504
121225	0.500
121275	0.492
121325	0.476
121375	0.452
121425	0.416
121475	0.400
121525	0.432
121575	0.460
121625	0.480
121675	0.472
121725	0.468
121775	0.444
121825	0.440
121875	0.460
121925	0.480
121975	0.492
122025	0.484
122075	0.460
122125	0.412
122175	0.416
122225	0.396
122275	0.388
122325	0.384
122375	0.384
122425	0.368
122475	0.400
122525	0.412
122575	0.412
122625	0.440
122675	0.444
122725	0.420
122775	0.436
122825	0.480
122875	0.512
122925	0.548
122975	0.544
123025	0.552
123075	0.548
123125	0.536
123175	0.508
123225	0.520
123275	0.508
123325	0.508
123375	0.492
123425	0.528
123475	0.536
123525	0.540
123575	0.524
123625	0.504
123675	0.488
123725	0.460
123775	0.428
123825	0.420
123875	0.436
123925	0.460
123975	0.476
124025	0.500
124075	0.528
124125	0.576
124175	0.556
124225	0.560
124275	0.560
124325	0.532
124375	0.492
124425	0.460
124475	0.436
124525	0.444
124575	0.440
124625	0.452
124675	0.460
124725	0.504
124775	0.476
124825	0.472
124875	0.436
124925	0.412
124975	0.348
125025	0.356
125075	0.336
125125	0.364
125175	0.384
125225	0.412
125275	0.424
125325	0.448
125375	0.444
125425	0.444
125475	0.456
125525	0.440
125575	0.432
125625	0.428
125675	0.432
125725	0.440
125775	0.444
125825	0.468
125875	0.472
125925	0.480
125975	0.484
126025	0.456
126075	0.464
126125	0.452
126175	0.448
126225	0.432
126275	0.452
126325	0.432
126375	0.424
126425	0.424
126475	0.460
126525	0.476
126575	0.460
126625	0.460
126675	0.456
126725	0.428
126775	0.440
126825	0.488
126875	0.496
126925	0.512
126975	0.520
127025	0.520
127075	0.488
127125	0.496
127175	0.532
127225	0.524
127275	0.504
127325	0.508
127375	0.508
127425	0.472
127475	0.480
127525	0.512
127575	0.492
127625	0.488
127675	0.492
127725	0.464
127775	0.456
127825	0.472
127875	0.456
127925	0.424
127975	0.428
128025	0.388
128075	0.392
128125	0.380
128175	0.412
128225	0.416
128275	0.456
128325	0.452
128375	0.464
128425	0.436
128475	0.452
128525	0.452
128575	0.484
128625	0.512
128675	0.532
128725	0.520
128775	0.492
128825	0.476
128875	0.468
128925	0.460
128975	0.480
129025	0.488
129075	0.484
129125	0.468
129175	0.480
129225	0.464
129275	0.480
129325	0.480
129375	0.492
129425	0.468
129475	0.472
129525	0.468
129575	0.460
129625	0.444
129675	0.484
129725	0.484
129775	0.476
129825	0.472
129875	0.480
129925	0.456
129975	0.440
130025	0.448
130075	0.444
130125	0.476
130175	0.448
130225	0.480
130275	0.456
130325	0.472
130375	0.472
130425	0.500
130475	0.456
130525	0.496
130575	0.492
130625	0.484
130675	0.492
130725	0.548
130775	0.524
130825	0.520
130875	0.488
130925	0.464
130975	0.436
131025	0.448
131075	0.436
131125	0.424
131175	0.424
131225	0.444
131275	0.420
131325	0.412
131375	0.440
131425	0.480
131475	0.452
131525	0.436
131575	0.480
131625	0.456
131675	0.416
131725	0.408
131775	0.424
131825	0.384
131875	0.416
131925	0.432
131975	0.452
132025	0.452
132075	0.452
132125	0.440
132175	0.416
132225	0.396
132275	0.396
132325	0.392
132375	0.384
132425	0.396
132475	0.416
132525	0.400
132575	0.424
132625	0.456
132675	0.464
132725	0.468
132775	0.492
132825	0.504
132875	0.472
132925	0.484
132975	0.448
133025	0.440
133075	0.424
133125	0.456
133175	0.452
133225	0.476
133275	0.488
133325	0.496
133375	0.472
133425	0.464
133475	0.468
133525	0.488
133575	0.492
133625	0.512
133675	0.544
133725	0.560
133775	0.568
133825	0.572
133875	0.596
133925	0.564
133975	0.528
134025	0.492
134075	0.452
134125	0.384
134175	0.412
134225	0.428
134275	0.432
134325	0.464
134375	0.492
134425	0.428
134475	0.416
134525	0.424
134575	0.380
134625	0.348
134675	0.376
134725	0.416
134775	0.428
134825	0.480
134875	0.552
134925	0.572
134975	0.556
135025	0.544
135075	0.528
135125	0.504
135175	0.492
135225	0.496
135275	0.504
135325	0.516
135375	0.520
135425	0.536
135475	0.520
135525	0.520
135575	0.520
135625	0.524
135675	0.528
135725	0.548
135775	0.556
135825	0.560
135875	0.540
135925	0.544
135975	0.524
136025	0.508
136075	0.496
136125	0.504
136175	0.508
136225	0.512
136275	0.512
136325	0.496
136375	0.500
136425	0.512
136475	0.508
136525	0.524
136575	0.548
136625	0.564
136675	0.552
136725	0.560
136775	0.560
136825	0.572
136875	0.540
136925	0.492
136975	0.496
137025	0.500
137075	0.472
137125	0.460
137175	0.484
137225	0.448
137275	0.436
137325	0.452
137375	0.480
137425	0.476
137475	0.512
137525	0.468
137575	0.468
137625	0.448
137675	0.460
137725	0.464
137775	0.488
137825	0.496
137875	0.520
137925	0.524
137975	0.508
138025	0.516
138075	0.516
138125	0.496
138175	0.484
138225	0.484
138275	0.476
138325	0.468
138375	0.480
138425	0.488
138475	0.504
138525	0.520
138575	0.504
138625	0.492
138675	0.500
138725	0.472
138775	0.468
138825	0.464
138875	0.456
138925	0.476
138975	0.504
139025	0.524
139075	0.552
139125	0.588
139175	0.548
139225	0.568
139275	0.568
139325	0.564
139375	0.520
139425	0.552
139475	0.524
139525	0.484
139575	0.480
139625	0.512
139675	0.512
139725	0.516
139775	0.544
139825	0.544
139875	0.536
139925	0.484
139975	0.500
140025	0.496
140075	0.504
140125	0.516
140175	0.552
140225	0.532
140275	0.544
140325	0.560
140375	0.548
140425	0.560
140475	0.564
140525	0.532
140575	0.472
140625	0.460
140675	0.436
140725	0.420
140775	0.420
140825	0.428
140875	0.436
140925	0.440
140975	0.456
141025	0.456
141075	0.468
141125	0.456
141175	0.468
141225	0.456
141275	0.472
141325	0.472
141375	0.472
141425	0.484
141475	0.472
141525	0.460
141575	0.480
141625	0.500
141675	0.472
141725	0.468
141775	0.500
141825	0.480
141875	0.492
141925	0.484
141975	0.512
142025	0.468
142075	0.500
142125	0.508
142175	0.524
142225	0.520
142275	0.560
142325	0.544
142375	0.520
142425	0.524
142475	0.524
142525	0.492
142575	0.484
142625	0.508
142675	0.492
142725	0.492
142775	0.516
142825	0.508
142875	0.496
142925	0.516
142975	0.500
143025	0.488
143075	0.488
143125	0.452
143175	0.416
143225	0.396
143275	0.396
143325	0.368
143375	0.352
143425	0.356
143475	0.376
143525	0.352
143575	0.392
143625	0.444
143675	0.488
143725	0.480
143775	0.512
143825	0.516
143875	0.484
143925	0.436
143975	0.448
144025	0.448
144075	0.424
144125	0.428
144175	0.440
144225	0.440
144275	0.412
144325	0.436
144375	0.492
144425	0.528
144475	0.540
144525	0.560
144575	0.548
144625	0.492
144675	0.468
144725	0.476
144775	0.464
144825	0.436
144875	0.440
144925	0.432
144975	0.424
145025	0.452
145075	0.496
145125	0.500
145175	0.536
145225	0.536
145275	0.528
145325	0.524
145375	0.552
145425	0.520
145475	0.516
145525	0.508
145575	0.492
145625	0.468
145675	0.480
145725	0.492
145775	0.488
145825	0.504
145875	0.488
145925	0.484
145975	0.472
146025	0.484
146075	0.476
146125	0.504
146175	0.524
146225	0.496
146275	0.496
146325	0.500
146375	0.496
146425	0.500
146475	0.500
146525	0.500
146575	0.508
146625	0.520
146675	0.500
146725	0.552
146775	0.564
146825	0.580
146875	0.592
146925	0.620
146975	0.612
147025	0.612
147075	0.600
147125	0.584
147175	0.560
147225	0.548
147275	0.552
147325	0.540
147375	0.540
147425	0.548
147475	0.560
147525	0.548
147575	0.560
147625	0.560
147675	0.544
147725	0.540
147775	0.548
147825	0.532
147875	0.532
147925	0.528
147975	0.500
148025	0.432
148075	0.412
148125	0.388
148175	0.388
148225	0.388
148275	0.416
148325	0.420
148375	0.396
148425	0.392
148475	0.396
148525	0.384
148575	0.372
148625	0.384
148675	0.408
148725	0.424
148775	0.432
148825	0.452
148875	0.480
148925	0.440
148975	0.440
149025	0.468
149075	0.464
149125	0.468
149175	0.484
149225	0.492
149275	0.500
149325	0.516
149375	0.512
149425	0.508
149475	0.496
149525	0.484
149575	0.456
149625	0.460
149675	0.456
149725	0.416
149775	0.412
149825	0.412
149875	0.388
149925	0.384
149975	0.396
150025	0.436
150075	0.488
150125	0.496
150175	0.476
150225	0.484
150275	0.448
150325	0.424
150375	0.440
150425	0.488
150475	0.480
150525	0.492
150575	0.504
150625	0.504
150675	0.480
150725	0.492
150775	0.476
150825	0.448
150875	0.424
150925	0.408
150975	0.404
151025	0.408
151075	0.412
151125	0.440
151175	0.480
151225	0.512
151275	0.492
151325	0.500
151375	0.500
151425	0.500
151475	0.484
151525	0.504
151575	0.496
151625	0.460
151675	0.460
151725	0.456
151775	0.444
151825	0.456
151875	0.484
151925	0.468
151975	0.472
152025	0.468
152075	0.476
152125	0.472
152175	0.460
152225	0.428
152275	0.432
152325	0.384
152375	0.388
152425	0.404
152475	0.440
152525	0.460
152575	0.512
152625	0.504
152675	0.496
152725	0.512
152775	0.536
152825	0.512
152875	0.504
152925	0.504
152975	0.492
153025	0.448
153075	0.460
153125	0.460
153175	0.472
153225	0.460
153275	0.444
153325	0.428
153375	0.432
153425	0.424
153475	0.408
153525	0.448
153575	0.448
153625	0.448
153675	0.436
153725	0.452
153775	0.464
153825	0.480
153875	0.460
153925	0.488
153975	0.480
154025	0.460
154075	0.456
154125	0.488
154175	0.484
154225	0.520
154275	0.520
154325	0.524
154375	0.500
154425	0.484
154475	0.444
154525	0.416
154575	0.396
154625	0.384
154675	0.368
154725	0.356
154775	0.356
154825	0.380
154875	0.400
154925	0.432
154975	0.452
155025	0.488
155075	0.460
155125	0.452
155175	0.460
155225	0.496
155275	0.492
155325	0.500
155375	0.532
155425	0.512
155475	0.488
155525	0.452
155575	0.468
155625	0.432
155675	0.412
155725	0.384
155775	0.400
155825	0.384
155875	0.416
155925	0.436
155975	0.468
156025	0.476
156075	0.476
156125	0.420
156175	0.428
156225	0.432
156275	0.416
156325	0.436
156375	0.468
156425	0.456
156475	0.452
156525	0.464
156575	0.464
156625	0.476
156675	0.476
156725	0.496
156775	0.504
156825	0.480
156875	0.464
156925	0.452
156975	0.456
157025	0.432
157075	0.420
157125	0.456
157175	0.496
157225	0.456
157275	0.488
157325	0.528
157375	0.496
157425	0.456
157475	0.472
157525	0.472
157575	0.432
157625	0.460
157675	0.472
157725	0.440
157775	0.444
157825	0.456
157875	0.444
157925	0.456
157975	0.480
158025	0.476
158075	0.496
158125	0.496
158175	0.492
158225	0.496
158275	0.496
158325	0.484
158375	0.484
158425	0.464
158475	0.460
158525	0.452
158575	0.456
158625	0.468
158675	0.488
158725	0.500
158775	0.524
158825	0.516
158875	0.504
158925	0.516
158975	0.540
159025	0.520
159075	0.524
159125	0.520
159175	0.508
159225	0.496
159275	0.512
159325	0.512
159375	0.516
159425	0.496
159475	0.468
159525	0.476
159575	0.488
159625	0.472
159675	0.508
159725	0.512
159775	0.476
159825	0.472
159875	0.480
159925	0.468
159975	0.488
160025	0.500
160075	0.520
160125	0.528
160175	0.536
160225	0.532
160275	0.556
160325	0.532
160375	0.520
160425	0.492
160475	0.484
160525	0.484
160575	0.468
160625	0.476
160675	0.504
160725	0.492
160775	0.488
160825	0.512
160875	0.520
160925	0.540
160975	0.548
161025	0.548
161075	0.540
161125	0.524
161175	0.472
161225	0.484
161275	0.460
161325	0.472
161375	0.480
161425	0.500
161475	0.484
161525	0.488
161575	0.468
161625	0.424
161675	0.416
161725	0.404
161775	0.392
161825	0.384
161875	0.424
161925	0.444
161975	0.464
162025	0.476
162075	0.472
162125	0.492
162175	0.492
162225	0.480
162275	0.464
162325	0.472
162375	0.468
162425	0.484
162475	0.468
162525	0.472
162575	0.496
162625	0.512
162675	0.532
162725	0.560
162775	0.560
162825	0.520
162875	0.480
162925	0.400
162975	0.384
163025	0.384
163075	0.412
163125	0.436
163175	0.488
163225	0.516
163275	0.532
163325	0.552
163375	0.536
163425	0.524
163475	0.508
163525	0.520
163575	0.512
163625	0.508
163675	0.492
163725	0.496
163775	0.464
163825	0.444
163875	0.452
163925	0.476
163975	0.456
164025	0.460
164075	0.444
164125	0.416
164175	0.396
164225	0.396
164275	0.404
164325	0.420
164375	0.424
164425	0.428
164475	0.432
164525	0.416
164575	0.396
164625	0.412
164675	0.412
164725	0.428
164775	0.420
164825	0.456
164875	0.460
164925	0.436
164975	0.400
165025	0.404
165075	0.344
165125	0.356
165175	0.376
165225	0.412
165275	0.420
165325	0.460
165375	0.440
165425	0.444
165475	0.432
165525	0.456
165575	0.456
165625	0.452
165675	0.448
165725	0.456
165775	0.448
165825	0.472
165875	0.488
165925	0.460
165975	0.452
166025	0.480
166075	0.484
166125	0.488
166175	0.520
166225	0.524
166275	0.488
166325	0.476
166375	0.464
166425	0.456
166475	0.480
166525	0.492
166575	0.488
166625	0.500
166675	0.532
166725	0.496
166775	0.508
166825	0.520
166875	0.532
166925	0.496
166975	0.504
167025	0.476
167075	0.456
167125	0.428
167175	0.444
167225	0.460
167275	0.460
167325	0.436
167375	0.452
167425	0.480
167475	0.456
167525	0.464
167575	0.492
167625	0.464
167675	0.412
167725	0.416
167775	0.428
167825	0.452
167875	0.476
167925	0.500
167975	0.500
168025	0.476
168075	0.440
168125	0.420
168175	0.432
168225	0.456
168275	0.468
168325	0.500
168375	0.508
168425	0.488
168475	0.460
168525	0.456
168575	0.436
168625	0.432
168675	0.412
168725	0.448
168775	0.448
168825	0.452
168875	0.488
168925	0.524
168975	0.500
169025	0.480
169075	0.488
169125	0.480
169175	0.468
169225	0.500
169275	0.540
169325	0.544
169375	0.496
169425	0.508
169475	0.500
169525	0.476
169575	0.452
169625	0.496
169675	0.500
169725	0.488
169775	0.512
169825	0.556
169875	0.572
169925	0.568
169975	0.556
170025	0.564
170075	0.544
170125	0.496
170175	0.488
170225	0.496
170275	0.476
170325	0.472
170375	0.500
170425	0.492
170475	0.504
170525	0.532
170575	0.520
170625	0.532
170675	0.544
170725	0.540
170775	0.508
170825	0.528
170875	0.520
170925	0.536
170975	0.544
171025	0.552
171075	0.564
171125	0.568
171175	0.564
171225	0.564
171275	0.576
171325	0.568
171375	0.584
171425	0.548
171475	0.532
171525	0.492
171575	0.480
171625	0.444
171675	0.432
171725	0.408
171775	0.428
171825	0.456
171875	0.460
171925	0.480
171975	0.524
172025	0.532
172075	0.508
172125	0.528
172175	0.552
172225	0.540
172275	0.552
172325	0.560
172375	0.552
172425	0.524
172475	0.528
172525	0.520
172575	0.500
172625	0.512
172675	0.532
172725	0.524
172775	0.504
172825	0.496
172875	0.484
172925	0.484
172975	0.456
173025	0.484
173075	0.500
173125	0.524
173175	0.520
173225	0.532
173275	0.524
173325	0.552
173375	0.520
173425	0.528
173475	0.528
173525	0.520
173575	0.500
173625	0.504
173675	0.508
173725	0.512
173775	0.548
173825	0.576
173875	0.580
173925	0.556
173975	0.548
174025	0.528
174075	0.480
174125	0.492
174175	0.508
174225	0.556
174275	0.552
174325	0.552
174375	0.512
174425	0.500
174475	0.476
174525	0.460
174575	0.484
174625	0.496
174675	0.492
174725	0.504
174775	0.496
174825	0.464
174875	0.452
174925	0.464
174975	0.424
175025	0.388
175075	0.384
175125	0.388
175175	0.376
175225	0.412
175275	0.472
175325	0.504
175375	0.528
175425	0.536
175475	0.540
175525	0.496
175575	0.496
175625	0.508
175675	0.524
175725	0.524
175775	0.580
175825	0.580
175875	0.592
175925	0.612
175975	0.608
176025	0.556
176075	0.548
176125	0.540
176175	0.508
176225	0.488
176275	0.532
176325	0.536
176375	0.468
176425	0.432
176475	0.412
176525	0.384
176575	0.360
176625	0.400
176675	0.448
176725	0.472
176775	0.476
176825	0.504
176875	0.496
176925	0.480
176975	0.448
177025	0.464
177075	0.456
177125	0.456
177175	0.444
177225	0.432
177275	0.424
177325	0.416
177375	0.380
177425	0.396
177475	0.444
177525	0.432
177575	0.424
177625	0.460
177675	0.452
177725	0.488
177775	0.492
177825	0.476
177875	0.452
177925	0.452
177975	0.424
178025	0.452
178075	0.516
178125	0.564
178175	0.568
178225	0.568
178275	0.580
178325	0.564
178375	0.568
178425	0.572
178475	0.564
178525	0.544
178575	0.520
178625	0.508
178675	0.520
178725	0.508
178775	0.484
178825	0.492
178875	0.500
178925	0.480
178975	0.492
179025	0.500
179075	0.516
179125	0.480
179175	0.476
179225	0.476
179275	0.460
179325	0.428
179375	0.452
179425	0.456
179475	0.456
179525	0.472
179575	0.468
179625	0.452
179675	0.460
179725	0.456
179775	0.440
179825	0.468
179875	0.512
179925	0.520
179975	0.536
180025	0.588
180075	0.588
180125	0.548
180175	0.540
180225	0.544
180275	0.528
180325	0.512
180375	0.512
180425	0.504
180475	0.504
180525	0.492
180575	0.508
180625	0.512
180675	0.508
180725	0.476
180775	0.460
180825	0.420
180875	0.436
180925	0.452
180975	0.464
181025	0.480
181075	0.508
181125	0.488
181175	0.488
181225	0.456
181275	0.452
181325	0.468
181375	0.492
181425	0.492
181475	0.528
181525	0.560
181575	0.544
181625	0.552
181675	0.568
181725	0.568
181775	0.548
181825	0.544
181875	0.504
181925	0.440
181975	0.400
182025	0.384
182075	0.364
182125	0.352
182175	0.388
182225	0.408
182275	0.392
182325	0.424
182375	0.460
182425	0.468
182475	0.476
182525	0.492
182575	0.476
182625	0.472
182675	0.468
182725	0.476
182775	0.504
182825	0.512
182875	0.524
182925	0.520
182975	0.520
183025	0.520
183075	0.540
183125	0.540
183175	0.528
183225	0.532
183275	0.528
183325	0.528
183375	0.540
183425	0.572
183475	0.560
183525	0.524
183575	0.496
183625	0.468
183675	0.460
183725	0.472
183775	0.488
183825	0.500
183875	0.500
183925	0.468
183975	0.448
184025	0.436
184075	0.428
184125	0.416
184175	0.440
184225	0.472
184275	0.460
184325	0.432
184375	0.424
184425	0.416
184475	0.384
184525	0.368
184575	0.420
184625	0.452
184675	0.440
184725	0.448
184775	0.492
184825	0.476
184875	0.476
184925	0.496
184975	0.520
185025	0.516
185075	0.524
185125	0.508
185175	0.516
185225	0.504
185275	0.528
185325	0.516
185375	0.508
185425	0.480
185475	0.464
185525	0.452
185575	0.468
185625	0.488
185675	0.508
185725	0.492
185775	0.464
185825	0.484
185875	0.484
185925	0.456
185975	0.476
186025	0.488
186075	0.476
186125	0.472
186175	0.516
186225	0.532
186275	0.524
186325	0.508
186375	0.496
186425	0.464
186475	0.456
186525	0.464
186575	0.444
186625	0.472
186675	0.488
186725	0.484
186775	0.472
186825	0.496
186875	0.496
186925	0.500
186975	0.504
187025	0.524
187075	0.520
187125	0.488
187175	0.484
187225	0.500
187275	0.480
187325	0.464
187375	0.512
187425	0.528
187475	0.488
187525	0.492
187575	0.496
187625	0.468
187675	0.456
187725	0.476
187775	0.496
187825	0.524
187875	0.528
187925	0.536
187975	0.536
188025	0.532
188075	0.492
188125	0.480
188175	0.460
188225	0.476
188275	0.484
188325	0.508
188375	0.512
188425	0.568
188475	0.556
188525	0.548
188575	0.568
188625	0.584
188675	0.552
188725	0.568
188775	0.556
188825	0.524
188875	0.496
188925	0.488
188975	0.500
189025	0.508
189075	0.532
189125	0.572
189175	0.560
189225	0.560
189275	0.572
189325	0.568
189375	0.552
189425	0.592
189475	0.596
189525	0.604
189575	0.608
189625	0.600
189675	0.592
189725	0.584
189775	0.544
189825	0.524
189875	0.512
189925	0.500
189975	0.492
190025	0.548
190075	0.556
190125	0.560
190175	0.544
190225	0.516
190275	0.480
190325	0.456
190375	0.460
190425	0.476
190475	0.488
190525	0.496
190575	0.516
190625	0.524
190675	0.496
190725	0.524
190775	0.512
190825	0.524
190875	0.496
190925	0.492
190975	0.464
191025	0.444
191075	0.432
191125	0.444
191175	0.424
191225	0.416
191275	0.408
191325	0.412
191375	0.428
191425	0.496
191475	0.488
191525	0.492
191575	0.472
191625	0.448
191675	0.404
191725	0.412
191775	0.428
191825	0.464
191875	0.472
191925	0.444
191975	0.424
192025	0.440
192075	0.420
192125	0.440
192175	0.476
192225	0.500
192275	0.492
192325	0.480
192375	0.464
192425	0.468
192475	0.452
192525	0.444
192575	0.444
192625	0.440
192675	0.424
192725	0.400
192775	0.408
192825	0.424
192875	0.428
192925	0.452
192975	0.508
193025	0.520
193075	0.520
193125	0.548
193175	0.556
193225	0.552
193275	0.564
193325	0.572
193375	0.580
193425	0.584
193475	0.584
193525	0.552
193575	0.540
193625	0.508
193675	0.476
193725	0.500
193775	0.540
193825	0.544
193875	0.560
193925	0.584
193975	0.536
194025	0.504
194075	0.460
194125	0.424
194175	0.400
194225	0.380
194275	0.360
194325	0.392
194375	0.408
194425	0.436
194475	0.476
194525	0.488
194575	0.500
194625	0.496
194675	0.476
194725	0.476
194775	0.472
194825	0.488
194875	0.492
194925	0.496
194975	0.472
195025	0.484
195075	0.480
195125	0.496
195175	0.508
195225	0.532
195275	0.520
195325	0.500
195375	0.496
195425	0.480
195475	0.472
195525	0.480
195575	0.492
195625	0.476
195675	0.492
195725	0.504
195775	0.504
195825	0.496
195875	0.512
195925	0.492
195975	0.488
196025	0.512
196075	0.536
196125	0.532
196175	0.528
196225	0.516
196275	0.520
196325	0.512
196375	0.520
196425	0.524
196475	0.520
196525	0.496
196575	0.464
196625	0.420
196675	0.452
196725	0.472
196775	0.492
196825	0.504
196875	0.536
196925	0.516
196975	0.504
197025	0.508
197075	0.508
197125	0.512
197175	0.520
197225	0.528
197275	0.500
197325	0.508
197375	0.512
197425	0.520
197475	0.504
197525	0.516
197575	0.516
197625	0.500
197675	0.460
197725	0.468
197775	0.436
197825	0.408
197875	0.396
197925	0.380
197975	0.380
198025	0.384
198075	0.424
198125	0.460
198175	0.476
198225	0.504
198275	0.536
198325	0.532
198375	0.524
198425	0.556
198475	0.556
198525	0.560
198575	0.516
198625	0.520
198675	0.548
198725	0.500
198775	0.484
198825	0.516
198875	0.520
198925	0.484
198975	0.484
199025	0.480
199075	0.488
199125	0.500
199175	0.492
199225	0.508
199275	0.500
199325	0.480
199375	0.436
199425	0.440
199475	0.456
199525	0.468
199575	0.484
199625	0.468
199675	0.472
199725	0.452
199775	0.472
199825	0.484
199875	0.524
199925	0.492
199975	0.496
200025	0.472
200075	0.468
200125	0.444
200175	0.472
200225	0.472
200275	0.464
200325	0.460
200375	0.480
200425	0.476
200475	0.492
200525	0.512
200575	0.504
200625	0.508
200675	0.520
200725	0.504
200775	0.516
200825	0.508
200875	0.508
200925	0.512
200975	0.500
201025	0.436
201075	0.432
201125	0.412
201175	0.396
201225	0.400
201275	0.440
201325	0.444
201375	0.448
201425	0.460
201475	0.492
201525	0.496
201575	0.508
201625	0.508
201675	0.504
201725	0.472
201775	0.464
201825	0.464
201875	0.468
201925	0.464
201975	0.480
202025	0.512
202075	0.524
202125	0.556
202175	0.568
202225	0.556
202275	0.544
202325	0.532
202375	0.524
202425	0.512
202475	0.496
202525	0.488
202575	0.476
202625	0.464
202675	0.460
202725	0.488
202775	0.488
202825	0.516
202875	0.492
202925	0.484
202975	0.480
203025	0.492
203075	0.460
203125	0.444
203175	0.444
203225	0.428
203275	0.404
203325	0.416
203375	0.436
203425	0.448
203475	0.468
203525	0.456
203575	0.432
203625	0.468
203675	0.476
203725	0.460
203775	0.448
203825	0.456
203875	0.424
203925	0.412
203975	0.408
204025	0.424
204075	0.416
204125	0.420
204175	0.384
204225	0.360
204275	0.372
204325	0.368
204375	0.368
204425	0.408
204475	0.448
204525	0.428
204575	0.460
204625	0.456
204675	0.436
204725	0.428
204775	0.452
204825	0.468
204875	0.472
204925	0.524
204975	0.524
205025	0.524
205075	0.500
205125	0.496
205175	0.460
205225	0.468
205275	0.464
205325	0.480
205375	0.508
205425	0.508
205475	0.504
205525	0.488
205575	0.460
205625	0.452
205675	0.464
205725	0.468
205775	0.492
205825	0.512
205875	0.516
205925	0.520
205975	0.512
206025	0.480
206075	0.440
206125	0.408
206175	0.404
206225	0.412
206275	0.432
206325	0.484
206375	0.520
206425	0.540
206475	0.540
206525	0.524
206575	0.508
206625	0.468
206675	0.424
206725	0.392
206775	0.392
206825	0.372
206875	0.432
206925	0.464
206975	0.536
207025	0.588
207075	0.612
207125	0.596
207175	0.604
207225	0.596
207275	0.588
207325	0.612
207375	0.608
207425	0.592
207475	0.584
207525	0.560
207575	0.500
207625	0.432
207675	0.416
207725	0.360
207775	0.360
207825	0.392
207875	0.420
207925	0.428
207975	0.448
208025	0.424
208075	0.432
208125	0.456
208175	0.464
208225	0.468
208275	0.496
208325	0.484
208375	0.516
208425	0.484
208475	0.480
208525	0.452
208575	0.460
208625	0.420
208675	0.460
208725	0.460
208775	0.484
208825	0.460
208875	0.468
208925	0.448
208975	0.464
209025	0.460
209075	0.468
209125	0.472
209175	0.464
209225	0.448
209275	0.472
209325	0.492
209375	0.488
209425	0.500
209475	0.500
209525	0.476
209575	0.452
209625	0.404
209675	0.384
209725	0.384
209775	0.392
209825	0.400
209875	0.412
209925	0.432
209975	0.448
210025	0.432
210075	0.396
210125	0.444
210175	0.432
210225	0.432
210275	0.444
210325	0.484
210375	0.484
210425	0.512
210475	0.516
210525	0.520
210575	0.520
210625	0.520
210675	0.516
210725	0.528
210775	0.548
210825	0.572
210875	0.572
210925	0.564
210975	0.544
211025	0.536
211075	0.516
211125	0.488
211175	0.500
211225	0.540
211275	0.532
211325	0.540
211375	0.568
211425	0.576
211475	0.516
211525	0.496
211575	0.444
211625	0.444
211675	0.440
211725	0.500
211775	0.552
211825	0.616
211875	0.620
211925	0.604
211975	0.580
212025	0.540
212075	0.524
212125	0.500
212175	0.500
212225	0.492
212275	0.496
212325	0.484
212375	0.492
212425	0.488
212475	0.496
212525	0.500
212575	0.532
212625	0.536
212675	0.528
212725	0.512
212775	0.504
212825	0.460
212875	0.456
212925	0.488
212975	0.488
213025	0.516
213075	0.520
213125	0.528
213175	0.524
213225	0.532
213275	0.520
213325	0.536
213375	0.496
213425	0.464
213475	0.424
213525	0.420
213575	0.384
213625	0.400
213675	0.424
213725	0.444
213775	0.416
213825	0.444
213875	0.472
213925	0.432
213975	0.420
214025	0.468
214075	0.464
214125	0.440
214175	0.484
214225	0.536
214275	0.528
214325	0.548
214375	0.588
214425	0.580
214475	0.548
214525	0.552
214575	0.568
214625	0.556
214675	0.552
214725	0.560
214775	0.544
214825	0.520
214875	0.496
214925	0.500
214975	0.496
215025	0.472
215075	0.452
215125	0.448
215175	0.416
215225	0.392
215275	0.424
215325	0.444
215375	0.448
215425	0.476
215475	0.484
215525	0.464
215575	0.460
215625	0.452
215675	0.460
215725	0.500
215775	0.520
215825	0.536
215875	0.532
215925	0.544
215975	0.524
216025	0.544
216075	0.528
216125	0.560
216175	0.548
216225	0.588
216275	0.576
216325	0.592
216375	0.592
216425	0.604
216475	0.552
216525	0.552
216575	0.556
216625	0.560
216675	0.552
216725	0.548
216775	0.492
216825	0.480
216875	0.452
216925	0.440
216975	0.492
217025	0.516
217075	0.504
217125	0.512
217175	0.508
217225	0.464
217275	0.480
217325	0.484
217375	0.512
217425	0.528
217475	0.540
217525	0.516
217575	0.492
217625	0.460
217675	0.416
217725	0.408
217775	0.400
217825	0.392
217875	0.380
217925	0.376
217975	0.348
218025	0.360
218075	0.396
218125	0.400
218175	0.424
218225	0.452
218275	0.448
218325	0.420
218375	0.436
218425	0.420
218475	0.388
218525	0.384
218575	0.388
218625	0.388
218675	0.408
218725	0.412
218775	0.404
218825	0.416
218875	0.416
218925	0.432
218975	0.436
219025	0.460
219075	0.492
219125	0.456
219175	0.452
219225	0.480
219275	0.516
219325	0.472
219375	0.488
219425	0.492
219475	0.480
219525	0.480
219575	0.508
219625	0.524
219675	0.532
219725	0.552
219775	0.564
219825	0.560
219875	0.576
219925	0.568
219975	0.556
220025	0.520
220075	0.520
220125	0.528
220175	0.508
220225	0.484
220275	0.460
220325	0.428
220375	0.428
220425	0.452
220475	0.456
220525	0.496
220575	0.536
220625	0.548
220675	0.556
220725	0.616
220775	0.624
220825	0.636
220875	0.612
220925	0.572
220975	0.520
221025	0.516
221075	0.528
221125	0.528
221175	0.552
221225	0.588
221275	0.580
221325	0.556
221375	0.560
221425	0.520
221475	0.468
221525	0.432
221575	0.412
221625	0.376
221675	0.400
221725	0.432
221775	0.428
221825	0.444
221875	0.440
221925	0.424
221975	0.428
222025	0.420
222075	0.416
222125	0.420
222175	0.444
222225	0.444
222275	0.484
222325	0.472
222375	0.480
222425	0.500
222475	0.476
222525	0.456
222575	0.452
222625	0.468
222675	0.432
222725	0.448
222775	0.448
222825	0.468
222875	0.472
222925	0.496
222975	0.496
223025	0.516
223075	0.516
223125	0.488
223175	0.468
223225	0.464
223275	0.460
223325	0.432
223375	0.444
223425	0.452
223475	0.444
223525	0.424
223575	0.440
223625	0.448
223675	0.444
223725	0.436
223775	0.452
223825	0.464
223875	0.476
223925	0.488
223975	0.524
224025	0.528
224075	0.556
224125	0.552
224175	0.544
224225	0.540
224275	0.536
224325	0.500
224375	0.492
224425	0.484
224475	0.488
224525	0.484
224575	0.468
224625	0.468
224675	0.472
224725	0.480
224775	0.480
224825	0.476
224875	0.468
224925	0.444
224975	0.420
225025	0.428
225075	0.440
225125	0.416
225175	0.440
225225	0.444
225275	0.416
225325	0.448
225375	0.440
225425	0.448
225475	0.468
225525	0.504
225575	0.476
225625	0.516
225675	0.524
225725	0.504
225775	0.460
225825	0.460
225875	0.456
225925	0.456
225975	0.452
226025	0.484
226075	0.472
226125	0.424
226175	0.396
226225	0.412
226275	0.384
226325	0.396
226375	0.456
226425	0.436
226475	0.408
226525	0.456
226575	0.464
226625	0.460
226675	0.480
226725	0.480
226775	0.476
226825	0.492
226875	0.488
226925	0.524
226975	0.536
227025	0.488
227075	0.444
227125	0.432
227175	0.408
227225	0.420
227275	0.452
227325	0.468
227375	0.472
227425	0.480
227475	0.476
227525	0.468
227575	0.472
227625	0.456
227675	0.452
227725	0.428
227775	0.404
227825	0.396
227875	0.412
227925	0.404
227975	0.388
228025	0.396
228075	0.412
228125	0.416
228175	0.424
228225	0.440
228275	0.452
228325	0.456
228375	0.472
228425	0.484
228475	0.500
228525	0.516
228575	0.512
228625	0.488
228675	0.468
228725	0.464
228775	0.468
228825	0.456
228875	0.420
228925	0.408
228975	0.440
229025	0.436
229075	0.420
229125	0.476
229175	0.476
229225	0.428
229275	0.392
229325	0.420
229375	0.408
229425	0.444
229475	0.448
229525	0.484
229575	0.480
229625	0.500
229675	0.476
229725	0.484
229775	0.480
229825	0.480
229875	0.452
229925	0.464
229975	0.492
230025	0.476
230075	0.484
230125	0.448
230175	0.404
230225	0.360
230275	0.356
230325	0.352
230375	0.392
230425	0.428
230475	0.452
230525	0.456
230575	0.440
230625	0.452
230675	0.452
230725	0.428
230775	0.444
230825	0.452
230875	0.432
230925	0.444
230975	0.468
231025	0.452
231075	0.420
231125	0.448
231175	0.436
231225	0.452
231275	0.496
231325	0.520
231375	0.496
231425	0.480
231475	0.456
231525	0.436
231575	0.444
231625	0.440
231675	0.468
231725	0.488
231775	0.456
231825	0.452
231875	0.484
231925	0.460
231975	0.428
232025	0.464
232075	0.480
232125	0.448
232175	0.464
232225	0.480
232275	0.464
232325	0.452
232375	0.456
232425	0.472
232475	0.480
232525	0.492
232575	0.464
232625	0.460
232675	0.416
232725	0.392
232775	0.368
232825	0.400
232875	0.404
232925	0.428
232975	0.464
233025	0.472
233075	0.480
233125	0.520
233175	0.540
233225	0.524
233275	0.536
233325	0.536
233375	0.516
233425	0.524
233475	0.524
233525	0.520
233575	0.528
233625	0.548
233675	0.544
233725	0.516
233775	0.516
233825	0.472
233875	0.424
233925	0.392
233975	0.416
234025	0.376
234075	0.412
234125	0.424
234175	0.392
234225	0.408
234275	0.424
234325	0.368
234375	0.340
234425	0.364
234475	0.308
234525	0.332
234575	0.360
234625	0.368
234675	0.392
234725	0.424
234775	0.404
234825	0.408
234875	0.428
234925	0.416
234975	0.428
235025	0.432
235075	0.440
235125	0.456
235175	0.472
235225	0.456
235275	0.464
235325	0.456
235375	0.424
235425	0.420
235475	0.428
235525	0.428
235575	0.420
235625	0.444
235675	0.436
235725	0.416
235775	0.396
235825	0.428
235875	0.436
235925	0.452
235975	0.444
236025	0.468
236075	0.456
236125	0.428
236175	0.436
236225	0.460
236275	0.468
236325	0.484
236375	0.512
236425	0.496
236475	0.516
236525	0.524
236575	0.500
236625	0.480
236675	0.464
236725	0.456
236775	0.428
236825	0.456
236875	0.476
236925	0.496
236975	0.528
237025	0.528
237075	0.484
237125	0.464
237175	0.460
237225	0.424
237275	0.432
237325	0.468
237375	0.504
237425	0.492
237475	0.520
237525	0.520
237575	0.516
237625	0.480
237675	0.500
237725	0.464
237775	0.460
237825	0.480
237875	0.496
237925	0.476
237975	0.500
238025	0.504
238075	0.472
238125	0.460
238175	0.484
238225	0.504
238275	0.468
238325	0.464
238375	0.448
238425	0.428
238475	0.384
238525	0.428
238575	0.440
238625	0.436
238675	0.436
238725	0.448
238775	0.432
238825	0.456
238875	0.456
238925	0.448
238975	0.396
239025	0.392
239075	0.356
239125	0.368
239175	0.384
239225	0.412
239275	0.376
239325	0.384
239375	0.388
239425	0.360
239475	0.368
239525	0.424
239575	0.404
239625	0.408
239675	0.400
239725	0.400
239775	0.388
239825	0.376
239875	0.364
239925	0.372
239975	0.384
240025	0.360
240075	0.372
240125	0.360
240175	0.372
240225	0.396
240275	0.452
240325	0.460
240375	0.496
240425	0.508
240475	0.492
240525	0.452
240575	0.468
240625	0.456
240675	0.476
240725	0.452
240775	0.436
240825	0.448
240875	0.444
240925	0.420
240975	0.444
241025	0.472
241075	0.448
241125	0.452
241175	0.448
241225	0.440
241275	0.452
241325	0.492
241375	0.512
241425	0.512
241475	0.516
241525	0.512
241575	0.476
241625	0.472
241675	0.492
241725	0.480
241775	0.500
241825	0.524
241875	0.528
241925	0.512
241975	0.528
242025	0.496
242075	0.468
242125	0.420
242175	0.412
242225	0.392
242275	0.376
242325	0.360
242375	0.352
242425	0.360
242475	0.380
242525	0.380
242575	0.416
242625	0.492
242675	0.496
242725	0.484
242775	0.448
242825	0.408
242875	0.332
242925	0.304
242975	0.292
243025	0.324
243075	0.360
243125	0.392
243175	0.400
243225	0.376
243275	0.400
243325	0.392
243375	0.400
243425	0.464
243475	0.536
243525	0.532
243575	0.556
243625	0.584
243675	0.580
243725	0.560
243775	0.604
243825	0.608
243875	0.580
243925	0.552
243975	0.544
244025	0.512
244075	0.508
244125	0.544
244175	0.536
244225	0.536
244275	0.552
244325	0.516
244375	0.488
244425	0.488
244475	0.500
244525	0.496
244575	0.516
244625	0.524
244675	0.552
244725	0.520
244775	0.512
244825	0.512
244875	0.508
244925	0.508
244975	0.548
245025	0.524
245075	0.536
245125	0.548
245175	0.520
245225	0.480
245275	0.500
245325	0.516
245375	0.540
245425	0.520
245475	0.548
245525	0.532
245575	0.528
245625	0.488
245675	0.516
245725	0.512
245775	0.524
245825	0.516
245875	0.464
245925	0.440
245975	0.452
246025	0.468
246075	0.456
246125	0.504
246175	0.504
246225	0.472
246275	0.456
246325	0.468
246375	0.484
246425	0.520
246475	0.552
246525	0.560
246575	0.516
246625	0.500
246675	0.512
246725	0.504
246775	0.480
246825	0.488
246875	0.464
246925	0.432
246975	0.392
247025	0.396
247075	0.444
247125	0.448
247175	0.460
247225	0.484
247275	0.520
247325	0.484
247375	0.504
247425	0.484
247475	0.472
247525	0.432
247575	0.428
247625	0.396
247675	0.392
247725	0.404
247775	0.416
247825	0.432
247875	0.456
247925	0.468
247975	0.480
248025	0.464
248075	0.460
248125	0.448
248175	0.452
248225	0.412
248275	0.440
248325	0.440
248375	0.436
248425	0.408
248475	0.444
248525	0.408
248575	0.384
248625	0.392
248675	0.388
248725	0.352
248775	0.372
248825	0.356
248875	0.356
248925	0.384
248975	0.400
249025	0.404
249075	0.424
249125	0.404
249175	0.392
249225	0.412
249275	0.400
249325	0.380
249375	0.392
249425	0.400
249475	0.388
249525	0.384
249575	0.416
249625	0.424
249675	0.412
249725	0.404
249775	0.440
249825	0.436
249875	0.416
249925	0.424
249975	0.432
250025	0.416
250075	0.412
250125	0.448
250175	0.464
250225	0.456
250275	0.452
250325	0.472
250375	0.468
250425	0.436
250475	0.436
250525	0.420
250575	0.404
250625	0.376
250675	0.408
250725	0.456
250775	0.480
250825	0.484
250875	0.496
250925	0.512
250975	0.496
251025	0.520
251075	0.524
251125	0.528
251175	0.512
251225	0.488
251275	0.468
251325	0.472
251375	0.484
251425	0.468
251475	0.492
251525	0.464
251575	0.460
251625	0.452
251675	0.432
251725	0.400
251775	0.404
251825	0.380
251875	0.388
251925	0.400
251975	0.380
252025	0.388
252075	0.400
252125	0.376
252175	0.396
252225	0.456
252275	0.440
252325	0.452
252375	0.464
252425	0.464
252475	0.428
252525	0.452
252575	0.456
252625	0.476
252675	0.476
252725	0.488
252775	0.476
252825	0.444
252875	0.440
252925	0.436
252975	0.440
253025	0.436
253075	0.456
253125	0.488
253175	0.492
253225	0.484
253275	0.480
253325	0.464
253375	0.444
253425	0.436
253475	0.432
253525	0.468
253575	0.504
253625	0.504
253675	0.508
253725	0.524
253775	0.500
253825	0.496
253875	0.476
253925	0.476
253975	0.456
254025	0.468
254075	0.476
254125	0.512
254175	0.520
254225	0.552
254275	0.548
254325	0.560
254375	0.556
254425	0.524
254475	0.500
254525	0.508
254575	0.508
254625	0.468
254675	0.492
254725	0.520
254775	0.508
254825	0.484
254875	0.508
254925	0.528
254975	0.516
255025	0.532
255075	0.536
255125	0.540
255175	0.520
255225	0.504
255275	0.504
255325	0.504
255375	0.500
255425	0.500
255475	0.524
255525	0.524
255575	0.512
255625	0.504
255675	0.508
255725	0.468
255775	0.468
255825	0.464
255875	0.448
255925	0.456
255975	0.496
256025	0.516
256075	0.500
256125	0.512
256175	0.480
256225	0.412
256275	0.388
256325	0.412
256375	0.404
256425	0.400
256475	0.428
256525	0.420
256575	0.416
256625	0.400
256675	0.432
256725	0.452
256775	0.432
256825	0.440
256875	0.480
256925	0.484
256975	0.496
257025	0.508
257075	0.528
257125	0.508
257175	0.476
257225	0.464
257275	0.480
257325	0.484
257375	0.504
257425	0.524
257475	0.528
257525	0.544
257575	0.508
257625	0.476
257675	0.468
257725	0.456
257775	0.396
257825	0.424
257875	0.464
257925	0.484
257975	0.468
258025	0.472
258075	0.408
258125	0.372
258175	0.348
258225	0.384
258275	0.396
258325	0.400
258375	0.388
258425	0.408
258475	0.392
258525	0.400
258575	0.440
258625	0.472
258675	0.448
258725	0.416
258775	0.424
258825	0.420
258875	0.392
258925	0.396
258975	0.428
259025	0.408
259075	0.412
259125	0.428
259175	0.440
259225	0.448
259275	0.456
259325	0.448
259375	0.444
259425	0.428
259475	0.432
259525	0.476
259575	0.460
259625	0.448
259675	0.476
259725	0.460
259775	0.432
259825	0.436
259875	0.444
259925	0.416
259975	0.404
260025	0.416
260075	0.428
260125	0.440
260175	0.464
260225	0.484
260275	0.440
260325	0.420
260375	0.432
260425	0.396
260475	0.408
260525	0.424
260575	0.452
260625	0.468
260675	0.460
260725	0.416
260775	0.436
260825	0.428
260875	0.404
260925	0.404
260975	0.420
261025	0.416
261075	0.416
261125	0.432
261175	0.444
261225	0.476
261275	0.464
261325	0.476
261375	0.456
261425	0.472
261475	0.472
261525	0.468
261575	0.436
261625	0.444
261675	0.456
261725	0.440
261775	0.436
261825	0.468
261875	0.480
261925	0.472
261975	0.484
262025	0.528
262075	0.524
262125	0.512
262175	0.512
262225	0.508
262275	0.464
262325	0.476
262375	0.492
262425	0.488
262475	0.500
262525	0.516
262575	0.484
262625	0.484
262675	0.496
262725	0.472
262775	0.492
262825	0.500
262875	0.476
262925	0.480
262975	0.496
263025	0.492
263075	0.508
263125	0.528
263175	0.504
263225	0.500
263275	0.472
263325	0.472
263375	0.468
263425	0.492
263475	0.488
263525	0.512
263575	0.504
263625	0.492
263675	0.468
263725	0.484
263775	0.504
263825	0.496
263875	0.484
263925	0.492
263975	0.476
264025	0.432
264075	0.416
264125	0.408
264175	0.436
264225	0.456
264275	0.460
264325	0.456
264375	0.444
264425	0.404
264475	0.364
264525	0.360
264575	0.404
264625	0.432
264675	0.452
264725	0.468
264775	0.488
264825	0.476
264875	0.468
264925	0.456
264975	0.456
265025	0.464
265075	0.480
265125	0.504
265175	0.496
265225	0.484
265275	0.484
265325	0.448
265375	0.436
265425	0.448
265475	0.448
265525	0.440
265575	0.456
265625	0.444
265675	0.420
265725	0.416
265775	0.364
265825	0.368
265875	0.352
265925	0.348
265975	0.372
266025	0.388
266075	0.376
266125	0.420
266175	0.444
266225	0.424
266275	0.460
266325	0.488
266375	0.456
266425	0.480
266475	0.508
266525	0.508
266575	0.476
266625	0.508
266675	0.496
266725	0.476
266775	0.460
266825	0.492
266875	0.492
266925	0.492
266975	0.488
267025	0.516
267075	0.508
267125	0.476
267175	0.472
267225	0.456
267275	0.424
267325	0.420
267375	0.420
267425	0.436
267475	0.468
267525	0.464
267575	0.480
267625	0.500
267675	0.496
267725	0.492
267775	0.492
267825	0.480
267875	0.456
267925	0.444
267975	0.424
268025	0.416
268075	0.400
268125	0.424
268175	0.412
268225	0.424
268275	0.444
268325	0.424
268375	0.380
268425	0.380
268475	0.372
268525	0.344
268575	0.364
268625	0.400
268675	0.396
268725	0.428
268775	0.464
268825	0.460
268875	0.428
268925	0.448
268975	0.420
269025	0.424
269075	0.400
269125	0.440
269175	0.432
269225	0.424
269275	0.404
269325	0.412
269375	0.400
269425	0.404
269475	0.428
269525	0.444
269575	0.484
269625	0.476
269675	0.488
269725	0.492
269775	0.488
269825	0.480
269875	0.492
269925	0.488
269975	0.496
270025	0.496
270075	0.504
270125	0.516
270175	0.520
270225	0.524
270275	0.520
270325	0.500
270375	0.488
270425	0.476
270475	0.468
270525	0.484
270575	0.512
270625	0.480
270675	0.452
270725	0.432
270775	0.408
270825	0.416
270875	0.472
270925	0.504
270975	0.532
271025	0.552
271075	0.536
271125	0.532
271175	0.536
271225	0.504
271275	0.488
271325	0.460
271375	0.416
271425	0.412
271475	0.428
271525	0.460
271575	0.468
271625	0.504
271675	0.512
271725	0.520
271775	0.504
271825	0.512
271875	0.516
271925	0.508
271975	0.500
272025	0.516
272075	0.488
272125	0.468
272175	0.476
272225	0.464
272275	0.452
272325	0.488
272375	0.488
272425	0.500
272475	0.504
272525	0.488
272575	0.480
272625	0.496
272675	0.460
272725	0.448
272775	0.444
272825	0.448
272875	0.412
272925	0.432
272975	0.432
273025	0.424
273075	0.372
273125	0.368
273175	0.332
273225	0.328
273275	0.328
273325	0.376
273375	0.412
273425	0.448
273475	0.440
273525	0.444
273575	0.440
273625	0.436
273675	0.416
273725	0.420
273775	0.436
273825	0.420
273875	0.416
273925	0.416
273975	0.436
274025	0.424
274075	0.432
274125	0.436
274175	0.448
274225	0.432
274275	0.452
274325	0.476
274375	0.440
274425	0.428
274475	0.472
274525	0.456
274575	0.440
274625	0.468
274675	0.512
274725	0.480
274775	0.484
274825	0.488
274875	0.492
274925	0.464
274975	0.456
275025	0.460
275075	0.456
275125	0.452
275175	0.416
275225	0.424
275275	0.432
275325	0.436
275375	0.448
275425	0.516
275475	0.516
275525	0.488
275575	0.480
275625	0.500
275675	0.488
275725	0.532
275775	0.552
275825	0.560
275875	0.532
275925	0.492
275975	0.444
276025	0.436
276075	0.412
276125	0.408
276175	0.436
276225	0.432
276275	0.432
276325	0.440
276375	0.460
276425	0.480
276475	0.484
276525	0.472
276575	0.460
276625	0.436
276675	0.424
276725	0.448
276775	0.432
276825	0.436
276875	0.440
276925	0.420
276975	0.356
277025	0.376
277075	0.400
277125	0.388
277175	0.344
277225	0.380
277275	0.400
277325	0.384
277375	0.376
277425	0.416
277475	0.440
277525	0.432
277575	0.468
277625	0.504
277675	0.504
277725	0.508
277775	0.504
277825	0.488
277875	0.508
277925	0.528
277975	0.536
278025	0.536
278075	0.548
278125	0.544
278175	0.524
278225	0.492
278275	0.496
278325	0.476
278375	0.456
278425	0.452
278475	0.464
278525	0.472
278575	0.468
278625	0.476
278675	0.472
278725	0.452
278775	0.440
278825	0.448
278875	0.416
278925	0.444
278975	0.456
279025	0.472
279075	0.432
279125	0.448
279175	0.436
279225	0.456
279275	0.460
279325	0.472
279375	0.476
279425	0.464
279475	0.460
279525	0.460
279575	0.472
279625	0.444
279675	0.476
279725	0.496
279775	0.484
279825	0.524
279875	0.544
279925	0.480
279975	0.420
280025	0.428
280075	0.400
280125	0.412
280175	0.448
280225	0.496
280275	0.500
280325	0.480
280375	0.476
280425	0.488
280475	0.460
280525	0.456
280575	0.476
280625	0.468
280675	0.464
280725	0.476
280775	0.468
280825	0.460
280875	0.472
280925	0.468
280975	0.448
281025	0.416
281075	0.424
281125	0.460
281175	0.476
281225	0.476
281275	0.500
281325	0.496
281375	0.456
281425	0.480
281475	0.516
281525	0.524
281575	0.532
281625	0.560
281675	0.508
281725	0.476
281775	0.452
281825	0.460
281875	0.416
281925	0.412
281975	0.440
282025	0.464
282075	0.480
282125	0.496
282175	0.532
282225	0.512
282275	0.496
282325	0.492
282375	0.500
282425	0.496
282475	0.516
282525	0.512
282575	0.472
282625	0.468
282675	0.464
282725	0.432
282775	0.416
282825	0.440
282875	0.428
282925	0.412
282975	0.432
283025	0.464
283075	0.436
283125	0.428
283175	0.420
283225	0.420
283275	0.412
283325	0.440
283375	0.452
283425	0.480
283475	0.464
283525	0.484
283575	0.496
283625	0.500
283675	0.504
283725	0.540
283775	0.500
283825	0.456
283875	0.428
283925	0.392
283975	0.360
284025	0.396
284075	0.408
284125	0.396
284175	0.420
284225	0.432
284275	0.420
284325	0.416
284375	0.452
284425	0.444
284475	0.416
284525	0.424
284575	0.452
284625	0.448
284675	0.476
284725	0.524
284775	0.528
284825	0.512
284875	0.524
284925	0.484
284975	0.488
285025	0.488
285075	0.512
285125	0.512
285175	0.528
285225	0.528
285275	0.536
285325	0.488
285375	0.492
285425	0.520
285475	0.492
285525	0.460
285575	0.500
285625	0.508
285675	0.468
285725	0.464
285775	0.472
285825	0.460
285875	0.452
285925	0.448
285975	0.500
286025	0.516
286075	0.508
286125	0.504
286175	0.516
286225	0.468
286275	0.472
286325	0.484
286375	0.504
286425	0.504
286475	0.508
286525	0.492
286575	0.488
286625	0.472
286675	0.496
286725	0.508
286775	0.524
286825	0.528
286875	0.528
286925	0.464
286975	0.444
287025	0.452
287075	0.424
287125	0.392
287175	0.416
287225	0.396
287275	0.392
287325	0.420
287375	0.440
287425	0.464
287475	0.504
287525	0.496
287575	0.480
287625	0.492
287675	0.464
287725	0.432
287775	0.416
287825	0.428
287875	0.452
287925	0.460
287975	0.492
288025	0.496
288075	0.492
288125	0.480
288175	0.524
288225	0.504
288275	0.500
288325	0.504
288375	0.484
288425	0.440
288475	0.452
288525	0.476
288575	0.488
288625	0.484
288675	0.492
288725	0.516
288775	0.496
288825	0.496
288875	0.496
288925	0.508
288975	0.480
289025	0.492
289075	0.496
289125	0.476
289175	0.464
289225	0.452
289275	0.444
289325	0.424
289375	0.436
289425	0.452
289475	0.464
289525	0.444
289575	0.452
289625	0.464
289675	0.484
289725	0.484
289775	0.532
289825	0.548
289875	0.544
289925	0.500
289975	0.480
290025	0.456
290075	0.460
290125	0.464
290175	0.488
290225	0.516
290275	0.508
290325	0.524
290375	0.540
290425	0.512
290475	0.516
290525	0.536
290575	0.524
290625	0.508
290675	0.524
290725	0.544
290775	0.552
290825	0.528
290875	0.536
290925	0.552
290975	0.512
291025	0.508
291075	0.520
291125	0.524
291175	0.520
291225	0.504
291275	0.460
291325	0.444
291375	0.440
291425	0.440
291475	0.440
291525	0.484
291575	0.496
291625	0.500
291675	0.484
291725	0.508
291775	0.476
291825	0.456
291875	0.420
291925	0.416
291975	0.416
292025	0.424
292075	0.436
292125	0.452
292175	0.472
292225	0.476
292275	0.436
292325	0.432
292375	0.444
292425	0.424
292475	0.412
292525	0.464
292575	0.452
292625	0.424
292675	0.420
292725	0.408
292775	0.384
292825	0.400
292875	0.404
292925	0.400
292975	0.416
293025	0.416
293075	0.412
293125	0.436
293175	0.436
293225	0.440
293275	0.428
293325	0.428
293375	0.432
293425	0.456
293475	0.464
293525	0.468
293575	0.448
293625	0.460
293675	0.464
293725	0.460
293775	0.484
293825	0.492
293875	0.484
293925	0.468
293975	0.472
294025	0.492
294075	0.524
294125	0.500
294175	0.516
294225	0.516
294275	0.496
294325	0.496
294375	0.516
294425	0.496
294475	0.480
294525	0.504
294575	0.488
294625	0.492
294675	0.496
294725	0.524
294775	0.520
294825	0.528
294875	0.500
294925	0.492
294975	0.484
295025	0.444
295075	0.392
295125	0.412
295175	0.436
295225	0.428
295275	0.452
295325	0.516
295375	0.508
295425	0.492
295475	0.480
295525	0.468
295575	0.408
295625	0.376
295675	0.356
295725	0.332
295775	0.372
295825	0.404
295875	0.456
295925	0.472
295975	0.480
296025	0.444
296075	0.420
296125	0.400
296175	0.428
296225	0.456
296275	0.484
296325	0.528
296375	0.528
296425	0.504
296475	0.492
296525	0.464
296575	0.464
296625	0.456
296675	0.472
296725	0.464
296775	0.472
296825	0.452
296875	0.456
296925	0.472
296975	0.492
297025	0.480
297075	0.476
297125	0.492
297175	0.472
297225	0.468
297275	0.480
297325	0.468
297375	0.456
297425	0.456
297475	0.428
297525	0.400
297575	0.404
297625	0.408
297675	0.412
297725	0.432
297775	0.436
297825	0.444
297875	0.416
297925	0.364
297975	0.356
298025	0.372
298075	0.364
298125	0.380
298175	0.420
298225	0.432
298275	0.460
298325	0.484
298375	0.488
298425	0.492
298475	0.516
298525	0.464
298575	0.468
298625	0.460
298675	0.440
298725	0.384
298775	0.404
298825	0.364
298875	0.360
298925	0.340
298975	0.328
299025	0.336
299075	0.360
299125	0.368
299175	0.416
299225	0.452
299275	0.448
299325	0.440
299375	0.440
299425	0.420
299475	0.424
299525	0.424
299575	0.420
299625	0.416
299675	0.392
299725	0.416
299775	0.412
299825	0.424
299875	0.416
299925	0.432
299975	0.400
300025	0.380
300075	0.368
300125	0.384
300175	0.396
300225	0.428
300275	0.456
300325	0.456
300375	0.444
300425	0.424
300475	0.416
300525	0.400
300575	0.404
300625	0.428
300675	0.448
300725	0.448
300775	0.464
300825	0.464
300875	0.440
300925	0.412
300975	0.400
301025	0.408
301075	0.436
301125	0.476
301175	0.496
301225	0.480
301275	0.484
301325	0.460
301375	0.452
301425	0.468
301475	0.488
301525	0.496
301575	0.516
301625	0.504
301675	0.496
301725	0.500
301775	0.480
301825	0.480
301875	0.492
301925	0.504
301975	0.488
302025	0.472
302075	0.464
302125	0.408
302175	0.388
302225	0.384
302275	0.380
302325	0.368
302375	0.408
302425	0.420
302475	0.432
302525	0.480
302575	0.500
302625	0.508
302675	0.536
302725	0.552
302775	0.536
302825	0.520
302875	0.512
302925	0.480
302975	0.456
303025	0.448
303075	0.464
303125	0.456
303175	0.480
303225	0.456
303275	0.456
303325	0.440
303375	0.448
303425	0.416
303475	0.456
303525	0.464
303575	0.480
303625	0.472
303675	0.476
303725	0.496
303775	0.484
303825	0.476
303875	0.512
303925	0.520
303975	0.492
304025	0.476
304075	0.480
304125	0.472
304175	0.480
304225	0.484
304275	0.492
304325	0.472
304375	0.456
304425	0.448
304475	0.452
304525	0.472
304575	0.516
304625	0.492
304675	0.504
304725	0.492
304775	0.492
304825	0.480
304875	0.504
304925	0.472
304975	0.468
305025	0.444
305075	0.424
305125	0.420
305175	0.428
305225	0.468
305275	0.476
305325	0.460
305375	0.456
305425	0.436
305475	0.396
305525	0.392
305575	0.408
305625	0.432
305675	0.480
305725	0.500
305775	0.512
305825	0.516
305875	0.508
305925	0.500
305975	0.476
306025	0.468
306075	0.460
306125	0.448
306175	0.432
306225	0.412
306275	0.416
306325	0.404
306375	0.376
306425	0.364
306475	0.400
306525	0.380
306575	0.388
306625	0.412
306675	0.420
306725	0.400
306775	0.436
306825	0.468
306875	0.460
306925	0.496
306975	0.516
307025	0.496
307075	0.476
307125	0.484
307175	0.464
307225	0.476
307275	0.472
307325	0.492
307375	0.508
307425	0.508
307475	0.488
307525	0.464
307575	0.424
307625	0.428
307675	0.404
307725	0.404
307775	0.404
307825	0.432
307875	0.424
307925	0.452
307975	0.468
308025	0.484
308075	0.480
308125	0.496
308175	0.516
308225	0.476
308275	0.512
308325	0.504
308375	0.496
308425	0.484
308475	0.544
308525	0.524
308575	0.532
308625	0.528
308675	0.516
308725	0.484
308775	0.484
308825	0.428
308875	0.400
308925	0.400
308975	0.428
309025	0.428
309075	0.464
309125	0.488
309175	0.492
309225	0.472
309275	0.488
309325	0.488
309375	0.492
309425	0.480
309475	0.472
309525	0.464
309575	0.444
309625	0.416
309675	0.416
309725	0.420
309775	0.428
309825	0.464
309875	0.476
309925	0.448
309975	0.444
310025	0.436
310075	0.404
310125	0.384
310175	0.416
310225	0.388
310275	0.368
310325	0.388
310375	0.396
310425	0.388
310475	0.416
310525	0.440
310575	0.480
310625	0.504
310675	0.516
310725	0.524
310775	0.520
310825	0.508
310875	0.536
310925	0.536
310975	0.544
311025	0.548
311075	0.540
311125	0.512
311175	0.536
311225	0.568
311275	0.580
311325	0.568
311375	0.572
311425	0.544
311475	0.496
311525	0.480
311575	0.488
311625	0.488
311675	0.512
311725	0.552
311775	0.536
311825	0.524
311875	0.492
311925	0.488
311975	0.444
312025	0.444
312075	0.456
312125	0.476
312175	0.468
312225	0.484
312275	0.484
312325	0.472
312375	0.456
312425	0.456
312475	0.460
312525	0.472
312575	0.492
312625	0.504
312675	0.484
312725	0.452
312775	0.424
312825	0.412
312875	0.404
312925	0.428
312975	0.456
313025	0.500
313075	0.508
313125	0.560
313175	0.556
313225	0.564
313275	0.576
313325	0.580
313375	0.564
313425	0.584
313475	0.568
313525	0.544
313575	0.568
313625	0.568
313675	0.560
313725	0.564
313775	0.560
313825	0.532
313875	0.504
313925	0.480
313975	0.496
314025	0.504
314075	0.464
314125	0.476
314175	0.464
314225	0.460
314275	0.464
314325	0.500
314375	0.512
314425	0.556
314475	0.552
314525	0.556
314575	0.528
314625	0.532
314675	0.524
314725	0.504
314775	0.520
314825	0.544
314875	0.524
314925	0.492
314975	0.492
315025	0.476
315075	0.476
315125	0.496
315175	0.516
315225	0.512
315275	0.476
315325	0.488
315375	0.484
315425	0.448
315475	0.448
315525	0.484
315575	0.480
315625	0.480
315675	0.504
315725	0.512
315775	0.476
315825	0.468
315875	0.432
315925	0.412
315975	0.408
316025	0.408
316075	0.408
316125	0.432
316175	0.460
316225	0.488
316275	0.524
316325	0.520
316375	0.476
316425	0.456
316475	0.424
316525	0.400
316575	0.392
316625	0.428
316675	0.440
316725	0.456
316775	0.448
316825	0.432
316875	0.428
316925	0.396
316975	0.372
317025	0.372
317075	0.368
317125	0.376
317175	0.424
317225	0.436
317275	0.440
317325	0.448
317375	0.440
317425	0.424
317475	0.448
317525	0.444
317575	0.468
317625	0.464
317675	0.472
317725	0.404
317775	0.408
317825	0.420
317875	0.428
317925	0.408
317975	0.444
318025	0.468
318075	0.484
318125	0.484
318175	0.488
318225	0.496
318275	0.468
318325	0.448
318375	0.468
318425	0.464
318475	0.500
318525	0.512
318575	0.472
318625	0.440
318675	0.436
318725	0.396
318775	0.368
318825	0.384
318875	0.396
318925	0.416
318975	0.444
319025	0.468
319075	0.492
319125	0.492
319175	0.476
319225	0.460
319275	0.440
319325	0.436
319375	0.456
319425	0.476
319475	0.488
319525	0.512
319575	0.488
319625	0.460
319675	0.456
319725	0.440
319775	0.444
319825	0.476
319875	0.500
319925	0.516
319975	0.528
320025	0.500
320075	0.444
320125	0.456
320175	0.456
320225	0.432
320275	0.456
320325	0.492
320375	0.472
320425	0.476
320475	0.484
320525	0.484
320575	0.464
320625	0.416
320675	0.408
320725	0.420
320775	0.408
320825	0.428
320875	0.480
320925	0.448
320975	0.412
321025	0.436
321075	0.456
321125	0.460
321175	0.476
321225	0.500
321275	0.472
321325	0.460
321375	0.472
321425	0.480
321475	0.496
321525	0.512
321575	0.528
321625	0.520
321675	0.504
321725	0.504
321775	0.512
321825	0.500
321875	0.488
321925	0.496
321975	0.484
322025	0.500
322075	0.480
322125	0.468
322175	0.468
322225	0.500
322275	0.484
322325	0.492
322375	0.496
322425	0.504
322475	0.468
322525	0.464
322575	0.476
322625	0.472
322675	0.488
322725	0.524
322775	0.520
322825	0.544
322875	0.560
322925	0.548
322975	0.520
323025	0.524
323075	0.512
323125	0.528
323175	0.516
323225	0.516
323275	0.512
323325	0.528
323375	0.508
323425	0.500
323475	0.500
323525	0.512
323575	0.472
323625	0.472
323675	0.504
323725	0.476
323775	0.460
323825	0.436
323875	0.452
323925	0.412
323975	0.420
324025	0.436
324075	0.460
324125	0.428
324175	0.428
324225	0.452
324275	0.468
324325	0.464
324375	0.496
324425	0.512
324475	0.516
324525	0.484
324575	0.496
324625	0.488
324675	0.500
324725	0.516
324775	0.552
324825	0.552
324875	0.556
324925	0.564
324975	0.564
325025	0.540
325075	0.532
325125	0.532
325175	0.500
325225	0.496
325275	0.512
325325	0.528
325375	0.500
325425	0.508
325475	0.476
325525	0.468
325575	0.444
325625	0.444
325675	0.452
325725	0.464
325775	0.444
325825	0.468
325875	0.496
325925	0.508
325975	0.500
326025	0.508
326075	0.512
326125	0.516
326175	0.504
326225	0.492
326275	0.484
326325	0.444
326375	0.416
326425	0.396
326475	0.400
326525	0.416
326575	0.464
326625	0.468
326675	0.488
326725	0.460
326775	0.452
326825	0.424
326875	0.432
326925	0.436
326975	0.500
327025	0.500
327075	0.512
327125	0.512
327175	0.516
327225	0.540
327275	0.532
327325	0.552
327375	0.536
327425	0.536
327475	0.520
327525	0.548
327575	0.524
327625	0.552
327675	0.564
327725	0.544
327775	0.516
327825	0.484
327875	0.456
327925	0.464
327975	0.468
328025	0.484
328075	0.516
328125	0.512
328175	0.468
328225	0.456
328275	0.416
328325	0.420
328375	0.416
328425	0.464
328475	0.428
328525	0.436
328575	0.384
328625	0.436
328675	0.396
328725	0.432
328775	0.460
328825	0.536
328875	0.496
328925	0.468
328975	0.452
329025	0.436
329075	0.396
329125	0.396
329175	0.420
329225	0.444
329275	0.428
329325	0.416
329375	0.444
329425	0.460
329475	0.448
329525	0.492
329575	0.516
329625	0.520
329675	0.516
329725	0.520
329775	0.504
329825	0.492
329875	0.472
329925	0.476
329975	0.476
330025	0.468
330075	0.496
330125	0.500
330175	0.488
330225	0.448
330275	0.432
330325	0.388
330375	0.352
330425	0.340
330475	0.380
330525	0.380
330575	0.404
330625	0.440
330675	0.464
330725	0.476
330775	0.480
330825	0.504
330875	0.488
330925	0.496
330975	0.504
331025	0.524
331075	0.496
331125	0.456
331175	0.420
331225	0.388
331275	0.396
331325	0.404
331375	0.424
331425	0.436
331475	0.444
331525	0.440
331575	0.448
331625	0.472
331675	0.484
331725	0.508
331775	0.512
331825	0.504
331875	0.500
331925	0.508
331975	0.468
332025	0.444
332075	0.432
332125	0.440
332175	0.436
332225	0.460
332275	0.472
332325	0.476
332375	0.468
332425	0.472
332475	0.464
332525	0.444
332575	0.440
332625	0.460
332675	0.440
332725	0.444
332775	0.476
332825	0.496
332875	0.480
332925	0.476
332975	0.464
333025	0.468
333075	0.456
333125	0.472
333175	0.480
333225	0.488
333275	0.500
333325	0.500
333375	0.496
333425	0.480
333475	0.492
333525	0.476
333575	0.472
333625	0.468
333675	0.484
333725	0.472
333775	0.448
333825	0.436
333875	0.424
333925	0.408
333975	0.400
334025	0.404
334075	0.432
334125	0.416
334175	0.420
334225	0.424
334275	0.428
334325	0.420
334375	0.448
334425	0.508
334475	0.508
334525	0.476
334575	0.440
334625	0.452
334675	0.412
334725	0.436
334775	0.488
334825	0.532
334875	0.500
334925	0.504
334975	0.480
335025	0.464
335075	0.436
335125	0.428
335175	0.408
335225	0.412
335275	0.416
335325	0.428
335375	0.444
335425	0.440
335475	0.436
335525	0.432
335575	0.480
335625	0.476
335675	0.516
335725	0.528
335775	0.548
335825	0.488
335875	0.468
335925	0.440
335975	0.428
336025	0.416
336075	0.452
336125	0.496
336175	0.504
336225	0.540
336275	0.548
336325	0.536
336375	0.524
336425	0.532
336475	0.488
336525	0.492
336575	0.488
336625	0.488
336675	0.452
336725	0.472
336775	0.456
336825	0.460
336875	0.468
336925	0.508
336975	0.516
337025	0.516
337075	0.516
337125	0.508
337175	0.500
337225	0.488
337275	0.480
337325	0.472
337375	0.472
337425	0.460
337475	0.464
337525	0.464
337575	0.460
337625	0.448
337675	0.452
337725	0.484
337775	0.480
337825	0.504
337875	0.520
337925	0.512
337975	0.464
338025	0.448
338075	0.408
338125	0.412
338175	0.428
338225	0.448
338275	0.512
338325	0.536
338375	0.536
338425	0.528
338475	0.520
338525	0.488
338575	0.476
338625	0.460
338675	0.464
338725	0.464
338775	0.476
338825	0.464
338875	0.472
338925	0.484
338975	0.484
339025	0.436
339075	0.448
339125	0.448
339175	0.436
339225	0.440
339275	0.484
339325	0.492
339375	0.492
339425	0.500
339475	0.504
339525	0.484
339575	0.512
339625	0.520
339675	0.496
339725	0.468
339775	0.464
339825	0.416
339875	0.396
339925	0.428
339975	0.404
340025	0.412
340075	0.416
340125	0.396
340175	0.344
340225	0.380
340275	0.376
340325	0.400
340375	0.416
340425	0.452
340475	0.460
340525	0.464
340575	0.456
340625	0.492
340675	0.468
340725	0.488
340775	0.500
340825	0.496
340875	0.496
340925	0.532
340975	0.528
341025	0.504
341075	0.508
341125	0.472
341175	0.452
341225	0.444
341275	0.460
341325	0.436
341375	0.436
341425	0.420
341475	0.384
341525	0.372
341575	0.412
341625	0.416
341675	0.440
341725	0.464
341775	0.480
341825	0.428
341875	0.428
341925	0.396
341975	0.392
342025	0.372
342075	0.364
342125	0.316
342175	0.280
342225	0.212
342275	0.148
342325	0.140
342375	0.152
342425	0.156
342475	0.172
342525	0.184
342575	0.152
342625	0.124
342675	0.112
342725	0.108
342775	0.100
342825	0.112
342875	0.120
342925	0.156
342975	0.184
343025	0.192
343075	0.228
343125	0.224
343175	0.188
343225	0.148
