Position	Percent G+C 1 .. 140628
125	0.072
175	0.068
225	0.056
275	0.056
325	0.064
375	0.064
425	0.068
475	0.064
525	0.064
575	0.068
625	0.072
675	0.064
725	0.076
775	0.084
825	0.080
875	0.072
925	0.080
975	0.076
1025	0.072
1075	0.084
1125	0.076
1175	0.060
1225	0.068
1275	0.060
1325	0.048
1375	0.060
1425	0.060
1475	0.048
1525	0.052
1575	0.052
1625	0.044
1675	0.044
1725	0.052
1775	0.052
1825	0.056
1875	0.068
1925	0.076
1975	0.064
2025	0.076
2075	0.068
2125	0.052
2175	0.040
2225	0.036
2275	0.028
2325	0.040
2375	0.052
2425	0.056
2475	0.060
2525	0.056
2575	0.072
2625	0.072
2675	0.088
2725	0.140
2775	0.224
2825	0.248
2875	0.348
2925	0.452
2975	0.504
3025	0.508
3075	0.528
3125	0.512
3175	0.456
3225	0.396
3275	0.316
3325	0.292
3375	0.232
3425	0.248
3475	0.272
3525	0.288
3575	0.276
3625	0.284
3675	0.224
3725	0.168
3775	0.152
3825	0.136
3875	0.120
3925	0.132
3975	0.180
4025	0.248
4075	0.316
4125	0.388
4175	0.444
4225	0.456
4275	0.452
4325	0.460
4375	0.492
4425	0.496
4475	0.500
4525	0.492
4575	0.480
4625	0.436
4675	0.432
4725	0.432
4775	0.448
4825	0.432
4875	0.464
4925	0.480
4975	0.508
5025	0.548
5075	0.608
5125	0.612
5175	0.596
5225	0.600
5275	0.572
5325	0.548
5375	0.528
5425	0.552
5475	0.548
5525	0.540
5575	0.528
5625	0.532
5675	0.516
5725	0.500
5775	0.516
5825	0.532
5875	0.532
5925	0.532
5975	0.576
6025	0.592
6075	0.572
6125	0.540
6175	0.540
6225	0.504
6275	0.484
6325	0.508
6375	0.528
6425	0.548
6475	0.544
6525	0.540
6575	0.496
6625	0.500
6675	0.496
6725	0.504
6775	0.508
6825	0.568
6875	0.584
6925	0.564
6975	0.572
7025	0.592
7075	0.580
7125	0.576
7175	0.572
7225	0.532
7275	0.488
7325	0.456
7375	0.452
7425	0.452
7475	0.492
7525	0.516
7575	0.528
7625	0.512
7675	0.500
7725	0.488
7775	0.496
7825	0.524
7875	0.540
7925	0.548
7975	0.552
8025	0.544
8075	0.500
8125	0.488
8175	0.468
8225	0.468
8275	0.472
8325	0.488
8375	0.448
8425	0.452
8475	0.472
8525	0.460
8575	0.488
8625	0.548
8675	0.588
8725	0.596
8775	0.572
8825	0.556
8875	0.544
8925	0.520
8975	0.460
9025	0.476
9075	0.472
9125	0.468
9175	0.464
9225	0.472
9275	0.480
9325	0.448
9375	0.452
9425	0.456
9475	0.472
9525	0.504
9575	0.524
9625	0.528
9675	0.516
9725	0.532
9775	0.512
9825	0.496
9875	0.468
9925	0.484
9975	0.440
10025	0.404
10075	0.408
10125	0.420
10175	0.424
10225	0.448
10275	0.480
10325	0.492
10375	0.520
10425	0.508
10475	0.508
10525	0.496
10575	0.520
10625	0.496
10675	0.492
10725	0.484
10775	0.488
10825	0.436
10875	0.432
10925	0.436
10975	0.400
11025	0.364
11075	0.388
11125	0.368
11175	0.336
11225	0.392
11275	0.416
11325	0.428
11375	0.424
11425	0.452
11475	0.444
11525	0.436
11575	0.420
11625	0.452
11675	0.452
11725	0.440
11775	0.424
11825	0.436
11875	0.412
11925	0.420
11975	0.432
12025	0.472
12075	0.484
12125	0.496
12175	0.464
12225	0.448
12275	0.460
12325	0.436
12375	0.460
12425	0.504
12475	0.512
12525	0.452
12575	0.456
12625	0.416
12675	0.392
12725	0.412
12775	0.448
12825	0.464
12875	0.492
12925	0.524
12975	0.504
13025	0.512
13075	0.508
13125	0.500
13175	0.504
13225	0.516
13275	0.520
13325	0.504
13375	0.504
13425	0.504
13475	0.500
13525	0.516
13575	0.492
13625	0.492
13675	0.472
13725	0.472
13775	0.424
13825	0.440
13875	0.424
13925	0.420
13975	0.384
14025	0.412
14075	0.432
14125	0.424
14175	0.408
14225	0.420
14275	0.412
14325	0.408
14375	0.448
14425	0.472
14475	0.484
14525	0.508
14575	0.532
14625	0.528
14675	0.536
14725	0.552
14775	0.532
14825	0.520
14875	0.532
14925	0.524
14975	0.536
15025	0.564
15075	0.548
15125	0.536
15175	0.556
15225	0.532
15275	0.464
15325	0.480
15375	0.472
15425	0.448
15475	0.456
15525	0.516
15575	0.500
15625	0.508
15675	0.516
15725	0.496
15775	0.440
15825	0.432
15875	0.412
15925	0.400
15975	0.424
16025	0.432
16075	0.436
16125	0.440
16175	0.416
16225	0.416
16275	0.436
16325	0.440
16375	0.432
16425	0.464
16475	0.456
16525	0.492
16575	0.504
16625	0.532
16675	0.504
16725	0.476
16775	0.436
16825	0.420
16875	0.376
16925	0.392
16975	0.396
17025	0.392
17075	0.356
17125	0.340
17175	0.356
17225	0.376
17275	0.380
17325	0.428
17375	0.468
17425	0.472
17475	0.476
17525	0.468
17575	0.480
17625	0.448
17675	0.412
17725	0.396
17775	0.432
17825	0.416
17875	0.456
17925	0.476
17975	0.488
18025	0.464
18075	0.436
18125	0.428
18175	0.428
18225	0.432
18275	0.452
18325	0.456
18375	0.456
18425	0.448
18475	0.448
18525	0.440
18575	0.476
18625	0.488
18675	0.488
18725	0.472
18775	0.460
18825	0.412
18875	0.368
18925	0.368
18975	0.372
19025	0.392
19075	0.404
19125	0.452
19175	0.464
19225	0.472
19275	0.448
19325	0.476
19375	0.464
19425	0.492
19475	0.504
19525	0.528
19575	0.524
19625	0.512
19675	0.500
19725	0.504
19775	0.488
19825	0.496
19875	0.516
19925	0.516
19975	0.512
20025	0.500
20075	0.480
20125	0.456
20175	0.448
20225	0.436
20275	0.476
20325	0.476
20375	0.488
20425	0.492
20475	0.492
20525	0.456
20575	0.460
20625	0.468
20675	0.452
20725	0.448
20775	0.456
20825	0.464
20875	0.436
20925	0.444
20975	0.468
21025	0.472
21075	0.456
21125	0.484
21175	0.472
21225	0.460
21275	0.460
21325	0.480
21375	0.464
21425	0.468
21475	0.472
21525	0.480
21575	0.464
21625	0.492
21675	0.504
21725	0.504
21775	0.508
21825	0.532
21875	0.516
21925	0.512
21975	0.476
22025	0.468
22075	0.444
22125	0.444
22175	0.460
22225	0.468
22275	0.452
22325	0.476
22375	0.452
22425	0.428
22475	0.444
22525	0.428
22575	0.400
22625	0.424
22675	0.440
22725	0.420
22775	0.456
22825	0.476
22875	0.480
22925	0.480
22975	0.512
23025	0.512
23075	0.508
23125	0.476
23175	0.488
23225	0.492
23275	0.484
23325	0.484
23375	0.520
23425	0.492
23475	0.472
23525	0.456
23575	0.440
23625	0.416
23675	0.428
23725	0.416
23775	0.412
23825	0.428
23875	0.448
23925	0.448
23975	0.488
24025	0.480
24075	0.512
24125	0.520
24175	0.508
24225	0.496
24275	0.528
24325	0.524
24375	0.512
24425	0.536
24475	0.544
24525	0.556
24575	0.560
24625	0.564
24675	0.524
24725	0.508
24775	0.480
24825	0.412
24875	0.400
24925	0.428
24975	0.424
25025	0.420
25075	0.448
25125	0.448
25175	0.440
25225	0.472
25275	0.504
25325	0.524
25375	0.552
25425	0.572
25475	0.564
25525	0.560
25575	0.572
25625	0.568
25675	0.552
25725	0.560
25775	0.580
25825	0.556
25875	0.552
25925	0.580
25975	0.596
26025	0.584
26075	0.568
26125	0.572
26175	0.536
26225	0.472
26275	0.440
26325	0.504
26375	0.500
26425	0.496
26475	0.524
26525	0.536
26575	0.508
26625	0.520
26675	0.520
26725	0.544
26775	0.564
26825	0.560
26875	0.552
26925	0.568
26975	0.568
27025	0.568
27075	0.588
27125	0.572
27175	0.568
27225	0.548
27275	0.548
27325	0.524
27375	0.516
27425	0.516
27475	0.504
27525	0.496
27575	0.464
27625	0.468
27675	0.480
27725	0.484
27775	0.472
27825	0.496
27875	0.516
27925	0.492
27975	0.480
28025	0.488
28075	0.496
28125	0.492
28175	0.488
28225	0.504
28275	0.520
28325	0.484
28375	0.472
28425	0.464
28475	0.444
28525	0.408
28575	0.440
28625	0.452
28675	0.472
28725	0.460
28775	0.464
28825	0.464
28875	0.420
28925	0.408
28975	0.460
29025	0.472
29075	0.492
29125	0.512
29175	0.512
29225	0.504
29275	0.512
29325	0.504
29375	0.520
29425	0.524
29475	0.496
29525	0.508
29575	0.524
29625	0.512
29675	0.516
29725	0.540
29775	0.536
29825	0.480
29875	0.476
29925	0.488
29975	0.488
30025	0.484
30075	0.508
30125	0.516
30175	0.496
30225	0.476
30275	0.468
30325	0.480
30375	0.496
30425	0.512
30475	0.500
30525	0.464
30575	0.424
30625	0.384
30675	0.356
30725	0.348
30775	0.384
30825	0.408
30875	0.428
30925	0.432
30975	0.468
31025	0.460
31075	0.452
31125	0.460
31175	0.452
31225	0.424
31275	0.404
31325	0.416
31375	0.388
31425	0.380
31475	0.400
31525	0.432
31575	0.444
31625	0.480
31675	0.528
31725	0.524
31775	0.512
31825	0.500
31875	0.476
31925	0.452
31975	0.468
32025	0.464
32075	0.456
32125	0.476
32175	0.492
32225	0.472
32275	0.484
32325	0.504
32375	0.488
32425	0.496
32475	0.528
32525	0.520
32575	0.496
32625	0.508
32675	0.508
32725	0.496
32775	0.472
32825	0.460
32875	0.432
32925	0.404
32975	0.376
33025	0.336
33075	0.296
33125	0.284
33175	0.224
33225	0.192
33275	0.180
33325	0.160
33375	0.112
33425	0.108
33475	0.080
33525	0.112
33575	0.116
33625	0.128
33675	0.140
33725	0.136
33775	0.116
33825	0.128
33875	0.132
33925	0.120
33975	0.128
34025	0.124
34075	0.128
34125	0.140
34175	0.136
34225	0.144
34275	0.152
34325	0.136
34375	0.128
34425	0.140
34475	0.124
34525	0.116
34575	0.132
34625	0.128
34675	0.136
34725	0.184
34775	0.176
34825	0.160
34875	0.180
34925	0.176
34975	0.148
35025	0.164
35075	0.160
35125	0.160
35175	0.152
35225	0.164
35275	0.148
35325	0.148
35375	0.132
35425	0.132
35475	0.120
35525	0.112
35575	0.116
35625	0.112
35675	0.108
35725	0.108
35775	0.116
35825	0.140
35875	0.144
35925	0.160
35975	0.168
36025	0.180
36075	0.160
36125	0.164
36175	0.176
36225	0.144
36275	0.148
36325	0.148
36375	0.144
36425	0.120
36475	0.120
36525	0.128
36575	0.132
36625	0.120
36675	0.108
36725	0.124
36775	0.100
36825	0.084
36875	0.076
36925	0.092
36975	0.112
37025	0.128
37075	0.144
37125	0.200
37175	0.212
37225	0.208
37275	0.200
37325	0.184
37375	0.156
37425	0.128
37475	0.104
37525	0.124
37575	0.140
37625	0.132
37675	0.164
37725	0.168
37775	0.132
37825	0.112
37875	0.104
37925	0.080
37975	0.092
38025	0.104
38075	0.124
38125	0.128
38175	0.144
38225	0.136
38275	0.120
38325	0.140
38375	0.136
38425	0.124
38475	0.100
38525	0.108
38575	0.088
38625	0.092
38675	0.104
38725	0.128
38775	0.192
38825	0.236
38875	0.256
38925	0.276
38975	0.324
39025	0.336
39075	0.352
39125	0.424
39175	0.444
39225	0.456
39275	0.452
39325	0.436
39375	0.396
39425	0.396
39475	0.404
39525	0.412
39575	0.404
39625	0.420
39675	0.428
39725	0.412
39775	0.404
39825	0.412
39875	0.416
39925	0.440
39975	0.436
40025	0.448
40075	0.472
40125	0.472
40175	0.444
40225	0.468
40275	0.468
40325	0.472
40375	0.460
40425	0.476
40475	0.460
40525	0.464
40575	0.464
40625	0.452
40675	0.452
40725	0.472
40775	0.480
40825	0.464
40875	0.484
40925	0.488
40975	0.480
41025	0.448
41075	0.444
41125	0.464
41175	0.460
41225	0.444
41275	0.448
41325	0.456
41375	0.420
41425	0.404
41475	0.400
41525	0.432
41575	0.456
41625	0.480
41675	0.504
41725	0.516
41775	0.516
41825	0.464
41875	0.472
41925	0.444
41975	0.440
42025	0.412
42075	0.452
42125	0.424
42175	0.444
42225	0.440
42275	0.424
42325	0.404
42375	0.404
42425	0.404
42475	0.404
42525	0.420
42575	0.460
42625	0.444
42675	0.436
42725	0.424
42775	0.416
42825	0.380
42875	0.408
42925	0.408
42975	0.424
43025	0.380
43075	0.364
43125	0.364
43175	0.376
43225	0.364
43275	0.400
43325	0.424
43375	0.416
43425	0.396
43475	0.412
43525	0.432
43575	0.436
43625	0.432
43675	0.452
43725	0.424
43775	0.404
43825	0.392
43875	0.436
43925	0.472
43975	0.520
44025	0.540
44075	0.556
44125	0.508
44175	0.464
44225	0.456
44275	0.452
44325	0.452
44375	0.488
44425	0.508
44475	0.500
44525	0.520
44575	0.524
44625	0.520
44675	0.484
44725	0.484
44775	0.492
44825	0.460
44875	0.448
44925	0.452
44975	0.452
45025	0.432
45075	0.452
45125	0.444
45175	0.472
45225	0.488
45275	0.464
45325	0.452
45375	0.448
45425	0.420
45475	0.420
45525	0.428
45575	0.428
45625	0.436
45675	0.444
45725	0.404
45775	0.428
45825	0.420
45875	0.420
45925	0.444
45975	0.464
46025	0.444
46075	0.488
46125	0.504
46175	0.480
46225	0.468
46275	0.464
46325	0.436
46375	0.416
46425	0.436
46475	0.452
46525	0.472
46575	0.456
46625	0.452
46675	0.428
46725	0.420
46775	0.412
46825	0.420
46875	0.408
46925	0.396
46975	0.376
47025	0.364
47075	0.360
47125	0.348
47175	0.376
47225	0.404
47275	0.424
47325	0.432
47375	0.476
47425	0.472
47475	0.448
47525	0.448
47575	0.472
47625	0.480
47675	0.480
47725	0.536
47775	0.568
47825	0.584
47875	0.584
47925	0.580
47975	0.564
48025	0.536
48075	0.508
48125	0.500
48175	0.512
48225	0.516
48275	0.484
48325	0.464
48375	0.440
48425	0.404
48475	0.368
48525	0.364
48575	0.376
48625	0.380
48675	0.376
48725	0.376
48775	0.396
48825	0.392
48875	0.396
48925	0.420
48975	0.440
49025	0.424
49075	0.448
49125	0.456
49175	0.444
49225	0.444
49275	0.452
49325	0.416
49375	0.408
49425	0.420
49475	0.432
49525	0.424
49575	0.432
49625	0.440
49675	0.424
49725	0.396
49775	0.416
49825	0.428
49875	0.400
49925	0.416
49975	0.420
50025	0.440
50075	0.456
50125	0.476
50175	0.476
50225	0.464
50275	0.440
50325	0.412
50375	0.412
50425	0.408
50475	0.432
50525	0.448
50575	0.484
50625	0.492
50675	0.488
50725	0.488
50775	0.476
50825	0.456
50875	0.480
50925	0.512
50975	0.524
51025	0.528
51075	0.524
51125	0.504
51175	0.468
51225	0.476
51275	0.492
51325	0.492
51375	0.496
51425	0.528
51475	0.540
51525	0.508
51575	0.488
51625	0.496
51675	0.492
51725	0.472
51775	0.464
51825	0.484
51875	0.476
51925	0.460
51975	0.416
52025	0.392
52075	0.372
52125	0.356
52175	0.376
52225	0.388
52275	0.420
52325	0.472
52375	0.484
52425	0.456
52475	0.456
52525	0.464
52575	0.456
52625	0.456
52675	0.456
52725	0.464
52775	0.496
52825	0.476
52875	0.456
52925	0.464
52975	0.460
53025	0.388
53075	0.380
53125	0.400
53175	0.404
53225	0.388
53275	0.428
53325	0.436
53375	0.412
53425	0.392
53475	0.400
53525	0.400
53575	0.400
53625	0.408
53675	0.444
53725	0.476
53775	0.468
53825	0.460
53875	0.480
53925	0.504
53975	0.508
54025	0.536
54075	0.568
54125	0.576
54175	0.544
54225	0.520
54275	0.524
54325	0.512
54375	0.496
54425	0.488
54475	0.504
54525	0.500
54575	0.460
54625	0.480
54675	0.500
54725	0.488
54775	0.448
54825	0.496
54875	0.476
54925	0.456
54975	0.468
55025	0.504
55075	0.456
55125	0.444
55175	0.468
55225	0.452
55275	0.412
55325	0.424
55375	0.440
55425	0.408
55475	0.420
55525	0.448
55575	0.432
55625	0.404
55675	0.424
55725	0.436
55775	0.420
55825	0.420
55875	0.432
55925	0.428
55975	0.408
56025	0.408
56075	0.428
56125	0.432
56175	0.416
56225	0.408
56275	0.412
56325	0.392
56375	0.396
56425	0.424
56475	0.420
56525	0.428
56575	0.464
56625	0.456
56675	0.460
56725	0.500
56775	0.508
56825	0.508
56875	0.532
56925	0.528
56975	0.512
57025	0.520
57075	0.540
57125	0.552
57175	0.544
57225	0.552
57275	0.544
57325	0.528
57375	0.528
57425	0.512
57475	0.520
57525	0.500
57575	0.476
57625	0.440
57675	0.444
57725	0.404
57775	0.408
57825	0.428
57875	0.436
57925	0.436
57975	0.452
58025	0.460
58075	0.440
58125	0.448
58175	0.472
58225	0.456
58275	0.424
58325	0.432
58375	0.420
58425	0.396
58475	0.412
58525	0.456
58575	0.436
58625	0.432
58675	0.456
58725	0.464
58775	0.460
58825	0.492
58875	0.508
58925	0.516
58975	0.512
59025	0.512
59075	0.512
59125	0.512
59175	0.516
59225	0.508
59275	0.516
59325	0.500
59375	0.488
59425	0.464
59475	0.464
59525	0.472
59575	0.480
59625	0.492
59675	0.504
59725	0.500
59775	0.476
59825	0.472
59875	0.460
59925	0.420
59975	0.400
60025	0.404
60075	0.400
60125	0.404
60175	0.392
60225	0.416
60275	0.428
60325	0.448
60375	0.444
60425	0.416
60475	0.400
60525	0.376
60575	0.384
60625	0.380
60675	0.440
60725	0.468
60775	0.508
60825	0.496
60875	0.492
60925	0.492
60975	0.512
61025	0.488
61075	0.500
61125	0.520
61175	0.524
61225	0.496
61275	0.500
61325	0.492
61375	0.472
61425	0.468
61475	0.480
61525	0.492
61575	0.484
61625	0.504
61675	0.528
61725	0.524
61775	0.508
61825	0.508
61875	0.492
61925	0.456
61975	0.428
62025	0.424
62075	0.412
62125	0.412
62175	0.424
62225	0.436
62275	0.464
62325	0.472
62375	0.480
62425	0.496
62475	0.508
62525	0.480
62575	0.504
62625	0.516
62675	0.492
62725	0.512
62775	0.528
62825	0.496
62875	0.488
62925	0.504
62975	0.476
63025	0.460
63075	0.476
63125	0.496
63175	0.504
63225	0.508
63275	0.536
63325	0.532
63375	0.524
63425	0.536
63475	0.520
63525	0.508
63575	0.496
63625	0.500
63675	0.484
63725	0.516
63775	0.504
63825	0.504
63875	0.488
63925	0.484
63975	0.460
64025	0.436
64075	0.440
64125	0.436
64175	0.416
64225	0.428
64275	0.440
64325	0.436
64375	0.428
64425	0.428
64475	0.420
64525	0.452
64575	0.488
64625	0.508
64675	0.540
64725	0.572
64775	0.552
64825	0.536
64875	0.564
64925	0.552
64975	0.540
65025	0.548
65075	0.568
65125	0.528
65175	0.516
65225	0.496
65275	0.488
65325	0.460
65375	0.448
65425	0.456
65475	0.472
65525	0.468
65575	0.468
65625	0.484
65675	0.480
65725	0.468
65775	0.488
65825	0.492
65875	0.460
65925	0.444
65975	0.460
66025	0.468
66075	0.456
66125	0.492
66175	0.520
66225	0.508
66275	0.472
66325	0.472
66375	0.444
66425	0.420
66475	0.432
66525	0.436
66575	0.428
66625	0.452
66675	0.488
66725	0.468
66775	0.436
66825	0.436
66875	0.440
66925	0.412
66975	0.416
67025	0.440
67075	0.452
67125	0.428
67175	0.432
67225	0.448
67275	0.468
67325	0.452
67375	0.472
67425	0.452
67475	0.460
67525	0.440
67575	0.464
67625	0.448
67675	0.464
67725	0.436
67775	0.464
67825	0.476
67875	0.488
67925	0.492
67975	0.512
68025	0.532
68075	0.504
68125	0.516
68175	0.504
68225	0.504
68275	0.436
68325	0.440
68375	0.420
68425	0.428
68475	0.404
68525	0.404
68575	0.412
68625	0.428
68675	0.440
68725	0.444
68775	0.484
68825	0.488
68875	0.480
68925	0.456
68975	0.472
69025	0.460
69075	0.432
69125	0.420
69175	0.452
69225	0.444
69275	0.440
69325	0.432
69375	0.452
69425	0.420
69475	0.424
69525	0.420
69575	0.456
69625	0.428
69675	0.448
69725	0.460
69775	0.468
69825	0.452
69875	0.484
69925	0.488
69975	0.472
70025	0.492
70075	0.524
70125	0.548
70175	0.524
70225	0.532
70275	0.524
70325	0.512
70375	0.488
70425	0.524
70475	0.524
70525	0.532
70575	0.520
70625	0.492
70675	0.456
70725	0.464
70775	0.416
70825	0.400
70875	0.424
70925	0.452
70975	0.420
71025	0.456
71075	0.468
71125	0.460
71175	0.444
71225	0.468
71275	0.484
71325	0.480
71375	0.488
71425	0.512
71475	0.508
71525	0.500
71575	0.508
71625	0.516
71675	0.500
71725	0.460
71775	0.440
71825	0.472
71875	0.464
71925	0.460
71975	0.516
72025	0.536
72075	0.532
72125	0.516
72175	0.536
72225	0.532
72275	0.504
72325	0.464
72375	0.468
72425	0.448
72475	0.412
72525	0.396
72575	0.396
72625	0.404
72675	0.388
72725	0.388
72775	0.388
72825	0.388
72875	0.388
72925	0.416
72975	0.464
73025	0.496
73075	0.508
73125	0.520
73175	0.536
73225	0.504
73275	0.544
73325	0.556
73375	0.552
73425	0.560
73475	0.540
73525	0.520
73575	0.528
73625	0.528
73675	0.476
73725	0.500
73775	0.468
73825	0.456
73875	0.480
73925	0.492
73975	0.480
74025	0.504
74075	0.492
74125	0.444
74175	0.420
74225	0.400
74275	0.384
74325	0.388
74375	0.432
74425	0.472
74475	0.488
74525	0.512
74575	0.520
74625	0.488
74675	0.484
74725	0.508
74775	0.500
74825	0.504
74875	0.500
74925	0.488
74975	0.472
75025	0.440
75075	0.416
75125	0.416
75175	0.440
75225	0.432
75275	0.460
75325	0.456
75375	0.472
75425	0.444
75475	0.460
75525	0.460
75575	0.468
75625	0.468
75675	0.488
75725	0.492
75775	0.472
75825	0.480
75875	0.476
75925	0.484
75975	0.488
76025	0.496
76075	0.504
76125	0.492
76175	0.436
76225	0.408
76275	0.412
76325	0.412
76375	0.416
76425	0.448
76475	0.476
76525	0.468
76575	0.464
76625	0.488
76675	0.492
76725	0.496
76775	0.504
76825	0.492
76875	0.476
76925	0.496
76975	0.488
77025	0.504
77075	0.504
77125	0.504
77175	0.468
77225	0.440
77275	0.416
77325	0.428
77375	0.420
77425	0.428
77475	0.460
77525	0.484
77575	0.468
77625	0.460
77675	0.472
77725	0.456
77775	0.436
77825	0.456
77875	0.444
77925	0.428
77975	0.420
78025	0.416
78075	0.440
78125	0.456
78175	0.456
78225	0.452
78275	0.448
78325	0.412
78375	0.412
78425	0.416
78475	0.424
78525	0.444
78575	0.448
78625	0.480
78675	0.492
78725	0.504
78775	0.484
78825	0.484
78875	0.448
78925	0.464
78975	0.468
79025	0.484
79075	0.508
79125	0.516
79175	0.508
79225	0.464
79275	0.444
79325	0.420
79375	0.396
79425	0.376
79475	0.416
79525	0.428
79575	0.428
79625	0.444
79675	0.456
79725	0.412
79775	0.400
79825	0.408
79875	0.420
79925	0.420
79975	0.476
80025	0.508
80075	0.500
80125	0.488
80175	0.480
80225	0.476
80275	0.452
80325	0.452
80375	0.492
80425	0.464
80475	0.452
80525	0.488
80575	0.476
80625	0.440
80675	0.452
80725	0.452
80775	0.396
80825	0.392
80875	0.396
80925	0.404
80975	0.396
81025	0.416
81075	0.404
81125	0.404
81175	0.428
81225	0.420
81275	0.416
81325	0.424
81375	0.392
81425	0.376
81475	0.372
81525	0.340
81575	0.336
81625	0.368
81675	0.368
81725	0.392
81775	0.428
81825	0.472
81875	0.480
81925	0.480
81975	0.480
82025	0.488
82075	0.444
82125	0.428
82175	0.476
82225	0.492
82275	0.508
82325	0.520
82375	0.496
82425	0.440
82475	0.428
82525	0.420
82575	0.428
82625	0.480
82675	0.524
82725	0.560
82775	0.564
82825	0.584
82875	0.588
82925	0.580
82975	0.540
83025	0.524
83075	0.516
83125	0.516
83175	0.508
83225	0.496
83275	0.480
83325	0.464
83375	0.420
83425	0.428
83475	0.424
83525	0.444
83575	0.472
83625	0.496
83675	0.488
83725	0.512
83775	0.512
83825	0.468
83875	0.476
83925	0.492
83975	0.488
84025	0.484
84075	0.508
84125	0.488
84175	0.452
84225	0.436
84275	0.440
84325	0.456
84375	0.460
84425	0.468
84475	0.472
84525	0.468
84575	0.464
84625	0.472
84675	0.468
84725	0.468
84775	0.480
84825	0.472
84875	0.472
84925	0.492
84975	0.508
85025	0.476
85075	0.436
85125	0.448
85175	0.444
85225	0.436
85275	0.456
85325	0.484
85375	0.480
85425	0.456
85475	0.432
85525	0.452
85575	0.440
85625	0.440
85675	0.420
85725	0.448
85775	0.424
85825	0.416
85875	0.380
85925	0.396
85975	0.388
86025	0.408
86075	0.436
86125	0.468
86175	0.476
86225	0.460
86275	0.468
86325	0.460
86375	0.476
86425	0.492
86475	0.536
86525	0.524
86575	0.536
86625	0.528
86675	0.540
86725	0.512
86775	0.480
86825	0.408
86875	0.396
86925	0.372
86975	0.384
87025	0.424
87075	0.504
87125	0.512
87175	0.496
87225	0.460
87275	0.444
87325	0.452
87375	0.456
87425	0.492
87475	0.528
87525	0.544
87575	0.528
87625	0.512
87675	0.496
87725	0.504
87775	0.472
87825	0.460
87875	0.464
87925	0.472
87975	0.456
88025	0.468
88075	0.464
88125	0.476
88175	0.472
88225	0.480
88275	0.480
88325	0.496
88375	0.508
88425	0.500
88475	0.488
88525	0.500
88575	0.492
88625	0.464
88675	0.472
88725	0.488
88775	0.468
88825	0.476
88875	0.432
88925	0.444
88975	0.428
89025	0.464
89075	0.484
89125	0.504
89175	0.472
89225	0.468
89275	0.460
89325	0.400
89375	0.388
89425	0.416
89475	0.424
89525	0.396
89575	0.416
89625	0.436
89675	0.428
89725	0.404
89775	0.388
89825	0.392
89875	0.388
89925	0.372
89975	0.368
90025	0.408
90075	0.420
90125	0.452
90175	0.472
90225	0.500
90275	0.460
90325	0.452
90375	0.420
90425	0.416
90475	0.416
90525	0.460
90575	0.492
90625	0.520
90675	0.528
90725	0.544
90775	0.528
90825	0.492
90875	0.496
90925	0.472
90975	0.464
91025	0.468
91075	0.480
91125	0.484
91175	0.496
91225	0.472
91275	0.452
91325	0.444
91375	0.428
91425	0.424
91475	0.420
91525	0.440
91575	0.452
91625	0.452
91675	0.440
91725	0.448
91775	0.448
91825	0.452
91875	0.440
91925	0.444
91975	0.456
92025	0.448
92075	0.428
92125	0.448
92175	0.440
92225	0.432
92275	0.428
92325	0.428
92375	0.408
92425	0.416
92475	0.416
92525	0.436
92575	0.436
92625	0.444
92675	0.452
92725	0.456
92775	0.432
92825	0.432
92875	0.436
92925	0.428
92975	0.428
93025	0.424
93075	0.444
93125	0.448
93175	0.472
93225	0.488
93275	0.500
93325	0.484
93375	0.488
93425	0.440
93475	0.444
93525	0.452
93575	0.448
93625	0.432
93675	0.472
93725	0.436
93775	0.432
93825	0.448
93875	0.460
93925	0.472
93975	0.480
94025	0.460
94075	0.444
94125	0.432
94175	0.448
94225	0.464
94275	0.480
94325	0.504
94375	0.504
94425	0.472
94475	0.484
94525	0.496
94575	0.496
94625	0.488
94675	0.460
94725	0.424
94775	0.420
94825	0.392
94875	0.396
94925	0.412
94975	0.436
95025	0.444
95075	0.452
95125	0.480
95175	0.524
95225	0.532
95275	0.524
95325	0.552
95375	0.548
95425	0.528
95475	0.504
95525	0.484
95575	0.468
95625	0.452
95675	0.460
95725	0.468
95775	0.480
95825	0.496
95875	0.508
95925	0.488
95975	0.492
96025	0.508
96075	0.516
96125	0.496
96175	0.508
96225	0.484
96275	0.460
96325	0.444
96375	0.452
96425	0.420
96475	0.444
96525	0.432
96575	0.424
96625	0.432
96675	0.452
96725	0.444
96775	0.460
96825	0.476
96875	0.480
96925	0.496
96975	0.540
97025	0.532
97075	0.516
97125	0.520
97175	0.512
97225	0.488
97275	0.496
97325	0.524
97375	0.512
97425	0.528
97475	0.544
97525	0.536
97575	0.496
97625	0.488
97675	0.452
97725	0.400
97775	0.416
97825	0.436
97875	0.452
97925	0.404
97975	0.384
98025	0.376
98075	0.364
98125	0.336
98175	0.392
98225	0.436
98275	0.420
98325	0.420
98375	0.460
98425	0.460
98475	0.484
98525	0.516
98575	0.508
98625	0.516
98675	0.528
98725	0.524
98775	0.512
98825	0.536
98875	0.508
98925	0.496
98975	0.472
99025	0.492
99075	0.520
99125	0.528
99175	0.540
99225	0.548
99275	0.528
99325	0.512
99375	0.540
99425	0.540
99475	0.552
99525	0.572
99575	0.540
99625	0.516
99675	0.516
99725	0.520
99775	0.508
99825	0.504
99875	0.480
99925	0.476
99975	0.476
100025	0.464
100075	0.500
100125	0.536
100175	0.516
100225	0.472
100275	0.492
100325	0.472
100375	0.460
100425	0.492
100475	0.512
100525	0.528
100575	0.528
100625	0.564
100675	0.544
100725	0.536
100775	0.516
100825	0.528
100875	0.504
100925	0.508
100975	0.532
101025	0.540
101075	0.536
101125	0.520
101175	0.540
101225	0.512
101275	0.508
101325	0.508
101375	0.520
101425	0.512
101475	0.548
101525	0.536
101575	0.528
101625	0.536
101675	0.520
101725	0.488
101775	0.492
101825	0.492
101875	0.484
101925	0.512
101975	0.532
102025	0.536
102075	0.528
102125	0.508
102175	0.496
102225	0.516
102275	0.524
102325	0.536
102375	0.568
102425	0.544
102475	0.524
102525	0.532
102575	0.536
102625	0.488
102675	0.488
102725	0.484
102775	0.440
102825	0.396
102875	0.392
102925	0.372
102975	0.332
103025	0.356
103075	0.368
103125	0.400
103175	0.432
103225	0.452
103275	0.488
103325	0.508
103375	0.516
103425	0.512
103475	0.532
103525	0.520
103575	0.524
103625	0.516
103675	0.520
103725	0.524
103775	0.492
103825	0.472
103875	0.464
103925	0.472
103975	0.468
104025	0.492
104075	0.532
104125	0.524
104175	0.508
104225	0.480
104275	0.464
104325	0.456
104375	0.452
104425	0.472
104475	0.508
104525	0.504
104575	0.488
104625	0.496
104675	0.476
104725	0.464
104775	0.472
104825	0.472
104875	0.476
104925	0.464
104975	0.464
105025	0.484
105075	0.480
105125	0.500
105175	0.536
105225	0.544
105275	0.524
105325	0.512
105375	0.476
105425	0.448
105475	0.444
105525	0.424
105575	0.424
105625	0.436
105675	0.424
105725	0.392
105775	0.352
105825	0.328
105875	0.316
105925	0.292
105975	0.336
106025	0.380
106075	0.436
106125	0.440
106175	0.476
106225	0.468
106275	0.512
106325	0.500
106375	0.520
106425	0.552
106475	0.564
106525	0.492
106575	0.468
106625	0.428
106675	0.360
106725	0.324
106775	0.376
106825	0.400
106875	0.412
106925	0.460
106975	0.484
107025	0.464
107075	0.444
107125	0.472
107175	0.484
107225	0.476
107275	0.468
107325	0.508
107375	0.524
107425	0.512
107475	0.536
107525	0.552
107575	0.536
107625	0.528
107675	0.520
107725	0.504
107775	0.508
107825	0.516
107875	0.476
107925	0.512
107975	0.488
108025	0.480
108075	0.428
108125	0.416
108175	0.336
108225	0.348
108275	0.352
108325	0.376
108375	0.408
108425	0.460
108475	0.468
108525	0.468
108575	0.488
108625	0.484
108675	0.504
108725	0.512
108775	0.540
108825	0.524
108875	0.552
108925	0.536
108975	0.528
109025	0.500
109075	0.504
109125	0.448
109175	0.452
109225	0.436
109275	0.452
109325	0.440
109375	0.508
109425	0.492
109475	0.492
109525	0.472
109575	0.456
109625	0.412
109675	0.404
109725	0.400
109775	0.376
109825	0.424
109875	0.436
109925	0.456
109975	0.476
110025	0.516
110075	0.500
110125	0.496
110175	0.516
110225	0.528
110275	0.508
110325	0.508
110375	0.500
110425	0.468
110475	0.444
110525	0.456
110575	0.436
110625	0.460
110675	0.464
110725	0.476
110775	0.488
110825	0.520
110875	0.516
110925	0.532
110975	0.536
111025	0.528
111075	0.504
111125	0.524
111175	0.520
111225	0.548
111275	0.540
111325	0.548
111375	0.524
111425	0.524
111475	0.500
111525	0.516
111575	0.524
111625	0.532
111675	0.536
111725	0.540
111775	0.552
111825	0.548
111875	0.536
111925	0.540
111975	0.556
112025	0.540
112075	0.540
112125	0.552
112175	0.520
112225	0.500
112275	0.496
112325	0.512
112375	0.484
112425	0.524
112475	0.508
112525	0.524
112575	0.512
112625	0.544
112675	0.548
112725	0.552
112775	0.512
112825	0.504
112875	0.500
112925	0.488
112975	0.496
113025	0.524
113075	0.544
113125	0.512
113175	0.496
113225	0.512
113275	0.504
113325	0.492
113375	0.524
113425	0.548
113475	0.524
113525	0.544
113575	0.552
113625	0.536
113675	0.500
113725	0.500
113775	0.496
113825	0.472
113875	0.460
113925	0.480
113975	0.492
114025	0.480
114075	0.500
114125	0.516
114175	0.528
114225	0.520
114275	0.500
114325	0.500
114375	0.516
114425	0.488
114475	0.468
114525	0.472
114575	0.492
114625	0.476
114675	0.488
114725	0.504
114775	0.508
114825	0.468
114875	0.460
114925	0.476
114975	0.476
115025	0.480
115075	0.476
115125	0.460
115175	0.436
115225	0.424
115275	0.412
115325	0.440
115375	0.464
115425	0.484
115475	0.500
115525	0.488
115575	0.488
115625	0.508
115675	0.464
115725	0.452
115775	0.460
115825	0.428
115875	0.384
115925	0.396
115975	0.388
116025	0.400
116075	0.428
116125	0.472
116175	0.504
116225	0.520
116275	0.552
116325	0.520
116375	0.504
116425	0.508
116475	0.516
116525	0.516
116575	0.560
116625	0.568
116675	0.560
116725	0.556
116775	0.540
116825	0.540
116875	0.520
116925	0.500
116975	0.496
117025	0.500
117075	0.504
117125	0.536
117175	0.556
117225	0.568
117275	0.564
117325	0.560
117375	0.552
117425	0.552
117475	0.528
117525	0.528
117575	0.512
117625	0.496
117675	0.480
117725	0.488
117775	0.508
117825	0.520
117875	0.516
117925	0.540
117975	0.560
118025	0.544
118075	0.520
118125	0.528
118175	0.508
118225	0.492
118275	0.492
118325	0.520
118375	0.540
118425	0.536
118475	0.576
118525	0.544
118575	0.528
118625	0.496
118675	0.524
118725	0.496
118775	0.516
118825	0.520
118875	0.564
118925	0.548
118975	0.540
119025	0.532
119075	0.532
119125	0.512
119175	0.512
119225	0.524
119275	0.540
119325	0.544
119375	0.528
119425	0.524
119475	0.532
119525	0.544
119575	0.548
119625	0.548
119675	0.544
119725	0.512
119775	0.468
119825	0.448
119875	0.440
119925	0.432
119975	0.440
120025	0.452
120075	0.444
120125	0.428
120175	0.400
120225	0.404
120275	0.408
120325	0.408
120375	0.436
120425	0.496
120475	0.496
120525	0.496
120575	0.500
120625	0.472
120675	0.432
120725	0.436
120775	0.436
120825	0.436
120875	0.460
120925	0.476
120975	0.464
121025	0.484
121075	0.488
121125	0.508
121175	0.504
121225	0.492
121275	0.472
121325	0.496
121375	0.484
121425	0.468
121475	0.488
121525	0.520
121575	0.500
121625	0.448
121675	0.452
121725	0.416
121775	0.396
121825	0.376
121875	0.408
121925	0.444
121975	0.468
122025	0.472
122075	0.488
122125	0.500
122175	0.468
122225	0.464
122275	0.472
122325	0.468
122375	0.456
122425	0.456
122475	0.444
122525	0.404
122575	0.396
122625	0.408
122675	0.420
122725	0.428
122775	0.420
122825	0.400
122875	0.384
122925	0.364
122975	0.360
123025	0.380
123075	0.396
123125	0.424
123175	0.424
123225	0.420
123275	0.392
123325	0.404
123375	0.380
123425	0.392
123475	0.408
123525	0.428
123575	0.420
123625	0.444
123675	0.472
123725	0.484
123775	0.480
123825	0.492
123875	0.460
123925	0.460
123975	0.448
124025	0.436
124075	0.388
124125	0.380
124175	0.356
124225	0.328
124275	0.296
124325	0.304
124375	0.268
124425	0.192
124475	0.156
124525	0.156
124575	0.164
124625	0.172
124675	0.168
124725	0.192
124775	0.204
124825	0.204
124875	0.220
124925	0.288
124975	0.316
125025	0.336
125075	0.348
125125	0.360
125175	0.368
125225	0.356
125275	0.376
125325	0.360
125375	0.348
125425	0.328
125475	0.316
125525	0.308
125575	0.296
125625	0.284
125675	0.256
125725	0.248
125775	0.228
125825	0.256
125875	0.256
125925	0.276
125975	0.284
126025	0.260
126075	0.224
126125	0.220
126175	0.216
126225	0.204
126275	0.192
126325	0.188
126375	0.212
126425	0.188
126475	0.160
126525	0.184
126575	0.188
126625	0.180
126675	0.220
126725	0.276
126775	0.320
126825	0.332
126875	0.368
126925	0.404
126975	0.432
127025	0.428
127075	0.452
127125	0.464
127175	0.444
127225	0.472
127275	0.456
127325	0.484
127375	0.480
127425	0.488
127475	0.496
127525	0.512
127575	0.528
127625	0.568
127675	0.576
127725	0.536
127775	0.552
127825	0.516
127875	0.484
127925	0.476
127975	0.492
128025	0.484
128075	0.516
128125	0.528
128175	0.556
128225	0.544
128275	0.548
128325	0.532
128375	0.540
128425	0.492
128475	0.516
128525	0.520
128575	0.500
128625	0.492
128675	0.516
128725	0.484
128775	0.492
128825	0.508
128875	0.492
128925	0.492
128975	0.488
129025	0.448
129075	0.424
129125	0.416
129175	0.400
129225	0.384
129275	0.408
129325	0.428
129375	0.408
129425	0.400
129475	0.408
129525	0.388
129575	0.384
129625	0.408
129675	0.432
129725	0.436
129775	0.464
129825	0.456
129875	0.424
129925	0.408
129975	0.412
130025	0.396
130075	0.416
130125	0.448
130175	0.468
130225	0.504
130275	0.520
130325	0.528
130375	0.556
130425	0.576
130475	0.584
130525	0.608
130575	0.608
130625	0.604
130675	0.572
130725	0.552
130775	0.532
130825	0.524
130875	0.508
130925	0.508
130975	0.472
131025	0.472
131075	0.484
131125	0.460
131175	0.480
131225	0.520
131275	0.504
131325	0.492
131375	0.520
131425	0.500
131475	0.476
131525	0.504
131575	0.480
131625	0.476
131675	0.460
131725	0.484
131775	0.468
131825	0.480
131875	0.460
131925	0.488
131975	0.456
132025	0.436
132075	0.472
132125	0.456
132175	0.444
132225	0.460
132275	0.480
132325	0.464
132375	0.496
132425	0.508
132475	0.484
132525	0.480
132575	0.476
132625	0.468
132675	0.480
132725	0.488
132775	0.460
132825	0.460
132875	0.460
132925	0.464
132975	0.492
133025	0.516
133075	0.528
133125	0.544
133175	0.532
133225	0.528
133275	0.528
133325	0.524
133375	0.508
133425	0.484
133475	0.512
133525	0.520
133575	0.500
133625	0.488
133675	0.488
133725	0.420
133775	0.388
133825	0.388
133875	0.376
133925	0.396
133975	0.412
134025	0.440
134075	0.436
134125	0.456
134175	0.444
134225	0.424
134275	0.392
134325	0.392
134375	0.400
134425	0.400
134475	0.432
134525	0.448
134575	0.448
134625	0.436
134675	0.440
134725	0.480
134775	0.504
134825	0.544
134875	0.544
134925	0.528
134975	0.504
135025	0.512
135075	0.492
135125	0.500
135175	0.528
135225	0.528
135275	0.492
135325	0.484
135375	0.456
135425	0.436
135475	0.432
135525	0.408
135575	0.384
135625	0.388
135675	0.372
135725	0.340
135775	0.384
135825	0.412
135875	0.404
135925	0.396
135975	0.408
136025	0.372
136075	0.336
136125	0.364
136175	0.384
136225	0.404
136275	0.436
136325	0.472
136375	0.480
136425	0.520
136475	0.544
136525	0.564
136575	0.580
136625	0.596
136675	0.564
136725	0.544
136775	0.528
136825	0.528
136875	0.520
136925	0.532
136975	0.540
137025	0.568
137075	0.588
137125	0.580
137175	0.588
137225	0.596
137275	0.580
137325	0.544
137375	0.540
137425	0.532
137475	0.508
137525	0.548
137575	0.592
137625	0.600
137675	0.612
137725	0.636
137775	0.608
137825	0.596
137875	0.604
137925	0.616
137975	0.604
138025	0.616
138075	0.620
138125	0.640
138175	0.664
138225	0.688
138275	0.680
138325	0.672
138375	0.648
138425	0.612
138475	0.584
138525	0.568
138575	0.540
138625	0.536
138675	0.540
138725	0.560
138775	0.584
138825	0.604
138875	0.616
138925	0.608
138975	0.608
139025	0.588
139075	0.600
139125	0.600
139175	0.600
139225	0.592
139275	0.612
139325	0.604
139375	0.604
139425	0.620
139475	0.604
139525	0.576
139575	0.564
139625	0.584
139675	0.580
139725	0.588
139775	0.604
139825	0.600
139875	0.576
139925	0.536
139975	0.560
140025	0.564
140075	0.568
140125	0.572
140175	0.612
140225	0.608
140275	0.596
140325	0.600
140375	0.596
140425	0.584
140475	0.564
