Position	Percent G+C 1 .. 50020
125	0.504
175	0.468
225	0.432
275	0.388
325	0.368
375	0.344
425	0.324
475	0.340
525	0.356
575	0.360
625	0.368
675	0.380
725	0.380
775	0.392
825	0.380
875	0.376
925	0.380
975	0.384
1025	0.376
1075	0.372
1125	0.400
1175	0.384
1225	0.336
1275	0.336
1325	0.324
1375	0.312
1425	0.344
1475	0.380
1525	0.396
1575	0.392
1625	0.396
1675	0.352
1725	0.316
1775	0.300
1825	0.324
1875	0.312
1925	0.328
1975	0.376
2025	0.384
2075	0.344
2125	0.340
2175	0.332
2225	0.328
2275	0.316
2325	0.336
2375	0.368
2425	0.372
2475	0.364
2525	0.384
2575	0.408
2625	0.376
2675	0.388
2725	0.372
2775	0.340
2825	0.344
2875	0.340
2925	0.364
2975	0.364
3025	0.396
3075	0.360
3125	0.352
3175	0.316
3225	0.324
3275	0.320
3325	0.356
3375	0.372
3425	0.412
3475	0.404
3525	0.408
3575	0.428
3625	0.456
3675	0.420
3725	0.408
3775	0.388
3825	0.336
3875	0.292
3925	0.336
3975	0.392
4025	0.380
4075	0.436
4125	0.472
4175	0.424
4225	0.376
4275	0.380
4325	0.320
4375	0.316
4425	0.328
4475	0.356
4525	0.364
4575	0.316
4625	0.224
4675	0.152
4725	0.064
4775	0.000
4825	0.000
4875	0.000
4925	0.000
4975	0.000
5025	0.000
5075	0.000
5125	0.000
5175	0.000
5225	0.000
5275	0.000
5325	0.000
5375	0.000
5425	0.000
5475	0.000
5525	0.000
5575	0.000
5625	0.000
5675	0.000
5725	0.000
5775	0.000
5825	0.000
5875	0.060
5925	0.132
5975	0.204
6025	0.288
6075	0.372
6125	0.388
6175	0.384
6225	0.404
6275	0.420
6325	0.420
6375	0.428
6425	0.452
6475	0.464
6525	0.436
6575	0.424
6625	0.432
6675	0.408
6725	0.392
6775	0.408
6825	0.436
6875	0.424
6925	0.440
6975	0.452
7025	0.428
7075	0.412
7125	0.424
7175	0.424
7225	0.412
7275	0.432
7325	0.428
7375	0.448
7425	0.436
7475	0.412
7525	0.400
7575	0.404
7625	0.368
7675	0.380
7725	0.408
7775	0.424
7825	0.412
7875	0.420
7925	0.412
7975	0.412
8025	0.424
8075	0.432
8125	0.420
8175	0.404
8225	0.400
8275	0.376
8325	0.380
8375	0.388
8425	0.408
8475	0.380
8525	0.400
8575	0.396
8625	0.388
8675	0.392
8725	0.420
8775	0.400
8825	0.380
8875	0.384
8925	0.360
8975	0.376
9025	0.384
9075	0.424
9125	0.408
9175	0.408
9225	0.360
9275	0.360
9325	0.356
9375	0.372
9425	0.432
9475	0.456
9525	0.444
9575	0.444
9625	0.436
9675	0.404
9725	0.412
9775	0.440
9825	0.396
9875	0.408
9925	0.400
9975	0.412
10025	0.384
10075	0.412
10125	0.424
10175	0.424
10225	0.396
10275	0.420
10325	0.424
10375	0.412
10425	0.428
10475	0.452
10525	0.436
10575	0.440
10625	0.456
10675	0.432
10725	0.440
10775	0.436
10825	0.440
10875	0.440
10925	0.464
10975	0.448
11025	0.472
11075	0.484
11125	0.484
11175	0.480
11225	0.492
11275	0.480
11325	0.444
11375	0.440
11425	0.472
11475	0.468
11525	0.476
11575	0.512
11625	0.540
11675	0.512
11725	0.504
11775	0.492
11825	0.476
11875	0.420
11925	0.372
11975	0.368
12025	0.340
12075	0.360
12125	0.396
12175	0.404
12225	0.392
12275	0.388
12325	0.384
12375	0.332
12425	0.328
12475	0.328
12525	0.336
12575	0.308
12625	0.308
12675	0.292
12725	0.288
12775	0.328
12825	0.328
12875	0.376
12925	0.432
12975	0.456
13025	0.432
13075	0.416
13125	0.404
13175	0.372
13225	0.368
13275	0.360
13325	0.360
13375	0.324
13425	0.316
13475	0.316
13525	0.368
13575	0.392
13625	0.440
13675	0.460
13725	0.440
13775	0.400
13825	0.380
13875	0.360
13925	0.376
13975	0.380
14025	0.376
14075	0.384
14125	0.372
14175	0.364
14225	0.372
14275	0.364
14325	0.352
14375	0.368
14425	0.368
14475	0.364
14525	0.364
14575	0.404
14625	0.408
14675	0.416
14725	0.424
14775	0.456
14825	0.448
14875	0.460
14925	0.476
14975	0.492
15025	0.484
15075	0.480
15125	0.476
15175	0.480
15225	0.484
15275	0.484
15325	0.488
15375	0.508
15425	0.496
15475	0.488
15525	0.496
15575	0.512
15625	0.520
15675	0.500
15725	0.460
15775	0.424
15825	0.388
15875	0.360
15925	0.372
15975	0.408
16025	0.444
16075	0.464
16125	0.480
16175	0.484
16225	0.492
16275	0.464
16325	0.464
16375	0.488
16425	0.500
16475	0.472
16525	0.480
16575	0.476
16625	0.436
16675	0.412
16725	0.400
16775	0.388
16825	0.400
16875	0.388
16925	0.380
16975	0.408
17025	0.432
17075	0.444
17125	0.460
17175	0.512
17225	0.524
17275	0.528
17325	0.520
17375	0.524
17425	0.504
17475	0.504
17525	0.540
17575	0.508
17625	0.520
17675	0.540
17725	0.556
17775	0.524
17825	0.560
17875	0.544
17925	0.520
17975	0.508
18025	0.480
18075	0.464
18125	0.452
18175	0.432
18225	0.400
18275	0.392
18325	0.388
18375	0.408
18425	0.404
18475	0.376
18525	0.356
18575	0.332
18625	0.284
18675	0.292
18725	0.312
18775	0.352
18825	0.376
18875	0.412
18925	0.416
18975	0.420
19025	0.424
19075	0.456
19125	0.460
19175	0.500
19225	0.536
19275	0.568
19325	0.536
19375	0.524
19425	0.476
19475	0.440
19525	0.388
19575	0.380
19625	0.340
19675	0.324
19725	0.344
19775	0.356
19825	0.376
19875	0.412
19925	0.448
19975	0.468
20025	0.456
20075	0.428
20125	0.448
20175	0.468
20225	0.444
20275	0.476
20325	0.504
20375	0.468
20425	0.472
20475	0.480
20525	0.488
20575	0.508
20625	0.528
20675	0.500
20725	0.508
20775	0.480
20825	0.460
20875	0.464
20925	0.460
20975	0.460
21025	0.444
21075	0.420
21125	0.412
21175	0.404
21225	0.392
21275	0.384
21325	0.384
21375	0.384
21425	0.380
21475	0.388
21525	0.436
21575	0.444
21625	0.448
21675	0.484
21725	0.492
21775	0.476
21825	0.492
21875	0.512
21925	0.500
21975	0.500
22025	0.500
22075	0.508
22125	0.504
22175	0.488
22225	0.460
22275	0.468
22325	0.436
22375	0.416
22425	0.408
22475	0.436
22525	0.424
22575	0.468
22625	0.476
22675	0.508
22725	0.500
22775	0.516
22825	0.492
22875	0.480
22925	0.460
22975	0.480
23025	0.500
23075	0.488
23125	0.540
23175	0.508
23225	0.496
23275	0.480
23325	0.508
23375	0.460
23425	0.492
23475	0.480
23525	0.484
23575	0.460
23625	0.484
23675	0.484
23725	0.500
23775	0.484
23825	0.464
23875	0.448
23925	0.432
23975	0.412
24025	0.408
24075	0.440
24125	0.444
24175	0.452
24225	0.468
24275	0.488
24325	0.480
24375	0.480
24425	0.484
24475	0.488
24525	0.472
24575	0.504
24625	0.524
24675	0.532
24725	0.520
24775	0.536
24825	0.508
24875	0.452
24925	0.440
24975	0.436
25025	0.408
25075	0.372
25125	0.432
25175	0.440
25225	0.440
25275	0.448
25325	0.484
25375	0.472
25425	0.484
25475	0.496
25525	0.480
25575	0.484
25625	0.472
25675	0.448
25725	0.440
25775	0.448
25825	0.456
25875	0.468
25925	0.476
25975	0.480
26025	0.516
26075	0.520
26125	0.516
26175	0.540
26225	0.580
26275	0.568
26325	0.572
26375	0.548
26425	0.556
26475	0.488
26525	0.432
26575	0.400
26625	0.412
26675	0.376
26725	0.392
26775	0.440
26825	0.408
26875	0.404
26925	0.396
26975	0.380
27025	0.360
27075	0.392
27125	0.400
27175	0.424
27225	0.416
27275	0.412
27325	0.408
27375	0.392
27425	0.392
27475	0.420
27525	0.432
27575	0.440
27625	0.424
27675	0.384
27725	0.368
27775	0.340
27825	0.344
27875	0.336
27925	0.372
27975	0.344
28025	0.348
28075	0.336
28125	0.364
28175	0.360
28225	0.416
28275	0.428
28325	0.444
28375	0.464
28425	0.496
28475	0.476
28525	0.460
28575	0.432
28625	0.412
28675	0.400
28725	0.404
28775	0.452
28825	0.496
28875	0.540
28925	0.528
28975	0.528
29025	0.500
29075	0.488
29125	0.448
29175	0.400
29225	0.388
29275	0.388
29325	0.392
29375	0.404
29425	0.424
29475	0.412
29525	0.420
29575	0.392
29625	0.384
29675	0.404
29725	0.396
29775	0.408
29825	0.432
29875	0.416
29925	0.412
29975	0.456
30025	0.432
30075	0.400
30125	0.416
30175	0.424
30225	0.448
30275	0.476
30325	0.508
30375	0.504
30425	0.496
30475	0.504
30525	0.520
30575	0.480
30625	0.508
30675	0.484
30725	0.424
30775	0.356
30825	0.332
30875	0.252
30925	0.212
30975	0.160
31025	0.140
31075	0.112
31125	0.116
31175	0.140
31225	0.152
31275	0.176
31325	0.196
31375	0.180
31425	0.192
31475	0.184
31525	0.172
31575	0.196
31625	0.224
31675	0.212
31725	0.228
31775	0.224
31825	0.192
31875	0.184
31925	0.160
31975	0.156
32025	0.140
32075	0.148
32125	0.132
32175	0.132
32225	0.128
32275	0.160
32325	0.164
32375	0.192
32425	0.192
32475	0.196
32525	0.192
32575	0.200
32625	0.188
32675	0.196
32725	0.196
32775	0.176
32825	0.164
32875	0.196
32925	0.188
32975	0.192
33025	0.220
33075	0.224
33125	0.176
33175	0.192
33225	0.176
33275	0.152
33325	0.156
33375	0.176
33425	0.160
33475	0.196
33525	0.204
33575	0.196
33625	0.204
33675	0.228
33725	0.188
33775	0.180
33825	0.188
33875	0.168
33925	0.140
33975	0.140
34025	0.132
34075	0.144
34125	0.136
34175	0.136
34225	0.136
34275	0.156
34325	0.160
34375	0.188
34425	0.212
34475	0.272
34525	0.276
34575	0.320
34625	0.360
34675	0.412
34725	0.416
34775	0.476
34825	0.492
34875	0.476
34925	0.504
34975	0.544
35025	0.548
35075	0.508
35125	0.520
35175	0.504
35225	0.464
35275	0.440
35325	0.472
35375	0.480
35425	0.464
35475	0.480
35525	0.496
35575	0.452
35625	0.428
35675	0.392
35725	0.392
35775	0.356
35825	0.364
35875	0.368
35925	0.372
35975	0.344
36025	0.352
36075	0.352
36125	0.348
36175	0.372
36225	0.380
36275	0.368
36325	0.356
36375	0.352
36425	0.320
36475	0.320
36525	0.316
36575	0.332
36625	0.348
36675	0.372
36725	0.368
36775	0.384
36825	0.380
36875	0.392
36925	0.412
36975	0.452
37025	0.504
37075	0.528
37125	0.512
37175	0.524
37225	0.520
37275	0.492
37325	0.500
37375	0.524
37425	0.512
37475	0.484
37525	0.472
37575	0.480
37625	0.468
37675	0.448
37725	0.468
37775	0.484
37825	0.492
37875	0.492
37925	0.528
37975	0.544
38025	0.548
38075	0.544
38125	0.536
38175	0.528
38225	0.488
38275	0.492
38325	0.496
38375	0.512
38425	0.484
38475	0.488
38525	0.464
38575	0.452
38625	0.444
38675	0.472
38725	0.484
38775	0.516
38825	0.512
38875	0.508
38925	0.504
38975	0.504
39025	0.484
39075	0.484
39125	0.504
39175	0.500
39225	0.484
39275	0.504
39325	0.500
39375	0.500
39425	0.508
39475	0.512
39525	0.492
39575	0.504
39625	0.500
39675	0.496
39725	0.504
39775	0.492
39825	0.484
39875	0.484
39925	0.472
39975	0.484
40025	0.508
40075	0.512
40125	0.512
40175	0.508
40225	0.532
40275	0.508
40325	0.492
40375	0.468
40425	0.472
40475	0.412
40525	0.448
40575	0.444
40625	0.460
40675	0.456
40725	0.476
40775	0.460
40825	0.464
40875	0.472
40925	0.496
40975	0.500
41025	0.488
41075	0.480
41125	0.472
41175	0.456
41225	0.480
41275	0.508
41325	0.528
41375	0.524
41425	0.544
41475	0.524
41525	0.508
41575	0.516
41625	0.508
41675	0.520
41725	0.536
41775	0.516
41825	0.496
41875	0.504
41925	0.488
41975	0.472
42025	0.492
42075	0.496
42125	0.528
42175	0.496
42225	0.496
42275	0.456
42325	0.436
42375	0.364
42425	0.356
42475	0.336
42525	0.392
42575	0.456
42625	0.508
42675	0.556
42725	0.592
42775	0.580
42825	0.548
42875	0.564
42925	0.548
42975	0.536
43025	0.536
43075	0.556
43125	0.528
43175	0.532
43225	0.548
43275	0.540
43325	0.520
43375	0.548
43425	0.560
43475	0.544
43525	0.540
43575	0.540
43625	0.484
43675	0.464
43725	0.492
43775	0.504
43825	0.516
43875	0.556
43925	0.548
43975	0.524
44025	0.544
44075	0.532
44125	0.540
44175	0.588
44225	0.588
44275	0.576
44325	0.588
44375	0.588
44425	0.592
44475	0.612
44525	0.612
44575	0.616
44625	0.616
44675	0.576
44725	0.568
44775	0.572
44825	0.540
44875	0.524
44925	0.532
44975	0.512
45025	0.440
45075	0.448
45125	0.456
45175	0.428
45225	0.416
45275	0.448
45325	0.464
45375	0.448
45425	0.484
45475	0.512
45525	0.508
45575	0.484
45625	0.492
45675	0.488
45725	0.424
45775	0.420
45825	0.420
45875	0.396
45925	0.360
45975	0.392
46025	0.400
46075	0.388
46125	0.380
46175	0.380
46225	0.372
46275	0.376
46325	0.396
46375	0.392
46425	0.388
46475	0.376
46525	0.368
46575	0.340
46625	0.344
46675	0.344
46725	0.372
46775	0.352
46825	0.316
46875	0.268
46925	0.212
46975	0.144
47025	0.120
47075	0.148
47125	0.164
47175	0.184
47225	0.200
47275	0.216
47325	0.204
47375	0.220
47425	0.224
47475	0.216
47525	0.188
47575	0.160
47625	0.160
47675	0.160
47725	0.152
47775	0.156
47825	0.176
47875	0.152
47925	0.156
47975	0.164
48025	0.196
48075	0.188
48125	0.204
48175	0.200
48225	0.220
48275	0.188
48325	0.204
48375	0.196
48425	0.204
48475	0.232
48525	0.272
48575	0.324
48625	0.348
48675	0.348
48725	0.320
48775	0.280
48825	0.208
48875	0.196
48925	0.204
48975	0.200
49025	0.240
49075	0.252
49125	0.240
49175	0.224
49225	0.228
49275	0.200
49325	0.196
49375	0.228
49425	0.216
49475	0.200
49525	0.188
49575	0.196
49625	0.164
49675	0.176
49725	0.172
49775	0.180
49825	0.184
49875	0.200
