Position	Percent G+C 1 .. 42755
125	0.084
175	0.108
225	0.112
275	0.096
325	0.092
375	0.084
425	0.060
475	0.056
525	0.060
575	0.068
625	0.080
675	0.096
725	0.112
775	0.128
825	0.120
875	0.128
925	0.132
975	0.120
1025	0.104
1075	0.120
1125	0.108
1175	0.108
1225	0.128
1275	0.136
1325	0.128
1375	0.132
1425	0.116
1475	0.108
1525	0.092
1575	0.080
1625	0.084
1675	0.084
1725	0.064
1775	0.072
1825	0.080
1875	0.068
1925	0.068
1975	0.084
2025	0.100
2075	0.104
2125	0.112
2175	0.116
2225	0.112
2275	0.088
2325	0.080
2375	0.060
2425	0.080
2475	0.068
2525	0.088
2575	0.080
2625	0.124
2675	0.092
2725	0.096
2775	0.076
2825	0.088
2875	0.068
2925	0.076
2975	0.108
3025	0.124
3075	0.124
3125	0.124
3175	0.120
3225	0.108
3275	0.100
3325	0.092
3375	0.080
3425	0.096
3475	0.080
3525	0.080
3575	0.076
3625	0.080
3675	0.064
3725	0.064
3775	0.076
3825	0.108
3875	0.104
3925	0.116
3975	0.120
4025	0.104
4075	0.084
4125	0.092
4175	0.088
4225	0.112
4275	0.140
4325	0.136
4375	0.148
4425	0.180
4475	0.176
4525	0.164
4575	0.176
4625	0.164
4675	0.132
4725	0.112
4775	0.124
4825	0.124
4875	0.120
4925	0.132
4975	0.160
5025	0.176
5075	0.168
5125	0.168
5175	0.160
5225	0.128
5275	0.100
5325	0.096
5375	0.096
5425	0.148
5475	0.188
5525	0.216
5575	0.308
5625	0.384
5675	0.396
5725	0.424
5775	0.440
5825	0.376
5875	0.324
5925	0.260
5975	0.204
6025	0.152
6075	0.120
6125	0.084
6175	0.064
6225	0.064
6275	0.060
6325	0.068
6375	0.068
6425	0.080
6475	0.068
6525	0.064
6575	0.060
6625	0.064
6675	0.064
6725	0.056
6775	0.064
6825	0.096
6875	0.132
6925	0.164
6975	0.188
7025	0.204
7075	0.188
7125	0.164
7175	0.148
7225	0.160
7275	0.140
7325	0.132
7375	0.136
7425	0.156
7475	0.168
7525	0.180
7575	0.168
7625	0.180
7675	0.168
7725	0.148
7775	0.156
7825	0.160
7875	0.164
7925	0.156
7975	0.152
8025	0.148
8075	0.168
8125	0.156
8175	0.152
8225	0.156
8275	0.176
8325	0.180
8375	0.168
8425	0.148
8475	0.144
8525	0.104
8575	0.072
8625	0.068
8675	0.080
8725	0.072
8775	0.060
8825	0.080
8875	0.072
8925	0.068
8975	0.064
9025	0.080
9075	0.064
9125	0.064
9175	0.064
9225	0.052
9275	0.048
9325	0.056
9375	0.068
9425	0.068
9475	0.092
9525	0.092
9575	0.080
9625	0.080
9675	0.092
9725	0.088
9775	0.096
9825	0.104
9875	0.096
9925	0.080
9975	0.064
10025	0.060
10075	0.060
10125	0.064
10175	0.060
10225	0.064
10275	0.060
10325	0.056
10375	0.048
10425	0.064
10475	0.068
10525	0.064
10575	0.060
10625	0.068
10675	0.052
10725	0.040
10775	0.044
10825	0.040
10875	0.032
10925	0.044
10975	0.044
11025	0.048
11075	0.048
11125	0.048
11175	0.056
11225	0.060
11275	0.052
11325	0.076
11375	0.072
11425	0.068
11475	0.068
11525	0.076
11575	0.080
11625	0.096
11675	0.088
11725	0.096
11775	0.084
11825	0.064
11875	0.060
11925	0.056
11975	0.048
12025	0.048
12075	0.040
12125	0.032
12175	0.032
12225	0.032
12275	0.044
12325	0.064
12375	0.072
12425	0.076
12475	0.076
12525	0.060
12575	0.048
12625	0.052
12675	0.068
12725	0.096
12775	0.124
12825	0.152
12875	0.164
12925	0.216
12975	0.284
13025	0.340
13075	0.380
13125	0.452
13175	0.452
13225	0.444
13275	0.476
13325	0.496
13375	0.456
13425	0.444
13475	0.460
13525	0.448
13575	0.440
13625	0.504
13675	0.528
13725	0.516
13775	0.504
13825	0.508
13875	0.508
13925	0.516
13975	0.536
14025	0.560
14075	0.556
14125	0.528
14175	0.536
14225	0.520
14275	0.500
14325	0.524
14375	0.524
14425	0.504
14475	0.476
14525	0.480
14575	0.484
14625	0.492
14675	0.520
14725	0.540
14775	0.544
14825	0.524
14875	0.536
14925	0.520
14975	0.536
15025	0.540
15075	0.528
15125	0.496
15175	0.496
15225	0.464
15275	0.416
15325	0.376
15375	0.388
15425	0.404
15475	0.416
15525	0.456
15575	0.520
15625	0.528
15675	0.516
15725	0.524
15775	0.528
15825	0.532
15875	0.512
15925	0.496
15975	0.476
16025	0.456
16075	0.432
16125	0.468
16175	0.452
16225	0.428
16275	0.420
16325	0.436
16375	0.440
16425	0.460
16475	0.468
16525	0.432
16575	0.360
16625	0.264
16675	0.180
16725	0.116
16775	0.080
16825	0.052
16875	0.028
16925	0.044
16975	0.048
17025	0.064
17075	0.072
17125	0.084
17175	0.064
17225	0.084
17275	0.084
17325	0.080
17375	0.076
17425	0.076
17475	0.064
17525	0.056
17575	0.052
17625	0.064
17675	0.112
17725	0.156
17775	0.196
17825	0.224
17875	0.252
17925	0.260
17975	0.264
18025	0.256
18075	0.268
18125	0.248
18175	0.244
18225	0.240
18275	0.252
18325	0.252
18375	0.224
18425	0.168
18475	0.124
18525	0.076
18575	0.044
18625	0.056
18675	0.096
18725	0.156
18775	0.224
18825	0.276
18875	0.308
18925	0.340
18975	0.344
19025	0.368
19075	0.384
19125	0.428
19175	0.444
19225	0.484
19275	0.488
19325	0.504
19375	0.500
19425	0.456
19475	0.416
19525	0.396
19575	0.384
19625	0.392
19675	0.456
19725	0.468
19775	0.484
19825	0.504
19875	0.508
19925	0.512
19975	0.512
20025	0.500
20075	0.488
20125	0.464
20175	0.456
20225	0.444
20275	0.436
20325	0.424
20375	0.436
20425	0.420
20475	0.428
20525	0.448
20575	0.476
20625	0.480
20675	0.484
20725	0.512
20775	0.500
20825	0.496
20875	0.484
20925	0.476
20975	0.436
21025	0.460
21075	0.416
21125	0.408
21175	0.384
21225	0.408
21275	0.392
21325	0.412
21375	0.432
21425	0.468
21475	0.468
21525	0.472
21575	0.456
21625	0.428
21675	0.408
21725	0.400
21775	0.388
21825	0.424
21875	0.452
21925	0.476
21975	0.460
22025	0.432
22075	0.400
22125	0.352
22175	0.292
22225	0.272
22275	0.260
22325	0.248
22375	0.252
22425	0.296
22475	0.320
22525	0.364
22575	0.396
22625	0.444
22675	0.448
22725	0.440
22775	0.408
22825	0.416
22875	0.444
22925	0.444
22975	0.452
23025	0.496
23075	0.464
23125	0.392
23175	0.404
23225	0.420
23275	0.416
23325	0.444
23375	0.468
23425	0.436
23475	0.432
23525	0.428
23575	0.448
23625	0.476
23675	0.508
23725	0.524
23775	0.520
23825	0.496
23875	0.496
23925	0.492
23975	0.476
24025	0.484
24075	0.480
24125	0.488
24175	0.484
24225	0.476
24275	0.460
24325	0.488
24375	0.456
24425	0.456
24475	0.496
24525	0.508
24575	0.504
24625	0.504
24675	0.496
24725	0.484
24775	0.480
24825	0.460
24875	0.440
24925	0.476
24975	0.480
25025	0.500
25075	0.492
25125	0.524
25175	0.500
25225	0.460
25275	0.432
25325	0.444
25375	0.428
25425	0.420
25475	0.448
25525	0.452
25575	0.444
25625	0.468
25675	0.496
25725	0.496
25775	0.508
25825	0.520
25875	0.516
25925	0.492
25975	0.476
26025	0.484
26075	0.496
26125	0.500
26175	0.508
26225	0.512
26275	0.504
26325	0.496
26375	0.480
26425	0.476
26475	0.484
26525	0.476
26575	0.484
26625	0.492
26675	0.492
26725	0.476
26775	0.476
26825	0.452
26875	0.436
26925	0.416
26975	0.448
27025	0.432
27075	0.452
27125	0.496
27175	0.504
27225	0.488
27275	0.520
27325	0.516
27375	0.480
27425	0.468
27475	0.444
27525	0.424
27575	0.404
27625	0.408
27675	0.424
27725	0.456
27775	0.440
27825	0.468
27875	0.464
27925	0.460
27975	0.452
28025	0.488
28075	0.496
28125	0.500
28175	0.496
28225	0.484
28275	0.488
28325	0.460
28375	0.472
28425	0.484
28475	0.480
28525	0.460
28575	0.456
28625	0.448
28675	0.460
28725	0.480
28775	0.480
28825	0.484
28875	0.468
28925	0.432
28975	0.420
29025	0.412
29075	0.392
29125	0.404
29175	0.432
29225	0.424
29275	0.404
29325	0.436
29375	0.448
29425	0.472
29475	0.492
29525	0.552
29575	0.548
29625	0.548
29675	0.556
29725	0.556
29775	0.520
29825	0.524
29875	0.492
29925	0.404
29975	0.372
30025	0.312
30075	0.244
30125	0.216
30175	0.200
30225	0.152
30275	0.136
30325	0.112
30375	0.124
30425	0.112
30475	0.100
30525	0.108
30575	0.120
30625	0.088
30675	0.108
30725	0.120
30775	0.120
30825	0.124
30875	0.116
30925	0.136
30975	0.140
31025	0.144
31075	0.136
31125	0.136
31175	0.104
31225	0.112
31275	0.108
31325	0.112
31375	0.120
31425	0.160
31475	0.140
31525	0.152
31575	0.164
31625	0.176
31675	0.144
31725	0.160
31775	0.156
31825	0.176
31875	0.168
31925	0.164
31975	0.188
32025	0.188
32075	0.160
32125	0.168
32175	0.168
32225	0.144
32275	0.136
32325	0.132
32375	0.116
32425	0.124
32475	0.120
32525	0.108
32575	0.096
32625	0.092
32675	0.096
32725	0.092
32775	0.112
32825	0.140
32875	0.160
32925	0.156
32975	0.176
33025	0.172
33075	0.152
33125	0.152
33175	0.132
33225	0.164
33275	0.176
33325	0.196
33375	0.228
33425	0.244
33475	0.228
33525	0.228
33575	0.248
33625	0.216
33675	0.204
33725	0.160
33775	0.132
33825	0.112
33875	0.112
33925	0.120
33975	0.128
34025	0.136
34075	0.104
34125	0.104
34175	0.092
34225	0.092
34275	0.104
34325	0.116
34375	0.112
34425	0.132
34475	0.128
34525	0.116
34575	0.156
34625	0.156
34675	0.156
34725	0.168
34775	0.176
34825	0.172
34875	0.180
34925	0.180
34975	0.168
35025	0.152
35075	0.104
35125	0.092
35175	0.080
35225	0.088
35275	0.128
35325	0.144
35375	0.144
35425	0.140
35475	0.136
35525	0.112
35575	0.112
35625	0.120
35675	0.148
35725	0.136
35775	0.144
35825	0.136
35875	0.144
35925	0.120
35975	0.132
36025	0.128
36075	0.152
36125	0.128
36175	0.140
36225	0.140
36275	0.132
36325	0.156
36375	0.188
36425	0.188
36475	0.188
36525	0.184
36575	0.136
36625	0.104
36675	0.120
36725	0.112
36775	0.116
36825	0.120
36875	0.120
36925	0.100
36975	0.116
37025	0.120
37075	0.128
37125	0.128
37175	0.128
37225	0.124
37275	0.116
37325	0.108
37375	0.112
37425	0.112
37475	0.112
37525	0.124
37575	0.128
37625	0.128
37675	0.112
37725	0.124
37775	0.132
37825	0.160
37875	0.168
37925	0.224
37975	0.240
38025	0.276
38075	0.272
38125	0.320
38175	0.316
38225	0.352
38275	0.384
38325	0.396
38375	0.380
38425	0.388
38475	0.388
38525	0.384
38575	0.444
38625	0.460
38675	0.476
38725	0.456
38775	0.448
38825	0.376
38875	0.360
38925	0.348
38975	0.340
39025	0.320
39075	0.380
39125	0.416
39175	0.428
39225	0.480
39275	0.544
39325	0.540
39375	0.536
39425	0.516
39475	0.484
39525	0.448
39575	0.420
39625	0.384
39675	0.372
39725	0.376
39775	0.348
39825	0.340
39875	0.356
39925	0.396
39975	0.388
40025	0.380
40075	0.376
40125	0.364
40175	0.348
40225	0.356
40275	0.380
40325	0.388
40375	0.388
40425	0.356
40475	0.316
40525	0.272
40575	0.272
40625	0.284
40675	0.280
40725	0.296
40775	0.356
40825	0.352
40875	0.356
40925	0.372
40975	0.376
41025	0.356
41075	0.356
41125	0.344
41175	0.356
41225	0.356
41275	0.340
41325	0.332
41375	0.344
41425	0.360
41475	0.384
41525	0.368
41575	0.376
41625	0.372
41675	0.376
41725	0.372
41775	0.388
41825	0.404
41875	0.392
41925	0.388
41975	0.376
42025	0.376
42075	0.384
42125	0.376
42175	0.364
42225	0.336
42275	0.340
42325	0.312
42375	0.324
42425	0.300
42475	0.368
42525	0.392
42575	0.428
42625	0.468
