Position	Percent G+C 1 .. 235064
125	0.064
175	0.156
225	0.260
275	0.380
325	0.456
375	0.496
425	0.492
475	0.468
525	0.460
575	0.476
625	0.476
675	0.488
725	0.500
775	0.468
825	0.476
875	0.496
925	0.480
975	0.476
1025	0.492
1075	0.464
1125	0.484
1175	0.508
1225	0.504
1275	0.528
1325	0.544
1375	0.516
1425	0.496
1475	0.528
1525	0.528
1575	0.512
1625	0.516
1675	0.556
1725	0.540
1775	0.532
1825	0.528
1875	0.524
1925	0.472
1975	0.488
2025	0.480
2075	0.544
2125	0.540
2175	0.572
2225	0.536
2275	0.532
2325	0.492
2375	0.504
2425	0.504
2475	0.516
2525	0.532
2575	0.552
2625	0.536
2675	0.544
2725	0.568
2775	0.564
2825	0.548
2875	0.556
2925	0.548
2975	0.548
3025	0.560
3075	0.568
3125	0.584
3175	0.600
3225	0.620
3275	0.620
3325	0.628
3375	0.612
3425	0.584
3475	0.560
3525	0.540
3575	0.516
3625	0.516
3675	0.528
3725	0.556
3775	0.576
3825	0.592
3875	0.592
3925	0.592
3975	0.556
4025	0.540
4075	0.524
4125	0.536
4175	0.556
4225	0.576
4275	0.604
4325	0.596
4375	0.612
4425	0.560
4475	0.492
4525	0.408
4575	0.384
4625	0.336
4675	0.320
4725	0.332
4775	0.360
4825	0.364
4875	0.360
4925	0.384
4975	0.408
5025	0.412
5075	0.432
5125	0.460
5175	0.468
5225	0.488
5275	0.472
5325	0.460
5375	0.448
5425	0.436
5475	0.440
5525	0.476
5575	0.480
5625	0.492
5675	0.492
5725	0.460
5775	0.472
5825	0.452
5875	0.444
5925	0.440
5975	0.472
6025	0.468
6075	0.504
6125	0.492
6175	0.528
6225	0.524
6275	0.492
6325	0.496
6375	0.508
6425	0.500
6475	0.520
6525	0.516
6575	0.464
6625	0.428
6675	0.376
6725	0.288
6775	0.272
6825	0.292
6875	0.312
6925	0.340
6975	0.388
7025	0.388
7075	0.444
7125	0.480
7175	0.544
7225	0.556
7275	0.636
7325	0.616
7375	0.592
7425	0.556
7475	0.552
7525	0.520
7575	0.508
7625	0.512
7675	0.504
7725	0.488
7775	0.488
7825	0.512
7875	0.548
7925	0.556
7975	0.592
8025	0.556
8075	0.544
8125	0.496
8175	0.476
8225	0.460
8275	0.488
8325	0.460
8375	0.468
8425	0.472
8475	0.452
8525	0.396
8575	0.396
8625	0.368
8675	0.340
8725	0.352
8775	0.404
8825	0.436
8875	0.468
8925	0.508
8975	0.512
9025	0.500
9075	0.480
9125	0.508
9175	0.516
9225	0.516
9275	0.540
9325	0.528
9375	0.540
9425	0.564
9475	0.560
9525	0.548
9575	0.572
9625	0.520
9675	0.476
9725	0.472
9775	0.476
9825	0.464
9875	0.464
9925	0.468
9975	0.492
10025	0.476
10075	0.456
10125	0.468
10175	0.492
10225	0.476
10275	0.492
10325	0.524
10375	0.536
10425	0.516
10475	0.520
10525	0.524
10575	0.520
10625	0.500
10675	0.504
10725	0.488
10775	0.492
10825	0.488
10875	0.500
10925	0.508
10975	0.520
11025	0.520
11075	0.480
11125	0.460
11175	0.412
11225	0.364
11275	0.336
11325	0.340
11375	0.344
11425	0.388
11475	0.424
11525	0.444
11575	0.480
11625	0.512
11675	0.504
11725	0.508
11775	0.516
11825	0.516
11875	0.496
11925	0.512
11975	0.528
12025	0.544
12075	0.572
12125	0.596
12175	0.596
12225	0.596
12275	0.580
12325	0.564
12375	0.548
12425	0.560
12475	0.564
12525	0.544
12575	0.520
12625	0.540
12675	0.520
12725	0.516
12775	0.536
12825	0.552
12875	0.536
12925	0.516
12975	0.516
13025	0.504
13075	0.524
13125	0.528
13175	0.552
13225	0.548
13275	0.536
13325	0.508
13375	0.516
13425	0.520
13475	0.528
13525	0.576
13575	0.600
13625	0.592
13675	0.588
13725	0.572
13775	0.572
13825	0.560
13875	0.556
13925	0.548
13975	0.580
14025	0.556
14075	0.548
14125	0.560
14175	0.544
14225	0.512
14275	0.528
14325	0.556
14375	0.544
14425	0.588
14475	0.628
14525	0.616
14575	0.616
14625	0.624
14675	0.616
14725	0.608
14775	0.608
14825	0.580
14875	0.588
14925	0.560
14975	0.516
15025	0.516
15075	0.504
15125	0.476
15175	0.516
15225	0.532
15275	0.516
15325	0.532
15375	0.524
15425	0.480
15475	0.472
15525	0.472
15575	0.432
15625	0.420
15675	0.404
15725	0.436
15775	0.440
15825	0.472
15875	0.484
15925	0.524
15975	0.496
16025	0.512
16075	0.540
16125	0.572
16175	0.552
16225	0.548
16275	0.536
16325	0.524
16375	0.552
16425	0.588
16475	0.604
16525	0.608
16575	0.568
16625	0.520
16675	0.484
16725	0.496
16775	0.516
16825	0.548
16875	0.564
16925	0.580
16975	0.568
17025	0.556
17075	0.548
17125	0.576
17175	0.592
17225	0.600
17275	0.600
17325	0.608
17375	0.588
17425	0.568
17475	0.580
17525	0.556
17575	0.560
17625	0.540
17675	0.540
17725	0.500
17775	0.508
17825	0.508
17875	0.496
17925	0.484
17975	0.524
18025	0.536
18075	0.528
18125	0.540
18175	0.540
18225	0.512
18275	0.520
18325	0.508
18375	0.496
18425	0.492
18475	0.500
18525	0.496
18575	0.496
18625	0.508
18675	0.508
18725	0.512
18775	0.500
18825	0.524
18875	0.528
18925	0.524
18975	0.524
19025	0.536
19075	0.540
19125	0.532
19175	0.544
19225	0.540
19275	0.528
19325	0.488
19375	0.472
19425	0.472
19475	0.456
19525	0.440
19575	0.468
19625	0.496
19675	0.508
19725	0.528
19775	0.536
19825	0.536
19875	0.520
19925	0.504
19975	0.480
20025	0.496
20075	0.516
20125	0.504
20175	0.496
20225	0.488
20275	0.480
20325	0.456
20375	0.472
20425	0.484
20475	0.516
20525	0.528
20575	0.560
20625	0.548
20675	0.568
20725	0.560
20775	0.576
20825	0.560
20875	0.572
20925	0.556
20975	0.532
21025	0.496
21075	0.488
21125	0.476
21175	0.468
21225	0.472
21275	0.488
21325	0.476
21375	0.480
21425	0.464
21475	0.480
21525	0.484
21575	0.496
21625	0.500
21675	0.516
21725	0.564
21775	0.528
21825	0.512
21875	0.520
21925	0.520
21975	0.504
22025	0.532
22075	0.524
22125	0.500
22175	0.500
22225	0.464
22275	0.472
22325	0.472
22375	0.496
22425	0.472
22475	0.484
22525	0.480
22575	0.496
22625	0.456
22675	0.480
22725	0.472
22775	0.464
22825	0.440
22875	0.444
22925	0.460
22975	0.440
23025	0.432
23075	0.452
23125	0.476
23175	0.412
23225	0.420
23275	0.408
23325	0.424
23375	0.396
23425	0.420
23475	0.432
23525	0.452
23575	0.440
23625	0.488
23675	0.508
23725	0.508
23775	0.520
23825	0.528
23875	0.540
23925	0.560
23975	0.572
24025	0.568
24075	0.584
24125	0.552
24175	0.540
24225	0.512
24275	0.492
24325	0.460
24375	0.472
24425	0.472
24475	0.480
24525	0.496
24575	0.496
24625	0.516
24675	0.512
24725	0.516
24775	0.500
24825	0.536
24875	0.508
24925	0.504
24975	0.528
25025	0.556
25075	0.556
25125	0.568
25175	0.560
25225	0.524
25275	0.468
25325	0.432
25375	0.424
25425	0.432
25475	0.428
25525	0.448
25575	0.448
25625	0.464
25675	0.460
25725	0.440
25775	0.436
25825	0.408
25875	0.352
25925	0.344
25975	0.352
26025	0.336
26075	0.320
26125	0.348
26175	0.368
26225	0.420
26275	0.468
26325	0.520
26375	0.520
26425	0.528
26475	0.524
26525	0.508
26575	0.504
26625	0.528
26675	0.528
26725	0.532
26775	0.544
26825	0.568
26875	0.564
26925	0.568
26975	0.532
27025	0.524
27075	0.524
27125	0.540
27175	0.540
27225	0.600
27275	0.596
27325	0.572
27375	0.540
27425	0.528
27475	0.464
27525	0.496
27575	0.484
27625	0.504
27675	0.504
27725	0.548
27775	0.492
27825	0.512
27875	0.480
27925	0.492
27975	0.456
28025	0.492
28075	0.500
28125	0.488
28175	0.440
28225	0.452
28275	0.444
28325	0.440
28375	0.468
28425	0.512
28475	0.532
28525	0.552
28575	0.540
28625	0.556
28675	0.556
28725	0.544
28775	0.516
28825	0.516
28875	0.516
28925	0.496
28975	0.496
29025	0.524
29075	0.540
29125	0.524
29175	0.552
29225	0.560
29275	0.544
29325	0.552
29375	0.560
29425	0.544
29475	0.512
29525	0.484
29575	0.428
29625	0.400
29675	0.380
29725	0.376
29775	0.368
29825	0.400
29875	0.416
29925	0.456
29975	0.472
30025	0.508
30075	0.536
30125	0.548
30175	0.556
30225	0.580
30275	0.608
30325	0.604
30375	0.616
30425	0.564
30475	0.512
30525	0.452
30575	0.416
30625	0.384
30675	0.400
30725	0.456
30775	0.496
30825	0.536
30875	0.568
30925	0.600
30975	0.576
31025	0.572
31075	0.560
31125	0.552
31175	0.532
31225	0.536
31275	0.520
31325	0.512
31375	0.512
31425	0.512
31475	0.500
31525	0.492
31575	0.512
31625	0.488
31675	0.472
31725	0.460
31775	0.432
31825	0.392
31875	0.416
31925	0.428
31975	0.448
32025	0.464
32075	0.472
32125	0.424
32175	0.412
32225	0.416
32275	0.444
32325	0.464
32375	0.516
32425	0.504
32475	0.496
32525	0.492
32575	0.480
32625	0.468
32675	0.480
32725	0.480
32775	0.480
32825	0.492
32875	0.488
32925	0.508
32975	0.504
33025	0.500
33075	0.492
33125	0.488
33175	0.456
33225	0.456
33275	0.452
33325	0.444
33375	0.444
33425	0.460
33475	0.464
33525	0.460
33575	0.456
33625	0.448
33675	0.456
33725	0.472
33775	0.508
33825	0.512
33875	0.540
33925	0.544
33975	0.512
34025	0.480
34075	0.496
34125	0.484
34175	0.484
34225	0.492
34275	0.504
34325	0.492
34375	0.504
34425	0.484
34475	0.516
34525	0.520
34575	0.532
34625	0.528
34675	0.536
34725	0.512
34775	0.508
34825	0.496
34875	0.500
34925	0.528
34975	0.504
35025	0.520
35075	0.532
35125	0.536
35175	0.524
35225	0.560
35275	0.548
35325	0.544
35375	0.516
35425	0.492
35475	0.496
35525	0.484
35575	0.472
35625	0.468
35675	0.480
35725	0.460
35775	0.480
35825	0.456
35875	0.448
35925	0.424
35975	0.420
36025	0.404
36075	0.432
36125	0.464
36175	0.500
36225	0.508
36275	0.524
36325	0.528
36375	0.520
36425	0.512
36475	0.496
36525	0.496
36575	0.508
36625	0.504
36675	0.512
36725	0.556
36775	0.552
36825	0.544
36875	0.524
36925	0.520
36975	0.484
37025	0.484
37075	0.468
37125	0.520
37175	0.524
37225	0.532
37275	0.532
37325	0.540
37375	0.528
37425	0.540
37475	0.596
37525	0.612
37575	0.636
37625	0.640
37675	0.588
37725	0.564
37775	0.532
37825	0.484
37875	0.444
37925	0.464
37975	0.408
38025	0.400
38075	0.412
38125	0.412
38175	0.400
38225	0.452
38275	0.452
38325	0.464
38375	0.476
38425	0.476
38475	0.440
38525	0.452
38575	0.464
38625	0.480
38675	0.508
38725	0.508
38775	0.524
38825	0.524
38875	0.500
38925	0.492
38975	0.488
39025	0.444
39075	0.400
39125	0.416
39175	0.420
39225	0.452
39275	0.496
39325	0.540
39375	0.528
39425	0.528
39475	0.492
39525	0.416
39575	0.348
39625	0.312
39675	0.272
39725	0.236
39775	0.272
39825	0.340
39875	0.388
39925	0.440
39975	0.484
40025	0.508
40075	0.492
40125	0.524
40175	0.512
40225	0.524
40275	0.564
40325	0.576
40375	0.548
40425	0.572
40475	0.568
40525	0.552
40575	0.548
40625	0.548
40675	0.520
40725	0.528
40775	0.516
40825	0.520
40875	0.512
40925	0.528
40975	0.532
41025	0.528
41075	0.536
41125	0.548
41175	0.544
41225	0.528
41275	0.540
41325	0.520
41375	0.520
41425	0.504
41475	0.532
41525	0.500
41575	0.516
41625	0.512
41675	0.564
41725	0.564
41775	0.600
41825	0.588
41875	0.592
41925	0.536
41975	0.516
42025	0.484
42075	0.512
42125	0.504
42175	0.548
42225	0.564
42275	0.612
42325	0.612
42375	0.628
42425	0.608
42475	0.576
42525	0.540
42575	0.492
42625	0.472
42675	0.436
42725	0.424
42775	0.404
42825	0.396
42875	0.412
42925	0.432
42975	0.456
43025	0.476
43075	0.496
43125	0.496
43175	0.500
43225	0.520
43275	0.544
43325	0.576
43375	0.580
43425	0.628
43475	0.616
43525	0.568
43575	0.532
43625	0.504
43675	0.460
43725	0.476
43775	0.520
43825	0.548
43875	0.540
43925	0.532
43975	0.492
44025	0.452
44075	0.412
44125	0.416
44175	0.420
44225	0.440
44275	0.464
44325	0.484
44375	0.448
44425	0.432
44475	0.436
44525	0.420
44575	0.368
44625	0.420
44675	0.448
44725	0.408
44775	0.388
44825	0.428
44875	0.436
44925	0.388
44975	0.432
45025	0.472
45075	0.508
45125	0.508
45175	0.520
45225	0.508
45275	0.540
45325	0.548
45375	0.552
45425	0.584
45475	0.612
45525	0.564
45575	0.532
45625	0.540
45675	0.548
45725	0.520
45775	0.544
45825	0.556
45875	0.540
45925	0.544
45975	0.560
46025	0.564
46075	0.564
46125	0.576
46175	0.552
46225	0.560
46275	0.544
46325	0.552
46375	0.548
46425	0.576
46475	0.560
46525	0.556
46575	0.540
46625	0.532
46675	0.472
46725	0.428
46775	0.416
46825	0.432
46875	0.432
46925	0.476
46975	0.496
47025	0.520
47075	0.524
47125	0.528
47175	0.540
47225	0.588
47275	0.596
47325	0.612
47375	0.600
47425	0.560
47475	0.532
47525	0.532
47575	0.508
47625	0.496
47675	0.496
47725	0.512
47775	0.508
47825	0.508
47875	0.532
47925	0.568
47975	0.576
48025	0.572
48075	0.564
48125	0.560
48175	0.548
48225	0.528
48275	0.504
48325	0.504
48375	0.504
48425	0.524
48475	0.540
48525	0.556
48575	0.576
48625	0.580
48675	0.560
48725	0.556
48775	0.552
48825	0.520
48875	0.524
48925	0.504
48975	0.488
49025	0.500
49075	0.528
49125	0.532
49175	0.572
49225	0.584
49275	0.588
49325	0.564
49375	0.544
49425	0.488
49475	0.468
49525	0.448
49575	0.460
49625	0.448
49675	0.476
49725	0.488
49775	0.460
49825	0.452
49875	0.448
49925	0.448
49975	0.448
50025	0.460
50075	0.456
50125	0.456
50175	0.472
50225	0.468
50275	0.496
50325	0.504
50375	0.492
50425	0.428
50475	0.456
50525	0.468
50575	0.488
50625	0.556
50675	0.624
50725	0.632
50775	0.628
50825	0.616
50875	0.592
50925	0.572
50975	0.544
51025	0.548
51075	0.540
51125	0.528
51175	0.552
51225	0.572
51275	0.552
51325	0.568
51375	0.548
51425	0.512
51475	0.496
51525	0.516
51575	0.500
51625	0.540
51675	0.556
51725	0.556
51775	0.532
51825	0.516
51875	0.484
51925	0.488
51975	0.476
52025	0.488
52075	0.496
52125	0.500
52175	0.504
52225	0.504
52275	0.492
52325	0.492
52375	0.508
52425	0.500
52475	0.508
52525	0.524
52575	0.552
52625	0.560
52675	0.544
52725	0.512
52775	0.504
52825	0.464
52875	0.416
52925	0.440
52975	0.460
53025	0.444
53075	0.440
53125	0.468
53175	0.428
53225	0.420
53275	0.396
53325	0.404
53375	0.412
53425	0.452
53475	0.456
53525	0.512
53575	0.504
53625	0.492
53675	0.492
53725	0.516
53775	0.512
53825	0.552
53875	0.560
53925	0.576
53975	0.564
54025	0.560
54075	0.560
54125	0.588
54175	0.572
54225	0.576
54275	0.572
54325	0.556
54375	0.524
54425	0.504
54475	0.468
54525	0.476
54575	0.492
54625	0.488
54675	0.504
54725	0.524
54775	0.500
54825	0.472
54875	0.456
54925	0.440
54975	0.464
55025	0.488
55075	0.520
55125	0.548
55175	0.576
55225	0.564
55275	0.560
55325	0.560
55375	0.592
55425	0.604
55475	0.624
55525	0.628
55575	0.640
55625	0.588
55675	0.552
55725	0.532
55775	0.512
55825	0.480
55875	0.488
55925	0.504
55975	0.488
56025	0.504
56075	0.508
56125	0.524
56175	0.528
56225	0.536
56275	0.532
56325	0.532
56375	0.516
56425	0.524
56475	0.540
56525	0.552
56575	0.532
56625	0.540
56675	0.536
56725	0.516
56775	0.476
56825	0.480
56875	0.496
56925	0.484
56975	0.496
57025	0.528
57075	0.556
57125	0.520
57175	0.500
57225	0.500
57275	0.512
57325	0.472
57375	0.484
57425	0.488
57475	0.488
57525	0.472
57575	0.500
57625	0.504
57675	0.508
57725	0.492
57775	0.492
57825	0.472
57875	0.496
57925	0.516
57975	0.540
58025	0.544
58075	0.560
58125	0.556
58175	0.532
58225	0.528
58275	0.528
58325	0.512
58375	0.520
58425	0.536
58475	0.540
58525	0.540
58575	0.524
58625	0.520
58675	0.504
58725	0.484
58775	0.452
58825	0.488
58875	0.484
58925	0.512
58975	0.520
59025	0.536
59075	0.540
59125	0.544
59175	0.512
59225	0.496
59275	0.488
59325	0.460
59375	0.416
59425	0.412
59475	0.408
59525	0.380
59575	0.364
59625	0.392
59675	0.412
59725	0.412
59775	0.472
59825	0.488
59875	0.468
59925	0.476
59975	0.524
60025	0.524
60075	0.548
60125	0.584
60175	0.600
60225	0.592
60275	0.560
60325	0.552
60375	0.528
60425	0.496
60475	0.484
60525	0.480
60575	0.456
60625	0.456
60675	0.464
60725	0.444
60775	0.456
60825	0.464
60875	0.480
60925	0.444
60975	0.460
61025	0.472
61075	0.480
61125	0.480
61175	0.524
61225	0.536
61275	0.532
61325	0.544
61375	0.536
61425	0.504
61475	0.476
61525	0.460
61575	0.460
61625	0.412
61675	0.432
61725	0.448
61775	0.460
61825	0.420
61875	0.448
61925	0.444
61975	0.428
62025	0.396
62075	0.444
62125	0.460
62175	0.464
62225	0.472
62275	0.508
62325	0.508
62375	0.516
62425	0.516
62475	0.504
62525	0.476
62575	0.484
62625	0.476
62675	0.492
62725	0.508
62775	0.544
62825	0.528
62875	0.544
62925	0.556
62975	0.556
63025	0.528
63075	0.536
63125	0.536
63175	0.528
63225	0.540
63275	0.580
63325	0.588
63375	0.568
63425	0.544
63475	0.528
63525	0.484
63575	0.452
63625	0.420
63675	0.396
63725	0.392
63775	0.416
63825	0.424
63875	0.460
63925	0.448
63975	0.428
64025	0.396
64075	0.392
64125	0.368
64175	0.420
64225	0.476
64275	0.492
64325	0.492
64375	0.492
64425	0.488
64475	0.488
64525	0.484
64575	0.492
64625	0.504
64675	0.492
64725	0.460
64775	0.472
64825	0.456
64875	0.448
64925	0.440
64975	0.420
65025	0.444
65075	0.460
65125	0.464
65175	0.484
65225	0.504
65275	0.468
65325	0.452
65375	0.452
65425	0.436
65475	0.436
65525	0.428
65575	0.448
65625	0.468
65675	0.460
65725	0.468
65775	0.476
65825	0.488
65875	0.500
65925	0.508
65975	0.492
66025	0.500
66075	0.476
66125	0.456
66175	0.460
66225	0.488
66275	0.496
66325	0.516
66375	0.528
66425	0.528
66475	0.484
66525	0.484
66575	0.476
66625	0.460
66675	0.456
66725	0.488
66775	0.484
66825	0.480
66875	0.496
66925	0.496
66975	0.500
67025	0.500
67075	0.480
67125	0.492
67175	0.512
67225	0.508
67275	0.516
67325	0.536
67375	0.520
67425	0.504
67475	0.480
67525	0.444
67575	0.424
67625	0.416
67675	0.416
67725	0.444
67775	0.452
67825	0.484
67875	0.472
67925	0.476
67975	0.464
68025	0.476
68075	0.440
68125	0.476
68175	0.472
68225	0.452
68275	0.476
68325	0.504
68375	0.480
68425	0.472
68475	0.504
68525	0.480
68575	0.452
68625	0.460
68675	0.464
68725	0.444
68775	0.448
68825	0.444
68875	0.408
68925	0.404
68975	0.404
69025	0.408
69075	0.404
69125	0.428
69175	0.416
69225	0.420
69275	0.408
69325	0.408
69375	0.384
69425	0.372
69475	0.348
69525	0.368
69575	0.404
69625	0.460
69675	0.504
69725	0.548
69775	0.572
69825	0.584
69875	0.592
69925	0.600
69975	0.612
70025	0.604
70075	0.608
70125	0.576
70175	0.584
70225	0.576
70275	0.576
70325	0.588
70375	0.604
70425	0.608
70475	0.604
70525	0.608
70575	0.592
70625	0.596
70675	0.576
70725	0.544
70775	0.532
70825	0.540
70875	0.548
70925	0.532
70975	0.564
71025	0.560
71075	0.524
71125	0.488
71175	0.488
71225	0.484
71275	0.488
71325	0.504
71375	0.500
71425	0.516
71475	0.504
71525	0.476
71575	0.468
71625	0.492
71675	0.472
71725	0.440
71775	0.416
71825	0.408
71875	0.392
71925	0.384
71975	0.380
72025	0.400
72075	0.376
72125	0.380
72175	0.384
72225	0.424
72275	0.424
72325	0.460
72375	0.424
72425	0.416
72475	0.408
72525	0.420
72575	0.392
72625	0.436
72675	0.456
72725	0.468
72775	0.468
72825	0.500
72875	0.512
72925	0.532
72975	0.544
73025	0.580
73075	0.576
73125	0.564
73175	0.532
73225	0.508
73275	0.476
73325	0.460
73375	0.448
73425	0.464
73475	0.472
73525	0.476
73575	0.476
73625	0.488
73675	0.504
73725	0.512
73775	0.524
73825	0.540
73875	0.580
73925	0.560
73975	0.556
74025	0.552
74075	0.564
74125	0.516
74175	0.548
74225	0.552
74275	0.552
74325	0.552
74375	0.548
74425	0.512
74475	0.516
74525	0.520
74575	0.540
74625	0.564
74675	0.600
74725	0.616
74775	0.600
74825	0.556
74875	0.540
74925	0.516
74975	0.488
75025	0.492
75075	0.520
75125	0.516
75175	0.528
75225	0.516
75275	0.500
75325	0.504
75375	0.520
75425	0.528
75475	0.540
75525	0.556
75575	0.544
75625	0.524
75675	0.524
75725	0.504
75775	0.516
75825	0.540
75875	0.560
75925	0.528
75975	0.540
76025	0.540
76075	0.516
76125	0.508
76175	0.516
76225	0.512
76275	0.492
76325	0.496
76375	0.496
76425	0.488
76475	0.512
76525	0.524
76575	0.532
76625	0.540
76675	0.540
76725	0.536
76775	0.544
76825	0.508
76875	0.464
76925	0.476
76975	0.452
77025	0.448
77075	0.496
77125	0.528
77175	0.548
77225	0.580
77275	0.604
77325	0.600
77375	0.596
77425	0.580
77475	0.544
77525	0.472
77575	0.416
77625	0.384
77675	0.360
77725	0.372
77775	0.376
77825	0.420
77875	0.476
77925	0.496
77975	0.496
78025	0.548
78075	0.556
78125	0.556
78175	0.592
78225	0.628
78275	0.624
78325	0.616
78375	0.624
78425	0.608
78475	0.600
78525	0.620
78575	0.616
78625	0.596
78675	0.600
78725	0.600
78775	0.580
78825	0.596
78875	0.620
78925	0.608
78975	0.576
79025	0.588
79075	0.536
79125	0.512
79175	0.516
79225	0.508
79275	0.484
79325	0.520
79375	0.528
79425	0.480
79475	0.492
79525	0.480
79575	0.464
79625	0.460
79675	0.492
79725	0.520
79775	0.520
79825	0.512
79875	0.476
79925	0.464
79975	0.448
80025	0.424
80075	0.452
80125	0.496
80175	0.532
80225	0.528
80275	0.576
80325	0.548
80375	0.508
80425	0.468
80475	0.452
80525	0.424
80575	0.436
80625	0.440
80675	0.448
80725	0.480
80775	0.520
80825	0.560
80875	0.592
80925	0.624
80975	0.592
81025	0.564
81075	0.544
81125	0.524
81175	0.480
81225	0.496
81275	0.496
81325	0.472
81375	0.452
81425	0.484
81475	0.476
81525	0.472
81575	0.416
81625	0.392
81675	0.352
81725	0.364
81775	0.384
81825	0.460
81875	0.520
81925	0.520
81975	0.520
82025	0.528
82075	0.524
82125	0.528
82175	0.588
82225	0.612
82275	0.632
82325	0.652
82375	0.660
82425	0.652
82475	0.664
82525	0.640
82575	0.640
82625	0.612
82675	0.628
82725	0.628
82775	0.648
82825	0.636
82875	0.656
82925	0.644
82975	0.620
83025	0.568
83075	0.576
83125	0.584
83175	0.588
83225	0.592
83275	0.640
83325	0.596
83375	0.600
83425	0.584
83475	0.544
83525	0.508
83575	0.500
83625	0.428
83675	0.432
83725	0.468
83775	0.484
83825	0.508
83875	0.528
83925	0.452
83975	0.428
84025	0.404
84075	0.388
84125	0.372
84175	0.420
84225	0.408
84275	0.392
84325	0.396
84375	0.412
84425	0.388
84475	0.396
84525	0.396
84575	0.392
84625	0.408
84675	0.420
84725	0.412
84775	0.416
84825	0.420
84875	0.424
84925	0.432
84975	0.460
85025	0.464
85075	0.468
85125	0.440
85175	0.456
85225	0.444
85275	0.452
85325	0.420
85375	0.420
85425	0.404
85475	0.376
85525	0.364
85575	0.392
85625	0.412
85675	0.416
85725	0.444
85775	0.468
85825	0.468
85875	0.468
85925	0.472
85975	0.464
86025	0.464
86075	0.472
86125	0.476
86175	0.460
86225	0.468
86275	0.464
86325	0.476
86375	0.488
86425	0.524
86475	0.520
86525	0.536
86575	0.516
86625	0.508
86675	0.472
86725	0.472
86775	0.464
86825	0.484
86875	0.484
86925	0.500
86975	0.484
87025	0.464
87075	0.440
87125	0.436
87175	0.448
87225	0.480
87275	0.492
87325	0.492
87375	0.484
87425	0.452
87475	0.416
87525	0.384
87575	0.388
87625	0.352
87675	0.336
87725	0.360
87775	0.392
87825	0.392
87875	0.412
87925	0.424
87975	0.420
88025	0.396
88075	0.396
88125	0.424
88175	0.444
88225	0.448
88275	0.456
88325	0.452
88375	0.428
88425	0.444
88475	0.440
88525	0.428
88575	0.432
88625	0.460
88675	0.448
88725	0.472
88775	0.484
88825	0.472
88875	0.432
88925	0.412
88975	0.388
89025	0.368
89075	0.376
89125	0.388
89175	0.400
89225	0.368
89275	0.404
89325	0.404
89375	0.396
89425	0.400
89475	0.436
89525	0.436
89575	0.416
89625	0.468
89675	0.440
89725	0.440
89775	0.488
89825	0.520
89875	0.504
89925	0.536
89975	0.552
90025	0.492
90075	0.488
90125	0.468
90175	0.472
90225	0.432
90275	0.452
90325	0.460
90375	0.456
90425	0.460
90475	0.472
90525	0.448
90575	0.448
90625	0.484
90675	0.504
90725	0.548
90775	0.560
90825	0.532
90875	0.516
90925	0.476
90975	0.412
91025	0.400
91075	0.424
91125	0.408
91175	0.432
91225	0.464
91275	0.480
91325	0.496
91375	0.516
91425	0.492
91475	0.500
91525	0.488
91575	0.472
91625	0.472
91675	0.492
91725	0.476
91775	0.488
91825	0.480
91875	0.472
91925	0.424
91975	0.412
92025	0.384
92075	0.364
92125	0.328
92175	0.344
92225	0.364
92275	0.356
92325	0.380
92375	0.420
92425	0.448
92475	0.460
92525	0.488
92575	0.500
92625	0.508
92675	0.520
92725	0.524
92775	0.524
92825	0.504
92875	0.484
92925	0.468
92975	0.412
93025	0.408
93075	0.408
93125	0.428
93175	0.416
93225	0.460
93275	0.492
93325	0.488
93375	0.488
93425	0.504
93475	0.488
93525	0.456
93575	0.468
93625	0.444
93675	0.428
93725	0.420
93775	0.420
93825	0.436
93875	0.448
93925	0.440
93975	0.456
94025	0.464
94075	0.440
94125	0.452
94175	0.472
94225	0.480
94275	0.476
94325	0.472
94375	0.460
94425	0.468
94475	0.468
94525	0.452
94575	0.488
94625	0.452
94675	0.440
94725	0.440
94775	0.480
94825	0.420
94875	0.428
94925	0.440
94975	0.452
95025	0.444
95075	0.472
95125	0.492
95175	0.480
95225	0.472
95275	0.460
95325	0.444
95375	0.436
95425	0.436
95475	0.424
95525	0.408
95575	0.464
95625	0.484
95675	0.444
95725	0.432
95775	0.464
95825	0.444
95875	0.436
95925	0.480
95975	0.488
96025	0.460
96075	0.460
96125	0.452
96175	0.444
96225	0.448
96275	0.456
96325	0.456
96375	0.476
96425	0.496
96475	0.480
96525	0.484
96575	0.452
96625	0.432
96675	0.428
96725	0.432
96775	0.416
96825	0.424
96875	0.456
96925	0.464
96975	0.472
97025	0.480
97075	0.484
97125	0.460
97175	0.428
97225	0.436
97275	0.452
97325	0.464
97375	0.472
97425	0.480
97475	0.480
97525	0.460
97575	0.456
97625	0.444
97675	0.440
97725	0.436
97775	0.460
97825	0.468
97875	0.468
97925	0.464
97975	0.452
98025	0.452
98075	0.436
98125	0.452
98175	0.436
98225	0.420
98275	0.412
98325	0.440
98375	0.388
98425	0.436
98475	0.448
98525	0.432
98575	0.412
98625	0.460
98675	0.476
98725	0.488
98775	0.508
98825	0.528
98875	0.504
98925	0.440
98975	0.444
99025	0.436
99075	0.396
99125	0.412
99175	0.420
99225	0.424
99275	0.424
99325	0.424
99375	0.396
99425	0.400
99475	0.404
99525	0.424
99575	0.448
99625	0.492
99675	0.512
99725	0.508
99775	0.484
99825	0.484
99875	0.480
99925	0.496
99975	0.472
100025	0.460
100075	0.476
100125	0.472
100175	0.444
100225	0.476
100275	0.504
100325	0.496
100375	0.508
100425	0.528
100475	0.548
100525	0.548
100575	0.536
100625	0.552
100675	0.528
100725	0.484
100775	0.468
100825	0.444
100875	0.400
100925	0.388
100975	0.384
101025	0.360
101075	0.396
101125	0.424
101175	0.452
101225	0.472
101275	0.496
101325	0.496
101375	0.488
101425	0.492
101475	0.500
101525	0.520
101575	0.524
101625	0.508
101675	0.520
101725	0.520
101775	0.520
101825	0.512
101875	0.524
101925	0.548
101975	0.540
102025	0.536
102075	0.544
102125	0.532
102175	0.496
102225	0.476
102275	0.484
102325	0.488
102375	0.516
102425	0.544
102475	0.556
102525	0.552
102575	0.548
102625	0.540
102675	0.524
102725	0.536
102775	0.512
102825	0.480
102875	0.496
102925	0.524
102975	0.556
103025	0.596
103075	0.620
103125	0.624
103175	0.612
103225	0.620
103275	0.624
103325	0.644
103375	0.624
103425	0.612
103475	0.592
103525	0.572
103575	0.564
103625	0.540
103675	0.548
103725	0.540
103775	0.552
103825	0.556
103875	0.580
103925	0.548
103975	0.544
104025	0.532
104075	0.520
104125	0.512
104175	0.504
104225	0.496
104275	0.468
104325	0.504
104375	0.548
104425	0.576
104475	0.580
104525	0.600
104575	0.552
104625	0.524
104675	0.516
104725	0.520
104775	0.528
104825	0.564
104875	0.552
104925	0.548
104975	0.528
105025	0.532
105075	0.528
105125	0.564
105175	0.584
105225	0.624
105275	0.636
105325	0.628
105375	0.564
105425	0.540
105475	0.488
105525	0.440
105575	0.376
105625	0.388
105675	0.424
105725	0.456
105775	0.472
105825	0.524
105875	0.504
105925	0.484
105975	0.488
106025	0.508
106075	0.488
106125	0.504
106175	0.476
106225	0.444
106275	0.424
106325	0.460
106375	0.460
106425	0.472
106475	0.504
106525	0.508
106575	0.504
106625	0.512
106675	0.516
106725	0.504
106775	0.504
106825	0.508
106875	0.524
106925	0.556
106975	0.576
107025	0.584
107075	0.552
107125	0.524
107175	0.508
107225	0.480
107275	0.496
107325	0.536
107375	0.564
107425	0.548
107475	0.552
107525	0.544
107575	0.524
107625	0.520
107675	0.532
107725	0.556
107775	0.556
107825	0.572
107875	0.560
107925	0.508
107975	0.428
108025	0.400
108075	0.368
108125	0.360
108175	0.396
108225	0.424
108275	0.432
108325	0.460
108375	0.480
108425	0.488
108475	0.524
108525	0.512
108575	0.500
108625	0.508
108675	0.480
108725	0.468
108775	0.500
108825	0.488
108875	0.428
108925	0.400
108975	0.360
109025	0.344
109075	0.360
109125	0.404
109175	0.492
109225	0.580
109275	0.612
109325	0.644
109375	0.696
109425	0.708
109475	0.708
109525	0.700
109575	0.672
109625	0.672
109675	0.628
109725	0.596
109775	0.600
109825	0.612
109875	0.596
109925	0.632
109975	0.652
110025	0.660
110075	0.656
110125	0.668
110175	0.648
110225	0.640
110275	0.636
110325	0.648
110375	0.624
110425	0.644
110475	0.644
110525	0.636
110575	0.624
110625	0.624
110675	0.576
110725	0.540
110775	0.468
110825	0.420
110875	0.388
110925	0.372
110975	0.364
111025	0.408
111075	0.436
111125	0.416
111175	0.392
111225	0.408
111275	0.380
111325	0.376
111375	0.380
111425	0.432
111475	0.464
111525	0.496
111575	0.460
111625	0.524
111675	0.540
111725	0.536
111775	0.564
111825	0.616
111875	0.608
111925	0.592
111975	0.608
112025	0.604
112075	0.620
112125	0.620
112175	0.640
112225	0.624
112275	0.632
112325	0.632
112375	0.632
112425	0.640
112475	0.648
112525	0.620
112575	0.612
112625	0.592
112675	0.544
112725	0.508
112775	0.520
112825	0.504
112875	0.484
112925	0.512
112975	0.520
113025	0.496
113075	0.484
113125	0.508
113175	0.504
113225	0.532
113275	0.556
113325	0.588
113375	0.560
113425	0.552
113475	0.532
113525	0.536
113575	0.508
113625	0.524
113675	0.516
113725	0.488
113775	0.452
113825	0.444
113875	0.448
113925	0.452
113975	0.484
114025	0.496
114075	0.516
114125	0.508
114175	0.512
114225	0.480
114275	0.480
114325	0.480
114375	0.512
114425	0.536
114475	0.544
114525	0.556
114575	0.556
114625	0.528
114675	0.464
114725	0.456
114775	0.436
114825	0.448
114875	0.476
114925	0.488
114975	0.504
115025	0.492
115075	0.456
115125	0.416
115175	0.440
115225	0.432
115275	0.480
115325	0.484
115375	0.480
115425	0.468
115475	0.448
115525	0.396
115575	0.416
115625	0.428
115675	0.432
115725	0.440
115775	0.468
115825	0.440
115875	0.444
115925	0.448
115975	0.460
116025	0.460
116075	0.448
116125	0.424
116175	0.400
116225	0.420
116275	0.424
116325	0.472
116375	0.516
116425	0.564
116475	0.544
116525	0.560
116575	0.540
116625	0.540
116675	0.516
116725	0.532
116775	0.544
116825	0.568
116875	0.556
116925	0.572
116975	0.572
117025	0.544
117075	0.532
117125	0.556
117175	0.552
117225	0.564
117275	0.576
117325	0.592
117375	0.584
117425	0.584
117475	0.596
117525	0.588
117575	0.572
117625	0.572
117675	0.568
117725	0.532
117775	0.540
117825	0.540
117875	0.488
117925	0.484
117975	0.500
118025	0.480
118075	0.456
118125	0.496
118175	0.520
118225	0.500
118275	0.512
118325	0.524
118375	0.512
118425	0.496
118475	0.480
118525	0.480
118575	0.500
118625	0.496
118675	0.524
118725	0.560
118775	0.544
118825	0.496
118875	0.504
118925	0.476
118975	0.456
119025	0.468
119075	0.492
119125	0.492
119175	0.500
119225	0.528
119275	0.548
119325	0.576
119375	0.588
119425	0.532
119475	0.468
119525	0.424
119575	0.376
119625	0.360
119675	0.368
119725	0.400
119775	0.408
119825	0.444
119875	0.440
119925	0.452
119975	0.468
120025	0.492
120075	0.480
120125	0.464
120175	0.492
120225	0.488
120275	0.476
120325	0.472
120375	0.484
120425	0.472
120475	0.456
120525	0.436
120575	0.412
120625	0.404
120675	0.420
120725	0.408
120775	0.404
120825	0.404
120875	0.412
120925	0.368
120975	0.376
121025	0.364
121075	0.392
121125	0.372
121175	0.388
121225	0.376
121275	0.396
121325	0.372
121375	0.368
121425	0.352
121475	0.356
121525	0.348
121575	0.340
121625	0.348
121675	0.344
121725	0.364
121775	0.360
121825	0.368
121875	0.388
121925	0.392
121975	0.388
122025	0.360
122075	0.344
122125	0.316
122175	0.360
122225	0.340
122275	0.372
122325	0.376
122375	0.396
122425	0.396
122475	0.424
122525	0.452
122575	0.468
122625	0.468
122675	0.428
122725	0.428
122775	0.420
122825	0.436
122875	0.452
122925	0.476
122975	0.484
123025	0.488
123075	0.480
123125	0.472
123175	0.460
123225	0.452
123275	0.452
123325	0.452
123375	0.456
123425	0.436
123475	0.428
123525	0.416
123575	0.420
123625	0.428
123675	0.428
123725	0.432
123775	0.416
123825	0.416
123875	0.380
123925	0.380
123975	0.372
124025	0.412
124075	0.428
124125	0.472
124175	0.496
124225	0.536
124275	0.536
124325	0.532
124375	0.528
124425	0.544
124475	0.508
124525	0.520
124575	0.520
124625	0.492
124675	0.476
124725	0.476
124775	0.436
124825	0.420
124875	0.428
124925	0.452
124975	0.448
125025	0.472
125075	0.484
125125	0.476
125175	0.460
125225	0.468
125275	0.472
125325	0.456
125375	0.480
125425	0.448
125475	0.424
125525	0.424
125575	0.428
125625	0.396
125675	0.420
125725	0.456
125775	0.472
125825	0.468
125875	0.484
125925	0.528
125975	0.528
126025	0.532
126075	0.588
126125	0.624
126175	0.624
126225	0.632
126275	0.584
126325	0.540
126375	0.536
126425	0.512
126475	0.468
126525	0.480
126575	0.480
126625	0.452
126675	0.444
126725	0.464
126775	0.460
126825	0.456
126875	0.468
126925	0.476
126975	0.520
127025	0.520
127075	0.528
127125	0.492
127175	0.480
127225	0.436
127275	0.464
127325	0.448
127375	0.500
127425	0.512
127475	0.528
127525	0.516
127575	0.500
127625	0.456
127675	0.452
127725	0.428
127775	0.384
127825	0.404
127875	0.428
127925	0.436
127975	0.436
128025	0.472
128075	0.488
128125	0.480
128175	0.456
128225	0.480
128275	0.464
128325	0.456
128375	0.460
128425	0.500
128475	0.472
128525	0.484
128575	0.476
128625	0.460
128675	0.444
128725	0.476
128775	0.480
128825	0.484
128875	0.464
128925	0.432
128975	0.448
129025	0.460
129075	0.476
129125	0.524
129175	0.576
129225	0.572
129275	0.592
129325	0.604
129375	0.608
129425	0.596
129475	0.584
129525	0.536
129575	0.500
129625	0.504
129675	0.488
129725	0.484
129775	0.512
129825	0.524
129875	0.512
129925	0.532
129975	0.540
130025	0.532
130075	0.560
130125	0.536
130175	0.496
130225	0.520
130275	0.512
130325	0.472
130375	0.468
130425	0.468
130475	0.412
130525	0.416
130575	0.428
130625	0.428
130675	0.460
130725	0.476
130775	0.448
130825	0.440
130875	0.452
130925	0.444
130975	0.424
131025	0.448
131075	0.472
131125	0.484
131175	0.440
131225	0.460
131275	0.460
131325	0.448
131375	0.448
131425	0.496
131475	0.524
131525	0.516
131575	0.508
131625	0.480
131675	0.480
131725	0.452
131775	0.484
131825	0.516
131875	0.548
131925	0.564
131975	0.580
132025	0.564
132075	0.552
132125	0.544
132175	0.520
132225	0.488
132275	0.472
132325	0.440
132375	0.416
132425	0.408
132475	0.416
132525	0.424
132575	0.408
132625	0.416
132675	0.416
132725	0.400
132775	0.376
132825	0.428
132875	0.424
132925	0.424
132975	0.452
133025	0.500
133075	0.504
133125	0.540
133175	0.548
133225	0.536
133275	0.524
133325	0.520
133375	0.508
133425	0.504
133475	0.504
133525	0.508
133575	0.512
133625	0.492
133675	0.508
133725	0.512
133775	0.520
133825	0.488
133875	0.472
133925	0.468
133975	0.476
134025	0.464
134075	0.460
134125	0.472
134175	0.460
134225	0.444
134275	0.444
134325	0.456
134375	0.428
134425	0.428
134475	0.428
134525	0.412
134575	0.400
134625	0.428
134675	0.400
134725	0.420
134775	0.404
134825	0.392
134875	0.400
134925	0.428
134975	0.404
135025	0.408
135075	0.416
135125	0.404
135175	0.416
135225	0.468
135275	0.480
135325	0.516
135375	0.560
135425	0.544
135475	0.516
135525	0.516
135575	0.516
135625	0.488
135675	0.480
135725	0.488
135775	0.484
135825	0.468
135875	0.476
135925	0.500
135975	0.480
136025	0.492
136075	0.508
136125	0.524
136175	0.504
136225	0.540
136275	0.552
136325	0.544
136375	0.532
136425	0.536
136475	0.516
136525	0.508
136575	0.476
136625	0.468
136675	0.484
136725	0.508
136775	0.496
136825	0.532
136875	0.548
136925	0.544
136975	0.536
137025	0.548
137075	0.540
137125	0.552
137175	0.544
137225	0.528
137275	0.524
137325	0.528
137375	0.504
137425	0.528
137475	0.532
137525	0.508
137575	0.500
137625	0.488
137675	0.476
137725	0.468
137775	0.496
137825	0.500
137875	0.492
137925	0.468
137975	0.492
138025	0.484
138075	0.460
138125	0.480
138175	0.516
138225	0.492
138275	0.480
138325	0.512
138375	0.520
138425	0.496
138475	0.512
138525	0.512
138575	0.508
138625	0.476
138675	0.504
138725	0.500
138775	0.532
138825	0.528
138875	0.536
138925	0.536
138975	0.516
139025	0.484
139075	0.464
139125	0.476
139175	0.464
139225	0.472
139275	0.484
139325	0.508
139375	0.508
139425	0.488
139475	0.504
139525	0.508
139575	0.488
139625	0.496
139675	0.508
139725	0.500
139775	0.524
139825	0.524
139875	0.524
139925	0.516
139975	0.532
140025	0.512
140075	0.520
140125	0.504
140175	0.524
140225	0.488
140275	0.484
140325	0.476
140375	0.496
140425	0.476
140475	0.492
140525	0.472
140575	0.484
140625	0.472
140675	0.480
140725	0.472
140775	0.528
140825	0.532
140875	0.536
140925	0.556
140975	0.592
141025	0.568
141075	0.568
141125	0.564
141175	0.524
141225	0.496
141275	0.496
141325	0.496
141375	0.484
141425	0.516
141475	0.524
141525	0.528
141575	0.504
141625	0.512
141675	0.528
141725	0.500
141775	0.456
141825	0.452
141875	0.460
141925	0.420
141975	0.416
142025	0.448
142075	0.468
142125	0.444
142175	0.444
142225	0.456
142275	0.448
142325	0.432
142375	0.444
142425	0.460
142475	0.436
142525	0.412
142575	0.408
142625	0.408
142675	0.416
142725	0.432
142775	0.468
142825	0.508
142875	0.524
142925	0.500
142975	0.532
143025	0.540
143075	0.532
143125	0.556
143175	0.600
143225	0.580
143275	0.592
143325	0.576
143375	0.536
143425	0.480
143475	0.440
143525	0.428
143575	0.456
143625	0.476
143675	0.512
143725	0.560
143775	0.568
143825	0.568
143875	0.596
143925	0.576
143975	0.596
144025	0.588
144075	0.604
144125	0.572
144175	0.588
144225	0.600
144275	0.620
144325	0.612
144375	0.620
144425	0.640
144475	0.612
144525	0.580
144575	0.572
144625	0.576
144675	0.572
144725	0.572
144775	0.576
144825	0.572
144875	0.576
144925	0.564
144975	0.576
145025	0.580
145075	0.580
145125	0.564
145175	0.580
145225	0.584
145275	0.576
145325	0.584
145375	0.588
145425	0.552
145475	0.516
145525	0.508
145575	0.496
145625	0.508
145675	0.540
145725	0.548
145775	0.540
145825	0.528
145875	0.520
145925	0.524
145975	0.524
146025	0.552
146075	0.572
146125	0.568
146175	0.556
146225	0.556
146275	0.544
146325	0.536
146375	0.516
146425	0.524
146475	0.540
146525	0.528
146575	0.488
146625	0.496
146675	0.460
146725	0.432
146775	0.440
146825	0.460
146875	0.408
146925	0.384
146975	0.392
147025	0.396
147075	0.376
147125	0.404
147175	0.424
147225	0.416
147275	0.384
147325	0.376
147375	0.368
147425	0.360
147475	0.400
147525	0.468
147575	0.524
147625	0.564
147675	0.620
147725	0.596
147775	0.580
147825	0.576
147875	0.588
147925	0.564
147975	0.596
148025	0.588
148075	0.592
148125	0.604
148175	0.604
148225	0.608
148275	0.628
148325	0.640
148375	0.628
148425	0.616
148475	0.588
148525	0.572
148575	0.564
148625	0.504
148675	0.484
148725	0.476
148775	0.492
148825	0.460
148875	0.448
148925	0.416
148975	0.400
149025	0.388
149075	0.416
149125	0.460
149175	0.496
149225	0.516
149275	0.484
149325	0.456
149375	0.460
149425	0.452
149475	0.428
149525	0.448
149575	0.468
149625	0.484
149675	0.540
149725	0.548
149775	0.548
149825	0.544
149875	0.528
149925	0.500
149975	0.496
150025	0.468
150075	0.448
150125	0.480
150175	0.484
150225	0.496
150275	0.536
150325	0.552
150375	0.508
150425	0.472
150475	0.472
150525	0.448
150575	0.428
150625	0.432
150675	0.444
150725	0.456
150775	0.480
150825	0.524
150875	0.552
150925	0.564
150975	0.560
151025	0.544
151075	0.548
151125	0.552
151175	0.560
151225	0.548
151275	0.568
151325	0.576
151375	0.592
151425	0.616
151475	0.640
151525	0.664
151575	0.640
151625	0.620
151675	0.612
151725	0.620
151775	0.596
151825	0.592
151875	0.556
151925	0.524
151975	0.480
152025	0.448
152075	0.440
152125	0.464
152175	0.484
152225	0.520
152275	0.484
152325	0.480
152375	0.488
152425	0.492
152475	0.484
152525	0.556
152575	0.576
152625	0.556
152675	0.552
152725	0.560
152775	0.540
152825	0.536
152875	0.564
152925	0.560
152975	0.564
153025	0.580
153075	0.596
153125	0.600
153175	0.604
153225	0.552
153275	0.520
153325	0.472
153375	0.424
153425	0.392
153475	0.400
153525	0.376
153575	0.360
153625	0.388
153675	0.388
153725	0.376
153775	0.372
153825	0.392
153875	0.372
153925	0.392
153975	0.436
154025	0.496
154075	0.488
154125	0.512
154175	0.528
154225	0.528
154275	0.516
154325	0.560
154375	0.572
154425	0.580
154475	0.592
154525	0.620
154575	0.628
154625	0.636
154675	0.628
154725	0.624
154775	0.604
154825	0.596
154875	0.608
154925	0.632
154975	0.652
155025	0.644
155075	0.612
155125	0.568
155175	0.536
155225	0.488
155275	0.476
155325	0.496
155375	0.484
155425	0.452
155475	0.456
155525	0.464
155575	0.444
155625	0.424
155675	0.424
155725	0.432
155775	0.460
155825	0.484
155875	0.544
155925	0.596
155975	0.616
156025	0.600
156075	0.600
156125	0.572
156175	0.536
156225	0.540
156275	0.532
156325	0.536
156375	0.572
156425	0.568
156475	0.520
156525	0.508
156575	0.524
156625	0.516
156675	0.544
156725	0.580
156775	0.588
156825	0.592
156875	0.604
156925	0.616
156975	0.616
157025	0.608
157075	0.560
157125	0.528
157175	0.516
157225	0.528
157275	0.532
157325	0.520
157375	0.504
157425	0.516
157475	0.500
157525	0.516
157575	0.572
157625	0.604
157675	0.580
157725	0.576
157775	0.576
157825	0.588
157875	0.596
157925	0.616
157975	0.632
158025	0.612
158075	0.620
158125	0.624
158175	0.620
158225	0.608
158275	0.660
158325	0.620
158375	0.600
158425	0.560
158475	0.512
158525	0.444
158575	0.392
158625	0.348
158675	0.336
158725	0.368
158775	0.360
158825	0.376
158875	0.372
158925	0.340
158975	0.304
159025	0.296
159075	0.304
159125	0.332
159175	0.368
159225	0.384
159275	0.408
159325	0.416
159375	0.420
159425	0.456
159475	0.476
159525	0.468
159575	0.456
159625	0.476
159675	0.432
159725	0.436
159775	0.452
159825	0.464
159875	0.424
159925	0.488
159975	0.500
160025	0.496
160075	0.500
160125	0.536
160175	0.484
160225	0.452
160275	0.440
160325	0.440
160375	0.432
160425	0.480
160475	0.504
160525	0.504
160575	0.504
160625	0.516
160675	0.504
160725	0.492
160775	0.528
160825	0.500
160875	0.480
160925	0.468
160975	0.464
161025	0.448
161075	0.460
161125	0.444
161175	0.444
161225	0.424
161275	0.408
161325	0.416
161375	0.436
161425	0.436
161475	0.480
161525	0.484
161575	0.480
161625	0.480
161675	0.492
161725	0.460
161775	0.460
161825	0.464
161875	0.448
161925	0.424
161975	0.436
162025	0.436
162075	0.456
162125	0.456
162175	0.480
162225	0.464
162275	0.464
162325	0.440
162375	0.468
162425	0.444
162475	0.480
162525	0.460
162575	0.464
162625	0.432
162675	0.452
162725	0.428
162775	0.464
162825	0.484
162875	0.492
162925	0.440
162975	0.412
163025	0.380
163075	0.352
163125	0.352
163175	0.396
163225	0.468
163275	0.504
163325	0.504
163375	0.540
163425	0.560
163475	0.552
163525	0.540
163575	0.560
163625	0.548
163675	0.516
163725	0.512
163775	0.540
163825	0.540
163875	0.540
163925	0.580
163975	0.568
164025	0.544
164075	0.552
164125	0.524
164175	0.488
164225	0.488
164275	0.460
164325	0.424
164375	0.456
164425	0.488
164475	0.480
164525	0.512
164575	0.544
164625	0.536
164675	0.528
164725	0.536
164775	0.568
164825	0.556
164875	0.544
164925	0.512
164975	0.500
165025	0.472
165075	0.444
165125	0.456
165175	0.476
165225	0.484
165275	0.460
165325	0.500
165375	0.508
165425	0.492
165475	0.496
165525	0.500
165575	0.508
165625	0.508
165675	0.520
165725	0.508
165775	0.524
165825	0.516
165875	0.504
165925	0.504
165975	0.508
166025	0.480
166075	0.480
166125	0.480
166175	0.468
166225	0.476
166275	0.528
166325	0.524
166375	0.540
166425	0.524
166475	0.512
166525	0.476
166575	0.480
166625	0.452
166675	0.492
166725	0.532
166775	0.516
166825	0.504
166875	0.508
166925	0.488
166975	0.464
167025	0.504
167075	0.508
167125	0.520
167175	0.532
167225	0.516
167275	0.496
167325	0.500
167375	0.496
167425	0.500
167475	0.500
167525	0.508
167575	0.480
167625	0.500
167675	0.500
167725	0.512
167775	0.500
167825	0.524
167875	0.512
167925	0.520
167975	0.508
168025	0.516
168075	0.520
168125	0.512
168175	0.480
168225	0.456
168275	0.468
168325	0.480
168375	0.484
168425	0.500
168475	0.536
168525	0.528
168575	0.528
168625	0.528
168675	0.568
168725	0.568
168775	0.560
168825	0.576
168875	0.600
168925	0.556
168975	0.560
169025	0.536
169075	0.508
169125	0.504
169175	0.516
169225	0.508
169275	0.488
169325	0.468
169375	0.452
169425	0.440
169475	0.432
169525	0.500
169575	0.528
169625	0.516
169675	0.536
169725	0.572
169775	0.568
169825	0.584
169875	0.588
169925	0.568
169975	0.580
170025	0.560
170075	0.520
170125	0.516
170175	0.532
170225	0.496
170275	0.512
170325	0.536
170375	0.548
170425	0.532
170475	0.536
170525	0.524
170575	0.536
170625	0.540
170675	0.556
170725	0.572
170775	0.576
170825	0.528
170875	0.508
170925	0.512
170975	0.512
171025	0.520
171075	0.524
171125	0.512
171175	0.508
171225	0.504
171275	0.496
171325	0.524
171375	0.532
171425	0.516
171475	0.512
171525	0.496
171575	0.484
171625	0.496
171675	0.468
171725	0.440
171775	0.468
171825	0.476
171875	0.492
171925	0.544
171975	0.588
172025	0.604
172075	0.636
172125	0.660
172175	0.656
172225	0.612
172275	0.584
172325	0.544
172375	0.504
172425	0.500
172475	0.472
172525	0.468
172575	0.456
172625	0.448
172675	0.412
172725	0.448
172775	0.456
172825	0.460
172875	0.456
172925	0.488
172975	0.476
173025	0.464
173075	0.448
173125	0.464
173175	0.500
173225	0.524
173275	0.556
173325	0.560
173375	0.552
173425	0.524
173475	0.560
173525	0.560
173575	0.616
173625	0.676
173675	0.696
173725	0.640
173775	0.608
173825	0.560
173875	0.508
173925	0.456
173975	0.460
174025	0.476
174075	0.452
174125	0.412
174175	0.404
174225	0.436
174275	0.436
174325	0.476
174375	0.508
174425	0.548
174475	0.528
174525	0.500
174575	0.512
174625	0.496
174675	0.468
174725	0.440
174775	0.448
174825	0.448
174875	0.496
174925	0.512
174975	0.540
175025	0.528
175075	0.520
175125	0.488
175175	0.480
175225	0.460
175275	0.460
175325	0.456
175375	0.500
175425	0.516
175475	0.528
175525	0.552
175575	0.520
175625	0.480
175675	0.504
175725	0.492
175775	0.484
175825	0.540
175875	0.580
175925	0.552
175975	0.592
176025	0.604
176075	0.596
176125	0.588
176175	0.600
176225	0.604
176275	0.616
176325	0.632
176375	0.628
176425	0.636
176475	0.620
176525	0.612
176575	0.588
176625	0.576
176675	0.564
176725	0.564
176775	0.580
176825	0.592
176875	0.592
176925	0.608
176975	0.628
177025	0.632
177075	0.616
177125	0.620
177175	0.612
177225	0.604
177275	0.576
177325	0.572
177375	0.540
177425	0.484
177475	0.448
177525	0.428
177575	0.404
177625	0.396
177675	0.440
177725	0.416
177775	0.396
177825	0.392
177875	0.400
177925	0.360
177975	0.408
178025	0.440
178075	0.456
178125	0.436
178175	0.440
178225	0.416
178275	0.428
178325	0.448
178375	0.456
178425	0.488
178475	0.488
178525	0.468
178575	0.428
178625	0.424
178675	0.396
178725	0.436
178775	0.448
178825	0.472
178875	0.548
178925	0.600
178975	0.600
179025	0.608
179075	0.580
179125	0.556
179175	0.548
179225	0.536
179275	0.536
179325	0.600
179375	0.596
179425	0.560
179475	0.548
179525	0.548
179575	0.536
179625	0.528
179675	0.576
179725	0.596
179775	0.580
179825	0.604
179875	0.636
179925	0.648
179975	0.656
180025	0.656
180075	0.620
180125	0.572
180175	0.536
180225	0.500
180275	0.504
180325	0.488
180375	0.496
180425	0.524
180475	0.552
180525	0.556
180575	0.576
180625	0.572
180675	0.564
180725	0.552
180775	0.548
180825	0.560
180875	0.564
180925	0.532
180975	0.496
181025	0.504
181075	0.496
181125	0.504
181175	0.496
181225	0.536
181275	0.552
181325	0.548
181375	0.532
181425	0.536
181475	0.524
181525	0.488
181575	0.460
181625	0.452
181675	0.428
181725	0.420
181775	0.452
181825	0.464
181875	0.480
181925	0.540
181975	0.580
182025	0.548
182075	0.560
182125	0.596
182175	0.576
182225	0.564
182275	0.584
182325	0.588
182375	0.556
182425	0.536
182475	0.532
182525	0.540
182575	0.516
182625	0.500
182675	0.528
182725	0.516
182775	0.512
182825	0.536
182875	0.552
182925	0.532
182975	0.512
183025	0.512
183075	0.500
183125	0.500
183175	0.492
183225	0.504
183275	0.504
183325	0.500
183375	0.480
183425	0.508
183475	0.516
183525	0.524
183575	0.528
183625	0.548
183675	0.524
183725	0.524
183775	0.512
183825	0.516
183875	0.504
183925	0.528
183975	0.524
184025	0.512
184075	0.524
184125	0.548
184175	0.552
184225	0.540
184275	0.544
184325	0.552
184375	0.552
184425	0.536
184475	0.532
184525	0.536
184575	0.524
184625	0.516
184675	0.528
184725	0.556
184775	0.552
184825	0.536
184875	0.504
184925	0.448
184975	0.384
185025	0.340
185075	0.324
185125	0.336
185175	0.360
185225	0.388
185275	0.412
185325	0.436
185375	0.424
185425	0.440
185475	0.436
185525	0.424
185575	0.420
185625	0.440
185675	0.468
185725	0.496
185775	0.544
185825	0.564
185875	0.580
185925	0.564
185975	0.544
186025	0.524
186075	0.524
186125	0.544
186175	0.524
186225	0.528
186275	0.548
186325	0.536
186375	0.508
186425	0.508
186475	0.508
186525	0.484
186575	0.472
186625	0.452
186675	0.448
186725	0.440
186775	0.444
186825	0.492
186875	0.512
186925	0.496
186975	0.500
187025	0.472
187075	0.432
187125	0.428
187175	0.464
187225	0.452
187275	0.476
187325	0.460
187375	0.452
187425	0.456
187475	0.468
187525	0.480
187575	0.516
187625	0.540
187675	0.520
187725	0.548
187775	0.568
187825	0.548
187875	0.540
187925	0.552
187975	0.520
188025	0.520
188075	0.516
188125	0.508
188175	0.508
188225	0.516
188275	0.492
188325	0.508
188375	0.512
188425	0.484
188475	0.504
188525	0.492
188575	0.472
188625	0.456
188675	0.488
188725	0.476
188775	0.456
188825	0.480
188875	0.480
188925	0.472
188975	0.480
189025	0.528
189075	0.500
189125	0.500
189175	0.484
189225	0.456
189275	0.424
189325	0.388
189375	0.396
189425	0.400
189475	0.420
189525	0.428
189575	0.480
189625	0.464
189675	0.464
189725	0.460
189775	0.452
189825	0.444
189875	0.456
189925	0.460
189975	0.456
190025	0.480
190075	0.472
190125	0.484
190175	0.488
190225	0.472
190275	0.460
190325	0.448
190375	0.440
190425	0.436
190475	0.460
190525	0.444
190575	0.460
190625	0.452
190675	0.472
190725	0.460
190775	0.492
190825	0.480
190875	0.488
190925	0.484
190975	0.464
191025	0.432
191075	0.444
191125	0.428
191175	0.408
191225	0.428
191275	0.448
191325	0.440
191375	0.456
191425	0.468
191475	0.464
191525	0.468
191575	0.488
191625	0.468
191675	0.444
191725	0.480
191775	0.472
191825	0.472
191875	0.516
191925	0.544
191975	0.568
192025	0.580
192075	0.592
192125	0.596
192175	0.556
192225	0.552
192275	0.540
192325	0.524
192375	0.504
192425	0.536
192475	0.488
192525	0.476
192575	0.460
192625	0.452
192675	0.448
192725	0.456
192775	0.468
192825	0.488
192875	0.492
192925	0.500
192975	0.480
193025	0.480
193075	0.476
193125	0.500
193175	0.524
193225	0.560
193275	0.588
193325	0.572
193375	0.528
193425	0.508
193475	0.528
193525	0.524
193575	0.572
193625	0.596
193675	0.572
193725	0.564
193775	0.528
193825	0.492
193875	0.496
193925	0.536
193975	0.516
194025	0.528
194075	0.520
194125	0.508
194175	0.512
194225	0.524
194275	0.544
194325	0.572
194375	0.584
194425	0.552
194475	0.552
194525	0.548
194575	0.552
194625	0.544
194675	0.560
194725	0.568
194775	0.564
194825	0.556
194875	0.560
194925	0.552
194975	0.552
195025	0.588
195075	0.560
195125	0.564
195175	0.588
195225	0.572
195275	0.540
195325	0.588
195375	0.584
195425	0.560
195475	0.548
195525	0.536
195575	0.524
195625	0.548
195675	0.548
195725	0.540
195775	0.572
195825	0.572
195875	0.532
195925	0.544
195975	0.552
196025	0.516
196075	0.484
196125	0.484
196175	0.488
196225	0.528
196275	0.556
196325	0.584
196375	0.592
196425	0.572
196475	0.536
196525	0.524
196575	0.540
196625	0.532
196675	0.528
196725	0.520
196775	0.528
196825	0.484
196875	0.492
196925	0.508
196975	0.508
197025	0.468
197075	0.504
197125	0.520
197175	0.524
197225	0.552
197275	0.552
197325	0.516
197375	0.548
197425	0.556
197475	0.568
197525	0.592
197575	0.612
197625	0.564
197675	0.556
197725	0.536
197775	0.560
197825	0.568
197875	0.612
197925	0.628
197975	0.608
198025	0.620
198075	0.624
198125	0.604
198175	0.604
198225	0.612
198275	0.572
198325	0.552
198375	0.528
198425	0.496
198475	0.468
198525	0.468
198575	0.444
198625	0.420
198675	0.432
198725	0.464
198775	0.440
198825	0.456
198875	0.492
198925	0.484
198975	0.444
199025	0.436
199075	0.420
199125	0.376
199175	0.344
199225	0.356
199275	0.388
199325	0.416
199375	0.416
199425	0.432
199475	0.412
199525	0.384
199575	0.392
199625	0.424
199675	0.448
199725	0.520
199775	0.592
199825	0.588
199875	0.628
199925	0.656
199975	0.656
200025	0.612
200075	0.596
200125	0.560
200175	0.536
200225	0.520
200275	0.532
200325	0.564
200375	0.572
200425	0.560
200475	0.556
200525	0.564
200575	0.572
200625	0.576
200675	0.544
200725	0.516
200775	0.484
200825	0.476
200875	0.480
200925	0.536
200975	0.584
201025	0.628
201075	0.632
201125	0.660
201175	0.656
201225	0.640
201275	0.640
201325	0.620
201375	0.608
201425	0.620
201475	0.628
201525	0.620
201575	0.644
201625	0.620
201675	0.620
201725	0.612
201775	0.624
201825	0.612
201875	0.604
201925	0.616
201975	0.632
202025	0.616
202075	0.640
202125	0.660
202175	0.652
202225	0.652
202275	0.664
202325	0.656
202375	0.664
202425	0.624
202475	0.564
202525	0.540
202575	0.508
202625	0.500
202675	0.428
202725	0.472
202775	0.456
202825	0.436
202875	0.412
202925	0.480
202975	0.452
203025	0.452
203075	0.460
203125	0.392
203175	0.400
203225	0.392
203275	0.392
203325	0.388
203375	0.468
203425	0.472
203475	0.504
203525	0.492
203575	0.496
203625	0.480
203675	0.452
203725	0.404
203775	0.420
203825	0.428
203875	0.428
203925	0.436
203975	0.464
204025	0.432
204075	0.440
204125	0.424
204175	0.400
204225	0.404
204275	0.444
204325	0.412
204375	0.408
204425	0.420
204475	0.416
204525	0.376
204575	0.376
204625	0.384
204675	0.364
204725	0.336
204775	0.360
204825	0.400
204875	0.420
204925	0.496
204975	0.568
205025	0.576
205075	0.604
205125	0.608
205175	0.612
205225	0.608
205275	0.628
205325	0.588
205375	0.604
205425	0.552
205475	0.548
205525	0.536
205575	0.528
205625	0.496
205675	0.532
205725	0.504
205775	0.492
205825	0.532
205875	0.568
205925	0.572
205975	0.584
206025	0.620
206075	0.600
206125	0.584
206175	0.584
206225	0.588
206275	0.576
206325	0.556
206375	0.552
206425	0.540
206475	0.528
206525	0.524
206575	0.516
206625	0.496
206675	0.488
206725	0.488
206775	0.468
206825	0.472
206875	0.480
206925	0.488
206975	0.500
207025	0.524
207075	0.552
207125	0.572
207175	0.584
207225	0.576
207275	0.588
207325	0.592
207375	0.596
207425	0.584
207475	0.616
207525	0.612
207575	0.620
207625	0.608
207675	0.644
207725	0.588
207775	0.588
207825	0.588
207875	0.616
207925	0.604
207975	0.644
208025	0.648
208075	0.624
208125	0.612
208175	0.612
208225	0.608
208275	0.588
208325	0.584
208375	0.544
208425	0.516
208475	0.508
208525	0.516
208575	0.476
208625	0.504
208675	0.540
208725	0.564
208775	0.568
208825	0.608
208875	0.592
208925	0.516
208975	0.484
209025	0.488
209075	0.492
209125	0.540
209175	0.620
209225	0.644
209275	0.592
209325	0.588
209375	0.536
209425	0.484
209475	0.456
209525	0.512
209575	0.532
209625	0.552
209675	0.564
209725	0.584
209775	0.580
209825	0.572
209875	0.580
209925	0.588
209975	0.604
210025	0.580
210075	0.568
210125	0.576
210175	0.552
210225	0.512
210275	0.528
210325	0.528
210375	0.532
210425	0.540
210475	0.560
210525	0.568
210575	0.572
210625	0.552
210675	0.580
210725	0.556
210775	0.540
210825	0.496
210875	0.500
210925	0.456
210975	0.500
211025	0.512
211075	0.588
211125	0.576
211175	0.592
211225	0.548
211275	0.492
211325	0.444
211375	0.432
211425	0.424
211475	0.424
211525	0.472
211575	0.512
211625	0.540
211675	0.560
211725	0.584
211775	0.588
211825	0.568
211875	0.556
211925	0.576
211975	0.572
212025	0.580
212075	0.596
212125	0.588
212175	0.572
212225	0.576
212275	0.568
212325	0.560
212375	0.552
212425	0.552
212475	0.544
212525	0.516
212575	0.484
212625	0.500
212675	0.492
212725	0.480
212775	0.492
212825	0.492
212875	0.496
212925	0.488
212975	0.488
213025	0.460
213075	0.464
213125	0.428
213175	0.408
213225	0.412
213275	0.420
213325	0.412
213375	0.424
213425	0.468
213475	0.468
213525	0.484
213575	0.480
213625	0.484
213675	0.476
213725	0.480
213775	0.500
213825	0.540
213875	0.552
213925	0.564
213975	0.580
214025	0.568
214075	0.564
214125	0.580
214175	0.556
214225	0.540
214275	0.552
214325	0.560
214375	0.532
214425	0.540
214475	0.536
214525	0.524
214575	0.516
214625	0.536
214675	0.516
214725	0.496
214775	0.484
214825	0.468
214875	0.464
214925	0.468
214975	0.492
215025	0.472
215075	0.472
215125	0.472
215175	0.488
215225	0.472
215275	0.520
215325	0.532
215375	0.536
215425	0.508
215475	0.524
215525	0.504
215575	0.492
215625	0.472
215675	0.480
215725	0.484
215775	0.500
215825	0.468
215875	0.472
215925	0.472
215975	0.476
216025	0.456
216075	0.484
216125	0.480
216175	0.460
216225	0.444
216275	0.448
216325	0.464
216375	0.480
216425	0.508
216475	0.500
216525	0.500
216575	0.472
216625	0.440
216675	0.436
216725	0.448
216775	0.420
216825	0.420
216875	0.456
216925	0.468
216975	0.472
217025	0.512
217075	0.536
217125	0.524
217175	0.512
217225	0.528
217275	0.520
217325	0.528
217375	0.540
217425	0.568
217475	0.576
217525	0.568
217575	0.552
217625	0.528
217675	0.472
217725	0.404
217775	0.396
217825	0.360
217875	0.348
217925	0.376
217975	0.368
218025	0.360
218075	0.388
218125	0.484
218175	0.516
218225	0.584
218275	0.624
218325	0.684
218375	0.632
218425	0.600
218475	0.608
218525	0.624
218575	0.616
218625	0.624
218675	0.668
218725	0.664
218775	0.616
218825	0.572
218875	0.536
218925	0.496
218975	0.464
219025	0.480
219075	0.484
219125	0.468
219175	0.448
219225	0.476
219275	0.472
219325	0.516
219375	0.512
219425	0.504
219475	0.488
219525	0.484
219575	0.400
219625	0.400
219675	0.416
219725	0.392
219775	0.372
219825	0.400
219875	0.444
219925	0.448
219975	0.484
220025	0.532
220075	0.544
220125	0.516
220175	0.536
220225	0.492
220275	0.472
220325	0.476
220375	0.508
220425	0.504
220475	0.544
220525	0.512
220575	0.496
220625	0.476
220675	0.472
220725	0.468
220775	0.484
220825	0.472
220875	0.484
220925	0.472
220975	0.464
221025	0.492
221075	0.496
221125	0.448
221175	0.460
221225	0.480
221275	0.448
221325	0.480
221375	0.552
221425	0.560
221475	0.552
221525	0.568
221575	0.560
221625	0.512
221675	0.476
221725	0.476
221775	0.452
221825	0.424
221875	0.440
221925	0.488
221975	0.508
222025	0.524
222075	0.532
222125	0.520
222175	0.484
222225	0.432
222275	0.432
222325	0.436
222375	0.440
222425	0.440
222475	0.444
222525	0.432
222575	0.408
222625	0.364
222675	0.392
222725	0.428
222775	0.444
222825	0.460
222875	0.492
222925	0.464
222975	0.460
223025	0.492
223075	0.488
223125	0.492
223175	0.504
223225	0.520
223275	0.492
223325	0.524
223375	0.556
223425	0.596
223475	0.596
223525	0.604
223575	0.604
223625	0.616
223675	0.592
223725	0.532
223775	0.544
223825	0.548
223875	0.532
223925	0.548
223975	0.560
224025	0.572
224075	0.556
224125	0.512
224175	0.476
224225	0.472
224275	0.432
224325	0.416
224375	0.440
224425	0.440
224475	0.436
224525	0.416
224575	0.416
224625	0.412
224675	0.420
224725	0.440
224775	0.464
224825	0.464
224875	0.500
224925	0.512
224975	0.556
225025	0.580
225075	0.616
225125	0.616
225175	0.632
225225	0.596
225275	0.588
225325	0.592
225375	0.580
225425	0.564
225475	0.572
225525	0.580
225575	0.584
225625	0.576
225675	0.576
225725	0.584
225775	0.536
225825	0.480
225875	0.460
225925	0.436
225975	0.380
226025	0.368
226075	0.376
226125	0.352
226175	0.332
226225	0.340
226275	0.344
226325	0.336
226375	0.360
226425	0.384
226475	0.404
226525	0.448
226575	0.476
226625	0.504
226675	0.500
226725	0.532
226775	0.520
226825	0.552
226875	0.564
226925	0.604
226975	0.608
227025	0.612
227075	0.552
227125	0.516
227175	0.508
227225	0.492
227275	0.512
227325	0.548
227375	0.548
227425	0.508
227475	0.468
227525	0.428
227575	0.436
227625	0.436
227675	0.452
227725	0.472
227775	0.488
227825	0.480
227875	0.464
227925	0.480
227975	0.492
228025	0.520
228075	0.544
228125	0.604
228175	0.620
228225	0.668
228275	0.644
228325	0.616
228375	0.576
228425	0.556
228475	0.504
228525	0.484
228575	0.480
228625	0.464
228675	0.448
228725	0.444
228775	0.460
228825	0.456
228875	0.464
228925	0.464
228975	0.460
229025	0.476
229075	0.472
229125	0.476
229175	0.468
229225	0.476
229275	0.436
229325	0.444
229375	0.440
229425	0.428
229475	0.428
229525	0.444
229575	0.432
229625	0.424
229675	0.456
229725	0.456
229775	0.448
229825	0.436
229875	0.444
229925	0.428
229975	0.416
230025	0.440
230075	0.460
230125	0.460
230175	0.456
230225	0.476
230275	0.452
230325	0.452
230375	0.452
230425	0.444
230475	0.428
230525	0.448
230575	0.452
230625	0.468
230675	0.492
230725	0.516
230775	0.500
230825	0.492
230875	0.492
230925	0.500
230975	0.492
231025	0.488
231075	0.476
231125	0.468
231175	0.456
231225	0.436
231275	0.444
231325	0.472
231375	0.480
231425	0.480
231475	0.488
231525	0.492
231575	0.456
231625	0.480
231675	0.460
231725	0.456
231775	0.468
231825	0.480
231875	0.440
231925	0.456
231975	0.452
232025	0.428
232075	0.436
232125	0.460
232175	0.452
232225	0.432
232275	0.436
232325	0.420
232375	0.396
232425	0.408
232475	0.456
232525	0.468
232575	0.468
232625	0.460
232675	0.444
232725	0.412
232775	0.408
232825	0.412
232875	0.436
232925	0.436
232975	0.444
233025	0.460
233075	0.476
233125	0.472
233175	0.448
233225	0.404
233275	0.344
233325	0.292
233375	0.232
233425	0.256
233475	0.236
233525	0.240
233575	0.276
233625	0.280
233675	0.260
233725	0.288
233775	0.296
233825	0.256
233875	0.240
233925	0.228
233975	0.228
234025	0.244
234075	0.268
234125	0.308
234175	0.312
234225	0.316
234275	0.284
234325	0.256
234375	0.228
234425	0.220
234475	0.204
234525	0.184
234575	0.156
234625	0.144
234675	0.116
234725	0.172
234775	0.308
234825	0.440
234875	0.580
234925	0.712
