Position	Percent G+C 1 .. 23757
125	0.272
175	0.184
225	0.096
275	0.080
325	0.080
375	0.076
425	0.084
475	0.100
525	0.108
575	0.096
625	0.084
675	0.072
725	0.080
775	0.080
825	0.080
875	0.088
925	0.092
975	0.080
1025	0.084
1075	0.092
1125	0.108
1175	0.124
1225	0.140
1275	0.132
1325	0.140
1375	0.128
1425	0.120
1475	0.108
1525	0.104
1575	0.080
1625	0.060
1675	0.064
1725	0.056
1775	0.064
1825	0.080
1875	0.088
1925	0.084
1975	0.088
2025	0.092
2075	0.092
2125	0.092
2175	0.108
2225	0.104
2275	0.088
2325	0.084
2375	0.104
2425	0.084
2475	0.088
2525	0.092
2575	0.104
2625	0.092
2675	0.092
2725	0.096
2775	0.100
2825	0.092
2875	0.124
2925	0.136
2975	0.132
3025	0.124
3075	0.120
3125	0.088
3175	0.072
3225	0.076
3275	0.092
3325	0.088
3375	0.108
3425	0.132
3475	0.144
3525	0.156
3575	0.176
3625	0.176
3675	0.176
3725	0.180
3775	0.168
3825	0.152
3875	0.136
3925	0.124
3975	0.112
4025	0.104
4075	0.144
4125	0.176
4175	0.192
4225	0.200
4275	0.236
4325	0.216
4375	0.184
4425	0.184
4475	0.212
4525	0.228
4575	0.284
4625	0.344
4675	0.368
4725	0.356
4775	0.320
4825	0.272
4875	0.216
4925	0.224
4975	0.244
5025	0.292
5075	0.304
5125	0.308
5175	0.288
5225	0.260
5275	0.212
5325	0.212
5375	0.224
5425	0.220
5475	0.232
5525	0.300
5575	0.316
5625	0.332
5675	0.320
5725	0.296
5775	0.220
5825	0.192
5875	0.168
5925	0.180
5975	0.192
6025	0.208
6075	0.208
6125	0.216
6175	0.196
6225	0.208
6275	0.212
6325	0.232
6375	0.220
6425	0.232
6475	0.216
6525	0.200
6575	0.184
6625	0.184
6675	0.196
6725	0.192
6775	0.212
6825	0.220
6875	0.204
6925	0.216
6975	0.248
7025	0.236
7075	0.208
7125	0.216
7175	0.204
7225	0.204
7275	0.200
7325	0.208
7375	0.220
7425	0.232
7475	0.204
7525	0.236
7575	0.252
7625	0.280
7675	0.240
7725	0.240
7775	0.228
7825	0.224
7875	0.204
7925	0.228
7975	0.248
8025	0.224
8075	0.240
8125	0.268
8175	0.272
8225	0.268
8275	0.256
8325	0.228
8375	0.212
8425	0.224
8475	0.208
8525	0.240
8575	0.252
8625	0.228
8675	0.204
8725	0.204
8775	0.204
8825	0.220
8875	0.280
8925	0.296
8975	0.288
9025	0.300
9075	0.276
9125	0.264
9175	0.256
9225	0.276
9275	0.272
9325	0.284
9375	0.244
9425	0.272
9475	0.260
9525	0.260
9575	0.244
9625	0.248
9675	0.192
9725	0.200
9775	0.188
9825	0.204
9875	0.188
9925	0.192
9975	0.184
10025	0.176
10075	0.168
10125	0.180
10175	0.192
10225	0.172
10275	0.200
10325	0.200
10375	0.188
10425	0.228
10475	0.256
10525	0.228
10575	0.240
10625	0.264
10675	0.244
10725	0.224
10775	0.228
10825	0.216
10875	0.216
10925	0.212
10975	0.220
11025	0.204
11075	0.200
11125	0.196
11175	0.184
11225	0.212
11275	0.252
11325	0.252
11375	0.264
11425	0.272
11475	0.268
11525	0.264
11575	0.280
11625	0.272
11675	0.260
11725	0.244
11775	0.240
11825	0.244
11875	0.272
11925	0.328
11975	0.344
12025	0.340
12075	0.308
12125	0.252
12175	0.204
12225	0.196
12275	0.224
12325	0.208
12375	0.208
12425	0.192
12475	0.172
12525	0.160
12575	0.172
12625	0.168
12675	0.196
12725	0.184
12775	0.144
12825	0.152
12875	0.152
12925	0.104
12975	0.128
13025	0.152
13075	0.152
13125	0.148
13175	0.164
13225	0.148
13275	0.112
13325	0.092
13375	0.104
13425	0.120
13475	0.108
13525	0.104
13575	0.104
13625	0.104
13675	0.076
13725	0.100
13775	0.128
13825	0.136
13875	0.160
13925	0.228
13975	0.272
14025	0.336
14075	0.412
14125	0.460
14175	0.484
14225	0.468
14275	0.436
14325	0.376
14375	0.372
14425	0.380
14475	0.392
14525	0.392
14575	0.416
14625	0.344
14675	0.284
14725	0.248
14775	0.208
14825	0.180
14875	0.192
14925	0.180
14975	0.204
15025	0.200
15075	0.248
15125	0.276
15175	0.312
15225	0.356
15275	0.432
15325	0.464
15375	0.500
15425	0.504
15475	0.484
15525	0.472
15575	0.456
15625	0.444
15675	0.452
15725	0.424
15775	0.376
15825	0.328
15875	0.304
15925	0.352
15975	0.336
16025	0.368
16075	0.424
16125	0.436
16175	0.396
16225	0.456
16275	0.476
16325	0.452
16375	0.472
16425	0.472
16475	0.456
16525	0.464
16575	0.504
16625	0.516
16675	0.500
16725	0.524
16775	0.508
16825	0.516
16875	0.504
16925	0.528
16975	0.500
17025	0.504
17075	0.472
17125	0.444
17175	0.432
17225	0.472
17275	0.476
17325	0.496
17375	0.512
17425	0.512
17475	0.464
17525	0.464
17575	0.432
17625	0.472
17675	0.468
17725	0.464
17775	0.432
17825	0.436
17875	0.408
17925	0.404
17975	0.412
18025	0.436
18075	0.456
18125	0.452
18175	0.452
18225	0.456
18275	0.452
18325	0.432
18375	0.416
18425	0.392
18475	0.384
18525	0.400
18575	0.408
18625	0.420
18675	0.440
18725	0.468
18775	0.460
18825	0.460
18875	0.452
18925	0.480
18975	0.448
19025	0.464
19075	0.460
19125	0.464
19175	0.444
19225	0.476
19275	0.460
19325	0.484
19375	0.496
19425	0.484
19475	0.448
19525	0.412
19575	0.380
19625	0.364
19675	0.400
19725	0.440
19775	0.460
19825	0.456
19875	0.476
19925	0.452
19975	0.452
20025	0.468
20075	0.484
20125	0.484
20175	0.452
20225	0.352
20275	0.348
20325	0.292
20375	0.264
20425	0.288
20475	0.340
20525	0.272
20575	0.288
20625	0.264
20675	0.244
20725	0.212
20775	0.228
20825	0.216
20875	0.220
20925	0.240
20975	0.240
21025	0.224
21075	0.200
21125	0.152
21175	0.108
21225	0.112
21275	0.108
21325	0.116
21375	0.152
21425	0.132
21475	0.116
21525	0.132
21575	0.148
21625	0.148
21675	0.144
21725	0.140
21775	0.140
21825	0.120
21875	0.100
21925	0.120
21975	0.144
22025	0.148
22075	0.152
22125	0.152
22175	0.152
22225	0.140
22275	0.132
22325	0.128
22375	0.144
22425	0.148
22475	0.136
22525	0.152
22575	0.164
22625	0.152
22675	0.136
22725	0.140
22775	0.120
22825	0.128
22875	0.120
22925	0.120
22975	0.116
23025	0.116
23075	0.084
23125	0.104
23175	0.120
23225	0.124
23275	0.128
23325	0.132
23375	0.120
23425	0.104
23475	0.116
23525	0.136
23575	0.168
23625	0.188
