Position	Percent G+C 1 .. 272411
125	0.588
175	0.608
225	0.576
275	0.552
325	0.560
375	0.552
425	0.544
475	0.568
525	0.580
575	0.600
625	0.612
675	0.612
725	0.616
775	0.624
825	0.620
875	0.620
925	0.620
975	0.616
1025	0.628
1075	0.608
1125	0.600
1175	0.612
1225	0.632
1275	0.596
1325	0.588
1375	0.588
1425	0.572
1475	0.540
1525	0.560
1575	0.580
1625	0.564
1675	0.588
1725	0.600
1775	0.604
1825	0.600
1875	0.620
1925	0.604
1975	0.568
2025	0.564
2075	0.552
2125	0.556
2175	0.544
2225	0.580
2275	0.608
2325	0.608
2375	0.580
2425	0.572
2475	0.584
2525	0.556
2575	0.572
2625	0.608
2675	0.624
2725	0.600
2775	0.612
2825	0.612
2875	0.592
2925	0.600
2975	0.600
3025	0.596
3075	0.596
3125	0.604
3175	0.612
3225	0.608
3275	0.600
3325	0.584
3375	0.564
3425	0.544
3475	0.544
3525	0.552
3575	0.568
3625	0.588
3675	0.616
3725	0.652
3775	0.672
3825	0.676
3875	0.688
3925	0.660
3975	0.636
4025	0.620
4075	0.624
4125	0.596
4175	0.624
4225	0.604
4275	0.592
4325	0.612
4375	0.640
4425	0.600
4475	0.596
4525	0.596
4575	0.536
4625	0.516
4675	0.532
4725	0.552
4775	0.536
4825	0.580
4875	0.592
4925	0.592
4975	0.564
5025	0.596
5075	0.572
5125	0.540
5175	0.528
5225	0.532
5275	0.528
5325	0.532
5375	0.540
5425	0.572
5475	0.600
5525	0.576
5575	0.556
5625	0.544
5675	0.524
5725	0.532
5775	0.552
5825	0.592
5875	0.608
5925	0.616
5975	0.608
6025	0.616
6075	0.588
6125	0.588
6175	0.604
6225	0.600
6275	0.600
6325	0.620
6375	0.636
6425	0.596
6475	0.580
6525	0.560
6575	0.544
6625	0.504
6675	0.452
6725	0.400
6775	0.344
6825	0.316
6875	0.312
6925	0.332
6975	0.348
7025	0.384
7075	0.400
7125	0.400
7175	0.444
7225	0.484
7275	0.520
7325	0.536
7375	0.536
7425	0.544
7475	0.536
7525	0.540
7575	0.540
7625	0.544
7675	0.528
7725	0.548
7775	0.520
7825	0.484
7875	0.516
7925	0.524
7975	0.520
8025	0.532
8075	0.552
8125	0.512
8175	0.496
8225	0.488
8275	0.484
8325	0.480
8375	0.492
8425	0.488
8475	0.480
8525	0.496
8575	0.508
8625	0.520
8675	0.532
8725	0.540
8775	0.500
8825	0.504
8875	0.512
8925	0.492
8975	0.488
9025	0.512
9075	0.524
9125	0.520
9175	0.552
9225	0.548
9275	0.528
9325	0.508
9375	0.472
9425	0.444
9475	0.448
9525	0.460
9575	0.468
9625	0.488
9675	0.496
9725	0.472
9775	0.460
9825	0.420
9875	0.400
9925	0.388
9975	0.356
10025	0.320
10075	0.364
10125	0.400
10175	0.428
10225	0.492
10275	0.556
10325	0.540
10375	0.532
10425	0.524
10475	0.512
10525	0.524
10575	0.520
10625	0.532
10675	0.524
10725	0.520
10775	0.484
10825	0.508
10875	0.476
10925	0.468
10975	0.492
11025	0.480
11075	0.400
11125	0.380
11175	0.392
11225	0.364
11275	0.368
11325	0.432
11375	0.476
11425	0.440
11475	0.452
11525	0.440
11575	0.432
11625	0.420
11675	0.476
11725	0.464
11775	0.488
11825	0.516
11875	0.560
11925	0.548
11975	0.548
12025	0.588
12075	0.592
12125	0.572
12175	0.576
12225	0.600
12275	0.588
12325	0.584
12375	0.600
12425	0.588
12475	0.596
12525	0.588
12575	0.572
12625	0.556
12675	0.564
12725	0.548
12775	0.560
12825	0.548
12875	0.500
12925	0.448
12975	0.428
13025	0.396
13075	0.376
13125	0.352
13175	0.360
13225	0.324
13275	0.308
13325	0.284
13375	0.312
13425	0.308
13475	0.316
13525	0.324
13575	0.348
13625	0.392
13675	0.452
13725	0.500
13775	0.524
13825	0.552
13875	0.556
13925	0.536
13975	0.512
14025	0.488
14075	0.456
14125	0.440
14175	0.436
14225	0.444
14275	0.460
14325	0.464
14375	0.440
14425	0.464
14475	0.460
14525	0.448
14575	0.476
14625	0.516
14675	0.496
14725	0.520
14775	0.544
14825	0.540
14875	0.508
14925	0.500
14975	0.492
15025	0.484
15075	0.496
15125	0.528
15175	0.524
15225	0.492
15275	0.456
15325	0.404
15375	0.360
15425	0.396
15475	0.432
15525	0.452
15575	0.508
15625	0.544
15675	0.524
15725	0.508
15775	0.504
15825	0.480
15875	0.436
15925	0.420
15975	0.436
16025	0.452
16075	0.480
16125	0.524
16175	0.504
16225	0.496
16275	0.504
16325	0.472
16375	0.468
16425	0.504
16475	0.508
16525	0.480
16575	0.464
16625	0.452
16675	0.408
16725	0.412
16775	0.428
16825	0.460
16875	0.480
16925	0.540
16975	0.536
17025	0.572
17075	0.596
17125	0.580
17175	0.576
17225	0.600
17275	0.548
17325	0.480
17375	0.484
17425	0.480
17475	0.484
17525	0.516
17575	0.580
17625	0.600
17675	0.600
17725	0.592
17775	0.584
17825	0.552
17875	0.552
17925	0.572
17975	0.532
18025	0.536
18075	0.552
18125	0.548
18175	0.536
18225	0.556
18275	0.572
18325	0.560
18375	0.568
18425	0.564
18475	0.584
18525	0.572
18575	0.572
18625	0.568
18675	0.544
18725	0.532
18775	0.540
18825	0.564
18875	0.536
18925	0.564
18975	0.560
19025	0.564
19075	0.540
19125	0.544
19175	0.528
19225	0.512
19275	0.448
19325	0.400
19375	0.336
19425	0.288
19475	0.272
19525	0.284
19575	0.312
19625	0.372
19675	0.412
19725	0.428
19775	0.456
19825	0.480
19875	0.472
19925	0.460
19975	0.444
20025	0.460
20075	0.480
20125	0.512
20175	0.532
20225	0.568
20275	0.580
20325	0.588
20375	0.580
20425	0.592
20475	0.612
20525	0.576
20575	0.540
20625	0.528
20675	0.516
20725	0.512
20775	0.536
20825	0.568
20875	0.576
20925	0.576
20975	0.568
21025	0.572
21075	0.560
21125	0.572
21175	0.596
21225	0.580
21275	0.580
21325	0.596
21375	0.560
21425	0.504
21475	0.480
21525	0.420
21575	0.392
21625	0.432
21675	0.412
21725	0.400
21775	0.424
21825	0.408
21875	0.376
21925	0.400
21975	0.412
22025	0.396
22075	0.416
22125	0.420
22175	0.456
22225	0.504
22275	0.544
22325	0.564
22375	0.592
22425	0.580
22475	0.552
22525	0.560
22575	0.552
22625	0.564
22675	0.580
22725	0.592
22775	0.588
22825	0.596
22875	0.600
22925	0.628
22975	0.664
23025	0.664
23075	0.648
23125	0.648
23175	0.616
23225	0.584
23275	0.572
23325	0.600
23375	0.548
23425	0.552
23475	0.544
23525	0.564
23575	0.520
23625	0.528
23675	0.540
23725	0.532
23775	0.536
23825	0.552
23875	0.572
23925	0.564
23975	0.560
24025	0.544
24075	0.556
24125	0.548
24175	0.572
24225	0.580
24275	0.588
24325	0.612
24375	0.620
24425	0.592
24475	0.576
24525	0.584
24575	0.580
24625	0.576
24675	0.564
24725	0.604
24775	0.600
24825	0.580
24875	0.584
24925	0.596
24975	0.592
25025	0.592
25075	0.592
25125	0.592
25175	0.600
25225	0.600
25275	0.604
25325	0.620
25375	0.632
25425	0.636
25475	0.636
25525	0.640
25575	0.604
25625	0.584
25675	0.556
25725	0.540
25775	0.532
25825	0.532
25875	0.548
25925	0.544
25975	0.572
26025	0.564
26075	0.572
26125	0.576
26175	0.580
26225	0.556
26275	0.548
26325	0.564
26375	0.540
26425	0.556
26475	0.560
26525	0.552
26575	0.576
26625	0.572
26675	0.568
26725	0.592
26775	0.616
26825	0.568
26875	0.600
26925	0.600
26975	0.564
27025	0.584
27075	0.580
27125	0.576
27175	0.580
27225	0.584
27275	0.560
27325	0.552
27375	0.544
27425	0.536
27475	0.528
27525	0.520
27575	0.556
27625	0.552
27675	0.552
27725	0.576
27775	0.584
27825	0.560
27875	0.564
27925	0.572
27975	0.564
28025	0.544
28075	0.576
28125	0.580
28175	0.596
28225	0.592
28275	0.596
28325	0.592
28375	0.580
28425	0.532
28475	0.544
28525	0.548
28575	0.520
28625	0.540
28675	0.564
28725	0.548
28775	0.588
28825	0.620
28875	0.612
28925	0.604
28975	0.636
29025	0.620
29075	0.612
29125	0.632
29175	0.652
29225	0.608
29275	0.604
29325	0.572
29375	0.552
29425	0.556
29475	0.564
29525	0.568
29575	0.588
29625	0.592
29675	0.604
29725	0.612
29775	0.608
29825	0.596
29875	0.580
29925	0.560
29975	0.580
30025	0.568
30075	0.576
30125	0.596
30175	0.568
30225	0.484
30275	0.444
30325	0.420
30375	0.404
30425	0.396
30475	0.408
30525	0.416
30575	0.436
30625	0.400
30675	0.396
30725	0.404
30775	0.396
30825	0.368
30875	0.356
30925	0.364
30975	0.364
31025	0.384
31075	0.408
31125	0.448
31175	0.472
31225	0.532
31275	0.572
31325	0.596
31375	0.620
31425	0.636
31475	0.616
31525	0.616
31575	0.628
31625	0.604
31675	0.596
31725	0.600
31775	0.596
31825	0.584
31875	0.596
31925	0.576
31975	0.584
32025	0.596
32075	0.576
32125	0.568
32175	0.612
32225	0.616
32275	0.592
32325	0.588
32375	0.580
32425	0.544
32475	0.492
32525	0.468
32575	0.460
32625	0.448
32675	0.456
32725	0.456
32775	0.416
32825	0.412
32875	0.404
32925	0.380
32975	0.380
33025	0.424
33075	0.412
33125	0.412
33175	0.428
33225	0.448
33275	0.432
33325	0.456
33375	0.464
33425	0.416
33475	0.376
33525	0.356
33575	0.348
33625	0.364
33675	0.384
33725	0.436
33775	0.476
33825	0.472
33875	0.468
33925	0.488
33975	0.476
34025	0.500
34075	0.500
34125	0.480
34175	0.468
34225	0.456
34275	0.416
34325	0.396
34375	0.408
34425	0.400
34475	0.392
34525	0.396
34575	0.432
34625	0.408
34675	0.400
34725	0.400
34775	0.396
34825	0.412
34875	0.460
34925	0.492
34975	0.508
35025	0.516
35075	0.468
35125	0.440
35175	0.448
35225	0.452
35275	0.476
35325	0.500
35375	0.516
35425	0.504
35475	0.524
35525	0.508
35575	0.496
35625	0.488
35675	0.492
35725	0.448
35775	0.440
35825	0.436
35875	0.440
35925	0.436
35975	0.480
36025	0.480
36075	0.496
36125	0.484
36175	0.480
36225	0.444
36275	0.448
36325	0.472
36375	0.476
36425	0.476
36475	0.484
36525	0.448
36575	0.408
36625	0.412
36675	0.412
36725	0.424
36775	0.452
36825	0.460
36875	0.452
36925	0.452
36975	0.444
37025	0.444
37075	0.440
37125	0.464
37175	0.480
37225	0.484
37275	0.496
37325	0.512
37375	0.512
37425	0.496
37475	0.520
37525	0.532
37575	0.536
37625	0.520
37675	0.544
37725	0.524
37775	0.504
37825	0.488
37875	0.492
37925	0.488
37975	0.508
38025	0.504
38075	0.512
38125	0.476
38175	0.428
38225	0.388
38275	0.376
38325	0.352
38375	0.384
38425	0.408
38475	0.412
38525	0.412
38575	0.456
38625	0.464
38675	0.472
38725	0.480
38775	0.512
38825	0.508
38875	0.516
38925	0.520
38975	0.520
39025	0.528
39075	0.504
39125	0.480
39175	0.488
39225	0.496
39275	0.476
39325	0.484
39375	0.508
39425	0.504
39475	0.484
39525	0.504
39575	0.504
39625	0.492
39675	0.496
39725	0.540
39775	0.556
39825	0.560
39875	0.580
39925	0.584
39975	0.604
40025	0.588
40075	0.600
40125	0.584
40175	0.588
40225	0.564
40275	0.564
40325	0.576
40375	0.596
40425	0.604
40475	0.616
40525	0.576
40575	0.556
40625	0.540
40675	0.524
40725	0.524
40775	0.560
40825	0.580
40875	0.584
40925	0.612
40975	0.588
41025	0.564
41075	0.512
41125	0.492
41175	0.452
41225	0.436
41275	0.432
41325	0.448
41375	0.432
41425	0.420
41475	0.404
41525	0.404
41575	0.428
41625	0.440
41675	0.436
41725	0.448
41775	0.436
41825	0.408
41875	0.404
41925	0.400
41975	0.400
42025	0.436
42075	0.464
42125	0.468
42175	0.504
42225	0.524
42275	0.508
42325	0.464
42375	0.476
42425	0.436
42475	0.404
42525	0.428
42575	0.456
42625	0.448
42675	0.464
42725	0.480
42775	0.464
42825	0.476
42875	0.480
42925	0.496
42975	0.544
43025	0.536
43075	0.548
43125	0.564
43175	0.552
43225	0.492
43275	0.504
43325	0.468
43375	0.472
43425	0.476
43475	0.492
43525	0.452
43575	0.468
43625	0.424
43675	0.432
43725	0.448
43775	0.492
43825	0.504
43875	0.544
43925	0.524
43975	0.516
44025	0.512
44075	0.492
44125	0.480
44175	0.484
44225	0.484
44275	0.476
44325	0.460
44375	0.424
44425	0.428
44475	0.404
44525	0.392
44575	0.412
44625	0.436
44675	0.396
44725	0.384
44775	0.380
44825	0.352
44875	0.340
44925	0.376
44975	0.388
45025	0.388
45075	0.408
45125	0.412
45175	0.412
45225	0.424
45275	0.424
45325	0.432
45375	0.440
45425	0.456
45475	0.464
45525	0.464
45575	0.452
45625	0.444
45675	0.412
45725	0.436
45775	0.484
45825	0.500
45875	0.548
45925	0.592
45975	0.540
46025	0.508
46075	0.516
46125	0.460
46175	0.464
46225	0.480
46275	0.480
46325	0.444
46375	0.428
46425	0.396
46475	0.372
46525	0.372
46575	0.388
46625	0.416
46675	0.432
46725	0.480
46775	0.464
46825	0.484
46875	0.500
46925	0.480
46975	0.484
47025	0.524
47075	0.520
47125	0.536
47175	0.552
47225	0.560
47275	0.548
47325	0.548
47375	0.552
47425	0.584
47475	0.584
47525	0.596
47575	0.624
47625	0.632
47675	0.608
47725	0.604
47775	0.600
47825	0.596
47875	0.564
47925	0.580
47975	0.572
48025	0.556
48075	0.552
48125	0.580
48175	0.576
48225	0.580
48275	0.588
48325	0.580
48375	0.512
48425	0.464
48475	0.452
48525	0.456
48575	0.468
48625	0.540
48675	0.584
48725	0.588
48775	0.604
48825	0.596
48875	0.536
48925	0.512
48975	0.500
49025	0.456
49075	0.448
49125	0.476
49175	0.520
49225	0.540
49275	0.568
49325	0.564
49375	0.592
49425	0.588
49475	0.572
49525	0.536
49575	0.524
49625	0.508
49675	0.500
49725	0.516
49775	0.560
49825	0.580
49875	0.600
49925	0.576
49975	0.560
50025	0.560
50075	0.564
50125	0.584
50175	0.588
50225	0.620
50275	0.620
50325	0.596
50375	0.576
50425	0.584
50475	0.516
50525	0.504
50575	0.492
50625	0.472
50675	0.484
50725	0.532
50775	0.488
50825	0.520
50875	0.512
50925	0.480
50975	0.496
51025	0.544
51075	0.516
51125	0.536
51175	0.564
51225	0.568
51275	0.584
51325	0.600
51375	0.596
51425	0.576
51475	0.556
51525	0.544
51575	0.536
51625	0.524
51675	0.544
51725	0.528
51775	0.532
51825	0.532
51875	0.532
51925	0.528
51975	0.556
52025	0.536
52075	0.532
52125	0.528
52175	0.532
52225	0.512
52275	0.516
52325	0.548
52375	0.548
52425	0.508
52475	0.484
52525	0.436
52575	0.392
52625	0.392
52675	0.400
52725	0.432
52775	0.472
52825	0.512
52875	0.540
52925	0.560
52975	0.548
53025	0.548
53075	0.544
53125	0.532
53175	0.528
53225	0.540
53275	0.560
53325	0.544
53375	0.544
53425	0.544
53475	0.536
53525	0.520
53575	0.528
53625	0.532
53675	0.520
53725	0.548
53775	0.556
53825	0.560
53875	0.560
53925	0.564
53975	0.544
54025	0.524
54075	0.500
54125	0.496
54175	0.496
54225	0.504
54275	0.508
54325	0.552
54375	0.548
54425	0.564
54475	0.560
54525	0.564
54575	0.532
54625	0.528
54675	0.520
54725	0.504
54775	0.516
54825	0.552
54875	0.564
54925	0.560
54975	0.548
55025	0.564
55075	0.516
55125	0.532
55175	0.540
55225	0.572
55275	0.560
55325	0.576
55375	0.544
55425	0.556
55475	0.548
55525	0.540
55575	0.564
55625	0.556
55675	0.516
55725	0.516
55775	0.508
55825	0.504
55875	0.516
55925	0.500
55975	0.460
56025	0.464
56075	0.436
56125	0.424
56175	0.436
56225	0.464
56275	0.464
56325	0.476
56375	0.476
56425	0.516
56475	0.496
56525	0.460
56575	0.444
56625	0.452
56675	0.432
56725	0.440
56775	0.464
56825	0.484
56875	0.472
56925	0.448
56975	0.460
57025	0.452
57075	0.432
57125	0.436
57175	0.484
57225	0.488
57275	0.520
57325	0.528
57375	0.540
57425	0.524
57475	0.528
57525	0.516
57575	0.548
57625	0.560
57675	0.564
57725	0.552
57775	0.548
57825	0.536
57875	0.512
57925	0.504
57975	0.500
58025	0.480
58075	0.460
58125	0.468
58175	0.468
58225	0.468
58275	0.456
58325	0.444
58375	0.428
58425	0.420
58475	0.432
58525	0.448
58575	0.464
58625	0.484
58675	0.460
58725	0.452
58775	0.480
58825	0.472
58875	0.468
58925	0.516
58975	0.552
59025	0.552
59075	0.548
59125	0.528
59175	0.508
59225	0.500
59275	0.492
59325	0.492
59375	0.488
59425	0.488
59475	0.496
59525	0.504
59575	0.520
59625	0.544
59675	0.560
59725	0.548
59775	0.544
59825	0.540
59875	0.540
59925	0.500
59975	0.468
60025	0.452
60075	0.408
60125	0.400
60175	0.424
60225	0.408
60275	0.412
60325	0.436
60375	0.448
60425	0.460
60475	0.500
60525	0.512
60575	0.512
60625	0.496
60675	0.492
60725	0.476
60775	0.472
60825	0.472
60875	0.476
60925	0.452
60975	0.476
61025	0.484
61075	0.492
61125	0.492
61175	0.524
61225	0.520
61275	0.516
61325	0.532
61375	0.536
61425	0.520
61475	0.520
61525	0.544
61575	0.520
61625	0.540
61675	0.540
61725	0.532
61775	0.516
61825	0.536
61875	0.524
61925	0.528
61975	0.556
62025	0.560
62075	0.548
62125	0.552
62175	0.532
62225	0.488
62275	0.460
62325	0.456
62375	0.432
62425	0.452
62475	0.460
62525	0.468
62575	0.480
62625	0.484
62675	0.492
62725	0.496
62775	0.484
62825	0.496
62875	0.504
62925	0.492
62975	0.500
63025	0.500
63075	0.468
63125	0.436
63175	0.412
63225	0.392
63275	0.368
63325	0.344
63375	0.352
63425	0.392
63475	0.400
63525	0.432
63575	0.500
63625	0.504
63675	0.496
63725	0.504
63775	0.528
63825	0.508
63875	0.556
63925	0.556
63975	0.552
64025	0.552
64075	0.548
64125	0.504
64175	0.492
64225	0.496
64275	0.480
64325	0.472
64375	0.500
64425	0.508
64475	0.508
64525	0.500
64575	0.520
64625	0.496
64675	0.496
64725	0.512
64775	0.516
64825	0.516
64875	0.500
64925	0.496
64975	0.464
65025	0.492
65075	0.492
65125	0.528
65175	0.524
65225	0.504
65275	0.492
65325	0.484
65375	0.484
65425	0.472
65475	0.516
65525	0.504
65575	0.476
65625	0.472
65675	0.484
65725	0.444
65775	0.420
65825	0.460
65875	0.424
65925	0.412
65975	0.440
66025	0.452
66075	0.436
66125	0.452
66175	0.484
66225	0.480
66275	0.508
66325	0.540
66375	0.572
66425	0.568
66475	0.556
66525	0.532
66575	0.476
66625	0.472
66675	0.480
66725	0.492
66775	0.484
66825	0.512
66875	0.500
66925	0.464
66975	0.452
67025	0.424
67075	0.396
67125	0.384
67175	0.400
67225	0.404
67275	0.448
67325	0.476
67375	0.484
67425	0.448
67475	0.456
67525	0.472
67575	0.452
67625	0.456
67675	0.488
67725	0.500
67775	0.472
67825	0.500
67875	0.504
67925	0.524
67975	0.512
68025	0.532
68075	0.524
68125	0.528
68175	0.520
68225	0.528
68275	0.504
68325	0.488
68375	0.488
68425	0.488
68475	0.468
68525	0.468
68575	0.480
68625	0.464
68675	0.460
68725	0.476
68775	0.472
68825	0.456
68875	0.460
68925	0.464
68975	0.464
69025	0.496
69075	0.512
69125	0.504
69175	0.504
69225	0.480
69275	0.448
69325	0.420
69375	0.416
69425	0.416
69475	0.452
69525	0.468
69575	0.484
69625	0.480
69675	0.480
69725	0.460
69775	0.484
69825	0.476
69875	0.512
69925	0.508
69975	0.504
70025	0.480
70075	0.500
70125	0.432
70175	0.412
70225	0.392
70275	0.380
70325	0.356
70375	0.372
70425	0.344
70475	0.352
70525	0.332
70575	0.332
70625	0.352
70675	0.396
70725	0.408
70775	0.452
70825	0.476
70875	0.448
70925	0.428
70975	0.436
71025	0.408
71075	0.388
71125	0.412
71175	0.420
71225	0.408
71275	0.412
71325	0.416
71375	0.444
71425	0.440
71475	0.448
71525	0.452
71575	0.444
71625	0.424
71675	0.412
71725	0.408
71775	0.396
71825	0.416
71875	0.412
71925	0.428
71975	0.416
72025	0.440
72075	0.444
72125	0.444
72175	0.460
72225	0.456
72275	0.460
72325	0.468
72375	0.476
72425	0.456
72475	0.476
72525	0.484
72575	0.460
72625	0.456
72675	0.448
72725	0.424
72775	0.384
72825	0.388
72875	0.384
72925	0.392
72975	0.412
73025	0.428
73075	0.432
73125	0.432
73175	0.452
73225	0.472
73275	0.460
73325	0.456
73375	0.468
73425	0.448
73475	0.440
73525	0.448
73575	0.448
73625	0.444
73675	0.464
73725	0.456
73775	0.456
73825	0.468
73875	0.476
73925	0.480
73975	0.468
74025	0.496
74075	0.476
74125	0.456
74175	0.420
74225	0.416
74275	0.396
74325	0.400
74375	0.384
74425	0.412
74475	0.404
74525	0.380
74575	0.380
74625	0.392
74675	0.352
74725	0.376
74775	0.400
74825	0.404
74875	0.392
74925	0.420
74975	0.408
75025	0.416
75075	0.436
75125	0.452
75175	0.480
75225	0.492
75275	0.480
75325	0.476
75375	0.512
75425	0.484
75475	0.472
75525	0.484
75575	0.448
75625	0.436
75675	0.452
75725	0.476
75775	0.460
75825	0.460
75875	0.460
75925	0.428
75975	0.412
76025	0.408
76075	0.420
76125	0.412
76175	0.416
76225	0.400
76275	0.404
76325	0.420
76375	0.396
76425	0.400
76475	0.376
76525	0.396
76575	0.400
76625	0.400
76675	0.400
76725	0.432
76775	0.408
76825	0.400
76875	0.428
76925	0.444
76975	0.412
77025	0.396
77075	0.376
77125	0.360
77175	0.352
77225	0.412
77275	0.424
77325	0.456
77375	0.460
77425	0.452
77475	0.448
77525	0.444
77575	0.428
77625	0.412
77675	0.432
77725	0.412
77775	0.440
77825	0.448
77875	0.472
77925	0.464
77975	0.496
78025	0.508
78075	0.524
78125	0.544
78175	0.560
78225	0.556
78275	0.544
78325	0.532
78375	0.532
78425	0.512
78475	0.484
78525	0.468
78575	0.452
78625	0.408
78675	0.404
78725	0.392
78775	0.364
78825	0.376
78875	0.392
78925	0.392
78975	0.396
79025	0.416
79075	0.420
79125	0.432
79175	0.440
79225	0.460
79275	0.492
79325	0.476
79375	0.476
79425	0.508
79475	0.500
79525	0.492
79575	0.496
79625	0.484
79675	0.460
79725	0.480
79775	0.468
79825	0.484
79875	0.472
79925	0.508
79975	0.496
80025	0.500
80075	0.520
80125	0.540
80175	0.492
80225	0.496
80275	0.508
80325	0.504
80375	0.488
80425	0.496
80475	0.460
80525	0.456
80575	0.424
80625	0.436
80675	0.432
80725	0.488
80775	0.488
80825	0.504
80875	0.512
80925	0.512
80975	0.488
81025	0.484
81075	0.480
81125	0.476
81175	0.472
81225	0.452
81275	0.488
81325	0.480
81375	0.492
81425	0.496
81475	0.520
81525	0.484
81575	0.480
81625	0.480
81675	0.496
81725	0.488
81775	0.472
81825	0.504
81875	0.508
81925	0.488
81975	0.476
82025	0.492
82075	0.468
82125	0.468
82175	0.488
82225	0.500
82275	0.500
82325	0.480
82375	0.464
82425	0.460
82475	0.460
82525	0.448
82575	0.476
82625	0.468
82675	0.464
82725	0.480
82775	0.496
82825	0.496
82875	0.500
82925	0.500
82975	0.520
83025	0.528
83075	0.516
83125	0.520
83175	0.520
83225	0.492
83275	0.512
83325	0.544
83375	0.588
83425	0.604
83475	0.620
83525	0.596
83575	0.572
83625	0.520
83675	0.512
83725	0.460
83775	0.412
83825	0.372
83875	0.360
83925	0.356
83975	0.368
84025	0.392
84075	0.420
84125	0.440
84175	0.408
84225	0.400
84275	0.404
84325	0.412
84375	0.416
84425	0.480
84475	0.556
84525	0.560
84575	0.568
84625	0.580
84675	0.532
84725	0.492
84775	0.496
84825	0.488
84875	0.480
84925	0.504
84975	0.500
85025	0.520
85075	0.540
85125	0.524
85175	0.480
85225	0.464
85275	0.436
85325	0.400
85375	0.408
85425	0.452
85475	0.460
85525	0.460
85575	0.460
85625	0.440
85675	0.428
85725	0.412
85775	0.436
85825	0.456
85875	0.468
85925	0.484
85975	0.524
86025	0.524
86075	0.536
86125	0.548
86175	0.544
86225	0.520
86275	0.508
86325	0.504
86375	0.488
86425	0.464
86475	0.476
86525	0.468
86575	0.476
86625	0.496
86675	0.524
86725	0.536
86775	0.560
86825	0.552
86875	0.540
86925	0.536
86975	0.520
87025	0.524
87075	0.512
87125	0.520
87175	0.528
87225	0.532
87275	0.520
87325	0.532
87375	0.540
87425	0.544
87475	0.536
87525	0.536
87575	0.544
87625	0.540
87675	0.520
87725	0.504
87775	0.536
87825	0.520
87875	0.560
87925	0.564
87975	0.612
88025	0.600
88075	0.616
88125	0.608
88175	0.636
88225	0.632
88275	0.620
88325	0.604
88375	0.588
88425	0.604
88475	0.612
88525	0.612
88575	0.612
88625	0.596
88675	0.560
88725	0.524
88775	0.540
88825	0.560
88875	0.552
88925	0.540
88975	0.552
89025	0.516
89075	0.496
89125	0.524
89175	0.528
89225	0.524
89275	0.548
89325	0.536
89375	0.508
89425	0.524
89475	0.524
89525	0.504
89575	0.536
89625	0.536
89675	0.500
89725	0.476
89775	0.484
89825	0.464
89875	0.472
89925	0.508
89975	0.536
90025	0.544
90075	0.528
90125	0.520
90175	0.504
90225	0.504
90275	0.492
90325	0.524
90375	0.552
90425	0.560
90475	0.540
90525	0.528
90575	0.500
90625	0.464
90675	0.440
90725	0.444
90775	0.432
90825	0.456
90875	0.464
90925	0.452
90975	0.440
91025	0.436
91075	0.428
91125	0.436
91175	0.464
91225	0.460
91275	0.492
91325	0.488
91375	0.496
91425	0.500
91475	0.540
91525	0.544
91575	0.568
91625	0.568
91675	0.596
91725	0.592
91775	0.624
91825	0.616
91875	0.628
91925	0.592
91975	0.588
92025	0.564
92075	0.552
92125	0.500
92175	0.508
92225	0.524
92275	0.536
92325	0.576
92375	0.612
92425	0.616
92475	0.616
92525	0.608
92575	0.548
92625	0.484
92675	0.440
92725	0.396
92775	0.356
92825	0.392
92875	0.444
92925	0.480
92975	0.520
93025	0.584
93075	0.568
93125	0.584
93175	0.624
93225	0.628
93275	0.608
93325	0.604
93375	0.616
93425	0.580
93475	0.548
93525	0.556
93575	0.572
93625	0.528
93675	0.536
93725	0.560
93775	0.536
93825	0.528
93875	0.528
93925	0.512
93975	0.492
94025	0.500
94075	0.484
94125	0.504
94175	0.512
94225	0.536
94275	0.520
94325	0.540
94375	0.544
94425	0.532
94475	0.520
94525	0.536
94575	0.500
94625	0.512
94675	0.528
94725	0.524
94775	0.536
94825	0.560
94875	0.576
94925	0.584
94975	0.580
95025	0.548
95075	0.568
95125	0.560
95175	0.536
95225	0.548
95275	0.548
95325	0.524
95375	0.504
95425	0.524
95475	0.492
95525	0.484
95575	0.476
95625	0.480
95675	0.448
95725	0.440
95775	0.468
95825	0.456
95875	0.464
95925	0.472
95975	0.460
96025	0.400
96075	0.388
96125	0.360
96175	0.376
96225	0.408
96275	0.456
96325	0.496
96375	0.544
96425	0.536
96475	0.552
96525	0.568
96575	0.568
96625	0.548
96675	0.548
96725	0.568
96775	0.568
96825	0.556
96875	0.556
96925	0.548
96975	0.528
97025	0.504
97075	0.508
97125	0.480
97175	0.488
97225	0.484
97275	0.500
97325	0.484
97375	0.448
97425	0.448
97475	0.404
97525	0.376
97575	0.396
97625	0.432
97675	0.404
97725	0.424
97775	0.432
97825	0.424
97875	0.468
97925	0.512
97975	0.528
98025	0.520
98075	0.512
98125	0.456
98175	0.428
98225	0.440
98275	0.456
98325	0.460
98375	0.492
98425	0.488
98475	0.468
98525	0.480
98575	0.480
98625	0.472
98675	0.496
98725	0.488
98775	0.496
98825	0.504
98875	0.496
98925	0.480
98975	0.492
99025	0.472
99075	0.484
99125	0.488
99175	0.508
99225	0.524
99275	0.544
99325	0.548
99375	0.552
99425	0.532
99475	0.524
99525	0.512
99575	0.524
99625	0.564
99675	0.592
99725	0.632
99775	0.640
99825	0.620
99875	0.580
99925	0.560
99975	0.540
100025	0.540
100075	0.552
100125	0.548
100175	0.556
100225	0.532
100275	0.508
100325	0.492
100375	0.500
100425	0.496
100475	0.488
100525	0.456
100575	0.448
100625	0.428
100675	0.428
100725	0.464
100775	0.528
100825	0.540
100875	0.548
100925	0.548
100975	0.528
101025	0.496
101075	0.468
101125	0.476
101175	0.464
101225	0.468
101275	0.456
101325	0.456
101375	0.460
101425	0.468
101475	0.488
101525	0.536
101575	0.588
101625	0.616
101675	0.636
101725	0.624
101775	0.604
101825	0.592
101875	0.564
101925	0.544
101975	0.544
102025	0.556
102075	0.580
102125	0.616
102175	0.636
102225	0.628
102275	0.592
102325	0.548
102375	0.536
102425	0.560
102475	0.564
102525	0.580
102575	0.548
102625	0.496
102675	0.424
102725	0.400
102775	0.372
102825	0.384
102875	0.384
102925	0.384
102975	0.380
103025	0.364
103075	0.392
103125	0.388
103175	0.368
103225	0.368
103275	0.436
103325	0.472
103375	0.532
103425	0.596
103475	0.620
103525	0.612
103575	0.588
103625	0.596
103675	0.616
103725	0.624
103775	0.632
103825	0.632
103875	0.596
103925	0.564
103975	0.580
104025	0.564
104075	0.564
104125	0.568
104175	0.564
104225	0.548
104275	0.556
104325	0.548
104375	0.544
104425	0.544
104475	0.516
104525	0.504
104575	0.536
104625	0.520
104675	0.516
104725	0.552
104775	0.580
104825	0.556
104875	0.580
104925	0.608
104975	0.616
105025	0.612
105075	0.608
105125	0.620
105175	0.588
105225	0.548
105275	0.508
105325	0.488
105375	0.468
105425	0.476
105475	0.488
105525	0.516
105575	0.516
105625	0.528
105675	0.548
105725	0.524
105775	0.524
105825	0.488
105875	0.456
105925	0.424
105975	0.456
106025	0.460
106075	0.524
106125	0.528
106175	0.524
106225	0.536
106275	0.528
106325	0.528
106375	0.548
106425	0.580
106475	0.540
106525	0.512
106575	0.492
106625	0.480
106675	0.480
106725	0.516
106775	0.560
106825	0.568
106875	0.580
106925	0.560
106975	0.580
107025	0.592
107075	0.592
107125	0.584
107175	0.588
107225	0.548
107275	0.500
107325	0.500
107375	0.492
107425	0.520
107475	0.536
107525	0.544
107575	0.564
107625	0.548
107675	0.520
107725	0.488
107775	0.480
107825	0.424
107875	0.412
107925	0.412
107975	0.436
108025	0.448
108075	0.460
108125	0.456
108175	0.436
108225	0.428
108275	0.424
108325	0.420
108375	0.464
108425	0.476
108475	0.448
108525	0.444
108575	0.444
108625	0.416
108675	0.408
108725	0.412
108775	0.420
108825	0.412
108875	0.388
108925	0.372
108975	0.384
109025	0.360
109075	0.396
109125	0.440
109175	0.472
109225	0.512
109275	0.544
109325	0.552
109375	0.572
109425	0.580
109475	0.536
109525	0.524
109575	0.492
109625	0.436
109675	0.400
109725	0.388
109775	0.388
109825	0.408
109875	0.472
109925	0.520
109975	0.572
110025	0.568
110075	0.580
110125	0.572
110175	0.548
110225	0.532
110275	0.524
110325	0.504
110375	0.476
110425	0.488
110475	0.488
110525	0.500
110575	0.524
110625	0.532
110675	0.524
110725	0.504
110775	0.508
110825	0.508
110875	0.516
110925	0.532
110975	0.548
111025	0.544
111075	0.560
111125	0.548
111175	0.540
111225	0.552
111275	0.580
111325	0.552
111375	0.552
111425	0.572
111475	0.576
111525	0.564
111575	0.580
111625	0.604
111675	0.572
111725	0.564
111775	0.548
111825	0.544
111875	0.496
111925	0.508
111975	0.508
112025	0.520
112075	0.504
112125	0.528
112175	0.524
112225	0.508
112275	0.492
112325	0.464
112375	0.432
112425	0.408
112475	0.412
112525	0.412
112575	0.452
112625	0.488
112675	0.528
112725	0.560
112775	0.584
112825	0.564
112875	0.564
112925	0.536
112975	0.520
113025	0.532
113075	0.544
113125	0.572
113175	0.596
113225	0.628
113275	0.616
113325	0.640
113375	0.652
113425	0.644
113475	0.620
113525	0.628
113575	0.628
113625	0.608
113675	0.644
113725	0.664
113775	0.652
113825	0.640
113875	0.640
113925	0.592
113975	0.544
114025	0.540
114075	0.536
114125	0.544
114175	0.576
114225	0.600
114275	0.608
114325	0.596
114375	0.576
114425	0.544
114475	0.532
114525	0.508
114575	0.508
114625	0.504
114675	0.528
114725	0.532
114775	0.540
114825	0.560
114875	0.592
114925	0.576
114975	0.580
115025	0.584
115075	0.616
115125	0.576
115175	0.596
115225	0.580
115275	0.556
115325	0.496
115375	0.496
115425	0.448
115475	0.448
115525	0.440
115575	0.420
115625	0.400
115675	0.400
115725	0.376
115775	0.376
115825	0.392
115875	0.428
115925	0.476
115975	0.512
116025	0.516
116075	0.532
116125	0.532
116175	0.516
116225	0.544
116275	0.572
116325	0.564
116375	0.564
116425	0.564
116475	0.512
116525	0.512
116575	0.516
116625	0.520
116675	0.532
116725	0.564
116775	0.580
116825	0.580
116875	0.568
116925	0.564
116975	0.552
117025	0.520
117075	0.508
117125	0.540
117175	0.540
117225	0.528
117275	0.548
117325	0.592
117375	0.584
117425	0.564
117475	0.576
117525	0.564
117575	0.528
117625	0.520
117675	0.524
117725	0.524
117775	0.532
117825	0.528
117875	0.516
117925	0.528
117975	0.532
118025	0.520
118075	0.524
118125	0.544
118175	0.536
118225	0.528
118275	0.536
118325	0.544
118375	0.520
118425	0.520
118475	0.520
118525	0.520
118575	0.504
118625	0.552
118675	0.600
118725	0.600
118775	0.588
118825	0.608
118875	0.564
118925	0.544
118975	0.588
119025	0.608
119075	0.628
119125	0.652
119175	0.648
119225	0.636
119275	0.668
119325	0.664
119375	0.660
119425	0.624
119475	0.572
119525	0.524
119575	0.476
119625	0.420
119675	0.408
119725	0.440
119775	0.436
119825	0.432
119875	0.476
119925	0.504
119975	0.504
120025	0.524
120075	0.552
120125	0.564
120175	0.604
120225	0.596
120275	0.580
120325	0.560
120375	0.488
120425	0.428
120475	0.420
120525	0.412
120575	0.416
120625	0.452
120675	0.480
120725	0.460
120775	0.456
120825	0.448
120875	0.424
120925	0.372
120975	0.412
121025	0.448
121075	0.500
121125	0.564
121175	0.620
121225	0.568
121275	0.524
121325	0.496
121375	0.464
121425	0.412
121475	0.436
121525	0.472
121575	0.484
121625	0.504
121675	0.568
121725	0.596
121775	0.588
121825	0.612
121875	0.632
121925	0.604
121975	0.600
122025	0.640
122075	0.628
122125	0.620
122175	0.648
122225	0.644
122275	0.636
122325	0.624
122375	0.620
122425	0.588
122475	0.548
122525	0.500
122575	0.500
122625	0.496
122675	0.520
122725	0.564
122775	0.580
122825	0.560
122875	0.540
122925	0.500
122975	0.464
123025	0.468
123075	0.500
123125	0.496
123175	0.520
123225	0.524
123275	0.480
123325	0.416
123375	0.396
123425	0.408
123475	0.440
123525	0.472
123575	0.476
123625	0.504
123675	0.488
123725	0.452
123775	0.436
123825	0.448
123875	0.428
123925	0.428
123975	0.452
124025	0.464
124075	0.520
124125	0.560
124175	0.576
124225	0.592
124275	0.584
124325	0.560
124375	0.556
124425	0.540
124475	0.484
124525	0.504
124575	0.504
124625	0.504
124675	0.528
124725	0.592
124775	0.596
124825	0.592
124875	0.548
124925	0.508
124975	0.488
125025	0.480
125075	0.444
125125	0.464
125175	0.472
125225	0.448
125275	0.448
125325	0.480
125375	0.504
125425	0.456
125475	0.464
125525	0.492
125575	0.448
125625	0.372
125675	0.388
125725	0.400
125775	0.360
125825	0.352
125875	0.392
125925	0.392
125975	0.364
126025	0.400
126075	0.428
126125	0.412
126175	0.476
126225	0.520
126275	0.512
126325	0.564
126375	0.636
126425	0.656
126475	0.664
126525	0.636
126575	0.588
126625	0.532
126675	0.452
126725	0.408
126775	0.432
126825	0.476
126875	0.516
126925	0.552
126975	0.576
127025	0.580
127075	0.580
127125	0.540
127175	0.536
127225	0.520
127275	0.532
127325	0.512
127375	0.544
127425	0.524
127475	0.548
127525	0.540
127575	0.556
127625	0.548
127675	0.588
127725	0.568
127775	0.564
127825	0.540
127875	0.540
127925	0.536
127975	0.560
128025	0.564
128075	0.588
128125	0.608
128175	0.608
128225	0.588
128275	0.528
128325	0.500
128375	0.484
128425	0.452
128475	0.432
128525	0.456
128575	0.456
128625	0.412
128675	0.444
128725	0.460
128775	0.480
128825	0.500
128875	0.540
128925	0.528
128975	0.520
129025	0.532
129075	0.508
129125	0.500
129175	0.500
129225	0.516
129275	0.500
129325	0.520
129375	0.520
129425	0.540
129475	0.560
129525	0.576
129575	0.548
129625	0.544
129675	0.532
129725	0.532
129775	0.524
129825	0.536
129875	0.516
129925	0.460
129975	0.408
130025	0.380
130075	0.356
130125	0.368
130175	0.392
130225	0.396
130275	0.396
130325	0.420
130375	0.468
130425	0.476
130475	0.488
130525	0.520
130575	0.516
130625	0.464
130675	0.500
130725	0.496
130775	0.492
130825	0.480
130875	0.484
130925	0.444
130975	0.444
131025	0.432
131075	0.452
131125	0.476
131175	0.472
131225	0.476
131275	0.464
131325	0.452
131375	0.432
131425	0.460
131475	0.460
131525	0.508
131575	0.524
131625	0.556
131675	0.552
131725	0.560
131775	0.532
131825	0.552
131875	0.528
131925	0.512
131975	0.508
132025	0.452
132075	0.412
132125	0.428
132175	0.436
132225	0.432
132275	0.500
132325	0.560
132375	0.552
132425	0.548
132475	0.528
132525	0.488
132575	0.428
132625	0.432
132675	0.456
132725	0.524
132775	0.556
132825	0.572
132875	0.564
132925	0.552
132975	0.504
133025	0.484
133075	0.460
133125	0.468
133175	0.484
133225	0.528
133275	0.528
133325	0.564
133375	0.556
133425	0.544
133475	0.516
133525	0.532
133575	0.516
133625	0.532
133675	0.536
133725	0.548
133775	0.552
133825	0.556
133875	0.560
133925	0.568
133975	0.584
134025	0.588
134075	0.608
134125	0.576
134175	0.552
134225	0.544
134275	0.556
134325	0.544
134375	0.584
134425	0.612
134475	0.584
134525	0.584
134575	0.592
134625	0.580
134675	0.572
134725	0.600
134775	0.580
134825	0.592
134875	0.576
134925	0.568
134975	0.564
135025	0.592
135075	0.560
135125	0.576
135175	0.564
135225	0.560
135275	0.536
135325	0.548
135375	0.536
135425	0.560
135475	0.572
135525	0.560
135575	0.536
135625	0.492
135675	0.460
135725	0.408
135775	0.364
135825	0.368
135875	0.372
135925	0.340
135975	0.336
136025	0.380
136075	0.392
136125	0.420
136175	0.472
136225	0.532
136275	0.580
136325	0.600
136375	0.628
136425	0.648
136475	0.624
136525	0.596
136575	0.548
136625	0.532
136675	0.500
136725	0.504
136775	0.484
136825	0.516
136875	0.524
136925	0.548
136975	0.552
137025	0.576
137075	0.584
137125	0.560
137175	0.568
137225	0.556
137275	0.556
137325	0.536
137375	0.556
137425	0.536
137475	0.552
137525	0.564
137575	0.580
137625	0.588
137675	0.584
137725	0.576
137775	0.564
137825	0.572
137875	0.560
137925	0.564
137975	0.584
138025	0.580
138075	0.588
138125	0.576
138175	0.580
138225	0.572
138275	0.556
138325	0.552
138375	0.560
138425	0.552
138475	0.548
138525	0.576
138575	0.568
138625	0.568
138675	0.568
138725	0.572
138775	0.536
138825	0.528
138875	0.548
138925	0.556
138975	0.544
139025	0.556
139075	0.568
139125	0.552
139175	0.564
139225	0.576
139275	0.600
139325	0.604
139375	0.616
139425	0.604
139475	0.600
139525	0.580
139575	0.564
139625	0.576
139675	0.596
139725	0.588
139775	0.600
139825	0.612
139875	0.564
139925	0.536
139975	0.524
140025	0.520
140075	0.512
140125	0.512
140175	0.464
140225	0.436
140275	0.400
140325	0.372
140375	0.392
140425	0.444
140475	0.472
140525	0.492
140575	0.544
140625	0.548
140675	0.552
140725	0.544
140775	0.536
140825	0.500
140875	0.512
140925	0.508
140975	0.524
141025	0.524
141075	0.560
141125	0.520
141175	0.496
141225	0.520
141275	0.556
141325	0.520
141375	0.564
141425	0.604
141475	0.604
141525	0.584
141575	0.616
141625	0.616
141675	0.612
141725	0.612
141775	0.612
141825	0.604
141875	0.632
141925	0.632
141975	0.644
142025	0.668
142075	0.664
142125	0.624
142175	0.616
142225	0.608
142275	0.600
142325	0.608
142375	0.636
142425	0.652
142475	0.644
142525	0.632
142575	0.636
142625	0.600
142675	0.588
142725	0.576
142775	0.596
142825	0.600
142875	0.628
142925	0.652
142975	0.656
143025	0.640
143075	0.628
143125	0.616
143175	0.616
143225	0.636
143275	0.628
143325	0.632
143375	0.664
143425	0.648
143475	0.652
143525	0.672
143575	0.668
143625	0.656
143675	0.660
143725	0.620
143775	0.616
143825	0.608
143875	0.592
143925	0.548
143975	0.564
144025	0.556
144075	0.564
144125	0.556
144175	0.572
144225	0.544
144275	0.532
144325	0.516
144375	0.504
144425	0.492
144475	0.524
144525	0.524
144575	0.556
144625	0.544
144675	0.548
144725	0.536
144775	0.544
144825	0.508
144875	0.508
144925	0.512
144975	0.500
145025	0.492
145075	0.516
145125	0.520
145175	0.496
145225	0.492
145275	0.480
145325	0.424
145375	0.424
145425	0.408
145475	0.396
145525	0.392
145575	0.404
145625	0.412
145675	0.444
145725	0.456
145775	0.436
145825	0.428
145875	0.404
145925	0.396
145975	0.392
146025	0.416
146075	0.452
146125	0.472
146175	0.480
146225	0.472
146275	0.512
146325	0.512
146375	0.528
146425	0.552
146475	0.592
146525	0.572
146575	0.588
146625	0.576
146675	0.568
146725	0.540
146775	0.540
146825	0.532
146875	0.516
146925	0.528
146975	0.552
147025	0.540
147075	0.544
147125	0.572
147175	0.588
147225	0.560
147275	0.560
147325	0.536
147375	0.500
147425	0.468
147475	0.488
147525	0.504
147575	0.512
147625	0.548
147675	0.564
147725	0.580
147775	0.572
147825	0.564
147875	0.560
147925	0.528
147975	0.488
148025	0.476
148075	0.480
148125	0.416
148175	0.408
148225	0.440
148275	0.432
148325	0.420
148375	0.464
148425	0.492
148475	0.476
148525	0.480
148575	0.496
148625	0.488
148675	0.512
148725	0.532
148775	0.552
148825	0.564
148875	0.568
148925	0.548
148975	0.524
149025	0.528
149075	0.532
149125	0.548
149175	0.544
149225	0.508
149275	0.468
149325	0.460
149375	0.464
149425	0.432
149475	0.444
149525	0.432
149575	0.408
149625	0.380
149675	0.384
149725	0.404
149775	0.440
149825	0.436
149875	0.436
149925	0.452
149975	0.428
150025	0.396
150075	0.408
150125	0.428
150175	0.452
150225	0.476
150275	0.512
150325	0.508
150375	0.504
150425	0.484
150475	0.456
150525	0.424
150575	0.432
150625	0.428
150675	0.460
150725	0.516
150775	0.568
150825	0.592
150875	0.612
150925	0.616
150975	0.612
151025	0.624
151075	0.628
151125	0.636
151175	0.580
151225	0.576
151275	0.556
151325	0.544
151375	0.520
151425	0.540
151475	0.512
151525	0.488
151575	0.476
151625	0.460
151675	0.436
151725	0.428
151775	0.416
151825	0.416
151875	0.440
151925	0.484
151975	0.504
152025	0.536
152075	0.524
152125	0.524
152175	0.516
152225	0.524
152275	0.524
152325	0.544
152375	0.552
152425	0.544
152475	0.548
152525	0.544
152575	0.536
152625	0.524
152675	0.548
152725	0.544
152775	0.544
152825	0.568
152875	0.560
152925	0.552
152975	0.528
153025	0.536
153075	0.504
153125	0.532
153175	0.524
153225	0.548
153275	0.560
153325	0.564
153375	0.516
153425	0.492
153475	0.464
153525	0.424
153575	0.428
153625	0.444
153675	0.448
153725	0.460
153775	0.480
153825	0.500
153875	0.488
153925	0.484
153975	0.484
154025	0.460
154075	0.432
154125	0.456
154175	0.476
154225	0.500
154275	0.524
154325	0.516
154375	0.524
154425	0.524
154475	0.488
154525	0.460
154575	0.476
154625	0.456
154675	0.444
154725	0.468
154775	0.500
154825	0.500
154875	0.516
154925	0.556
154975	0.556
155025	0.556
155075	0.536
155125	0.528
155175	0.496
155225	0.480
155275	0.464
155325	0.492
155375	0.520
155425	0.500
155475	0.524
155525	0.556
155575	0.544
155625	0.532
155675	0.556
155725	0.568
155775	0.560
155825	0.544
155875	0.516
155925	0.500
155975	0.472
156025	0.488
156075	0.532
156125	0.544
156175	0.588
156225	0.636
156275	0.600
156325	0.592
156375	0.584
156425	0.592
156475	0.568
156525	0.596
156575	0.580
156625	0.624
156675	0.632
156725	0.636
156775	0.628
156825	0.664
156875	0.656
156925	0.632
156975	0.644
157025	0.640
157075	0.632
157125	0.616
157175	0.632
157225	0.616
157275	0.616
157325	0.608
157375	0.620
157425	0.572
157475	0.568
157525	0.548
157575	0.524
157625	0.512
157675	0.496
157725	0.472
157775	0.460
157825	0.396
157875	0.352
157925	0.388
157975	0.376
158025	0.380
158075	0.448
158125	0.476
158175	0.476
158225	0.520
158275	0.556
158325	0.564
158375	0.588
158425	0.592
158475	0.560
158525	0.524
158575	0.504
158625	0.500
158675	0.492
158725	0.516
158775	0.512
158825	0.532
158875	0.536
158925	0.544
158975	0.540
159025	0.576
159075	0.584
159125	0.576
159175	0.548
159225	0.500
159275	0.452
159325	0.444
159375	0.432
159425	0.452
159475	0.476
159525	0.508
159575	0.516
159625	0.520
159675	0.504
159725	0.528
159775	0.520
159825	0.488
159875	0.488
159925	0.516
159975	0.532
160025	0.568
160075	0.600
160125	0.620
160175	0.608
160225	0.628
160275	0.608
160325	0.588
160375	0.572
160425	0.584
160475	0.544
160525	0.536
160575	0.540
160625	0.552
160675	0.540
160725	0.512
160775	0.456
160825	0.440
160875	0.424
160925	0.444
160975	0.476
161025	0.516
161075	0.532
161125	0.512
161175	0.464
161225	0.452
161275	0.464
161325	0.432
161375	0.460
161425	0.504
161475	0.516
161525	0.504
161575	0.536
161625	0.528
161675	0.480
161725	0.452
161775	0.472
161825	0.476
161875	0.460
161925	0.500
161975	0.500
162025	0.496
162075	0.504
162125	0.492
162175	0.460
162225	0.476
162275	0.476
162325	0.456
162375	0.492
162425	0.480
162475	0.460
162525	0.464
162575	0.500
162625	0.484
162675	0.504
162725	0.544
162775	0.528
162825	0.464
162875	0.452
162925	0.476
162975	0.460
163025	0.460
163075	0.468
163125	0.492
163175	0.464
163225	0.468
163275	0.476
163325	0.500
163375	0.484
163425	0.520
163475	0.536
163525	0.512
163575	0.480
163625	0.444
163675	0.408
163725	0.348
163775	0.352
163825	0.376
163875	0.432
163925	0.460
163975	0.504
164025	0.532
164075	0.548
164125	0.552
164175	0.560
164225	0.556
164275	0.532
164325	0.532
164375	0.528
164425	0.520
164475	0.516
164525	0.528
164575	0.504
164625	0.480
164675	0.464
164725	0.472
164775	0.460
164825	0.484
164875	0.512
164925	0.520
164975	0.508
165025	0.520
165075	0.528
165125	0.500
165175	0.488
165225	0.488
165275	0.492
165325	0.448
165375	0.440
165425	0.456
165475	0.460
165525	0.464
165575	0.496
165625	0.512
165675	0.504
165725	0.508
165775	0.516
165825	0.532
165875	0.548
165925	0.556
165975	0.588
166025	0.596
166075	0.568
166125	0.584
166175	0.580
166225	0.512
166275	0.460
166325	0.460
166375	0.412
166425	0.392
166475	0.400
166525	0.416
166575	0.416
166625	0.444
166675	0.440
166725	0.488
166775	0.488
166825	0.480
166875	0.488
166925	0.516
166975	0.444
167025	0.436
167075	0.436
167125	0.424
167175	0.400
167225	0.460
167275	0.520
167325	0.528
167375	0.536
167425	0.564
167475	0.568
167525	0.548
167575	0.572
167625	0.544
167675	0.536
167725	0.516
167775	0.504
167825	0.468
167875	0.508
167925	0.472
167975	0.456
168025	0.456
168075	0.500
168125	0.492
168175	0.532
168225	0.552
168275	0.536
168325	0.504
168375	0.460
168425	0.432
168475	0.452
168525	0.464
168575	0.508
168625	0.528
168675	0.540
168725	0.536
168775	0.560
168825	0.552
168875	0.580
168925	0.632
168975	0.632
169025	0.640
169075	0.624
169125	0.604
169175	0.568
169225	0.580
169275	0.592
169325	0.612
169375	0.644
169425	0.672
169475	0.704
169525	0.696
169575	0.692
169625	0.696
169675	0.672
169725	0.624
169775	0.592
169825	0.556
169875	0.484
169925	0.440
169975	0.384
170025	0.348
170075	0.320
170125	0.364
170175	0.396
170225	0.432
170275	0.468
170325	0.484
170375	0.480
170425	0.492
170475	0.524
170525	0.536
170575	0.576
170625	0.580
170675	0.572
170725	0.552
170775	0.564
170825	0.548
170875	0.584
170925	0.580
170975	0.580
171025	0.516
171075	0.496
171125	0.432
171175	0.392
171225	0.372
171275	0.444
171325	0.472
171375	0.508
171425	0.508
171475	0.492
171525	0.424
171575	0.384
171625	0.356
171675	0.380
171725	0.372
171775	0.396
171825	0.440
171875	0.452
171925	0.436
171975	0.464
172025	0.484
172075	0.480
172125	0.468
172175	0.496
172225	0.508
172275	0.460
172325	0.452
172375	0.468
172425	0.476
172475	0.480
172525	0.516
172575	0.516
172625	0.532
172675	0.524
172725	0.524
172775	0.504
172825	0.484
172875	0.464
172925	0.464
172975	0.448
173025	0.440
173075	0.452
173125	0.452
173175	0.452
173225	0.488
173275	0.516
173325	0.520
173375	0.508
173425	0.516
173475	0.496
173525	0.500
173575	0.468
173625	0.468
173675	0.464
173725	0.484
173775	0.504
173825	0.520
173875	0.520
173925	0.508
173975	0.472
174025	0.460
174075	0.480
174125	0.492
174175	0.500
174225	0.500
174275	0.464
174325	0.480
174375	0.476
174425	0.464
174475	0.484
174525	0.512
174575	0.516
174625	0.496
174675	0.492
174725	0.508
174775	0.508
174825	0.484
174875	0.536
174925	0.524
174975	0.524
175025	0.520
175075	0.508
175125	0.472
175175	0.496
175225	0.500
175275	0.508
175325	0.500
175375	0.520
175425	0.520
175475	0.492
175525	0.504
175575	0.536
175625	0.536
175675	0.532
175725	0.516
175775	0.480
175825	0.460
175875	0.440
175925	0.460
175975	0.496
176025	0.512
176075	0.544
176125	0.548
176175	0.528
176225	0.496
176275	0.492
176325	0.480
176375	0.444
176425	0.444
176475	0.448
176525	0.456
176575	0.448
176625	0.512
176675	0.544
176725	0.576
176775	0.568
176825	0.572
176875	0.540
176925	0.484
176975	0.448
177025	0.424
177075	0.404
177125	0.412
177175	0.460
177225	0.472
177275	0.512
177325	0.516
177375	0.500
177425	0.484
177475	0.496
177525	0.480
177575	0.500
177625	0.520
177675	0.524
177725	0.496
177775	0.492
177825	0.464
177875	0.476
177925	0.464
177975	0.488
178025	0.476
178075	0.480
178125	0.452
178175	0.472
178225	0.440
178275	0.440
178325	0.428
178375	0.428
178425	0.408
178475	0.452
178525	0.464
178575	0.504
178625	0.512
178675	0.540
178725	0.536
178775	0.584
178825	0.592
178875	0.608
178925	0.584
178975	0.580
179025	0.524
179075	0.512
179125	0.540
179175	0.556
179225	0.532
179275	0.544
179325	0.524
179375	0.464
179425	0.420
179475	0.428
179525	0.424
179575	0.428
179625	0.436
179675	0.484
179725	0.500
179775	0.532
179825	0.532
179875	0.568
179925	0.564
179975	0.552
180025	0.532
180075	0.532
180125	0.528
180175	0.524
180225	0.548
180275	0.548
180325	0.560
180375	0.552
180425	0.580
180475	0.576
180525	0.580
180575	0.580
180625	0.572
180675	0.544
180725	0.516
180775	0.496
180825	0.480
180875	0.496
180925	0.496
180975	0.508
181025	0.516
181075	0.536
181125	0.552
181175	0.548
181225	0.564
181275	0.556
181325	0.528
181375	0.504
181425	0.500
181475	0.452
181525	0.444
181575	0.404
181625	0.356
181675	0.360
181725	0.376
181775	0.392
181825	0.432
181875	0.468
181925	0.468
181975	0.476
182025	0.460
182075	0.460
182125	0.448
182175	0.424
182225	0.424
182275	0.428
182325	0.444
182375	0.448
182425	0.476
182475	0.468
182525	0.484
182575	0.488
182625	0.508
182675	0.496
182725	0.500
182775	0.484
182825	0.500
182875	0.488
182925	0.504
182975	0.508
183025	0.540
183075	0.508
183125	0.516
183175	0.504
183225	0.516
183275	0.480
183325	0.496
183375	0.500
183425	0.512
183475	0.480
183525	0.492
183575	0.476
183625	0.496
183675	0.464
183725	0.480
183775	0.452
183825	0.448
183875	0.420
183925	0.440
183975	0.448
184025	0.516
184075	0.564
184125	0.532
184175	0.516
184225	0.532
184275	0.524
184325	0.516
184375	0.552
184425	0.564
184475	0.544
184525	0.544
184575	0.516
184625	0.516
184675	0.528
184725	0.536
184775	0.544
184825	0.556
184875	0.528
184925	0.508
184975	0.504
185025	0.484
185075	0.452
185125	0.472
185175	0.484
185225	0.496
185275	0.484
185325	0.512
185375	0.488
185425	0.464
185475	0.436
185525	0.456
185575	0.460
185625	0.496
185675	0.516
185725	0.544
185775	0.508
185825	0.496
185875	0.500
185925	0.496
185975	0.464
186025	0.472
186075	0.472
186125	0.456
186175	0.464
186225	0.472
186275	0.468
186325	0.460
186375	0.476
186425	0.484
186475	0.512
186525	0.544
186575	0.548
186625	0.516
186675	0.516
186725	0.496
186775	0.476
186825	0.484
186875	0.484
186925	0.488
186975	0.488
187025	0.500
187075	0.504
187125	0.524
187175	0.512
187225	0.496
187275	0.488
187325	0.472
187375	0.448
187425	0.452
187475	0.488
187525	0.480
187575	0.492
187625	0.532
187675	0.524
187725	0.500
187775	0.508
187825	0.516
187875	0.508
187925	0.516
187975	0.528
188025	0.524
188075	0.488
188125	0.476
188175	0.436
188225	0.412
188275	0.380
188325	0.364
188375	0.320
188425	0.328
188475	0.336
188525	0.364
188575	0.408
188625	0.464
188675	0.500
188725	0.512
188775	0.488
188825	0.500
188875	0.524
188925	0.544
188975	0.556
189025	0.596
189075	0.624
189125	0.616
189175	0.568
189225	0.524
189275	0.508
189325	0.460
189375	0.468
189425	0.488
189475	0.536
189525	0.540
189575	0.532
189625	0.512
189675	0.524
189725	0.512
189775	0.504
189825	0.520
189875	0.508
189925	0.484
189975	0.484
190025	0.492
190075	0.500
190125	0.496
190175	0.480
190225	0.476
190275	0.480
190325	0.464
190375	0.468
190425	0.500
190475	0.500
190525	0.492
190575	0.504
190625	0.492
190675	0.476
190725	0.472
190775	0.480
190825	0.484
190875	0.492
190925	0.504
190975	0.516
191025	0.504
191075	0.524
191125	0.532
191175	0.540
191225	0.544
191275	0.544
191325	0.504
191375	0.492
191425	0.472
191475	0.472
191525	0.488
191575	0.508
191625	0.500
191675	0.528
191725	0.492
191775	0.476
191825	0.468
191875	0.480
191925	0.456
191975	0.472
192025	0.476
192075	0.472
192125	0.472
192175	0.480
192225	0.500
192275	0.472
192325	0.468
192375	0.448
192425	0.420
192475	0.388
192525	0.420
192575	0.420
192625	0.416
192675	0.404
192725	0.412
192775	0.404
192825	0.388
192875	0.412
192925	0.436
192975	0.452
193025	0.464
193075	0.464
193125	0.440
193175	0.460
193225	0.432
193275	0.428
193325	0.452
193375	0.480
193425	0.472
193475	0.500
193525	0.496
193575	0.472
193625	0.456
193675	0.456
193725	0.456
193775	0.460
193825	0.472
193875	0.484
193925	0.492
193975	0.476
194025	0.456
194075	0.448
194125	0.448
194175	0.444
194225	0.436
194275	0.460
194325	0.460
194375	0.456
194425	0.448
194475	0.420
194525	0.436
194575	0.436
194625	0.408
194675	0.384
194725	0.444
194775	0.428
194825	0.468
194875	0.512
194925	0.568
194975	0.568
195025	0.584
195075	0.584
195125	0.560
195175	0.548
195225	0.556
195275	0.556
195325	0.568
195375	0.588
195425	0.592
195475	0.576
195525	0.556
195575	0.528
195625	0.544
195675	0.548
195725	0.540
195775	0.532
195825	0.572
195875	0.584
195925	0.580
195975	0.596
196025	0.632
196075	0.592
196125	0.568
196175	0.556
196225	0.568
196275	0.544
196325	0.556
196375	0.564
196425	0.568
196475	0.520
196525	0.504
196575	0.464
196625	0.412
196675	0.388
196725	0.388
196775	0.364
196825	0.348
196875	0.376
196925	0.376
196975	0.392
197025	0.404
197075	0.420
197125	0.380
197175	0.404
197225	0.428
197275	0.488
197325	0.532
197375	0.604
197425	0.612
197475	0.636
197525	0.612
197575	0.620
197625	0.632
197675	0.608
197725	0.584
197775	0.576
197825	0.524
197875	0.500
197925	0.520
197975	0.508
198025	0.504
198075	0.564
198125	0.596
198175	0.600
198225	0.620
198275	0.644
198325	0.644
198375	0.596
198425	0.580
198475	0.540
198525	0.520
198575	0.452
198625	0.484
198675	0.516
198725	0.532
198775	0.524
198825	0.540
198875	0.488
198925	0.420
198975	0.436
199025	0.412
199075	0.428
199125	0.464
199175	0.532
199225	0.532
199275	0.552
199325	0.532
199375	0.544
199425	0.500
199475	0.476
199525	0.488
199575	0.528
199625	0.516
199675	0.532
199725	0.536
199775	0.544
199825	0.556
199875	0.572
199925	0.576
199975	0.572
200025	0.572
200075	0.556
200125	0.520
200175	0.544
200225	0.568
200275	0.592
200325	0.584
200375	0.596
200425	0.572
200475	0.544
200525	0.504
200575	0.480
200625	0.452
200675	0.428
200725	0.428
200775	0.428
200825	0.440
200875	0.452
200925	0.452
200975	0.440
201025	0.428
201075	0.444
201125	0.440
201175	0.452
201225	0.448
201275	0.472
201325	0.460
201375	0.468
201425	0.432
201475	0.464
201525	0.412
201575	0.416
201625	0.440
201675	0.512
201725	0.528
201775	0.608
201825	0.636
201875	0.660
201925	0.648
201975	0.648
202025	0.632
202075	0.604
202125	0.568
202175	0.556
202225	0.560
202275	0.544
202325	0.552
202375	0.556
202425	0.564
202475	0.532
202525	0.516
202575	0.468
202625	0.444
202675	0.392
202725	0.364
202775	0.360
202825	0.376
202875	0.368
202925	0.388
202975	0.408
203025	0.452
203075	0.508
203125	0.564
203175	0.600
203225	0.644
203275	0.628
203325	0.604
203375	0.580
203425	0.592
203475	0.572
203525	0.572
203575	0.576
203625	0.588
203675	0.588
203725	0.588
203775	0.596
203825	0.596
203875	0.588
203925	0.580
203975	0.584
204025	0.576
204075	0.552
204125	0.512
204175	0.480
204225	0.476
204275	0.480
204325	0.496
204375	0.512
204425	0.528
204475	0.512
204525	0.496
204575	0.488
204625	0.508
204675	0.512
204725	0.524
204775	0.532
204825	0.516
204875	0.488
204925	0.480
204975	0.448
205025	0.468
205075	0.488
205125	0.528
205175	0.528
205225	0.556
205275	0.552
205325	0.560
205375	0.548
205425	0.544
205475	0.552
205525	0.528
205575	0.548
205625	0.544
205675	0.556
205725	0.564
205775	0.564
205825	0.532
205875	0.552
205925	0.564
205975	0.552
206025	0.584
206075	0.612
206125	0.616
206175	0.612
206225	0.592
206275	0.580
206325	0.560
206375	0.520
206425	0.520
206475	0.560
206525	0.540
206575	0.532
206625	0.556
206675	0.520
206725	0.504
206775	0.516
206825	0.520
206875	0.528
206925	0.536
206975	0.524
207025	0.524
207075	0.556
207125	0.536
207175	0.556
207225	0.584
207275	0.572
207325	0.516
207375	0.488
207425	0.476
207475	0.432
207525	0.404
207575	0.392
207625	0.408
207675	0.396
207725	0.392
207775	0.404
207825	0.404
207875	0.440
207925	0.452
207975	0.492
208025	0.524
208075	0.572
208125	0.544
208175	0.520
208225	0.480
208275	0.488
208325	0.484
208375	0.524
208425	0.564
208475	0.620
208525	0.632
208575	0.628
208625	0.624
208675	0.596
208725	0.552
208775	0.532
208825	0.528
208875	0.532
208925	0.524
208975	0.516
209025	0.460
209075	0.452
209125	0.420
209175	0.420
209225	0.432
209275	0.472
209325	0.480
209375	0.480
209425	0.456
209475	0.448
209525	0.440
209575	0.388
209625	0.344
209675	0.368
209725	0.356
209775	0.364
209825	0.420
209875	0.460
209925	0.456
209975	0.484
210025	0.468
210075	0.480
210125	0.488
210175	0.504
210225	0.488
210275	0.520
210325	0.520
210375	0.520
210425	0.508
210475	0.540
210525	0.512
210575	0.504
210625	0.512
210675	0.520
210725	0.508
210775	0.512
210825	0.484
210875	0.448
210925	0.480
210975	0.484
211025	0.476
211075	0.492
211125	0.496
211175	0.480
211225	0.472
211275	0.496
211325	0.504
211375	0.532
211425	0.536
211475	0.544
211525	0.544
211575	0.540
211625	0.524
211675	0.496
211725	0.468
211775	0.428
211825	0.408
211875	0.420
211925	0.424
211975	0.400
212025	0.416
212075	0.424
212125	0.404
212175	0.400
212225	0.424
212275	0.408
212325	0.412
212375	0.412
212425	0.420
212475	0.448
212525	0.452
212575	0.432
212625	0.428
212675	0.448
212725	0.416
212775	0.428
212825	0.424
212875	0.452
212925	0.460
212975	0.500
213025	0.520
213075	0.552
213125	0.556
213175	0.548
213225	0.540
213275	0.552
213325	0.552
213375	0.552
213425	0.524
213475	0.496
213525	0.456
213575	0.468
213625	0.456
213675	0.492
213725	0.536
213775	0.584
213825	0.588
213875	0.596
213925	0.604
213975	0.576
214025	0.552
214075	0.524
214125	0.484
214175	0.416
214225	0.416
214275	0.420
214325	0.444
214375	0.484
214425	0.516
214475	0.520
214525	0.512
214575	0.528
214625	0.508
214675	0.512
214725	0.504
214775	0.484
214825	0.460
214875	0.464
214925	0.464
214975	0.436
215025	0.452
215075	0.452
215125	0.452
215175	0.464
215225	0.488
215275	0.540
215325	0.528
215375	0.524
215425	0.544
215475	0.560
215525	0.528
215575	0.540
215625	0.580
215675	0.592
215725	0.600
215775	0.588
215825	0.588
215875	0.564
215925	0.548
215975	0.560
216025	0.596
216075	0.604
216125	0.604
216175	0.572
216225	0.548
216275	0.540
216325	0.524
216375	0.540
216425	0.576
216475	0.588
216525	0.580
216575	0.576
216625	0.552
216675	0.504
216725	0.508
216775	0.492
216825	0.524
216875	0.552
216925	0.580
216975	0.560
217025	0.568
217075	0.560
217125	0.548
217175	0.560
217225	0.548
217275	0.540
217325	0.540
217375	0.528
217425	0.524
217475	0.536
217525	0.524
217575	0.532
217625	0.544
217675	0.528
217725	0.548
217775	0.552
217825	0.532
217875	0.516
217925	0.488
217975	0.476
218025	0.476
218075	0.472
218125	0.500
218175	0.520
218225	0.524
218275	0.560
218325	0.564
218375	0.548
218425	0.576
218475	0.572
218525	0.552
218575	0.532
218625	0.560
218675	0.552
218725	0.556
218775	0.548
218825	0.556
218875	0.528
218925	0.496
218975	0.456
219025	0.452
219075	0.472
219125	0.448
219175	0.468
219225	0.468
219275	0.488
219325	0.484
219375	0.496
219425	0.464
219475	0.484
219525	0.460
219575	0.456
219625	0.484
219675	0.528
219725	0.540
219775	0.536
219825	0.520
219875	0.460
219925	0.428
219975	0.428
220025	0.428
220075	0.436
220125	0.452
220175	0.468
220225	0.480
220275	0.484
220325	0.484
220375	0.512
220425	0.532
220475	0.520
220525	0.548
220575	0.560
220625	0.584
220675	0.600
220725	0.592
220775	0.572
220825	0.552
220875	0.536
220925	0.512
220975	0.488
221025	0.456
221075	0.464
221125	0.484
221175	0.484
221225	0.552
221275	0.612
221325	0.632
221375	0.616
221425	0.596
221475	0.564
221525	0.536
221575	0.532
221625	0.544
221675	0.596
221725	0.608
221775	0.620
221825	0.588
221875	0.500
221925	0.448
221975	0.440
222025	0.408
222075	0.424
222125	0.436
222175	0.440
222225	0.392
222275	0.396
222325	0.368
222375	0.396
222425	0.384
222475	0.416
222525	0.424
222575	0.432
222625	0.444
222675	0.436
222725	0.448
222775	0.464
222825	0.484
222875	0.476
222925	0.492
222975	0.496
223025	0.456
223075	0.452
223125	0.452
223175	0.440
223225	0.416
223275	0.424
223325	0.428
223375	0.436
223425	0.468
223475	0.480
223525	0.520
223575	0.512
223625	0.512
223675	0.484
223725	0.504
223775	0.484
223825	0.484
223875	0.488
223925	0.508
223975	0.480
224025	0.488
224075	0.488
224125	0.504
224175	0.536
224225	0.532
224275	0.500
224325	0.524
224375	0.524
224425	0.496
224475	0.504
224525	0.548
224575	0.540
224625	0.528
224675	0.548
224725	0.580
224775	0.580
224825	0.568
224875	0.580
224925	0.580
224975	0.528
225025	0.532
225075	0.544
225125	0.512
225175	0.492
225225	0.524
225275	0.544
225325	0.512
225375	0.528
225425	0.556
225475	0.568
225525	0.540
225575	0.568
225625	0.548
225675	0.508
225725	0.472
225775	0.444
225825	0.460
225875	0.492
225925	0.520
225975	0.524
226025	0.556
226075	0.552
226125	0.536
226175	0.548
226225	0.592
226275	0.596
226325	0.612
226375	0.636
226425	0.628
226475	0.624
226525	0.604
226575	0.564
226625	0.536
226675	0.548
226725	0.520
226775	0.524
226825	0.556
226875	0.580
226925	0.572
226975	0.604
227025	0.612
227075	0.616
227125	0.612
227175	0.620
227225	0.596
227275	0.596
227325	0.568
227375	0.580
227425	0.580
227475	0.584
227525	0.596
227575	0.608
227625	0.600
227675	0.584
227725	0.576
227775	0.576
227825	0.556
227875	0.568
227925	0.560
227975	0.576
228025	0.556
228075	0.544
228125	0.528
228175	0.540
228225	0.544
228275	0.516
228325	0.544
228375	0.548
228425	0.528
228475	0.524
228525	0.576
228575	0.564
228625	0.532
228675	0.548
228725	0.548
228775	0.548
228825	0.568
228875	0.588
228925	0.580
228975	0.604
229025	0.600
229075	0.604
229125	0.616
229175	0.600
229225	0.588
229275	0.548
229325	0.536
229375	0.516
229425	0.540
229475	0.544
229525	0.572
229575	0.580
229625	0.592
229675	0.600
229725	0.588
229775	0.584
229825	0.584
229875	0.612
229925	0.616
229975	0.600
230025	0.572
230075	0.516
230125	0.456
230175	0.412
230225	0.424
230275	0.400
230325	0.404
230375	0.392
230425	0.404
230475	0.376
230525	0.416
230575	0.468
230625	0.520
230675	0.548
230725	0.592
230775	0.628
230825	0.660
230875	0.688
230925	0.692
230975	0.704
231025	0.704
231075	0.676
231125	0.684
231175	0.708
231225	0.700
231275	0.696
231325	0.708
231375	0.680
231425	0.660
231475	0.648
231525	0.640
231575	0.632
231625	0.608
231675	0.576
231725	0.552
231775	0.540
231825	0.532
231875	0.540
231925	0.548
231975	0.548
232025	0.536
232075	0.516
232125	0.500
232175	0.516
232225	0.524
232275	0.536
232325	0.548
232375	0.556
232425	0.576
232475	0.564
232525	0.532
232575	0.512
232625	0.512
232675	0.440
232725	0.436
232775	0.452
232825	0.468
232875	0.460
232925	0.476
232975	0.460
233025	0.452
233075	0.496
233125	0.504
233175	0.560
233225	0.592
233275	0.604
233325	0.572
233375	0.548
233425	0.500
233475	0.516
233525	0.536
233575	0.516
233625	0.548
233675	0.588
233725	0.600
233775	0.588
233825	0.592
233875	0.588
233925	0.576
233975	0.528
234025	0.520
234075	0.528
234125	0.504
234175	0.476
234225	0.464
234275	0.460
234325	0.456
234375	0.456
234425	0.448
234475	0.452
234525	0.440
234575	0.468
234625	0.480
234675	0.484
234725	0.484
234775	0.508
234825	0.468
234875	0.476
234925	0.496
234975	0.500
235025	0.488
235075	0.480
235125	0.476
235175	0.464
235225	0.468
235275	0.484
235325	0.496
235375	0.496
235425	0.492
235475	0.520
235525	0.500
235575	0.504
235625	0.516
235675	0.532
235725	0.516
235775	0.520
235825	0.500
235875	0.468
235925	0.480
235975	0.484
236025	0.480
236075	0.504
236125	0.516
236175	0.492
236225	0.480
236275	0.496
236325	0.492
236375	0.504
236425	0.520
236475	0.528
236525	0.528
236575	0.524
236625	0.524
236675	0.504
236725	0.492
236775	0.476
236825	0.488
236875	0.476
236925	0.452
236975	0.456
237025	0.452
237075	0.432
237125	0.424
237175	0.424
237225	0.452
237275	0.444
237325	0.444
237375	0.460
237425	0.492
237475	0.476
237525	0.508
237575	0.524
237625	0.528
237675	0.516
237725	0.496
237775	0.472
237825	0.448
237875	0.452
237925	0.436
237975	0.452
238025	0.476
238075	0.504
238125	0.492
238175	0.524
238225	0.528
238275	0.540
238325	0.520
238375	0.572
238425	0.580
238475	0.596
238525	0.584
238575	0.632
238625	0.564
238675	0.532
238725	0.520
238775	0.496
238825	0.432
238875	0.432
238925	0.452
238975	0.416
239025	0.392
239075	0.400
239125	0.424
239175	0.420
239225	0.444
239275	0.500
239325	0.560
239375	0.568
239425	0.592
239475	0.600
239525	0.592
239575	0.572
239625	0.556
239675	0.548
239725	0.576
239775	0.584
239825	0.564
239875	0.568
239925	0.552
239975	0.540
240025	0.536
240075	0.540
240125	0.544
240175	0.540
240225	0.528
240275	0.520
240325	0.508
240375	0.528
240425	0.544
240475	0.536
240525	0.544
240575	0.544
240625	0.544
240675	0.540
240725	0.560
240775	0.540
240825	0.556
240875	0.520
240925	0.492
240975	0.428
241025	0.412
241075	0.396
241125	0.428
241175	0.452
241225	0.508
241275	0.524
241325	0.552
241375	0.568
241425	0.580
241475	0.580
241525	0.600
241575	0.588
241625	0.584
241675	0.568
241725	0.580
241775	0.560
241825	0.560
241875	0.544
241925	0.560
241975	0.552
242025	0.576
242075	0.576
242125	0.580
242175	0.572
242225	0.580
242275	0.576
242325	0.556
242375	0.528
242425	0.496
242475	0.440
242525	0.404
242575	0.400
242625	0.392
242675	0.420
242725	0.448
242775	0.456
242825	0.468
242875	0.492
242925	0.488
242975	0.508
243025	0.536
243075	0.532
243125	0.544
243175	0.560
243225	0.552
243275	0.544
243325	0.568
243375	0.544
243425	0.544
243475	0.536
243525	0.544
243575	0.536
243625	0.576
243675	0.568
243725	0.572
243775	0.588
243825	0.592
243875	0.580
243925	0.596
243975	0.608
244025	0.604
244075	0.628
244125	0.640
244175	0.656
244225	0.684
244275	0.656
244325	0.604
244375	0.552
244425	0.508
244475	0.468
244525	0.448
244575	0.476
244625	0.484
244675	0.504
244725	0.500
244775	0.520
244825	0.528
244875	0.528
244925	0.536
244975	0.544
245025	0.556
245075	0.568
245125	0.568
245175	0.544
245225	0.532
245275	0.548
245325	0.556
245375	0.552
245425	0.540
245475	0.516
245525	0.496
245575	0.456
245625	0.468
245675	0.472
245725	0.480
245775	0.476
245825	0.476
245875	0.480
245925	0.508
245975	0.536
246025	0.524
246075	0.488
246125	0.472
246175	0.440
246225	0.400
246275	0.424
246325	0.472
246375	0.488
246425	0.492
246475	0.500
246525	0.464
246575	0.416
246625	0.396
246675	0.376
246725	0.368
246775	0.388
246825	0.408
246875	0.396
246925	0.412
246975	0.420
247025	0.424
247075	0.452
247125	0.476
247175	0.456
247225	0.484
247275	0.476
247325	0.440
247375	0.420
247425	0.444
247475	0.432
247525	0.404
247575	0.428
247625	0.460
247675	0.456
247725	0.456
247775	0.496
247825	0.472
247875	0.444
247925	0.468
247975	0.476
248025	0.468
248075	0.488
248125	0.516
248175	0.492
248225	0.492
248275	0.488
248325	0.480
248375	0.480
248425	0.472
248475	0.456
248525	0.444
248575	0.460
248625	0.448
248675	0.484
248725	0.504
248775	0.496
248825	0.460
248875	0.460
248925	0.432
248975	0.436
249025	0.432
249075	0.460
249125	0.456
249175	0.456
249225	0.448
249275	0.468
249325	0.452
249375	0.488
249425	0.512
249475	0.500
249525	0.504
249575	0.524
249625	0.488
249675	0.460
249725	0.456
249775	0.428
249825	0.416
249875	0.432
249925	0.424
249975	0.444
250025	0.468
250075	0.464
250125	0.448
250175	0.468
250225	0.456
250275	0.420
250325	0.412
250375	0.396
250425	0.360
250475	0.360
250525	0.392
250575	0.404
250625	0.420
250675	0.432
250725	0.436
250775	0.420
250825	0.420
250875	0.424
250925	0.440
250975	0.452
251025	0.472
251075	0.464
251125	0.472
251175	0.476
251225	0.428
251275	0.404
251325	0.408
251375	0.404
251425	0.388
251475	0.400
251525	0.420
251575	0.416
251625	0.424
251675	0.436
251725	0.468
251775	0.492
251825	0.500
251875	0.480
251925	0.500
251975	0.520
252025	0.480
252075	0.472
252125	0.492
252175	0.480
252225	0.428
252275	0.464
252325	0.480
252375	0.464
252425	0.464
252475	0.492
252525	0.464
252575	0.460
252625	0.452
252675	0.456
252725	0.460
252775	0.468
252825	0.456
252875	0.456
252925	0.440
252975	0.432
253025	0.412
253075	0.420
253125	0.440
253175	0.460
253225	0.456
253275	0.496
253325	0.504
253375	0.500
253425	0.488
253475	0.504
253525	0.500
253575	0.524
253625	0.512
253675	0.500
253725	0.460
253775	0.472
253825	0.440
253875	0.436
253925	0.444
253975	0.460
254025	0.416
254075	0.400
254125	0.404
254175	0.396
254225	0.404
254275	0.412
254325	0.424
254375	0.428
254425	0.452
254475	0.444
254525	0.424
254575	0.416
254625	0.440
254675	0.432
254725	0.444
254775	0.480
254825	0.496
254875	0.484
254925	0.484
254975	0.456
255025	0.424
255075	0.420
255125	0.376
255175	0.368
255225	0.380
255275	0.412
255325	0.424
255375	0.432
255425	0.464
255475	0.484
255525	0.472
255575	0.460
255625	0.532
255675	0.508
255725	0.500
255775	0.516
255825	0.528
255875	0.460
255925	0.448
255975	0.460
256025	0.452
256075	0.456
256125	0.492
256175	0.512
256225	0.508
256275	0.512
256325	0.508
256375	0.508
256425	0.524
256475	0.516
256525	0.532
256575	0.536
256625	0.536
256675	0.500
256725	0.488
256775	0.432
256825	0.396
256875	0.368
256925	0.356
256975	0.344
257025	0.384
257075	0.404
257125	0.420
257175	0.420
257225	0.436
257275	0.424
257325	0.416
257375	0.392
257425	0.412
257475	0.432
257525	0.432
257575	0.472
257625	0.496
257675	0.504
257725	0.516
257775	0.536
257825	0.508
257875	0.520
257925	0.508
257975	0.476
258025	0.476
258075	0.460
258125	0.428
258175	0.452
258225	0.484
258275	0.488
258325	0.508
258375	0.516
258425	0.508
258475	0.460
258525	0.452
258575	0.452
258625	0.456
258675	0.424
258725	0.432
258775	0.412
258825	0.404
258875	0.412
258925	0.428
258975	0.448
259025	0.480
259075	0.496
259125	0.512
259175	0.532
259225	0.556
259275	0.512
259325	0.500
259375	0.476
259425	0.440
259475	0.404
259525	0.412
259575	0.400
259625	0.388
259675	0.416
259725	0.408
259775	0.416
259825	0.408
259875	0.404
259925	0.372
259975	0.388
260025	0.412
260075	0.452
260125	0.460
260175	0.488
260225	0.520
260275	0.488
260325	0.444
260375	0.424
260425	0.428
260475	0.408
260525	0.408
260575	0.432
260625	0.456
260675	0.436
260725	0.412
260775	0.416
260825	0.416
260875	0.404
260925	0.404
260975	0.380
261025	0.392
261075	0.400
261125	0.444
261175	0.452
261225	0.476
261275	0.504
261325	0.500
261375	0.504
261425	0.500
261475	0.504
261525	0.484
261575	0.500
261625	0.492
261675	0.484
261725	0.464
261775	0.456
261825	0.432
261875	0.412
261925	0.432
261975	0.440
262025	0.444
262075	0.452
262125	0.464
262175	0.448
262225	0.452
262275	0.460
262325	0.468
262375	0.484
262425	0.512
262475	0.532
262525	0.524
262575	0.536
262625	0.512
262675	0.496
262725	0.472
262775	0.472
262825	0.448
262875	0.444
262925	0.448
262975	0.476
263025	0.468
263075	0.448
263125	0.440
263175	0.424
263225	0.392
263275	0.376
263325	0.372
263375	0.380
263425	0.396
263475	0.424
263525	0.436
263575	0.500
263625	0.480
263675	0.484
263725	0.492
263775	0.496
263825	0.480
263875	0.504
263925	0.508
263975	0.504
264025	0.532
264075	0.504
264125	0.504
264175	0.500
264225	0.504
264275	0.476
264325	0.496
264375	0.512
264425	0.500
264475	0.504
264525	0.544
264575	0.520
264625	0.492
264675	0.496
264725	0.476
264775	0.456
264825	0.488
264875	0.472
264925	0.504
264975	0.520
265025	0.532
265075	0.520
265125	0.556
265175	0.524
265225	0.500
265275	0.472
265325	0.468
265375	0.468
265425	0.484
265475	0.488
265525	0.476
265575	0.480
265625	0.484
265675	0.444
265725	0.464
265775	0.504
265825	0.488
265875	0.500
265925	0.520
265975	0.508
266025	0.464
266075	0.488
266125	0.460
266175	0.444
266225	0.424
266275	0.420
266325	0.396
266375	0.392
266425	0.404
266475	0.424
266525	0.444
266575	0.472
266625	0.508
266675	0.528
266725	0.536
266775	0.520
266825	0.480
266875	0.424
266925	0.436
266975	0.448
267025	0.468
267075	0.520
267125	0.548
267175	0.552
267225	0.544
267275	0.528
267325	0.528
267375	0.532
267425	0.524
267475	0.532
267525	0.540
267575	0.520
267625	0.516
267675	0.492
267725	0.440
267775	0.472
267825	0.468
267875	0.464
267925	0.456
267975	0.492
268025	0.476
268075	0.440
268125	0.436
268175	0.472
268225	0.480
268275	0.476
268325	0.504
268375	0.516
268425	0.492
268475	0.488
268525	0.456
268575	0.440
268625	0.396
268675	0.368
268725	0.360
268775	0.348
268825	0.352
268875	0.392
268925	0.428
268975	0.432
269025	0.468
269075	0.512
269125	0.524
269175	0.512
269225	0.512
269275	0.524
269325	0.476
269375	0.444
269425	0.452
269475	0.444
269525	0.448
269575	0.460
269625	0.476
269675	0.472
269725	0.468
269775	0.468
269825	0.476
269875	0.448
269925	0.472
269975	0.472
270025	0.464
270075	0.436
270125	0.432
270175	0.376
270225	0.328
270275	0.256
270325	0.228
270375	0.212
270425	0.212
270475	0.220
270525	0.248
270575	0.248
270625	0.288
270675	0.276
270725	0.260
270775	0.252
270825	0.260
270875	0.212
270925	0.204
270975	0.208
271025	0.236
271075	0.228
271125	0.248
271175	0.240
271225	0.244
271275	0.196
271325	0.180
271375	0.164
271425	0.152
271475	0.136
271525	0.160
271575	0.184
271625	0.196
271675	0.220
271725	0.236
271775	0.240
271825	0.220
271875	0.212
271925	0.192
271975	0.176
272025	0.136
272075	0.184
272125	0.288
272175	0.344
272225	0.412
272275	0.492
