Position	Percent G+C 1 .. 21996
125	0.088
175	0.096
225	0.072
275	0.108
325	0.160
375	0.204
425	0.232
475	0.248
525	0.268
575	0.276
625	0.260
675	0.308
725	0.348
775	0.352
825	0.380
875	0.404
925	0.408
975	0.424
1025	0.416
1075	0.412
1125	0.416
1175	0.408
1225	0.424
1275	0.472
1325	0.444
1375	0.464
1425	0.456
1475	0.440
1525	0.396
1575	0.416
1625	0.408
1675	0.416
1725	0.416
1775	0.408
1825	0.404
1875	0.408
1925	0.420
1975	0.420
2025	0.444
2075	0.464
2125	0.468
2175	0.488
2225	0.488
2275	0.512
2325	0.516
2375	0.516
2425	0.484
2475	0.488
2525	0.460
2575	0.456
2625	0.460
2675	0.452
2725	0.456
2775	0.464
2825	0.456
2875	0.432
2925	0.448
2975	0.424
3025	0.420
3075	0.428
3125	0.440
3175	0.424
3225	0.448
3275	0.460
3325	0.456
3375	0.480
3425	0.500
3475	0.484
3525	0.496
3575	0.480
3625	0.456
3675	0.440
3725	0.448
3775	0.424
3825	0.420
3875	0.432
3925	0.460
3975	0.488
4025	0.496
4075	0.528
4125	0.532
4175	0.556
4225	0.528
4275	0.532
4325	0.552
4375	0.552
4425	0.520
4475	0.544
4525	0.528
4575	0.492
4625	0.460
4675	0.476
4725	0.496
4775	0.476
4825	0.460
4875	0.480
4925	0.464
4975	0.428
5025	0.472
5075	0.500
5125	0.496
5175	0.492
5225	0.504
5275	0.484
5325	0.472
5375	0.500
5425	0.548
5475	0.532
5525	0.548
5575	0.540
5625	0.532
5675	0.488
5725	0.492
5775	0.464
5825	0.480
5875	0.488
5925	0.496
5975	0.488
6025	0.496
6075	0.500
6125	0.488
6175	0.476
6225	0.460
6275	0.468
6325	0.488
6375	0.488
6425	0.496
6475	0.544
6525	0.552
6575	0.540
6625	0.532
6675	0.548
6725	0.548
6775	0.568
6825	0.560
6875	0.552
6925	0.544
6975	0.524
7025	0.508
7075	0.484
7125	0.480
7175	0.476
7225	0.476
7275	0.476
7325	0.512
7375	0.532
7425	0.528
7475	0.524
7525	0.516
7575	0.496
7625	0.464
7675	0.452
7725	0.448
7775	0.452
7825	0.456
7875	0.488
7925	0.516
7975	0.532
8025	0.524
8075	0.520
8125	0.524
8175	0.520
8225	0.512
8275	0.512
8325	0.504
8375	0.500
8425	0.480
8475	0.476
8525	0.480
8575	0.488
8625	0.480
8675	0.488
8725	0.488
8775	0.468
8825	0.504
8875	0.500
8925	0.504
8975	0.500
9025	0.544
9075	0.512
9125	0.540
9175	0.524
9225	0.520
9275	0.508
9325	0.532
9375	0.508
9425	0.512
9475	0.548
9525	0.528
9575	0.492
9625	0.508
9675	0.524
9725	0.496
9775	0.508
9825	0.496
9875	0.484
9925	0.464
9975	0.448
10025	0.448
10075	0.488
10125	0.492
10175	0.492
10225	0.508
10275	0.476
10325	0.464
10375	0.460
10425	0.468
10475	0.496
10525	0.532
10575	0.540
10625	0.552
10675	0.548
10725	0.516
10775	0.484
10825	0.456
10875	0.436
10925	0.424
10975	0.416
11025	0.440
11075	0.432
11125	0.392
11175	0.372
11225	0.348
11275	0.320
11325	0.328
11375	0.312
11425	0.264
11475	0.220
11525	0.204
11575	0.200
11625	0.236
11675	0.272
11725	0.344
11775	0.336
11825	0.284
11875	0.244
11925	0.208
11975	0.136
12025	0.116
12075	0.108
12125	0.100
12175	0.100
12225	0.120
12275	0.128
12325	0.148
12375	0.152
12425	0.164
12475	0.168
12525	0.176
12575	0.156
12625	0.152
12675	0.160
12725	0.172
12775	0.148
12825	0.148
12875	0.180
12925	0.204
12975	0.168
13025	0.180
13075	0.192
13125	0.160
13175	0.136
13225	0.160
13275	0.156
13325	0.164
13375	0.152
13425	0.128
13475	0.116
13525	0.120
13575	0.104
13625	0.140
13675	0.140
13725	0.132
13775	0.116
13825	0.104
13875	0.088
13925	0.096
13975	0.112
14025	0.140
14075	0.164
14125	0.152
14175	0.152
14225	0.160
14275	0.136
14325	0.116
14375	0.124
14425	0.156
14475	0.180
14525	0.228
14575	0.272
14625	0.272
14675	0.260
14725	0.212
14775	0.188
14825	0.216
14875	0.264
14925	0.268
14975	0.284
15025	0.276
15075	0.224
15125	0.224
15175	0.236
15225	0.248
15275	0.244
15325	0.252
15375	0.192
15425	0.180
15475	0.176
15525	0.176
15575	0.192
15625	0.240
15675	0.224
15725	0.232
15775	0.244
15825	0.228
15875	0.188
15925	0.184
15975	0.156
16025	0.136
16075	0.108
16125	0.108
16175	0.112
16225	0.124
16275	0.132
16325	0.144
16375	0.148
16425	0.140
16475	0.144
16525	0.156
16575	0.164
16625	0.164
16675	0.204
16725	0.192
16775	0.168
16825	0.176
16875	0.188
16925	0.156
16975	0.164
17025	0.184
17075	0.164
17125	0.144
17175	0.144
17225	0.132
17275	0.144
17325	0.148
17375	0.148
17425	0.144
17475	0.128
17525	0.112
17575	0.100
17625	0.096
17675	0.104
17725	0.128
17775	0.112
17825	0.132
17875	0.140
17925	0.156
17975	0.152
18025	0.192
18075	0.184
18125	0.192
18175	0.180
18225	0.208
18275	0.188
18325	0.212
18375	0.216
18425	0.228
18475	0.200
18525	0.176
18575	0.144
18625	0.120
18675	0.104
18725	0.096
18775	0.128
18825	0.128
18875	0.140
18925	0.136
18975	0.136
19025	0.128
19075	0.140
19125	0.148
19175	0.144
19225	0.184
19275	0.188
19325	0.196
19375	0.188
19425	0.196
19475	0.156
19525	0.132
19575	0.120
19625	0.120
19675	0.136
19725	0.148
19775	0.180
19825	0.188
19875	0.196
19925	0.172
19975	0.188
20025	0.156
20075	0.160
20125	0.156
20175	0.156
20225	0.116
20275	0.148
20325	0.136
20375	0.136
20425	0.156
20475	0.168
20525	0.152
20575	0.140
20625	0.136
20675	0.128
20725	0.132
20775	0.140
20825	0.164
20875	0.164
20925	0.152
20975	0.144
21025	0.144
21075	0.120
21125	0.128
21175	0.144
21225	0.136
21275	0.132
21325	0.148
21375	0.156
21425	0.184
21475	0.208
21525	0.204
21575	0.216
21625	0.224
21675	0.176
21725	0.192
21775	0.184
21825	0.164
