Position	Percent G+C 1 .. 173817
125	0.092
175	0.116
225	0.124
275	0.100
325	0.100
375	0.104
425	0.100
475	0.132
525	0.176
575	0.216
625	0.256
675	0.328
725	0.348
775	0.356
825	0.376
875	0.404
925	0.428
975	0.428
1025	0.432
1075	0.396
1125	0.404
1175	0.372
1225	0.404
1275	0.420
1325	0.464
1375	0.452
1425	0.440
1475	0.408
1525	0.408
1575	0.400
1625	0.400
1675	0.424
1725	0.432
1775	0.416
1825	0.416
1875	0.416
1925	0.384
1975	0.364
2025	0.384
2075	0.360
2125	0.320
2175	0.296
2225	0.296
2275	0.284
2325	0.316
2375	0.352
2425	0.396
2475	0.416
2525	0.440
2575	0.452
2625	0.448
2675	0.432
2725	0.432
2775	0.440
2825	0.432
2875	0.444
2925	0.464
2975	0.464
3025	0.444
3075	0.464
3125	0.476
3175	0.480
3225	0.512
3275	0.484
3325	0.468
3375	0.456
3425	0.436
3475	0.420
3525	0.448
3575	0.460
3625	0.460
3675	0.472
3725	0.472
3775	0.492
3825	0.464
3875	0.456
3925	0.444
3975	0.416
4025	0.392
4075	0.424
4125	0.408
4175	0.400
4225	0.444
4275	0.416
4325	0.344
4375	0.380
4425	0.416
4475	0.432
4525	0.484
4575	0.552
4625	0.552
4675	0.556
4725	0.516
4775	0.492
4825	0.496
4875	0.528
4925	0.536
4975	0.560
5025	0.600
5075	0.600
5125	0.580
5175	0.600
5225	0.592
5275	0.572
5325	0.560
5375	0.548
5425	0.520
5475	0.520
5525	0.524
5575	0.548
5625	0.544
5675	0.540
5725	0.548
5775	0.544
5825	0.520
5875	0.512
5925	0.476
5975	0.464
6025	0.452
6075	0.460
6125	0.464
6175	0.504
6225	0.492
6275	0.484
6325	0.496
6375	0.496
6425	0.460
6475	0.452
6525	0.480
6575	0.476
6625	0.472
6675	0.500
6725	0.488
6775	0.452
6825	0.432
6875	0.420
6925	0.420
6975	0.448
7025	0.464
7075	0.472
7125	0.480
7175	0.468
7225	0.496
7275	0.528
7325	0.544
7375	0.572
7425	0.564
7475	0.532
7525	0.512
7575	0.504
7625	0.468
7675	0.480
7725	0.468
7775	0.464
7825	0.440
7875	0.480
7925	0.468
7975	0.468
8025	0.480
8075	0.492
8125	0.460
8175	0.476
8225	0.520
8275	0.536
8325	0.572
8375	0.624
8425	0.652
8475	0.632
8525	0.636
8575	0.620
8625	0.592
8675	0.520
8725	0.496
8775	0.444
8825	0.428
8875	0.428
8925	0.468
8975	0.444
9025	0.432
9075	0.400
9125	0.360
9175	0.372
9225	0.392
9275	0.436
9325	0.464
9375	0.496
9425	0.516
9475	0.532
9525	0.532
9575	0.580
9625	0.580
9675	0.512
9725	0.512
9775	0.532
9825	0.532
9875	0.564
9925	0.644
9975	0.692
10025	0.672
10075	0.668
10125	0.656
10175	0.648
10225	0.640
10275	0.680
10325	0.652
10375	0.668
10425	0.660
10475	0.648
10525	0.604
10575	0.608
10625	0.572
10675	0.524
10725	0.480
10775	0.428
10825	0.400
10875	0.372
10925	0.392
10975	0.396
11025	0.412
11075	0.364
11125	0.404
11175	0.448
11225	0.480
11275	0.520
11325	0.612
11375	0.616
11425	0.584
11475	0.560
11525	0.532
11575	0.480
11625	0.476
11675	0.468
11725	0.508
11775	0.504
11825	0.544
11875	0.524
11925	0.536
11975	0.508
12025	0.520
12075	0.504
12125	0.524
12175	0.500
12225	0.508
12275	0.496
12325	0.488
12375	0.472
12425	0.476
12475	0.452
12525	0.456
12575	0.460
12625	0.424
12675	0.428
12725	0.452
12775	0.460
12825	0.412
12875	0.444
12925	0.464
12975	0.464
13025	0.480
13075	0.536
13125	0.528
13175	0.516
13225	0.504
13275	0.500
13325	0.492
13375	0.504
13425	0.496
13475	0.492
13525	0.480
13575	0.460
13625	0.492
13675	0.488
13725	0.488
13775	0.488
13825	0.524
13875	0.500
13925	0.496
13975	0.488
14025	0.496
14075	0.476
14125	0.456
14175	0.472
14225	0.484
14275	0.464
14325	0.472
14375	0.476
14425	0.492
14475	0.492
14525	0.500
14575	0.492
14625	0.488
14675	0.464
14725	0.452
14775	0.456
14825	0.472
14875	0.468
14925	0.476
14975	0.480
15025	0.492
15075	0.476
15125	0.512
15175	0.496
15225	0.500
15275	0.512
15325	0.512
15375	0.496
15425	0.524
15475	0.528
15525	0.508
15575	0.512
15625	0.508
15675	0.484
15725	0.496
15775	0.516
15825	0.512
15875	0.512
15925	0.552
15975	0.548
16025	0.508
16075	0.504
16125	0.500
16175	0.488
16225	0.496
16275	0.512
16325	0.516
16375	0.484
16425	0.428
16475	0.356
16525	0.304
16575	0.256
16625	0.276
16675	0.276
16725	0.344
16775	0.420
16825	0.476
16875	0.504
16925	0.540
16975	0.544
17025	0.560
17075	0.568
17125	0.568
17175	0.580
17225	0.572
17275	0.528
17325	0.512
17375	0.504
17425	0.492
17475	0.516
17525	0.548
17575	0.552
17625	0.548
17675	0.544
17725	0.504
17775	0.464
17825	0.476
17875	0.440
17925	0.396
17975	0.396
18025	0.392
18075	0.376
18125	0.408
18175	0.464
18225	0.460
18275	0.488
18325	0.492
18375	0.520
18425	0.528
18475	0.548
18525	0.572
18575	0.580
18625	0.544
18675	0.536
18725	0.552
18775	0.512
18825	0.508
18875	0.532
18925	0.528
18975	0.520
19025	0.528
19075	0.520
19125	0.484
19175	0.480
19225	0.464
19275	0.452
19325	0.444
19375	0.468
19425	0.480
19475	0.496
19525	0.528
19575	0.548
19625	0.568
19675	0.568
19725	0.564
19775	0.556
19825	0.564
19875	0.564
19925	0.576
19975	0.576
20025	0.580
20075	0.552
20125	0.536
20175	0.532
20225	0.536
20275	0.528
20325	0.548
20375	0.556
20425	0.540
20475	0.524
20525	0.524
20575	0.528
20625	0.520
20675	0.512
20725	0.520
20775	0.488
20825	0.476
20875	0.456
20925	0.420
20975	0.420
21025	0.416
21075	0.384
21125	0.384
21175	0.436
21225	0.440
21275	0.484
21325	0.504
21375	0.512
21425	0.512
21475	0.480
21525	0.460
21575	0.476
21625	0.488
21675	0.476
21725	0.476
21775	0.480
21825	0.460
21875	0.440
21925	0.432
21975	0.428
22025	0.428
22075	0.428
22125	0.424
22175	0.424
22225	0.464
22275	0.456
22325	0.488
22375	0.524
22425	0.536
22475	0.556
22525	0.576
22575	0.568
22625	0.556
22675	0.576
22725	0.524
22775	0.508
22825	0.512
22875	0.508
22925	0.488
22975	0.508
23025	0.504
23075	0.496
23125	0.508
23175	0.496
23225	0.488
23275	0.500
23325	0.488
23375	0.484
23425	0.508
23475	0.524
23525	0.552
23575	0.572
23625	0.600
23675	0.604
23725	0.616
23775	0.604
23825	0.588
23875	0.540
23925	0.528
23975	0.504
24025	0.500
24075	0.504
24125	0.524
24175	0.548
24225	0.560
24275	0.540
24325	0.564
24375	0.556
24425	0.512
24475	0.504
24525	0.520
24575	0.488
24625	0.460
24675	0.444
24725	0.428
24775	0.408
24825	0.412
24875	0.456
24925	0.496
24975	0.492
25025	0.492
25075	0.504
25125	0.496
25175	0.492
25225	0.516
25275	0.536
25325	0.528
25375	0.520
25425	0.524
25475	0.524
25525	0.532
25575	0.536
25625	0.548
25675	0.564
25725	0.564
25775	0.556
25825	0.556
25875	0.580
25925	0.544
25975	0.568
26025	0.604
26075	0.616
26125	0.596
26175	0.632
26225	0.624
26275	0.588
26325	0.592
26375	0.568
26425	0.552
26475	0.536
26525	0.556
26575	0.556
26625	0.556
26675	0.532
26725	0.528
26775	0.504
26825	0.504
26875	0.532
26925	0.560
26975	0.556
27025	0.576
27075	0.560
27125	0.548
27175	0.544
27225	0.560
27275	0.560
27325	0.556
27375	0.564
27425	0.572
27475	0.564
27525	0.568
27575	0.580
27625	0.576
27675	0.568
27725	0.580
27775	0.548
27825	0.536
27875	0.524
27925	0.500
27975	0.428
28025	0.380
28075	0.348
28125	0.356
28175	0.368
28225	0.460
28275	0.496
28325	0.516
28375	0.484
28425	0.456
28475	0.400
28525	0.416
28575	0.476
28625	0.484
28675	0.520
28725	0.572
28775	0.584
28825	0.576
28875	0.604
28925	0.640
28975	0.636
29025	0.644
29075	0.632
29125	0.640
29175	0.608
29225	0.580
29275	0.544
29325	0.528
29375	0.528
29425	0.508
29475	0.524
29525	0.524
29575	0.516
29625	0.468
29675	0.484
29725	0.468
29775	0.448
29825	0.416
29875	0.420
29925	0.420
29975	0.412
30025	0.436
30075	0.492
30125	0.520
30175	0.516
30225	0.560
30275	0.572
30325	0.548
30375	0.560
30425	0.544
30475	0.496
30525	0.504
30575	0.508
30625	0.488
30675	0.492
30725	0.512
30775	0.504
30825	0.504
30875	0.500
30925	0.532
30975	0.544
31025	0.540
31075	0.536
31125	0.548
31175	0.532
31225	0.512
31275	0.528
31325	0.536
31375	0.552
31425	0.560
31475	0.552
31525	0.544
31575	0.528
31625	0.516
31675	0.472
31725	0.472
31775	0.476
31825	0.480
31875	0.460
31925	0.484
31975	0.500
32025	0.484
32075	0.472
32125	0.496
32175	0.500
32225	0.520
32275	0.520
32325	0.504
32375	0.492
32425	0.512
32475	0.492
32525	0.528
32575	0.580
32625	0.600
32675	0.576
32725	0.564
32775	0.524
32825	0.496
32875	0.464
32925	0.460
32975	0.432
33025	0.444
33075	0.436
33125	0.412
33175	0.408
33225	0.448
33275	0.468
33325	0.460
33375	0.488
33425	0.492
33475	0.476
33525	0.484
33575	0.504
33625	0.512
33675	0.524
33725	0.520
33775	0.492
33825	0.480
33875	0.476
33925	0.472
33975	0.476
34025	0.480
34075	0.488
34125	0.492
34175	0.492
34225	0.488
34275	0.476
34325	0.456
34375	0.444
34425	0.440
34475	0.436
34525	0.436
34575	0.456
34625	0.464
34675	0.464
34725	0.480
34775	0.468
34825	0.440
34875	0.436
34925	0.424
34975	0.432
35025	0.456
35075	0.504
35125	0.524
35175	0.548
35225	0.552
35275	0.560
35325	0.552
35375	0.564
35425	0.532
35475	0.464
35525	0.436
35575	0.412
35625	0.400
35675	0.416
35725	0.472
35775	0.496
35825	0.492
35875	0.476
35925	0.496
35975	0.496
36025	0.496
36075	0.548
36125	0.556
36175	0.528
36225	0.540
36275	0.508
36325	0.468
36375	0.468
36425	0.480
36475	0.480
36525	0.524
36575	0.548
36625	0.568
36675	0.564
36725	0.564
36775	0.560
36825	0.548
36875	0.532
36925	0.552
36975	0.548
37025	0.544
37075	0.560
37125	0.552
37175	0.544
37225	0.552
37275	0.544
37325	0.548
37375	0.528
37425	0.552
37475	0.544
37525	0.536
37575	0.544
37625	0.568
37675	0.552
37725	0.560
37775	0.556
37825	0.540
37875	0.564
37925	0.552
37975	0.560
38025	0.584
38075	0.580
38125	0.564
38175	0.596
38225	0.600
38275	0.584
38325	0.584
38375	0.576
38425	0.540
38475	0.540
38525	0.548
38575	0.544
38625	0.544
38675	0.560
38725	0.552
38775	0.548
38825	0.584
38875	0.576
38925	0.588
38975	0.580
39025	0.616
39075	0.572
39125	0.588
39175	0.556
39225	0.576
39275	0.540
39325	0.560
39375	0.544
39425	0.564
39475	0.548
39525	0.556
39575	0.564
39625	0.580
39675	0.588
39725	0.588
39775	0.604
39825	0.588
39875	0.600
39925	0.576
39975	0.532
40025	0.460
40075	0.440
40125	0.416
40175	0.396
40225	0.400
40275	0.432
40325	0.404
40375	0.396
40425	0.408
40475	0.396
40525	0.404
40575	0.420
40625	0.428
40675	0.420
40725	0.416
40775	0.400
40825	0.452
40875	0.424
40925	0.444
40975	0.476
41025	0.508
41075	0.512
41125	0.552
41175	0.572
41225	0.608
41275	0.596
41325	0.576
41375	0.580
41425	0.576
41475	0.592
41525	0.616
41575	0.608
41625	0.600
41675	0.596
41725	0.520
41775	0.484
41825	0.476
41875	0.444
41925	0.444
41975	0.472
42025	0.516
42075	0.540
42125	0.604
42175	0.620
42225	0.624
42275	0.612
42325	0.612
42375	0.584
42425	0.596
42475	0.624
42525	0.604
42575	0.608
42625	0.632
42675	0.656
42725	0.660
42775	0.688
42825	0.712
42875	0.676
42925	0.636
42975	0.552
43025	0.540
43075	0.520
43125	0.516
43175	0.464
43225	0.528
43275	0.512
43325	0.500
43375	0.508
43425	0.544
43475	0.524
43525	0.524
43575	0.488
43625	0.472
43675	0.452
43725	0.472
43775	0.480
43825	0.496
43875	0.520
43925	0.548
43975	0.516
44025	0.476
44075	0.492
44125	0.468
44175	0.480
44225	0.520
44275	0.572
44325	0.568
44375	0.592
44425	0.568
44475	0.536
44525	0.532
44575	0.536
44625	0.508
44675	0.532
44725	0.536
44775	0.488
44825	0.480
44875	0.504
44925	0.492
44975	0.500
45025	0.552
45075	0.556
45125	0.560
45175	0.532
45225	0.536
45275	0.520
45325	0.512
45375	0.492
45425	0.488
45475	0.492
45525	0.496
45575	0.512
45625	0.520
45675	0.548
45725	0.560
45775	0.548
45825	0.536
45875	0.520
45925	0.500
45975	0.484
46025	0.480
46075	0.472
46125	0.488
46175	0.504
46225	0.504
46275	0.536
46325	0.504
46375	0.500
46425	0.488
46475	0.440
46525	0.396
46575	0.416
46625	0.432
46675	0.420
46725	0.420
46775	0.404
46825	0.384
46875	0.352
46925	0.388
46975	0.416
47025	0.440
47075	0.456
47125	0.472
47175	0.464
47225	0.472
47275	0.500
47325	0.532
47375	0.516
47425	0.484
47475	0.496
47525	0.496
47575	0.472
47625	0.500
47675	0.544
47725	0.544
47775	0.540
47825	0.564
47875	0.580
47925	0.568
47975	0.596
48025	0.592
48075	0.592
48125	0.604
48175	0.600
48225	0.564
48275	0.560
48325	0.556
48375	0.516
48425	0.492
48475	0.476
48525	0.444
48575	0.432
48625	0.440
48675	0.488
48725	0.512
48775	0.540
48825	0.548
48875	0.516
48925	0.448
48975	0.432
49025	0.440
49075	0.392
49125	0.372
49175	0.376
49225	0.368
49275	0.360
49325	0.392
49375	0.424
49425	0.448
49475	0.460
49525	0.468
49575	0.488
49625	0.508
49675	0.524
49725	0.552
49775	0.560
49825	0.564
49875	0.576
49925	0.596
49975	0.572
50025	0.564
50075	0.540
50125	0.504
50175	0.480
50225	0.476
50275	0.440
50325	0.444
50375	0.472
50425	0.468
50475	0.504
50525	0.524
50575	0.564
50625	0.568
50675	0.560
50725	0.516
50775	0.536
50825	0.516
50875	0.532
50925	0.552
50975	0.584
51025	0.596
51075	0.608
51125	0.600
51175	0.588
51225	0.592
51275	0.564
51325	0.564
51375	0.568
51425	0.564
51475	0.528
51525	0.552
51575	0.532
51625	0.544
51675	0.536
51725	0.560
51775	0.532
51825	0.536
51875	0.512
51925	0.528
51975	0.524
52025	0.536
52075	0.544
52125	0.528
52175	0.532
52225	0.544
52275	0.552
52325	0.528
52375	0.536
52425	0.552
52475	0.536
52525	0.504
52575	0.528
52625	0.532
52675	0.512
52725	0.488
52775	0.524
52825	0.508
52875	0.500
52925	0.504
52975	0.548
53025	0.528
53075	0.520
53125	0.536
53175	0.532
53225	0.536
53275	0.532
53325	0.544
53375	0.508
53425	0.484
53475	0.444
53525	0.472
53575	0.444
53625	0.428
53675	0.432
53725	0.452
53775	0.436
53825	0.452
53875	0.504
53925	0.532
53975	0.540
54025	0.556
54075	0.564
54125	0.560
54175	0.576
54225	0.580
54275	0.568
54325	0.584
54375	0.612
54425	0.592
54475	0.620
54525	0.624
54575	0.568
54625	0.560
54675	0.584
54725	0.576
54775	0.620
54825	0.672
54875	0.660
54925	0.620
54975	0.576
55025	0.516
55075	0.512
55125	0.504
55175	0.524
55225	0.540
55275	0.552
55325	0.516
55375	0.480
55425	0.440
55475	0.412
55525	0.424
55575	0.456
55625	0.468
55675	0.504
55725	0.560
55775	0.560
55825	0.576
55875	0.616
55925	0.624
55975	0.592
56025	0.584
56075	0.540
56125	0.508
56175	0.484
56225	0.500
56275	0.516
56325	0.516
56375	0.536
56425	0.568
56475	0.548
56525	0.516
56575	0.544
56625	0.540
56675	0.512
56725	0.516
56775	0.520
56825	0.516
56875	0.504
56925	0.504
56975	0.488
57025	0.484
57075	0.476
57125	0.468
57175	0.476
57225	0.496
57275	0.504
57325	0.488
57375	0.468
57425	0.432
57475	0.420
57525	0.364
57575	0.360
57625	0.388
57675	0.400
57725	0.360
57775	0.412
57825	0.408
57875	0.432
57925	0.492
57975	0.544
58025	0.576
58075	0.608
58125	0.608
58175	0.596
58225	0.592
58275	0.548
58325	0.544
58375	0.508
58425	0.468
58475	0.472
58525	0.492
58575	0.484
58625	0.500
58675	0.524
58725	0.516
58775	0.520
58825	0.552
58875	0.544
58925	0.528
58975	0.544
59025	0.540
59075	0.504
59125	0.508
59175	0.528
59225	0.488
59275	0.476
59325	0.492
59375	0.508
59425	0.500
59475	0.524
59525	0.540
59575	0.540
59625	0.548
59675	0.524
59725	0.492
59775	0.428
59825	0.420
59875	0.404
59925	0.424
59975	0.444
60025	0.464
60075	0.480
60125	0.436
60175	0.432
60225	0.452
60275	0.472
60325	0.432
60375	0.492
60425	0.512
60475	0.532
60525	0.584
60575	0.612
60625	0.624
60675	0.624
60725	0.612
60775	0.596
60825	0.608
60875	0.596
60925	0.576
60975	0.584
61025	0.552
61075	0.560
61125	0.560
61175	0.580
61225	0.576
61275	0.608
61325	0.612
61375	0.612
61425	0.588
61475	0.572
61525	0.560
61575	0.564
61625	0.560
61675	0.544
61725	0.532
61775	0.548
61825	0.548
61875	0.504
61925	0.512
61975	0.512
62025	0.488
62075	0.476
62125	0.536
62175	0.552
62225	0.572
62275	0.568
62325	0.544
62375	0.516
62425	0.468
62475	0.456
62525	0.436
62575	0.448
62625	0.436
62675	0.460
62725	0.452
62775	0.480
62825	0.484
62875	0.524
62925	0.528
62975	0.524
63025	0.512
63075	0.504
63125	0.488
63175	0.500
63225	0.540
63275	0.532
63325	0.504
63375	0.476
63425	0.468
63475	0.472
63525	0.512
63575	0.540
63625	0.532
63675	0.552
63725	0.516
63775	0.516
63825	0.512
63875	0.540
63925	0.576
63975	0.608
64025	0.600
64075	0.604
64125	0.612
64175	0.576
64225	0.512
64275	0.480
64325	0.504
64375	0.484
64425	0.464
64475	0.464
64525	0.444
64575	0.380
64625	0.352
64675	0.328
64725	0.316
64775	0.328
64825	0.344
64875	0.328
64925	0.356
64975	0.384
65025	0.408
65075	0.432
65125	0.468
65175	0.472
65225	0.484
65275	0.464
65325	0.460
65375	0.456
65425	0.448
65475	0.428
65525	0.444
65575	0.440
65625	0.436
65675	0.448
65725	0.476
65775	0.484
65825	0.480
65875	0.480
65925	0.452
65975	0.464
66025	0.468
66075	0.492
66125	0.528
66175	0.544
66225	0.500
66275	0.484
66325	0.468
66375	0.464
66425	0.468
66475	0.500
66525	0.484
66575	0.512
66625	0.528
66675	0.544
66725	0.536
66775	0.552
66825	0.548
66875	0.516
66925	0.476
66975	0.508
67025	0.524
67075	0.532
67125	0.524
67175	0.588
67225	0.584
67275	0.596
67325	0.576
67375	0.604
67425	0.584
67475	0.600
67525	0.564
67575	0.552
67625	0.544
67675	0.536
67725	0.492
67775	0.516
67825	0.520
67875	0.524
67925	0.540
67975	0.568
68025	0.560
68075	0.544
68125	0.528
68175	0.520
68225	0.540
68275	0.540
68325	0.580
68375	0.580
68425	0.580
68475	0.552
68525	0.552
68575	0.488
68625	0.508
68675	0.524
68725	0.540
68775	0.580
68825	0.636
68875	0.648
68925	0.660
68975	0.624
69025	0.596
69075	0.608
69125	0.600
69175	0.588
69225	0.620
69275	0.632
69325	0.628
69375	0.636
69425	0.640
69475	0.644
69525	0.620
69575	0.636
69625	0.620
69675	0.616
69725	0.612
69775	0.624
69825	0.608
69875	0.608
69925	0.588
69975	0.588
70025	0.592
70075	0.592
70125	0.580
70175	0.604
70225	0.616
70275	0.620
70325	0.600
70375	0.604
70425	0.532
70475	0.504
70525	0.460
70575	0.456
70625	0.456
70675	0.492
70725	0.480
70775	0.480
70825	0.488
70875	0.480
70925	0.492
70975	0.484
71025	0.512
71075	0.484
71125	0.492
71175	0.492
71225	0.504
71275	0.508
71325	0.520
71375	0.524
71425	0.512
71475	0.524
71525	0.492
71575	0.512
71625	0.500
71675	0.488
71725	0.496
71775	0.520
71825	0.512
71875	0.512
71925	0.564
71975	0.572
72025	0.600
72075	0.584
72125	0.596
72175	0.544
72225	0.536
72275	0.512
72325	0.544
72375	0.556
72425	0.596
72475	0.572
72525	0.564
72575	0.532
72625	0.512
72675	0.484
72725	0.476
72775	0.444
72825	0.444
72875	0.444
72925	0.460
72975	0.480
73025	0.512
73075	0.524
73125	0.512
73175	0.548
73225	0.540
73275	0.556
73325	0.564
73375	0.584
73425	0.532
73475	0.524
73525	0.532
73575	0.524
73625	0.524
73675	0.532
73725	0.544
73775	0.536
73825	0.556
73875	0.548
73925	0.548
73975	0.544
74025	0.528
74075	0.536
74125	0.540
74175	0.536
74225	0.520
74275	0.512
74325	0.480
74375	0.444
74425	0.448
74475	0.476
74525	0.480
74575	0.500
74625	0.548
74675	0.564
74725	0.572
74775	0.592
74825	0.600
74875	0.564
74925	0.568
74975	0.552
75025	0.544
75075	0.536
75125	0.560
75175	0.560
75225	0.556
75275	0.568
75325	0.544
75375	0.536
75425	0.516
75475	0.536
75525	0.540
75575	0.576
75625	0.572
75675	0.568
75725	0.576
75775	0.560
75825	0.512
75875	0.496
75925	0.504
75975	0.484
76025	0.488
76075	0.536
76125	0.560
76175	0.548
76225	0.500
76275	0.516
76325	0.528
76375	0.540
76425	0.556
76475	0.592
76525	0.564
76575	0.528
76625	0.508
76675	0.508
76725	0.520
76775	0.536
76825	0.576
76875	0.612
76925	0.644
76975	0.652
77025	0.676
77075	0.672
77125	0.676
77175	0.668
77225	0.688
77275	0.696
77325	0.688
77375	0.676
77425	0.664
77475	0.636
77525	0.608
77575	0.596
77625	0.596
77675	0.588
77725	0.588
77775	0.584
77825	0.556
77875	0.536
77925	0.552
77975	0.544
78025	0.568
78075	0.584
78125	0.620
78175	0.608
78225	0.628
78275	0.564
78325	0.548
78375	0.496
78425	0.480
78475	0.496
78525	0.544
78575	0.576
78625	0.628
78675	0.648
78725	0.628
78775	0.628
78825	0.632
78875	0.616
78925	0.604
78975	0.616
79025	0.620
79075	0.600
79125	0.612
79175	0.616
79225	0.620
79275	0.616
79325	0.608
79375	0.580
79425	0.584
79475	0.568
79525	0.568
79575	0.604
79625	0.596
79675	0.596
79725	0.608
79775	0.596
79825	0.556
79875	0.560
79925	0.552
79975	0.552
80025	0.560
80075	0.596
80125	0.632
80175	0.620
80225	0.640
80275	0.648
80325	0.632
80375	0.604
80425	0.616
80475	0.580
80525	0.556
80575	0.556
80625	0.528
80675	0.508
80725	0.480
80775	0.428
80825	0.412
80875	0.380
80925	0.392
80975	0.388
81025	0.428
81075	0.428
81125	0.472
81175	0.488
81225	0.496
81275	0.476
81325	0.440
81375	0.448
81425	0.396
81475	0.380
81525	0.380
81575	0.404
81625	0.412
81675	0.440
81725	0.452
81775	0.476
81825	0.464
81875	0.452
81925	0.440
81975	0.460
82025	0.488
82075	0.520
82125	0.524
82175	0.524
82225	0.520
82275	0.492
82325	0.504
82375	0.504
82425	0.500
82475	0.512
82525	0.520
82575	0.508
82625	0.480
82675	0.452
82725	0.432
82775	0.460
82825	0.468
82875	0.492
82925	0.528
82975	0.568
83025	0.536
83075	0.536
83125	0.552
83175	0.580
83225	0.560
83275	0.552
83325	0.524
83375	0.500
83425	0.508
83475	0.508
83525	0.528
83575	0.552
83625	0.572
83675	0.572
83725	0.540
83775	0.556
83825	0.560
83875	0.564
83925	0.560
83975	0.572
84025	0.536
84075	0.500
84125	0.448
84175	0.432
84225	0.396
84275	0.396
84325	0.436
84375	0.468
84425	0.464
84475	0.496
84525	0.504
84575	0.428
84625	0.404
84675	0.420
84725	0.412
84775	0.372
84825	0.388
84875	0.388
84925	0.380
84975	0.440
85025	0.508
85075	0.592
85125	0.672
85175	0.700
85225	0.684
85275	0.640
85325	0.604
85375	0.580
85425	0.556
85475	0.548
85525	0.572
85575	0.576
85625	0.572
85675	0.592
85725	0.608
85775	0.636
85825	0.672
85875	0.648
85925	0.620
85975	0.612
86025	0.596
86075	0.532
86125	0.508
86175	0.480
86225	0.392
86275	0.320
86325	0.292
86375	0.308
86425	0.304
86475	0.356
86525	0.400
86575	0.428
86625	0.420
86675	0.456
86725	0.448
86775	0.428
86825	0.424
86875	0.436
86925	0.436
86975	0.440
87025	0.476
87075	0.512
87125	0.532
87175	0.524
87225	0.604
87275	0.588
87325	0.584
87375	0.556
87425	0.560
87475	0.492
87525	0.516
87575	0.496
87625	0.492
87675	0.476
87725	0.464
87775	0.444
87825	0.484
87875	0.540
87925	0.524
87975	0.536
88025	0.536
88075	0.516
88125	0.496
88175	0.528
88225	0.536
88275	0.564
88325	0.568
88375	0.544
88425	0.512
88475	0.504
88525	0.512
88575	0.496
88625	0.488
88675	0.516
88725	0.536
88775	0.520
88825	0.524
88875	0.572
88925	0.616
88975	0.628
89025	0.652
89075	0.644
89125	0.636
89175	0.580
89225	0.568
89275	0.528
89325	0.552
89375	0.548
89425	0.588
89475	0.600
89525	0.616
89575	0.616
89625	0.616
89675	0.584
89725	0.580
89775	0.584
89825	0.576
89875	0.556
89925	0.564
89975	0.552
90025	0.556
90075	0.560
90125	0.572
90175	0.588
90225	0.596
90275	0.592
90325	0.596
90375	0.612
90425	0.624
90475	0.624
90525	0.620
90575	0.608
90625	0.584
90675	0.560
90725	0.520
90775	0.484
90825	0.436
90875	0.400
90925	0.372
90975	0.364
91025	0.356
91075	0.372
91125	0.388
91175	0.424
91225	0.456
91275	0.504
91325	0.560
91375	0.596
91425	0.580
91475	0.584
91525	0.600
91575	0.572
91625	0.540
91675	0.504
91725	0.508
91775	0.492
91825	0.472
91875	0.480
91925	0.524
91975	0.520
92025	0.532
92075	0.572
92125	0.584
92175	0.600
92225	0.620
92275	0.612
92325	0.600
92375	0.596
92425	0.584
92475	0.568
92525	0.560
92575	0.560
92625	0.584
92675	0.600
92725	0.612
92775	0.628
92825	0.644
92875	0.628
92925	0.596
92975	0.560
93025	0.496
93075	0.448
93125	0.420
93175	0.416
93225	0.420
93275	0.464
93325	0.504
93375	0.536
93425	0.548
93475	0.556
93525	0.536
93575	0.528
93625	0.520
93675	0.528
93725	0.548
93775	0.576
93825	0.604
93875	0.624
93925	0.596
93975	0.568
94025	0.560
94075	0.524
94125	0.504
94175	0.528
94225	0.532
94275	0.528
94325	0.532
94375	0.528
94425	0.512
94475	0.500
94525	0.512
94575	0.488
94625	0.476
94675	0.476
94725	0.480
94775	0.440
94825	0.432
94875	0.436
94925	0.444
94975	0.468
95025	0.468
95075	0.508
95125	0.488
95175	0.508
95225	0.488
95275	0.512
95325	0.492
95375	0.504
95425	0.468
95475	0.488
95525	0.480
95575	0.492
95625	0.536
95675	0.584
95725	0.580
95775	0.596
95825	0.596
95875	0.536
95925	0.464
95975	0.456
96025	0.428
96075	0.384
96125	0.380
96175	0.448
96225	0.460
96275	0.492
96325	0.560
96375	0.628
96425	0.640
96475	0.672
96525	0.688
96575	0.708
96625	0.728
96675	0.716
96725	0.704
96775	0.708
96825	0.684
96875	0.648
96925	0.652
96975	0.628
97025	0.592
97075	0.564
97125	0.544
97175	0.540
97225	0.544
97275	0.544
97325	0.520
97375	0.540
97425	0.540
97475	0.532
97525	0.544
97575	0.580
97625	0.568
97675	0.520
97725	0.512
97775	0.492
97825	0.456
97875	0.464
97925	0.504
97975	0.464
98025	0.460
98075	0.476
98125	0.460
98175	0.452
98225	0.480
98275	0.488
98325	0.476
98375	0.460
98425	0.412
98475	0.416
98525	0.444
98575	0.444
98625	0.440
98675	0.488
98725	0.496
98775	0.476
98825	0.500
98875	0.536
98925	0.504
98975	0.524
99025	0.508
99075	0.464
99125	0.452
99175	0.488
99225	0.488
99275	0.500
99325	0.552
99375	0.536
99425	0.504
99475	0.504
99525	0.492
99575	0.488
99625	0.492
99675	0.520
99725	0.516
99775	0.528
99825	0.516
99875	0.532
99925	0.516
99975	0.516
100025	0.528
100075	0.548
100125	0.528
100175	0.544
100225	0.524
100275	0.508
100325	0.440
100375	0.420
100425	0.360
100475	0.376
100525	0.364
100575	0.404
100625	0.436
100675	0.476
100725	0.460
100775	0.484
100825	0.476
100875	0.468
100925	0.464
100975	0.480
101025	0.460
101075	0.484
101125	0.504
101175	0.504
101225	0.500
101275	0.492
101325	0.492
101375	0.464
101425	0.452
101475	0.448
101525	0.492
101575	0.468
101625	0.468
101675	0.512
101725	0.504
101775	0.472
101825	0.492
101875	0.500
101925	0.480
101975	0.464
102025	0.484
102075	0.484
102125	0.480
102175	0.484
102225	0.508
102275	0.488
102325	0.464
102375	0.472
102425	0.468
102475	0.460
102525	0.484
102575	0.516
102625	0.496
102675	0.468
102725	0.484
102775	0.484
102825	0.472
102875	0.512
102925	0.512
102975	0.500
103025	0.476
103075	0.520
103125	0.468
103175	0.492
103225	0.488
103275	0.488
103325	0.404
103375	0.428
103425	0.424
103475	0.420
103525	0.440
103575	0.472
103625	0.484
103675	0.516
103725	0.552
103775	0.556
103825	0.588
103875	0.576
103925	0.560
103975	0.536
104025	0.532
104075	0.492
104125	0.500
104175	0.504
104225	0.468
104275	0.416
104325	0.408
104375	0.416
104425	0.404
104475	0.420
104525	0.436
104575	0.464
104625	0.436
104675	0.440
104725	0.480
104775	0.492
104825	0.484
104875	0.500
104925	0.468
104975	0.436
105025	0.452
105075	0.468
105125	0.468
105175	0.508
105225	0.504
105275	0.448
105325	0.404
105375	0.404
105425	0.388
105475	0.416
105525	0.448
105575	0.492
105625	0.480
105675	0.500
105725	0.500
105775	0.516
105825	0.500
105875	0.536
105925	0.512
105975	0.504
106025	0.508
106075	0.520
106125	0.492
106175	0.488
106225	0.480
106275	0.476
106325	0.472
106375	0.468
106425	0.468
106475	0.476
106525	0.476
106575	0.496
106625	0.516
106675	0.516
106725	0.552
106775	0.536
106825	0.512
106875	0.496
106925	0.496
106975	0.440
107025	0.476
107075	0.484
107125	0.504
107175	0.532
107225	0.544
107275	0.500
107325	0.476
107375	0.480
107425	0.484
107475	0.464
107525	0.512
107575	0.548
107625	0.528
107675	0.524
107725	0.564
107775	0.572
107825	0.564
107875	0.576
107925	0.564
107975	0.536
108025	0.500
108075	0.500
108125	0.508
108175	0.500
108225	0.528
108275	0.528
108325	0.504
108375	0.476
108425	0.476
108475	0.464
108525	0.476
108575	0.484
108625	0.508
108675	0.504
108725	0.488
108775	0.464
108825	0.456
108875	0.432
108925	0.456
108975	0.464
109025	0.456
109075	0.472
109125	0.492
109175	0.476
109225	0.492
109275	0.532
109325	0.524
109375	0.520
109425	0.500
109475	0.508
109525	0.520
109575	0.516
109625	0.520
109675	0.540
109725	0.512
109775	0.468
109825	0.488
109875	0.456
109925	0.456
109975	0.480
110025	0.500
110075	0.496
110125	0.528
110175	0.548
110225	0.556
110275	0.560
110325	0.552
110375	0.572
110425	0.540
110475	0.484
110525	0.472
110575	0.488
110625	0.440
110675	0.424
110725	0.432
110775	0.424
110825	0.384
110875	0.396
110925	0.428
110975	0.456
111025	0.464
111075	0.488
111125	0.496
111175	0.488
111225	0.508
111275	0.516
111325	0.524
111375	0.540
111425	0.540
111475	0.520
111525	0.520
111575	0.492
111625	0.464
111675	0.480
111725	0.464
111775	0.448
111825	0.476
111875	0.508
111925	0.488
111975	0.516
112025	0.552
112075	0.564
112125	0.568
112175	0.580
112225	0.564
112275	0.564
112325	0.552
112375	0.528
112425	0.520
112475	0.508
112525	0.504
112575	0.492
112625	0.496
112675	0.488
112725	0.496
112775	0.444
112825	0.448
112875	0.412
112925	0.400
112975	0.376
113025	0.424
113075	0.428
113125	0.464
113175	0.484
113225	0.464
113275	0.448
113325	0.412
113375	0.376
113425	0.356
113475	0.376
113525	0.360
113575	0.372
113625	0.388
113675	0.404
113725	0.420
113775	0.416
113825	0.444
113875	0.468
113925	0.460
113975	0.480
114025	0.528
114075	0.532
114125	0.528
114175	0.544
114225	0.548
114275	0.528
114325	0.496
114375	0.480
114425	0.480
114475	0.460
114525	0.428
114575	0.436
114625	0.452
114675	0.436
114725	0.440
114775	0.460
114825	0.460
114875	0.440
114925	0.448
114975	0.444
115025	0.428
115075	0.428
115125	0.428
115175	0.428
115225	0.428
115275	0.464
115325	0.484
115375	0.472
115425	0.468
115475	0.456
115525	0.416
115575	0.372
115625	0.392
115675	0.384
115725	0.384
115775	0.392
115825	0.408
115875	0.392
115925	0.396
115975	0.424
116025	0.432
116075	0.444
116125	0.456
116175	0.468
116225	0.476
116275	0.500
116325	0.500
116375	0.496
116425	0.516
116475	0.480
116525	0.472
116575	0.480
116625	0.492
116675	0.456
116725	0.472
116775	0.452
116825	0.460
116875	0.436
116925	0.436
116975	0.420
117025	0.420
117075	0.388
117125	0.408
117175	0.440
117225	0.456
117275	0.480
117325	0.500
117375	0.492
117425	0.488
117475	0.484
117525	0.468
117575	0.456
117625	0.468
117675	0.456
117725	0.460
117775	0.464
117825	0.472
117875	0.456
117925	0.484
117975	0.488
118025	0.488
118075	0.476
118125	0.488
118175	0.488
118225	0.476
118275	0.488
118325	0.492
118375	0.492
118425	0.480
118475	0.492
118525	0.500
118575	0.524
118625	0.524
118675	0.512
118725	0.512
118775	0.500
118825	0.480
118875	0.480
118925	0.460
118975	0.436
119025	0.404
119075	0.400
119125	0.400
119175	0.404
119225	0.400
119275	0.420
119325	0.436
119375	0.448
119425	0.452
119475	0.456
119525	0.472
119575	0.480
119625	0.468
119675	0.484
119725	0.520
119775	0.520
119825	0.544
119875	0.560
119925	0.564
119975	0.596
120025	0.600
120075	0.552
120125	0.516
120175	0.504
120225	0.440
120275	0.412
120325	0.448
120375	0.468
120425	0.464
120475	0.504
120525	0.524
120575	0.532
120625	0.544
120675	0.552
120725	0.532
120775	0.544
120825	0.528
120875	0.548
120925	0.540
120975	0.532
121025	0.496
121075	0.480
121125	0.444
121175	0.472
121225	0.520
121275	0.528
121325	0.532
121375	0.564
121425	0.540
121475	0.508
121525	0.524
121575	0.544
121625	0.524
121675	0.540
121725	0.556
121775	0.568
121825	0.568
121875	0.588
121925	0.592
121975	0.576
122025	0.568
122075	0.544
122125	0.536
122175	0.484
122225	0.472
122275	0.452
122325	0.456
122375	0.400
122425	0.412
122475	0.384
122525	0.356
122575	0.344
122625	0.352
122675	0.352
122725	0.388
122775	0.424
122825	0.448
122875	0.532
122925	0.592
122975	0.584
123025	0.604
123075	0.640
123125	0.636
123175	0.628
123225	0.656
123275	0.676
123325	0.676
123375	0.676
123425	0.668
123475	0.660
123525	0.644
123575	0.608
123625	0.580
123675	0.556
123725	0.568
123775	0.584
123825	0.620
123875	0.644
123925	0.676
123975	0.672
124025	0.636
124075	0.588
124125	0.520
124175	0.484
124225	0.472
124275	0.464
124325	0.448
124375	0.468
124425	0.456
124475	0.452
124525	0.456
124575	0.444
124625	0.400
124675	0.420
124725	0.416
124775	0.380
124825	0.420
124875	0.484
124925	0.504
124975	0.484
125025	0.528
125075	0.532
125125	0.524
125175	0.524
125225	0.560
125275	0.552
125325	0.564
125375	0.584
125425	0.592
125475	0.576
125525	0.612
125575	0.596
125625	0.560
125675	0.508
125725	0.480
125775	0.448
125825	0.428
125875	0.416
125925	0.460
125975	0.496
126025	0.496
126075	0.512
126125	0.528
126175	0.480
126225	0.436
126275	0.400
126325	0.384
126375	0.368
126425	0.400
126475	0.432
126525	0.476
126575	0.496
126625	0.524
126675	0.532
126725	0.540
126775	0.532
126825	0.556
126875	0.556
126925	0.556
126975	0.540
127025	0.520
127075	0.484
127125	0.476
127175	0.464
127225	0.464
127275	0.508
127325	0.524
127375	0.508
127425	0.524
127475	0.536
127525	0.496
127575	0.472
127625	0.468
127675	0.424
127725	0.392
127775	0.396
127825	0.400
127875	0.368
127925	0.352
127975	0.364
128025	0.344
128075	0.320
128125	0.344
128175	0.396
128225	0.392
128275	0.412
128325	0.416
128375	0.424
128425	0.400
128475	0.396
128525	0.396
128575	0.412
128625	0.436
128675	0.468
128725	0.484
128775	0.456
128825	0.448
128875	0.456
128925	0.440
128975	0.440
129025	0.492
129075	0.492
129125	0.472
129175	0.476
129225	0.476
129275	0.456
129325	0.464
129375	0.480
129425	0.468
129475	0.472
129525	0.492
129575	0.488
129625	0.472
129675	0.452
129725	0.448
129775	0.428
129825	0.448
129875	0.432
129925	0.440
129975	0.456
130025	0.460
130075	0.448
130125	0.488
130175	0.476
130225	0.416
130275	0.412
130325	0.412
130375	0.404
130425	0.444
130475	0.496
130525	0.508
130575	0.492
130625	0.472
130675	0.448
130725	0.448
130775	0.412
130825	0.428
130875	0.432
130925	0.428
130975	0.404
131025	0.416
131075	0.416
131125	0.432
131175	0.456
131225	0.492
131275	0.516
131325	0.528
131375	0.524
131425	0.532
131475	0.520
131525	0.488
131575	0.484
131625	0.484
131675	0.448
131725	0.444
131775	0.476
131825	0.472
131875	0.500
131925	0.548
131975	0.548
132025	0.524
132075	0.524
132125	0.484
132175	0.468
132225	0.456
132275	0.476
132325	0.500
132375	0.508
132425	0.476
132475	0.492
132525	0.496
132575	0.492
132625	0.500
132675	0.532
132725	0.520
132775	0.504
132825	0.492
132875	0.476
132925	0.456
132975	0.468
133025	0.484
133075	0.476
133125	0.480
133175	0.488
133225	0.512
133275	0.484
133325	0.480
133375	0.500
133425	0.484
133475	0.472
133525	0.500
133575	0.512
133625	0.500
133675	0.524
133725	0.520
133775	0.548
133825	0.556
133875	0.556
133925	0.572
133975	0.572
134025	0.536
134075	0.524
134125	0.544
134175	0.536
134225	0.540
134275	0.564
134325	0.568
134375	0.524
134425	0.504
134475	0.452
134525	0.388
134575	0.356
134625	0.392
134675	0.400
134725	0.444
134775	0.492
134825	0.524
134875	0.520
134925	0.520
134975	0.516
135025	0.504
135075	0.524
135125	0.524
135175	0.540
135225	0.556
135275	0.556
135325	0.516
135375	0.504
135425	0.488
135475	0.464
135525	0.440
135575	0.444
135625	0.464
135675	0.480
135725	0.512
135775	0.564
135825	0.576
135875	0.556
135925	0.544
135975	0.536
136025	0.548
136075	0.552
136125	0.564
136175	0.592
136225	0.600
136275	0.596
136325	0.596
136375	0.584
136425	0.560
136475	0.532
136525	0.484
136575	0.468
136625	0.460
136675	0.444
136725	0.452
136775	0.476
136825	0.472
136875	0.504
136925	0.484
136975	0.484
137025	0.472
137075	0.464
137125	0.448
137175	0.472
137225	0.480
137275	0.468
137325	0.460
137375	0.452
137425	0.464
137475	0.440
137525	0.432
137575	0.480
137625	0.484
137675	0.472
137725	0.484
137775	0.520
137825	0.524
137875	0.536
137925	0.552
137975	0.560
138025	0.548
138075	0.524
138125	0.524
138175	0.488
138225	0.424
138275	0.416
138325	0.392
138375	0.352
138425	0.340
138475	0.376
138525	0.376
138575	0.384
138625	0.388
138675	0.392
138725	0.380
138775	0.376
138825	0.396
138875	0.408
138925	0.428
138975	0.460
139025	0.468
139075	0.444
139125	0.444
139175	0.444
139225	0.464
139275	0.500
139325	0.492
139375	0.468
139425	0.452
139475	0.428
139525	0.388
139575	0.424
139625	0.428
139675	0.436
139725	0.424
139775	0.416
139825	0.400
139875	0.396
139925	0.388
139975	0.400
140025	0.400
140075	0.400
140125	0.440
140175	0.492
140225	0.492
140275	0.528
140325	0.564
140375	0.568
140425	0.556
140475	0.584
140525	0.552
140575	0.516
140625	0.496
140675	0.476
140725	0.436
140775	0.460
140825	0.448
140875	0.432
140925	0.452
140975	0.444
141025	0.456
141075	0.492
141125	0.532
141175	0.496
141225	0.520
141275	0.500
141325	0.496
141375	0.496
141425	0.532
141475	0.532
141525	0.532
141575	0.540
141625	0.540
141675	0.528
141725	0.532
141775	0.556
141825	0.552
141875	0.536
141925	0.552
141975	0.568
142025	0.548
142075	0.504
142125	0.492
142175	0.492
142225	0.476
142275	0.448
142325	0.468
142375	0.492
142425	0.452
142475	0.436
142525	0.448
142575	0.432
142625	0.436
142675	0.468
142725	0.460
142775	0.480
142825	0.512
142875	0.512
142925	0.512
142975	0.528
143025	0.532
143075	0.524
143125	0.500
143175	0.468
143225	0.464
143275	0.444
143325	0.420
143375	0.472
143425	0.528
143475	0.536
143525	0.568
143575	0.616
143625	0.584
143675	0.580
143725	0.592
143775	0.564
143825	0.512
143875	0.496
143925	0.448
143975	0.404
144025	0.420
144075	0.476
144125	0.496
144175	0.540
144225	0.592
144275	0.604
144325	0.600
144375	0.604
144425	0.608
144475	0.624
144525	0.588
144575	0.572
144625	0.564
144675	0.528
144725	0.496
144775	0.516
144825	0.512
144875	0.496
144925	0.504
144975	0.504
145025	0.532
145075	0.532
145125	0.516
145175	0.500
145225	0.492
145275	0.480
145325	0.476
145375	0.476
145425	0.488
145475	0.520
145525	0.480
145575	0.504
145625	0.528
145675	0.544
145725	0.524
145775	0.520
145825	0.496
145875	0.488
145925	0.464
145975	0.464
146025	0.480
146075	0.476
146125	0.504
146175	0.504
146225	0.516
146275	0.524
146325	0.536
146375	0.508
146425	0.544
146475	0.508
146525	0.460
146575	0.452
146625	0.472
146675	0.428
146725	0.436
146775	0.492
146825	0.480
146875	0.468
146925	0.492
146975	0.496
147025	0.472
147075	0.496
147125	0.516
147175	0.504
147225	0.528
147275	0.552
147325	0.544
147375	0.540
147425	0.564
147475	0.540
147525	0.544
147575	0.548
147625	0.520
147675	0.496
147725	0.500
147775	0.476
147825	0.480
147875	0.492
147925	0.476
147975	0.464
148025	0.452
148075	0.432
148125	0.396
148175	0.420
148225	0.408
148275	0.416
148325	0.404
148375	0.440
148425	0.440
148475	0.472
148525	0.496
148575	0.516
148625	0.500
148675	0.488
148725	0.468
148775	0.480
148825	0.496
148875	0.536
148925	0.548
148975	0.572
149025	0.532
149075	0.512
149125	0.500
149175	0.492
149225	0.464
149275	0.460
149325	0.476
149375	0.452
149425	0.448
149475	0.456
149525	0.484
149575	0.496
149625	0.516
149675	0.532
149725	0.556
149775	0.536
149825	0.520
149875	0.500
149925	0.508
149975	0.480
150025	0.508
150075	0.484
150125	0.488
150175	0.456
150225	0.492
150275	0.456
150325	0.468
150375	0.468
150425	0.468
150475	0.432
150525	0.464
150575	0.444
150625	0.452
150675	0.468
150725	0.480
150775	0.464
150825	0.508
150875	0.504
150925	0.524
150975	0.536
151025	0.524
151075	0.508
151125	0.512
151175	0.476
151225	0.468
151275	0.476
151325	0.472
151375	0.464
151425	0.464
151475	0.448
151525	0.424
151575	0.400
151625	0.404
151675	0.408
151725	0.400
151775	0.424
151825	0.476
151875	0.460
151925	0.456
151975	0.440
152025	0.432
152075	0.384
152125	0.408
152175	0.424
152225	0.452
152275	0.440
152325	0.468
152375	0.456
152425	0.456
152475	0.452
152525	0.476
152575	0.464
152625	0.468
152675	0.456
152725	0.460
152775	0.452
152825	0.468
152875	0.460
152925	0.464
152975	0.468
153025	0.472
153075	0.468
153125	0.480
153175	0.504
153225	0.492
153275	0.488
153325	0.476
153375	0.500
153425	0.472
153475	0.504
153525	0.528
153575	0.532
153625	0.500
153675	0.512
153725	0.484
153775	0.448
153825	0.436
153875	0.444
153925	0.432
153975	0.460
154025	0.476
154075	0.504
154125	0.484
154175	0.484
154225	0.476
154275	0.480
154325	0.472
154375	0.488
154425	0.504
154475	0.472
154525	0.500
154575	0.480
154625	0.440
154675	0.448
154725	0.476
154775	0.452
154825	0.444
154875	0.484
154925	0.480
154975	0.452
155025	0.432
155075	0.432
155125	0.416
155175	0.400
155225	0.424
155275	0.420
155325	0.424
155375	0.412
155425	0.436
155475	0.424
155525	0.432
155575	0.432
155625	0.436
155675	0.420
155725	0.428
155775	0.440
155825	0.460
155875	0.488
155925	0.484
155975	0.492
156025	0.524
156075	0.504
156125	0.484
156175	0.480
156225	0.476
156275	0.420
156325	0.412
156375	0.408
156425	0.384
156475	0.352
156525	0.364
156575	0.388
156625	0.384
156675	0.416
156725	0.440
156775	0.464
156825	0.472
156875	0.496
156925	0.488
156975	0.488
157025	0.472
157075	0.472
157125	0.488
157175	0.488
157225	0.496
157275	0.504
157325	0.468
157375	0.444
157425	0.456
157475	0.452
157525	0.428
157575	0.444
157625	0.456
157675	0.420
157725	0.412
157775	0.428
157825	0.432
157875	0.432
157925	0.464
157975	0.476
158025	0.488
158075	0.512
158125	0.496
158175	0.476
158225	0.444
158275	0.456
158325	0.444
158375	0.448
158425	0.448
158475	0.484
158525	0.468
158575	0.420
158625	0.420
158675	0.436
158725	0.404
158775	0.404
158825	0.452
158875	0.464
158925	0.436
158975	0.452
159025	0.460
159075	0.456
159125	0.480
159175	0.508
159225	0.520
159275	0.496
159325	0.504
159375	0.460
159425	0.460
159475	0.432
159525	0.440
159575	0.400
159625	0.392
159675	0.388
159725	0.404
159775	0.372
159825	0.384
159875	0.424
159925	0.424
159975	0.400
160025	0.428
160075	0.420
160125	0.404
160175	0.400
160225	0.420
160275	0.424
160325	0.440
160375	0.424
160425	0.428
160475	0.432
160525	0.456
160575	0.464
160625	0.468
160675	0.456
160725	0.444
160775	0.404
160825	0.392
160875	0.376
160925	0.400
160975	0.440
161025	0.456
161075	0.468
161125	0.508
161175	0.504
161225	0.464
161275	0.460
161325	0.432
161375	0.392
161425	0.376
161475	0.372
161525	0.352
161575	0.344
161625	0.388
161675	0.380
161725	0.380
161775	0.400
161825	0.460
161875	0.460
161925	0.456
161975	0.496
162025	0.520
162075	0.504
162125	0.476
162175	0.492
162225	0.492
162275	0.452
162325	0.428
162375	0.448
162425	0.440
162475	0.392
162525	0.436
162575	0.472
162625	0.460
162675	0.488
162725	0.528
162775	0.488
162825	0.448
162875	0.448
162925	0.444
162975	0.448
163025	0.452
163075	0.452
163125	0.432
163175	0.396
163225	0.392
163275	0.392
163325	0.404
163375	0.396
163425	0.404
163475	0.368
163525	0.384
163575	0.380
163625	0.384
163675	0.392
163725	0.404
163775	0.420
163825	0.424
163875	0.440
163925	0.432
163975	0.440
164025	0.396
164075	0.380
164125	0.404
164175	0.412
164225	0.384
164275	0.404
164325	0.424
164375	0.380
164425	0.364
164475	0.392
164525	0.392
164575	0.396
164625	0.444
164675	0.448
164725	0.452
164775	0.444
164825	0.456
164875	0.464
164925	0.500
164975	0.508
165025	0.516
165075	0.508
165125	0.452
165175	0.412
165225	0.412
165275	0.416
165325	0.412
165375	0.424
165425	0.464
165475	0.464
165525	0.468
165575	0.484
165625	0.504
165675	0.492
165725	0.468
165775	0.468
165825	0.412
165875	0.404
165925	0.392
165975	0.384
166025	0.388
166075	0.440
166125	0.440
166175	0.464
166225	0.504
166275	0.516
166325	0.524
166375	0.532
166425	0.536
166475	0.532
166525	0.524
166575	0.520
166625	0.536
166675	0.532
166725	0.512
166775	0.476
166825	0.468
166875	0.460
166925	0.440
166975	0.448
167025	0.472
167075	0.488
167125	0.480
167175	0.492
167225	0.496
167275	0.524
167325	0.484
167375	0.484
167425	0.504
167475	0.492
167525	0.484
167575	0.496
167625	0.524
167675	0.492
167725	0.548
167775	0.544
167825	0.548
167875	0.544
167925	0.556
167975	0.520
168025	0.512
168075	0.520
168125	0.492
168175	0.504
168225	0.524
168275	0.520
168325	0.524
168375	0.520
168425	0.496
168475	0.448
168525	0.420
168575	0.412
168625	0.404
168675	0.388
168725	0.416
168775	0.424
168825	0.408
168875	0.432
168925	0.468
168975	0.480
169025	0.488
169075	0.512
169125	0.520
169175	0.504
169225	0.492
169275	0.512
169325	0.508
169375	0.476
169425	0.476
169475	0.452
169525	0.440
169575	0.420
169625	0.444
169675	0.456
169725	0.492
169775	0.488
169825	0.516
169875	0.504
169925	0.508
169975	0.484
170025	0.484
170075	0.476
170125	0.472
170175	0.460
170225	0.448
170275	0.432
170325	0.420
170375	0.416
170425	0.424
170475	0.424
170525	0.444
170575	0.448
170625	0.440
170675	0.444
170725	0.388
170775	0.312
170825	0.260
170875	0.240
170925	0.160
170975	0.148
171025	0.152
171075	0.128
171125	0.092
171175	0.084
171225	0.092
171275	0.088
171325	0.076
171375	0.080
171425	0.080
171475	0.072
171525	0.076
171575	0.092
171625	0.092
171675	0.092
171725	0.104
171775	0.092
171825	0.104
171875	0.080
171925	0.096
171975	0.092
172025	0.104
172075	0.092
172125	0.152
172175	0.164
172225	0.192
172275	0.232
172325	0.264
172375	0.236
172425	0.228
172475	0.208
172525	0.160
172575	0.120
172625	0.116
172675	0.100
172725	0.080
172775	0.092
172825	0.112
172875	0.108
172925	0.108
172975	0.120
173025	0.116
173075	0.104
173125	0.104
173175	0.104
173225	0.100
173275	0.116
173325	0.128
173375	0.108
173425	0.108
173475	0.156
173525	0.180
173575	0.224
173625	0.292
173675	0.348
