Position	Percent G+C 1 .. 102252
125	0.360
175	0.396
225	0.388
275	0.356
325	0.332
375	0.284
425	0.272
475	0.296
525	0.324
575	0.304
625	0.316
675	0.308
725	0.280
775	0.284
825	0.276
875	0.264
925	0.300
975	0.352
1025	0.320
1075	0.384
1125	0.404
1175	0.376
1225	0.316
1275	0.320
1325	0.240
1375	0.224
1425	0.204
1475	0.216
1525	0.216
1575	0.220
1625	0.240
1675	0.248
1725	0.248
1775	0.256
1825	0.268
1875	0.248
1925	0.236
1975	0.248
2025	0.228
2075	0.232
2125	0.240
2175	0.252
2225	0.244
2275	0.264
2325	0.288
2375	0.276
2425	0.244
2475	0.232
2525	0.248
2575	0.236
2625	0.236
2675	0.272
2725	0.320
2775	0.308
2825	0.292
2875	0.280
2925	0.284
2975	0.244
3025	0.256
3075	0.300
3125	0.320
3175	0.312
3225	0.304
3275	0.292
3325	0.276
3375	0.280
3425	0.276
3475	0.284
3525	0.268
3575	0.228
3625	0.224
3675	0.236
3725	0.248
3775	0.268
3825	0.256
3875	0.260
3925	0.244
3975	0.236
4025	0.224
4075	0.260
4125	0.248
4175	0.244
4225	0.228
4275	0.212
4325	0.224
4375	0.232
4425	0.252
4475	0.256
4525	0.260
4575	0.240
4625	0.220
4675	0.224
4725	0.252
4775	0.264
4825	0.268
4875	0.280
4925	0.276
4975	0.252
5025	0.232
5075	0.220
5125	0.228
5175	0.200
5225	0.200
5275	0.220
5325	0.220
5375	0.224
5425	0.252
5475	0.252
5525	0.248
5575	0.264
5625	0.288
5675	0.272
5725	0.272
5775	0.268
5825	0.276
5875	0.240
5925	0.248
5975	0.268
6025	0.276
6075	0.276
6125	0.304
6175	0.292
6225	0.296
6275	0.288
6325	0.264
6375	0.276
6425	0.276
6475	0.248
6525	0.256
6575	0.280
6625	0.264
6675	0.292
6725	0.312
6775	0.344
6825	0.352
6875	0.336
6925	0.356
6975	0.384
7025	0.364
7075	0.348
7125	0.356
7175	0.340
7225	0.292
7275	0.276
7325	0.280
7375	0.292
7425	0.320
7475	0.408
7525	0.432
7575	0.452
7625	0.476
7675	0.472
7725	0.452
7775	0.476
7825	0.488
7875	0.448
7925	0.420
7975	0.396
8025	0.372
8075	0.380
8125	0.416
8175	0.440
8225	0.428
8275	0.436
8325	0.408
8375	0.396
8425	0.384
8475	0.420
8525	0.444
8575	0.456
8625	0.460
8675	0.492
8725	0.472
8775	0.492
8825	0.504
8875	0.496
8925	0.500
8975	0.492
9025	0.448
9075	0.432
9125	0.448
9175	0.420
9225	0.440
9275	0.472
9325	0.492
9375	0.492
9425	0.520
9475	0.524
9525	0.524
9575	0.528
9625	0.544
9675	0.500
9725	0.468
9775	0.436
9825	0.392
9875	0.376
9925	0.372
9975	0.380
10025	0.404
10075	0.436
10125	0.460
10175	0.484
10225	0.496
10275	0.488
10325	0.480
10375	0.476
10425	0.484
10475	0.472
10525	0.492
10575	0.496
10625	0.484
10675	0.504
10725	0.524
10775	0.512
10825	0.520
10875	0.508
10925	0.484
10975	0.496
11025	0.496
11075	0.484
11125	0.492
11175	0.512
11225	0.516
11275	0.516
11325	0.500
11375	0.476
11425	0.440
11475	0.400
11525	0.424
11575	0.444
11625	0.472
11675	0.488
11725	0.488
11775	0.444
11825	0.456
11875	0.456
11925	0.460
11975	0.476
12025	0.520
12075	0.516
12125	0.532
12175	0.520
12225	0.520
12275	0.504
12325	0.516
12375	0.476
12425	0.500
12475	0.504
12525	0.484
12575	0.460
12625	0.476
12675	0.452
12725	0.468
12775	0.484
12825	0.516
12875	0.528
12925	0.548
12975	0.500
13025	0.488
13075	0.460
13125	0.444
13175	0.440
13225	0.464
13275	0.456
13325	0.472
13375	0.476
13425	0.448
13475	0.440
13525	0.436
13575	0.424
13625	0.424
13675	0.416
13725	0.424
13775	0.440
13825	0.420
13875	0.412
13925	0.444
13975	0.468
14025	0.476
14075	0.504
14125	0.512
14175	0.500
14225	0.484
14275	0.468
14325	0.440
14375	0.428
14425	0.412
14475	0.396
14525	0.396
14575	0.408
14625	0.400
14675	0.428
14725	0.420
14775	0.404
14825	0.424
14875	0.424
14925	0.396
14975	0.420
15025	0.476
15075	0.468
15125	0.496
15175	0.524
15225	0.512
15275	0.496
15325	0.496
15375	0.468
15425	0.440
15475	0.436
15525	0.432
15575	0.416
15625	0.420
15675	0.408
15725	0.408
15775	0.392
15825	0.416
15875	0.432
15925	0.476
15975	0.472
16025	0.480
16075	0.488
16125	0.524
16175	0.512
16225	0.528
16275	0.508
16325	0.516
16375	0.492
16425	0.488
16475	0.452
16525	0.464
16575	0.440
16625	0.404
16675	0.396
16725	0.424
16775	0.424
16825	0.404
16875	0.404
16925	0.432
16975	0.432
17025	0.396
17075	0.416
17125	0.440
17175	0.416
17225	0.452
17275	0.456
17325	0.420
17375	0.424
17425	0.416
17475	0.368
17525	0.364
17575	0.384
17625	0.384
17675	0.412
17725	0.420
17775	0.448
17825	0.452
17875	0.460
17925	0.436
17975	0.424
18025	0.404
18075	0.408
18125	0.392
18175	0.424
18225	0.472
18275	0.516
18325	0.512
18375	0.524
18425	0.512
18475	0.484
18525	0.476
18575	0.468
18625	0.440
18675	0.432
18725	0.436
18775	0.420
18825	0.404
18875	0.420
18925	0.420
18975	0.400
19025	0.392
19075	0.408
19125	0.396
19175	0.388
19225	0.376
19275	0.396
19325	0.408
19375	0.432
19425	0.428
19475	0.436
19525	0.452
19575	0.464
19625	0.440
19675	0.472
19725	0.508
19775	0.480
19825	0.476
19875	0.504
19925	0.492
19975	0.448
20025	0.452
20075	0.460
20125	0.448
20175	0.440
20225	0.476
20275	0.520
20325	0.512
20375	0.524
20425	0.508
20475	0.500
20525	0.456
20575	0.440
20625	0.432
20675	0.440
20725	0.428
20775	0.452
20825	0.456
20875	0.452
20925	0.500
20975	0.524
21025	0.520
21075	0.536
21125	0.532
21175	0.476
21225	0.464
21275	0.440
21325	0.412
21375	0.416
21425	0.432
21475	0.460
21525	0.476
21575	0.456
21625	0.468
21675	0.476
21725	0.472
21775	0.492
21825	0.552
21875	0.556
21925	0.536
21975	0.520
22025	0.488
22075	0.476
22125	0.444
22175	0.464
22225	0.452
22275	0.444
22325	0.456
22375	0.456
22425	0.436
22475	0.424
22525	0.424
22575	0.432
22625	0.468
22675	0.496
22725	0.516
22775	0.508
22825	0.484
22875	0.460
22925	0.444
22975	0.484
23025	0.512
23075	0.504
23125	0.496
23175	0.532
23225	0.488
23275	0.496
23325	0.484
23375	0.500
23425	0.464
23475	0.468
23525	0.468
23575	0.492
23625	0.492
23675	0.500
23725	0.508
23775	0.500
23825	0.508
23875	0.492
23925	0.496
23975	0.496
24025	0.516
24075	0.508
24125	0.524
24175	0.540
24225	0.536
24275	0.500
24325	0.500
24375	0.516
24425	0.488
24475	0.508
24525	0.520
24575	0.512
24625	0.488
24675	0.504
24725	0.496
24775	0.496
24825	0.508
24875	0.524
24925	0.520
24975	0.512
25025	0.472
25075	0.456
25125	0.420
25175	0.388
25225	0.368
25275	0.400
25325	0.376
25375	0.392
25425	0.412
25475	0.420
25525	0.408
25575	0.432
25625	0.432
25675	0.460
25725	0.484
25775	0.496
25825	0.488
25875	0.512
25925	0.468
25975	0.460
26025	0.472
26075	0.480
26125	0.464
26175	0.448
26225	0.416
26275	0.400
26325	0.404
26375	0.376
26425	0.356
26475	0.360
26525	0.364
26575	0.360
26625	0.404
26675	0.436
26725	0.424
26775	0.424
26825	0.424
26875	0.396
26925	0.424
26975	0.432
27025	0.416
27075	0.376
27125	0.360
27175	0.332
27225	0.344
27275	0.364
27325	0.388
27375	0.376
27425	0.392
27475	0.368
27525	0.372
27575	0.384
27625	0.408
27675	0.420
27725	0.456
27775	0.444
27825	0.424
27875	0.428
27925	0.420
27975	0.412
28025	0.408
28075	0.424
28125	0.428
28175	0.424
28225	0.432
28275	0.440
28325	0.408
28375	0.384
28425	0.400
28475	0.404
28525	0.408
28575	0.432
28625	0.440
28675	0.396
28725	0.408
28775	0.432
28825	0.460
28875	0.488
28925	0.552
28975	0.544
29025	0.564
29075	0.576
29125	0.592
29175	0.572
29225	0.588
29275	0.572
29325	0.584
29375	0.592
29425	0.596
29475	0.564
29525	0.536
29575	0.520
29625	0.484
29675	0.496
29725	0.496
29775	0.500
29825	0.472
29875	0.480
29925	0.436
29975	0.444
30025	0.432
30075	0.420
30125	0.400
30175	0.412
30225	0.404
30275	0.404
30325	0.412
30375	0.400
30425	0.384
30475	0.364
30525	0.380
30575	0.372
30625	0.372
30675	0.404
30725	0.416
30775	0.376
30825	0.380
30875	0.432
30925	0.416
30975	0.412
31025	0.460
31075	0.504
31125	0.476
31175	0.448
31225	0.448
31275	0.436
31325	0.404
31375	0.408
31425	0.460
31475	0.484
31525	0.488
31575	0.492
31625	0.480
31675	0.476
31725	0.480
31775	0.464
31825	0.480
31875	0.520
31925	0.524
31975	0.520
32025	0.516
32075	0.520
32125	0.504
32175	0.488
32225	0.484
32275	0.504
32325	0.460
32375	0.464
32425	0.452
32475	0.444
32525	0.440
32575	0.452
32625	0.416
32675	0.424
32725	0.408
32775	0.384
32825	0.364
32875	0.400
32925	0.416
32975	0.456
33025	0.496
33075	0.560
33125	0.560
33175	0.568
33225	0.564
33275	0.572
33325	0.560
33375	0.568
33425	0.552
33475	0.564
33525	0.548
33575	0.556
33625	0.548
33675	0.556
33725	0.520
33775	0.532
33825	0.528
33875	0.476
33925	0.424
33975	0.436
34025	0.396
34075	0.388
34125	0.432
34175	0.440
34225	0.432
34275	0.440
34325	0.432
34375	0.400
34425	0.440
34475	0.432
34525	0.472
34575	0.480
34625	0.460
34675	0.408
34725	0.416
34775	0.384
34825	0.340
34875	0.396
34925	0.436
34975	0.440
35025	0.420
35075	0.456
35125	0.456
35175	0.440
35225	0.440
35275	0.464
35325	0.468
35375	0.456
35425	0.500
35475	0.504
35525	0.488
35575	0.464
35625	0.480
35675	0.456
35725	0.428
35775	0.404
35825	0.408
35875	0.376
35925	0.364
35975	0.384
36025	0.408
36075	0.400
36125	0.408
36175	0.420
36225	0.452
36275	0.472
36325	0.500
36375	0.520
36425	0.528
36475	0.484
36525	0.480
36575	0.456
36625	0.452
36675	0.388
36725	0.384
36775	0.380
36825	0.388
36875	0.372
36925	0.444
36975	0.492
37025	0.452
37075	0.456
37125	0.460
37175	0.448
37225	0.408
37275	0.448
37325	0.432
37375	0.448
37425	0.444
37475	0.468
37525	0.460
37575	0.472
37625	0.468
37675	0.448
37725	0.432
37775	0.448
37825	0.424
37875	0.400
37925	0.396
37975	0.400
38025	0.344
38075	0.352
38125	0.360
38175	0.396
38225	0.404
38275	0.452
38325	0.492
38375	0.500
38425	0.516
38475	0.532
38525	0.556
38575	0.564
38625	0.588
38675	0.548
38725	0.532
38775	0.548
38825	0.524
38875	0.532
38925	0.556
38975	0.568
39025	0.544
39075	0.540
39125	0.524
39175	0.492
39225	0.452
39275	0.456
39325	0.488
39375	0.480
39425	0.496
39475	0.508
39525	0.488
39575	0.444
39625	0.432
39675	0.440
39725	0.460
39775	0.452
39825	0.480
39875	0.508
39925	0.508
39975	0.508
40025	0.540
40075	0.548
40125	0.520
40175	0.544
40225	0.544
40275	0.532
40325	0.508
40375	0.548
40425	0.512
40475	0.524
40525	0.524
40575	0.556
40625	0.532
40675	0.552
40725	0.532
40775	0.536
40825	0.508
40875	0.500
40925	0.492
40975	0.484
41025	0.472
41075	0.492
41125	0.488
41175	0.488
41225	0.488
41275	0.472
41325	0.452
41375	0.480
41425	0.480
41475	0.472
41525	0.476
41575	0.472
41625	0.480
41675	0.520
41725	0.544
41775	0.576
41825	0.560
41875	0.520
41925	0.472
41975	0.468
42025	0.468
42075	0.488
42125	0.500
42175	0.532
42225	0.556
42275	0.552
42325	0.576
42375	0.584
42425	0.568
42475	0.580
42525	0.572
42575	0.568
42625	0.572
42675	0.588
42725	0.568
42775	0.556
42825	0.516
42875	0.500
42925	0.460
42975	0.448
43025	0.440
43075	0.428
43125	0.444
43175	0.432
43225	0.388
43275	0.392
43325	0.404
43375	0.368
43425	0.368
43475	0.392
43525	0.396
43575	0.416
43625	0.440
43675	0.464
43725	0.468
43775	0.464
43825	0.480
43875	0.496
43925	0.492
43975	0.504
44025	0.524
44075	0.516
44125	0.520
44175	0.524
44225	0.548
44275	0.536
44325	0.552
44375	0.540
44425	0.560
44475	0.516
44525	0.504
44575	0.476
44625	0.460
44675	0.440
44725	0.452
44775	0.460
44825	0.472
44875	0.472
44925	0.468
44975	0.464
45025	0.476
45075	0.452
45125	0.452
45175	0.436
45225	0.432
45275	0.396
45325	0.432
45375	0.432
45425	0.420
45475	0.412
45525	0.412
45575	0.392
45625	0.400
45675	0.440
45725	0.468
45775	0.508
45825	0.508
45875	0.512
45925	0.500
45975	0.480
46025	0.476
46075	0.488
46125	0.492
46175	0.496
46225	0.492
46275	0.500
46325	0.500
46375	0.492
46425	0.492
46475	0.508
46525	0.496
46575	0.492
46625	0.484
46675	0.492
46725	0.504
46775	0.516
46825	0.532
46875	0.556
46925	0.556
46975	0.532
47025	0.508
47075	0.476
47125	0.472
47175	0.460
47225	0.448
47275	0.432
47325	0.420
47375	0.384
47425	0.408
47475	0.432
47525	0.460
47575	0.464
47625	0.476
47675	0.468
47725	0.476
47775	0.456
47825	0.480
47875	0.492
47925	0.476
47975	0.456
48025	0.468
48075	0.448
48125	0.436
48175	0.428
48225	0.460
48275	0.472
48325	0.464
48375	0.464
48425	0.460
48475	0.420
48525	0.408
48575	0.420
48625	0.424
48675	0.420
48725	0.460
48775	0.472
48825	0.492
48875	0.488
48925	0.504
48975	0.460
49025	0.464
49075	0.440
49125	0.472
49175	0.472
49225	0.512
49275	0.516
49325	0.524
49375	0.504
49425	0.512
49475	0.524
49525	0.528
49575	0.524
49625	0.528
49675	0.532
49725	0.488
49775	0.460
49825	0.488
49875	0.492
49925	0.468
49975	0.492
50025	0.504
50075	0.476
50125	0.468
50175	0.460
50225	0.408
50275	0.364
50325	0.348
50375	0.340
50425	0.340
50475	0.380
50525	0.392
50575	0.388
50625	0.364
50675	0.372
50725	0.380
50775	0.392
50825	0.416
50875	0.448
50925	0.468
50975	0.472
51025	0.488
51075	0.504
51125	0.492
51175	0.472
51225	0.464
51275	0.456
51325	0.456
51375	0.468
51425	0.480
51475	0.476
51525	0.472
51575	0.476
51625	0.456
51675	0.472
51725	0.484
51775	0.480
51825	0.468
51875	0.496
51925	0.476
51975	0.456
52025	0.456
52075	0.448
52125	0.432
52175	0.432
52225	0.444
52275	0.432
52325	0.436
52375	0.408
52425	0.392
52475	0.384
52525	0.396
52575	0.372
52625	0.380
52675	0.412
52725	0.436
52775	0.440
52825	0.444
52875	0.476
52925	0.452
52975	0.404
53025	0.444
53075	0.456
53125	0.392
53175	0.380
53225	0.400
53275	0.368
53325	0.360
53375	0.404
53425	0.412
53475	0.392
53525	0.356
53575	0.332
53625	0.292
53675	0.304
53725	0.304
53775	0.344
53825	0.352
53875	0.388
53925	0.364
53975	0.352
54025	0.296
54075	0.292
54125	0.256
54175	0.272
54225	0.300
54275	0.344
54325	0.368
54375	0.388
54425	0.364
54475	0.368
54525	0.364
54575	0.344
54625	0.324
54675	0.344
54725	0.300
54775	0.280
54825	0.340
54875	0.372
54925	0.356
54975	0.392
55025	0.420
55075	0.376
55125	0.392
55175	0.404
55225	0.416
55275	0.400
55325	0.396
55375	0.416
55425	0.432
55475	0.416
55525	0.436
55575	0.448
55625	0.424
55675	0.444
55725	0.452
55775	0.428
55825	0.392
55875	0.408
55925	0.396
55975	0.408
56025	0.416
56075	0.468
56125	0.460
56175	0.464
56225	0.472
56275	0.468
56325	0.464
56375	0.460
56425	0.448
56475	0.436
56525	0.456
56575	0.432
56625	0.432
56675	0.440
56725	0.460
56775	0.468
56825	0.480
56875	0.488
56925	0.480
56975	0.468
57025	0.460
57075	0.460
57125	0.416
57175	0.400
57225	0.392
57275	0.352
57325	0.316
57375	0.332
57425	0.300
57475	0.300
57525	0.344
57575	0.388
57625	0.416
57675	0.476
57725	0.504
57775	0.532
57825	0.536
57875	0.536
57925	0.548
57975	0.524
58025	0.476
58075	0.444
58125	0.464
58175	0.444
58225	0.448
58275	0.464
58325	0.496
58375	0.468
58425	0.460
58475	0.456
58525	0.472
58575	0.460
58625	0.480
58675	0.492
58725	0.488
58775	0.476
58825	0.500
58875	0.492
58925	0.472
58975	0.468
59025	0.440
59075	0.396
59125	0.396
59175	0.416
59225	0.400
59275	0.440
59325	0.496
59375	0.496
59425	0.464
59475	0.504
59525	0.468
59575	0.404
59625	0.352
59675	0.384
59725	0.348
59775	0.372
59825	0.400
59875	0.464
59925	0.476
59975	0.496
60025	0.500
60075	0.520
60125	0.496
60175	0.492
60225	0.500
60275	0.504
60325	0.524
60375	0.560
60425	0.560
60475	0.568
60525	0.568
60575	0.528
60625	0.484
60675	0.464
60725	0.468
60775	0.444
60825	0.428
60875	0.420
60925	0.424
60975	0.408
61025	0.420
61075	0.432
61125	0.428
61175	0.396
61225	0.384
61275	0.380
61325	0.384
61375	0.376
61425	0.388
61475	0.428
61525	0.400
61575	0.384
61625	0.380
61675	0.424
61725	0.368
61775	0.388
61825	0.424
61875	0.436
61925	0.416
61975	0.424
62025	0.412
62075	0.416
62125	0.432
62175	0.428
62225	0.416
62275	0.448
62325	0.420
62375	0.444
62425	0.444
62475	0.484
62525	0.460
62575	0.484
62625	0.484
62675	0.488
62725	0.476
62775	0.480
62825	0.464
62875	0.484
62925	0.472
62975	0.476
63025	0.480
63075	0.484
63125	0.440
63175	0.464
63225	0.480
63275	0.468
63325	0.468
63375	0.484
63425	0.460
63475	0.444
63525	0.476
63575	0.504
63625	0.500
63675	0.476
63725	0.456
63775	0.440
63825	0.392
63875	0.412
63925	0.432
63975	0.460
64025	0.436
64075	0.444
64125	0.404
64175	0.396
64225	0.368
64275	0.388
64325	0.388
64375	0.384
64425	0.408
64475	0.420
64525	0.464
64575	0.464
64625	0.468
64675	0.488
64725	0.488
64775	0.444
64825	0.436
64875	0.452
64925	0.436
64975	0.408
65025	0.412
65075	0.420
65125	0.412
65175	0.408
65225	0.428
65275	0.428
65325	0.424
65375	0.416
65425	0.400
65475	0.424
65525	0.428
65575	0.432
65625	0.412
65675	0.396
65725	0.384
65775	0.352
65825	0.372
65875	0.400
65925	0.436
65975	0.416
66025	0.452
66075	0.444
66125	0.452
66175	0.448
66225	0.468
66275	0.456
66325	0.436
66375	0.432
66425	0.448
66475	0.448
66525	0.452
66575	0.492
66625	0.476
66675	0.492
66725	0.516
66775	0.520
66825	0.496
66875	0.520
66925	0.512
66975	0.496
67025	0.512
67075	0.548
67125	0.560
67175	0.552
67225	0.564
67275	0.564
67325	0.520
67375	0.524
67425	0.532
67475	0.528
67525	0.520
67575	0.532
67625	0.516
67675	0.480
67725	0.464
67775	0.456
67825	0.456
67875	0.456
67925	0.464
67975	0.468
68025	0.456
68075	0.448
68125	0.444
68175	0.456
68225	0.436
68275	0.448
68325	0.448
68375	0.436
68425	0.424
68475	0.436
68525	0.416
68575	0.412
68625	0.396
68675	0.388
68725	0.380
68775	0.388
68825	0.388
68875	0.424
68925	0.444
68975	0.452
69025	0.480
69075	0.512
69125	0.512
69175	0.528
69225	0.524
69275	0.484
69325	0.460
69375	0.468
69425	0.432
69475	0.436
69525	0.456
69575	0.460
69625	0.420
69675	0.412
69725	0.416
69775	0.412
69825	0.384
69875	0.396
69925	0.432
69975	0.444
70025	0.464
70075	0.512
70125	0.528
70175	0.504
70225	0.508
70275	0.488
70325	0.460
70375	0.468
70425	0.472
70475	0.448
70525	0.440
70575	0.444
70625	0.444
70675	0.440
70725	0.476
70775	0.512
70825	0.508
70875	0.484
70925	0.500
70975	0.456
71025	0.460
71075	0.472
71125	0.472
71175	0.448
71225	0.452
71275	0.444
71325	0.464
71375	0.476
71425	0.472
71475	0.484
71525	0.484
71575	0.420
71625	0.388
71675	0.412
71725	0.384
71775	0.352
71825	0.372
71875	0.388
71925	0.372
71975	0.384
72025	0.420
72075	0.412
72125	0.408
72175	0.396
72225	0.408
72275	0.392
72325	0.436
72375	0.436
72425	0.452
72475	0.448
72525	0.440
72575	0.412
72625	0.400
72675	0.360
72725	0.368
72775	0.376
72825	0.392
72875	0.420
72925	0.456
72975	0.444
73025	0.408
73075	0.404
73125	0.396
73175	0.392
73225	0.416
73275	0.468
73325	0.468
73375	0.484
73425	0.484
73475	0.492
73525	0.480
73575	0.472
73625	0.492
73675	0.516
73725	0.524
73775	0.520
73825	0.544
73875	0.532
73925	0.504
73975	0.476
74025	0.456
74075	0.424
74125	0.400
74175	0.392
74225	0.384
74275	0.384
74325	0.376
74375	0.396
74425	0.432
74475	0.436
74525	0.436
74575	0.428
74625	0.416
74675	0.412
74725	0.404
74775	0.412
74825	0.448
74875	0.464
74925	0.476
74975	0.512
75025	0.516
75075	0.496
75125	0.488
75175	0.480
75225	0.444
75275	0.444
75325	0.444
75375	0.444
75425	0.444
75475	0.480
75525	0.480
75575	0.512
75625	0.516
75675	0.512
75725	0.504
75775	0.516
75825	0.508
75875	0.496
75925	0.452
75975	0.408
76025	0.392
76075	0.336
76125	0.340
76175	0.364
76225	0.364
76275	0.320
76325	0.304
76375	0.296
76425	0.288
76475	0.276
76525	0.288
76575	0.304
76625	0.292
76675	0.304
76725	0.296
76775	0.300
76825	0.312
76875	0.288
76925	0.256
76975	0.268
77025	0.292
77075	0.300
77125	0.312
77175	0.348
77225	0.372
77275	0.364
77325	0.360
77375	0.356
77425	0.360
77475	0.332
77525	0.312
77575	0.304
77625	0.332
77675	0.300
77725	0.308
77775	0.312
77825	0.304
77875	0.276
77925	0.304
77975	0.288
78025	0.296
78075	0.260
78125	0.268
78175	0.248
78225	0.248
78275	0.252
78325	0.312
78375	0.292
78425	0.284
78475	0.296
78525	0.276
78575	0.248
78625	0.244
78675	0.260
78725	0.264
78775	0.280
78825	0.320
78875	0.348
78925	0.336
78975	0.328
79025	0.320
79075	0.288
79125	0.308
79175	0.296
79225	0.296
79275	0.320
79325	0.340
79375	0.320
79425	0.348
79475	0.324
79525	0.312
79575	0.280
79625	0.248
79675	0.228
79725	0.276
79775	0.268
79825	0.284
79875	0.316
79925	0.348
79975	0.312
80025	0.344
80075	0.352
80125	0.364
80175	0.328
80225	0.344
80275	0.296
80325	0.252
80375	0.232
80425	0.280
80475	0.276
80525	0.304
80575	0.380
80625	0.388
80675	0.324
80725	0.300
80775	0.288
80825	0.236
80875	0.216
80925	0.216
80975	0.276
81025	0.252
81075	0.292
81125	0.300
81175	0.304
81225	0.284
81275	0.288
81325	0.272
81375	0.244
81425	0.236
81475	0.224
81525	0.284
81575	0.280
81625	0.336
81675	0.400
81725	0.420
81775	0.404
81825	0.400
81875	0.408
81925	0.384
81975	0.396
82025	0.380
82075	0.420
82125	0.384
82175	0.376
82225	0.348
82275	0.388
82325	0.352
82375	0.356
82425	0.392
82475	0.416
82525	0.372
82575	0.408
82625	0.420
82675	0.408
82725	0.412
82775	0.440
82825	0.400
82875	0.396
82925	0.388
82975	0.392
83025	0.376
83075	0.424
83125	0.456
83175	0.488
83225	0.500
83275	0.536
83325	0.524
83375	0.532
83425	0.508
83475	0.516
83525	0.520
83575	0.532
83625	0.504
83675	0.528
83725	0.524
83775	0.496
83825	0.516
83875	0.516
83925	0.492
83975	0.456
84025	0.436
84075	0.392
84125	0.424
84175	0.408
84225	0.400
84275	0.408
84325	0.420
84375	0.400
84425	0.408
84475	0.428
84525	0.448
84575	0.440
84625	0.400
84675	0.392
84725	0.380
84775	0.352
84825	0.328
84875	0.356
84925	0.384
84975	0.380
85025	0.376
85075	0.408
85125	0.404
85175	0.364
85225	0.368
85275	0.400
85325	0.412
85375	0.448
85425	0.488
85475	0.508
85525	0.524
85575	0.496
85625	0.488
85675	0.472
85725	0.468
85775	0.440
85825	0.468
85875	0.432
85925	0.420
85975	0.376
86025	0.360
86075	0.332
86125	0.308
86175	0.316
86225	0.356
86275	0.388
86325	0.416
86375	0.456
86425	0.480
86475	0.500
86525	0.476
86575	0.444
86625	0.484
86675	0.492
86725	0.472
86775	0.504
86825	0.528
86875	0.484
86925	0.460
86975	0.464
87025	0.460
87075	0.460
87125	0.448
87175	0.460
87225	0.440
87275	0.400
87325	0.372
87375	0.400
87425	0.396
87475	0.428
87525	0.456
87575	0.476
87625	0.472
87675	0.448
87725	0.468
87775	0.452
87825	0.460
87875	0.444
87925	0.448
87975	0.412
88025	0.440
88075	0.456
88125	0.496
88175	0.516
88225	0.548
88275	0.548
88325	0.532
88375	0.508
88425	0.496
88475	0.460
88525	0.452
88575	0.440
88625	0.452
88675	0.464
88725	0.476
88775	0.476
88825	0.456
88875	0.464
88925	0.472
88975	0.468
89025	0.472
89075	0.496
89125	0.484
89175	0.496
89225	0.500
89275	0.492
89325	0.516
89375	0.512
89425	0.504
89475	0.500
89525	0.496
89575	0.496
89625	0.492
89675	0.484
89725	0.492
89775	0.504
89825	0.484
89875	0.500
89925	0.520
89975	0.528
90025	0.544
90075	0.552
90125	0.508
90175	0.484
90225	0.456
90275	0.444
90325	0.432
90375	0.452
90425	0.444
90475	0.468
90525	0.464
90575	0.456
90625	0.456
90675	0.464
90725	0.432
90775	0.428
90825	0.464
90875	0.464
90925	0.480
90975	0.540
91025	0.544
91075	0.504
91125	0.540
91175	0.536
91225	0.532
91275	0.524
91325	0.504
91375	0.480
91425	0.480
91475	0.432
91525	0.432
91575	0.464
91625	0.476
91675	0.480
91725	0.508
91775	0.536
91825	0.548
91875	0.532
91925	0.520
91975	0.520
92025	0.492
92075	0.500
92125	0.484
92175	0.472
92225	0.464
92275	0.464
92325	0.416
92375	0.472
92425	0.496
92475	0.496
92525	0.488
92575	0.540
92625	0.504
92675	0.460
92725	0.444
92775	0.468
92825	0.440
92875	0.436
92925	0.492
92975	0.504
93025	0.460
93075	0.476
93125	0.504
93175	0.468
93225	0.468
93275	0.500
93325	0.508
93375	0.488
93425	0.508
93475	0.528
93525	0.548
93575	0.516
93625	0.516
93675	0.500
93725	0.468
93775	0.452
93825	0.464
93875	0.468
93925	0.460
93975	0.468
94025	0.456
94075	0.488
94125	0.468
94175	0.480
94225	0.484
94275	0.496
94325	0.464
94375	0.468
94425	0.444
94475	0.444
94525	0.432
94575	0.452
94625	0.468
94675	0.492
94725	0.492
94775	0.500
94825	0.504
94875	0.484
94925	0.476
94975	0.464
95025	0.452
95075	0.420
95125	0.412
95175	0.420
95225	0.452
95275	0.460
95325	0.460
95375	0.468
95425	0.472
95475	0.460
95525	0.464
95575	0.484
95625	0.512
95675	0.504
95725	0.520
95775	0.544
95825	0.520
95875	0.520
95925	0.544
95975	0.544
96025	0.496
96075	0.500
96125	0.480
96175	0.464
96225	0.452
96275	0.496
96325	0.512
96375	0.532
96425	0.532
96475	0.524
96525	0.516
96575	0.500
96625	0.476
96675	0.460
96725	0.452
96775	0.432
96825	0.432
96875	0.404
96925	0.360
96975	0.352
97025	0.352
97075	0.372
97125	0.424
97175	0.492
97225	0.492
97275	0.492
97325	0.496
97375	0.508
97425	0.480
97475	0.476
97525	0.448
97575	0.420
97625	0.368
97675	0.376
97725	0.400
97775	0.448
97825	0.456
97875	0.476
97925	0.484
97975	0.492
98025	0.476
98075	0.468
98125	0.456
98175	0.468
98225	0.448
98275	0.444
98325	0.456
98375	0.448
98425	0.436
98475	0.416
98525	0.408
98575	0.432
98625	0.448
98675	0.444
98725	0.452
98775	0.476
98825	0.468
98875	0.472
98925	0.472
98975	0.480
99025	0.476
99075	0.468
99125	0.476
99175	0.452
99225	0.456
99275	0.412
99325	0.412
99375	0.392
99425	0.416
99475	0.428
99525	0.480
99575	0.468
99625	0.496
99675	0.496
99725	0.492
99775	0.480
99825	0.508
99875	0.496
99925	0.508
99975	0.480
100025	0.448
100075	0.428
100125	0.412
100175	0.400
100225	0.428
100275	0.392
100325	0.372
100375	0.336
100425	0.284
100475	0.244
100525	0.236
100575	0.180
100625	0.148
100675	0.112
100725	0.068
100775	0.072
100825	0.052
100875	0.056
100925	0.068
100975	0.080
101025	0.100
101075	0.124
101125	0.116
101175	0.124
101225	0.116
101275	0.092
101325	0.096
101375	0.124
101425	0.104
101475	0.112
101525	0.104
101575	0.116
101625	0.092
101675	0.112
101725	0.120
101775	0.156
101825	0.128
101875	0.160
101925	0.160
101975	0.180
102025	0.156
102075	0.172
102125	0.148
